

================================================================
== Vitis HLS Report for 'apuint_to_axis'
================================================================
* Date:           Fri Jun 19 14:57:34 2026

* Version:        2022.2 (Build 3670227 on Oct 13 2022)
* Project:        ViT_Block
* Solution:       ViT_Block (Vivado IP Flow Target)
* Product family: zynquplus
* Target device:  xck26-sfvc784-2LV-c


================================================================
== Performance Estimates
================================================================
+ Timing: 
    * Summary: 
    +--------+----------+----------+------------+
    |  Clock |  Target  | Estimated| Uncertainty|
    +--------+----------+----------+------------+
    |ap_clk  |  10.00 ns|  1.838 ns|     2.70 ns|
    +--------+----------+----------+------------+

+ Latency: 
    * Summary: 
    +---------+---------+----------+----------+-----+-----+---------+
    |  Latency (cycles) |  Latency (absolute) |  Interval | Pipeline|
    |   min   |   max   |    min   |    max   | min | max |   Type  |
    +---------+---------+----------+----------+-----+-----+---------+
    |      275|      275|  2.750 us|  2.750 us|  275|  275|       no|
    +---------+---------+----------+----------+-----+-----+---------+

    + Detail: 
        * Instance: 
        N/A

        * Loop: 
        +-------------------+---------+---------+----------+-----------+-----------+------+----------+
        |                   |  Latency (cycles) | Iteration|  Initiation Interval  | Trip |          |
        |     Loop Name     |   min   |   max   |  Latency |  achieved |   target  | Count| Pipelined|
        +-------------------+---------+---------+----------+-----------+-----------+------+----------+
        |- VITIS_LOOP_82_1  |      273|      273|         3|          1|          1|   272|       yes|
        +-------------------+---------+---------+----------+-----------+-----------+------+----------+



================================================================
== Utilization Estimates
================================================================
* Summary: 
+-----------------+---------+------+--------+--------+-----+
|       Name      | BRAM_18K|  DSP |   FF   |   LUT  | URAM|
+-----------------+---------+------+--------+--------+-----+
|DSP              |        -|     -|       -|       -|    -|
|Expression       |        -|     -|       0|      46|    -|
|FIFO             |        -|     -|       -|       -|    -|
|Instance         |        -|     -|       -|       -|    -|
|Memory           |        -|     -|       -|       -|    -|
|Multiplexer      |        -|     -|       -|      54|    -|
|Register         |        -|     -|      15|       -|    -|
+-----------------+---------+------+--------+--------+-----+
|Total            |        0|     0|      15|     100|    0|
+-----------------+---------+------+--------+--------+-----+
|Available        |      288|  1248|  234240|  117120|   64|
+-----------------+---------+------+--------+--------+-----+
|Utilization (%)  |        0|     0|      ~0|      ~0|    0|
+-----------------+---------+------+--------+--------+-----+

+ Detail: 
    * Instance: 
    N/A

    * DSP: 
    N/A

    * Memory: 
    N/A

    * FIFO: 
    N/A

    * Expression: 
    +----------------------------------+----------+----+---+----+------------+------------+
    |           Variable Name          | Operation| DSP| FF| LUT| Bitwidth P0| Bitwidth P1|
    +----------------------------------+----------+----+---+----+------------+------------+
    |i_21_fu_99_p2                     |         +|   0|  0|  16|           9|           1|
    |ap_condition_114                  |       and|   0|  0|   2|           1|           1|
    |icmp_ln82_fu_93_p2                |      icmp|   0|  0|  11|           9|           9|
    |pkt_last_V_fu_105_p2              |      icmp|   0|  0|  11|           9|           9|
    |ap_block_pp0_stage0_01001         |        or|   0|  0|   2|           1|           1|
    |ap_block_state2_pp0_stage0_iter1  |        or|   0|  0|   2|           1|           1|
    |ap_enable_pp0                     |       xor|   0|  0|   2|           1|           2|
    +----------------------------------+----------+----+---+----+------------+------------+
    |Total                             |          |   0|  0|  46|          31|          24|
    +----------------------------------+----------+----+---+----+------------+------------+

    * Multiplexer: 
    +-------------------------+----+-----------+-----+-----------+
    |           Name          | LUT| Input Size| Bits| Total Bits|
    +-------------------------+----+-----------+-----+-----------+
    |ap_done_int              |   9|          2|    1|          2|
    |ap_enable_reg_pp0_iter1  |   9|          2|    1|          2|
    |ap_sig_allocacmp_i_20    |   9|          2|    9|         18|
    |i_fu_56                  |   9|          2|    9|         18|
    |out_r_TDATA_blk_n        |   9|          2|    1|          2|
    |output_stream2_blk_n     |   9|          2|    1|          2|
    +-------------------------+----+-----------+-----+-----------+
    |Total                    |  54|         12|   22|         44|
    +-------------------------+----+-----------+-----+-----------+

    * Register: 
    +----------------------------------+---+----+-----+-----------+
    |               Name               | FF| LUT| Bits| Const Bits|
    +----------------------------------+---+----+-----+-----------+
    |ap_CS_fsm                         |  1|   0|    1|          0|
    |ap_done_reg                       |  1|   0|    1|          0|
    |ap_enable_reg_pp0_iter1           |  1|   0|    1|          0|
    |ap_enable_reg_pp0_iter2           |  1|   0|    1|          0|
    |ap_loop_exit_ready_pp0_iter1_reg  |  1|   0|    1|          0|
    |i_fu_56                           |  9|   0|    9|          0|
    |pkt_last_V_reg_127                |  1|   0|    1|          0|
    +----------------------------------+---+----+-----+-----------+
    |Total                             | 15|   0|   15|          0|
    +----------------------------------+---+----+-----+-----------+



================================================================
== Interface
================================================================
* Summary: 
+-------------------------------+-----+-----+------------+----------------+--------------+
|           RTL Ports           | Dir | Bits|  Protocol  |  Source Object |    C Type    |
+-------------------------------+-----+-----+------------+----------------+--------------+
|ap_clk                         |   in|    1|  ap_ctrl_hs|  apuint_to_axis|  return value|
|ap_rst                         |   in|    1|  ap_ctrl_hs|  apuint_to_axis|  return value|
|ap_start                       |   in|    1|  ap_ctrl_hs|  apuint_to_axis|  return value|
|ap_done                        |  out|    1|  ap_ctrl_hs|  apuint_to_axis|  return value|
|ap_continue                    |   in|    1|  ap_ctrl_hs|  apuint_to_axis|  return value|
|ap_idle                        |  out|    1|  ap_ctrl_hs|  apuint_to_axis|  return value|
|ap_ready                       |  out|    1|  ap_ctrl_hs|  apuint_to_axis|  return value|
|output_stream2_dout            |   in|    8|     ap_fifo|  output_stream2|       pointer|
|output_stream2_num_data_valid  |   in|    2|     ap_fifo|  output_stream2|       pointer|
|output_stream2_fifo_cap        |   in|    2|     ap_fifo|  output_stream2|       pointer|
|output_stream2_empty_n         |   in|    1|     ap_fifo|  output_stream2|       pointer|
|output_stream2_read            |  out|    1|     ap_fifo|  output_stream2|       pointer|
|out_r_TREADY                   |   in|    1|        axis|  out_r_V_last_V|       pointer|
|out_r_TVALID                   |  out|    1|        axis|  out_r_V_last_V|       pointer|
|out_r_TLAST                    |  out|    1|        axis|  out_r_V_last_V|       pointer|
|out_r_TDATA                    |  out|    8|        axis|  out_r_V_data_V|       pointer|
|out_r_TKEEP                    |  out|    1|        axis|  out_r_V_keep_V|       pointer|
|out_r_TSTRB                    |  out|    1|        axis|  out_r_V_strb_V|       pointer|
+-------------------------------+-----+-----+------------+----------------+--------------+

