

================================================================
== Vitis HLS Report for 'axis_to_apuint'
================================================================
* Date:           Fri Jun 19 14:57:19 2026

* Version:        2022.2 (Build 3670227 on Oct 13 2022)
* Project:        ViT_Block
* Solution:       ViT_Block (Vivado IP Flow Target)
* Product family: zynquplus
* Target device:  xck26-sfvc784-2LV-c


================================================================
== Performance Estimates
================================================================
+ Timing: 
    * Summary: 
    +--------+----------+----------+------------+
    |  Clock |  Target  | Estimated| Uncertainty|
    +--------+----------+----------+------------+
    |ap_clk  |  10.00 ns|  1.838 ns|     2.70 ns|
    +--------+----------+----------+------------+

+ Latency: 
    * Summary: 
    +---------+---------+----------+----------+-----+-----+---------+
    |  Latency (cycles) |  Latency (absolute) |  Interval | Pipeline|
    |   min   |   max   |    min   |    max   | min | max |   Type  |
    +---------+---------+----------+----------+-----+-----+---------+
    |      274|      274|  2.740 us|  2.740 us|  274|  274|       no|
    +---------+---------+----------+----------+-----+-----+---------+

    + Detail: 
        * Instance: 
        N/A

        * Loop: 
        +-------------------+---------+---------+----------+-----------+-----------+------+----------+
        |                   |  Latency (cycles) | Iteration|  Initiation Interval  | Trip |          |
        |     Loop Name     |   min   |   max   |  Latency |  achieved |   target  | Count| Pipelined|
        +-------------------+---------+---------+----------+-----------+-----------+------+----------+
        |- VITIS_LOOP_72_1  |      272|      272|         2|          1|          1|   272|       yes|
        +-------------------+---------+---------+----------+-----------+-----------+------+----------+



================================================================
== Utilization Estimates
================================================================
* Summary: 
+-----------------+---------+------+--------+--------+-----+
|       Name      | BRAM_18K|  DSP |   FF   |   LUT  | URAM|
+-----------------+---------+------+--------+--------+-----+
|DSP              |        -|     -|       -|       -|    -|
|Expression       |        -|     -|       0|      35|    -|
|FIFO             |        -|     -|       -|       -|    -|
|Instance         |        -|     -|       -|       -|    -|
|Memory           |        -|     -|       -|       -|    -|
|Multiplexer      |        -|     -|       -|      54|    -|
|Register         |        -|     -|      20|       -|    -|
+-----------------+---------+------+--------+--------+-----+
|Total            |        0|     0|      20|      89|    0|
+-----------------+---------+------+--------+--------+-----+
|Available        |      288|  1248|  234240|  117120|   64|
+-----------------+---------+------+--------+--------+-----+
|Utilization (%)  |        0|     0|      ~0|      ~0|    0|
+-----------------+---------+------+--------+--------+-----+

+ Detail: 
    * Instance: 
    N/A

    * DSP: 
    N/A

    * Memory: 
    N/A

    * FIFO: 
    N/A

    * Expression: 
    +----------------------------------+----------+----+---+----+------------+------------+
    |           Variable Name          | Operation| DSP| FF| LUT| Bitwidth P0| Bitwidth P1|
    +----------------------------------+----------+----+---+----+------------+------------+
    |i_19_fu_89_p2                     |         +|   0|  0|  16|           9|           1|
    |ap_condition_98                   |       and|   0|  0|   2|           1|           1|
    |icmp_ln72_fu_83_p2                |      icmp|   0|  0|  11|           9|           9|
    |ap_block_pp0_stage0_01001         |        or|   0|  0|   2|           1|           1|
    |ap_block_state1_pp0_stage0_iter0  |        or|   0|  0|   2|           1|           1|
    |ap_enable_pp0                     |       xor|   0|  0|   2|           1|           2|
    +----------------------------------+----------+----+---+----+------------+------------+
    |Total                             |          |   0|  0|  35|          22|          15|
    +----------------------------------+----------+----+---+----+------------+------------+

    * Multiplexer: 
    +-------------------------+----+-----------+-----+-----------+
    |           Name          | LUT| Input Size| Bits| Total Bits|
    +-------------------------+----+-----------+-----+-----------+
    |ap_done_int              |   9|          2|    1|          2|
    |ap_enable_reg_pp0_iter1  |   9|          2|    1|          2|
    |ap_sig_allocacmp_i_18    |   9|          2|    9|         18|
    |i_fu_52                  |   9|          2|    9|         18|
    |in_r_TDATA_blk_n         |   9|          2|    1|          2|
    |input_stream1_blk_n      |   9|          2|    1|          2|
    +-------------------------+----+-----------+-----+-----------+
    |Total                    |  54|         12|   22|         44|
    +-------------------------+----+-----------+-----+-----------+

    * Register: 
    +-------------------------+---+----+-----+-----------+
    |           Name          | FF| LUT| Bits| Const Bits|
    +-------------------------+---+----+-----+-----------+
    |ap_CS_fsm                |  1|   0|    1|          0|
    |ap_done_reg              |  1|   0|    1|          0|
    |ap_enable_reg_pp0_iter1  |  1|   0|    1|          0|
    |i_fu_52                  |  9|   0|    9|          0|
    |tmp_data_V_reg_114       |  8|   0|    8|          0|
    +-------------------------+---+----+-----+-----------+
    |Total                    | 20|   0|   20|          0|
    +-------------------------+---+----+-----+-----------+



================================================================
== Interface
================================================================
* Summary: 
+------------------------------+-----+-----+------------+----------------+--------------+
|           RTL Ports          | Dir | Bits|  Protocol  |  Source Object |    C Type    |
+------------------------------+-----+-----+------------+----------------+--------------+
|ap_clk                        |   in|    1|  ap_ctrl_hs|  axis_to_apuint|  return value|
|ap_rst                        |   in|    1|  ap_ctrl_hs|  axis_to_apuint|  return value|
|ap_start                      |   in|    1|  ap_ctrl_hs|  axis_to_apuint|  return value|
|ap_done                       |  out|    1|  ap_ctrl_hs|  axis_to_apuint|  return value|
|ap_continue                   |   in|    1|  ap_ctrl_hs|  axis_to_apuint|  return value|
|ap_idle                       |  out|    1|  ap_ctrl_hs|  axis_to_apuint|  return value|
|ap_ready                      |  out|    1|  ap_ctrl_hs|  axis_to_apuint|  return value|
|in_r_TVALID                   |   in|    1|        axis|   in_r_V_last_V|       pointer|
|in_r_TREADY                   |  out|    1|        axis|   in_r_V_last_V|       pointer|
|in_r_TLAST                    |   in|    1|        axis|   in_r_V_last_V|       pointer|
|input_stream1_din             |  out|    8|     ap_fifo|   input_stream1|       pointer|
|input_stream1_num_data_valid  |   in|    2|     ap_fifo|   input_stream1|       pointer|
|input_stream1_fifo_cap        |   in|    2|     ap_fifo|   input_stream1|       pointer|
|input_stream1_full_n          |   in|    1|     ap_fifo|   input_stream1|       pointer|
|input_stream1_write           |  out|    1|     ap_fifo|   input_stream1|       pointer|
|in_r_TDATA                    |   in|    8|        axis|   in_r_V_data_V|       pointer|
|in_r_TKEEP                    |   in|    1|        axis|   in_r_V_keep_V|       pointer|
|in_r_TSTRB                    |   in|    1|        axis|   in_r_V_strb_V|       pointer|
+------------------------------+-----+-----+------------+----------------+--------------+

