

================================================================
== Vitis HLS Report for 'BatchNorm_tiled_1'
================================================================
* Date:           Fri Jun 19 14:57:29 2026

* Version:        2022.2 (Build 3670227 on Oct 13 2022)
* Project:        ViT_Block
* Solution:       ViT_Block (Vivado IP Flow Target)
* Product family: zynquplus
* Target device:  xck26-sfvc784-2LV-c


================================================================
== Performance Estimates
================================================================
+ Timing: 
    * Summary: 
    +--------+----------+----------+------------+
    |  Clock |  Target  | Estimated| Uncertainty|
    +--------+----------+----------+------------+
    |ap_clk  |  10.00 ns|  5.034 ns|     2.70 ns|
    +--------+----------+----------+------------+

+ Latency: 
    * Summary: 
    +---------+---------+----------+----------+-----+-----+---------+
    |  Latency (cycles) |  Latency (absolute) |  Interval | Pipeline|
    |   min   |   max   |    min   |    max   | min | max |   Type  |
    +---------+---------+----------+----------+-----+-----+---------+
    |      277|      277|  2.770 us|  2.770 us|  277|  277|       no|
    +---------+---------+----------+----------+-----+-----+---------+

    + Detail: 
        * Instance: 
        N/A

        * Loop: 
        +-------------------------------------+---------+---------+----------+-----------+-----------+------+----------+
        |                                     |  Latency (cycles) | Iteration|  Initiation Interval  | Trip |          |
        |              Loop Name              |   min   |   max   |  Latency |  achieved |   target  | Count| Pipelined|
        +-------------------------------------+---------+---------+----------+-----------+-----------+------+----------+
        |- VITIS_LOOP_185_1_VITIS_LOOP_186_2  |      275|      275|         5|          1|          1|   272|       yes|
        +-------------------------------------+---------+---------+----------+-----------+-----------+------+----------+



================================================================
== Utilization Estimates
================================================================
* Summary: 
+-----------------+---------+------+--------+--------+-----+
|       Name      | BRAM_18K|  DSP |   FF   |   LUT  | URAM|
+-----------------+---------+------+--------+--------+-----+
|DSP              |        -|     1|       -|       -|    -|
|Expression       |        -|     -|       0|     256|    -|
|FIFO             |        -|     -|       -|       -|    -|
|Instance         |        -|     -|       -|       -|    -|
|Memory           |        0|     -|      41|      11|    -|
|Multiplexer      |        -|     -|       -|      72|    -|
|Register         |        -|     -|     111|      32|    -|
+-----------------+---------+------+--------+--------+-----+
|Total            |        0|     1|     152|     371|    0|
+-----------------+---------+------+--------+--------+-----+
|Available        |      288|  1248|  234240|  117120|   64|
+-----------------+---------+------+--------+--------+-----+
|Utilization (%)  |        0|    ~0|      ~0|      ~0|    0|
+-----------------+---------+------+--------+--------+-----+

+ Detail: 
    * Instance: 
    N/A

    * DSP: 
    +-----------------------------+------------------------+-----------+
    |           Instance          |         Module         | Expression|
    +-----------------------------+------------------------+-----------+
    |mul_mul_17ns_8s_25_4_1_U433  |mul_mul_17ns_8s_25_4_1  |    i0 * i1|
    +-----------------------------+------------------------+-----------+

    * Memory: 
    +-------------+-----------------------------------------+---------+----+----+-----+------+-----+------+-------------+
    |    Memory   |                  Module                 | BRAM_18K| FF | LUT| URAM| Words| Bits| Banks| W*Bits*Banks|
    +-------------+-----------------------------------------+---------+----+----+-----+------+-----+------+-------------+
    |bn1_add_1_U  |BatchNorm_tiled_1_bn1_add_1_ROM_AUTO_1R  |        0|  24|   6|    0|    16|   24|     1|          384|
    |bn1_mul_1_U  |BatchNorm_tiled_1_bn1_mul_1_ROM_AUTO_1R  |        0|  17|   5|    0|    16|   17|     1|          272|
    +-------------+-----------------------------------------+---------+----+----+-----+------+-----+------+-------------+
    |Total        |                                         |        0|  41|  11|    0|    32|   41|     2|          656|
    +-------------+-----------------------------------------+---------+----+----+-----+------+-----+------+-------------+

    * FIFO: 
    N/A

    * Expression: 
    +---------------------------+----------+----+---+----+------------+------------+
    |       Variable Name       | Operation| DSP| FF| LUT| Bitwidth P0| Bitwidth P1|
    +---------------------------+----------+----+---+----+------------+------------+
    |acc_V_fu_215_p2            |         +|   0|  0|  33|          26|          26|
    |add_ln1495_fu_234_p2       |         +|   0|  0|  24|          24|          16|
    |add_ln185_fu_150_p2        |         +|   0|  0|  16|           9|           1|
    |add_ln186_fu_179_p2        |         +|   0|  0|  12|           5|           1|
    |add_ln35_fu_229_p2         |         +|   0|  0|  25|          25|          25|
    |ret_V_fu_240_p2            |         +|   0|  0|  24|          24|          24|
    |ret_V_17_fu_259_p2         |         -|   0|  0|  25|          16|          25|
    |rq_V_fu_279_p2             |         -|   0|  0|  17|           1|          10|
    |ap_condition_139           |       and|   0|  0|   2|           1|           1|
    |icmp_ln1027_fu_309_p2      |      icmp|   0|  0|  11|          10|           9|
    |icmp_ln1035_fu_303_p2      |      icmp|   0|  0|   8|           3|           1|
    |icmp_ln185_fu_144_p2       |      icmp|   0|  0|  11|           9|           9|
    |icmp_ln186_fu_159_p2       |      icmp|   0|  0|  10|           5|           6|
    |ap_block_pp0_stage0_01001  |        or|   0|  0|   2|           1|           1|
    |or_ln223_fu_327_p2         |        or|   0|  0|   2|           1|           1|
    |norm_out_113_din           |    select|   0|  0|   8|           1|           8|
    |rq_V_16_fu_285_p3          |    select|   0|  0|  10|           1|          10|
    |select_ln185_fu_165_p3     |    select|   0|  0|   5|           1|           1|
    |select_ln223_fu_319_p3     |    select|   0|  0|   9|           1|           7|
    |ap_enable_pp0              |       xor|   0|  0|   2|           1|           2|
    +---------------------------+----------+----+---+----+------------+------------+
    |Total                      |          |   0|  0| 256|         165|         184|
    +---------------------------+----------+----+---+----+------------+------------+

    * Multiplexer: 
    +--------------------------------------+----+-----------+-----+-----------+
    |                 Name                 | LUT| Input Size| Bits| Total Bits|
    +--------------------------------------+----+-----------+-----+-----------+
    |ap_done_int                           |   9|          2|    1|          2|
    |ap_enable_reg_pp0_iter1               |   9|          2|    1|          2|
    |ap_sig_allocacmp_c_load               |   9|          2|    5|         10|
    |ap_sig_allocacmp_indvar_flatten_load  |   9|          2|    9|         18|
    |c_fu_84                               |   9|          2|    5|         10|
    |indvar_flatten_fu_88                  |   9|          2|    9|         18|
    |norm_out_113_blk_n                    |   9|          2|    1|          2|
    |x212_blk_n                            |   9|          2|    1|          2|
    +--------------------------------------+----+-----------+-----+-----------+
    |Total                                 |  72|         16|   32|         64|
    +--------------------------------------+----+-----------+-----+-----------+

    * Register: 
    +----------------------------------+----+----+-----+-----------+
    |               Name               | FF | LUT| Bits| Const Bits|
    +----------------------------------+----+----+-----+-----------+
    |ap_CS_fsm                         |   1|   0|    1|          0|
    |ap_done_reg                       |   1|   0|    1|          0|
    |ap_enable_reg_pp0_iter1           |   1|   0|    1|          0|
    |ap_enable_reg_pp0_iter2           |   1|   0|    1|          0|
    |ap_enable_reg_pp0_iter3           |   1|   0|    1|          0|
    |ap_enable_reg_pp0_iter4           |   1|   0|    1|          0|
    |ap_loop_exit_ready_pp0_iter1_reg  |   1|   0|    1|          0|
    |ap_loop_exit_ready_pp0_iter2_reg  |   1|   0|    1|          0|
    |ap_loop_exit_ready_pp0_iter3_reg  |   1|   0|    1|          0|
    |bn1_add_1_load_reg_389            |  24|   0|   24|          0|
    |c_fu_84                           |   5|   0|    5|          0|
    |indvar_flatten_fu_88              |   9|   0|    9|          0|
    |bn1_add_1_load_reg_389            |  64|  32|   24|          0|
    +----------------------------------+----+----+-----+-----------+
    |Total                             | 111|  32|   71|          0|
    +----------------------------------+----+----+-----+-----------+



================================================================
== Interface
================================================================
* Summary: 
+-----------------------------+-----+-----+------------+-------------------+--------------+
|          RTL Ports          | Dir | Bits|  Protocol  |   Source Object   |    C Type    |
+-----------------------------+-----+-----+------------+-------------------+--------------+
|ap_clk                       |   in|    1|  ap_ctrl_hs|  BatchNorm_tiled_1|  return value|
|ap_rst                       |   in|    1|  ap_ctrl_hs|  BatchNorm_tiled_1|  return value|
|ap_start                     |   in|    1|  ap_ctrl_hs|  BatchNorm_tiled_1|  return value|
|ap_done                      |  out|    1|  ap_ctrl_hs|  BatchNorm_tiled_1|  return value|
|ap_continue                  |   in|    1|  ap_ctrl_hs|  BatchNorm_tiled_1|  return value|
|ap_idle                      |  out|    1|  ap_ctrl_hs|  BatchNorm_tiled_1|  return value|
|ap_ready                     |  out|    1|  ap_ctrl_hs|  BatchNorm_tiled_1|  return value|
|x212_dout                    |   in|    8|     ap_fifo|               x212|       pointer|
|x212_num_data_valid          |   in|    2|     ap_fifo|               x212|       pointer|
|x212_fifo_cap                |   in|    2|     ap_fifo|               x212|       pointer|
|x212_empty_n                 |   in|    1|     ap_fifo|               x212|       pointer|
|x212_read                    |  out|    1|     ap_fifo|               x212|       pointer|
|norm_out_113_din             |  out|    8|     ap_fifo|       norm_out_113|       pointer|
|norm_out_113_num_data_valid  |   in|    2|     ap_fifo|       norm_out_113|       pointer|
|norm_out_113_fifo_cap        |   in|    2|     ap_fifo|       norm_out_113|       pointer|
|norm_out_113_full_n          |   in|    1|     ap_fifo|       norm_out_113|       pointer|
|norm_out_113_write           |  out|    1|     ap_fifo|       norm_out_113|       pointer|
+-----------------------------+-----+-----+------------+-------------------+--------------+

