

================================================================
== Vitis HLS Report for 'BATCHNORM_tiled_quantized_17_16_1_16_ap_int_8_ap_int_8_s'
================================================================
* Date:           Tue Jun 23 12:41:36 2026

* Version:        2022.2 (Build 3670227 on Oct 13 2022)
* Project:        ViT_Block
* Solution:       ViT_Block (Vivado IP Flow Target)
* Product family: virtexuplus
* Target device:  xcu250-figd2104-2L-e


================================================================
== Performance Estimates
================================================================
+ Timing: 
    * Summary: 
    +--------+----------+----------+------------+
    |  Clock |  Target  | Estimated| Uncertainty|
    +--------+----------+----------+------------+
    |ap_clk  |  10.00 ns|  4.027 ns|     2.70 ns|
    +--------+----------+----------+------------+

+ Latency: 
    * Summary: 
    +---------+---------+----------+----------+-----+-----+---------+
    |  Latency (cycles) |  Latency (absolute) |  Interval | Pipeline|
    |   min   |   max   |    min   |    max   | min | max |   Type  |
    +---------+---------+----------+----------+-----+-----+---------+
    |      277|      277|  2.770 us|  2.770 us|  277|  277|       no|
    +---------+---------+----------+----------+-----+-----+---------+

    + Detail: 
        * Instance: 
        N/A

        * Loop: 
        +-------------------------------------+---------+---------+----------+-----------+-----------+------+----------+
        |                                     |  Latency (cycles) | Iteration|  Initiation Interval  | Trip |          |
        |              Loop Name              |   min   |   max   |  Latency |  achieved |   target  | Count| Pipelined|
        +-------------------------------------+---------+---------+----------+-----------+-----------+------+----------+
        |- VITIS_LOOP_185_1_VITIS_LOOP_186_2  |      275|      275|         5|          1|          1|   272|       yes|
        +-------------------------------------+---------+---------+----------+-----------+-----------+------+----------+



================================================================
== Utilization Estimates
================================================================
* Summary: 
+---------------------+---------+-------+---------+---------+------+
|         Name        | BRAM_18K|  DSP  |    FF   |   LUT   | URAM |
+---------------------+---------+-------+---------+---------+------+
|DSP                  |        -|      1|        -|        -|     -|
|Expression           |        -|      -|        0|      206|     -|
|FIFO                 |        -|      -|        -|        -|     -|
|Instance             |        -|      -|        -|        -|     -|
|Memory               |        0|      -|       48|       50|     -|
|Multiplexer          |        -|      -|        -|       72|     -|
|Register             |        -|      -|      117|       32|     -|
+---------------------+---------+-------+---------+---------+------+
|Total                |        0|      1|      165|      360|     0|
+---------------------+---------+-------+---------+---------+------+
|Available SLR        |     1344|   3072|   864000|   432000|   320|
+---------------------+---------+-------+---------+---------+------+
|Utilization SLR (%)  |        0|     ~0|       ~0|       ~0|     0|
+---------------------+---------+-------+---------+---------+------+
|Available            |     5376|  12288|  3456000|  1728000|  1280|
+---------------------+---------+-------+---------+---------+------+
|Utilization (%)      |        0|     ~0|       ~0|       ~0|     0|
+---------------------+---------+-------+---------+---------+------+

+ Detail: 
    * Instance: 
    N/A

    * DSP: 
    +----------------------------+------------------------+-----------+
    |          Instance          |         Module         | Expression|
    +----------------------------+------------------------+-----------+
    |mul_mul_15ns_8s_23_4_1_U13  |mul_mul_15ns_8s_23_4_1  |    i0 * i1|
    +----------------------------+------------------------+-----------+

    * Memory: 
    +-------------+--------------------------------------------------------------------------------+---------+----+----+-----+------+-----+------+-------------+
    |    Memory   |                                     Module                                     | BRAM_18K| FF | LUT| URAM| Words| Bits| Banks| W*Bits*Banks|
    +-------------+--------------------------------------------------------------------------------+---------+----+----+-----+------+-----+------+-------------+
    |bn0_add_1_U  |BATCHNORM_tiled_quantized_17_16_1_16_ap_int_8_ap_int_8_s_bn0_add_1_ROM_AUTO_1R  |        0|  32|  33|    0|    16|   22|     1|          352|
    |bn0_mul_1_U  |BATCHNORM_tiled_quantized_17_16_1_16_ap_int_8_ap_int_8_s_bn0_mul_1_ROM_AUTO_1R  |        0|  16|  17|    0|    16|   15|     1|          240|
    +-------------+--------------------------------------------------------------------------------+---------+----+----+-----+------+-----+------+-------------+
    |Total        |                                                                                |        0|  48|  50|    0|    32|   37|     2|          592|
    +-------------+--------------------------------------------------------------------------------+---------+----+----+-----+------+-----+------+-------------+

    * FIFO: 
    N/A

    * Expression: 
    +----------------------------------+----------+----+---+----+------------+------------+
    |           Variable Name          | Operation| DSP| FF| LUT| Bitwidth P0| Bitwidth P1|
    +----------------------------------+----------+----+---+----+------------+------------+
    |acc_V_fu_191_p2                   |         +|   0|  0|  31|          24|          24|
    |add_ln185_fu_130_p2               |         +|   0|  0|  16|           9|           1|
    |add_ln186_fu_159_p2               |         +|   0|  0|  12|           5|           1|
    |add_ln35_fu_205_p2                |         +|   0|  0|  30|          23|          23|
    |ret_V_fu_210_p2                   |         +|   0|  0|  30|          23|          16|
    |ret_V_18_fu_230_p2                |         -|   0|  0|  30|          16|          23|
    |sub_ln223_fu_250_p2               |         -|   0|  0|  15|           1|           8|
    |ap_condition_140                  |       and|   0|  0|   2|           1|           1|
    |icmp_ln185_fu_124_p2              |      icmp|   0|  0|  11|           9|           9|
    |icmp_ln186_fu_139_p2              |      icmp|   0|  0|  10|           5|           6|
    |ap_block_pp0_stage0_01001         |        or|   0|  0|   2|           1|           1|
    |ap_block_state1_pp0_stage0_iter0  |        or|   0|  0|   2|           1|           1|
    |norm_out4_din                     |    select|   0|  0|   8|           1|           8|
    |select_ln185_fu_145_p3            |    select|   0|  0|   5|           1|           1|
    |ap_enable_pp0                     |       xor|   0|  0|   2|           1|           2|
    +----------------------------------+----------+----+---+----+------------+------------+
    |Total                             |          |   0|  0| 206|         121|         125|
    +----------------------------------+----------+----+---+----+------------+------------+

    * Multiplexer: 
    +--------------------------------------+----+-----------+-----+-----------+
    |                 Name                 | LUT| Input Size| Bits| Total Bits|
    +--------------------------------------+----+-----------+-----+-----------+
    |ap_done_int                           |   9|          2|    1|          2|
    |ap_enable_reg_pp0_iter1               |   9|          2|    1|          2|
    |ap_sig_allocacmp_c_load               |   9|          2|    5|         10|
    |ap_sig_allocacmp_indvar_flatten_load  |   9|          2|    9|         18|
    |c_fu_64                               |   9|          2|    5|         10|
    |indvar_flatten_fu_68                  |   9|          2|    9|         18|
    |norm_out4_blk_n                       |   9|          2|    1|          2|
    |x13_blk_n                             |   9|          2|    1|          2|
    +--------------------------------------+----+-----------+-----+-----------+
    |Total                                 |  72|         16|   32|         64|
    +--------------------------------------+----+-----------+-----+-----------+

    * Register: 
    +----------------------------------+----+----+-----+-----------+
    |               Name               | FF | LUT| Bits| Const Bits|
    +----------------------------------+----+----+-----+-----------+
    |ap_CS_fsm                         |   1|   0|    1|          0|
    |ap_done_reg                       |   1|   0|    1|          0|
    |ap_enable_reg_pp0_iter1           |   1|   0|    1|          0|
    |ap_enable_reg_pp0_iter2           |   1|   0|    1|          0|
    |ap_enable_reg_pp0_iter3           |   1|   0|    1|          0|
    |ap_enable_reg_pp0_iter4           |   1|   0|    1|          0|
    |ap_loop_exit_ready_pp0_iter1_reg  |   1|   0|    1|          0|
    |ap_loop_exit_ready_pp0_iter2_reg  |   1|   0|    1|          0|
    |ap_loop_exit_ready_pp0_iter3_reg  |   1|   0|    1|          0|
    |bn0_add_1_load_reg_316            |  22|   0|   22|          0|
    |c_fu_64                           |   5|   0|    5|          0|
    |in_word_V_reg_291                 |   8|   0|    8|          0|
    |indvar_flatten_fu_68              |   9|   0|    9|          0|
    |bn0_add_1_load_reg_316            |  64|  32|   22|          0|
    +----------------------------------+----+----+-----+-----------+
    |Total                             | 117|  32|   75|          0|
    +----------------------------------+----+----+-----+-----------+



================================================================
== Interface
================================================================
* Summary: 
+--------------------------+-----+-----+------------+-----------------------------------------------------------------+--------------+
|         RTL Ports        | Dir | Bits|  Protocol  |                          Source Object                          |    C Type    |
+--------------------------+-----+-----+------------+-----------------------------------------------------------------+--------------+
|ap_clk                    |   in|    1|  ap_ctrl_hs|  BATCHNORM_tiled_quantized<17, 16, 1, 16, ap_int<8>, ap_int<8> >|  return value|
|ap_rst                    |   in|    1|  ap_ctrl_hs|  BATCHNORM_tiled_quantized<17, 16, 1, 16, ap_int<8>, ap_int<8> >|  return value|
|ap_start                  |   in|    1|  ap_ctrl_hs|  BATCHNORM_tiled_quantized<17, 16, 1, 16, ap_int<8>, ap_int<8> >|  return value|
|ap_done                   |  out|    1|  ap_ctrl_hs|  BATCHNORM_tiled_quantized<17, 16, 1, 16, ap_int<8>, ap_int<8> >|  return value|
|ap_continue               |   in|    1|  ap_ctrl_hs|  BATCHNORM_tiled_quantized<17, 16, 1, 16, ap_int<8>, ap_int<8> >|  return value|
|ap_idle                   |  out|    1|  ap_ctrl_hs|  BATCHNORM_tiled_quantized<17, 16, 1, 16, ap_int<8>, ap_int<8> >|  return value|
|ap_ready                  |  out|    1|  ap_ctrl_hs|  BATCHNORM_tiled_quantized<17, 16, 1, 16, ap_int<8>, ap_int<8> >|  return value|
|x13_dout                  |   in|    8|     ap_fifo|                                                              x13|       pointer|
|x13_num_data_valid        |   in|    2|     ap_fifo|                                                              x13|       pointer|
|x13_fifo_cap              |   in|    2|     ap_fifo|                                                              x13|       pointer|
|x13_empty_n               |   in|    1|     ap_fifo|                                                              x13|       pointer|
|x13_read                  |  out|    1|     ap_fifo|                                                              x13|       pointer|
|norm_out4_din             |  out|    8|     ap_fifo|                                                        norm_out4|       pointer|
|norm_out4_num_data_valid  |   in|    2|     ap_fifo|                                                        norm_out4|       pointer|
|norm_out4_fifo_cap        |   in|    2|     ap_fifo|                                                        norm_out4|       pointer|
|norm_out4_full_n          |   in|    1|     ap_fifo|                                                        norm_out4|       pointer|
|norm_out4_write           |  out|    1|     ap_fifo|                                                        norm_out4|       pointer|
+--------------------------+-----+-----+------------+-----------------------------------------------------------------+--------------+

