

================================================================
== Vitis HLS Report for 'duplicate_stream_ap_int_8_17_16_1_s'
================================================================
* Date:           Tue Jun 23 12:41:36 2026

* Version:        2022.2 (Build 3670227 on Oct 13 2022)
* Project:        ViT_Block
* Solution:       ViT_Block (Vivado IP Flow Target)
* Product family: virtexuplus
* Target device:  xcu250-figd2104-2L-e


================================================================
== Performance Estimates
================================================================
+ Timing: 
    * Summary: 
    +--------+----------+----------+------------+
    |  Clock |  Target  | Estimated| Uncertainty|
    +--------+----------+----------+------------+
    |ap_clk  |  10.00 ns|  1.958 ns|     2.70 ns|
    +--------+----------+----------+------------+

+ Latency: 
    * Summary: 
    +---------+---------+----------+----------+-----+-----+---------+
    |  Latency (cycles) |  Latency (absolute) |  Interval | Pipeline|
    |   min   |   max   |    min   |    max   | min | max |   Type  |
    +---------+---------+----------+----------+-----+-----+---------+
    |      274|      274|  2.740 us|  2.740 us|  274|  274|       no|
    +---------+---------+----------+----------+-----+-----+---------+

    + Detail: 
        * Instance: 
        N/A

        * Loop: 
        +-------------------+---------+---------+----------+-----------+-----------+------+----------+
        |                   |  Latency (cycles) | Iteration|  Initiation Interval  | Trip |          |
        |     Loop Name     |   min   |   max   |  Latency |  achieved |   target  | Count| Pipelined|
        +-------------------+---------+---------+----------+-----------+-----------+------+----------+
        |- VITIS_LOOP_20_1  |      272|      272|         2|          1|          1|   272|       yes|
        +-------------------+---------+---------+----------+-----------+-----------+------+----------+



================================================================
== Utilization Estimates
================================================================
* Summary: 
+---------------------+---------+-------+---------+---------+------+
|         Name        | BRAM_18K|  DSP  |    FF   |   LUT   | URAM |
+---------------------+---------+-------+---------+---------+------+
|DSP                  |        -|      -|        -|        -|     -|
|Expression           |        -|      -|        0|       37|     -|
|FIFO                 |        -|      -|        -|        -|     -|
|Instance             |        -|      -|        -|        -|     -|
|Memory               |        -|      -|        -|        -|     -|
|Multiplexer          |        -|      -|        -|       72|     -|
|Register             |        -|      -|       21|        -|     -|
+---------------------+---------+-------+---------+---------+------+
|Total                |        0|      0|       21|      109|     0|
+---------------------+---------+-------+---------+---------+------+
|Available SLR        |     1344|   3072|   864000|   432000|   320|
+---------------------+---------+-------+---------+---------+------+
|Utilization SLR (%)  |        0|      0|       ~0|       ~0|     0|
+---------------------+---------+-------+---------+---------+------+
|Available            |     5376|  12288|  3456000|  1728000|  1280|
+---------------------+---------+-------+---------+---------+------+
|Utilization (%)      |        0|      0|       ~0|       ~0|     0|
+---------------------+---------+-------+---------+---------+------+

+ Detail: 
    * Instance: 
    N/A

    * DSP: 
    N/A

    * Memory: 
    N/A

    * FIFO: 
    N/A

    * Expression: 
    +----------------------------------+----------+----+---+----+------------+------------+
    |           Variable Name          | Operation| DSP| FF| LUT| Bitwidth P0| Bitwidth P1|
    +----------------------------------+----------+----+---+----+------------+------------+
    |i_17_fu_76_p2                     |         +|   0|  0|  16|           9|           1|
    |ap_condition_121                  |       and|   0|  0|   2|           1|           1|
    |icmp_ln20_fu_70_p2                |      icmp|   0|  0|  11|           9|           9|
    |ap_block_pp0_stage0_01001         |        or|   0|  0|   2|           1|           1|
    |ap_block_state1_pp0_stage0_iter0  |        or|   0|  0|   2|           1|           1|
    |ap_block_state2_pp0_stage0_iter1  |        or|   0|  0|   2|           1|           1|
    |ap_enable_pp0                     |       xor|   0|  0|   2|           1|           2|
    +----------------------------------+----------+----+---+----+------------+------------+
    |Total                             |          |   0|  0|  37|          23|          16|
    +----------------------------------+----------+----+---+----+------------+------------+

    * Multiplexer: 
    +-------------------------+----+-----------+-----+-----------+
    |           Name          | LUT| Input Size| Bits| Total Bits|
    +-------------------------+----+-----------+-----+-----------+
    |ap_done_int              |   9|          2|    1|          2|
    |ap_enable_reg_pp0_iter1  |   9|          2|    1|          2|
    |ap_sig_allocacmp_i       |   9|          2|    9|         18|
    |i_02_fu_38               |   9|          2|    9|         18|
    |input_stream1_blk_n      |   9|          2|    1|          2|
    |real_start               |   9|          2|    1|          2|
    |res1_blk_n               |   9|          2|    1|          2|
    |x13_blk_n                |   9|          2|    1|          2|
    +-------------------------+----+-----------+-----+-----------+
    |Total                    |  72|         16|   24|         48|
    +-------------------------+----+-----------+-----+-----------+

    * Register: 
    +-------------------------+---+----+-----+-----------+
    |           Name          | FF| LUT| Bits| Const Bits|
    +-------------------------+---+----+-----+-----------+
    |ap_CS_fsm                |  1|   0|    1|          0|
    |ap_done_reg              |  1|   0|    1|          0|
    |ap_enable_reg_pp0_iter1  |  1|   0|    1|          0|
    |i_02_fu_38               |  9|   0|    9|          0|
    |start_once_reg           |  1|   0|    1|          0|
    |val_reg_97               |  8|   0|    8|          0|
    +-------------------------+---+----+-----+-----------+
    |Total                    | 21|   0|   21|          0|
    +-------------------------+---+----+-----+-----------+



================================================================
== Interface
================================================================
* Summary: 
+------------------------------+-----+-----+------------+----------------------------------------+--------------+
|           RTL Ports          | Dir | Bits|  Protocol  |              Source Object             |    C Type    |
+------------------------------+-----+-----+------------+----------------------------------------+--------------+
|ap_clk                        |   in|    1|  ap_ctrl_hs|  duplicate_stream<ap_int<8>, 17, 16, 1>|  return value|
|ap_rst                        |   in|    1|  ap_ctrl_hs|  duplicate_stream<ap_int<8>, 17, 16, 1>|  return value|
|ap_start                      |   in|    1|  ap_ctrl_hs|  duplicate_stream<ap_int<8>, 17, 16, 1>|  return value|
|start_full_n                  |   in|    1|  ap_ctrl_hs|  duplicate_stream<ap_int<8>, 17, 16, 1>|  return value|
|ap_done                       |  out|    1|  ap_ctrl_hs|  duplicate_stream<ap_int<8>, 17, 16, 1>|  return value|
|ap_continue                   |   in|    1|  ap_ctrl_hs|  duplicate_stream<ap_int<8>, 17, 16, 1>|  return value|
|ap_idle                       |  out|    1|  ap_ctrl_hs|  duplicate_stream<ap_int<8>, 17, 16, 1>|  return value|
|ap_ready                      |  out|    1|  ap_ctrl_hs|  duplicate_stream<ap_int<8>, 17, 16, 1>|  return value|
|start_out                     |  out|    1|  ap_ctrl_hs|  duplicate_stream<ap_int<8>, 17, 16, 1>|  return value|
|start_write                   |  out|    1|  ap_ctrl_hs|  duplicate_stream<ap_int<8>, 17, 16, 1>|  return value|
|input_stream1_dout            |   in|    8|     ap_fifo|                           input_stream1|       pointer|
|input_stream1_num_data_valid  |   in|    2|     ap_fifo|                           input_stream1|       pointer|
|input_stream1_fifo_cap        |   in|    2|     ap_fifo|                           input_stream1|       pointer|
|input_stream1_empty_n         |   in|    1|     ap_fifo|                           input_stream1|       pointer|
|input_stream1_read            |  out|    1|     ap_fifo|                           input_stream1|       pointer|
|res1_din                      |  out|    8|     ap_fifo|                                    res1|       pointer|
|res1_num_data_valid           |   in|   13|     ap_fifo|                                    res1|       pointer|
|res1_fifo_cap                 |   in|   13|     ap_fifo|                                    res1|       pointer|
|res1_full_n                   |   in|    1|     ap_fifo|                                    res1|       pointer|
|res1_write                    |  out|    1|     ap_fifo|                                    res1|       pointer|
|x13_din                       |  out|    8|     ap_fifo|                                     x13|       pointer|
|x13_num_data_valid            |   in|    2|     ap_fifo|                                     x13|       pointer|
|x13_fifo_cap                  |   in|    2|     ap_fifo|                                     x13|       pointer|
|x13_full_n                    |   in|    1|     ap_fifo|                                     x13|       pointer|
|x13_write                     |  out|    1|     ap_fifo|                                     x13|       pointer|
+------------------------------+-----+-----+------------+----------------------------------------+--------------+

