

================================================================
== Vitis HLS Report for 'FC1_tiled_oc_2'
================================================================
* Date:           Fri Jun 19 14:57:30 2026

* Version:        2022.2 (Build 3670227 on Oct 13 2022)
* Project:        ViT_Block
* Solution:       ViT_Block (Vivado IP Flow Target)
* Product family: zynquplus
* Target device:  xck26-sfvc784-2LV-c


================================================================
== Performance Estimates
================================================================
+ Timing: 
    * Summary: 
    +--------+----------+----------+------------+
    |  Clock |  Target  | Estimated| Uncertainty|
    +--------+----------+----------+------------+
    |ap_clk  |  10.00 ns|  7.300 ns|     2.70 ns|
    +--------+----------+----------+------------+

+ Latency: 
    * Summary: 
    +---------+---------+----------+----------+-----+-----+----------+
    |  Latency (cycles) |  Latency (absolute) |  Interval | Pipeline |
    |   min   |   max   |    min   |    max   | min | max |   Type   |
    +---------+---------+----------+----------+-----+-----+----------+
    |        ?|        ?|         ?|         ?|    ?|    ?|  dataflow|
    +---------+---------+----------+----------+-----+-----+----------+

    + Detail: 
        * Instance: 
        +--------------------------------------------------------------------+-------------------------------------------------------------------+---------+---------+----------+----------+-------+-------+---------+
        |                                                                    |                                                                   |  Latency (cycles) |  Latency (absolute) |    Interval   | Pipeline|
        |                              Instance                              |                               Module                              |   min   |   max   |    min   |    max   |  min  |  max  |   Type  |
        +--------------------------------------------------------------------+-------------------------------------------------------------------+---------+---------+----------+----------+-------+-------+---------+
        |WeightTiledStreaming_3_17_16_64_1_1_1_1_1_1_ap_int_8_U0             |WeightTiledStreaming_3_17_16_64_1_1_1_1_1_1_ap_int_8_s             |        ?|        ?|         ?|         ?|      ?|      ?|       no|
        |Linear_Layer_17_16_64_1_1_1_1_1_1_291_16_0_ap_int_ap_int_ap_int_U0  |Linear_Layer_17_16_64_1_1_1_1_1_1_291_16_0_ap_int_ap_int_ap_int_s  |    20384|    20384|  0.204 ms|  0.204 ms|  20384|  20384|       no|
        +--------------------------------------------------------------------+-------------------------------------------------------------------+---------+---------+----------+----------+-------+-------+---------+

        * Loop: 
        N/A



================================================================
== Utilization Estimates
================================================================
* Summary: 
+-----------------+---------+------+--------+--------+-----+
|       Name      | BRAM_18K|  DSP |   FF   |   LUT  | URAM|
+-----------------+---------+------+--------+--------+-----+
|DSP              |        -|     -|       -|       -|    -|
|Expression       |        -|     -|       0|       2|    -|
|FIFO             |        -|     -|      99|     118|    -|
|Instance         |        2|    65|    3452|    2813|    -|
|Memory           |        -|     -|       -|       -|    -|
|Multiplexer      |        -|     -|       -|       9|    -|
|Register         |        -|     -|       1|       -|    -|
+-----------------+---------+------+--------+--------+-----+
|Total            |        2|    65|    3552|    2942|    0|
+-----------------+---------+------+--------+--------+-----+
|Available        |      288|  1248|  234240|  117120|   64|
+-----------------+---------+------+--------+--------+-----+
|Utilization (%)  |       ~0|     5|       1|       2|    0|
+-----------------+---------+------+--------+--------+-----+

+ Detail: 
    * Instance: 
    +--------------------------------------------------------------------+-------------------------------------------------------------------+---------+----+------+------+-----+
    |                              Instance                              |                               Module                              | BRAM_18K| DSP|  FF  |  LUT | URAM|
    +--------------------------------------------------------------------+-------------------------------------------------------------------+---------+----+------+------+-----+
    |Linear_Layer_17_16_64_1_1_1_1_1_1_291_16_0_ap_int_ap_int_ap_int_U0  |Linear_Layer_17_16_64_1_1_1_1_1_1_291_16_0_ap_int_ap_int_ap_int_s  |        2|  65|  3133|  1951|    0|
    |WeightTiledStreaming_3_17_16_64_1_1_1_1_1_1_ap_int_8_U0             |WeightTiledStreaming_3_17_16_64_1_1_1_1_1_1_ap_int_8_s             |        0|   0|   319|   862|    0|
    +--------------------------------------------------------------------+-------------------------------------------------------------------+---------+----+------+------+-----+
    |Total                                                               |                                                                   |        2|  65|  3452|  2813|    0|
    +--------------------------------------------------------------------+-------------------------------------------------------------------+---------+----+------+------+-----+

    * DSP: 
    N/A

    * Memory: 
    N/A

    * FIFO: 
    +---------+---------+----+----+-----+------+-----+---------+
    |   Name  | BRAM_18K| FF | LUT| URAM| Depth| Bits| Size:D*B|
    +---------+---------+----+----+-----+------+-----+---------+
    |out_w_U  |        0|  99|   0|    -|    64|    8|      512|
    +---------+---------+----+----+-----+------+-----+---------+
    |Total    |        0|  99|   0|    0|    64|    8|      512|
    +---------+---------+----+----+-----+------+-----+---------+

    * Expression: 
    +--------------+----------+----+---+----+------------+------------+
    | Variable Name| Operation| DSP| FF| LUT| Bitwidth P0| Bitwidth P1|
    +--------------+----------+----+---+----+------------+------------+
    |ap_idle       |       and|   0|  0|   2|           1|           1|
    +--------------+----------+----+---+----+------------+------------+
    |Total         |          |   0|  0|   2|           1|           1|
    +--------------+----------+----+---+----+------------+------------+

    * Multiplexer: 
    +------------+----+-----------+-----+-----------+
    |    Name    | LUT| Input Size| Bits| Total Bits|
    +------------+----+-----------+-----+-----------+
    |real_start  |   9|          2|    1|          2|
    +------------+----+-----------+-----+-----------+
    |Total       |   9|          2|    1|          2|
    +------------+----+-----------+-----+-----------+

    * Register: 
    +----------------+---+----+-----+-----------+
    |      Name      | FF| LUT| Bits| Const Bits|
    +----------------+---+----+-----+-----------+
    |start_once_reg  |  1|   0|    1|          0|
    +----------------+---+----+-----+-----------+
    |Total           |  1|   0|    1|          0|
    +----------------+---+----+-----+-----------+



================================================================
== Interface
================================================================
* Summary: 
+----------------------+-----+-----+------------+----------------+--------------+
|       RTL Ports      | Dir | Bits|  Protocol  |  Source Object |    C Type    |
+----------------------+-----+-----+------------+----------------+--------------+
|ap_start              |   in|    1|  ap_ctrl_hs|  FC1_tiled_oc_2|  return value|
|start_full_n          |   in|    1|  ap_ctrl_hs|  FC1_tiled_oc_2|  return value|
|start_out             |  out|    1|  ap_ctrl_hs|  FC1_tiled_oc_2|  return value|
|start_write           |  out|    1|  ap_ctrl_hs|  FC1_tiled_oc_2|  return value|
|ap_clk                |   in|    1|  ap_ctrl_hs|  FC1_tiled_oc_2|  return value|
|ap_rst                |   in|    1|  ap_ctrl_hs|  FC1_tiled_oc_2|  return value|
|ap_done               |  out|    1|  ap_ctrl_hs|  FC1_tiled_oc_2|  return value|
|ap_ready              |  out|    1|  ap_ctrl_hs|  FC1_tiled_oc_2|  return value|
|ap_idle               |  out|    1|  ap_ctrl_hs|  FC1_tiled_oc_2|  return value|
|ap_continue           |   in|    1|  ap_ctrl_hs|  FC1_tiled_oc_2|  return value|
|m_axi_gmem0_AWVALID   |  out|    1|       m_axi|           gmem0|       pointer|
|m_axi_gmem0_AWREADY   |   in|    1|       m_axi|           gmem0|       pointer|
|m_axi_gmem0_AWADDR    |  out|   64|       m_axi|           gmem0|       pointer|
|m_axi_gmem0_AWID      |  out|    1|       m_axi|           gmem0|       pointer|
|m_axi_gmem0_AWLEN     |  out|   32|       m_axi|           gmem0|       pointer|
|m_axi_gmem0_AWSIZE    |  out|    3|       m_axi|           gmem0|       pointer|
|m_axi_gmem0_AWBURST   |  out|    2|       m_axi|           gmem0|       pointer|
|m_axi_gmem0_AWLOCK    |  out|    2|       m_axi|           gmem0|       pointer|
|m_axi_gmem0_AWCACHE   |  out|    4|       m_axi|           gmem0|       pointer|
|m_axi_gmem0_AWPROT    |  out|    3|       m_axi|           gmem0|       pointer|
|m_axi_gmem0_AWQOS     |  out|    4|       m_axi|           gmem0|       pointer|
|m_axi_gmem0_AWREGION  |  out|    4|       m_axi|           gmem0|       pointer|
|m_axi_gmem0_AWUSER    |  out|    1|       m_axi|           gmem0|       pointer|
|m_axi_gmem0_WVALID    |  out|    1|       m_axi|           gmem0|       pointer|
|m_axi_gmem0_WREADY    |   in|    1|       m_axi|           gmem0|       pointer|
|m_axi_gmem0_WDATA     |  out|    8|       m_axi|           gmem0|       pointer|
|m_axi_gmem0_WSTRB     |  out|    1|       m_axi|           gmem0|       pointer|
|m_axi_gmem0_WLAST     |  out|    1|       m_axi|           gmem0|       pointer|
|m_axi_gmem0_WID       |  out|    1|       m_axi|           gmem0|       pointer|
|m_axi_gmem0_WUSER     |  out|    1|       m_axi|           gmem0|       pointer|
|m_axi_gmem0_ARVALID   |  out|    1|       m_axi|           gmem0|       pointer|
|m_axi_gmem0_ARREADY   |   in|    1|       m_axi|           gmem0|       pointer|
|m_axi_gmem0_ARADDR    |  out|   64|       m_axi|           gmem0|       pointer|
|m_axi_gmem0_ARID      |  out|    1|       m_axi|           gmem0|       pointer|
|m_axi_gmem0_ARLEN     |  out|   32|       m_axi|           gmem0|       pointer|
|m_axi_gmem0_ARSIZE    |  out|    3|       m_axi|           gmem0|       pointer|
|m_axi_gmem0_ARBURST   |  out|    2|       m_axi|           gmem0|       pointer|
|m_axi_gmem0_ARLOCK    |  out|    2|       m_axi|           gmem0|       pointer|
|m_axi_gmem0_ARCACHE   |  out|    4|       m_axi|           gmem0|       pointer|
|m_axi_gmem0_ARPROT    |  out|    3|       m_axi|           gmem0|       pointer|
|m_axi_gmem0_ARQOS     |  out|    4|       m_axi|           gmem0|       pointer|
|m_axi_gmem0_ARREGION  |  out|    4|       m_axi|           gmem0|       pointer|
|m_axi_gmem0_ARUSER    |  out|    1|       m_axi|           gmem0|       pointer|
|m_axi_gmem0_RVALID    |   in|    1|       m_axi|           gmem0|       pointer|
|m_axi_gmem0_RREADY    |  out|    1|       m_axi|           gmem0|       pointer|
|m_axi_gmem0_RDATA     |   in|    8|       m_axi|           gmem0|       pointer|
|m_axi_gmem0_RLAST     |   in|    1|       m_axi|           gmem0|       pointer|
|m_axi_gmem0_RID       |   in|    1|       m_axi|           gmem0|       pointer|
|m_axi_gmem0_RFIFONUM  |   in|   13|       m_axi|           gmem0|       pointer|
|m_axi_gmem0_RUSER     |   in|    1|       m_axi|           gmem0|       pointer|
|m_axi_gmem0_RRESP     |   in|    2|       m_axi|           gmem0|       pointer|
|m_axi_gmem0_BVALID    |   in|    1|       m_axi|           gmem0|       pointer|
|m_axi_gmem0_BREADY    |  out|    1|       m_axi|           gmem0|       pointer|
|m_axi_gmem0_BRESP     |   in|    2|       m_axi|           gmem0|       pointer|
|m_axi_gmem0_BID       |   in|    1|       m_axi|           gmem0|       pointer|
|m_axi_gmem0_BUSER     |   in|    1|       m_axi|           gmem0|       pointer|
|in_w                  |   in|   64|     ap_none|            in_w|        scalar|
|in_w_ap_vld           |   in|    1|     ap_none|            in_w|        scalar|
|norm_out_113_dout     |   in|    8|     ap_fifo|    norm_out_113|       pointer|
|norm_out_113_empty_n  |   in|    1|     ap_fifo|    norm_out_113|       pointer|
|norm_out_113_read     |  out|    1|     ap_fifo|    norm_out_113|       pointer|
|fc11_din              |  out|    8|     ap_fifo|            fc11|       pointer|
|fc11_full_n           |   in|    1|     ap_fifo|            fc11|       pointer|
|fc11_write            |  out|    1|     ap_fifo|            fc11|       pointer|
+----------------------+-----+-----+------------+----------------+--------------+

