

================================================================
== Vitis HLS Report for 'FC2_tiled_oc_2'
================================================================
* Date:           Tue Jun 23 12:41:50 2026

* Version:        2022.2 (Build 3670227 on Oct 13 2022)
* Project:        ViT_Block
* Solution:       ViT_Block (Vivado IP Flow Target)
* Product family: virtexuplus
* Target device:  xcu250-figd2104-2L-e


================================================================
== Performance Estimates
================================================================
+ Timing: 
    * Summary: 
    +--------+----------+----------+------------+
    |  Clock |  Target  | Estimated| Uncertainty|
    +--------+----------+----------+------------+
    |ap_clk  |  10.00 ns|  7.300 ns|     2.70 ns|
    +--------+----------+----------+------------+

+ Latency: 
    * Summary: 
    +---------+---------+----------+----------+-----+-----+----------+
    |  Latency (cycles) |  Latency (absolute) |  Interval | Pipeline |
    |   min   |   max   |    min   |    max   | min | max |   Type   |
    +---------+---------+----------+----------+-----+-----+----------+
    |        ?|        ?|         ?|         ?|    ?|    ?|  dataflow|
    +---------+---------+----------+----------+-----+-----+----------+

    + Detail: 
        * Instance: 
        +--------------------------------------------------------------------+-------------------------------------------------------------------+---------+---------+----------+----------+-------+-------+---------+
        |                                                                    |                                                                   |  Latency (cycles) |  Latency (absolute) |    Interval   | Pipeline|
        |                              Instance                              |                               Module                              |   min   |   max   |    min   |    max   |  min  |  max  |   Type  |
        +--------------------------------------------------------------------+-------------------------------------------------------------------+---------+---------+----------+----------+-------+-------+---------+
        |WeightTiledStreaming_3_17_64_16_1_1_1_1_1_1_ap_int_8_U0             |WeightTiledStreaming_3_17_64_16_1_1_1_1_1_1_ap_int_8_s             |        ?|        ?|         ?|         ?|      ?|      ?|       no|
        |Linear_Layer_17_64_16_1_1_1_1_1_1_527_16_0_ap_int_ap_int_ap_int_U0  |Linear_Layer_17_64_16_1_1_1_1_1_1_527_16_0_ap_int_ap_int_ap_int_s  |    18344|    18344|  0.183 ms|  0.183 ms|  18344|  18344|       no|
        +--------------------------------------------------------------------+-------------------------------------------------------------------+---------+---------+----------+----------+-------+-------+---------+

        * Loop: 
        N/A



================================================================
== Utilization Estimates
================================================================
* Summary: 
+---------------------+---------+-------+---------+---------+------+
|         Name        | BRAM_18K|  DSP  |    FF   |   LUT   | URAM |
+---------------------+---------+-------+---------+---------+------+
|DSP                  |        -|      -|        -|        -|     -|
|Expression           |        -|      -|        0|        2|     -|
|FIFO                 |        -|      -|        9|       35|     -|
|Instance             |        1|     18|     1012|     1812|     -|
|Memory               |        -|      -|        -|        -|     -|
|Multiplexer          |        -|      -|        -|        -|     -|
|Register             |        -|      -|        -|        -|     -|
+---------------------+---------+-------+---------+---------+------+
|Total                |        1|     18|     1021|     1849|     0|
+---------------------+---------+-------+---------+---------+------+
|Available SLR        |     1344|   3072|   864000|   432000|   320|
+---------------------+---------+-------+---------+---------+------+
|Utilization SLR (%)  |       ~0|     ~0|       ~0|       ~0|     0|
+---------------------+---------+-------+---------+---------+------+
|Available            |     5376|  12288|  3456000|  1728000|  1280|
+---------------------+---------+-------+---------+---------+------+
|Utilization (%)      |       ~0|     ~0|       ~0|       ~0|     0|
+---------------------+---------+-------+---------+---------+------+

+ Detail: 
    * Instance: 
    +--------------------------------------------------------------------+-------------------------------------------------------------------+---------+----+-----+------+-----+
    |                              Instance                              |                               Module                              | BRAM_18K| DSP|  FF |  LUT | URAM|
    +--------------------------------------------------------------------+-------------------------------------------------------------------+---------+----+-----+------+-----+
    |Linear_Layer_17_64_16_1_1_1_1_1_1_527_16_0_ap_int_ap_int_ap_int_U0  |Linear_Layer_17_64_16_1_1_1_1_1_1_527_16_0_ap_int_ap_int_ap_int_s  |        1|  18|  781|  1033|    0|
    |WeightTiledStreaming_3_17_64_16_1_1_1_1_1_1_ap_int_8_U0             |WeightTiledStreaming_3_17_64_16_1_1_1_1_1_1_ap_int_8_s             |        0|   0|  231|   779|    0|
    +--------------------------------------------------------------------+-------------------------------------------------------------------+---------+----+-----+------+-----+
    |Total                                                               |                                                                   |        1|  18| 1012|  1812|    0|
    +--------------------------------------------------------------------+-------------------------------------------------------------------+---------+----+-----+------+-----+

    * DSP: 
    N/A

    * Memory: 
    N/A

    * FIFO: 
    +---------+---------+---+----+-----+------+-----+---------+
    |   Name  | BRAM_18K| FF| LUT| URAM| Depth| Bits| Size:D*B|
    +---------+---------+---+----+-----+------+-----+---------+
    |out_w_U  |        0|  9|   0|    -|    64|    8|      512|
    +---------+---------+---+----+-----+------+-----+---------+
    |Total    |        0|  9|   0|    0|    64|    8|      512|
    +---------+---------+---+----+-----+------+-----+---------+

    * Expression: 
    +--------------+----------+----+---+----+------------+------------+
    | Variable Name| Operation| DSP| FF| LUT| Bitwidth P0| Bitwidth P1|
    +--------------+----------+----+---+----+------------+------------+
    |ap_idle       |       and|   0|  0|   2|           1|           1|
    +--------------+----------+----+---+----+------------+------------+
    |Total         |          |   0|  0|   2|           1|           1|
    +--------------+----------+----+---+----+------------+------------+

    * Multiplexer: 
    N/A

    * Register: 
    N/A



================================================================
== Interface
================================================================
* Summary: 
+----------------------+-----+-----+------------+----------------+--------------+
|       RTL Ports      | Dir | Bits|  Protocol  |  Source Object |    C Type    |
+----------------------+-----+-----+------------+----------------+--------------+
|m_axi_gmem1_AWVALID   |  out|    1|       m_axi|           gmem1|       pointer|
|m_axi_gmem1_AWREADY   |   in|    1|       m_axi|           gmem1|       pointer|
|m_axi_gmem1_AWADDR    |  out|   64|       m_axi|           gmem1|       pointer|
|m_axi_gmem1_AWID      |  out|    1|       m_axi|           gmem1|       pointer|
|m_axi_gmem1_AWLEN     |  out|   32|       m_axi|           gmem1|       pointer|
|m_axi_gmem1_AWSIZE    |  out|    3|       m_axi|           gmem1|       pointer|
|m_axi_gmem1_AWBURST   |  out|    2|       m_axi|           gmem1|       pointer|
|m_axi_gmem1_AWLOCK    |  out|    2|       m_axi|           gmem1|       pointer|
|m_axi_gmem1_AWCACHE   |  out|    4|       m_axi|           gmem1|       pointer|
|m_axi_gmem1_AWPROT    |  out|    3|       m_axi|           gmem1|       pointer|
|m_axi_gmem1_AWQOS     |  out|    4|       m_axi|           gmem1|       pointer|
|m_axi_gmem1_AWREGION  |  out|    4|       m_axi|           gmem1|       pointer|
|m_axi_gmem1_AWUSER    |  out|    1|       m_axi|           gmem1|       pointer|
|m_axi_gmem1_WVALID    |  out|    1|       m_axi|           gmem1|       pointer|
|m_axi_gmem1_WREADY    |   in|    1|       m_axi|           gmem1|       pointer|
|m_axi_gmem1_WDATA     |  out|    8|       m_axi|           gmem1|       pointer|
|m_axi_gmem1_WSTRB     |  out|    1|       m_axi|           gmem1|       pointer|
|m_axi_gmem1_WLAST     |  out|    1|       m_axi|           gmem1|       pointer|
|m_axi_gmem1_WID       |  out|    1|       m_axi|           gmem1|       pointer|
|m_axi_gmem1_WUSER     |  out|    1|       m_axi|           gmem1|       pointer|
|m_axi_gmem1_ARVALID   |  out|    1|       m_axi|           gmem1|       pointer|
|m_axi_gmem1_ARREADY   |   in|    1|       m_axi|           gmem1|       pointer|
|m_axi_gmem1_ARADDR    |  out|   64|       m_axi|           gmem1|       pointer|
|m_axi_gmem1_ARID      |  out|    1|       m_axi|           gmem1|       pointer|
|m_axi_gmem1_ARLEN     |  out|   32|       m_axi|           gmem1|       pointer|
|m_axi_gmem1_ARSIZE    |  out|    3|       m_axi|           gmem1|       pointer|
|m_axi_gmem1_ARBURST   |  out|    2|       m_axi|           gmem1|       pointer|
|m_axi_gmem1_ARLOCK    |  out|    2|       m_axi|           gmem1|       pointer|
|m_axi_gmem1_ARCACHE   |  out|    4|       m_axi|           gmem1|       pointer|
|m_axi_gmem1_ARPROT    |  out|    3|       m_axi|           gmem1|       pointer|
|m_axi_gmem1_ARQOS     |  out|    4|       m_axi|           gmem1|       pointer|
|m_axi_gmem1_ARREGION  |  out|    4|       m_axi|           gmem1|       pointer|
|m_axi_gmem1_ARUSER    |  out|    1|       m_axi|           gmem1|       pointer|
|m_axi_gmem1_RVALID    |   in|    1|       m_axi|           gmem1|       pointer|
|m_axi_gmem1_RREADY    |  out|    1|       m_axi|           gmem1|       pointer|
|m_axi_gmem1_RDATA     |   in|    8|       m_axi|           gmem1|       pointer|
|m_axi_gmem1_RLAST     |   in|    1|       m_axi|           gmem1|       pointer|
|m_axi_gmem1_RID       |   in|    1|       m_axi|           gmem1|       pointer|
|m_axi_gmem1_RFIFONUM  |   in|   13|       m_axi|           gmem1|       pointer|
|m_axi_gmem1_RUSER     |   in|    1|       m_axi|           gmem1|       pointer|
|m_axi_gmem1_RRESP     |   in|    2|       m_axi|           gmem1|       pointer|
|m_axi_gmem1_BVALID    |   in|    1|       m_axi|           gmem1|       pointer|
|m_axi_gmem1_BREADY    |  out|    1|       m_axi|           gmem1|       pointer|
|m_axi_gmem1_BRESP     |   in|    2|       m_axi|           gmem1|       pointer|
|m_axi_gmem1_BID       |   in|    1|       m_axi|           gmem1|       pointer|
|m_axi_gmem1_BUSER     |   in|    1|       m_axi|           gmem1|       pointer|
|in_w                  |   in|   64|     ap_none|            in_w|        scalar|
|in_w_ap_vld           |   in|    1|     ap_none|            in_w|        scalar|
|relu2_dout            |   in|    8|     ap_fifo|           relu2|       pointer|
|relu2_empty_n         |   in|    1|     ap_fifo|           relu2|       pointer|
|relu2_read            |  out|    1|     ap_fifo|           relu2|       pointer|
|mlp_out14_din         |  out|    8|     ap_fifo|       mlp_out14|       pointer|
|mlp_out14_full_n      |   in|    1|     ap_fifo|       mlp_out14|       pointer|
|mlp_out14_write       |  out|    1|     ap_fifo|       mlp_out14|       pointer|
|ap_clk                |   in|    1|  ap_ctrl_hs|  FC2_tiled_oc_2|  return value|
|ap_rst                |   in|    1|  ap_ctrl_hs|  FC2_tiled_oc_2|  return value|
|ap_start              |   in|    1|  ap_ctrl_hs|  FC2_tiled_oc_2|  return value|
|ap_done               |  out|    1|  ap_ctrl_hs|  FC2_tiled_oc_2|  return value|
|ap_ready              |  out|    1|  ap_ctrl_hs|  FC2_tiled_oc_2|  return value|
|ap_idle               |  out|    1|  ap_ctrl_hs|  FC2_tiled_oc_2|  return value|
|ap_continue           |   in|    1|  ap_ctrl_hs|  FC2_tiled_oc_2|  return value|
+----------------------+-----+-----+------------+----------------+--------------+

