

================================================================
== Vitis HLS Report for 'Linear_Layer_17_64_16_1_1_1_1_1_1_527_16_0_ap_int_ap_int_ap_int_s'
================================================================
* Date:           Tue Jun 23 12:41:50 2026

* Version:        2022.2 (Build 3670227 on Oct 13 2022)
* Project:        ViT_Block
* Solution:       ViT_Block (Vivado IP Flow Target)
* Product family: virtexuplus
* Target device:  xcu250-figd2104-2L-e


================================================================
== Performance Estimates
================================================================
+ Timing: 
    * Summary: 
    +--------+----------+----------+------------+
    |  Clock |  Target  | Estimated| Uncertainty|
    +--------+----------+----------+------------+
    |ap_clk  |  10.00 ns|  4.603 ns|     2.70 ns|
    +--------+----------+----------+------------+

+ Latency: 
    * Summary: 
    +---------+---------+----------+----------+-------+-------+---------+
    |  Latency (cycles) |  Latency (absolute) |    Interval   | Pipeline|
    |   min   |   max   |    min   |    max   |  min  |  max  |   Type  |
    +---------+---------+----------+----------+-------+-------+---------+
    |    18344|    18344|  0.183 ms|  0.183 ms|  18344|  18344|       no|
    +---------+---------+----------+----------+-------+-------+---------+

    + Detail: 
        * Instance: 
        +----------------------------------------------------+------------------------------------------+---------+---------+-----------+-----------+------+------+---------+
        |                                                    |                                          |  Latency (cycles) |   Latency (absolute)  |   Interval  | Pipeline|
        |                      Instance                      |                  Module                  |   min   |   max   |    min    |    max    |  min |  max |   Type  |
        +----------------------------------------------------+------------------------------------------+---------+---------+-----------+-----------+------+------+---------+
        |grp_Linear_Layer_Pipeline_VITIS_LOOP_1512_2_fu_60   |Linear_Layer_Pipeline_VITIS_LOOP_1512_2   |       18|       18|   0.180 us|   0.180 us|    18|    18|       no|
        |grp_Linear_Layer_Pipeline_VITIS_LOOP_1525_6_fu_67   |Linear_Layer_Pipeline_VITIS_LOOP_1525_6   |     1035|     1035|  10.350 us|  10.350 us|  1035|  1035|       no|
        |grp_Linear_Layer_Pipeline_VITIS_LOOP_1588_17_fu_76  |Linear_Layer_Pipeline_VITIS_LOOP_1588_17  |       19|       19|   0.190 us|   0.190 us|    19|    19|       no|
        +----------------------------------------------------+------------------------------------------+---------+---------+-----------+-----------+------+------+---------+

        * Loop: 
        +---------------------+---------+---------+----------+-----------+-----------+------+----------+
        |                     |  Latency (cycles) | Iteration|  Initiation Interval  | Trip |          |
        |      Loop Name      |   min   |   max   |  Latency |  achieved |   target  | Count| Pipelined|
        +---------------------+---------+---------+----------+-----------+-----------+------+----------+
        |- VITIS_LOOP_1509_1  |    18343|    18343|      1079|          -|          -|    17|        no|
        +---------------------+---------+---------+----------+-----------+-----------+------+----------+



================================================================
== Utilization Estimates
================================================================
* Summary: 
+---------------------+---------+-------+---------+---------+------+
|         Name        | BRAM_18K|  DSP  |    FF   |   LUT   | URAM |
+---------------------+---------+-------+---------+---------+------+
|DSP                  |        -|      -|        -|        -|     -|
|Expression           |        -|      -|        0|       23|     -|
|FIFO                 |        -|      -|        -|        -|     -|
|Instance             |        0|     18|      764|      830|     -|
|Memory               |        1|      -|        0|        0|     -|
|Multiplexer          |        -|      -|        -|      180|     -|
|Register             |        -|      -|       17|        -|     -|
+---------------------+---------+-------+---------+---------+------+
|Total                |        1|     18|      781|     1033|     0|
+---------------------+---------+-------+---------+---------+------+
|Available SLR        |     1344|   3072|   864000|   432000|   320|
+---------------------+---------+-------+---------+---------+------+
|Utilization SLR (%)  |       ~0|     ~0|       ~0|       ~0|     0|
+---------------------+---------+-------+---------+---------+------+
|Available            |     5376|  12288|  3456000|  1728000|  1280|
+---------------------+---------+-------+---------+---------+------+
|Utilization (%)      |       ~0|     ~0|       ~0|       ~0|     0|
+---------------------+---------+-------+---------+---------+------+

+ Detail: 
    * Instance: 
    +----------------------------------------------------+------------------------------------------+---------+----+-----+-----+-----+
    |                      Instance                      |                  Module                  | BRAM_18K| DSP|  FF | LUT | URAM|
    +----------------------------------------------------+------------------------------------------+---------+----+-----+-----+-----+
    |grp_Linear_Layer_Pipeline_VITIS_LOOP_1512_2_fu_60   |Linear_Layer_Pipeline_VITIS_LOOP_1512_2   |        0|   0|   29|   77|    0|
    |grp_Linear_Layer_Pipeline_VITIS_LOOP_1525_6_fu_67   |Linear_Layer_Pipeline_VITIS_LOOP_1525_6   |        0|  16|  683|  457|    0|
    |grp_Linear_Layer_Pipeline_VITIS_LOOP_1588_17_fu_76  |Linear_Layer_Pipeline_VITIS_LOOP_1588_17  |        0|   2|   52|  296|    0|
    +----------------------------------------------------+------------------------------------------+---------+----+-----+-----+-----+
    |Total                                               |                                          |        0|  18|  764|  830|    0|
    +----------------------------------------------------+------------------------------------------+---------+----+-----+-----+-----+

    * DSP: 
    N/A

    * Memory: 
    +------------+----------------------------------------------------------------------------------+---------+---+----+-----+------+-----+------+-------------+
    |   Memory   |                                      Module                                      | BRAM_18K| FF| LUT| URAM| Words| Bits| Banks| W*Bits*Banks|
    +------------+----------------------------------------------------------------------------------+---------+---+----+-----+------+-----+------+-------------+
    |C_tile_V_U  |Linear_Layer_17_16_16_1_1_1_1_1_1_337_16_0_ap_int_ap_int_ap_int_s_C_tile_V_RAbkb  |        1|  0|   0|    0|    16|   32|     1|          512|
    +------------+----------------------------------------------------------------------------------+---------+---+----+-----+------+-----+------+-------------+
    |Total       |                                                                                  |        1|  0|   0|    0|    16|   32|     1|          512|
    +------------+----------------------------------------------------------------------------------+---------+---+----+-----+------+-----+------+-------------+

    * FIFO: 
    N/A

    * Expression: 
    +----------------------+----------+----+---+----+------------+------------+
    |     Variable Name    | Operation| DSP| FF| LUT| Bitwidth P0| Bitwidth P1|
    +----------------------+----------+----+---+----+------------+------------+
    |m_21_fu_97_p2         |         +|   0|  0|  12|           5|           1|
    |icmp_ln1509_fu_91_p2  |      icmp|   0|  0|   9|           5|           5|
    |ap_block_state1       |        or|   0|  0|   2|           1|           1|
    +----------------------+----------+----+---+----+------------+------------+
    |Total                 |          |   0|  0|  23|          11|           7|
    +----------------------+----------+----+---+----+------------+------------+

    * Multiplexer: 
    +-------------------+----+-----------+-----+-----------+
    |        Name       | LUT| Input Size| Bits| Total Bits|
    +-------------------+----+-----------+-----+-----------+
    |C_tile_V_address0  |  20|          4|    4|         16|
    |C_tile_V_ce0       |  20|          4|    1|          4|
    |C_tile_V_ce1       |   9|          2|    1|          2|
    |C_tile_V_d0        |  14|          3|   32|         96|
    |C_tile_V_we0       |  14|          3|    1|          3|
    |C_tile_V_we1       |   9|          2|    1|          2|
    |ap_NS_fsm          |  49|          9|    1|          9|
    |ap_done            |   9|          2|    1|          2|
    |m_fu_52            |   9|          2|    5|         10|
    |mlp_out14_write    |   9|          2|    1|          2|
    |out_w1_read        |   9|          2|    1|          2|
    |relu2_read         |   9|          2|    1|          2|
    +-------------------+----+-----------+-----+-----------+
    |Total              | 180|         37|   50|        150|
    +-------------------+----+-----------+-----+-----------+

    * Register: 
    +-----------------------------------------------------------------+---+----+-----+-----------+
    |                               Name                              | FF| LUT| Bits| Const Bits|
    +-----------------------------------------------------------------+---+----+-----+-----------+
    |ap_CS_fsm                                                        |  8|   0|    8|          0|
    |ap_done_reg                                                      |  1|   0|    1|          0|
    |grp_Linear_Layer_Pipeline_VITIS_LOOP_1512_2_fu_60_ap_start_reg   |  1|   0|    1|          0|
    |grp_Linear_Layer_Pipeline_VITIS_LOOP_1525_6_fu_67_ap_start_reg   |  1|   0|    1|          0|
    |grp_Linear_Layer_Pipeline_VITIS_LOOP_1588_17_fu_76_ap_start_reg  |  1|   0|    1|          0|
    |m_fu_52                                                          |  5|   0|    5|          0|
    +-----------------------------------------------------------------+---+----+-----+-----------+
    |Total                                                            | 17|   0|   17|          0|
    +-----------------------------------------------------------------+---+----+-----+-----------+



================================================================
== Interface
================================================================
* Summary: 
+--------------------------+-----+-----+------------+-------------------------------------------------------------------+--------------+
|         RTL Ports        | Dir | Bits|  Protocol  |                           Source Object                           |    C Type    |
+--------------------------+-----+-----+------------+-------------------------------------------------------------------+--------------+
|ap_clk                    |   in|    1|  ap_ctrl_hs|  Linear_Layer<17,64,16,1,1,1,1,1,1,527,16,0,ap_int,ap_int,ap_int >|  return value|
|ap_rst                    |   in|    1|  ap_ctrl_hs|  Linear_Layer<17,64,16,1,1,1,1,1,1,527,16,0,ap_int,ap_int,ap_int >|  return value|
|ap_start                  |   in|    1|  ap_ctrl_hs|  Linear_Layer<17,64,16,1,1,1,1,1,1,527,16,0,ap_int,ap_int,ap_int >|  return value|
|ap_done                   |  out|    1|  ap_ctrl_hs|  Linear_Layer<17,64,16,1,1,1,1,1,1,527,16,0,ap_int,ap_int,ap_int >|  return value|
|ap_continue               |   in|    1|  ap_ctrl_hs|  Linear_Layer<17,64,16,1,1,1,1,1,1,527,16,0,ap_int,ap_int,ap_int >|  return value|
|ap_idle                   |  out|    1|  ap_ctrl_hs|  Linear_Layer<17,64,16,1,1,1,1,1,1,527,16,0,ap_int,ap_int,ap_int >|  return value|
|ap_ready                  |  out|    1|  ap_ctrl_hs|  Linear_Layer<17,64,16,1,1,1,1,1,1,527,16,0,ap_int,ap_int,ap_int >|  return value|
|relu2_dout                |   in|    8|     ap_fifo|                                                              relu2|       pointer|
|relu2_num_data_valid      |   in|    7|     ap_fifo|                                                              relu2|       pointer|
|relu2_fifo_cap            |   in|    7|     ap_fifo|                                                              relu2|       pointer|
|relu2_empty_n             |   in|    1|     ap_fifo|                                                              relu2|       pointer|
|relu2_read                |  out|    1|     ap_fifo|                                                              relu2|       pointer|
|mlp_out14_din             |  out|    8|     ap_fifo|                                                          mlp_out14|       pointer|
|mlp_out14_num_data_valid  |   in|    2|     ap_fifo|                                                          mlp_out14|       pointer|
|mlp_out14_fifo_cap        |   in|    2|     ap_fifo|                                                          mlp_out14|       pointer|
|mlp_out14_full_n          |   in|    1|     ap_fifo|                                                          mlp_out14|       pointer|
|mlp_out14_write           |  out|    1|     ap_fifo|                                                          mlp_out14|       pointer|
|out_w1_dout               |   in|    8|     ap_fifo|                                                             out_w1|       pointer|
|out_w1_num_data_valid     |   in|    7|     ap_fifo|                                                             out_w1|       pointer|
|out_w1_fifo_cap           |   in|    7|     ap_fifo|                                                             out_w1|       pointer|
|out_w1_empty_n            |   in|    1|     ap_fifo|                                                             out_w1|       pointer|
|out_w1_read               |  out|    1|     ap_fifo|                                                             out_w1|       pointer|
+--------------------------+-----+-----+------------+-------------------------------------------------------------------+--------------+

