

================================================================
== Vitis HLS Report for 'Linear_Layer_17_16_16_1_1_1_1_1_1_245_16_0_ap_int_ap_int_ap_int_s'
================================================================
* Date:           Tue Jun 23 12:41:38 2026

* Version:        2022.2 (Build 3670227 on Oct 13 2022)
* Project:        ViT_Block
* Solution:       ViT_Block (Vivado IP Flow Target)
* Product family: virtexuplus
* Target device:  xcu250-figd2104-2L-e


================================================================
== Performance Estimates
================================================================
+ Timing: 
    * Summary: 
    +--------+----------+----------+------------+
    |  Clock |  Target  | Estimated| Uncertainty|
    +--------+----------+----------+------------+
    |ap_clk  |  10.00 ns|  4.578 ns|     2.70 ns|
    +--------+----------+----------+------------+

+ Latency: 
    * Summary: 
    +---------+---------+-----------+-----------+------+------+---------+
    |  Latency (cycles) |   Latency (absolute)  |   Interval  | Pipeline|
    |   min   |   max   |    min    |    max    |  min |  max |   Type  |
    +---------+---------+-----------+-----------+------+------+---------+
    |     5288|     5288|  52.880 us|  52.880 us|  5288|  5288|       no|
    +---------+---------+-----------+-----------+------+------+---------+

    + Detail: 
        * Instance: 
        +------------------------------------------------------+--------------------------------------------+---------+---------+----------+----------+-----+-----+---------+
        |                                                      |                                            |  Latency (cycles) |  Latency (absolute) |  Interval | Pipeline|
        |                       Instance                       |                   Module                   |   min   |   max   |    min   |    max   | min | max |   Type  |
        +------------------------------------------------------+--------------------------------------------+---------+---------+----------+----------+-----+-----+---------+
        |grp_Linear_Layer_Pipeline_VITIS_LOOP_1512_2_5_fu_60   |Linear_Layer_Pipeline_VITIS_LOOP_1512_2_5   |       18|       18|  0.180 us|  0.180 us|   18|   18|       no|
        |grp_Linear_Layer_Pipeline_VITIS_LOOP_1525_6_5_fu_67   |Linear_Layer_Pipeline_VITIS_LOOP_1525_6_5   |      267|      267|  2.670 us|  2.670 us|  267|  267|       no|
        |grp_Linear_Layer_Pipeline_VITIS_LOOP_1588_17_5_fu_76  |Linear_Layer_Pipeline_VITIS_LOOP_1588_17_5  |       19|       19|  0.190 us|  0.190 us|   19|   19|       no|
        +------------------------------------------------------+--------------------------------------------+---------+---------+----------+----------+-----+-----+---------+

        * Loop: 
        +---------------------+---------+---------+----------+-----------+-----------+------+----------+
        |                     |  Latency (cycles) | Iteration|  Initiation Interval  | Trip |          |
        |      Loop Name      |   min   |   max   |  Latency |  achieved |   target  | Count| Pipelined|
        +---------------------+---------+---------+----------+-----------+-----------+------+----------+
        |- VITIS_LOOP_1509_1  |     5287|     5287|       311|          -|          -|    17|        no|
        +---------------------+---------+---------+----------+-----------+-----------+------+----------+



================================================================
== Utilization Estimates
================================================================
* Summary: 
+---------------------+---------+-------+---------+---------+------+
|         Name        | BRAM_18K|  DSP  |    FF   |   LUT   | URAM |
+---------------------+---------+-------+---------+---------+------+
|DSP                  |        -|      -|        -|        -|     -|
|Expression           |        -|      -|        0|       23|     -|
|FIFO                 |        -|      -|        -|        -|     -|
|Instance             |        0|     17|      760|      817|     -|
|Memory               |        1|      -|        0|        0|     -|
|Multiplexer          |        -|      -|        -|      180|     -|
|Register             |        -|      -|       17|        -|     -|
+---------------------+---------+-------+---------+---------+------+
|Total                |        1|     17|      777|     1020|     0|
+---------------------+---------+-------+---------+---------+------+
|Available SLR        |     1344|   3072|   864000|   432000|   320|
+---------------------+---------+-------+---------+---------+------+
|Utilization SLR (%)  |       ~0|     ~0|       ~0|       ~0|     0|
+---------------------+---------+-------+---------+---------+------+
|Available            |     5376|  12288|  3456000|  1728000|  1280|
+---------------------+---------+-------+---------+---------+------+
|Utilization (%)      |       ~0|     ~0|       ~0|       ~0|     0|
+---------------------+---------+-------+---------+---------+------+

+ Detail: 
    * Instance: 
    +------------------------------------------------------+--------------------------------------------+---------+----+-----+-----+-----+
    |                       Instance                       |                   Module                   | BRAM_18K| DSP|  FF | LUT | URAM|
    +------------------------------------------------------+--------------------------------------------+---------+----+-----+-----+-----+
    |grp_Linear_Layer_Pipeline_VITIS_LOOP_1512_2_5_fu_60   |Linear_Layer_Pipeline_VITIS_LOOP_1512_2_5   |        0|   0|   29|   77|    0|
    |grp_Linear_Layer_Pipeline_VITIS_LOOP_1525_6_5_fu_67   |Linear_Layer_Pipeline_VITIS_LOOP_1525_6_5   |        0|  16|  681|  454|    0|
    |grp_Linear_Layer_Pipeline_VITIS_LOOP_1588_17_5_fu_76  |Linear_Layer_Pipeline_VITIS_LOOP_1588_17_5  |        0|   1|   50|  286|    0|
    +------------------------------------------------------+--------------------------------------------+---------+----+-----+-----+-----+
    |Total                                                 |                                            |        0|  17|  760|  817|    0|
    +------------------------------------------------------+--------------------------------------------+---------+----+-----+-----+-----+

    * DSP: 
    N/A

    * Memory: 
    +------------+----------------------------------------------------------------------------------+---------+---+----+-----+------+-----+------+-------------+
    |   Memory   |                                      Module                                      | BRAM_18K| FF| LUT| URAM| Words| Bits| Banks| W*Bits*Banks|
    +------------+----------------------------------------------------------------------------------+---------+---+----+-----+------+-----+------+-------------+
    |C_tile_V_U  |Linear_Layer_17_16_16_1_1_1_1_1_1_337_16_0_ap_int_ap_int_ap_int_s_C_tile_V_RAbkb  |        1|  0|   0|    0|    16|   32|     1|          512|
    +------------+----------------------------------------------------------------------------------+---------+---+----+-----+------+-----+------+-------------+
    |Total       |                                                                                  |        1|  0|   0|    0|    16|   32|     1|          512|
    +------------+----------------------------------------------------------------------------------+---------+---+----+-----+------+-----+------+-------------+

    * FIFO: 
    N/A

    * Expression: 
    +----------------------+----------+----+---+----+------------+------------+
    |     Variable Name    | Operation| DSP| FF| LUT| Bitwidth P0| Bitwidth P1|
    +----------------------+----------+----+---+----+------------+------------+
    |m_31_fu_97_p2         |         +|   0|  0|  12|           5|           1|
    |icmp_ln1509_fu_91_p2  |      icmp|   0|  0|   9|           5|           5|
    |ap_block_state1       |        or|   0|  0|   2|           1|           1|
    +----------------------+----------+----+---+----+------------+------------+
    |Total                 |          |   0|  0|  23|          11|           7|
    +----------------------+----------+----+---+----+------------+------------+

    * Multiplexer: 
    +-------------------+----+-----------+-----+-----------+
    |        Name       | LUT| Input Size| Bits| Total Bits|
    +-------------------+----+-----------+-----+-----------+
    |C_tile_V_address0  |  20|          4|    4|         16|
    |C_tile_V_ce0       |  20|          4|    1|          4|
    |C_tile_V_ce1       |   9|          2|    1|          2|
    |C_tile_V_d0        |  14|          3|   32|         96|
    |C_tile_V_we0       |  14|          3|    1|          3|
    |C_tile_V_we1       |   9|          2|    1|          2|
    |K_in6_read         |   9|          2|    1|          2|
    |ap_NS_fsm          |  49|          9|    1|          9|
    |ap_done            |   9|          2|    1|          2|
    |k_lin2_write       |   9|          2|    1|          2|
    |m_fu_52            |   9|          2|    5|         10|
    |out_w1_read        |   9|          2|    1|          2|
    +-------------------+----+-----------+-----+-----------+
    |Total              | 180|         37|   50|        150|
    +-------------------+----+-----------+-----+-----------+

    * Register: 
    +-------------------------------------------------------------------+---+----+-----+-----------+
    |                                Name                               | FF| LUT| Bits| Const Bits|
    +-------------------------------------------------------------------+---+----+-----+-----------+
    |ap_CS_fsm                                                          |  8|   0|    8|          0|
    |ap_done_reg                                                        |  1|   0|    1|          0|
    |grp_Linear_Layer_Pipeline_VITIS_LOOP_1512_2_5_fu_60_ap_start_reg   |  1|   0|    1|          0|
    |grp_Linear_Layer_Pipeline_VITIS_LOOP_1525_6_5_fu_67_ap_start_reg   |  1|   0|    1|          0|
    |grp_Linear_Layer_Pipeline_VITIS_LOOP_1588_17_5_fu_76_ap_start_reg  |  1|   0|    1|          0|
    |m_fu_52                                                            |  5|   0|    5|          0|
    +-------------------------------------------------------------------+---+----+-----+-----------+
    |Total                                                              | 17|   0|   17|          0|
    +-------------------------------------------------------------------+---+----+-----+-----------+



================================================================
== Interface
================================================================
* Summary: 
+-----------------------+-----+-----+------------+-------------------------------------------------------------------+--------------+
|       RTL Ports       | Dir | Bits|  Protocol  |                           Source Object                           |    C Type    |
+-----------------------+-----+-----+------------+-------------------------------------------------------------------+--------------+
|ap_clk                 |   in|    1|  ap_ctrl_hs|  Linear_Layer<17,16,16,1,1,1,1,1,1,245,16,0,ap_int,ap_int,ap_int >|  return value|
|ap_rst                 |   in|    1|  ap_ctrl_hs|  Linear_Layer<17,16,16,1,1,1,1,1,1,245,16,0,ap_int,ap_int,ap_int >|  return value|
|ap_start               |   in|    1|  ap_ctrl_hs|  Linear_Layer<17,16,16,1,1,1,1,1,1,245,16,0,ap_int,ap_int,ap_int >|  return value|
|ap_done                |  out|    1|  ap_ctrl_hs|  Linear_Layer<17,16,16,1,1,1,1,1,1,245,16,0,ap_int,ap_int,ap_int >|  return value|
|ap_continue            |   in|    1|  ap_ctrl_hs|  Linear_Layer<17,16,16,1,1,1,1,1,1,245,16,0,ap_int,ap_int,ap_int >|  return value|
|ap_idle                |  out|    1|  ap_ctrl_hs|  Linear_Layer<17,16,16,1,1,1,1,1,1,245,16,0,ap_int,ap_int,ap_int >|  return value|
|ap_ready               |  out|    1|  ap_ctrl_hs|  Linear_Layer<17,16,16,1,1,1,1,1,1,245,16,0,ap_int,ap_int,ap_int >|  return value|
|K_in6_dout             |   in|    8|     ap_fifo|                                                              K_in6|       pointer|
|K_in6_num_data_valid   |   in|   13|     ap_fifo|                                                              K_in6|       pointer|
|K_in6_fifo_cap         |   in|   13|     ap_fifo|                                                              K_in6|       pointer|
|K_in6_empty_n          |   in|    1|     ap_fifo|                                                              K_in6|       pointer|
|K_in6_read             |  out|    1|     ap_fifo|                                                              K_in6|       pointer|
|k_lin2_din             |  out|    8|     ap_fifo|                                                             k_lin2|       pointer|
|k_lin2_num_data_valid  |   in|    2|     ap_fifo|                                                             k_lin2|       pointer|
|k_lin2_fifo_cap        |   in|    2|     ap_fifo|                                                             k_lin2|       pointer|
|k_lin2_full_n          |   in|    1|     ap_fifo|                                                             k_lin2|       pointer|
|k_lin2_write           |  out|    1|     ap_fifo|                                                             k_lin2|       pointer|
|out_w1_dout            |   in|    8|     ap_fifo|                                                             out_w1|       pointer|
|out_w1_num_data_valid  |   in|    5|     ap_fifo|                                                             out_w1|       pointer|
|out_w1_fifo_cap        |   in|    5|     ap_fifo|                                                             out_w1|       pointer|
|out_w1_empty_n         |   in|    1|     ap_fifo|                                                             out_w1|       pointer|
|out_w1_read            |  out|    1|     ap_fifo|                                                             out_w1|       pointer|
+-----------------------+-----+-----+------------+-------------------------------------------------------------------+--------------+

