

================================================================
== Vitis HLS Report for 'Linear_Layer_Pipeline_VITIS_LOOP_1588_17_4'
================================================================
* Date:           Fri Jun 19 14:57:20 2026

* Version:        2022.2 (Build 3670227 on Oct 13 2022)
* Project:        ViT_Block
* Solution:       ViT_Block (Vivado IP Flow Target)
* Product family: zynquplus
* Target device:  xck26-sfvc784-2LV-c


================================================================
== Performance Estimates
================================================================
+ Timing: 
    * Summary: 
    +--------+----------+----------+------------+
    |  Clock |  Target  | Estimated| Uncertainty|
    +--------+----------+----------+------------+
    |ap_clk  |  10.00 ns|  5.610 ns|     2.70 ns|
    +--------+----------+----------+------------+

+ Latency: 
    * Summary: 
    +---------+---------+----------+----------+-----+-----+---------+
    |  Latency (cycles) |  Latency (absolute) |  Interval | Pipeline|
    |   min   |   max   |    min   |    max   | min | max |   Type  |
    +---------+---------+----------+----------+-----+-----+---------+
    |       19|       19|  0.190 us|  0.190 us|   19|   19|       no|
    +---------+---------+----------+----------+-----+-----+---------+

    + Detail: 
        * Instance: 
        N/A

        * Loop: 
        +----------------------+---------+---------+----------+-----------+-----------+------+----------+
        |                      |  Latency (cycles) | Iteration|  Initiation Interval  | Trip |          |
        |       Loop Name      |   min   |   max   |  Latency |  achieved |   target  | Count| Pipelined|
        +----------------------+---------+---------+----------+-----------+-----------+------+----------+
        |- VITIS_LOOP_1588_17  |       17|       17|         3|          1|          1|    16|       yes|
        +----------------------+---------+---------+----------+-----------+-----------+------+----------+



================================================================
== Utilization Estimates
================================================================
* Summary: 
+-----------------+---------+------+--------+--------+-----+
|       Name      | BRAM_18K|  DSP |   FF   |   LUT  | URAM|
+-----------------+---------+------+--------+--------+-----+
|DSP              |        -|     -|       -|       -|    -|
|Expression       |        -|     -|       0|     225|    -|
|FIFO             |        -|     -|       -|       -|    -|
|Instance         |        -|     1|       0|      20|    -|
|Memory           |        -|     -|       -|       -|    -|
|Multiplexer      |        -|     -|       -|      45|    -|
|Register         |        -|     -|      51|       -|    -|
+-----------------+---------+------+--------+--------+-----+
|Total            |        0|     1|      51|     290|    0|
+-----------------+---------+------+--------+--------+-----+
|Available        |      288|  1248|  234240|  117120|   64|
+-----------------+---------+------+--------+--------+-----+
|Utilization (%)  |        0|    ~0|      ~0|      ~0|    0|
+-----------------+---------+------+--------+--------+-----+

+ Detail: 
    * Instance: 
    +-------------------------+---------------------+---------+----+---+----+-----+
    |         Instance        |        Module       | BRAM_18K| DSP| FF| LUT| URAM|
    +-------------------------+---------------------+---------+----+---+----+-----+
    |mul_32s_10ns_42_1_1_U56  |mul_32s_10ns_42_1_1  |        0|   1|  0|  20|    0|
    +-------------------------+---------------------+---------+----+---+----+-----+
    |Total                    |                     |        0|   1|  0|  20|    0|
    +-------------------------+---------------------+---------+----+---+----+-----+

    * DSP: 
    N/A

    * Memory: 
    N/A

    * FIFO: 
    N/A

    * Expression: 
    +---------------------------+----------+----+---+----+------------+------------+
    |       Variable Name       | Operation| DSP| FF| LUT| Bitwidth P0| Bitwidth P1|
    +---------------------------+----------+----+---+----+------------+------------+
    |add_ln1588_fu_114_p2       |         +|   0|  0|  12|           5|           1|
    |ret_V_fu_152_p2            |         +|   0|  0|  47|          40|          16|
    |ret_V_12_fu_171_p2         |         -|   0|  0|  47|          16|          40|
    |rq_V_fu_190_p2             |         -|   0|  0|  32|           1|          25|
    |ap_block_pp0_stage0_01001  |       and|   0|  0|   2|           1|           1|
    |icmp_ln1027_fu_219_p2      |      icmp|   0|  0|  16|          25|           9|
    |icmp_ln1035_fu_213_p2      |      icmp|   0|  0|  13|          18|           1|
    |icmp_ln1588_fu_108_p2      |      icmp|   0|  0|  10|           5|           6|
    |or_ln1444_fu_237_p2        |        or|   0|  0|   2|           1|           1|
    |q_lin1_din                 |    select|   0|  0|   8|           1|           8|
    |rq_V_11_fu_196_p3          |    select|   0|  0|  25|           1|          25|
    |select_ln1444_fu_229_p3    |    select|   0|  0|   9|           1|           7|
    |ap_enable_pp0              |       xor|   0|  0|   2|           1|           2|
    +---------------------------+----------+----+---+----+------------+------------+
    |Total                      |          |   0|  0| 225|         116|         142|
    +---------------------------+----------+----+---+----+------------+------------+

    * Multiplexer: 
    +-------------------------+----+-----------+-----+-----------+
    |           Name          | LUT| Input Size| Bits| Total Bits|
    +-------------------------+----+-----------+-----+-----------+
    |ap_done_int              |   9|          2|    1|          2|
    |ap_enable_reg_pp0_iter1  |   9|          2|    1|          2|
    |ap_sig_allocacmp_n_4     |   9|          2|    5|         10|
    |n_fu_76                  |   9|          2|    5|         10|
    |q_lin1_blk_n             |   9|          2|    1|          2|
    +-------------------------+----+-----------+-----+-----------+
    |Total                    |  45|         10|   13|         26|
    +-------------------------+----+-----------+-----+-----------+

    * Register: 
    +----------------------------------+----+----+-----+-----------+
    |               Name               | FF | LUT| Bits| Const Bits|
    +----------------------------------+----+----+-----+-----------+
    |ap_CS_fsm                         |   1|   0|    1|          0|
    |ap_done_reg                       |   1|   0|    1|          0|
    |ap_enable_reg_pp0_iter1           |   1|   0|    1|          0|
    |ap_enable_reg_pp0_iter2           |   1|   0|    1|          0|
    |ap_loop_exit_ready_pp0_iter1_reg  |   1|   0|    1|          0|
    |n_fu_76                           |   5|   0|    5|          0|
    |tmp_reg_268                       |   1|   0|    1|          0|
    |trunc_ln1417_reg_273              |  40|   0|   40|          0|
    +----------------------------------+----+----+-----+-----------+
    |Total                             |  51|   0|   51|          0|
    +----------------------------------+----+----+-----+-----------+



================================================================
== Interface
================================================================
* Summary: 
+-----------------------+-----+-----+------------+--------------------------------------------+--------------+
|       RTL Ports       | Dir | Bits|  Protocol  |                Source Object               |    C Type    |
+-----------------------+-----+-----+------------+--------------------------------------------+--------------+
|ap_clk                 |   in|    1|  ap_ctrl_hs|  Linear_Layer_Pipeline_VITIS_LOOP_1588_17.4|  return value|
|ap_rst                 |   in|    1|  ap_ctrl_hs|  Linear_Layer_Pipeline_VITIS_LOOP_1588_17.4|  return value|
|ap_start               |   in|    1|  ap_ctrl_hs|  Linear_Layer_Pipeline_VITIS_LOOP_1588_17.4|  return value|
|ap_done                |  out|    1|  ap_ctrl_hs|  Linear_Layer_Pipeline_VITIS_LOOP_1588_17.4|  return value|
|ap_idle                |  out|    1|  ap_ctrl_hs|  Linear_Layer_Pipeline_VITIS_LOOP_1588_17.4|  return value|
|ap_ready               |  out|    1|  ap_ctrl_hs|  Linear_Layer_Pipeline_VITIS_LOOP_1588_17.4|  return value|
|q_lin1_din             |  out|    8|     ap_fifo|                                      q_lin1|       pointer|
|q_lin1_num_data_valid  |   in|    2|     ap_fifo|                                      q_lin1|       pointer|
|q_lin1_fifo_cap        |   in|    2|     ap_fifo|                                      q_lin1|       pointer|
|q_lin1_full_n          |   in|    1|     ap_fifo|                                      q_lin1|       pointer|
|q_lin1_write           |  out|    1|     ap_fifo|                                      q_lin1|       pointer|
|C_tile_V_address0      |  out|    4|   ap_memory|                                    C_tile_V|         array|
|C_tile_V_ce0           |  out|    1|   ap_memory|                                    C_tile_V|         array|
|C_tile_V_q0            |   in|   32|   ap_memory|                                    C_tile_V|         array|
+-----------------------+-----+-----+------------+--------------------------------------------+--------------+

