

================================================================
== Vitis HLS Report for 'Linear_Layer_Pipeline_VITIS_LOOP_1512_2'
================================================================
* Date:           Tue Jun 23 12:41:49 2026

* Version:        2022.2 (Build 3670227 on Oct 13 2022)
* Project:        ViT_Block
* Solution:       ViT_Block (Vivado IP Flow Target)
* Product family: virtexuplus
* Target device:  xcu250-figd2104-2L-e


================================================================
== Performance Estimates
================================================================
+ Timing: 
    * Summary: 
    +--------+----------+----------+------------+
    |  Clock |  Target  | Estimated| Uncertainty|
    +--------+----------+----------+------------+
    |ap_clk  |  10.00 ns|  1.879 ns|     2.70 ns|
    +--------+----------+----------+------------+

+ Latency: 
    * Summary: 
    +---------+---------+----------+----------+-----+-----+---------+
    |  Latency (cycles) |  Latency (absolute) |  Interval | Pipeline|
    |   min   |   max   |    min   |    max   | min | max |   Type  |
    +---------+---------+----------+----------+-----+-----+---------+
    |       18|       18|  0.180 us|  0.180 us|   18|   18|       no|
    +---------+---------+----------+----------+-----+-----+---------+

    + Detail: 
        * Instance: 
        N/A

        * Loop: 
        +---------------------+---------+---------+----------+-----------+-----------+------+----------+
        |                     |  Latency (cycles) | Iteration|  Initiation Interval  | Trip |          |
        |      Loop Name      |   min   |   max   |  Latency |  achieved |   target  | Count| Pipelined|
        +---------------------+---------+---------+----------+-----------+-----------+------+----------+
        |- VITIS_LOOP_1512_2  |       16|       16|         2|          1|          1|    16|       yes|
        +---------------------+---------+---------+----------+-----------+-----------+------+----------+



================================================================
== Utilization Estimates
================================================================
* Summary: 
+---------------------+---------+-------+---------+---------+------+
|         Name        | BRAM_18K|  DSP  |    FF   |   LUT   | URAM |
+---------------------+---------+-------+---------+---------+------+
|DSP                  |        -|      -|        -|        -|     -|
|Expression           |        -|      -|        0|       24|     -|
|FIFO                 |        -|      -|        -|        -|     -|
|Instance             |        -|      -|        -|        -|     -|
|Memory               |        0|      -|       16|       17|     -|
|Multiplexer          |        -|      -|        -|       36|     -|
|Register             |        -|      -|       13|        -|     -|
+---------------------+---------+-------+---------+---------+------+
|Total                |        0|      0|       29|       77|     0|
+---------------------+---------+-------+---------+---------+------+
|Available SLR        |     1344|   3072|   864000|   432000|   320|
+---------------------+---------+-------+---------+---------+------+
|Utilization SLR (%)  |        0|      0|       ~0|       ~0|     0|
+---------------------+---------+-------+---------+---------+------+
|Available            |     5376|  12288|  3456000|  1728000|  1280|
+---------------------+---------+-------+---------+---------+------+
|Utilization (%)      |        0|      0|       ~0|       ~0|     0|
+---------------------+---------+-------+---------+---------+------+

+ Detail: 
    * Instance: 
    N/A

    * DSP: 
    N/A

    * Memory: 
    +--------------+----------------------------------------------------------------+---------+----+----+-----+------+-----+------+-------------+
    |    Memory    |                             Module                             | BRAM_18K| FF | LUT| URAM| Words| Bits| Banks| W*Bits*Banks|
    +--------------+----------------------------------------------------------------+---------+----+----+-----+------+-----+------+-------------+
    |bias_2_0_V_U  |Linear_Layer_Pipeline_VITIS_LOOP_1512_2_bias_2_0_V_ROM_AUTO_1R  |        0|  16|  17|    0|    16|   13|     1|          208|
    +--------------+----------------------------------------------------------------+---------+----+----+-----+------+-----+------+-------------+
    |Total         |                                                                |        0|  16|  17|    0|    16|   13|     1|          208|
    +--------------+----------------------------------------------------------------+---------+----+----+-----+------+-----+------+-------------+

    * FIFO: 
    N/A

    * Expression: 
    +----------------------+----------+----+---+----+------------+------------+
    |     Variable Name    | Operation| DSP| FF| LUT| Bitwidth P0| Bitwidth P1|
    +----------------------+----------+----+---+----+------------+------------+
    |add_ln1512_fu_82_p2   |         +|   0|  0|  12|           5|           1|
    |icmp_ln1512_fu_76_p2  |      icmp|   0|  0|  10|           5|           6|
    |ap_enable_pp0         |       xor|   0|  0|   2|           1|           2|
    +----------------------+----------+----+---+----+------------+------------+
    |Total                 |          |   0|  0|  24|          11|           9|
    +----------------------+----------+----+---+----+------------+------------+

    * Multiplexer: 
    +-------------------------+----+-----------+-----+-----------+
    |           Name          | LUT| Input Size| Bits| Total Bits|
    +-------------------------+----+-----------+-----+-----------+
    |ap_done_int              |   9|          2|    1|          2|
    |ap_enable_reg_pp0_iter1  |   9|          2|    1|          2|
    |ap_sig_allocacmp_n_13    |   9|          2|    5|         10|
    |n_fu_38                  |   9|          2|    5|         10|
    +-------------------------+----+-----------+-----+-----------+
    |Total                    |  36|          8|   12|         24|
    +-------------------------+----+-----------+-----+-----------+

    * Register: 
    +-------------------------+---+----+-----+-----------+
    |           Name          | FF| LUT| Bits| Const Bits|
    +-------------------------+---+----+-----+-----------+
    |ap_CS_fsm                |  1|   0|    1|          0|
    |ap_done_reg              |  1|   0|    1|          0|
    |ap_enable_reg_pp0_iter1  |  1|   0|    1|          0|
    |n_cast_reg_113           |  5|   0|   64|         59|
    |n_fu_38                  |  5|   0|    5|          0|
    +-------------------------+---+----+-----+-----------+
    |Total                    | 13|   0|   72|         59|
    +-------------------------+---+----+-----+-----------+



================================================================
== Interface
================================================================
* Summary: 
+-------------------+-----+-----+------------+-----------------------------------------+--------------+
|     RTL Ports     | Dir | Bits|  Protocol  |              Source Object              |    C Type    |
+-------------------+-----+-----+------------+-----------------------------------------+--------------+
|ap_clk             |   in|    1|  ap_ctrl_hs|  Linear_Layer_Pipeline_VITIS_LOOP_1512_2|  return value|
|ap_rst             |   in|    1|  ap_ctrl_hs|  Linear_Layer_Pipeline_VITIS_LOOP_1512_2|  return value|
|ap_start           |   in|    1|  ap_ctrl_hs|  Linear_Layer_Pipeline_VITIS_LOOP_1512_2|  return value|
|ap_done            |  out|    1|  ap_ctrl_hs|  Linear_Layer_Pipeline_VITIS_LOOP_1512_2|  return value|
|ap_idle            |  out|    1|  ap_ctrl_hs|  Linear_Layer_Pipeline_VITIS_LOOP_1512_2|  return value|
|ap_ready           |  out|    1|  ap_ctrl_hs|  Linear_Layer_Pipeline_VITIS_LOOP_1512_2|  return value|
|C_tile_V_address0  |  out|    4|   ap_memory|                                 C_tile_V|         array|
|C_tile_V_ce0       |  out|    1|   ap_memory|                                 C_tile_V|         array|
|C_tile_V_we0       |  out|    1|   ap_memory|                                 C_tile_V|         array|
|C_tile_V_d0        |  out|   32|   ap_memory|                                 C_tile_V|         array|
+-------------------+-----+-----+------------+-----------------------------------------+--------------+

