

================================================================
== Vitis HLS Report for 'Linear_Layer_17_16_16_1_1_1_1_1_1_536_16_0_ap_int_ap_int_ap_int_s'
================================================================
* Date:           Fri Jun 19 14:57:26 2026

* Version:        2022.2 (Build 3670227 on Oct 13 2022)
* Project:        ViT_Block
* Solution:       ViT_Block (Vivado IP Flow Target)
* Product family: zynquplus
* Target device:  xck26-sfvc784-2LV-c


================================================================
== Performance Estimates
================================================================
+ Timing: 
    * Summary: 
    +--------+----------+----------+------------+
    |  Clock |  Target  | Estimated| Uncertainty|
    +--------+----------+----------+------------+
    |ap_clk  |  10.00 ns|  5.621 ns|     2.70 ns|
    +--------+----------+----------+------------+

+ Latency: 
    * Summary: 
    +---------+---------+-----------+-----------+------+------+---------+
    |  Latency (cycles) |   Latency (absolute)  |   Interval  | Pipeline|
    |   min   |   max   |    min    |    max    |  min |  max |   Type  |
    +---------+---------+-----------+-----------+------+------+---------+
    |     5288|     5288|  52.880 us|  52.880 us|  5288|  5288|       no|
    +---------+---------+-----------+-----------+------+------+---------+

    + Detail: 
        * Instance: 
        +------------------------------------------------------+--------------------------------------------+---------+---------+----------+----------+-----+-----+---------+
        |                                                      |                                            |  Latency (cycles) |  Latency (absolute) |  Interval | Pipeline|
        |                       Instance                       |                   Module                   |   min   |   max   |    min   |    max   | min | max |   Type  |
        +------------------------------------------------------+--------------------------------------------+---------+---------+----------+----------+-----+-----+---------+
        |grp_Linear_Layer_Pipeline_VITIS_LOOP_1512_2_2_fu_60   |Linear_Layer_Pipeline_VITIS_LOOP_1512_2_2   |       18|       18|  0.180 us|  0.180 us|   18|   18|       no|
        |grp_Linear_Layer_Pipeline_VITIS_LOOP_1525_6_2_fu_67   |Linear_Layer_Pipeline_VITIS_LOOP_1525_6_2   |      267|      267|  2.670 us|  2.670 us|  267|  267|       no|
        |grp_Linear_Layer_Pipeline_VITIS_LOOP_1588_17_2_fu_76  |Linear_Layer_Pipeline_VITIS_LOOP_1588_17_2  |       19|       19|  0.190 us|  0.190 us|   19|   19|       no|
        +------------------------------------------------------+--------------------------------------------+---------+---------+----------+----------+-----+-----+---------+

        * Loop: 
        +---------------------+---------+---------+----------+-----------+-----------+------+----------+
        |                     |  Latency (cycles) | Iteration|  Initiation Interval  | Trip |          |
        |      Loop Name      |   min   |   max   |  Latency |  achieved |   target  | Count| Pipelined|
        +---------------------+---------+---------+----------+-----------+-----------+------+----------+
        |- VITIS_LOOP_1509_1  |     5287|     5287|       311|          -|          -|    17|        no|
        +---------------------+---------+---------+----------+-----------+-----------+------+----------+



================================================================
== Utilization Estimates
================================================================
* Summary: 
+-----------------+---------+------+--------+--------+-----+
|       Name      | BRAM_18K|  DSP |   FF   |   LUT  | URAM|
+-----------------+---------+------+--------+--------+-----+
|DSP              |        -|     -|       -|       -|    -|
|Expression       |        -|     -|       0|      23|    -|
|FIFO             |        -|     -|       -|       -|    -|
|Instance         |        0|    18|     759|     814|    -|
|Memory           |        2|     -|       0|       0|    -|
|Multiplexer      |        -|     -|       -|     180|    -|
|Register         |        -|     -|      17|       -|    -|
+-----------------+---------+------+--------+--------+-----+
|Total            |        2|    18|     776|    1017|    0|
+-----------------+---------+------+--------+--------+-----+
|Available        |      288|  1248|  234240|  117120|   64|
+-----------------+---------+------+--------+--------+-----+
|Utilization (%)  |       ~0|     1|      ~0|      ~0|    0|
+-----------------+---------+------+--------+--------+-----+

+ Detail: 
    * Instance: 
    +------------------------------------------------------+--------------------------------------------+---------+----+-----+-----+-----+
    |                       Instance                       |                   Module                   | BRAM_18K| DSP|  FF | LUT | URAM|
    +------------------------------------------------------+--------------------------------------------+---------+----+-----+-----+-----+
    |grp_Linear_Layer_Pipeline_VITIS_LOOP_1512_2_2_fu_60   |Linear_Layer_Pipeline_VITIS_LOOP_1512_2_2   |        0|   0|   26|   64|    0|
    |grp_Linear_Layer_Pipeline_VITIS_LOOP_1525_6_2_fu_67   |Linear_Layer_Pipeline_VITIS_LOOP_1525_6_2   |        0|  16|  681|  454|    0|
    |grp_Linear_Layer_Pipeline_VITIS_LOOP_1588_17_2_fu_76  |Linear_Layer_Pipeline_VITIS_LOOP_1588_17_2  |        0|   2|   52|  296|    0|
    +------------------------------------------------------+--------------------------------------------+---------+----+-----+-----+-----+
    |Total                                                 |                                            |        0|  18|  759|  814|    0|
    +------------------------------------------------------+--------------------------------------------+---------+----+-----+-----+-----+

    * DSP: 
    N/A

    * Memory: 
    +------------+----------------------------------------------------------------------------------+---------+---+----+-----+------+-----+------+-------------+
    |   Memory   |                                      Module                                      | BRAM_18K| FF| LUT| URAM| Words| Bits| Banks| W*Bits*Banks|
    +------------+----------------------------------------------------------------------------------+---------+---+----+-----+------+-----+------+-------------+
    |C_tile_V_U  |Linear_Layer_17_16_16_1_1_1_1_1_1_337_16_0_ap_int_ap_int_ap_int_s_C_tile_V_RAbkb  |        2|  0|   0|    0|    16|   32|     1|          512|
    +------------+----------------------------------------------------------------------------------+---------+---+----+-----+------+-----+------+-------------+
    |Total       |                                                                                  |        2|  0|   0|    0|    16|   32|     1|          512|
    +------------+----------------------------------------------------------------------------------+---------+---+----+-----+------+-----+------+-------------+

    * FIFO: 
    N/A

    * Expression: 
    +----------------------+----------+----+---+----+------------+------------+
    |     Variable Name    | Operation| DSP| FF| LUT| Bitwidth P0| Bitwidth P1|
    +----------------------+----------+----+---+----+------------+------------+
    |m_25_fu_97_p2         |         +|   0|  0|  12|           5|           1|
    |icmp_ln1509_fu_91_p2  |      icmp|   0|  0|   9|           5|           5|
    |ap_block_state1       |        or|   0|  0|   2|           1|           1|
    +----------------------+----------+----+---+----+------------+------------+
    |Total                 |          |   0|  0|  23|          11|           7|
    +----------------------+----------+----+---+----+------------+------------+

    * Multiplexer: 
    +-------------------+----+-----------+-----+-----------+
    |        Name       | LUT| Input Size| Bits| Total Bits|
    +-------------------+----+-----------+-----+-----------+
    |C_tile_V_address0  |  20|          4|    4|         16|
    |C_tile_V_ce0       |  20|          4|    1|          4|
    |C_tile_V_ce1       |   9|          2|    1|          2|
    |C_tile_V_d0        |  14|          3|   32|         96|
    |C_tile_V_we0       |  14|          3|    1|          3|
    |C_tile_V_we1       |   9|          2|    1|          2|
    |ap_NS_fsm          |  49|          9|    1|          9|
    |ap_done            |   9|          2|    1|          2|
    |m_fu_52            |   9|          2|    5|         10|
    |out_linear4_read   |   9|          2|    1|          2|
    |out_mha8_write     |   9|          2|    1|          2|
    |out_w1_read        |   9|          2|    1|          2|
    +-------------------+----+-----------+-----+-----------+
    |Total              | 180|         37|   50|        150|
    +-------------------+----+-----------+-----+-----------+

    * Register: 
    +-------------------------------------------------------------------+---+----+-----+-----------+
    |                                Name                               | FF| LUT| Bits| Const Bits|
    +-------------------------------------------------------------------+---+----+-----+-----------+
    |ap_CS_fsm                                                          |  8|   0|    8|          0|
    |ap_done_reg                                                        |  1|   0|    1|          0|
    |grp_Linear_Layer_Pipeline_VITIS_LOOP_1512_2_2_fu_60_ap_start_reg   |  1|   0|    1|          0|
    |grp_Linear_Layer_Pipeline_VITIS_LOOP_1525_6_2_fu_67_ap_start_reg   |  1|   0|    1|          0|
    |grp_Linear_Layer_Pipeline_VITIS_LOOP_1588_17_2_fu_76_ap_start_reg  |  1|   0|    1|          0|
    |m_fu_52                                                            |  5|   0|    5|          0|
    +-------------------------------------------------------------------+---+----+-----+-----------+
    |Total                                                              | 17|   0|   17|          0|
    +-------------------------------------------------------------------+---+----+-----+-----------+



================================================================
== Interface
================================================================
* Summary: 
+----------------------------+-----+-----+------------+-------------------------------------------------------------------+--------------+
|          RTL Ports         | Dir | Bits|  Protocol  |                           Source Object                           |    C Type    |
+----------------------------+-----+-----+------------+-------------------------------------------------------------------+--------------+
|ap_clk                      |   in|    1|  ap_ctrl_hs|  Linear_Layer<17,16,16,1,1,1,1,1,1,536,16,0,ap_int,ap_int,ap_int >|  return value|
|ap_rst                      |   in|    1|  ap_ctrl_hs|  Linear_Layer<17,16,16,1,1,1,1,1,1,536,16,0,ap_int,ap_int,ap_int >|  return value|
|ap_start                    |   in|    1|  ap_ctrl_hs|  Linear_Layer<17,16,16,1,1,1,1,1,1,536,16,0,ap_int,ap_int,ap_int >|  return value|
|ap_done                     |  out|    1|  ap_ctrl_hs|  Linear_Layer<17,16,16,1,1,1,1,1,1,536,16,0,ap_int,ap_int,ap_int >|  return value|
|ap_continue                 |   in|    1|  ap_ctrl_hs|  Linear_Layer<17,16,16,1,1,1,1,1,1,536,16,0,ap_int,ap_int,ap_int >|  return value|
|ap_idle                     |  out|    1|  ap_ctrl_hs|  Linear_Layer<17,16,16,1,1,1,1,1,1,536,16,0,ap_int,ap_int,ap_int >|  return value|
|ap_ready                    |  out|    1|  ap_ctrl_hs|  Linear_Layer<17,16,16,1,1,1,1,1,1,536,16,0,ap_int,ap_int,ap_int >|  return value|
|out_linear4_dout            |   in|    8|     ap_fifo|                                                        out_linear4|       pointer|
|out_linear4_num_data_valid  |   in|    2|     ap_fifo|                                                        out_linear4|       pointer|
|out_linear4_fifo_cap        |   in|    2|     ap_fifo|                                                        out_linear4|       pointer|
|out_linear4_empty_n         |   in|    1|     ap_fifo|                                                        out_linear4|       pointer|
|out_linear4_read            |  out|    1|     ap_fifo|                                                        out_linear4|       pointer|
|out_mha8_din                |  out|    8|     ap_fifo|                                                           out_mha8|       pointer|
|out_mha8_num_data_valid     |   in|    2|     ap_fifo|                                                           out_mha8|       pointer|
|out_mha8_fifo_cap           |   in|    2|     ap_fifo|                                                           out_mha8|       pointer|
|out_mha8_full_n             |   in|    1|     ap_fifo|                                                           out_mha8|       pointer|
|out_mha8_write              |  out|    1|     ap_fifo|                                                           out_mha8|       pointer|
|out_w1_dout                 |   in|    8|     ap_fifo|                                                             out_w1|       pointer|
|out_w1_num_data_valid       |   in|    7|     ap_fifo|                                                             out_w1|       pointer|
|out_w1_fifo_cap             |   in|    7|     ap_fifo|                                                             out_w1|       pointer|
|out_w1_empty_n              |   in|    1|     ap_fifo|                                                             out_w1|       pointer|
|out_w1_read                 |  out|    1|     ap_fifo|                                                             out_w1|       pointer|
+----------------------------+-----+-----+------------+-------------------------------------------------------------------+--------------+

