

================================================================
== Vitis HLS Report for 'Linear_Layer_Pipeline_VITIS_LOOP_1525_6'
================================================================
* Date:           Tue Jun 23 12:33:57 2026

* Version:        2022.2 (Build 3670227 on Oct 13 2022)
* Project:        ViT_Block
* Solution:       ViT_Block (Vivado IP Flow Target)
* Product family: virtexuplus
* Target device:  xcu250-figd2104-2L-e


================================================================
== Performance Estimates
================================================================
+ Timing: 
    * Summary: 
    +--------+----------+----------+------------+
    |  Clock |  Target  | Estimated| Uncertainty|
    +--------+----------+----------+------------+
    |ap_clk  |  10.00 ns|  2.353 ns|     2.70 ns|
    +--------+----------+----------+------------+

+ Latency: 
    * Summary: 
    +---------+---------+-----------+-----------+------+------+---------+
    |  Latency (cycles) |   Latency (absolute)  |   Interval  | Pipeline|
    |   min   |   max   |    min    |    max    |  min |  max |   Type  |
    +---------+---------+-----------+-----------+------+------+---------+
    |     1035|     1035|  10.350 us|  10.350 us|  1035|  1035|       no|
    +---------+---------+-----------+-----------+------+------+---------+

    + Detail: 
        * Instance: 
        N/A

        * Loop: 
        +---------------------+---------+---------+----------+-----------+-----------+------+----------+
        |                     |  Latency (cycles) | Iteration|  Initiation Interval  | Trip |          |
        |      Loop Name      |   min   |   max   |  Latency |  achieved |   target  | Count| Pipelined|
        +---------------------+---------+---------+----------+-----------+-----------+------+----------+
        |- VITIS_LOOP_1525_6  |     1033|     1033|        20|         16|          1|    64|       yes|
        +---------------------+---------+---------+----------+-----------+-----------+------+----------+



================================================================
== Utilization Estimates
================================================================
* Summary: 
+---------------------+---------+-------+---------+---------+------+
|         Name        | BRAM_18K|  DSP  |    FF   |   LUT   | URAM |
+---------------------+---------+-------+---------+---------+------+
|DSP                  |        -|     16|        -|        -|     -|
|Expression           |        -|      -|        0|       37|     -|
|FIFO                 |        -|      -|        -|        -|     -|
|Instance             |        -|      -|        -|        -|     -|
|Memory               |        -|      -|        -|        -|     -|
|Multiplexer          |        -|      -|        -|      420|     -|
|Register             |        -|      -|      683|        -|     -|
+---------------------+---------+-------+---------+---------+------+
|Total                |        0|     16|      683|      457|     0|
+---------------------+---------+-------+---------+---------+------+
|Available SLR        |     1344|   3072|   864000|   432000|   320|
+---------------------+---------+-------+---------+---------+------+
|Utilization SLR (%)  |        0|     ~0|       ~0|       ~0|     0|
+---------------------+---------+-------+---------+---------+------+
|Available            |     5376|  12288|  3456000|  1728000|  1280|
+---------------------+---------+-------+---------+---------+------+
|Utilization (%)      |        0|     ~0|       ~0|       ~0|     0|
+---------------------+---------+-------+---------+---------+------+

+ Detail: 
    * Instance: 
    N/A

    * DSP: 
    +----------------------------------+-----------------------------+--------------+
    |             Instance             |            Module           |  Expression  |
    +----------------------------------+-----------------------------+--------------+
    |mac_muladd_8s_8s_32s_32_4_1_U533  |mac_muladd_8s_8s_32s_32_4_1  |  i0 + i1 * i2|
    |mac_muladd_8s_8s_32s_32_4_1_U534  |mac_muladd_8s_8s_32s_32_4_1  |  i0 + i1 * i2|
    |mac_muladd_8s_8s_32s_32_4_1_U535  |mac_muladd_8s_8s_32s_32_4_1  |  i0 + i1 * i2|
    |mac_muladd_8s_8s_32s_32_4_1_U536  |mac_muladd_8s_8s_32s_32_4_1  |  i0 + i1 * i2|
    |mac_muladd_8s_8s_32s_32_4_1_U537  |mac_muladd_8s_8s_32s_32_4_1  |  i0 + i1 * i2|
    |mac_muladd_8s_8s_32s_32_4_1_U538  |mac_muladd_8s_8s_32s_32_4_1  |  i0 + i1 * i2|
    |mac_muladd_8s_8s_32s_32_4_1_U539  |mac_muladd_8s_8s_32s_32_4_1  |  i0 + i1 * i2|
    |mac_muladd_8s_8s_32s_32_4_1_U540  |mac_muladd_8s_8s_32s_32_4_1  |  i0 + i1 * i2|
    |mac_muladd_8s_8s_32s_32_4_1_U541  |mac_muladd_8s_8s_32s_32_4_1  |  i0 + i1 * i2|
    |mac_muladd_8s_8s_32s_32_4_1_U542  |mac_muladd_8s_8s_32s_32_4_1  |  i0 + i1 * i2|
    |mac_muladd_8s_8s_32s_32_4_1_U543  |mac_muladd_8s_8s_32s_32_4_1  |  i0 + i1 * i2|
    |mac_muladd_8s_8s_32s_32_4_1_U544  |mac_muladd_8s_8s_32s_32_4_1  |  i0 + i1 * i2|
    |mac_muladd_8s_8s_32s_32_4_1_U545  |mac_muladd_8s_8s_32s_32_4_1  |  i0 + i1 * i2|
    |mac_muladd_8s_8s_32s_32_4_1_U546  |mac_muladd_8s_8s_32s_32_4_1  |  i0 + i1 * i2|
    |mac_muladd_8s_8s_32s_32_4_1_U547  |mac_muladd_8s_8s_32s_32_4_1  |  i0 + i1 * i2|
    |mac_muladd_8s_8s_32s_32_4_1_U548  |mac_muladd_8s_8s_32s_32_4_1  |  i0 + i1 * i2|
    +----------------------------------+-----------------------------+--------------+

    * Memory: 
    N/A

    * FIFO: 
    N/A

    * Expression: 
    +-----------------------------------+----------+----+---+----+------------+------------+
    |           Variable Name           | Operation| DSP| FF| LUT| Bitwidth P0| Bitwidth P1|
    +-----------------------------------+----------+----+---+----+------------+------------+
    |k_15_fu_278_p2                     |         +|   0|  0|  14|           7|           1|
    |ap_block_pp0_stage0_11001          |       and|   0|  0|   2|           1|           1|
    |ap_block_pp0_stage10_11001         |       and|   0|  0|   2|           1|           1|
    |ap_block_pp0_stage1_11001          |       and|   0|  0|   2|           1|           1|
    |ap_block_state10_pp0_stage9_iter0  |       and|   0|  0|   2|           1|           1|
    |icmp_ln1525_fu_272_p2              |      icmp|   0|  0|  11|           7|           8|
    |ap_block_state2_pp0_stage1_iter0   |        or|   0|  0|   2|           1|           1|
    |ap_enable_pp0                      |       xor|   0|  0|   2|           1|           2|
    +-----------------------------------+----------+----+---+----+------------+------------+
    |Total                              |          |   0|  0|  37|          20|          16|
    +-----------------------------------+----------+----+---+----+------------+------------+

    * Multiplexer: 
    +-----------------------------+----+-----------+-----+-----------+
    |             Name            | LUT| Input Size| Bits| Total Bits|
    +-----------------------------+----+-----------+-----+-----------+
    |C_tile_V_address0            |  81|         17|    4|         68|
    |C_tile_V_address1            |  81|         17|    4|         68|
    |C_tile_V_d0                  |  59|         11|   32|        352|
    |C_tile_V_d1                  |  37|          7|   32|        224|
    |ap_NS_fsm                    |  81|         17|    1|         17|
    |ap_done_int                  |   9|          2|    1|          2|
    |ap_enable_reg_pp0_iter0      |   9|          2|    1|          2|
    |ap_enable_reg_pp0_iter0_reg  |   9|          2|    1|          2|
    |ap_enable_reg_pp0_iter1      |   9|          2|    1|          2|
    |ap_sig_allocacmp_k_14        |   9|          2|    7|         14|
    |k_fu_78                      |   9|          2|    7|         14|
    |out_w1_blk_n                 |   9|          2|    1|          2|
    |reg_259                      |   9|          2|   32|         64|
    |relu2_blk_n                  |   9|          2|    1|          2|
    +-----------------------------+----+-----------+-----+-----------+
    |Total                        | 420|         87|  125|        833|
    +-----------------------------+----+-----------+-----+-----------+

    * Register: 
    +-----------------------------+----+----+-----+-----------+
    |             Name            | FF | LUT| Bits| Const Bits|
    +-----------------------------+----+----+-----+-----------+
    |C_tile_V_load_11_reg_649     |  32|   0|   32|          0|
    |C_tile_V_load_13_reg_675     |  32|   0|   32|          0|
    |C_tile_V_load_15_reg_690     |  32|   0|   32|          0|
    |C_tile_V_load_7_reg_598      |  32|   0|   32|          0|
    |C_tile_V_load_9_reg_623      |  32|   0|   32|          0|
    |add_ln840_10_reg_725         |  32|   0|   32|          0|
    |add_ln840_1_reg_568          |  32|   0|   32|          0|
    |add_ln840_2_reg_588          |  32|   0|   32|          0|
    |add_ln840_3_reg_613          |  32|   0|   32|          0|
    |add_ln840_4_reg_639          |  32|   0|   32|          0|
    |add_ln840_5_reg_665          |  32|   0|   32|          0|
    |add_ln840_6_reg_680          |  32|   0|   32|          0|
    |add_ln840_7_reg_695          |  32|   0|   32|          0|
    |add_ln840_8_reg_705          |  32|   0|   32|          0|
    |add_ln840_9_reg_715          |  32|   0|   32|          0|
    |add_ln840_reg_548            |  32|   0|   32|          0|
    |ap_CS_fsm                    |  16|   0|   16|          0|
    |ap_done_reg                  |   1|   0|    1|          0|
    |ap_enable_reg_pp0_iter0_reg  |   1|   0|    1|          0|
    |ap_enable_reg_pp0_iter1      |   1|   0|    1|          0|
    |icmp_ln1525_reg_482          |   1|   0|    1|          0|
    |k_fu_78                      |   7|   0|    7|          0|
    |lhs_reg_492                  |  16|   0|   16|          0|
    |reg_247                      |  32|   0|   32|          0|
    |reg_251                      |  32|   0|   32|          0|
    |reg_255                      |  32|   0|   32|          0|
    |reg_259                      |  32|   0|   32|          0|
    +-----------------------------+----+----+-----+-----------+
    |Total                        | 683|   0|  683|          0|
    +-----------------------------+----+----+-----+-----------+



================================================================
== Interface
================================================================
* Summary: 
+-----------------------+-----+-----+------------+-----------------------------------------+--------------+
|       RTL Ports       | Dir | Bits|  Protocol  |              Source Object              |    C Type    |
+-----------------------+-----+-----+------------+-----------------------------------------+--------------+
|ap_clk                 |   in|    1|  ap_ctrl_hs|  Linear_Layer_Pipeline_VITIS_LOOP_1525_6|  return value|
|ap_rst                 |   in|    1|  ap_ctrl_hs|  Linear_Layer_Pipeline_VITIS_LOOP_1525_6|  return value|
|ap_start               |   in|    1|  ap_ctrl_hs|  Linear_Layer_Pipeline_VITIS_LOOP_1525_6|  return value|
|ap_done                |  out|    1|  ap_ctrl_hs|  Linear_Layer_Pipeline_VITIS_LOOP_1525_6|  return value|
|ap_idle                |  out|    1|  ap_ctrl_hs|  Linear_Layer_Pipeline_VITIS_LOOP_1525_6|  return value|
|ap_ready               |  out|    1|  ap_ctrl_hs|  Linear_Layer_Pipeline_VITIS_LOOP_1525_6|  return value|
|out_w1_dout            |   in|    8|     ap_fifo|                                   out_w1|       pointer|
|out_w1_num_data_valid  |   in|    7|     ap_fifo|                                   out_w1|       pointer|
|out_w1_fifo_cap        |   in|    7|     ap_fifo|                                   out_w1|       pointer|
|out_w1_empty_n         |   in|    1|     ap_fifo|                                   out_w1|       pointer|
|out_w1_read            |  out|    1|     ap_fifo|                                   out_w1|       pointer|
|C_tile_V_address0      |  out|    4|   ap_memory|                                 C_tile_V|         array|
|C_tile_V_ce0           |  out|    1|   ap_memory|                                 C_tile_V|         array|
|C_tile_V_we0           |  out|    1|   ap_memory|                                 C_tile_V|         array|
|C_tile_V_d0            |  out|   32|   ap_memory|                                 C_tile_V|         array|
|C_tile_V_q0            |   in|   32|   ap_memory|                                 C_tile_V|         array|
|C_tile_V_address1      |  out|    4|   ap_memory|                                 C_tile_V|         array|
|C_tile_V_ce1           |  out|    1|   ap_memory|                                 C_tile_V|         array|
|C_tile_V_we1           |  out|    1|   ap_memory|                                 C_tile_V|         array|
|C_tile_V_d1            |  out|   32|   ap_memory|                                 C_tile_V|         array|
|C_tile_V_q1            |   in|   32|   ap_memory|                                 C_tile_V|         array|
|relu2_dout             |   in|    8|     ap_fifo|                                    relu2|       pointer|
|relu2_num_data_valid   |   in|    7|     ap_fifo|                                    relu2|       pointer|
|relu2_fifo_cap         |   in|    7|     ap_fifo|                                    relu2|       pointer|
|relu2_empty_n          |   in|    1|     ap_fifo|                                    relu2|       pointer|
|relu2_read             |  out|    1|     ap_fifo|                                    relu2|       pointer|
+-----------------------+-----+-----+------------+-----------------------------------------+--------------+

