

================================================================
== Vitis HLS Report for 'Linear_Layer_Pipeline_VITIS_LOOP_1525_6_1'
================================================================
* Date:           Tue Jun 23 12:41:48 2026

* Version:        2022.2 (Build 3670227 on Oct 13 2022)
* Project:        ViT_Block
* Solution:       ViT_Block (Vivado IP Flow Target)
* Product family: virtexuplus
* Target device:  xcu250-figd2104-2L-e


================================================================
== Performance Estimates
================================================================
+ Timing: 
    * Summary: 
    +--------+----------+----------+------------+
    |  Clock |  Target  | Estimated| Uncertainty|
    +--------+----------+----------+------------+
    |ap_clk  |  10.00 ns|  2.361 ns|     2.70 ns|
    +--------+----------+----------+------------+

+ Latency: 
    * Summary: 
    +---------+---------+-----------+-----------+------+------+---------+
    |  Latency (cycles) |   Latency (absolute)  |   Interval  | Pipeline|
    |   min   |   max   |    min    |    max    |  min |  max |   Type  |
    +---------+---------+-----------+-----------+------+------+---------+
    |     1059|     1059|  10.590 us|  10.590 us|  1059|  1059|       no|
    +---------+---------+-----------+-----------+------+------+---------+

    + Detail: 
        * Instance: 
        N/A

        * Loop: 
        +---------------------+---------+---------+----------+-----------+-----------+------+----------+
        |                     |  Latency (cycles) | Iteration|  Initiation Interval  | Trip |          |
        |      Loop Name      |   min   |   max   |  Latency |  achieved |   target  | Count| Pipelined|
        +---------------------+---------+---------+----------+-----------+-----------+------+----------+
        |- VITIS_LOOP_1525_6  |     1057|     1057|        68|         64|          1|    16|       yes|
        +---------------------+---------+---------+----------+-----------+-----------+------+----------+



================================================================
== Utilization Estimates
================================================================
* Summary: 
+---------------------+---------+-------+---------+---------+------+
|         Name        | BRAM_18K|  DSP  |    FF   |   LUT   | URAM |
+---------------------+---------+-------+---------+---------+------+
|DSP                  |        -|     64|        -|        -|     -|
|Expression           |        -|      -|        0|       34|     -|
|FIFO                 |        -|      -|        -|        -|     -|
|Instance             |        -|      -|        -|        -|     -|
|Memory               |        -|      -|        -|        -|     -|
|Multiplexer          |        -|      -|        -|     1330|     -|
|Register             |        -|      -|     3033|        -|     -|
+---------------------+---------+-------+---------+---------+------+
|Total                |        0|     64|     3033|     1364|     0|
+---------------------+---------+-------+---------+---------+------+
|Available SLR        |     1344|   3072|   864000|   432000|   320|
+---------------------+---------+-------+---------+---------+------+
|Utilization SLR (%)  |        0|      2|       ~0|       ~0|     0|
+---------------------+---------+-------+---------+---------+------+
|Available            |     5376|  12288|  3456000|  1728000|  1280|
+---------------------+---------+-------+---------+---------+------+
|Utilization (%)      |        0|     ~0|       ~0|       ~0|     0|
+---------------------+---------+-------+---------+---------+------+

+ Detail: 
    * Instance: 
    N/A

    * DSP: 
    +----------------------------------+-----------------------------+--------------+
    |             Instance             |            Module           |  Expression  |
    +----------------------------------+-----------------------------+--------------+
    |mac_muladd_8s_8s_32s_32_4_1_U445  |mac_muladd_8s_8s_32s_32_4_1  |  i0 + i1 * i2|
    |mac_muladd_8s_8s_32s_32_4_1_U446  |mac_muladd_8s_8s_32s_32_4_1  |  i0 + i1 * i2|
    |mac_muladd_8s_8s_32s_32_4_1_U447  |mac_muladd_8s_8s_32s_32_4_1  |  i0 + i1 * i2|
    |mac_muladd_8s_8s_32s_32_4_1_U448  |mac_muladd_8s_8s_32s_32_4_1  |  i0 + i1 * i2|
    |mac_muladd_8s_8s_32s_32_4_1_U449  |mac_muladd_8s_8s_32s_32_4_1  |  i0 + i1 * i2|
    |mac_muladd_8s_8s_32s_32_4_1_U450  |mac_muladd_8s_8s_32s_32_4_1  |  i0 + i1 * i2|
    |mac_muladd_8s_8s_32s_32_4_1_U451  |mac_muladd_8s_8s_32s_32_4_1  |  i0 + i1 * i2|
    |mac_muladd_8s_8s_32s_32_4_1_U452  |mac_muladd_8s_8s_32s_32_4_1  |  i0 + i1 * i2|
    |mac_muladd_8s_8s_32s_32_4_1_U453  |mac_muladd_8s_8s_32s_32_4_1  |  i0 + i1 * i2|
    |mac_muladd_8s_8s_32s_32_4_1_U454  |mac_muladd_8s_8s_32s_32_4_1  |  i0 + i1 * i2|
    |mac_muladd_8s_8s_32s_32_4_1_U455  |mac_muladd_8s_8s_32s_32_4_1  |  i0 + i1 * i2|
    |mac_muladd_8s_8s_32s_32_4_1_U456  |mac_muladd_8s_8s_32s_32_4_1  |  i0 + i1 * i2|
    |mac_muladd_8s_8s_32s_32_4_1_U457  |mac_muladd_8s_8s_32s_32_4_1  |  i0 + i1 * i2|
    |mac_muladd_8s_8s_32s_32_4_1_U458  |mac_muladd_8s_8s_32s_32_4_1  |  i0 + i1 * i2|
    |mac_muladd_8s_8s_32s_32_4_1_U459  |mac_muladd_8s_8s_32s_32_4_1  |  i0 + i1 * i2|
    |mac_muladd_8s_8s_32s_32_4_1_U460  |mac_muladd_8s_8s_32s_32_4_1  |  i0 + i1 * i2|
    |mac_muladd_8s_8s_32s_32_4_1_U461  |mac_muladd_8s_8s_32s_32_4_1  |  i0 + i1 * i2|
    |mac_muladd_8s_8s_32s_32_4_1_U462  |mac_muladd_8s_8s_32s_32_4_1  |  i0 + i1 * i2|
    |mac_muladd_8s_8s_32s_32_4_1_U463  |mac_muladd_8s_8s_32s_32_4_1  |  i0 + i1 * i2|
    |mac_muladd_8s_8s_32s_32_4_1_U464  |mac_muladd_8s_8s_32s_32_4_1  |  i0 + i1 * i2|
    |mac_muladd_8s_8s_32s_32_4_1_U465  |mac_muladd_8s_8s_32s_32_4_1  |  i0 + i1 * i2|
    |mac_muladd_8s_8s_32s_32_4_1_U466  |mac_muladd_8s_8s_32s_32_4_1  |  i0 + i1 * i2|
    |mac_muladd_8s_8s_32s_32_4_1_U467  |mac_muladd_8s_8s_32s_32_4_1  |  i0 + i1 * i2|
    |mac_muladd_8s_8s_32s_32_4_1_U468  |mac_muladd_8s_8s_32s_32_4_1  |  i0 + i1 * i2|
    |mac_muladd_8s_8s_32s_32_4_1_U469  |mac_muladd_8s_8s_32s_32_4_1  |  i0 + i1 * i2|
    |mac_muladd_8s_8s_32s_32_4_1_U470  |mac_muladd_8s_8s_32s_32_4_1  |  i0 + i1 * i2|
    |mac_muladd_8s_8s_32s_32_4_1_U471  |mac_muladd_8s_8s_32s_32_4_1  |  i0 + i1 * i2|
    |mac_muladd_8s_8s_32s_32_4_1_U472  |mac_muladd_8s_8s_32s_32_4_1  |  i0 + i1 * i2|
    |mac_muladd_8s_8s_32s_32_4_1_U473  |mac_muladd_8s_8s_32s_32_4_1  |  i0 + i1 * i2|
    |mac_muladd_8s_8s_32s_32_4_1_U474  |mac_muladd_8s_8s_32s_32_4_1  |  i0 + i1 * i2|
    |mac_muladd_8s_8s_32s_32_4_1_U475  |mac_muladd_8s_8s_32s_32_4_1  |  i0 + i1 * i2|
    |mac_muladd_8s_8s_32s_32_4_1_U476  |mac_muladd_8s_8s_32s_32_4_1  |  i0 + i1 * i2|
    |mac_muladd_8s_8s_32s_32_4_1_U477  |mac_muladd_8s_8s_32s_32_4_1  |  i0 + i1 * i2|
    |mac_muladd_8s_8s_32s_32_4_1_U478  |mac_muladd_8s_8s_32s_32_4_1  |  i0 + i1 * i2|
    |mac_muladd_8s_8s_32s_32_4_1_U479  |mac_muladd_8s_8s_32s_32_4_1  |  i0 + i1 * i2|
    |mac_muladd_8s_8s_32s_32_4_1_U480  |mac_muladd_8s_8s_32s_32_4_1  |  i0 + i1 * i2|
    |mac_muladd_8s_8s_32s_32_4_1_U481  |mac_muladd_8s_8s_32s_32_4_1  |  i0 + i1 * i2|
    |mac_muladd_8s_8s_32s_32_4_1_U482  |mac_muladd_8s_8s_32s_32_4_1  |  i0 + i1 * i2|
    |mac_muladd_8s_8s_32s_32_4_1_U483  |mac_muladd_8s_8s_32s_32_4_1  |  i0 + i1 * i2|
    |mac_muladd_8s_8s_32s_32_4_1_U484  |mac_muladd_8s_8s_32s_32_4_1  |  i0 + i1 * i2|
    |mac_muladd_8s_8s_32s_32_4_1_U485  |mac_muladd_8s_8s_32s_32_4_1  |  i0 + i1 * i2|
    |mac_muladd_8s_8s_32s_32_4_1_U486  |mac_muladd_8s_8s_32s_32_4_1  |  i0 + i1 * i2|
    |mac_muladd_8s_8s_32s_32_4_1_U487  |mac_muladd_8s_8s_32s_32_4_1  |  i0 + i1 * i2|
    |mac_muladd_8s_8s_32s_32_4_1_U488  |mac_muladd_8s_8s_32s_32_4_1  |  i0 + i1 * i2|
    |mac_muladd_8s_8s_32s_32_4_1_U489  |mac_muladd_8s_8s_32s_32_4_1  |  i0 + i1 * i2|
    |mac_muladd_8s_8s_32s_32_4_1_U490  |mac_muladd_8s_8s_32s_32_4_1  |  i0 + i1 * i2|
    |mac_muladd_8s_8s_32s_32_4_1_U491  |mac_muladd_8s_8s_32s_32_4_1  |  i0 + i1 * i2|
    |mac_muladd_8s_8s_32s_32_4_1_U492  |mac_muladd_8s_8s_32s_32_4_1  |  i0 + i1 * i2|
    |mac_muladd_8s_8s_32s_32_4_1_U493  |mac_muladd_8s_8s_32s_32_4_1  |  i0 + i1 * i2|
    |mac_muladd_8s_8s_32s_32_4_1_U494  |mac_muladd_8s_8s_32s_32_4_1  |  i0 + i1 * i2|
    |mac_muladd_8s_8s_32s_32_4_1_U495  |mac_muladd_8s_8s_32s_32_4_1  |  i0 + i1 * i2|
    |mac_muladd_8s_8s_32s_32_4_1_U496  |mac_muladd_8s_8s_32s_32_4_1  |  i0 + i1 * i2|
    |mac_muladd_8s_8s_32s_32_4_1_U497  |mac_muladd_8s_8s_32s_32_4_1  |  i0 + i1 * i2|
    |mac_muladd_8s_8s_32s_32_4_1_U498  |mac_muladd_8s_8s_32s_32_4_1  |  i0 + i1 * i2|
    |mac_muladd_8s_8s_32s_32_4_1_U499  |mac_muladd_8s_8s_32s_32_4_1  |  i0 + i1 * i2|
    |mac_muladd_8s_8s_32s_32_4_1_U500  |mac_muladd_8s_8s_32s_32_4_1  |  i0 + i1 * i2|
    |mac_muladd_8s_8s_32s_32_4_1_U501  |mac_muladd_8s_8s_32s_32_4_1  |  i0 + i1 * i2|
    |mac_muladd_8s_8s_32s_32_4_1_U502  |mac_muladd_8s_8s_32s_32_4_1  |  i0 + i1 * i2|
    |mac_muladd_8s_8s_32s_32_4_1_U503  |mac_muladd_8s_8s_32s_32_4_1  |  i0 + i1 * i2|
    |mac_muladd_8s_8s_32s_32_4_1_U504  |mac_muladd_8s_8s_32s_32_4_1  |  i0 + i1 * i2|
    |mac_muladd_8s_8s_32s_32_4_1_U505  |mac_muladd_8s_8s_32s_32_4_1  |  i0 + i1 * i2|
    |mac_muladd_8s_8s_32s_32_4_1_U506  |mac_muladd_8s_8s_32s_32_4_1  |  i0 + i1 * i2|
    |mac_muladd_8s_8s_32s_32_4_1_U507  |mac_muladd_8s_8s_32s_32_4_1  |  i0 + i1 * i2|
    |mac_muladd_8s_8s_32s_32_4_1_U508  |mac_muladd_8s_8s_32s_32_4_1  |  i0 + i1 * i2|
    +----------------------------------+-----------------------------+--------------+

    * Memory: 
    N/A

    * FIFO: 
    N/A

    * Expression: 
    +-----------------------------------+----------+----+---+----+------------+------------+
    |           Variable Name           | Operation| DSP| FF| LUT| Bitwidth P0| Bitwidth P1|
    +-----------------------------------+----------+----+---+----+------------+------------+
    |k_13_fu_862_p2                     |         +|   0|  0|  12|           5|           1|
    |ap_block_pp0_stage0_11001          |       and|   0|  0|   2|           1|           1|
    |ap_block_pp0_stage10_11001         |       and|   0|  0|   2|           1|           1|
    |ap_block_pp0_stage1_11001          |       and|   0|  0|   2|           1|           1|
    |ap_block_state10_pp0_stage9_iter0  |       and|   0|  0|   2|           1|           1|
    |icmp_ln1525_fu_856_p2              |      icmp|   0|  0|  10|           5|           6|
    |ap_block_state2_pp0_stage1_iter0   |        or|   0|  0|   2|           1|           1|
    |ap_enable_pp0                      |       xor|   0|  0|   2|           1|           2|
    +-----------------------------------+----------+----+---+----+------------+------------+
    |Total                              |          |   0|  0|  34|          16|          14|
    +-----------------------------------+----------+----+---+----+------------+------------+

    * Multiplexer: 
    +-----------------------------+-----+-----------+-----+-----------+
    |             Name            | LUT | Input Size| Bits| Total Bits|
    +-----------------------------+-----+-----------+-----+-----------+
    |C_tile_V_address0            |  279|         65|    6|        390|
    |C_tile_V_address1            |  279|         65|    6|        390|
    |C_tile_V_d0                  |  159|         35|   32|       1120|
    |C_tile_V_d1                  |  145|         31|   32|        992|
    |ap_NS_fsm                    |  279|         65|    1|         65|
    |ap_done_int                  |    9|          2|    1|          2|
    |ap_enable_reg_pp0_iter0      |    9|          2|    1|          2|
    |ap_enable_reg_pp0_iter0_reg  |    9|          2|    1|          2|
    |ap_enable_reg_pp0_iter1      |    9|          2|    1|          2|
    |ap_sig_allocacmp_k_12        |    9|          2|    5|         10|
    |k_fu_170                     |    9|          2|    5|         10|
    |norm_out_113_blk_n           |    9|          2|    1|          2|
    |out_w1_blk_n                 |    9|          2|    1|          2|
    |reg_783                      |    9|          2|   32|         64|
    |reg_788                      |    9|          2|   32|         64|
    |reg_793                      |    9|          2|   32|         64|
    |reg_798                      |    9|          2|   32|         64|
    |reg_803                      |    9|          2|   32|         64|
    |reg_808                      |    9|          2|   32|         64|
    |reg_813                      |    9|          2|   32|         64|
    |reg_818                      |    9|          2|   32|         64|
    |reg_823                      |    9|          2|   32|         64|
    |reg_828                      |    9|          2|   32|         64|
    |reg_833                      |    9|          2|   32|         64|
    |reg_838                      |    9|          2|   32|         64|
    |reg_843                      |    9|          2|   32|         64|
    +-----------------------------+-----+-----------+-----+-----------+
    |Total                        | 1330|        303|  509|       3821|
    +-----------------------------+-----+-----------+-----+-----------+

    * Register: 
    +-----------------------------+----+----+-----+-----------+
    |             Name            | FF | LUT| Bits| Const Bits|
    +-----------------------------+----+----+-----+-----------+
    |C_tile_V_load_31_reg_1986    |  32|   0|   32|          0|
    |C_tile_V_load_33_reg_2011    |  32|   0|   32|          0|
    |C_tile_V_load_35_reg_2036    |  32|   0|   32|          0|
    |C_tile_V_load_37_reg_2061    |  32|   0|   32|          0|
    |C_tile_V_load_39_reg_2086    |  32|   0|   32|          0|
    |C_tile_V_load_41_reg_2111    |  32|   0|   32|          0|
    |C_tile_V_load_43_reg_2136    |  32|   0|   32|          0|
    |C_tile_V_load_45_reg_2161    |  32|   0|   32|          0|
    |C_tile_V_load_47_reg_2186    |  32|   0|   32|          0|
    |C_tile_V_load_49_reg_2211    |  32|   0|   32|          0|
    |C_tile_V_load_51_reg_2236    |  32|   0|   32|          0|
    |C_tile_V_load_53_reg_2261    |  32|   0|   32|          0|
    |C_tile_V_load_55_reg_2286    |  32|   0|   32|          0|
    |C_tile_V_load_57_reg_2311    |  32|   0|   32|          0|
    |C_tile_V_load_59_reg_2337    |  32|   0|   32|          0|
    |C_tile_V_load_61_reg_2363    |  32|   0|   32|          0|
    |C_tile_V_load_63_reg_2378    |  32|   0|   32|          0|
    |add_ln840_10_reg_1896        |  32|   0|   32|          0|
    |add_ln840_11_reg_1916        |  32|   0|   32|          0|
    |add_ln840_12_reg_1936        |  32|   0|   32|          0|
    |add_ln840_13_reg_1956        |  32|   0|   32|          0|
    |add_ln840_14_reg_1976        |  32|   0|   32|          0|
    |add_ln840_15_reg_2001        |  32|   0|   32|          0|
    |add_ln840_16_reg_2026        |  32|   0|   32|          0|
    |add_ln840_17_reg_2051        |  32|   0|   32|          0|
    |add_ln840_18_reg_2076        |  32|   0|   32|          0|
    |add_ln840_19_reg_2101        |  32|   0|   32|          0|
    |add_ln840_1_reg_1716         |  32|   0|   32|          0|
    |add_ln840_20_reg_2126        |  32|   0|   32|          0|
    |add_ln840_21_reg_2151        |  32|   0|   32|          0|
    |add_ln840_22_reg_2176        |  32|   0|   32|          0|
    |add_ln840_23_reg_2201        |  32|   0|   32|          0|
    |add_ln840_24_reg_2226        |  32|   0|   32|          0|
    |add_ln840_25_reg_2251        |  32|   0|   32|          0|
    |add_ln840_26_reg_2276        |  32|   0|   32|          0|
    |add_ln840_27_reg_2301        |  32|   0|   32|          0|
    |add_ln840_28_reg_2327        |  32|   0|   32|          0|
    |add_ln840_29_reg_2353        |  32|   0|   32|          0|
    |add_ln840_2_reg_1736         |  32|   0|   32|          0|
    |add_ln840_30_reg_2368        |  32|   0|   32|          0|
    |add_ln840_31_reg_2383        |  32|   0|   32|          0|
    |add_ln840_32_reg_2393        |  32|   0|   32|          0|
    |add_ln840_33_reg_2403        |  32|   0|   32|          0|
    |add_ln840_34_reg_2413        |  32|   0|   32|          0|
    |add_ln840_35_reg_2423        |  32|   0|   32|          0|
    |add_ln840_36_reg_2433        |  32|   0|   32|          0|
    |add_ln840_37_reg_2443        |  32|   0|   32|          0|
    |add_ln840_38_reg_2453        |  32|   0|   32|          0|
    |add_ln840_39_reg_2463        |  32|   0|   32|          0|
    |add_ln840_3_reg_1756         |  32|   0|   32|          0|
    |add_ln840_40_reg_2473        |  32|   0|   32|          0|
    |add_ln840_41_reg_2483        |  32|   0|   32|          0|
    |add_ln840_42_reg_2493        |  32|   0|   32|          0|
    |add_ln840_43_reg_2503        |  32|   0|   32|          0|
    |add_ln840_44_reg_2513        |  32|   0|   32|          0|
    |add_ln840_45_reg_2523        |  32|   0|   32|          0|
    |add_ln840_46_reg_2533        |  32|   0|   32|          0|
    |add_ln840_47_reg_2543        |  32|   0|   32|          0|
    |add_ln840_48_reg_2553        |  32|   0|   32|          0|
    |add_ln840_49_reg_2563        |  32|   0|   32|          0|
    |add_ln840_4_reg_1776         |  32|   0|   32|          0|
    |add_ln840_50_reg_2573        |  32|   0|   32|          0|
    |add_ln840_51_reg_2583        |  32|   0|   32|          0|
    |add_ln840_52_reg_2593        |  32|   0|   32|          0|
    |add_ln840_53_reg_2603        |  32|   0|   32|          0|
    |add_ln840_54_reg_2613        |  32|   0|   32|          0|
    |add_ln840_55_reg_2623        |  32|   0|   32|          0|
    |add_ln840_56_reg_2633        |  32|   0|   32|          0|
    |add_ln840_57_reg_2643        |  32|   0|   32|          0|
    |add_ln840_58_reg_2653        |  32|   0|   32|          0|
    |add_ln840_5_reg_1796         |  32|   0|   32|          0|
    |add_ln840_6_reg_1816         |  32|   0|   32|          0|
    |add_ln840_7_reg_1836         |  32|   0|   32|          0|
    |add_ln840_8_reg_1856         |  32|   0|   32|          0|
    |add_ln840_9_reg_1876         |  32|   0|   32|          0|
    |add_ln840_reg_1696           |  32|   0|   32|          0|
    |ap_CS_fsm                    |  64|   0|   64|          0|
    |ap_done_reg                  |   1|   0|    1|          0|
    |ap_enable_reg_pp0_iter0_reg  |   1|   0|    1|          0|
    |ap_enable_reg_pp0_iter1      |   1|   0|    1|          0|
    |icmp_ln1525_reg_1582         |   1|   0|    1|          0|
    |k_fu_170                     |   5|   0|    5|          0|
    |lhs_reg_1592                 |  16|   0|   16|          0|
    |reg_771                      |  32|   0|   32|          0|
    |reg_775                      |  32|   0|   32|          0|
    |reg_779                      |  32|   0|   32|          0|
    |reg_783                      |  32|   0|   32|          0|
    |reg_788                      |  32|   0|   32|          0|
    |reg_793                      |  32|   0|   32|          0|
    |reg_798                      |  32|   0|   32|          0|
    |reg_803                      |  32|   0|   32|          0|
    |reg_808                      |  32|   0|   32|          0|
    |reg_813                      |  32|   0|   32|          0|
    |reg_818                      |  32|   0|   32|          0|
    |reg_823                      |  32|   0|   32|          0|
    |reg_828                      |  32|   0|   32|          0|
    |reg_833                      |  32|   0|   32|          0|
    |reg_838                      |  32|   0|   32|          0|
    |reg_843                      |  32|   0|   32|          0|
    +-----------------------------+----+----+-----+-----------+
    |Total                        |3033|   0| 3033|          0|
    +-----------------------------+----+----+-----+-----------+



================================================================
== Interface
================================================================
* Summary: 
+-----------------------------+-----+-----+------------+-------------------------------------------+--------------+
|          RTL Ports          | Dir | Bits|  Protocol  |               Source Object               |    C Type    |
+-----------------------------+-----+-----+------------+-------------------------------------------+--------------+
|ap_clk                       |   in|    1|  ap_ctrl_hs|  Linear_Layer_Pipeline_VITIS_LOOP_1525_6.1|  return value|
|ap_rst                       |   in|    1|  ap_ctrl_hs|  Linear_Layer_Pipeline_VITIS_LOOP_1525_6.1|  return value|
|ap_start                     |   in|    1|  ap_ctrl_hs|  Linear_Layer_Pipeline_VITIS_LOOP_1525_6.1|  return value|
|ap_done                      |  out|    1|  ap_ctrl_hs|  Linear_Layer_Pipeline_VITIS_LOOP_1525_6.1|  return value|
|ap_idle                      |  out|    1|  ap_ctrl_hs|  Linear_Layer_Pipeline_VITIS_LOOP_1525_6.1|  return value|
|ap_ready                     |  out|    1|  ap_ctrl_hs|  Linear_Layer_Pipeline_VITIS_LOOP_1525_6.1|  return value|
|out_w1_dout                  |   in|    8|     ap_fifo|                                     out_w1|       pointer|
|out_w1_num_data_valid        |   in|    7|     ap_fifo|                                     out_w1|       pointer|
|out_w1_fifo_cap              |   in|    7|     ap_fifo|                                     out_w1|       pointer|
|out_w1_empty_n               |   in|    1|     ap_fifo|                                     out_w1|       pointer|
|out_w1_read                  |  out|    1|     ap_fifo|                                     out_w1|       pointer|
|C_tile_V_address0            |  out|    6|   ap_memory|                                   C_tile_V|         array|
|C_tile_V_ce0                 |  out|    1|   ap_memory|                                   C_tile_V|         array|
|C_tile_V_we0                 |  out|    1|   ap_memory|                                   C_tile_V|         array|
|C_tile_V_d0                  |  out|   32|   ap_memory|                                   C_tile_V|         array|
|C_tile_V_q0                  |   in|   32|   ap_memory|                                   C_tile_V|         array|
|C_tile_V_address1            |  out|    6|   ap_memory|                                   C_tile_V|         array|
|C_tile_V_ce1                 |  out|    1|   ap_memory|                                   C_tile_V|         array|
|C_tile_V_we1                 |  out|    1|   ap_memory|                                   C_tile_V|         array|
|C_tile_V_d1                  |  out|   32|   ap_memory|                                   C_tile_V|         array|
|C_tile_V_q1                  |   in|   32|   ap_memory|                                   C_tile_V|         array|
|norm_out_113_dout            |   in|    8|     ap_fifo|                               norm_out_113|       pointer|
|norm_out_113_num_data_valid  |   in|    2|     ap_fifo|                               norm_out_113|       pointer|
|norm_out_113_fifo_cap        |   in|    2|     ap_fifo|                               norm_out_113|       pointer|
|norm_out_113_empty_n         |   in|    1|     ap_fifo|                               norm_out_113|       pointer|
|norm_out_113_read            |  out|    1|     ap_fifo|                               norm_out_113|       pointer|
+-----------------------------+-----+-----+------------+-------------------------------------------+--------------+

