

================================================================
== Vitis HLS Report for 'MatMul_KV_tiled_11_Pipeline_VITIS_LOOP_1818_5'
================================================================
* Date:           Tue Jun 23 12:33:51 2026

* Version:        2022.2 (Build 3670227 on Oct 13 2022)
* Project:        ViT_Block
* Solution:       ViT_Block (Vivado IP Flow Target)
* Product family: virtexuplus
* Target device:  xcu250-figd2104-2L-e


================================================================
== Performance Estimates
================================================================
+ Timing: 
    * Summary: 
    +--------+----------+----------+------------+
    |  Clock |  Target  | Estimated| Uncertainty|
    +--------+----------+----------+------------+
    |ap_clk  |  10.00 ns|  2.032 ns|     2.70 ns|
    +--------+----------+----------+------------+

+ Latency: 
    * Summary: 
    +---------+---------+----------+----------+-----+-----+---------+
    |  Latency (cycles) |  Latency (absolute) |  Interval | Pipeline|
    |   min   |   max   |    min   |    max   | min | max |   Type  |
    +---------+---------+----------+----------+-----+-----+---------+
    |       19|       19|  0.190 us|  0.190 us|   19|   19|       no|
    +---------+---------+----------+----------+-----+-----+---------+

    + Detail: 
        * Instance: 
        N/A

        * Loop: 
        +---------------------+---------+---------+----------+-----------+-----------+------+----------+
        |                     |  Latency (cycles) | Iteration|  Initiation Interval  | Trip |          |
        |      Loop Name      |   min   |   max   |  Latency |  achieved |   target  | Count| Pipelined|
        +---------------------+---------+---------+----------+-----------+-----------+------+----------+
        |- VITIS_LOOP_1818_5  |       17|       17|         2|          1|          1|    17|       yes|
        +---------------------+---------+---------+----------+-----------+-----------+------+----------+



================================================================
== Utilization Estimates
================================================================
* Summary: 
+---------------------+---------+-------+---------+---------+------+
|         Name        | BRAM_18K|  DSP  |    FF   |   LUT   | URAM |
+---------------------+---------+-------+---------+---------+------+
|DSP                  |        -|      -|        -|        -|     -|
|Expression           |        -|      -|        0|       25|     -|
|FIFO                 |        -|      -|        -|        -|     -|
|Instance             |        -|      -|        -|        -|     -|
|Memory               |        -|      -|        -|        -|     -|
|Multiplexer          |        -|      -|        -|       45|     -|
|Register             |        -|      -|       13|        -|     -|
+---------------------+---------+-------+---------+---------+------+
|Total                |        0|      0|       13|       70|     0|
+---------------------+---------+-------+---------+---------+------+
|Available SLR        |     1344|   3072|   864000|   432000|   320|
+---------------------+---------+-------+---------+---------+------+
|Utilization SLR (%)  |        0|      0|       ~0|       ~0|     0|
+---------------------+---------+-------+---------+---------+------+
|Available            |     5376|  12288|  3456000|  1728000|  1280|
+---------------------+---------+-------+---------+---------+------+
|Utilization (%)      |        0|      0|       ~0|       ~0|     0|
+---------------------+---------+-------+---------+---------+------+

+ Detail: 
    * Instance: 
    N/A

    * DSP: 
    N/A

    * Memory: 
    N/A

    * FIFO: 
    N/A

    * Expression: 
    +---------------------------+----------+----+---+----+------------+------------+
    |       Variable Name       | Operation| DSP| FF| LUT| Bitwidth P0| Bitwidth P1|
    +---------------------------+----------+----+---+----+------------+------------+
    |add_ln1818_fu_76_p2        |         +|   0|  0|  12|           5|           1|
    |ap_block_pp0_stage0_11001  |       and|   0|  0|   2|           1|           1|
    |icmp_ln1818_fu_70_p2       |      icmp|   0|  0|   9|           5|           5|
    |ap_enable_pp0              |       xor|   0|  0|   2|           1|           2|
    +---------------------------+----------+----+---+----+------------+------------+
    |Total                      |          |   0|  0|  25|          12|           9|
    +---------------------------+----------+----+---+----+------------+------------+

    * Multiplexer: 
    +-------------------------+----+-----------+-----+-----------+
    |           Name          | LUT| Input Size| Bits| Total Bits|
    +-------------------------+----+-----------+-----+-----------+
    |A_sx_1_blk_n             |   9|          2|    1|          2|
    |ap_done_int              |   9|          2|    1|          2|
    |ap_enable_reg_pp0_iter1  |   9|          2|    1|          2|
    |ap_sig_allocacmp_k_3     |   9|          2|    5|         10|
    |k_fu_38                  |   9|          2|    5|         10|
    +-------------------------+----+-----------+-----+-----------+
    |Total                    |  45|         10|   13|         26|
    +-------------------------+----+-----------+-----+-----------+

    * Register: 
    +-------------------------+---+----+-----+-----------+
    |           Name          | FF| LUT| Bits| Const Bits|
    +-------------------------+---+----+-----+-----------+
    |ap_CS_fsm                |  1|   0|    1|          0|
    |ap_done_reg              |  1|   0|    1|          0|
    |ap_enable_reg_pp0_iter1  |  1|   0|    1|          0|
    |k_3_reg_98               |  5|   0|    5|          0|
    |k_fu_38                  |  5|   0|    5|          0|
    +-------------------------+---+----+-----+-----------+
    |Total                    | 13|   0|   13|          0|
    +-------------------------+---+----+-----+-----------+



================================================================
== Interface
================================================================
* Summary: 
+-----------------------+-----+-----+------------+-----------------------------------------------+--------------+
|       RTL Ports       | Dir | Bits|  Protocol  |                 Source Object                 |    C Type    |
+-----------------------+-----+-----+------------+-----------------------------------------------+--------------+
|ap_clk                 |   in|    1|  ap_ctrl_hs|  MatMul_KV_tiled.11_Pipeline_VITIS_LOOP_1818_5|  return value|
|ap_rst                 |   in|    1|  ap_ctrl_hs|  MatMul_KV_tiled.11_Pipeline_VITIS_LOOP_1818_5|  return value|
|ap_start               |   in|    1|  ap_ctrl_hs|  MatMul_KV_tiled.11_Pipeline_VITIS_LOOP_1818_5|  return value|
|ap_done                |  out|    1|  ap_ctrl_hs|  MatMul_KV_tiled.11_Pipeline_VITIS_LOOP_1818_5|  return value|
|ap_idle                |  out|    1|  ap_ctrl_hs|  MatMul_KV_tiled.11_Pipeline_VITIS_LOOP_1818_5|  return value|
|ap_ready               |  out|    1|  ap_ctrl_hs|  MatMul_KV_tiled.11_Pipeline_VITIS_LOOP_1818_5|  return value|
|A_sx_1_dout            |   in|    8|     ap_fifo|                                         A_sx_1|       pointer|
|A_sx_1_num_data_valid  |   in|    2|     ap_fifo|                                         A_sx_1|       pointer|
|A_sx_1_fifo_cap        |   in|    2|     ap_fifo|                                         A_sx_1|       pointer|
|A_sx_1_empty_n         |   in|    1|     ap_fifo|                                         A_sx_1|       pointer|
|A_sx_1_read            |  out|    1|     ap_fifo|                                         A_sx_1|       pointer|
|tile_A_V_0_address0    |  out|    5|   ap_memory|                                     tile_A_V_0|         array|
|tile_A_V_0_ce0         |  out|    1|   ap_memory|                                     tile_A_V_0|         array|
|tile_A_V_0_we0         |  out|    1|   ap_memory|                                     tile_A_V_0|         array|
|tile_A_V_0_d0          |  out|    8|   ap_memory|                                     tile_A_V_0|         array|
+-----------------------+-----+-----+------------+-----------------------------------------------+--------------+

