

================================================================
== Vitis HLS Report for 'MatMul_QK_tiled_10_Pipeline_VITIS_LOOP_1656_1_VITIS_LOOP_1657_2'
================================================================
* Date:           Fri Jun 19 14:57:24 2026

* Version:        2022.2 (Build 3670227 on Oct 13 2022)
* Project:        ViT_Block
* Solution:       ViT_Block (Vivado IP Flow Target)
* Product family: zynquplus
* Target device:  xck26-sfvc784-2LV-c


================================================================
== Performance Estimates
================================================================
+ Timing: 
    * Summary: 
    +--------+----------+----------+------------+
    |  Clock |  Target  | Estimated| Uncertainty|
    +--------+----------+----------+------------+
    |ap_clk  |  10.00 ns|  3.205 ns|     2.70 ns|
    +--------+----------+----------+------------+

+ Latency: 
    * Summary: 
    +---------+---------+----------+----------+-----+-----+---------+
    |  Latency (cycles) |  Latency (absolute) |  Interval | Pipeline|
    |   min   |   max   |    min   |    max   | min | max |   Type  |
    +---------+---------+----------+----------+-----+-----+---------+
    |      138|      138|  1.380 us|  1.380 us|  138|  138|       no|
    +---------+---------+----------+----------+-----+-----+---------+

    + Detail: 
        * Instance: 
        N/A

        * Loop: 
        +---------------------------------------+---------+---------+----------+-----------+-----------+------+----------+
        |                                       |  Latency (cycles) | Iteration|  Initiation Interval  | Trip |          |
        |               Loop Name               |   min   |   max   |  Latency |  achieved |   target  | Count| Pipelined|
        +---------------------------------------+---------+---------+----------+-----------+-----------+------+----------+
        |- VITIS_LOOP_1656_1_VITIS_LOOP_1657_2  |      136|      136|         2|          1|          1|   136|       yes|
        +---------------------------------------+---------+---------+----------+-----------+-----------+------+----------+



================================================================
== Utilization Estimates
================================================================
* Summary: 
+-----------------+---------+------+--------+--------+-----+
|       Name      | BRAM_18K|  DSP |   FF   |   LUT  | URAM|
+-----------------+---------+------+--------+--------+-----+
|DSP              |        -|     -|       -|       -|    -|
|Expression       |        -|     -|       0|      87|    -|
|FIFO             |        -|     -|       -|       -|    -|
|Instance         |        -|     -|       -|       -|    -|
|Memory           |        -|     -|       -|       -|    -|
|Multiplexer      |        -|     -|       -|      63|    -|
|Register         |        -|     -|      20|       -|    -|
+-----------------+---------+------+--------+--------+-----+
|Total            |        0|     0|      20|     150|    0|
+-----------------+---------+------+--------+--------+-----+
|Available        |      288|  1248|  234240|  117120|   64|
+-----------------+---------+------+--------+--------+-----+
|Utilization (%)  |        0|     0|      ~0|      ~0|    0|
+-----------------+---------+------+--------+--------+-----+

+ Detail: 
    * Instance: 
    N/A

    * DSP: 
    N/A

    * Memory: 
    N/A

    * FIFO: 
    N/A

    * Expression: 
    +---------------------------+----------+----+---+----+------------+------------+
    |       Variable Name       | Operation| DSP| FF| LUT| Bitwidth P0| Bitwidth P1|
    +---------------------------+----------+----+---+----+------------+------------+
    |add_ln1656_1_fu_108_p2     |         +|   0|  0|  15|           8|           1|
    |add_ln1656_fu_125_p2       |         +|   0|  0|  12|           5|           1|
    |add_ln1657_fu_176_p2       |         +|   0|  0|  12|           4|           1|
    |add_ln1670_fu_165_p2       |         +|   0|  0|  15|           8|           8|
    |ap_block_pp0_stage0_11001  |       and|   0|  0|   2|           1|           1|
    |icmp_ln1656_fu_102_p2      |      icmp|   0|  0|  11|           8|           8|
    |icmp_ln1657_fu_131_p2      |      icmp|   0|  0|   9|           4|           5|
    |select_ln1656_1_fu_145_p3  |    select|   0|  0|   5|           1|           5|
    |select_ln1656_fu_137_p3    |    select|   0|  0|   4|           1|           1|
    |ap_enable_pp0              |       xor|   0|  0|   2|           1|           2|
    +---------------------------+----------+----+---+----+------------+------------+
    |Total                      |          |   0|  0|  87|          41|          33|
    +---------------------------+----------+----+---+----+------------+------------+

    * Multiplexer: 
    +--------------------------------------+----+-----------+-----+-----------+
    |                 Name                 | LUT| Input Size| Bits| Total Bits|
    +--------------------------------------+----+-----------+-----+-----------+
    |K_1_1_blk_n                           |   9|          2|    1|          2|
    |ap_done_int                           |   9|          2|    1|          2|
    |ap_enable_reg_pp0_iter1               |   9|          2|    1|          2|
    |ap_sig_allocacmp_indvar_flatten_load  |   9|          2|    8|         16|
    |indvar_flatten_fu_60                  |   9|          2|    8|         16|
    |k_fu_52                               |   9|          2|    4|          8|
    |n_fu_56                               |   9|          2|    5|         10|
    +--------------------------------------+----+-----------+-----+-----------+
    |Total                                 |  63|         14|   28|         56|
    +--------------------------------------+----+-----------+-----+-----------+

    * Register: 
    +-------------------------+---+----+-----+-----------+
    |           Name          | FF| LUT| Bits| Const Bits|
    +-------------------------+---+----+-----+-----------+
    |ap_CS_fsm                |  1|   0|    1|          0|
    |ap_done_reg              |  1|   0|    1|          0|
    |ap_enable_reg_pp0_iter1  |  1|   0|    1|          0|
    |indvar_flatten_fu_60     |  8|   0|    8|          0|
    |k_fu_52                  |  4|   0|    4|          0|
    |n_fu_56                  |  5|   0|    5|          0|
    +-------------------------+---+----+-----+-----------+
    |Total                    | 20|   0|   20|          0|
    +-------------------------+---+----+-----+-----------+



================================================================
== Interface
================================================================
* Summary: 
+----------------------+-----+-----+------------+-----------------------------------------------------------------+--------------+
|       RTL Ports      | Dir | Bits|  Protocol  |                          Source Object                          |    C Type    |
+----------------------+-----+-----+------------+-----------------------------------------------------------------+--------------+
|ap_clk                |   in|    1|  ap_ctrl_hs|  MatMul_QK_tiled.10_Pipeline_VITIS_LOOP_1656_1_VITIS_LOOP_1657_2|  return value|
|ap_rst                |   in|    1|  ap_ctrl_hs|  MatMul_QK_tiled.10_Pipeline_VITIS_LOOP_1656_1_VITIS_LOOP_1657_2|  return value|
|ap_start              |   in|    1|  ap_ctrl_hs|  MatMul_QK_tiled.10_Pipeline_VITIS_LOOP_1656_1_VITIS_LOOP_1657_2|  return value|
|ap_done               |  out|    1|  ap_ctrl_hs|  MatMul_QK_tiled.10_Pipeline_VITIS_LOOP_1656_1_VITIS_LOOP_1657_2|  return value|
|ap_idle               |  out|    1|  ap_ctrl_hs|  MatMul_QK_tiled.10_Pipeline_VITIS_LOOP_1656_1_VITIS_LOOP_1657_2|  return value|
|ap_ready              |  out|    1|  ap_ctrl_hs|  MatMul_QK_tiled.10_Pipeline_VITIS_LOOP_1656_1_VITIS_LOOP_1657_2|  return value|
|K_1_1_dout            |   in|    8|     ap_fifo|                                                            K_1_1|       pointer|
|K_1_1_num_data_valid  |   in|    2|     ap_fifo|                                                            K_1_1|       pointer|
|K_1_1_fifo_cap        |   in|    2|     ap_fifo|                                                            K_1_1|       pointer|
|K_1_1_empty_n         |   in|    1|     ap_fifo|                                                            K_1_1|       pointer|
|K_1_1_read            |  out|    1|     ap_fifo|                                                            K_1_1|       pointer|
|buff_K_V_address0     |  out|    8|   ap_memory|                                                         buff_K_V|         array|
|buff_K_V_ce0          |  out|    1|   ap_memory|                                                         buff_K_V|         array|
|buff_K_V_we0          |  out|    1|   ap_memory|                                                         buff_K_V|         array|
|buff_K_V_d0           |  out|    8|   ap_memory|                                                         buff_K_V|         array|
+----------------------+-----+-----+------------+-----------------------------------------------------------------+--------------+

