

================================================================
== Vitis HLS Report for 'MatMul_KV_tiled_Pipeline_VITIS_LOOP_1831_6'
================================================================
* Date:           Tue Jun 23 12:41:42 2026

* Version:        2022.2 (Build 3670227 on Oct 13 2022)
* Project:        ViT_Block
* Solution:       ViT_Block (Vivado IP Flow Target)
* Product family: virtexuplus
* Target device:  xcu250-figd2104-2L-e


================================================================
== Performance Estimates
================================================================
+ Timing: 
    * Summary: 
    +--------+----------+----------+------------+
    |  Clock |  Target  | Estimated| Uncertainty|
    +--------+----------+----------+------------+
    |ap_clk  |  10.00 ns|  4.723 ns|     2.70 ns|
    +--------+----------+----------+------------+

+ Latency: 
    * Summary: 
    +---------+---------+----------+----------+-----+-----+---------+
    |  Latency (cycles) |  Latency (absolute) |  Interval | Pipeline|
    |   min   |   max   |    min   |    max   | min | max |   Type  |
    +---------+---------+----------+----------+-----+-----+---------+
    |       19|       19|  0.190 us|  0.190 us|   19|   19|       no|
    +---------+---------+----------+----------+-----+-----+---------+

    + Detail: 
        * Instance: 
        N/A

        * Loop: 
        +---------------------+---------+---------+----------+-----------+-----------+------+----------+
        |                     |  Latency (cycles) | Iteration|  Initiation Interval  | Trip |          |
        |      Loop Name      |   min   |   max   |  Latency |  achieved |   target  | Count| Pipelined|
        +---------------------+---------+---------+----------+-----------+-----------+------+----------+
        |- VITIS_LOOP_1831_6  |       17|       17|        11|          1|          1|     8|       yes|
        +---------------------+---------+---------+----------+-----------+-----------+------+----------+



================================================================
== Utilization Estimates
================================================================
* Summary: 
+---------------------+---------+-------+---------+---------+------+
|         Name        | BRAM_18K|  DSP  |    FF   |   LUT   | URAM |
+---------------------+---------+-------+---------+---------+------+
|DSP                  |        -|     12|        -|        -|     -|
|Expression           |        -|      -|        0|      298|     -|
|FIFO                 |        -|      -|        -|        -|     -|
|Instance             |        -|      0|        0|      240|     -|
|Memory               |        -|      -|        -|        -|     -|
|Multiplexer          |        -|      -|        -|       45|     -|
|Register             |        -|      -|      737|       96|     -|
+---------------------+---------+-------+---------+---------+------+
|Total                |        0|     12|      737|      679|     0|
+---------------------+---------+-------+---------+---------+------+
|Available SLR        |     1344|   3072|   864000|   432000|   320|
+---------------------+---------+-------+---------+---------+------+
|Utilization SLR (%)  |        0|     ~0|       ~0|       ~0|     0|
+---------------------+---------+-------+---------+---------+------+
|Available            |     5376|  12288|  3456000|  1728000|  1280|
+---------------------+---------+-------+---------+---------+------+
|Utilization (%)      |        0|     ~0|       ~0|       ~0|     0|
+---------------------+---------+-------+---------+---------+------+

+ Detail: 
    * Instance: 
    +-----------------------+------------------+---------+----+---+----+-----+
    |        Instance       |      Module      | BRAM_18K| DSP| FF| LUT| URAM|
    +-----------------------+------------------+---------+----+---+----+-----+
    |mul_8s_8s_16_1_1_U214  |mul_8s_8s_16_1_1  |        0|   0|  0|  40|    0|
    |mul_8s_8s_16_1_1_U215  |mul_8s_8s_16_1_1  |        0|   0|  0|  40|    0|
    |mul_8s_8s_16_1_1_U216  |mul_8s_8s_16_1_1  |        0|   0|  0|  40|    0|
    |mul_8s_8s_16_1_1_U217  |mul_8s_8s_16_1_1  |        0|   0|  0|  40|    0|
    |mul_8s_8s_16_1_1_U218  |mul_8s_8s_16_1_1  |        0|   0|  0|  40|    0|
    |mul_8s_8s_16_1_1_U219  |mul_8s_8s_16_1_1  |        0|   0|  0|  40|    0|
    +-----------------------+------------------+---------+----+---+----+-----+
    |Total                  |                  |        0|   0|  0| 240|    0|
    +-----------------------+------------------+---------+----+---+----+-----+

    * DSP: 
    +-----------------------------------+------------------------------+----------------+
    |              Instance             |            Module            |   Expression   |
    +-----------------------------------+------------------------------+----------------+
    |am_addmul_17s_19s_9ns_30_4_1_U231  |am_addmul_17s_19s_9ns_30_4_1  |  (i0 + i1) * i2|
    |mac_muladd_8s_8s_16s_17_4_1_U220   |mac_muladd_8s_8s_16s_17_4_1   |    i0 + i1 * i2|
    |mac_muladd_8s_8s_16s_17_4_1_U221   |mac_muladd_8s_8s_16s_17_4_1   |    i0 + i1 * i2|
    |mac_muladd_8s_8s_16s_17_4_1_U222   |mac_muladd_8s_8s_16s_17_4_1   |    i0 + i1 * i2|
    |mac_muladd_8s_8s_16s_17_4_1_U223   |mac_muladd_8s_8s_16s_17_4_1   |    i0 + i1 * i2|
    |mac_muladd_8s_8s_16s_17_4_1_U224   |mac_muladd_8s_8s_16s_17_4_1   |    i0 + i1 * i2|
    |mac_muladd_8s_8s_16s_17_4_1_U225   |mac_muladd_8s_8s_16s_17_4_1   |    i0 + i1 * i2|
    |mac_muladd_8s_8s_17s_17_4_1_U226   |mac_muladd_8s_8s_17s_17_4_1   |    i0 + i1 * i2|
    |mac_muladd_8s_8s_17s_17_4_1_U227   |mac_muladd_8s_8s_17s_17_4_1   |    i0 + i1 * i2|
    |mac_muladd_8s_8s_17s_17_4_1_U228   |mac_muladd_8s_8s_17s_17_4_1   |    i0 + i1 * i2|
    |mac_muladd_8s_8s_17s_18_4_1_U229   |mac_muladd_8s_8s_17s_18_4_1   |    i0 + i1 * i2|
    |mac_muladd_8s_8s_18s_19_4_1_U230   |mac_muladd_8s_8s_18s_19_4_1   |    i0 + i1 * i2|
    +-----------------------------------+------------------------------+----------------+

    * Memory: 
    N/A

    * FIFO: 
    N/A

    * Expression: 
    +---------------------------+----------+----+---+----+------------+------------+
    |       Variable Name       | Operation| DSP| FF| LUT| Bitwidth P0| Bitwidth P1|
    +---------------------------+----------+----+---+----+------------+------------+
    |add_ln1831_fu_526_p2       |         +|   0|  0|  12|           4|           1|
    |add_ln186_17_fu_633_p2     |         +|   0|  0|  14|           7|           7|
    |add_ln186_18_fu_657_p2     |         +|   0|  0|  14|           7|           7|
    |add_ln186_fu_591_p2        |         +|   0|  0|  13|           6|           6|
    |add_ln840_26_fu_851_p2     |         +|   0|  0|  25|          18|          18|
    |add_ln840_29_fu_863_p2     |         +|   0|  0|  19|          19|          19|
    |add_ln840_33_fu_842_p2     |         +|   0|  0|  25|          18|          18|
    |add_ln840_34_fu_871_p2     |         +|   0|  0|  19|          19|          19|
    |ret_V_fu_894_p2            |         +|   0|  0|  34|          27|          16|
    |ret_V_9_fu_914_p2          |         -|   0|  0|  34|          16|          27|
    |rq_V_fu_934_p2             |         -|   0|  0|  19|           1|          12|
    |ap_block_pp0_stage0_01001  |       and|   0|  0|   2|           1|           1|
    |icmp_ln1027_fu_964_p2      |      icmp|   0|  0|  12|          12|           9|
    |icmp_ln1035_fu_958_p2      |      icmp|   0|  0|   9|           5|           1|
    |icmp_ln1831_fu_520_p2      |      icmp|   0|  0|   9|           4|           5|
    |or_ln1444_fu_982_p2        |        or|   0|  0|   2|           1|           1|
    |head_out_0_din             |    select|   0|  0|   8|           1|           8|
    |rq_V_8_fu_940_p3           |    select|   0|  0|  12|           1|          12|
    |select_ln1444_fu_974_p3    |    select|   0|  0|   9|           1|           7|
    |ap_enable_pp0              |       xor|   0|  0|   2|           1|           2|
    |xor_ln186_fu_545_p2        |       xor|   0|  0|   5|           4|           5|
    +---------------------------+----------+----+---+----+------------+------------+
    |Total                      |          |   0|  0| 298|         173|         201|
    +---------------------------+----------+----+---+----+------------+------------+

    * Multiplexer: 
    +-------------------------+----+-----------+-----+-----------+
    |           Name          | LUT| Input Size| Bits| Total Bits|
    +-------------------------+----+-----------+-----+-----------+
    |ap_done_int              |   9|          2|    1|          2|
    |ap_enable_reg_pp0_iter1  |   9|          2|    1|          2|
    |ap_sig_allocacmp_n_1     |   9|          2|    4|          8|
    |head_out_0_blk_n         |   9|          2|    1|          2|
    |n_fu_126                 |   9|          2|    4|          8|
    +-------------------------+----+-----------+-----+-----------+
    |Total                    |  45|         10|   11|         22|
    +-------------------------+----+-----------+-----+-----------+

    * Register: 
    +-----------------------------------------+----+----+-----+-----------+
    |                   Name                  | FF | LUT| Bits| Const Bits|
    +-----------------------------------------+----+----+-----+-----------+
    |add_ln840_25_reg_1444                    |  17|   0|   17|          0|
    |add_ln840_28_reg_1419                    |  17|   0|   17|          0|
    |add_ln840_30_reg_1424                    |  17|   0|   17|          0|
    |add_ln840_33_reg_1449                    |  18|   0|   18|          0|
    |add_ln840_33_reg_1449_pp0_iter6_reg      |  18|   0|   18|          0|
    |add_ln840_35_reg_1434                    |  17|   0|   17|          0|
    |ap_CS_fsm                                |   1|   0|    1|          0|
    |ap_done_reg                              |   1|   0|    1|          0|
    |ap_enable_reg_pp0_iter1                  |   1|   0|    1|          0|
    |ap_enable_reg_pp0_iter10                 |   1|   0|    1|          0|
    |ap_enable_reg_pp0_iter2                  |   1|   0|    1|          0|
    |ap_enable_reg_pp0_iter3                  |   1|   0|    1|          0|
    |ap_enable_reg_pp0_iter4                  |   1|   0|    1|          0|
    |ap_enable_reg_pp0_iter5                  |   1|   0|    1|          0|
    |ap_enable_reg_pp0_iter6                  |   1|   0|    1|          0|
    |ap_enable_reg_pp0_iter7                  |   1|   0|    1|          0|
    |ap_enable_reg_pp0_iter8                  |   1|   0|    1|          0|
    |ap_enable_reg_pp0_iter9                  |   1|   0|    1|          0|
    |ap_loop_exit_ready_pp0_iter1_reg         |   1|   0|    1|          0|
    |ap_loop_exit_ready_pp0_iter2_reg         |   1|   0|    1|          0|
    |ap_loop_exit_ready_pp0_iter3_reg         |   1|   0|    1|          0|
    |ap_loop_exit_ready_pp0_iter4_reg         |   1|   0|    1|          0|
    |ap_loop_exit_ready_pp0_iter5_reg         |   1|   0|    1|          0|
    |ap_loop_exit_ready_pp0_iter6_reg         |   1|   0|    1|          0|
    |ap_loop_exit_ready_pp0_iter7_reg         |   1|   0|    1|          0|
    |ap_loop_exit_ready_pp0_iter8_reg         |   1|   0|    1|          0|
    |ap_loop_exit_ready_pp0_iter9_reg         |   1|   0|    1|          0|
    |buff_B_V_load_10_reg_1319                |   8|   0|    8|          0|
    |buff_B_V_load_10_reg_1319_pp0_iter2_reg  |   8|   0|    8|          0|
    |buff_B_V_load_12_reg_1329                |   8|   0|    8|          0|
    |buff_B_V_load_13_reg_1334                |   8|   0|    8|          0|
    |buff_B_V_load_13_reg_1334_pp0_iter2_reg  |   8|   0|    8|          0|
    |buff_B_V_load_15_reg_1344                |   8|   0|    8|          0|
    |buff_B_V_load_15_reg_1344_pp0_iter2_reg  |   8|   0|    8|          0|
    |buff_B_V_load_1_reg_1274                 |   8|   0|    8|          0|
    |buff_B_V_load_3_reg_1284                 |   8|   0|    8|          0|
    |buff_B_V_load_3_reg_1284_pp0_iter2_reg   |   8|   0|    8|          0|
    |buff_B_V_load_4_reg_1289                 |   8|   0|    8|          0|
    |buff_B_V_load_5_reg_1294                 |   8|   0|    8|          0|
    |buff_B_V_load_5_reg_1294_pp0_iter2_reg   |   8|   0|    8|          0|
    |buff_B_V_load_7_reg_1304                 |   8|   0|    8|          0|
    |buff_B_V_load_8_reg_1309                 |   8|   0|    8|          0|
    |buff_B_V_load_8_reg_1309_pp0_iter2_reg   |   8|   0|    8|          0|
    |buff_B_V_load_reg_1269                   |   8|   0|    8|          0|
    |buff_B_V_load_reg_1269_pp0_iter2_reg     |   8|   0|    8|          0|
    |n_fu_126                                 |   4|   0|    4|          0|
    |sext_ln186_34_cast_reg_1170              |  16|   0|   16|          0|
    |sext_ln186_36_cast_reg_1165              |  16|   0|   16|          0|
    |sext_ln186_38_cast_reg_1160              |  16|   0|   16|          0|
    |sext_ln186_40_cast_reg_1155              |  16|   0|   16|          0|
    |sext_ln186_42_cast_reg_1150              |  16|   0|   16|          0|
    |sext_ln186_44_cast_reg_1145              |  16|   0|   16|          0|
    |sext_ln186_46_cast_reg_1140              |  16|   0|   16|          0|
    |sext_ln186_48_cast_reg_1135              |  16|   0|   16|          0|
    |sext_ln186_50_cast_reg_1130              |  16|   0|   16|          0|
    |sext_ln186_52_cast_reg_1125              |  16|   0|   16|          0|
    |sext_ln186_54_cast_reg_1120              |  16|   0|   16|          0|
    |sext_ln186_56_cast_reg_1115              |  16|   0|   16|          0|
    |sext_ln186_58_cast_reg_1110              |  16|   0|   16|          0|
    |sext_ln186_60_cast_reg_1105              |  16|   0|   16|          0|
    |sext_ln186_62_cast_reg_1100              |  16|   0|   16|          0|
    |sext_ln186_64_cast_reg_1095              |  16|   0|   16|          0|
    |sext_ln186_cast_reg_1175                 |  16|   0|   16|          0|
    |add_ln840_28_reg_1419                    |  64|  32|   17|          0|
    |add_ln840_35_reg_1434                    |  64|  32|   17|          0|
    |buff_B_V_load_7_reg_1304                 |  64|  32|    8|          0|
    +-----------------------------------------+----+----+-----+-----------+
    |Total                                    | 737|  96|  587|          0|
    +-----------------------------------------+----+----+-----+-----------+



================================================================
== Interface
================================================================
* Summary: 
+---------------------------+-----+-----+------------+--------------------------------------------+--------------+
|         RTL Ports         | Dir | Bits|  Protocol  |                Source Object               |    C Type    |
+---------------------------+-----+-----+------------+--------------------------------------------+--------------+
|ap_clk                     |   in|    1|  ap_ctrl_hs|  MatMul_KV_tiled_Pipeline_VITIS_LOOP_1831_6|  return value|
|ap_rst                     |   in|    1|  ap_ctrl_hs|  MatMul_KV_tiled_Pipeline_VITIS_LOOP_1831_6|  return value|
|ap_start                   |   in|    1|  ap_ctrl_hs|  MatMul_KV_tiled_Pipeline_VITIS_LOOP_1831_6|  return value|
|ap_done                    |  out|    1|  ap_ctrl_hs|  MatMul_KV_tiled_Pipeline_VITIS_LOOP_1831_6|  return value|
|ap_idle                    |  out|    1|  ap_ctrl_hs|  MatMul_KV_tiled_Pipeline_VITIS_LOOP_1831_6|  return value|
|ap_ready                   |  out|    1|  ap_ctrl_hs|  MatMul_KV_tiled_Pipeline_VITIS_LOOP_1831_6|  return value|
|head_out_0_din             |  out|    8|     ap_fifo|                                  head_out_0|       pointer|
|head_out_0_num_data_valid  |   in|    2|     ap_fifo|                                  head_out_0|       pointer|
|head_out_0_fifo_cap        |   in|    2|     ap_fifo|                                  head_out_0|       pointer|
|head_out_0_full_n          |   in|    1|     ap_fifo|                                  head_out_0|       pointer|
|head_out_0_write           |  out|    1|     ap_fifo|                                  head_out_0|       pointer|
|buff_B_V_address0          |  out|    8|   ap_memory|                                    buff_B_V|         array|
|buff_B_V_ce0               |  out|    1|   ap_memory|                                    buff_B_V|         array|
|buff_B_V_q0                |   in|    8|   ap_memory|                                    buff_B_V|         array|
|buff_B_V_address1          |  out|    8|   ap_memory|                                    buff_B_V|         array|
|buff_B_V_ce1               |  out|    1|   ap_memory|                                    buff_B_V|         array|
|buff_B_V_q1                |   in|    8|   ap_memory|                                    buff_B_V|         array|
|buff_B_V_address2          |  out|    8|   ap_memory|                                    buff_B_V|         array|
|buff_B_V_ce2               |  out|    1|   ap_memory|                                    buff_B_V|         array|
|buff_B_V_q2                |   in|    8|   ap_memory|                                    buff_B_V|         array|
|buff_B_V_address3          |  out|    8|   ap_memory|                                    buff_B_V|         array|
|buff_B_V_ce3               |  out|    1|   ap_memory|                                    buff_B_V|         array|
|buff_B_V_q3                |   in|    8|   ap_memory|                                    buff_B_V|         array|
|buff_B_V_address4          |  out|    8|   ap_memory|                                    buff_B_V|         array|
|buff_B_V_ce4               |  out|    1|   ap_memory|                                    buff_B_V|         array|
|buff_B_V_q4                |   in|    8|   ap_memory|                                    buff_B_V|         array|
|buff_B_V_address5          |  out|    8|   ap_memory|                                    buff_B_V|         array|
|buff_B_V_ce5               |  out|    1|   ap_memory|                                    buff_B_V|         array|
|buff_B_V_q5                |   in|    8|   ap_memory|                                    buff_B_V|         array|
|buff_B_V_address6          |  out|    8|   ap_memory|                                    buff_B_V|         array|
|buff_B_V_ce6               |  out|    1|   ap_memory|                                    buff_B_V|         array|
|buff_B_V_q6                |   in|    8|   ap_memory|                                    buff_B_V|         array|
|buff_B_V_address7          |  out|    8|   ap_memory|                                    buff_B_V|         array|
|buff_B_V_ce7               |  out|    1|   ap_memory|                                    buff_B_V|         array|
|buff_B_V_q7                |   in|    8|   ap_memory|                                    buff_B_V|         array|
|buff_B_V_address8          |  out|    8|   ap_memory|                                    buff_B_V|         array|
|buff_B_V_ce8               |  out|    1|   ap_memory|                                    buff_B_V|         array|
|buff_B_V_q8                |   in|    8|   ap_memory|                                    buff_B_V|         array|
|buff_B_V_address9          |  out|    8|   ap_memory|                                    buff_B_V|         array|
|buff_B_V_ce9               |  out|    1|   ap_memory|                                    buff_B_V|         array|
|buff_B_V_q9                |   in|    8|   ap_memory|                                    buff_B_V|         array|
|buff_B_V_address10         |  out|    8|   ap_memory|                                    buff_B_V|         array|
|buff_B_V_ce10              |  out|    1|   ap_memory|                                    buff_B_V|         array|
|buff_B_V_q10               |   in|    8|   ap_memory|                                    buff_B_V|         array|
|buff_B_V_address11         |  out|    8|   ap_memory|                                    buff_B_V|         array|
|buff_B_V_ce11              |  out|    1|   ap_memory|                                    buff_B_V|         array|
|buff_B_V_q11               |   in|    8|   ap_memory|                                    buff_B_V|         array|
|buff_B_V_address12         |  out|    8|   ap_memory|                                    buff_B_V|         array|
|buff_B_V_ce12              |  out|    1|   ap_memory|                                    buff_B_V|         array|
|buff_B_V_q12               |   in|    8|   ap_memory|                                    buff_B_V|         array|
|buff_B_V_address13         |  out|    8|   ap_memory|                                    buff_B_V|         array|
|buff_B_V_ce13              |  out|    1|   ap_memory|                                    buff_B_V|         array|
|buff_B_V_q13               |   in|    8|   ap_memory|                                    buff_B_V|         array|
|buff_B_V_address14         |  out|    8|   ap_memory|                                    buff_B_V|         array|
|buff_B_V_ce14              |  out|    1|   ap_memory|                                    buff_B_V|         array|
|buff_B_V_q14               |   in|    8|   ap_memory|                                    buff_B_V|         array|
|buff_B_V_address15         |  out|    8|   ap_memory|                                    buff_B_V|         array|
|buff_B_V_ce15              |  out|    1|   ap_memory|                                    buff_B_V|         array|
|buff_B_V_q15               |   in|    8|   ap_memory|                                    buff_B_V|         array|
|buff_B_V_address16         |  out|    8|   ap_memory|                                    buff_B_V|         array|
|buff_B_V_ce16              |  out|    1|   ap_memory|                                    buff_B_V|         array|
|buff_B_V_q16               |   in|    8|   ap_memory|                                    buff_B_V|         array|
|sext_ln186                 |   in|    8|     ap_none|                                  sext_ln186|        scalar|
|sext_ln186_34              |   in|    8|     ap_none|                               sext_ln186_34|        scalar|
|sext_ln186_36              |   in|    8|     ap_none|                               sext_ln186_36|        scalar|
|sext_ln186_38              |   in|    8|     ap_none|                               sext_ln186_38|        scalar|
|sext_ln186_40              |   in|    8|     ap_none|                               sext_ln186_40|        scalar|
|sext_ln186_42              |   in|    8|     ap_none|                               sext_ln186_42|        scalar|
|sext_ln186_44              |   in|    8|     ap_none|                               sext_ln186_44|        scalar|
|sext_ln186_46              |   in|    8|     ap_none|                               sext_ln186_46|        scalar|
|sext_ln186_48              |   in|    8|     ap_none|                               sext_ln186_48|        scalar|
|sext_ln186_50              |   in|    8|     ap_none|                               sext_ln186_50|        scalar|
|sext_ln186_52              |   in|    8|     ap_none|                               sext_ln186_52|        scalar|
|sext_ln186_54              |   in|    8|     ap_none|                               sext_ln186_54|        scalar|
|sext_ln186_56              |   in|    8|     ap_none|                               sext_ln186_56|        scalar|
|sext_ln186_58              |   in|    8|     ap_none|                               sext_ln186_58|        scalar|
|sext_ln186_60              |   in|    8|     ap_none|                               sext_ln186_60|        scalar|
|sext_ln186_62              |   in|    8|     ap_none|                               sext_ln186_62|        scalar|
|sext_ln186_64              |   in|    8|     ap_none|                               sext_ln186_64|        scalar|
+---------------------------+-----+-----+------------+--------------------------------------------+--------------+

