

================================================================
== Vitis HLS Report for 'MatMul_QK_tiled_17_8_17_1_1_1_1_1_607_16_0_ap_int_8_ap_int_32_s'
================================================================
* Date:           Tue Jun 23 12:33:47 2026

* Version:        2022.2 (Build 3670227 on Oct 13 2022)
* Project:        ViT_Block
* Solution:       ViT_Block (Vivado IP Flow Target)
* Product family: virtexuplus
* Target device:  xcu250-figd2104-2L-e


================================================================
== Performance Estimates
================================================================
+ Timing: 
    * Summary: 
    +--------+----------+----------+------------+
    |  Clock |  Target  | Estimated| Uncertainty|
    +--------+----------+----------+------------+
    |ap_clk  |  10.00 ns|  4.942 ns|     2.70 ns|
    +--------+----------+----------+------------+

+ Latency: 
    * Summary: 
    +---------+---------+----------+----------+-----+-----+---------+
    |  Latency (cycles) |  Latency (absolute) |  Interval | Pipeline|
    |   min   |   max   |    min   |    max   | min | max |   Type  |
    +---------+---------+----------+----------+-----+-----+---------+
    |      855|      855|  8.550 us|  8.550 us|  855|  855|       no|
    +---------+---------+----------+----------+-----+-----+---------+

    + Detail: 
        * Instance: 
        +------------------------------------------------------------------------+--------------------------------------------------------------+---------+---------+----------+----------+-----+-----+---------+
        |                                                                        |                                                              |  Latency (cycles) |  Latency (absolute) |  Interval | Pipeline|
        |                                Instance                                |                            Module                            |   min   |   max   |    min   |    max   | min | max |   Type  |
        +------------------------------------------------------------------------+--------------------------------------------------------------+---------+---------+----------+----------+-----+-----+---------+
        |grp_MatMul_QK_tiled_Pipeline_VITIS_LOOP_1656_1_VITIS_LOOP_1657_2_fu_54  |MatMul_QK_tiled_Pipeline_VITIS_LOOP_1656_1_VITIS_LOOP_1657_2  |      138|      138|  1.380 us|  1.380 us|  138|  138|       no|
        |grp_MatMul_QK_tiled_Pipeline_VITIS_LOOP_1682_6_fu_62                    |MatMul_QK_tiled_Pipeline_VITIS_LOOP_1682_6                    |       10|       10|  0.100 us|  0.100 us|   10|   10|       no|
        |grp_MatMul_QK_tiled_Pipeline_VITIS_LOOP_1701_8_fu_69                    |MatMul_QK_tiled_Pipeline_VITIS_LOOP_1701_8                    |       27|       27|  0.270 us|  0.270 us|   27|   27|       no|
        +------------------------------------------------------------------------+--------------------------------------------------------------+---------+---------+----------+----------+-----+-----+---------+

        * Loop: 
        +---------------------+---------+---------+----------+-----------+-----------+------+----------+
        |                     |  Latency (cycles) | Iteration|  Initiation Interval  | Trip |          |
        |      Loop Name      |   min   |   max   |  Latency |  achieved |   target  | Count| Pipelined|
        +---------------------+---------+---------+----------+-----------+-----------+------+----------+
        |- VITIS_LOOP_1678_4  |      714|      714|        42|          -|          -|    17|        no|
        +---------------------+---------+---------+----------+-----------+-----------+------+----------+



================================================================
== Utilization Estimates
================================================================
* Summary: 
+---------------------+---------+-------+---------+---------+------+
|         Name        | BRAM_18K|  DSP  |    FF   |   LUT   | URAM |
+---------------------+---------+-------+---------+---------+------+
|DSP                  |        -|      -|        -|        -|     -|
|Expression           |        -|      -|        0|       23|     -|
|FIFO                 |        -|      -|        -|        -|     -|
|Instance             |        -|      6|      344|      694|     -|
|Memory               |        0|      -|       16|       42|     0|
|Multiplexer          |        -|      -|        -|      294|     -|
|Register             |        -|      -|       17|        -|     -|
+---------------------+---------+-------+---------+---------+------+
|Total                |        0|      6|      377|     1053|     0|
+---------------------+---------+-------+---------+---------+------+
|Available SLR        |     1344|   3072|   864000|   432000|   320|
+---------------------+---------+-------+---------+---------+------+
|Utilization SLR (%)  |        0|     ~0|       ~0|       ~0|     0|
+---------------------+---------+-------+---------+---------+------+
|Available            |     5376|  12288|  3456000|  1728000|  1280|
+---------------------+---------+-------+---------+---------+------+
|Utilization (%)      |        0|     ~0|       ~0|       ~0|     0|
+---------------------+---------+-------+---------+---------+------+

+ Detail: 
    * Instance: 
    +------------------------------------------------------------------------+--------------------------------------------------------------+---------+----+-----+-----+-----+
    |                                Instance                                |                            Module                            | BRAM_18K| DSP|  FF | LUT | URAM|
    +------------------------------------------------------------------------+--------------------------------------------------------------+---------+----+-----+-----+-----+
    |grp_MatMul_QK_tiled_Pipeline_VITIS_LOOP_1656_1_VITIS_LOOP_1657_2_fu_54  |MatMul_QK_tiled_Pipeline_VITIS_LOOP_1656_1_VITIS_LOOP_1657_2  |        0|   0|   20|  150|    0|
    |grp_MatMul_QK_tiled_Pipeline_VITIS_LOOP_1682_6_fu_62                    |MatMul_QK_tiled_Pipeline_VITIS_LOOP_1682_6                    |        0|   0|   11|   70|    0|
    |grp_MatMul_QK_tiled_Pipeline_VITIS_LOOP_1701_8_fu_69                    |MatMul_QK_tiled_Pipeline_VITIS_LOOP_1701_8                    |        0|   6|  313|  474|    0|
    +------------------------------------------------------------------------+--------------------------------------------------------------+---------+----+-----+-----+-----+
    |Total                                                                   |                                                              |        0|   6|  344|  694|    0|
    +------------------------------------------------------------------------+--------------------------------------------------------------+---------+----+-----+-----+-----+

    * DSP: 
    N/A

    * Memory: 
    +--------------+----------------------------------------------------------------------------------+---------+---+----+-----+------+-----+------+-------------+
    |    Memory    |                                      Module                                      | BRAM_18K| FF| LUT| URAM| Words| Bits| Banks| W*Bits*Banks|
    +--------------+----------------------------------------------------------------------------------+---------+---+----+-----+------+-----+------+-------------+
    |buff_K_V_U    |MatMul_QK_tiled_17_8_17_1_1_1_1_1_607_16_0_ap_int_8_ap_int_32_s_buff_K_V_RAM_eOg  |        0|  8|  33|    0|   136|    8|     1|         1088|
    |tile_Q_V_0_U  |MatMul_QK_tiled_17_8_17_1_1_1_1_1_607_16_0_ap_int_8_ap_int_32_s_tile_Q_V_0_RAfYi  |        0|  8|   9|    0|     8|    8|     1|           64|
    +--------------+----------------------------------------------------------------------------------+---------+---+----+-----+------+-----+------+-------------+
    |Total         |                                                                                  |        0| 16|  42|    0|   144|   16|     2|         1152|
    +--------------+----------------------------------------------------------------------------------+---------+---+----+-----+------+-----+------+-------------+

    * FIFO: 
    N/A

    * Expression: 
    +----------------------+----------+----+---+----+------------+------------+
    |     Variable Name    | Operation| DSP| FF| LUT| Bitwidth P0| Bitwidth P1|
    +----------------------+----------+----+---+----+------------+------------+
    |m_15_fu_91_p2         |         +|   0|  0|  12|           5|           1|
    |icmp_ln1678_fu_85_p2  |      icmp|   0|  0|   9|           5|           5|
    |ap_block_state1       |        or|   0|  0|   2|           1|           1|
    +----------------------+----------+----+---+----+------------+------------+
    |Total                 |          |   0|  0|  23|          11|           7|
    +----------------------+----------+----+---+----+------------+------------+

    * Multiplexer: 
    +---------------------+----+-----------+-----+-----------+
    |         Name        | LUT| Input Size| Bits| Total Bits|
    +---------------------+----+-----------+-----+-----------+
    |A_0_write            |   9|          2|    1|          2|
    |K_1_0_read           |   9|          2|    1|          2|
    |Q_1_0_read           |   9|          2|    1|          2|
    |ap_NS_fsm            |  49|          9|    1|          9|
    |ap_done              |   9|          2|    1|          2|
    |buff_K_V_address0    |  14|          3|    8|         24|
    |buff_K_V_ce0         |  14|          3|    1|          3|
    |buff_K_V_ce1         |   9|          2|    1|          2|
    |buff_K_V_ce2         |   9|          2|    1|          2|
    |buff_K_V_ce3         |   9|          2|    1|          2|
    |buff_K_V_ce4         |   9|          2|    1|          2|
    |buff_K_V_ce5         |   9|          2|    1|          2|
    |buff_K_V_ce6         |   9|          2|    1|          2|
    |buff_K_V_ce7         |   9|          2|    1|          2|
    |buff_K_V_we0         |   9|          2|    1|          2|
    |m_fu_42              |   9|          2|    5|         10|
    |tile_Q_V_0_address0  |  14|          3|    3|          9|
    |tile_Q_V_0_ce0       |  14|          3|    1|          3|
    |tile_Q_V_0_ce1       |   9|          2|    1|          2|
    |tile_Q_V_0_ce2       |   9|          2|    1|          2|
    |tile_Q_V_0_ce3       |   9|          2|    1|          2|
    |tile_Q_V_0_ce4       |   9|          2|    1|          2|
    |tile_Q_V_0_ce5       |   9|          2|    1|          2|
    |tile_Q_V_0_ce6       |   9|          2|    1|          2|
    |tile_Q_V_0_ce7       |   9|          2|    1|          2|
    |tile_Q_V_0_we0       |   9|          2|    1|          2|
    +---------------------+----+-----------+-----+-----------+
    |Total                | 294|         63|   39|         98|
    +---------------------+----+-----------+-----+-----------+

    * Register: 
    +-------------------------------------------------------------------------------------+---+----+-----+-----------+
    |                                         Name                                        | FF| LUT| Bits| Const Bits|
    +-------------------------------------------------------------------------------------+---+----+-----+-----------+
    |ap_CS_fsm                                                                            |  8|   0|    8|          0|
    |ap_done_reg                                                                          |  1|   0|    1|          0|
    |grp_MatMul_QK_tiled_Pipeline_VITIS_LOOP_1656_1_VITIS_LOOP_1657_2_fu_54_ap_start_reg  |  1|   0|    1|          0|
    |grp_MatMul_QK_tiled_Pipeline_VITIS_LOOP_1682_6_fu_62_ap_start_reg                    |  1|   0|    1|          0|
    |grp_MatMul_QK_tiled_Pipeline_VITIS_LOOP_1701_8_fu_69_ap_start_reg                    |  1|   0|    1|          0|
    |m_fu_42                                                                              |  5|   0|    5|          0|
    +-------------------------------------------------------------------------------------+---+----+-----+-----------+
    |Total                                                                                | 17|   0|   17|          0|
    +-------------------------------------------------------------------------------------+---+----+-----+-----------+



================================================================
== Interface
================================================================
* Summary: 
+----------------------+-----+-----+------------+-------------------------------------------------------------------------------+--------------+
|       RTL Ports      | Dir | Bits|  Protocol  |                                 Source Object                                 |    C Type    |
+----------------------+-----+-----+------------+-------------------------------------------------------------------------------+--------------+
|ap_clk                |   in|    1|  ap_ctrl_hs|  MatMul_QK_tiled<17, 8, 17, 1, 1, 1, 1, 1, 607, 16, 0, ap_int<8>, ap_int<32> >|  return value|
|ap_rst                |   in|    1|  ap_ctrl_hs|  MatMul_QK_tiled<17, 8, 17, 1, 1, 1, 1, 1, 607, 16, 0, ap_int<8>, ap_int<32> >|  return value|
|ap_start              |   in|    1|  ap_ctrl_hs|  MatMul_QK_tiled<17, 8, 17, 1, 1, 1, 1, 1, 607, 16, 0, ap_int<8>, ap_int<32> >|  return value|
|ap_done               |  out|    1|  ap_ctrl_hs|  MatMul_QK_tiled<17, 8, 17, 1, 1, 1, 1, 1, 607, 16, 0, ap_int<8>, ap_int<32> >|  return value|
|ap_continue           |   in|    1|  ap_ctrl_hs|  MatMul_QK_tiled<17, 8, 17, 1, 1, 1, 1, 1, 607, 16, 0, ap_int<8>, ap_int<32> >|  return value|
|ap_idle               |  out|    1|  ap_ctrl_hs|  MatMul_QK_tiled<17, 8, 17, 1, 1, 1, 1, 1, 607, 16, 0, ap_int<8>, ap_int<32> >|  return value|
|ap_ready              |  out|    1|  ap_ctrl_hs|  MatMul_QK_tiled<17, 8, 17, 1, 1, 1, 1, 1, 607, 16, 0, ap_int<8>, ap_int<32> >|  return value|
|Q_1_0_dout            |   in|    8|     ap_fifo|                                                                          Q_1_0|       pointer|
|Q_1_0_num_data_valid  |   in|    2|     ap_fifo|                                                                          Q_1_0|       pointer|
|Q_1_0_fifo_cap        |   in|    2|     ap_fifo|                                                                          Q_1_0|       pointer|
|Q_1_0_empty_n         |   in|    1|     ap_fifo|                                                                          Q_1_0|       pointer|
|Q_1_0_read            |  out|    1|     ap_fifo|                                                                          Q_1_0|       pointer|
|K_1_0_dout            |   in|    8|     ap_fifo|                                                                          K_1_0|       pointer|
|K_1_0_num_data_valid  |   in|    2|     ap_fifo|                                                                          K_1_0|       pointer|
|K_1_0_fifo_cap        |   in|    2|     ap_fifo|                                                                          K_1_0|       pointer|
|K_1_0_empty_n         |   in|    1|     ap_fifo|                                                                          K_1_0|       pointer|
|K_1_0_read            |  out|    1|     ap_fifo|                                                                          K_1_0|       pointer|
|A_0_din               |  out|    8|     ap_fifo|                                                                            A_0|       pointer|
|A_0_num_data_valid    |   in|    2|     ap_fifo|                                                                            A_0|       pointer|
|A_0_fifo_cap          |   in|    2|     ap_fifo|                                                                            A_0|       pointer|
|A_0_full_n            |   in|    1|     ap_fifo|                                                                            A_0|       pointer|
|A_0_write             |  out|    1|     ap_fifo|                                                                            A_0|       pointer|
+----------------------+-----+-----+------------+-------------------------------------------------------------------------------+--------------+

