

================================================================
== Vitis HLS Report for 'merge_heads'
================================================================
* Date:           Tue Jun 23 12:33:52 2026

* Version:        2022.2 (Build 3670227 on Oct 13 2022)
* Project:        ViT_Block
* Solution:       ViT_Block (Vivado IP Flow Target)
* Product family: virtexuplus
* Target device:  xcu250-figd2104-2L-e


================================================================
== Performance Estimates
================================================================
+ Timing: 
    * Summary: 
    +--------+----------+----------+------------+
    |  Clock |  Target  | Estimated| Uncertainty|
    +--------+----------+----------+------------+
    |ap_clk  |  10.00 ns|  3.117 ns|     2.70 ns|
    +--------+----------+----------+------------+

+ Latency: 
    * Summary: 
    +---------+---------+----------+----------+-----+-----+---------+
    |  Latency (cycles) |  Latency (absolute) |  Interval | Pipeline|
    |   min   |   max   |    min   |    max   | min | max |   Type  |
    +---------+---------+----------+----------+-----+-----+---------+
    |      274|      274|  2.740 us|  2.740 us|  274|  274|       no|
    +---------+---------+----------+----------+-----+-----+---------+

    + Detail: 
        * Instance: 
        N/A

        * Loop: 
        +------------------------------------------------------+---------+---------+----------+-----------+-----------+------+----------+
        |                                                      |  Latency (cycles) | Iteration|  Initiation Interval  | Trip |          |
        |                       Loop Name                      |   min   |   max   |  Latency |  achieved |   target  | Count| Pipelined|
        +------------------------------------------------------+---------+---------+----------+-----------+-----------+------+----------+
        |- VITIS_LOOP_178_1_VITIS_LOOP_179_2_VITIS_LOOP_180_3  |      272|      272|         2|          1|          1|   272|       yes|
        +------------------------------------------------------+---------+---------+----------+-----------+-----------+------+----------+



================================================================
== Utilization Estimates
================================================================
* Summary: 
+---------------------+---------+-------+---------+---------+------+
|         Name        | BRAM_18K|  DSP  |    FF   |   LUT   | URAM |
+---------------------+---------+-------+---------+---------+------+
|DSP                  |        -|      -|        -|        -|     -|
|Expression           |        -|      -|        0|      116|     -|
|FIFO                 |        -|      -|        -|        -|     -|
|Instance             |        -|      -|        -|        -|     -|
|Memory               |        -|      -|        -|        -|     -|
|Multiplexer          |        -|      -|        -|      131|     -|
|Register             |        -|      -|       26|        -|     -|
+---------------------+---------+-------+---------+---------+------+
|Total                |        0|      0|       26|      247|     0|
+---------------------+---------+-------+---------+---------+------+
|Available SLR        |     1344|   3072|   864000|   432000|   320|
+---------------------+---------+-------+---------+---------+------+
|Utilization SLR (%)  |        0|      0|       ~0|       ~0|     0|
+---------------------+---------+-------+---------+---------+------+
|Available            |     5376|  12288|  3456000|  1728000|  1280|
+---------------------+---------+-------+---------+---------+------+
|Utilization (%)      |        0|      0|       ~0|       ~0|     0|
+---------------------+---------+-------+---------+---------+------+

+ Detail: 
    * Instance: 
    N/A

    * DSP: 
    N/A

    * Memory: 
    N/A

    * FIFO: 
    N/A

    * Expression: 
    +----------------------------------+----------+----+---+----+------------+------------+
    |           Variable Name          | Operation| DSP| FF| LUT| Bitwidth P0| Bitwidth P1|
    +----------------------------------+----------+----+---+----+------------+------------+
    |add_ln178_fu_142_p2               |         +|   0|  0|  16|           9|           1|
    |add_ln179_1_fu_239_p2             |         +|   0|  0|  13|           6|           1|
    |add_ln179_fu_193_p2               |         +|   0|  0|   9|           2|           1|
    |add_ln180_fu_219_p2               |         +|   0|  0|  12|           4|           1|
    |and_ln178_1_fu_187_p2             |       and|   0|  0|   2|           1|           1|
    |and_ln178_fu_175_p2               |       and|   0|  0|   2|           1|           1|
    |ap_condition_128                  |       and|   0|  0|   2|           1|           1|
    |ap_predicate_op50_read_state2     |       and|   0|  0|   2|           1|           1|
    |ap_predicate_op52_read_state2     |       and|   0|  0|   2|           1|           1|
    |icmp_ln178_fu_136_p2              |      icmp|   0|  0|  11|           9|           9|
    |icmp_ln179_fu_151_p2              |      icmp|   0|  0|  10|           6|           5|
    |icmp_ln180_fu_181_p2              |      icmp|   0|  0|   9|           4|           5|
    |ap_block_pp0_stage0_01001         |        or|   0|  0|   2|           1|           1|
    |ap_block_state2_pp0_stage0_iter1  |        or|   0|  0|   2|           1|           1|
    |or_ln180_fu_225_p2                |        or|   0|  0|   2|           1|           1|
    |i_fu_231_p3                       |    select|   0|  0|   4|           1|           1|
    |select_ln178_fu_157_p3            |    select|   0|  0|   2|           1|           1|
    |select_ln179_1_fu_211_p3          |    select|   0|  0|   2|           1|           2|
    |select_ln179_2_fu_245_p3          |    select|   0|  0|   6|           1|           1|
    |select_ln179_fu_203_p3            |    select|   0|  0|   2|           1|           1|
    |ap_enable_pp0                     |       xor|   0|  0|   2|           1|           2|
    |xor_ln178_fu_165_p2               |       xor|   0|  0|   2|           1|           2|
    +----------------------------------+----------+----+---+----+------------+------------+
    |Total                             |          |   0|  0| 116|          55|          41|
    +----------------------------------+----------+----+---+----+------------+------------+

    * Multiplexer: 
    +----------------------------------------+----+-----------+-----+-----------+
    |                  Name                  | LUT| Input Size| Bits| Total Bits|
    +----------------------------------------+----+-----------+-----+-----------+
    |ap_done_int                             |   9|          2|    1|          2|
    |ap_enable_reg_pp0_iter1                 |   9|          2|    1|          2|
    |ap_phi_mux_empty_phi_fu_98_p4           |  14|          3|    8|         24|
    |ap_sig_allocacmp_h_load                 |   9|          2|    2|          4|
    |ap_sig_allocacmp_i_15                   |   9|          2|    4|          8|
    |ap_sig_allocacmp_indvar_flatten13_load  |   9|          2|    9|         18|
    |ap_sig_allocacmp_indvar_flatten_load    |   9|          2|    6|         12|
    |h_fu_64                                 |   9|          2|    2|          4|
    |head_out_0_blk_n                        |   9|          2|    1|          2|
    |head_out_1_blk_n                        |   9|          2|    1|          2|
    |i_02_fu_60                              |   9|          2|    4|          8|
    |indvar_flatten13_fu_72                  |   9|          2|    9|         18|
    |indvar_flatten_fu_68                    |   9|          2|    6|         12|
    |out_linear4_blk_n                       |   9|          2|    1|          2|
    +----------------------------------------+----+-----------+-----+-----------+
    |Total                                   | 131|         29|   55|        118|
    +----------------------------------------+----+-----------+-----+-----------+

    * Register: 
    +-------------------------+---+----+-----+-----------+
    |           Name          | FF| LUT| Bits| Const Bits|
    +-------------------------+---+----+-----+-----------+
    |ap_CS_fsm                |  1|   0|    1|          0|
    |ap_done_reg              |  1|   0|    1|          0|
    |ap_enable_reg_pp0_iter1  |  1|   0|    1|          0|
    |h_fu_64                  |  2|   0|    2|          0|
    |i_02_fu_60               |  4|   0|    4|          0|
    |icmp_ln178_reg_301       |  1|   0|    1|          0|
    |indvar_flatten13_fu_72   |  9|   0|    9|          0|
    |indvar_flatten_fu_68     |  6|   0|    6|          0|
    |select_ln179_reg_305     |  1|   0|    1|          0|
    +-------------------------+---+----+-----+-----------+
    |Total                    | 26|   0|   26|          0|
    +-------------------------+---+----+-----+-----------+



================================================================
== Interface
================================================================
* Summary: 
+----------------------------+-----+-----+------------+--------------+--------------+
|          RTL Ports         | Dir | Bits|  Protocol  | Source Object|    C Type    |
+----------------------------+-----+-----+------------+--------------+--------------+
|ap_clk                      |   in|    1|  ap_ctrl_hs|   merge_heads|  return value|
|ap_rst                      |   in|    1|  ap_ctrl_hs|   merge_heads|  return value|
|ap_start                    |   in|    1|  ap_ctrl_hs|   merge_heads|  return value|
|ap_done                     |  out|    1|  ap_ctrl_hs|   merge_heads|  return value|
|ap_continue                 |   in|    1|  ap_ctrl_hs|   merge_heads|  return value|
|ap_idle                     |  out|    1|  ap_ctrl_hs|   merge_heads|  return value|
|ap_ready                    |  out|    1|  ap_ctrl_hs|   merge_heads|  return value|
|head_out_0_dout             |   in|    8|     ap_fifo|    head_out_0|       pointer|
|head_out_0_num_data_valid   |   in|    2|     ap_fifo|    head_out_0|       pointer|
|head_out_0_fifo_cap         |   in|    2|     ap_fifo|    head_out_0|       pointer|
|head_out_0_empty_n          |   in|    1|     ap_fifo|    head_out_0|       pointer|
|head_out_0_read             |  out|    1|     ap_fifo|    head_out_0|       pointer|
|head_out_1_dout             |   in|    8|     ap_fifo|    head_out_1|       pointer|
|head_out_1_num_data_valid   |   in|    2|     ap_fifo|    head_out_1|       pointer|
|head_out_1_fifo_cap         |   in|    2|     ap_fifo|    head_out_1|       pointer|
|head_out_1_empty_n          |   in|    1|     ap_fifo|    head_out_1|       pointer|
|head_out_1_read             |  out|    1|     ap_fifo|    head_out_1|       pointer|
|out_linear4_din             |  out|    8|     ap_fifo|   out_linear4|       pointer|
|out_linear4_num_data_valid  |   in|    2|     ap_fifo|   out_linear4|       pointer|
|out_linear4_fifo_cap        |   in|    2|     ap_fifo|   out_linear4|       pointer|
|out_linear4_full_n          |   in|    1|     ap_fifo|   out_linear4|       pointer|
|out_linear4_write           |  out|    1|     ap_fifo|   out_linear4|       pointer|
+----------------------------+-----+-----+------------+--------------+--------------+

