

================================================================
== Vitis HLS Report for 'Out_linear_tiled'
================================================================
* Date:           Tue Jun 23 12:41:45 2026

* Version:        2022.2 (Build 3670227 on Oct 13 2022)
* Project:        ViT_Block
* Solution:       ViT_Block (Vivado IP Flow Target)
* Product family: virtexuplus
* Target device:  xcu250-figd2104-2L-e


================================================================
== Performance Estimates
================================================================
+ Timing: 
    * Summary: 
    +--------+----------+----------+------------+
    |  Clock |  Target  | Estimated| Uncertainty|
    +--------+----------+----------+------------+
    |ap_clk  |  10.00 ns|  7.300 ns|     2.70 ns|
    +--------+----------+----------+------------+

+ Latency: 
    * Summary: 
    +---------+---------+----------+----------+-----+-----+----------+
    |  Latency (cycles) |  Latency (absolute) |  Interval | Pipeline |
    |   min   |   max   |    min   |    max   | min | max |   Type   |
    +---------+---------+----------+----------+-----+-----+----------+
    |        ?|        ?|         ?|         ?|    ?|    ?|  dataflow|
    +---------+---------+----------+----------+-----+-----+----------+

    + Detail: 
        * Instance: 
        +--------------------------------------------------------------------+-------------------------------------------------------------------+---------+---------+-----------+-----------+------+------+---------+
        |                                                                    |                                                                   |  Latency (cycles) |   Latency (absolute)  |   Interval  | Pipeline|
        |                              Instance                              |                               Module                              |   min   |   max   |    min    |    max    |  min |  max |   Type  |
        +--------------------------------------------------------------------+-------------------------------------------------------------------+---------+---------+-----------+-----------+------+------+---------+
        |WeightTiledStreaming_3_17_16_16_1_1_1_1_1_1_ap_int_8_12_U0          |WeightTiledStreaming_3_17_16_16_1_1_1_1_1_1_ap_int_8_12            |        ?|        ?|          ?|          ?|     ?|     ?|       no|
        |Linear_Layer_17_16_16_1_1_1_1_1_1_536_16_0_ap_int_ap_int_ap_int_U0  |Linear_Layer_17_16_16_1_1_1_1_1_1_536_16_0_ap_int_ap_int_ap_int_s  |     5288|     5288|  52.880 us|  52.880 us|  5288|  5288|       no|
        +--------------------------------------------------------------------+-------------------------------------------------------------------+---------+---------+-----------+-----------+------+------+---------+

        * Loop: 
        N/A



================================================================
== Utilization Estimates
================================================================
* Summary: 
+---------------------+---------+-------+---------+---------+------+
|         Name        | BRAM_18K|  DSP  |    FF   |   LUT   | URAM |
+---------------------+---------+-------+---------+---------+------+
|DSP                  |        -|      -|        -|        -|     -|
|Expression           |        -|      -|        0|        2|     -|
|FIFO                 |        -|      -|        9|       35|     -|
|Instance             |        1|     18|     1004|     1804|     -|
|Memory               |        -|      -|        -|        -|     -|
|Multiplexer          |        -|      -|        -|        -|     -|
|Register             |        -|      -|        -|        -|     -|
+---------------------+---------+-------+---------+---------+------+
|Total                |        1|     18|     1013|     1841|     0|
+---------------------+---------+-------+---------+---------+------+
|Available SLR        |     1344|   3072|   864000|   432000|   320|
+---------------------+---------+-------+---------+---------+------+
|Utilization SLR (%)  |       ~0|     ~0|       ~0|       ~0|     0|
+---------------------+---------+-------+---------+---------+------+
|Available            |     5376|  12288|  3456000|  1728000|  1280|
+---------------------+---------+-------+---------+---------+------+
|Utilization (%)      |       ~0|     ~0|       ~0|       ~0|     0|
+---------------------+---------+-------+---------+---------+------+

+ Detail: 
    * Instance: 
    +--------------------------------------------------------------------+-------------------------------------------------------------------+---------+----+-----+------+-----+
    |                              Instance                              |                               Module                              | BRAM_18K| DSP|  FF |  LUT | URAM|
    +--------------------------------------------------------------------+-------------------------------------------------------------------+---------+----+-----+------+-----+
    |Linear_Layer_17_16_16_1_1_1_1_1_1_536_16_0_ap_int_ap_int_ap_int_U0  |Linear_Layer_17_16_16_1_1_1_1_1_1_536_16_0_ap_int_ap_int_ap_int_s  |        1|  18|  779|  1030|    0|
    |WeightTiledStreaming_3_17_16_16_1_1_1_1_1_1_ap_int_8_12_U0          |WeightTiledStreaming_3_17_16_16_1_1_1_1_1_1_ap_int_8_12            |        0|   0|  225|   774|    0|
    +--------------------------------------------------------------------+-------------------------------------------------------------------+---------+----+-----+------+-----+
    |Total                                                               |                                                                   |        1|  18| 1004|  1804|    0|
    +--------------------------------------------------------------------+-------------------------------------------------------------------+---------+----+-----+------+-----+

    * DSP: 
    N/A

    * Memory: 
    N/A

    * FIFO: 
    +---------+---------+---+----+-----+------+-----+---------+
    |   Name  | BRAM_18K| FF| LUT| URAM| Depth| Bits| Size:D*B|
    +---------+---------+---+----+-----+------+-----+---------+
    |out_w_U  |        0|  9|   0|    -|    64|    8|      512|
    +---------+---------+---+----+-----+------+-----+---------+
    |Total    |        0|  9|   0|    0|    64|    8|      512|
    +---------+---------+---+----+-----+------+-----+---------+

    * Expression: 
    +--------------+----------+----+---+----+------------+------------+
    | Variable Name| Operation| DSP| FF| LUT| Bitwidth P0| Bitwidth P1|
    +--------------+----------+----+---+----+------------+------------+
    |ap_idle       |       and|   0|  0|   2|           1|           1|
    +--------------+----------+----+---+----+------------+------------+
    |Total         |          |   0|  0|   2|           1|           1|
    +--------------+----------+----+---+----+------------+------------+

    * Multiplexer: 
    N/A

    * Register: 
    N/A



================================================================
== Interface
================================================================
* Summary: 
+----------------------+-----+-----+------------+------------------+--------------+
|       RTL Ports      | Dir | Bits|  Protocol  |   Source Object  |    C Type    |
+----------------------+-----+-----+------------+------------------+--------------+
|m_axi_Out_r_AWVALID   |  out|    1|       m_axi|             Out_r|       pointer|
|m_axi_Out_r_AWREADY   |   in|    1|       m_axi|             Out_r|       pointer|
|m_axi_Out_r_AWADDR    |  out|   64|       m_axi|             Out_r|       pointer|
|m_axi_Out_r_AWID      |  out|    1|       m_axi|             Out_r|       pointer|
|m_axi_Out_r_AWLEN     |  out|   32|       m_axi|             Out_r|       pointer|
|m_axi_Out_r_AWSIZE    |  out|    3|       m_axi|             Out_r|       pointer|
|m_axi_Out_r_AWBURST   |  out|    2|       m_axi|             Out_r|       pointer|
|m_axi_Out_r_AWLOCK    |  out|    2|       m_axi|             Out_r|       pointer|
|m_axi_Out_r_AWCACHE   |  out|    4|       m_axi|             Out_r|       pointer|
|m_axi_Out_r_AWPROT    |  out|    3|       m_axi|             Out_r|       pointer|
|m_axi_Out_r_AWQOS     |  out|    4|       m_axi|             Out_r|       pointer|
|m_axi_Out_r_AWREGION  |  out|    4|       m_axi|             Out_r|       pointer|
|m_axi_Out_r_AWUSER    |  out|    1|       m_axi|             Out_r|       pointer|
|m_axi_Out_r_WVALID    |  out|    1|       m_axi|             Out_r|       pointer|
|m_axi_Out_r_WREADY    |   in|    1|       m_axi|             Out_r|       pointer|
|m_axi_Out_r_WDATA     |  out|    8|       m_axi|             Out_r|       pointer|
|m_axi_Out_r_WSTRB     |  out|    1|       m_axi|             Out_r|       pointer|
|m_axi_Out_r_WLAST     |  out|    1|       m_axi|             Out_r|       pointer|
|m_axi_Out_r_WID       |  out|    1|       m_axi|             Out_r|       pointer|
|m_axi_Out_r_WUSER     |  out|    1|       m_axi|             Out_r|       pointer|
|m_axi_Out_r_ARVALID   |  out|    1|       m_axi|             Out_r|       pointer|
|m_axi_Out_r_ARREADY   |   in|    1|       m_axi|             Out_r|       pointer|
|m_axi_Out_r_ARADDR    |  out|   64|       m_axi|             Out_r|       pointer|
|m_axi_Out_r_ARID      |  out|    1|       m_axi|             Out_r|       pointer|
|m_axi_Out_r_ARLEN     |  out|   32|       m_axi|             Out_r|       pointer|
|m_axi_Out_r_ARSIZE    |  out|    3|       m_axi|             Out_r|       pointer|
|m_axi_Out_r_ARBURST   |  out|    2|       m_axi|             Out_r|       pointer|
|m_axi_Out_r_ARLOCK    |  out|    2|       m_axi|             Out_r|       pointer|
|m_axi_Out_r_ARCACHE   |  out|    4|       m_axi|             Out_r|       pointer|
|m_axi_Out_r_ARPROT    |  out|    3|       m_axi|             Out_r|       pointer|
|m_axi_Out_r_ARQOS     |  out|    4|       m_axi|             Out_r|       pointer|
|m_axi_Out_r_ARREGION  |  out|    4|       m_axi|             Out_r|       pointer|
|m_axi_Out_r_ARUSER    |  out|    1|       m_axi|             Out_r|       pointer|
|m_axi_Out_r_RVALID    |   in|    1|       m_axi|             Out_r|       pointer|
|m_axi_Out_r_RREADY    |  out|    1|       m_axi|             Out_r|       pointer|
|m_axi_Out_r_RDATA     |   in|    8|       m_axi|             Out_r|       pointer|
|m_axi_Out_r_RLAST     |   in|    1|       m_axi|             Out_r|       pointer|
|m_axi_Out_r_RID       |   in|    1|       m_axi|             Out_r|       pointer|
|m_axi_Out_r_RFIFONUM  |   in|   13|       m_axi|             Out_r|       pointer|
|m_axi_Out_r_RUSER     |   in|    1|       m_axi|             Out_r|       pointer|
|m_axi_Out_r_RRESP     |   in|    2|       m_axi|             Out_r|       pointer|
|m_axi_Out_r_BVALID    |   in|    1|       m_axi|             Out_r|       pointer|
|m_axi_Out_r_BREADY    |  out|    1|       m_axi|             Out_r|       pointer|
|m_axi_Out_r_BRESP     |   in|    2|       m_axi|             Out_r|       pointer|
|m_axi_Out_r_BID       |   in|    1|       m_axi|             Out_r|       pointer|
|m_axi_Out_r_BUSER     |   in|    1|       m_axi|             Out_r|       pointer|
|in_w                  |   in|   64|     ap_none|              in_w|        scalar|
|in_w_ap_vld           |   in|    1|     ap_none|              in_w|        scalar|
|out_linear4_dout      |   in|    8|     ap_fifo|       out_linear4|       pointer|
|out_linear4_empty_n   |   in|    1|     ap_fifo|       out_linear4|       pointer|
|out_linear4_read      |  out|    1|     ap_fifo|       out_linear4|       pointer|
|out_mha8_din          |  out|    8|     ap_fifo|          out_mha8|       pointer|
|out_mha8_full_n       |   in|    1|     ap_fifo|          out_mha8|       pointer|
|out_mha8_write        |  out|    1|     ap_fifo|          out_mha8|       pointer|
|ap_clk                |   in|    1|  ap_ctrl_hs|  Out_linear_tiled|  return value|
|ap_rst                |   in|    1|  ap_ctrl_hs|  Out_linear_tiled|  return value|
|ap_start              |   in|    1|  ap_ctrl_hs|  Out_linear_tiled|  return value|
|ap_done               |  out|    1|  ap_ctrl_hs|  Out_linear_tiled|  return value|
|ap_ready              |  out|    1|  ap_ctrl_hs|  Out_linear_tiled|  return value|
|ap_idle               |  out|    1|  ap_ctrl_hs|  Out_linear_tiled|  return value|
|ap_continue           |   in|    1|  ap_ctrl_hs|  Out_linear_tiled|  return value|
+----------------------+-----+-----+------------+------------------+--------------+

