

================================================================
== Vitis HLS Report for 'Q_linear_tiled'
================================================================
* Date:           Tue Jun 23 12:41:37 2026

* Version:        2022.2 (Build 3670227 on Oct 13 2022)
* Project:        ViT_Block
* Solution:       ViT_Block (Vivado IP Flow Target)
* Product family: virtexuplus
* Target device:  xcu250-figd2104-2L-e


================================================================
== Performance Estimates
================================================================
+ Timing: 
    * Summary: 
    +--------+----------+----------+------------+
    |  Clock |  Target  | Estimated| Uncertainty|
    +--------+----------+----------+------------+
    |ap_clk  |  10.00 ns|  7.300 ns|     2.70 ns|
    +--------+----------+----------+------------+

+ Latency: 
    * Summary: 
    +---------+---------+----------+----------+-----+-----+----------+
    |  Latency (cycles) |  Latency (absolute) |  Interval | Pipeline |
    |   min   |   max   |    min   |    max   | min | max |   Type   |
    +---------+---------+----------+----------+-----+-----+----------+
    |        ?|        ?|         ?|         ?|    ?|    ?|  dataflow|
    +---------+---------+----------+----------+-----+-----+----------+

    + Detail: 
        * Instance: 
        +--------------------------------------------------------------------+-------------------------------------------------------------------+---------+---------+-----------+-----------+------+------+---------+
        |                                                                    |                                                                   |  Latency (cycles) |   Latency (absolute)  |   Interval  | Pipeline|
        |                              Instance                              |                               Module                              |   min   |   max   |    min    |    max    |  min |  max |   Type  |
        +--------------------------------------------------------------------+-------------------------------------------------------------------+---------+---------+-----------+-----------+------+------+---------+
        |WeightTiledStreaming_3_17_16_16_1_1_1_1_1_1_ap_int_8_U0             |WeightTiledStreaming_3_17_16_16_1_1_1_1_1_1_ap_int_8_s             |        ?|        ?|          ?|          ?|     ?|     ?|       no|
        |Linear_Layer_17_16_16_1_1_1_1_1_1_337_16_0_ap_int_ap_int_ap_int_U0  |Linear_Layer_17_16_16_1_1_1_1_1_1_337_16_0_ap_int_ap_int_ap_int_s  |     5288|     5288|  52.880 us|  52.880 us|  5288|  5288|       no|
        +--------------------------------------------------------------------+-------------------------------------------------------------------+---------+---------+-----------+-----------+------+------+---------+

        * Loop: 
        N/A



================================================================
== Utilization Estimates
================================================================
* Summary: 
+---------------------+---------+-------+---------+---------+------+
|         Name        | BRAM_18K|  DSP  |    FF   |   LUT   | URAM |
+---------------------+---------+-------+---------+---------+------+
|DSP                  |        -|      -|        -|        -|     -|
|Expression           |        -|      -|        0|        2|     -|
|FIFO                 |        -|      -|        9|       35|     -|
|Instance             |        1|     17|     1003|     1798|     -|
|Memory               |        -|      -|        -|        -|     -|
|Multiplexer          |        -|      -|        -|        9|     -|
|Register             |        -|      -|        1|        -|     -|
+---------------------+---------+-------+---------+---------+------+
|Total                |        1|     17|     1013|     1844|     0|
+---------------------+---------+-------+---------+---------+------+
|Available SLR        |     1344|   3072|   864000|   432000|   320|
+---------------------+---------+-------+---------+---------+------+
|Utilization SLR (%)  |       ~0|     ~0|       ~0|       ~0|     0|
+---------------------+---------+-------+---------+---------+------+
|Available            |     5376|  12288|  3456000|  1728000|  1280|
+---------------------+---------+-------+---------+---------+------+
|Utilization (%)      |       ~0|     ~0|       ~0|       ~0|     0|
+---------------------+---------+-------+---------+---------+------+

+ Detail: 
    * Instance: 
    +--------------------------------------------------------------------+-------------------------------------------------------------------+---------+----+-----+------+-----+
    |                              Instance                              |                               Module                              | BRAM_18K| DSP|  FF |  LUT | URAM|
    +--------------------------------------------------------------------+-------------------------------------------------------------------+---------+----+-----+------+-----+
    |Linear_Layer_17_16_16_1_1_1_1_1_1_337_16_0_ap_int_ap_int_ap_int_U0  |Linear_Layer_17_16_16_1_1_1_1_1_1_337_16_0_ap_int_ap_int_ap_int_s  |        1|  17|  778|  1024|    0|
    |WeightTiledStreaming_3_17_16_16_1_1_1_1_1_1_ap_int_8_U0             |WeightTiledStreaming_3_17_16_16_1_1_1_1_1_1_ap_int_8_s             |        0|   0|  225|   774|    0|
    +--------------------------------------------------------------------+-------------------------------------------------------------------+---------+----+-----+------+-----+
    |Total                                                               |                                                                   |        1|  17| 1003|  1798|    0|
    +--------------------------------------------------------------------+-------------------------------------------------------------------+---------+----+-----+------+-----+

    * DSP: 
    N/A

    * Memory: 
    N/A

    * FIFO: 
    +---------+---------+---+----+-----+------+-----+---------+
    |   Name  | BRAM_18K| FF| LUT| URAM| Depth| Bits| Size:D*B|
    +---------+---------+---+----+-----+------+-----+---------+
    |out_w_U  |        0|  9|   0|    -|    64|    8|      512|
    +---------+---------+---+----+-----+------+-----+---------+
    |Total    |        0|  9|   0|    0|    64|    8|      512|
    +---------+---------+---+----+-----+------+-----+---------+

    * Expression: 
    +--------------+----------+----+---+----+------------+------------+
    | Variable Name| Operation| DSP| FF| LUT| Bitwidth P0| Bitwidth P1|
    +--------------+----------+----+---+----+------------+------------+
    |ap_idle       |       and|   0|  0|   2|           1|           1|
    +--------------+----------+----+---+----+------------+------------+
    |Total         |          |   0|  0|   2|           1|           1|
    +--------------+----------+----+---+----+------------+------------+

    * Multiplexer: 
    +------------+----+-----------+-----+-----------+
    |    Name    | LUT| Input Size| Bits| Total Bits|
    +------------+----+-----------+-----+-----------+
    |real_start  |   9|          2|    1|          2|
    +------------+----+-----------+-----+-----------+
    |Total       |   9|          2|    1|          2|
    +------------+----+-----------+-----+-----------+

    * Register: 
    +----------------+---+----+-----+-----------+
    |      Name      | FF| LUT| Bits| Const Bits|
    +----------------+---+----+-----+-----------+
    |start_once_reg  |  1|   0|    1|          0|
    +----------------+---+----+-----+-----------+
    |Total           |  1|   0|    1|          0|
    +----------------+---+----+-----+-----------+



================================================================
== Interface
================================================================
* Summary: 
+------------------+-----+-----+------------+----------------+--------------+
|     RTL Ports    | Dir | Bits|  Protocol  |  Source Object |    C Type    |
+------------------+-----+-----+------------+----------------+--------------+
|ap_start          |   in|    1|  ap_ctrl_hs|  Q_linear_tiled|  return value|
|start_full_n      |   in|    1|  ap_ctrl_hs|  Q_linear_tiled|  return value|
|start_out         |  out|    1|  ap_ctrl_hs|  Q_linear_tiled|  return value|
|start_write       |  out|    1|  ap_ctrl_hs|  Q_linear_tiled|  return value|
|ap_clk            |   in|    1|  ap_ctrl_hs|  Q_linear_tiled|  return value|
|ap_rst            |   in|    1|  ap_ctrl_hs|  Q_linear_tiled|  return value|
|ap_done           |  out|    1|  ap_ctrl_hs|  Q_linear_tiled|  return value|
|ap_ready          |  out|    1|  ap_ctrl_hs|  Q_linear_tiled|  return value|
|ap_idle           |  out|    1|  ap_ctrl_hs|  Q_linear_tiled|  return value|
|ap_continue       |   in|    1|  ap_ctrl_hs|  Q_linear_tiled|  return value|
|m_axi_Q_AWVALID   |  out|    1|       m_axi|               Q|       pointer|
|m_axi_Q_AWREADY   |   in|    1|       m_axi|               Q|       pointer|
|m_axi_Q_AWADDR    |  out|   64|       m_axi|               Q|       pointer|
|m_axi_Q_AWID      |  out|    1|       m_axi|               Q|       pointer|
|m_axi_Q_AWLEN     |  out|   32|       m_axi|               Q|       pointer|
|m_axi_Q_AWSIZE    |  out|    3|       m_axi|               Q|       pointer|
|m_axi_Q_AWBURST   |  out|    2|       m_axi|               Q|       pointer|
|m_axi_Q_AWLOCK    |  out|    2|       m_axi|               Q|       pointer|
|m_axi_Q_AWCACHE   |  out|    4|       m_axi|               Q|       pointer|
|m_axi_Q_AWPROT    |  out|    3|       m_axi|               Q|       pointer|
|m_axi_Q_AWQOS     |  out|    4|       m_axi|               Q|       pointer|
|m_axi_Q_AWREGION  |  out|    4|       m_axi|               Q|       pointer|
|m_axi_Q_AWUSER    |  out|    1|       m_axi|               Q|       pointer|
|m_axi_Q_WVALID    |  out|    1|       m_axi|               Q|       pointer|
|m_axi_Q_WREADY    |   in|    1|       m_axi|               Q|       pointer|
|m_axi_Q_WDATA     |  out|    8|       m_axi|               Q|       pointer|
|m_axi_Q_WSTRB     |  out|    1|       m_axi|               Q|       pointer|
|m_axi_Q_WLAST     |  out|    1|       m_axi|               Q|       pointer|
|m_axi_Q_WID       |  out|    1|       m_axi|               Q|       pointer|
|m_axi_Q_WUSER     |  out|    1|       m_axi|               Q|       pointer|
|m_axi_Q_ARVALID   |  out|    1|       m_axi|               Q|       pointer|
|m_axi_Q_ARREADY   |   in|    1|       m_axi|               Q|       pointer|
|m_axi_Q_ARADDR    |  out|   64|       m_axi|               Q|       pointer|
|m_axi_Q_ARID      |  out|    1|       m_axi|               Q|       pointer|
|m_axi_Q_ARLEN     |  out|   32|       m_axi|               Q|       pointer|
|m_axi_Q_ARSIZE    |  out|    3|       m_axi|               Q|       pointer|
|m_axi_Q_ARBURST   |  out|    2|       m_axi|               Q|       pointer|
|m_axi_Q_ARLOCK    |  out|    2|       m_axi|               Q|       pointer|
|m_axi_Q_ARCACHE   |  out|    4|       m_axi|               Q|       pointer|
|m_axi_Q_ARPROT    |  out|    3|       m_axi|               Q|       pointer|
|m_axi_Q_ARQOS     |  out|    4|       m_axi|               Q|       pointer|
|m_axi_Q_ARREGION  |  out|    4|       m_axi|               Q|       pointer|
|m_axi_Q_ARUSER    |  out|    1|       m_axi|               Q|       pointer|
|m_axi_Q_RVALID    |   in|    1|       m_axi|               Q|       pointer|
|m_axi_Q_RREADY    |  out|    1|       m_axi|               Q|       pointer|
|m_axi_Q_RDATA     |   in|    8|       m_axi|               Q|       pointer|
|m_axi_Q_RLAST     |   in|    1|       m_axi|               Q|       pointer|
|m_axi_Q_RID       |   in|    1|       m_axi|               Q|       pointer|
|m_axi_Q_RFIFONUM  |   in|   13|       m_axi|               Q|       pointer|
|m_axi_Q_RUSER     |   in|    1|       m_axi|               Q|       pointer|
|m_axi_Q_RRESP     |   in|    2|       m_axi|               Q|       pointer|
|m_axi_Q_BVALID    |   in|    1|       m_axi|               Q|       pointer|
|m_axi_Q_BREADY    |  out|    1|       m_axi|               Q|       pointer|
|m_axi_Q_BRESP     |   in|    2|       m_axi|               Q|       pointer|
|m_axi_Q_BID       |   in|    1|       m_axi|               Q|       pointer|
|m_axi_Q_BUSER     |   in|    1|       m_axi|               Q|       pointer|
|in_w              |   in|   64|     ap_none|            in_w|        scalar|
|in_w_ap_vld       |   in|    1|     ap_none|            in_w|        scalar|
|Q_in5_dout        |   in|    8|     ap_fifo|           Q_in5|       pointer|
|Q_in5_empty_n     |   in|    1|     ap_fifo|           Q_in5|       pointer|
|Q_in5_read        |  out|    1|     ap_fifo|           Q_in5|       pointer|
|q_lin1_din        |  out|    8|     ap_fifo|          q_lin1|       pointer|
|q_lin1_full_n     |   in|    1|     ap_fifo|          q_lin1|       pointer|
|q_lin1_write      |  out|    1|     ap_fifo|          q_lin1|       pointer|
+------------------+-----+-----+------------+----------------+--------------+

