

================================================================
== Vitis HLS Report for 'requant_ap_int_8_ap_int_8_17_16_84995_16_1_s'
================================================================
* Date:           Fri Jun 19 14:57:31 2026

* Version:        2022.2 (Build 3670227 on Oct 13 2022)
* Project:        ViT_Block
* Solution:       ViT_Block (Vivado IP Flow Target)
* Product family: zynquplus
* Target device:  xck26-sfvc784-2LV-c


================================================================
== Performance Estimates
================================================================
+ Timing: 
    * Summary: 
    +--------+----------+----------+------------+
    |  Clock |  Target  | Estimated| Uncertainty|
    +--------+----------+----------+------------+
    |ap_clk  |  10.00 ns|  5.121 ns|     2.70 ns|
    +--------+----------+----------+------------+

+ Latency: 
    * Summary: 
    +---------+---------+----------+----------+-----+-----+---------+
    |  Latency (cycles) |  Latency (absolute) |  Interval | Pipeline|
    |   min   |   max   |    min   |    max   | min | max |   Type  |
    +---------+---------+----------+----------+-----+-----+---------+
    |      277|      277|  2.770 us|  2.770 us|  277|  277|       no|
    +---------+---------+----------+----------+-----+-----+---------+

    + Detail: 
        * Instance: 
        N/A

        * Loop: 
        +-------------------+---------+---------+----------+-----------+-----------+------+----------+
        |                   |  Latency (cycles) | Iteration|  Initiation Interval  | Trip |          |
        |     Loop Name     |   min   |   max   |  Latency |  achieved |   target  | Count| Pipelined|
        +-------------------+---------+---------+----------+-----------+-----------+------+----------+
        |- VITIS_LOOP_72_1  |      275|      275|         5|          1|          1|   272|       yes|
        +-------------------+---------+---------+----------+-----------+-----------+------+----------+



================================================================
== Utilization Estimates
================================================================
* Summary: 
+-----------------+---------+------+--------+--------+-----+
|       Name      | BRAM_18K|  DSP |   FF   |   LUT  | URAM|
+-----------------+---------+------+--------+--------+-----+
|DSP              |        -|     1|       -|       -|    -|
|Expression       |        -|     -|       0|     157|    -|
|FIFO             |        -|     -|       -|       -|    -|
|Instance         |        -|     -|       -|       -|    -|
|Memory           |        -|     -|       -|       -|    -|
|Multiplexer      |        -|     -|       -|      54|    -|
|Register         |        -|     -|      18|       -|    -|
+-----------------+---------+------+--------+--------+-----+
|Total            |        0|     1|      18|     211|    0|
+-----------------+---------+------+--------+--------+-----+
|Available        |      288|  1248|  234240|  117120|   64|
+-----------------+---------+------+--------+--------+-----+
|Utilization (%)  |        0|    ~0|      ~0|      ~0|    0|
+-----------------+---------+------+--------+--------+-----+

+ Detail: 
    * Instance: 
    N/A

    * DSP: 
    +-----------------------------+------------------------+-----------+
    |           Instance          |         Module         | Expression|
    +-----------------------------+------------------------+-----------+
    |mul_mul_8s_17ns_26_4_1_U573  |mul_mul_8s_17ns_26_4_1  |    i0 * i1|
    +-----------------------------+------------------------+-----------+

    * Memory: 
    N/A

    * FIFO: 
    N/A

    * Expression: 
    +---------------------------+----------+----+---+----+------------+------------+
    |       Variable Name       | Operation| DSP| FF| LUT| Bitwidth P0| Bitwidth P1|
    +---------------------------+----------+----+---+----+------------+------------+
    |i_12_fu_95_p2              |         +|   0|  0|  16|           9|           1|
    |ret_V_fu_120_p2            |         +|   0|  0|  31|          24|          16|
    |ret_V_3_fu_140_p2          |         -|   0|  0|  31|          16|          24|
    |rq_V_fu_160_p2             |         -|   0|  0|  16|           1|           9|
    |ap_condition_109           |       and|   0|  0|   2|           1|           1|
    |icmp_ln1027_fu_190_p2      |      icmp|   0|  0|  11|           9|           8|
    |icmp_ln1035_fu_184_p2      |      icmp|   0|  0|   8|           2|           1|
    |icmp_ln72_fu_89_p2         |      icmp|   0|  0|  11|           9|           9|
    |ap_block_pp0_stage0_01001  |        or|   0|  0|   2|           1|           1|
    |or_ln96_fu_208_p2          |        or|   0|  0|   2|           1|           1|
    |res_1_rq11_din             |    select|   0|  0|   8|           1|           8|
    |rq_V_3_fu_166_p3           |    select|   0|  0|   9|           1|           9|
    |select_ln96_fu_200_p3      |    select|   0|  0|   8|           1|           7|
    |ap_enable_pp0              |       xor|   0|  0|   2|           1|           2|
    +---------------------------+----------+----+---+----+------------+------------+
    |Total                      |          |   0|  0| 157|          77|          97|
    +---------------------------+----------+----+---+----+------------+------------+

    * Multiplexer: 
    +-------------------------+----+-----------+-----+-----------+
    |           Name          | LUT| Input Size| Bits| Total Bits|
    +-------------------------+----+-----------+-----+-----------+
    |ap_done_int              |   9|          2|    1|          2|
    |ap_enable_reg_pp0_iter1  |   9|          2|    1|          2|
    |ap_sig_allocacmp_i_11    |   9|          2|    9|         18|
    |i_fu_64                  |   9|          2|    9|         18|
    |res_110_blk_n            |   9|          2|    1|          2|
    |res_1_rq11_blk_n         |   9|          2|    1|          2|
    +-------------------------+----+-----------+-----+-----------+
    |Total                    |  54|         12|   22|         44|
    +-------------------------+----+-----------+-----+-----------+

    * Register: 
    +----------------------------------+---+----+-----+-----------+
    |               Name               | FF| LUT| Bits| Const Bits|
    +----------------------------------+---+----+-----+-----------+
    |ap_CS_fsm                         |  1|   0|    1|          0|
    |ap_done_reg                       |  1|   0|    1|          0|
    |ap_enable_reg_pp0_iter1           |  1|   0|    1|          0|
    |ap_enable_reg_pp0_iter2           |  1|   0|    1|          0|
    |ap_enable_reg_pp0_iter3           |  1|   0|    1|          0|
    |ap_enable_reg_pp0_iter4           |  1|   0|    1|          0|
    |ap_loop_exit_ready_pp0_iter1_reg  |  1|   0|    1|          0|
    |ap_loop_exit_ready_pp0_iter2_reg  |  1|   0|    1|          0|
    |ap_loop_exit_ready_pp0_iter3_reg  |  1|   0|    1|          0|
    |i_fu_64                           |  9|   0|    9|          0|
    +----------------------------------+---+----+-----+-----------+
    |Total                             | 18|   0|   18|          0|
    +----------------------------------+---+----+-----+-----------+



================================================================
== Interface
================================================================
* Summary: 
+---------------------------+-----+-----+------------+-----------------------------------------------------+--------------+
|         RTL Ports         | Dir | Bits|  Protocol  |                    Source Object                    |    C Type    |
+---------------------------+-----+-----+------------+-----------------------------------------------------+--------------+
|ap_clk                     |   in|    1|  ap_ctrl_hs|  requant<ap_int<8>, ap_int<8>, 17, 16, 84995, 16, 1>|  return value|
|ap_rst                     |   in|    1|  ap_ctrl_hs|  requant<ap_int<8>, ap_int<8>, 17, 16, 84995, 16, 1>|  return value|
|ap_start                   |   in|    1|  ap_ctrl_hs|  requant<ap_int<8>, ap_int<8>, 17, 16, 84995, 16, 1>|  return value|
|ap_done                    |  out|    1|  ap_ctrl_hs|  requant<ap_int<8>, ap_int<8>, 17, 16, 84995, 16, 1>|  return value|
|ap_continue                |   in|    1|  ap_ctrl_hs|  requant<ap_int<8>, ap_int<8>, 17, 16, 84995, 16, 1>|  return value|
|ap_idle                    |  out|    1|  ap_ctrl_hs|  requant<ap_int<8>, ap_int<8>, 17, 16, 84995, 16, 1>|  return value|
|ap_ready                   |  out|    1|  ap_ctrl_hs|  requant<ap_int<8>, ap_int<8>, 17, 16, 84995, 16, 1>|  return value|
|res_110_dout               |   in|    8|     ap_fifo|                                              res_110|       pointer|
|res_110_num_data_valid     |   in|   13|     ap_fifo|                                              res_110|       pointer|
|res_110_fifo_cap           |   in|   13|     ap_fifo|                                              res_110|       pointer|
|res_110_empty_n            |   in|    1|     ap_fifo|                                              res_110|       pointer|
|res_110_read               |  out|    1|     ap_fifo|                                              res_110|       pointer|
|res_1_rq11_din             |  out|    8|     ap_fifo|                                           res_1_rq11|       pointer|
|res_1_rq11_num_data_valid  |   in|   13|     ap_fifo|                                           res_1_rq11|       pointer|
|res_1_rq11_fifo_cap        |   in|   13|     ap_fifo|                                           res_1_rq11|       pointer|
|res_1_rq11_full_n          |   in|    1|     ap_fifo|                                           res_1_rq11|       pointer|
|res_1_rq11_write           |  out|    1|     ap_fifo|                                           res_1_rq11|       pointer|
+---------------------------+-----+-----+------------+-----------------------------------------------------+--------------+

