

================================================================
== Vitis HLS Report for 'ResidualAddRequantSameScale_17_16_1_33477_16_0_ap_int_8_ap_int_16_s'
================================================================
* Date:           Fri Jun 19 14:57:32 2026

* Version:        2022.2 (Build 3670227 on Oct 13 2022)
* Project:        ViT_Block
* Solution:       ViT_Block (Vivado IP Flow Target)
* Product family: zynquplus
* Target device:  xck26-sfvc784-2LV-c


================================================================
== Performance Estimates
================================================================
+ Timing: 
    * Summary: 
    +--------+----------+----------+------------+
    |  Clock |  Target  | Estimated| Uncertainty|
    +--------+----------+----------+------------+
    |ap_clk  |  10.00 ns|  5.230 ns|     2.70 ns|
    +--------+----------+----------+------------+

+ Latency: 
    * Summary: 
    +---------+---------+----------+----------+-----+-----+---------+
    |  Latency (cycles) |  Latency (absolute) |  Interval | Pipeline|
    |   min   |   max   |    min   |    max   | min | max |   Type  |
    +---------+---------+----------+----------+-----+-----+---------+
    |      277|      277|  2.770 us|  2.770 us|  277|  277|       no|
    +---------+---------+----------+----------+-----+-----+---------+

    + Detail: 
        * Instance: 
        N/A

        * Loop: 
        +--------------------+---------+---------+----------+-----------+-----------+------+----------+
        |                    |  Latency (cycles) | Iteration|  Initiation Interval  | Trip |          |
        |      Loop Name     |   min   |   max   |  Latency |  achieved |   target  | Count| Pipelined|
        +--------------------+---------+---------+----------+-----------+-----------+------+----------+
        |- VITIS_LOOP_802_1  |      275|      275|         5|          1|          1|   272|       yes|
        +--------------------+---------+---------+----------+-----------+-----------+------+----------+



================================================================
== Utilization Estimates
================================================================
* Summary: 
+-----------------+---------+------+--------+--------+-----+
|       Name      | BRAM_18K|  DSP |   FF   |   LUT  | URAM|
+-----------------+---------+------+--------+--------+-----+
|DSP              |        -|     1|       -|       -|    -|
|Expression       |        -|     -|       0|     160|    -|
|FIFO             |        -|     -|       -|       -|    -|
|Instance         |        -|     -|       -|       -|    -|
|Memory           |        -|     -|       -|       -|    -|
|Multiplexer      |        -|     -|       -|      63|    -|
|Register         |        -|     -|      18|       -|    -|
+-----------------+---------+------+--------+--------+-----+
|Total            |        0|     1|      18|     223|    0|
+-----------------+---------+------+--------+--------+-----+
|Available        |      288|  1248|  234240|  117120|   64|
+-----------------+---------+------+--------+--------+-----+
|Utilization (%)  |        0|    ~0|      ~0|      ~0|    0|
+-----------------+---------+------+--------+--------+-----+

+ Detail: 
    * Instance: 
    N/A

    * DSP: 
    +----------------------------------+-----------------------------+----------------+
    |             Instance             |            Module           |   Expression   |
    +----------------------------------+-----------------------------+----------------+
    |am_addmul_8s_8s_16ns_26_4_1_U577  |am_addmul_8s_8s_16ns_26_4_1  |  (i0 + i1) * i2|
    +----------------------------------+-----------------------------+----------------+

    * Memory: 
    N/A

    * FIFO: 
    N/A

    * Expression: 
    +----------------------------------+----------+----+---+----+------------+------------+
    |           Variable Name          | Operation| DSP| FF| LUT| Bitwidth P0| Bitwidth P1|
    +----------------------------------+----------+----+---+----+------------+------------+
    |i_25_fu_103_p2                    |         +|   0|  0|  16|           9|           1|
    |ret_V_fu_132_p2                   |         +|   0|  0|  31|          24|          16|
    |ret_V_6_fu_152_p2                 |         -|   0|  0|  31|          16|          24|
    |rq_V_fu_172_p2                    |         -|   0|  0|  16|           1|           9|
    |ap_condition_116                  |       and|   0|  0|   2|           1|           1|
    |icmp_ln1027_fu_202_p2             |      icmp|   0|  0|  11|           9|           9|
    |icmp_ln1035_fu_196_p2             |      icmp|   0|  0|   8|           2|           1|
    |icmp_ln802_fu_97_p2               |      icmp|   0|  0|  11|           9|           9|
    |ap_block_pp0_stage0_01001         |        or|   0|  0|   2|           1|           1|
    |ap_block_state2_pp0_stage0_iter1  |        or|   0|  0|   2|           1|           1|
    |or_ln780_fu_220_p2                |        or|   0|  0|   2|           1|           1|
    |output_stream2_din                |    select|   0|  0|   8|           1|           8|
    |rq_V_5_fu_178_p3                  |    select|   0|  0|   9|           1|           9|
    |select_ln780_fu_212_p3            |    select|   0|  0|   9|           1|           7|
    |ap_enable_pp0                     |       xor|   0|  0|   2|           1|           2|
    +----------------------------------+----------+----+---+----+------------+------------+
    |Total                             |          |   0|  0| 160|          78|          99|
    +----------------------------------+----------+----+---+----+------------+------------+

    * Multiplexer: 
    +-------------------------+----+-----------+-----+-----------+
    |           Name          | LUT| Input Size| Bits| Total Bits|
    +-------------------------+----+-----------+-----+-----------+
    |ap_done_int              |   9|          2|    1|          2|
    |ap_enable_reg_pp0_iter1  |   9|          2|    1|          2|
    |ap_sig_allocacmp_i_24    |   9|          2|    9|         18|
    |i_fu_66                  |   9|          2|    9|         18|
    |mlp_out14_blk_n          |   9|          2|    1|          2|
    |output_stream2_blk_n     |   9|          2|    1|          2|
    |res_1_rq11_blk_n         |   9|          2|    1|          2|
    +-------------------------+----+-----------+-----+-----------+
    |Total                    |  63|         14|   23|         46|
    +-------------------------+----+-----------+-----+-----------+

    * Register: 
    +----------------------------------+---+----+-----+-----------+
    |               Name               | FF| LUT| Bits| Const Bits|
    +----------------------------------+---+----+-----+-----------+
    |ap_CS_fsm                         |  1|   0|    1|          0|
    |ap_done_reg                       |  1|   0|    1|          0|
    |ap_enable_reg_pp0_iter1           |  1|   0|    1|          0|
    |ap_enable_reg_pp0_iter2           |  1|   0|    1|          0|
    |ap_enable_reg_pp0_iter3           |  1|   0|    1|          0|
    |ap_enable_reg_pp0_iter4           |  1|   0|    1|          0|
    |ap_loop_exit_ready_pp0_iter1_reg  |  1|   0|    1|          0|
    |ap_loop_exit_ready_pp0_iter2_reg  |  1|   0|    1|          0|
    |ap_loop_exit_ready_pp0_iter3_reg  |  1|   0|    1|          0|
    |i_fu_66                           |  9|   0|    9|          0|
    +----------------------------------+---+----+-----+-----------+
    |Total                             | 18|   0|   18|          0|
    +----------------------------------+---+----+-----+-----------+



================================================================
== Interface
================================================================
* Summary: 
+-------------------------------+-----+-----+------------+------------------------------------------------------------------------------+--------------+
|           RTL Ports           | Dir | Bits|  Protocol  |                                 Source Object                                |    C Type    |
+-------------------------------+-----+-----+------------+------------------------------------------------------------------------------+--------------+
|ap_clk                         |   in|    1|  ap_ctrl_hs|  ResidualAddRequantSameScale<17, 16, 1, 33477, 16, 0, ap_int<8>, ap_int<16> >|  return value|
|ap_rst                         |   in|    1|  ap_ctrl_hs|  ResidualAddRequantSameScale<17, 16, 1, 33477, 16, 0, ap_int<8>, ap_int<16> >|  return value|
|ap_start                       |   in|    1|  ap_ctrl_hs|  ResidualAddRequantSameScale<17, 16, 1, 33477, 16, 0, ap_int<8>, ap_int<16> >|  return value|
|ap_done                        |  out|    1|  ap_ctrl_hs|  ResidualAddRequantSameScale<17, 16, 1, 33477, 16, 0, ap_int<8>, ap_int<16> >|  return value|
|ap_continue                    |   in|    1|  ap_ctrl_hs|  ResidualAddRequantSameScale<17, 16, 1, 33477, 16, 0, ap_int<8>, ap_int<16> >|  return value|
|ap_idle                        |  out|    1|  ap_ctrl_hs|  ResidualAddRequantSameScale<17, 16, 1, 33477, 16, 0, ap_int<8>, ap_int<16> >|  return value|
|ap_ready                       |  out|    1|  ap_ctrl_hs|  ResidualAddRequantSameScale<17, 16, 1, 33477, 16, 0, ap_int<8>, ap_int<16> >|  return value|
|mlp_out14_dout                 |   in|    8|     ap_fifo|                                                                     mlp_out14|       pointer|
|mlp_out14_num_data_valid       |   in|    2|     ap_fifo|                                                                     mlp_out14|       pointer|
|mlp_out14_fifo_cap             |   in|    2|     ap_fifo|                                                                     mlp_out14|       pointer|
|mlp_out14_empty_n              |   in|    1|     ap_fifo|                                                                     mlp_out14|       pointer|
|mlp_out14_read                 |  out|    1|     ap_fifo|                                                                     mlp_out14|       pointer|
|res_1_rq11_dout                |   in|    8|     ap_fifo|                                                                    res_1_rq11|       pointer|
|res_1_rq11_num_data_valid      |   in|   13|     ap_fifo|                                                                    res_1_rq11|       pointer|
|res_1_rq11_fifo_cap            |   in|   13|     ap_fifo|                                                                    res_1_rq11|       pointer|
|res_1_rq11_empty_n             |   in|    1|     ap_fifo|                                                                    res_1_rq11|       pointer|
|res_1_rq11_read                |  out|    1|     ap_fifo|                                                                    res_1_rq11|       pointer|
|output_stream2_din             |  out|    8|     ap_fifo|                                                                output_stream2|       pointer|
|output_stream2_num_data_valid  |   in|    2|     ap_fifo|                                                                output_stream2|       pointer|
|output_stream2_fifo_cap        |   in|    2|     ap_fifo|                                                                output_stream2|       pointer|
|output_stream2_full_n          |   in|    1|     ap_fifo|                                                                output_stream2|       pointer|
|output_stream2_write           |  out|    1|     ap_fifo|                                                                output_stream2|       pointer|
+-------------------------------+-----+-----+------------+------------------------------------------------------------------------------+--------------+

