

================================================================
== Vitis HLS Report for 'SOFTMAX_tile_5'
================================================================
* Date:           Fri Jun 19 14:57:25 2026

* Version:        2022.2 (Build 3670227 on Oct 13 2022)
* Project:        ViT_Block
* Solution:       ViT_Block (Vivado IP Flow Target)
* Product family: zynquplus
* Target device:  xck26-sfvc784-2LV-c


================================================================
== Performance Estimates
================================================================
+ Timing: 
    * Summary: 
    +--------+----------+----------+------------+
    |  Clock |  Target  | Estimated| Uncertainty|
    +--------+----------+----------+------------+
    |ap_clk  |  10.00 ns|  6.433 ns|     2.70 ns|
    +--------+----------+----------+------------+

+ Latency: 
    * Summary: 
    +---------+---------+----------+----------+-----+-----+---------+
    |  Latency (cycles) |  Latency (absolute) |  Interval | Pipeline|
    |   min   |   max   |    min   |    max   | min | max |   Type  |
    +---------+---------+----------+----------+-----+-----+---------+
    |      352|      352|  3.520 us|  3.520 us|  352|  352|       no|
    +---------+---------+----------+----------+-----+-----+---------+

    + Detail: 
        * Instance: 
        +---------------------------------------------------------------------+-----------------------------------------------------------+---------+---------+----------+----------+-----+-----+---------+
        |                                                                     |                                                           |  Latency (cycles) |  Latency (absolute) |  Interval | Pipeline|
        |                               Instance                              |                           Module                          |   min   |   max   |    min   |    max   | min | max |   Type  |
        +---------------------------------------------------------------------+-----------------------------------------------------------+---------+---------+----------+----------+-----+-----+---------+
        |grp_SoftmaxTiledStreaming_17_17_1_1_1_ap_int_8_ap_int_32_64_s_fu_18  |SoftmaxTiledStreaming_17_17_1_1_1_ap_int_8_ap_int_32_64_s  |      351|      351|  3.510 us|  3.510 us|  351|  351|       no|
        +---------------------------------------------------------------------+-----------------------------------------------------------+---------+---------+----------+----------+-----+-----+---------+

        * Loop: 
        N/A



================================================================
== Utilization Estimates
================================================================
* Summary: 
+-----------------+---------+------+--------+--------+-----+
|       Name      | BRAM_18K|  DSP |   FF   |   LUT  | URAM|
+-----------------+---------+------+--------+--------+-----+
|DSP              |        -|     -|       -|       -|    -|
|Expression       |        -|     -|       0|       2|    -|
|FIFO             |        -|     -|       -|       -|    -|
|Instance         |        0|     -|   25795|   21225|    -|
|Memory           |        -|     -|       -|       -|    -|
|Multiplexer      |        -|     -|       -|      50|    -|
|Register         |        -|     -|       5|       -|    -|
+-----------------+---------+------+--------+--------+-----+
|Total            |        0|     0|   25800|   21277|    0|
+-----------------+---------+------+--------+--------+-----+
|Available        |      288|  1248|  234240|  117120|   64|
+-----------------+---------+------+--------+--------+-----+
|Utilization (%)  |        0|     0|      11|      18|    0|
+-----------------+---------+------+--------+--------+-----+

+ Detail: 
    * Instance: 
    +---------------------------------------------------------------------+-----------------------------------------------------------+---------+----+-------+-------+-----+
    |                               Instance                              |                           Module                          | BRAM_18K| DSP|   FF  |  LUT  | URAM|
    +---------------------------------------------------------------------+-----------------------------------------------------------+---------+----+-------+-------+-----+
    |grp_SoftmaxTiledStreaming_17_17_1_1_1_ap_int_8_ap_int_32_64_s_fu_18  |SoftmaxTiledStreaming_17_17_1_1_1_ap_int_8_ap_int_32_64_s  |        0|   0|  25795|  21225|    0|
    +---------------------------------------------------------------------+-----------------------------------------------------------+---------+----+-------+-------+-----+
    |Total                                                                |                                                           |        0|   0|  25795|  21225|    0|
    +---------------------------------------------------------------------+-----------------------------------------------------------+---------+----+-------+-------+-----+

    * DSP: 
    N/A

    * Memory: 
    N/A

    * FIFO: 
    N/A

    * Expression: 
    +-----------------+----------+----+---+----+------------+------------+
    |  Variable Name  | Operation| DSP| FF| LUT| Bitwidth P0| Bitwidth P1|
    +-----------------+----------+----+---+----+------------+------------+
    |ap_block_state1  |        or|   0|  0|   2|           1|           1|
    +-----------------+----------+----+---+----+------------+------------+
    |Total            |          |   0|  0|   2|           1|           1|
    +-----------------+----------+----+---+----+------------+------------+

    * Multiplexer: 
    +-------------+----+-----------+-----+-----------+
    |     Name    | LUT| Input Size| Bits| Total Bits|
    +-------------+----+-----------+-----+-----------+
    |A_1_read     |   9|          2|    1|          2|
    |A_s_1_write  |   9|          2|    1|          2|
    |ap_NS_fsm    |  14|          3|    1|          3|
    |ap_done      |   9|          2|    1|          2|
    |real_start   |   9|          2|    1|          2|
    +-------------+----+-----------+-----+-----------+
    |Total        |  50|         11|    5|         11|
    +-------------+----+-----------+-----+-----------+

    * Register: 
    +----------------------------------------------------------------------------------+---+----+-----+-----------+
    |                                       Name                                       | FF| LUT| Bits| Const Bits|
    +----------------------------------------------------------------------------------+---+----+-----+-----------+
    |ap_CS_fsm                                                                         |  2|   0|    2|          0|
    |ap_done_reg                                                                       |  1|   0|    1|          0|
    |grp_SoftmaxTiledStreaming_17_17_1_1_1_ap_int_8_ap_int_32_64_s_fu_18_ap_start_reg  |  1|   0|    1|          0|
    |start_once_reg                                                                    |  1|   0|    1|          0|
    +----------------------------------------------------------------------------------+---+----+-----+-----------+
    |Total                                                                             |  5|   0|    5|          0|
    +----------------------------------------------------------------------------------+---+----+-----+-----------+



================================================================
== Interface
================================================================
* Summary: 
+----------------------+-----+-----+------------+----------------+--------------+
|       RTL Ports      | Dir | Bits|  Protocol  |  Source Object |    C Type    |
+----------------------+-----+-----+------------+----------------+--------------+
|ap_clk                |   in|    1|  ap_ctrl_hs|  SOFTMAX_tile.5|  return value|
|ap_rst                |   in|    1|  ap_ctrl_hs|  SOFTMAX_tile.5|  return value|
|ap_start              |   in|    1|  ap_ctrl_hs|  SOFTMAX_tile.5|  return value|
|start_full_n          |   in|    1|  ap_ctrl_hs|  SOFTMAX_tile.5|  return value|
|ap_done               |  out|    1|  ap_ctrl_hs|  SOFTMAX_tile.5|  return value|
|ap_continue           |   in|    1|  ap_ctrl_hs|  SOFTMAX_tile.5|  return value|
|ap_idle               |  out|    1|  ap_ctrl_hs|  SOFTMAX_tile.5|  return value|
|ap_ready              |  out|    1|  ap_ctrl_hs|  SOFTMAX_tile.5|  return value|
|start_out             |  out|    1|  ap_ctrl_hs|  SOFTMAX_tile.5|  return value|
|start_write           |  out|    1|  ap_ctrl_hs|  SOFTMAX_tile.5|  return value|
|A_1_dout              |   in|    8|     ap_fifo|             A_1|       pointer|
|A_1_num_data_valid    |   in|    2|     ap_fifo|             A_1|       pointer|
|A_1_fifo_cap          |   in|    2|     ap_fifo|             A_1|       pointer|
|A_1_empty_n           |   in|    1|     ap_fifo|             A_1|       pointer|
|A_1_read              |  out|    1|     ap_fifo|             A_1|       pointer|
|A_s_1_din             |  out|    8|     ap_fifo|           A_s_1|       pointer|
|A_s_1_num_data_valid  |   in|    2|     ap_fifo|           A_s_1|       pointer|
|A_s_1_fifo_cap        |   in|    2|     ap_fifo|           A_s_1|       pointer|
|A_s_1_full_n          |   in|    1|     ap_fifo|           A_s_1|       pointer|
|A_s_1_write           |  out|    1|     ap_fifo|           A_s_1|       pointer|
+----------------------+-----+-----+------------+----------------+--------------+

