

================================================================
== Vitis HLS Report for 'SoftmaxTiledStreaming_17_17_1_1_1_ap_int_8_ap_int_32_64_s'
================================================================
* Date:           Tue Jun 23 12:41:40 2026

* Version:        2022.2 (Build 3670227 on Oct 13 2022)
* Project:        ViT_Block
* Solution:       ViT_Block (Vivado IP Flow Target)
* Product family: virtexuplus
* Target device:  xcu250-figd2104-2L-e


================================================================
== Performance Estimates
================================================================
+ Timing: 
    * Summary: 
    +--------+----------+----------+------------+
    |  Clock |  Target  | Estimated| Uncertainty|
    +--------+----------+----------+------------+
    |ap_clk  |  10.00 ns|  6.790 ns|     2.70 ns|
    +--------+----------+----------+------------+

+ Latency: 
    * Summary: 
    +---------+---------+----------+----------+-----+-----+---------+
    |  Latency (cycles) |  Latency (absolute) |  Interval | Pipeline|
    |   min   |   max   |    min   |    max   | min | max |   Type  |
    +---------+---------+----------+----------+-----+-----+---------+
    |      351|      351|  3.510 us|  3.510 us|  351|  351|       no|
    +---------+---------+----------+----------+-----+-----+---------+

    + Detail: 
        * Instance: 
        N/A

        * Loop: 
        +--------------------+---------+---------+----------+-----------+-----------+------+----------+
        |                    |  Latency (cycles) | Iteration|  Initiation Interval  | Trip |          |
        |      Loop Name     |   min   |   max   |  Latency |  achieved |   target  | Count| Pipelined|
        +--------------------+---------+---------+----------+-----------+-----------+------+----------+
        |- VITIS_LOOP_563_1  |      349|      349|        78|         17|          1|    17|       yes|
        +--------------------+---------+---------+----------+-----------+-----------+------+----------+



================================================================
== Utilization Estimates
================================================================
* Summary: 
+---------------------+---------+-------+---------+---------+------+
|         Name        | BRAM_18K|  DSP  |    FF   |   LUT   | URAM |
+---------------------+---------+-------+---------+---------+------+
|DSP                  |        -|      -|        -|        -|     -|
|Expression           |        -|      -|        0|     1832|     -|
|FIFO                 |        -|      -|        -|        -|     -|
|Instance             |        -|      -|    24803|    18649|     -|
|Memory               |        0|      -|        8|        9|     -|
|Multiplexer          |        -|      -|        -|      663|     -|
|Register             |        -|      -|      976|       64|     -|
+---------------------+---------+-------+---------+---------+------+
|Total                |        0|      0|    25787|    21217|     0|
+---------------------+---------+-------+---------+---------+------+
|Available SLR        |     1344|   3072|   864000|   432000|   320|
+---------------------+---------+-------+---------+---------+------+
|Utilization SLR (%)  |        0|      0|        2|        4|     0|
+---------------------+---------+-------+---------+---------+------+
|Available            |     5376|  12288|  3456000|  1728000|  1280|
+---------------------+---------+-------+---------+---------+------+
|Utilization (%)      |        0|      0|       ~0|        1|     0|
+---------------------+---------+-------+---------+---------+------+

+ Detail: 
    * Instance: 
    +---------------------------+----------------------+---------+----+------+------+-----+
    |          Instance         |        Module        | BRAM_18K| DSP|  FF  |  LUT | URAM|
    +---------------------------+----------------------+---------+----+------+------+-----+
    |udiv_24s_13ns_8_28_1_U183  |udiv_24s_13ns_8_28_1  |        0|   0|  1459|  1097|    0|
    |udiv_24s_13ns_8_28_1_U184  |udiv_24s_13ns_8_28_1  |        0|   0|  1459|  1097|    0|
    |udiv_24s_13ns_8_28_1_U185  |udiv_24s_13ns_8_28_1  |        0|   0|  1459|  1097|    0|
    |udiv_24s_13ns_8_28_1_U186  |udiv_24s_13ns_8_28_1  |        0|   0|  1459|  1097|    0|
    |udiv_24s_13ns_8_28_1_U187  |udiv_24s_13ns_8_28_1  |        0|   0|  1459|  1097|    0|
    |udiv_24s_13ns_8_28_1_U188  |udiv_24s_13ns_8_28_1  |        0|   0|  1459|  1097|    0|
    |udiv_24s_13ns_8_28_1_U189  |udiv_24s_13ns_8_28_1  |        0|   0|  1459|  1097|    0|
    |udiv_24s_13ns_8_28_1_U190  |udiv_24s_13ns_8_28_1  |        0|   0|  1459|  1097|    0|
    |udiv_24s_13ns_8_28_1_U191  |udiv_24s_13ns_8_28_1  |        0|   0|  1459|  1097|    0|
    |udiv_24s_13ns_8_28_1_U192  |udiv_24s_13ns_8_28_1  |        0|   0|  1459|  1097|    0|
    |udiv_24s_13ns_8_28_1_U193  |udiv_24s_13ns_8_28_1  |        0|   0|  1459|  1097|    0|
    |udiv_24s_13ns_8_28_1_U194  |udiv_24s_13ns_8_28_1  |        0|   0|  1459|  1097|    0|
    |udiv_24s_13ns_8_28_1_U195  |udiv_24s_13ns_8_28_1  |        0|   0|  1459|  1097|    0|
    |udiv_24s_13ns_8_28_1_U196  |udiv_24s_13ns_8_28_1  |        0|   0|  1459|  1097|    0|
    |udiv_24s_13ns_8_28_1_U197  |udiv_24s_13ns_8_28_1  |        0|   0|  1459|  1097|    0|
    |udiv_24s_13ns_8_28_1_U198  |udiv_24s_13ns_8_28_1  |        0|   0|  1459|  1097|    0|
    |udiv_24s_13ns_8_28_1_U199  |udiv_24s_13ns_8_28_1  |        0|   0|  1459|  1097|    0|
    +---------------------------+----------------------+---------+----+------+------+-----+
    |Total                      |                      |        0|   0| 24803| 18649|    0|
    +---------------------------+----------------------+---------+----+------+------+-----+

    * DSP: 
    N/A

    * Memory: 
    +-------------+---------------------------------------------------------------------------------+---------+---+----+-----+------+-----+------+-------------+
    |    Memory   |                                      Module                                     | BRAM_18K| FF| LUT| URAM| Words| Bits| Banks| W*Bits*Banks|
    +-------------+---------------------------------------------------------------------------------+---------+---+----+-----+------+-----+------+-------------+
    |exp_lut_V_U  |SoftmaxTiledStreaming_17_17_1_1_1_ap_int_8_ap_int_32_64_s_exp_lut_V_ROM_AUTO_1R  |        0|  8|   9|    0|    64|    8|     1|          512|
    +-------------+---------------------------------------------------------------------------------+---------+---+----+-----+------+-----+------+-------------+
    |Total        |                                                                                 |        0|  8|   9|    0|    64|    8|     1|          512|
    +-------------+---------------------------------------------------------------------------------+---------+---+----+-----+------+-----+------+-------------+

    * FIFO: 
    N/A

    * Expression: 
    +------------------------------------+----------+----+---+----+------------+------------+
    |            Variable Name           | Operation| DSP| FF| LUT| Bitwidth P0| Bitwidth P1|
    +------------------------------------+----------+----+---+----+------------+------------+
    |add_ln186_10_fu_1129_p2             |         +|   0|  0|  15|           8|           2|
    |add_ln186_11_fu_1176_p2             |         +|   0|  0|  15|           8|           2|
    |add_ln186_12_fu_1223_p2             |         +|   0|  0|  15|           8|           2|
    |add_ln186_13_fu_1270_p2             |         +|   0|  0|  15|           8|           2|
    |add_ln186_14_fu_1317_p2             |         +|   0|  0|  15|           8|           2|
    |add_ln186_15_fu_1364_p2             |         +|   0|  0|  15|           8|           2|
    |add_ln186_16_fu_1406_p2             |         +|   0|  0|  15|           8|           2|
    |add_ln186_1_fu_706_p2               |         +|   0|  0|  15|           8|           2|
    |add_ln186_2_fu_753_p2               |         +|   0|  0|  15|           8|           2|
    |add_ln186_3_fu_800_p2               |         +|   0|  0|  15|           8|           2|
    |add_ln186_4_fu_847_p2               |         +|   0|  0|  15|           8|           2|
    |add_ln186_5_fu_894_p2               |         +|   0|  0|  15|           8|           2|
    |add_ln186_6_fu_941_p2               |         +|   0|  0|  15|           8|           2|
    |add_ln186_7_fu_988_p2               |         +|   0|  0|  15|           8|           2|
    |add_ln186_8_fu_1035_p2              |         +|   0|  0|  15|           8|           2|
    |add_ln186_9_fu_1082_p2              |         +|   0|  0|  15|           8|           2|
    |add_ln186_fu_659_p2                 |         +|   0|  0|  15|           8|           2|
    |add_ln840_10_fu_1571_p2             |         +|   0|  0|  16|           9|           9|
    |add_ln840_11_fu_1581_p2             |         +|   0|  0|  16|           9|           9|
    |add_ln840_12_fu_1591_p2             |         +|   0|  0|  17|          10|          10|
    |add_ln840_13_fu_1601_p2             |         +|   0|  0|  18|          11|          11|
    |add_ln840_14_fu_1617_p2             |         +|   0|  0|  17|          12|          12|
    |add_ln840_15_fu_1631_p2             |         +|   0|  0|  20|          13|          13|
    |add_ln840_1_fu_1463_p2              |         +|   0|  0|  16|           9|           9|
    |add_ln840_2_fu_1473_p2              |         +|   0|  0|  17|          10|          10|
    |add_ln840_3_fu_1515_p2              |         +|   0|  0|  17|          11|          11|
    |add_ln840_4_fu_1495_p2              |         +|   0|  0|  16|           9|           9|
    |add_ln840_5_fu_1505_p2              |         +|   0|  0|  17|          10|          10|
    |add_ln840_6_fu_1521_p2              |         +|   0|  0|  17|          11|          11|
    |add_ln840_7_fu_1565_p2              |         +|   0|  0|  19|          12|          12|
    |add_ln840_8_fu_1555_p2              |         +|   0|  0|  16|           9|           9|
    |add_ln840_9_fu_1611_p2              |         +|   0|  0|  17|          12|          12|
    |add_ln840_fu_1447_p2                |         +|   0|  0|  16|           9|           9|
    |m0_2_fu_438_p2                      |         +|   0|  0|  12|           5|           1|
    |sub_ln186_10_fu_1949_p2             |         -|   0|  0|  23|          16|          16|
    |sub_ln186_11_fu_1978_p2             |         -|   0|  0|  23|          16|          16|
    |sub_ln186_12_fu_2007_p2             |         -|   0|  0|  23|          16|          16|
    |sub_ln186_13_fu_2036_p2             |         -|   0|  0|  23|          16|          16|
    |sub_ln186_14_fu_2065_p2             |         -|   0|  0|  23|          16|          16|
    |sub_ln186_15_fu_2094_p2             |         -|   0|  0|  23|          16|          16|
    |sub_ln186_16_fu_2123_p2             |         -|   0|  0|  23|          16|          16|
    |sub_ln186_1_fu_1688_p2              |         -|   0|  0|  23|          16|          16|
    |sub_ln186_2_fu_1717_p2              |         -|   0|  0|  23|          16|          16|
    |sub_ln186_3_fu_1746_p2              |         -|   0|  0|  23|          16|          16|
    |sub_ln186_4_fu_1775_p2              |         -|   0|  0|  23|          16|          16|
    |sub_ln186_5_fu_1804_p2              |         -|   0|  0|  23|          16|          16|
    |sub_ln186_6_fu_1833_p2              |         -|   0|  0|  23|          16|          16|
    |sub_ln186_7_fu_1862_p2              |         -|   0|  0|  23|          16|          16|
    |sub_ln186_8_fu_1891_p2              |         -|   0|  0|  23|          16|          16|
    |sub_ln186_9_fu_1920_p2              |         -|   0|  0|  23|          16|          16|
    |sub_ln186_fu_1658_p2                |         -|   0|  0|  23|          16|          16|
    |sub_ln616_10_fu_1114_p2             |         -|   0|  0|  16|           9|           9|
    |sub_ln616_11_fu_1161_p2             |         -|   0|  0|  16|           9|           9|
    |sub_ln616_12_fu_1208_p2             |         -|   0|  0|  16|           9|           9|
    |sub_ln616_13_fu_1255_p2             |         -|   0|  0|  16|           9|           9|
    |sub_ln616_14_fu_1302_p2             |         -|   0|  0|  16|           9|           9|
    |sub_ln616_15_fu_1349_p2             |         -|   0|  0|  16|           9|           9|
    |sub_ln616_16_fu_1391_p2             |         -|   0|  0|  16|           9|           9|
    |sub_ln616_1_fu_691_p2               |         -|   0|  0|  16|           9|           9|
    |sub_ln616_2_fu_738_p2               |         -|   0|  0|  16|           9|           9|
    |sub_ln616_3_fu_785_p2               |         -|   0|  0|  16|           9|           9|
    |sub_ln616_4_fu_832_p2               |         -|   0|  0|  16|           9|           9|
    |sub_ln616_5_fu_879_p2               |         -|   0|  0|  16|           9|           9|
    |sub_ln616_6_fu_926_p2               |         -|   0|  0|  16|           9|           9|
    |sub_ln616_7_fu_973_p2               |         -|   0|  0|  16|           9|           9|
    |sub_ln616_8_fu_1020_p2              |         -|   0|  0|  16|           9|           9|
    |sub_ln616_9_fu_1067_p2              |         -|   0|  0|  16|           9|           9|
    |sub_ln616_fu_643_p2                 |         -|   0|  0|  16|           9|           9|
    |ap_block_state10_pp0_stage9_iter0   |       and|   0|  0|   2|           1|           1|
    |ap_block_state62_pp0_stage10_iter3  |       and|   0|  0|   2|           1|           1|
    |ap_block_state70_pp0_stage1_iter4   |       and|   0|  0|   2|           1|           1|
    |cmp_i_i_fu_1641_p2                  |      icmp|   0|  0|  12|          13|           1|
    |icmp_ln1035_10_fu_560_p2            |      icmp|   0|  0|  11|           8|           8|
    |icmp_ln1035_11_fu_576_p2            |      icmp|   0|  0|  11|           8|           8|
    |icmp_ln1035_12_fu_586_p2            |      icmp|   0|  0|  11|           8|           8|
    |icmp_ln1035_13_fu_598_p2            |      icmp|   0|  0|  11|           8|           8|
    |icmp_ln1035_14_fu_610_p2            |      icmp|   0|  0|  11|           8|           8|
    |icmp_ln1035_15_fu_622_p2            |      icmp|   0|  0|  11|           8|           8|
    |icmp_ln1035_16_fu_649_p2            |      icmp|   0|  0|  11|           9|           1|
    |icmp_ln1035_17_fu_696_p2            |      icmp|   0|  0|  11|           9|           1|
    |icmp_ln1035_18_fu_743_p2            |      icmp|   0|  0|  11|           9|           1|
    |icmp_ln1035_19_fu_790_p2            |      icmp|   0|  0|  11|           9|           1|
    |icmp_ln1035_1_fu_454_p2             |      icmp|   0|  0|  11|           8|           8|
    |icmp_ln1035_20_fu_837_p2            |      icmp|   0|  0|  11|           9|           1|
    |icmp_ln1035_21_fu_884_p2            |      icmp|   0|  0|  11|           9|           1|
    |icmp_ln1035_22_fu_931_p2            |      icmp|   0|  0|  11|           9|           1|
    |icmp_ln1035_23_fu_978_p2            |      icmp|   0|  0|  11|           9|           1|
    |icmp_ln1035_24_fu_1025_p2           |      icmp|   0|  0|  11|           9|           1|
    |icmp_ln1035_25_fu_1072_p2           |      icmp|   0|  0|  11|           9|           1|
    |icmp_ln1035_26_fu_1119_p2           |      icmp|   0|  0|  11|           9|           1|
    |icmp_ln1035_27_fu_1166_p2           |      icmp|   0|  0|  11|           9|           1|
    |icmp_ln1035_28_fu_1213_p2           |      icmp|   0|  0|  11|           9|           1|
    |icmp_ln1035_29_fu_1260_p2           |      icmp|   0|  0|  11|           9|           1|
    |icmp_ln1035_2_fu_466_p2             |      icmp|   0|  0|  11|           8|           8|
    |icmp_ln1035_30_fu_1307_p2           |      icmp|   0|  0|  11|           9|           1|
    |icmp_ln1035_31_fu_1354_p2           |      icmp|   0|  0|  11|           9|           1|
    |icmp_ln1035_32_fu_1396_p2           |      icmp|   0|  0|  11|           9|           1|
    |icmp_ln1035_3_fu_478_p2             |      icmp|   0|  0|  11|           8|           8|
    |icmp_ln1035_4_fu_490_p2             |      icmp|   0|  0|  11|           8|           8|
    |icmp_ln1035_5_fu_502_p2             |      icmp|   0|  0|  11|           8|           8|
    |icmp_ln1035_6_fu_514_p2             |      icmp|   0|  0|  11|           8|           8|
    |icmp_ln1035_7_fu_524_p2             |      icmp|   0|  0|  11|           8|           8|
    |icmp_ln1035_8_fu_536_p2             |      icmp|   0|  0|  11|           8|           8|
    |icmp_ln1035_9_fu_548_p2             |      icmp|   0|  0|  11|           8|           8|
    |icmp_ln1035_fu_444_p2               |      icmp|   0|  0|  11|           8|           8|
    |icmp_ln563_fu_432_p2                |      icmp|   0|  0|   9|           5|           5|
    |ap_block_pp0_stage0_01001           |        or|   0|  0|   2|           1|           1|
    |ap_block_pp0_stage10_01001          |        or|   0|  0|   2|           1|           1|
    |ap_block_pp0_stage1_01001           |        or|   0|  0|   2|           1|           1|
    |ap_block_pp0_stage9_01001           |        or|   0|  0|   2|           1|           1|
    |select_ln186_10_fu_1145_p3          |    select|   0|  0|   6|           1|           2|
    |select_ln186_11_fu_1192_p3          |    select|   0|  0|   6|           1|           2|
    |select_ln186_12_fu_1239_p3          |    select|   0|  0|   6|           1|           2|
    |select_ln186_13_fu_1286_p3          |    select|   0|  0|   6|           1|           2|
    |select_ln186_14_fu_1333_p3          |    select|   0|  0|   6|           1|           2|
    |select_ln186_15_fu_1380_p3          |    select|   0|  0|   6|           1|           2|
    |select_ln186_16_fu_1422_p3          |    select|   0|  0|   6|           1|           2|
    |select_ln186_1_fu_722_p3            |    select|   0|  0|   6|           1|           2|
    |select_ln186_2_fu_769_p3            |    select|   0|  0|   6|           1|           2|
    |select_ln186_3_fu_816_p3            |    select|   0|  0|   6|           1|           2|
    |select_ln186_4_fu_863_p3            |    select|   0|  0|   6|           1|           2|
    |select_ln186_5_fu_910_p3            |    select|   0|  0|   6|           1|           2|
    |select_ln186_6_fu_957_p3            |    select|   0|  0|   6|           1|           2|
    |select_ln186_7_fu_1004_p3           |    select|   0|  0|   6|           1|           2|
    |select_ln186_8_fu_1051_p3           |    select|   0|  0|   6|           1|           2|
    |select_ln186_9_fu_1098_p3           |    select|   0|  0|   6|           1|           2|
    |select_ln186_fu_675_p3              |    select|   0|  0|   6|           1|           2|
    |select_ln595_10_fu_565_p3           |    select|   0|  0|   8|           1|           8|
    |select_ln595_11_fu_580_p3           |    select|   0|  0|   8|           1|           8|
    |select_ln595_12_fu_591_p3           |    select|   0|  0|   8|           1|           8|
    |select_ln595_13_fu_603_p3           |    select|   0|  0|   8|           1|           8|
    |select_ln595_14_fu_615_p3           |    select|   0|  0|   8|           1|           8|
    |select_ln595_15_fu_628_p3           |    select|   0|  0|   8|           1|           8|
    |select_ln595_1_fu_459_p3            |    select|   0|  0|   8|           1|           8|
    |select_ln595_2_fu_471_p3            |    select|   0|  0|   8|           1|           8|
    |select_ln595_3_fu_483_p3            |    select|   0|  0|   8|           1|           8|
    |select_ln595_4_fu_495_p3            |    select|   0|  0|   8|           1|           8|
    |select_ln595_5_fu_507_p3            |    select|   0|  0|   8|           1|           8|
    |select_ln595_6_fu_518_p3            |    select|   0|  0|   8|           1|           8|
    |select_ln595_7_fu_529_p3            |    select|   0|  0|   8|           1|           8|
    |select_ln595_8_fu_541_p3            |    select|   0|  0|   8|           1|           8|
    |select_ln595_9_fu_553_p3            |    select|   0|  0|   8|           1|           8|
    |select_ln595_fu_448_p3              |    select|   0|  0|   8|           1|           8|
    |ap_enable_pp0                       |       xor|   0|  0|   2|           1|           2|
    +------------------------------------+----------+----+---+----+------------+------------+
    |Total                               |          |   0|  0|1832|        1072|         948|
    +------------------------------------+----------+----+---+----+------------+------------+

    * Multiplexer: 
    +---------------------------------------+----+-----------+-----+-----------+
    |                  Name                 | LUT| Input Size| Bits| Total Bits|
    +---------------------------------------+----+-----------+-----+-----------+
    |A_1_blk_n                              |   9|          2|    1|          2|
    |A_s_1_blk_n                            |   9|          2|    1|          2|
    |A_s_1_din                              |  86|         18|    8|        144|
    |ap_NS_fsm                              |  86|         18|    1|         18|
    |ap_done_int                            |   9|          2|    1|          2|
    |ap_enable_reg_pp0_iter0                |   9|          2|    1|          2|
    |ap_enable_reg_pp0_iter1                |   9|          2|    1|          2|
    |ap_enable_reg_pp0_iter4                |   9|          2|    1|          2|
    |ap_loop_exit_ready_pp0_iter1_reg       |   9|          2|    1|          2|
    |ap_loop_exit_ready_pp0_iter2_reg       |   9|          2|    1|          2|
    |ap_loop_exit_ready_pp0_iter3_reg       |   9|          2|    1|          2|
    |ap_phi_mux_y_V_2_0_phi_fu_224_p4       |   9|          2|    8|         16|
    |ap_phi_mux_y_V_2_10_phi_fu_344_p4      |   9|          2|    8|         16|
    |ap_phi_mux_y_V_2_11_phi_fu_356_p4      |   9|          2|    8|         16|
    |ap_phi_mux_y_V_2_12_phi_fu_368_p4      |   9|          2|    8|         16|
    |ap_phi_mux_y_V_2_13_phi_fu_380_p4      |   9|          2|    8|         16|
    |ap_phi_mux_y_V_2_14_phi_fu_392_p4      |   9|          2|    8|         16|
    |ap_phi_mux_y_V_2_15_phi_fu_404_p4      |   9|          2|    8|         16|
    |ap_phi_mux_y_V_2_16_phi_fu_416_p4      |   9|          2|    8|         16|
    |ap_phi_mux_y_V_2_1_phi_fu_236_p4       |   9|          2|    8|         16|
    |ap_phi_mux_y_V_2_2_phi_fu_248_p4       |   9|          2|    8|         16|
    |ap_phi_mux_y_V_2_3_phi_fu_260_p4       |   9|          2|    8|         16|
    |ap_phi_mux_y_V_2_4_phi_fu_272_p4       |   9|          2|    8|         16|
    |ap_phi_mux_y_V_2_5_phi_fu_284_p4       |   9|          2|    8|         16|
    |ap_phi_mux_y_V_2_6_phi_fu_296_p4       |   9|          2|    8|         16|
    |ap_phi_mux_y_V_2_7_phi_fu_308_p4       |   9|          2|    8|         16|
    |ap_phi_mux_y_V_2_8_phi_fu_320_p4       |   9|          2|    8|         16|
    |ap_phi_mux_y_V_2_9_phi_fu_332_p4       |   9|          2|    8|         16|
    |ap_phi_reg_pp0_iter2_y_V_2_0_reg_220   |   9|          2|    8|         16|
    |ap_phi_reg_pp0_iter2_y_V_2_10_reg_340  |   9|          2|    8|         16|
    |ap_phi_reg_pp0_iter2_y_V_2_11_reg_352  |   9|          2|    8|         16|
    |ap_phi_reg_pp0_iter2_y_V_2_12_reg_364  |   9|          2|    8|         16|
    |ap_phi_reg_pp0_iter2_y_V_2_13_reg_376  |   9|          2|    8|         16|
    |ap_phi_reg_pp0_iter2_y_V_2_14_reg_388  |   9|          2|    8|         16|
    |ap_phi_reg_pp0_iter2_y_V_2_15_reg_400  |   9|          2|    8|         16|
    |ap_phi_reg_pp0_iter2_y_V_2_16_reg_412  |   9|          2|    8|         16|
    |ap_phi_reg_pp0_iter2_y_V_2_1_reg_232   |   9|          2|    8|         16|
    |ap_phi_reg_pp0_iter2_y_V_2_2_reg_244   |   9|          2|    8|         16|
    |ap_phi_reg_pp0_iter2_y_V_2_3_reg_256   |   9|          2|    8|         16|
    |ap_phi_reg_pp0_iter2_y_V_2_4_reg_268   |   9|          2|    8|         16|
    |ap_phi_reg_pp0_iter2_y_V_2_5_reg_280   |   9|          2|    8|         16|
    |ap_phi_reg_pp0_iter2_y_V_2_6_reg_292   |   9|          2|    8|         16|
    |ap_phi_reg_pp0_iter2_y_V_2_7_reg_304   |   9|          2|    8|         16|
    |ap_phi_reg_pp0_iter2_y_V_2_8_reg_316   |   9|          2|    8|         16|
    |ap_phi_reg_pp0_iter2_y_V_2_9_reg_328   |   9|          2|    8|         16|
    |ap_sig_allocacmp_m0_1                  |   9|          2|    5|         10|
    |exp_lut_V_address0                     |  86|         18|    6|        108|
    |m0_fu_62                               |   9|          2|    5|         10|
    +---------------------------------------+----+-----------+-----+-----------+
    |Total                                  | 663|        144|  306|        852|
    +---------------------------------------+----+-----------+-----+-----------+

    * Register: 
    +---------------------------------------+----+----+-----+-----------+
    |                  Name                 | FF | LUT| Bits| Const Bits|
    +---------------------------------------+----+----+-----+-----------+
    |A_1_read_10_reg_2309                   |   8|   0|    8|          0|
    |A_1_read_11_reg_2316                   |   8|   0|    8|          0|
    |A_1_read_12_reg_2323                   |   8|   0|    8|          0|
    |A_1_read_13_reg_2330                   |   8|   0|    8|          0|
    |A_1_read_14_reg_2343                   |   8|   0|    8|          0|
    |A_1_read_15_reg_2356                   |   8|   0|    8|          0|
    |A_1_read_16_reg_2363                   |   8|   0|    8|          0|
    |A_1_read_1_reg_2246                    |   8|   0|    8|          0|
    |A_1_read_2_reg_2253                    |   8|   0|    8|          0|
    |A_1_read_3_reg_2260                    |   8|   0|    8|          0|
    |A_1_read_4_reg_2267                    |   8|   0|    8|          0|
    |A_1_read_5_reg_2274                    |   8|   0|    8|          0|
    |A_1_read_6_reg_2281                    |   8|   0|    8|          0|
    |A_1_read_7_reg_2288                    |   8|   0|    8|          0|
    |A_1_read_8_reg_2295                    |   8|   0|    8|          0|
    |A_1_read_9_reg_2302                    |   8|   0|    8|          0|
    |A_1_read_reg_2239                      |   8|   0|    8|          0|
    |add_ln840_15_cast_reg_2601             |  13|   0|   24|         11|
    |ap_CS_fsm                              |  17|   0|   17|          0|
    |ap_done_reg                            |   1|   0|    1|          0|
    |ap_enable_reg_pp0_iter0_reg            |   1|   0|    1|          0|
    |ap_enable_reg_pp0_iter1                |   1|   0|    1|          0|
    |ap_enable_reg_pp0_iter2                |   1|   0|    1|          0|
    |ap_enable_reg_pp0_iter3                |   1|   0|    1|          0|
    |ap_enable_reg_pp0_iter4                |   1|   0|    1|          0|
    |ap_loop_exit_ready_pp0_iter1_reg       |   1|   0|    1|          0|
    |ap_loop_exit_ready_pp0_iter2_reg       |   1|   0|    1|          0|
    |ap_loop_exit_ready_pp0_iter3_reg       |   1|   0|    1|          0|
    |ap_phi_reg_pp0_iter1_y_V_2_0_reg_220   |   8|   0|    8|          0|
    |ap_phi_reg_pp0_iter1_y_V_2_10_reg_340  |   8|   0|    8|          0|
    |ap_phi_reg_pp0_iter1_y_V_2_11_reg_352  |   8|   0|    8|          0|
    |ap_phi_reg_pp0_iter1_y_V_2_12_reg_364  |   8|   0|    8|          0|
    |ap_phi_reg_pp0_iter1_y_V_2_13_reg_376  |   8|   0|    8|          0|
    |ap_phi_reg_pp0_iter1_y_V_2_14_reg_388  |   8|   0|    8|          0|
    |ap_phi_reg_pp0_iter1_y_V_2_15_reg_400  |   8|   0|    8|          0|
    |ap_phi_reg_pp0_iter1_y_V_2_16_reg_412  |   8|   0|    8|          0|
    |ap_phi_reg_pp0_iter1_y_V_2_1_reg_232   |   8|   0|    8|          0|
    |ap_phi_reg_pp0_iter1_y_V_2_2_reg_244   |   8|   0|    8|          0|
    |ap_phi_reg_pp0_iter1_y_V_2_3_reg_256   |   8|   0|    8|          0|
    |ap_phi_reg_pp0_iter1_y_V_2_4_reg_268   |   8|   0|    8|          0|
    |ap_phi_reg_pp0_iter1_y_V_2_5_reg_280   |   8|   0|    8|          0|
    |ap_phi_reg_pp0_iter1_y_V_2_6_reg_292   |   8|   0|    8|          0|
    |ap_phi_reg_pp0_iter1_y_V_2_7_reg_304   |   8|   0|    8|          0|
    |ap_phi_reg_pp0_iter1_y_V_2_8_reg_316   |   8|   0|    8|          0|
    |ap_phi_reg_pp0_iter1_y_V_2_9_reg_328   |   8|   0|    8|          0|
    |ap_phi_reg_pp0_iter2_y_V_2_0_reg_220   |   8|   0|    8|          0|
    |ap_phi_reg_pp0_iter2_y_V_2_10_reg_340  |   8|   0|    8|          0|
    |ap_phi_reg_pp0_iter2_y_V_2_11_reg_352  |   8|   0|    8|          0|
    |ap_phi_reg_pp0_iter2_y_V_2_12_reg_364  |   8|   0|    8|          0|
    |ap_phi_reg_pp0_iter2_y_V_2_13_reg_376  |   8|   0|    8|          0|
    |ap_phi_reg_pp0_iter2_y_V_2_14_reg_388  |   8|   0|    8|          0|
    |ap_phi_reg_pp0_iter2_y_V_2_15_reg_400  |   8|   0|    8|          0|
    |ap_phi_reg_pp0_iter2_y_V_2_16_reg_412  |   8|   0|    8|          0|
    |ap_phi_reg_pp0_iter2_y_V_2_1_reg_232   |   8|   0|    8|          0|
    |ap_phi_reg_pp0_iter2_y_V_2_2_reg_244   |   8|   0|    8|          0|
    |ap_phi_reg_pp0_iter2_y_V_2_3_reg_256   |   8|   0|    8|          0|
    |ap_phi_reg_pp0_iter2_y_V_2_4_reg_268   |   8|   0|    8|          0|
    |ap_phi_reg_pp0_iter2_y_V_2_5_reg_280   |   8|   0|    8|          0|
    |ap_phi_reg_pp0_iter2_y_V_2_6_reg_292   |   8|   0|    8|          0|
    |ap_phi_reg_pp0_iter2_y_V_2_7_reg_304   |   8|   0|    8|          0|
    |ap_phi_reg_pp0_iter2_y_V_2_8_reg_316   |   8|   0|    8|          0|
    |ap_phi_reg_pp0_iter2_y_V_2_9_reg_328   |   8|   0|    8|          0|
    |ap_phi_reg_pp0_iter3_y_V_2_0_reg_220   |   8|   0|    8|          0|
    |ap_phi_reg_pp0_iter3_y_V_2_10_reg_340  |   8|   0|    8|          0|
    |ap_phi_reg_pp0_iter3_y_V_2_11_reg_352  |   8|   0|    8|          0|
    |ap_phi_reg_pp0_iter3_y_V_2_12_reg_364  |   8|   0|    8|          0|
    |ap_phi_reg_pp0_iter3_y_V_2_13_reg_376  |   8|   0|    8|          0|
    |ap_phi_reg_pp0_iter3_y_V_2_14_reg_388  |   8|   0|    8|          0|
    |ap_phi_reg_pp0_iter3_y_V_2_15_reg_400  |   8|   0|    8|          0|
    |ap_phi_reg_pp0_iter3_y_V_2_16_reg_412  |   8|   0|    8|          0|
    |ap_phi_reg_pp0_iter3_y_V_2_1_reg_232   |   8|   0|    8|          0|
    |ap_phi_reg_pp0_iter3_y_V_2_2_reg_244   |   8|   0|    8|          0|
    |ap_phi_reg_pp0_iter3_y_V_2_3_reg_256   |   8|   0|    8|          0|
    |ap_phi_reg_pp0_iter3_y_V_2_4_reg_268   |   8|   0|    8|          0|
    |ap_phi_reg_pp0_iter3_y_V_2_5_reg_280   |   8|   0|    8|          0|
    |ap_phi_reg_pp0_iter3_y_V_2_6_reg_292   |   8|   0|    8|          0|
    |ap_phi_reg_pp0_iter3_y_V_2_7_reg_304   |   8|   0|    8|          0|
    |ap_phi_reg_pp0_iter3_y_V_2_8_reg_316   |   8|   0|    8|          0|
    |ap_phi_reg_pp0_iter3_y_V_2_9_reg_328   |   8|   0|    8|          0|
    |ap_phi_reg_pp0_iter4_y_V_2_10_reg_340  |   8|   0|    8|          0|
    |ap_phi_reg_pp0_iter4_y_V_2_11_reg_352  |   8|   0|    8|          0|
    |ap_phi_reg_pp0_iter4_y_V_2_12_reg_364  |   8|   0|    8|          0|
    |ap_phi_reg_pp0_iter4_y_V_2_13_reg_376  |   8|   0|    8|          0|
    |ap_phi_reg_pp0_iter4_y_V_2_14_reg_388  |   8|   0|    8|          0|
    |ap_phi_reg_pp0_iter4_y_V_2_15_reg_400  |   8|   0|    8|          0|
    |ap_phi_reg_pp0_iter4_y_V_2_16_reg_412  |   8|   0|    8|          0|
    |ap_phi_reg_pp0_iter4_y_V_2_7_reg_304   |   8|   0|    8|          0|
    |ap_phi_reg_pp0_iter4_y_V_2_8_reg_316   |   8|   0|    8|          0|
    |ap_phi_reg_pp0_iter4_y_V_2_9_reg_328   |   8|   0|    8|          0|
    |cmp_i_i_reg_2622                       |   1|   0|    1|          0|
    |exp_lut_V_load_10_reg_2513             |   8|   0|    8|          0|
    |exp_lut_V_load_11_reg_2525             |   8|   0|    8|          0|
    |exp_lut_V_load_12_reg_2537             |   8|   0|    8|          0|
    |exp_lut_V_load_13_reg_2549             |   8|   0|    8|          0|
    |exp_lut_V_load_14_reg_2571             |   8|   0|    8|          0|
    |exp_lut_V_load_15_reg_2583             |   8|   0|    8|          0|
    |exp_lut_V_load_16_reg_2595             |   8|   0|    8|          0|
    |exp_lut_V_load_1_reg_2405              |   8|   0|    8|          0|
    |exp_lut_V_load_2_reg_2417              |   8|   0|    8|          0|
    |exp_lut_V_load_3_reg_2429              |   8|   0|    8|          0|
    |exp_lut_V_load_4_reg_2441              |   8|   0|    8|          0|
    |exp_lut_V_load_5_reg_2453              |   8|   0|    8|          0|
    |exp_lut_V_load_6_reg_2465              |   8|   0|    8|          0|
    |exp_lut_V_load_7_reg_2477              |   8|   0|    8|          0|
    |exp_lut_V_load_8_reg_2489              |   8|   0|    8|          0|
    |exp_lut_V_load_9_reg_2501              |   8|   0|    8|          0|
    |exp_lut_V_load_reg_2393                |   8|   0|    8|          0|
    |icmp_ln563_reg_2230                    |   1|   0|    1|          0|
    |m0_2_reg_2234                          |   5|   0|    5|          0|
    |m0_fu_62                               |   5|   0|    5|          0|
    |select_ln186_15_reg_2561               |   6|   0|    6|          0|
    |select_ln186_16_reg_2566               |   6|   0|    6|          0|
    |select_ln595_10_reg_2350               |   8|   0|    8|          0|
    |select_ln595_15_cast_reg_2368          |   9|   0|    9|          0|
    |select_ln595_5_reg_2337                |   8|   0|    8|          0|
    |cmp_i_i_reg_2622                       |  64|  32|    1|          0|
    |icmp_ln563_reg_2230                    |  64|  32|    1|          0|
    +---------------------------------------+----+----+-----+-----------+
    |Total                                  | 976|  64|  861|         11|
    +---------------------------------------+----+----+-----+-----------+



================================================================
== Interface
================================================================
* Summary: 
+----------------------+-----+-----+------------+-------------------------------------------------------------------+--------------+
|       RTL Ports      | Dir | Bits|  Protocol  |                           Source Object                           |    C Type    |
+----------------------+-----+-----+------------+-------------------------------------------------------------------+--------------+
|ap_clk                |   in|    1|  ap_ctrl_hs|  SoftmaxTiledStreaming<17, 17, 1, 1, 1, ap_int<8>, ap_int<32>, 64>|  return value|
|ap_rst                |   in|    1|  ap_ctrl_hs|  SoftmaxTiledStreaming<17, 17, 1, 1, 1, ap_int<8>, ap_int<32>, 64>|  return value|
|ap_start              |   in|    1|  ap_ctrl_hs|  SoftmaxTiledStreaming<17, 17, 1, 1, 1, ap_int<8>, ap_int<32>, 64>|  return value|
|ap_done               |  out|    1|  ap_ctrl_hs|  SoftmaxTiledStreaming<17, 17, 1, 1, 1, ap_int<8>, ap_int<32>, 64>|  return value|
|ap_idle               |  out|    1|  ap_ctrl_hs|  SoftmaxTiledStreaming<17, 17, 1, 1, 1, ap_int<8>, ap_int<32>, 64>|  return value|
|ap_ready              |  out|    1|  ap_ctrl_hs|  SoftmaxTiledStreaming<17, 17, 1, 1, 1, ap_int<8>, ap_int<32>, 64>|  return value|
|A_1_dout              |   in|    8|     ap_fifo|                                                                A_1|       pointer|
|A_1_num_data_valid    |   in|    2|     ap_fifo|                                                                A_1|       pointer|
|A_1_fifo_cap          |   in|    2|     ap_fifo|                                                                A_1|       pointer|
|A_1_empty_n           |   in|    1|     ap_fifo|                                                                A_1|       pointer|
|A_1_read              |  out|    1|     ap_fifo|                                                                A_1|       pointer|
|A_s_1_din             |  out|    8|     ap_fifo|                                                              A_s_1|       pointer|
|A_s_1_num_data_valid  |   in|    2|     ap_fifo|                                                              A_s_1|       pointer|
|A_s_1_fifo_cap        |   in|    2|     ap_fifo|                                                              A_s_1|       pointer|
|A_s_1_full_n          |   in|    1|     ap_fifo|                                                              A_s_1|       pointer|
|A_s_1_write           |  out|    1|     ap_fifo|                                                              A_s_1|       pointer|
+----------------------+-----+-----+------------+-------------------------------------------------------------------+--------------+

