

================================================================
== Vitis HLS Report for 'split_heads'
================================================================
* Date:           Fri Jun 19 14:57:22 2026

* Version:        2022.2 (Build 3670227 on Oct 13 2022)
* Project:        ViT_Block
* Solution:       ViT_Block (Vivado IP Flow Target)
* Product family: zynquplus
* Target device:  xck26-sfvc784-2LV-c


================================================================
== Performance Estimates
================================================================
+ Timing: 
    * Summary: 
    +--------+----------+----------+------------+
    |  Clock |  Target  | Estimated| Uncertainty|
    +--------+----------+----------+------------+
    |ap_clk  |  10.00 ns|  3.676 ns|     2.70 ns|
    +--------+----------+----------+------------+

+ Latency: 
    * Summary: 
    +---------+---------+----------+----------+-----+-----+---------+
    |  Latency (cycles) |  Latency (absolute) |  Interval | Pipeline|
    |   min   |   max   |    min   |    max   | min | max |   Type  |
    +---------+---------+----------+----------+-----+-----+---------+
    |      274|      274|  2.740 us|  2.740 us|  274|  274|       no|
    +---------+---------+----------+----------+-----+-----+---------+

    + Detail: 
        * Instance: 
        N/A

        * Loop: 
        +------------------------------------------------------+---------+---------+----------+-----------+-----------+------+----------+
        |                                                      |  Latency (cycles) | Iteration|  Initiation Interval  | Trip |          |
        |                       Loop Name                      |   min   |   max   |  Latency |  achieved |   target  | Count| Pipelined|
        +------------------------------------------------------+---------+---------+----------+-----------+-----------+------+----------+
        |- VITIS_LOOP_156_1_VITIS_LOOP_157_2_VITIS_LOOP_158_3  |      272|      272|         2|          1|          1|   272|       yes|
        +------------------------------------------------------+---------+---------+----------+-----------+-----------+------+----------+



================================================================
== Utilization Estimates
================================================================
* Summary: 
+-----------------+---------+------+--------+--------+-----+
|       Name      | BRAM_18K|  DSP |   FF   |   LUT  | URAM|
+-----------------+---------+------+--------+--------+-----+
|DSP              |        -|     -|       -|       -|    -|
|Expression       |        -|     -|       0|     112|    -|
|FIFO             |        -|     -|       -|       -|    -|
|Instance         |        -|     -|       -|       -|    -|
|Memory           |        -|     -|       -|       -|    -|
|Multiplexer      |        -|     -|       -|     126|    -|
|Register         |        -|     -|      26|       -|    -|
+-----------------+---------+------+--------+--------+-----+
|Total            |        0|     0|      26|     238|    0|
+-----------------+---------+------+--------+--------+-----+
|Available        |      288|  1248|  234240|  117120|   64|
+-----------------+---------+------+--------+--------+-----+
|Utilization (%)  |        0|     0|      ~0|      ~0|    0|
+-----------------+---------+------+--------+--------+-----+

+ Detail: 
    * Instance: 
    N/A

    * DSP: 
    N/A

    * Memory: 
    N/A

    * FIFO: 
    N/A

    * Expression: 
    +----------------------------------+----------+----+---+----+------------+------------+
    |           Variable Name          | Operation| DSP| FF| LUT| Bitwidth P0| Bitwidth P1|
    +----------------------------------+----------+----+---+----+------------+------------+
    |add_ln156_fu_133_p2               |         +|   0|  0|  16|           9|           1|
    |add_ln157_3_fu_230_p2             |         +|   0|  0|  13|           6|           1|
    |add_ln157_fu_184_p2               |         +|   0|  0|   9|           2|           1|
    |add_ln158_fu_210_p2               |         +|   0|  0|  12|           4|           1|
    |and_ln156_3_fu_178_p2             |       and|   0|  0|   2|           1|           1|
    |and_ln156_fu_166_p2               |       and|   0|  0|   2|           1|           1|
    |ap_condition_122                  |       and|   0|  0|   2|           1|           1|
    |icmp_ln156_fu_127_p2              |      icmp|   0|  0|  11|           9|           9|
    |icmp_ln157_fu_142_p2              |      icmp|   0|  0|  10|           6|           5|
    |icmp_ln158_fu_172_p2              |      icmp|   0|  0|   9|           4|           5|
    |ap_block_pp0_stage0_01001         |        or|   0|  0|   2|           1|           1|
    |ap_block_state2_pp0_stage0_iter1  |        or|   0|  0|   2|           1|           1|
    |or_ln158_fu_216_p2                |        or|   0|  0|   2|           1|           1|
    |i_fu_222_p3                       |    select|   0|  0|   4|           1|           1|
    |select_ln156_fu_148_p3            |    select|   0|  0|   2|           1|           1|
    |select_ln157_5_fu_202_p3          |    select|   0|  0|   2|           1|           2|
    |select_ln157_6_fu_236_p3          |    select|   0|  0|   6|           1|           1|
    |select_ln157_fu_194_p3            |    select|   0|  0|   2|           1|           1|
    |ap_enable_pp0                     |       xor|   0|  0|   2|           1|           2|
    |xor_ln156_fu_156_p2               |       xor|   0|  0|   2|           1|           2|
    +----------------------------------+----------+----+---+----+------------+------------+
    |Total                             |          |   0|  0| 112|          53|          39|
    +----------------------------------+----------+----+---+----+------------+------------+

    * Multiplexer: 
    +----------------------------------------+----+-----------+-----+-----------+
    |                  Name                  | LUT| Input Size| Bits| Total Bits|
    +----------------------------------------+----+-----------+-----+-----------+
    |Q_1_0_blk_n                             |   9|          2|    1|          2|
    |Q_1_1_blk_n                             |   9|          2|    1|          2|
    |ap_done_int                             |   9|          2|    1|          2|
    |ap_enable_reg_pp0_iter1                 |   9|          2|    1|          2|
    |ap_sig_allocacmp_h_load                 |   9|          2|    2|          4|
    |ap_sig_allocacmp_i_6                    |   9|          2|    4|          8|
    |ap_sig_allocacmp_indvar_flatten13_load  |   9|          2|    9|         18|
    |ap_sig_allocacmp_indvar_flatten_load    |   9|          2|    6|         12|
    |h_fu_64                                 |   9|          2|    2|          4|
    |i_02_fu_60                              |   9|          2|    4|          8|
    |indvar_flatten13_fu_72                  |   9|          2|    9|         18|
    |indvar_flatten_fu_68                    |   9|          2|    6|         12|
    |q_lin1_blk_n                            |   9|          2|    1|          2|
    |real_start                              |   9|          2|    1|          2|
    +----------------------------------------+----+-----------+-----+-----------+
    |Total                                   | 126|         28|   48|         96|
    +----------------------------------------+----+-----------+-----+-----------+

    * Register: 
    +-------------------------+---+----+-----+-----------+
    |           Name          | FF| LUT| Bits| Const Bits|
    +-------------------------+---+----+-----+-----------+
    |ap_CS_fsm                |  1|   0|    1|          0|
    |ap_done_reg              |  1|   0|    1|          0|
    |ap_enable_reg_pp0_iter1  |  1|   0|    1|          0|
    |h_fu_64                  |  2|   0|    2|          0|
    |i_02_fu_60               |  4|   0|    4|          0|
    |indvar_flatten13_fu_72   |  9|   0|    9|          0|
    |indvar_flatten_fu_68     |  6|   0|    6|          0|
    |select_ln157_reg_295     |  1|   0|    1|          0|
    |start_once_reg           |  1|   0|    1|          0|
    +-------------------------+---+----+-----+-----------+
    |Total                    | 26|   0|   26|          0|
    +-------------------------+---+----+-----+-----------+



================================================================
== Interface
================================================================
* Summary: 
+-----------------------+-----+-----+------------+--------------+--------------+
|       RTL Ports       | Dir | Bits|  Protocol  | Source Object|    C Type    |
+-----------------------+-----+-----+------------+--------------+--------------+
|ap_clk                 |   in|    1|  ap_ctrl_hs|   split_heads|  return value|
|ap_rst                 |   in|    1|  ap_ctrl_hs|   split_heads|  return value|
|ap_start               |   in|    1|  ap_ctrl_hs|   split_heads|  return value|
|start_full_n           |   in|    1|  ap_ctrl_hs|   split_heads|  return value|
|ap_done                |  out|    1|  ap_ctrl_hs|   split_heads|  return value|
|ap_continue            |   in|    1|  ap_ctrl_hs|   split_heads|  return value|
|ap_idle                |  out|    1|  ap_ctrl_hs|   split_heads|  return value|
|ap_ready               |  out|    1|  ap_ctrl_hs|   split_heads|  return value|
|start_out              |  out|    1|  ap_ctrl_hs|   split_heads|  return value|
|start_write            |  out|    1|  ap_ctrl_hs|   split_heads|  return value|
|q_lin1_dout            |   in|    8|     ap_fifo|        q_lin1|       pointer|
|q_lin1_num_data_valid  |   in|    2|     ap_fifo|        q_lin1|       pointer|
|q_lin1_fifo_cap        |   in|    2|     ap_fifo|        q_lin1|       pointer|
|q_lin1_empty_n         |   in|    1|     ap_fifo|        q_lin1|       pointer|
|q_lin1_read            |  out|    1|     ap_fifo|        q_lin1|       pointer|
|Q_1_0_din              |  out|    8|     ap_fifo|         Q_1_0|       pointer|
|Q_1_0_num_data_valid   |   in|    2|     ap_fifo|         Q_1_0|       pointer|
|Q_1_0_fifo_cap         |   in|    2|     ap_fifo|         Q_1_0|       pointer|
|Q_1_0_full_n           |   in|    1|     ap_fifo|         Q_1_0|       pointer|
|Q_1_0_write            |  out|    1|     ap_fifo|         Q_1_0|       pointer|
|Q_1_1_din              |  out|    8|     ap_fifo|         Q_1_1|       pointer|
|Q_1_1_num_data_valid   |   in|    2|     ap_fifo|         Q_1_1|       pointer|
|Q_1_1_fifo_cap         |   in|    2|     ap_fifo|         Q_1_1|       pointer|
|Q_1_1_full_n           |   in|    1|     ap_fifo|         Q_1_1|       pointer|
|Q_1_1_write            |  out|    1|     ap_fifo|         Q_1_1|       pointer|
+-----------------------+-----+-----+------------+--------------+--------------+

