

================================================================
== Vitis HLS Report for 'triplicate_stream_ap_int_8_17_16_1_s'
================================================================
* Date:           Tue Jun 23 12:33:43 2026

* Version:        2022.2 (Build 3670227 on Oct 13 2022)
* Project:        ViT_Block
* Solution:       ViT_Block (Vivado IP Flow Target)
* Product family: virtexuplus
* Target device:  xcu250-figd2104-2L-e


================================================================
== Performance Estimates
================================================================
+ Timing: 
    * Summary: 
    +--------+----------+----------+------------+
    |  Clock |  Target  | Estimated| Uncertainty|
    +--------+----------+----------+------------+
    |ap_clk  |  10.00 ns|  2.606 ns|     2.70 ns|
    +--------+----------+----------+------------+

+ Latency: 
    * Summary: 
    +---------+---------+----------+----------+-----+-----+---------+
    |  Latency (cycles) |  Latency (absolute) |  Interval | Pipeline|
    |   min   |   max   |    min   |    max   | min | max |   Type  |
    +---------+---------+----------+----------+-----+-----+---------+
    |      274|      274|  2.740 us|  2.740 us|  274|  274|       no|
    +---------+---------+----------+----------+-----+-----+---------+

    + Detail: 
        * Instance: 
        N/A

        * Loop: 
        +-------------------+---------+---------+----------+-----------+-----------+------+----------+
        |                   |  Latency (cycles) | Iteration|  Initiation Interval  | Trip |          |
        |     Loop Name     |   min   |   max   |  Latency |  achieved |   target  | Count| Pipelined|
        +-------------------+---------+---------+----------+-----------+-----------+------+----------+
        |- VITIS_LOOP_45_1  |      272|      272|         2|          1|          1|   272|       yes|
        +-------------------+---------+---------+----------+-----------+-----------+------+----------+



================================================================
== Utilization Estimates
================================================================
* Summary: 
+---------------------+---------+-------+---------+---------+------+
|         Name        | BRAM_18K|  DSP  |    FF   |   LUT   | URAM |
+---------------------+---------+-------+---------+---------+------+
|DSP                  |        -|      -|        -|        -|     -|
|Expression           |        -|      -|        0|       35|     -|
|FIFO                 |        -|      -|        -|        -|     -|
|Instance             |        -|      -|        -|        -|     -|
|Memory               |        -|      -|        -|        -|     -|
|Multiplexer          |        -|      -|        -|       72|     -|
|Register             |        -|      -|       12|        -|     -|
+---------------------+---------+-------+---------+---------+------+
|Total                |        0|      0|       12|      107|     0|
+---------------------+---------+-------+---------+---------+------+
|Available SLR        |     1344|   3072|   864000|   432000|   320|
+---------------------+---------+-------+---------+---------+------+
|Utilization SLR (%)  |        0|      0|       ~0|       ~0|     0|
+---------------------+---------+-------+---------+---------+------+
|Available            |     5376|  12288|  3456000|  1728000|  1280|
+---------------------+---------+-------+---------+---------+------+
|Utilization (%)      |        0|      0|       ~0|       ~0|     0|
+---------------------+---------+-------+---------+---------+------+

+ Detail: 
    * Instance: 
    N/A

    * DSP: 
    N/A

    * Memory: 
    N/A

    * FIFO: 
    N/A

    * Expression: 
    +----------------------------------+----------+----+---+----+------------+------------+
    |           Variable Name          | Operation| DSP| FF| LUT| Bitwidth P0| Bitwidth P1|
    +----------------------------------+----------+----+---+----+------------+------------+
    |i_2_fu_88_p2                      |         +|   0|  0|  16|           9|           1|
    |ap_condition_105                  |       and|   0|  0|   2|           1|           1|
    |icmp_ln45_fu_82_p2                |      icmp|   0|  0|  11|           9|           9|
    |ap_block_pp0_stage0_01001         |        or|   0|  0|   2|           1|           1|
    |ap_block_state2_pp0_stage0_iter1  |        or|   0|  0|   2|           1|           1|
    |ap_enable_pp0                     |       xor|   0|  0|   2|           1|           2|
    +----------------------------------+----------+----+---+----+------------+------------+
    |Total                             |          |   0|  0|  35|          22|          15|
    +----------------------------------+----------+----+---+----+------------+------------+

    * Multiplexer: 
    +-------------------------+----+-----------+-----+-----------+
    |           Name          | LUT| Input Size| Bits| Total Bits|
    +-------------------------+----+-----------+-----+-----------+
    |K_in6_blk_n              |   9|          2|    1|          2|
    |Q_in5_blk_n              |   9|          2|    1|          2|
    |V_in7_blk_n              |   9|          2|    1|          2|
    |ap_done_int              |   9|          2|    1|          2|
    |ap_enable_reg_pp0_iter1  |   9|          2|    1|          2|
    |ap_sig_allocacmp_i_1     |   9|          2|    9|         18|
    |i_fu_40                  |   9|          2|    9|         18|
    |norm_out4_blk_n          |   9|          2|    1|          2|
    +-------------------------+----+-----------+-----+-----------+
    |Total                    |  72|         16|   24|         48|
    +-------------------------+----+-----------+-----+-----------+

    * Register: 
    +-------------------------+---+----+-----+-----------+
    |           Name          | FF| LUT| Bits| Const Bits|
    +-------------------------+---+----+-----+-----------+
    |ap_CS_fsm                |  1|   0|    1|          0|
    |ap_done_reg              |  1|   0|    1|          0|
    |ap_enable_reg_pp0_iter1  |  1|   0|    1|          0|
    |i_fu_40                  |  9|   0|    9|          0|
    +-------------------------+---+----+-----+-----------+
    |Total                    | 12|   0|   12|          0|
    +-------------------------+---+----+-----+-----------+



================================================================
== Interface
================================================================
* Summary: 
+--------------------------+-----+-----+------------+-----------------------------------------+--------------+
|         RTL Ports        | Dir | Bits|  Protocol  |              Source Object              |    C Type    |
+--------------------------+-----+-----+------------+-----------------------------------------+--------------+
|ap_clk                    |   in|    1|  ap_ctrl_hs|  triplicate_stream<ap_int<8>, 17, 16, 1>|  return value|
|ap_rst                    |   in|    1|  ap_ctrl_hs|  triplicate_stream<ap_int<8>, 17, 16, 1>|  return value|
|ap_start                  |   in|    1|  ap_ctrl_hs|  triplicate_stream<ap_int<8>, 17, 16, 1>|  return value|
|ap_done                   |  out|    1|  ap_ctrl_hs|  triplicate_stream<ap_int<8>, 17, 16, 1>|  return value|
|ap_continue               |   in|    1|  ap_ctrl_hs|  triplicate_stream<ap_int<8>, 17, 16, 1>|  return value|
|ap_idle                   |  out|    1|  ap_ctrl_hs|  triplicate_stream<ap_int<8>, 17, 16, 1>|  return value|
|ap_ready                  |  out|    1|  ap_ctrl_hs|  triplicate_stream<ap_int<8>, 17, 16, 1>|  return value|
|norm_out4_dout            |   in|    8|     ap_fifo|                                norm_out4|       pointer|
|norm_out4_num_data_valid  |   in|    2|     ap_fifo|                                norm_out4|       pointer|
|norm_out4_fifo_cap        |   in|    2|     ap_fifo|                                norm_out4|       pointer|
|norm_out4_empty_n         |   in|    1|     ap_fifo|                                norm_out4|       pointer|
|norm_out4_read            |  out|    1|     ap_fifo|                                norm_out4|       pointer|
|Q_in5_din                 |  out|    8|     ap_fifo|                                    Q_in5|       pointer|
|Q_in5_num_data_valid      |   in|   13|     ap_fifo|                                    Q_in5|       pointer|
|Q_in5_fifo_cap            |   in|   13|     ap_fifo|                                    Q_in5|       pointer|
|Q_in5_full_n              |   in|    1|     ap_fifo|                                    Q_in5|       pointer|
|Q_in5_write               |  out|    1|     ap_fifo|                                    Q_in5|       pointer|
|K_in6_din                 |  out|    8|     ap_fifo|                                    K_in6|       pointer|
|K_in6_num_data_valid      |   in|   13|     ap_fifo|                                    K_in6|       pointer|
|K_in6_fifo_cap            |   in|   13|     ap_fifo|                                    K_in6|       pointer|
|K_in6_full_n              |   in|    1|     ap_fifo|                                    K_in6|       pointer|
|K_in6_write               |  out|    1|     ap_fifo|                                    K_in6|       pointer|
|V_in7_din                 |  out|    8|     ap_fifo|                                    V_in7|       pointer|
|V_in7_num_data_valid      |   in|   13|     ap_fifo|                                    V_in7|       pointer|
|V_in7_fifo_cap            |   in|   13|     ap_fifo|                                    V_in7|       pointer|
|V_in7_full_n              |   in|    1|     ap_fifo|                                    V_in7|       pointer|
|V_in7_write               |  out|    1|     ap_fifo|                                    V_in7|       pointer|
+--------------------------+-----+-----+------------+-----------------------------------------+--------------+

