

================================================================
== Vitis HLS Report for 'ViT_Block'
================================================================
* Date:           Tue Jun 23 12:41:54 2026

* Version:        2022.2 (Build 3670227 on Oct 13 2022)
* Project:        ViT_Block
* Solution:       ViT_Block (Vivado IP Flow Target)
* Product family: virtexuplus
* Target device:  xcu250-figd2104-2L-e


================================================================
== Performance Estimates
================================================================
+ Timing: 
    * Summary: 
    +--------+----------+----------+------------+
    |  Clock |  Target  | Estimated| Uncertainty|
    +--------+----------+----------+------------+
    |ap_clk  |  10.00 ns|  7.300 ns|     2.70 ns|
    +--------+----------+----------+------------+

+ Latency: 
    * Summary: 
    +---------+---------+----------+----------+-----+-----+----------+
    |  Latency (cycles) |  Latency (absolute) |  Interval | Pipeline |
    |   min   |   max   |    min   |    max   | min | max |   Type   |
    +---------+---------+----------+----------+-----+-----+----------+
    |        ?|        ?|         ?|         ?|    ?|    ?|  dataflow|
    +---------+---------+----------+----------+-----+-----+----------+

    + Detail: 
        * Instance: 
        +-------------------+----------------+---------+---------+----------+----------+-----+-----+----------+
        |                   |                |  Latency (cycles) |  Latency (absolute) |  Interval | Pipeline |
        |      Instance     |     Module     |   min   |   max   |    min   |    max   | min | max |   Type   |
        +-------------------+----------------+---------+---------+----------+----------+-----+-----+----------+
        |axis_to_apuint_U0  |axis_to_apuint  |      274|      274|  2.740 us|  2.740 us|  274|  274|        no|
        |ViT_Block_Core_U0  |ViT_Block_Core  |        ?|        ?|         ?|         ?|    ?|    ?|  dataflow|
        |apuint_to_axis_U0  |apuint_to_axis  |      275|      275|  2.750 us|  2.750 us|  275|  275|        no|
        +-------------------+----------------+---------+---------+----------+----------+-----+-----+----------+

        * Loop: 
        N/A



================================================================
== Utilization Estimates
================================================================
* Summary: 
+---------------------+---------+-------+---------+---------+------+
|         Name        | BRAM_18K|  DSP  |    FF   |   LUT   | URAM |
+---------------------+---------+-------+---------+---------+------+
|DSP                  |        -|      -|        -|        -|     -|
|Expression           |        -|      -|        0|       12|     -|
|FIFO                 |        -|      -|       40|       30|     -|
|Instance             |       13|    196|    68573|    70576|     0|
|Memory               |        -|      -|        -|        -|     -|
|Multiplexer          |        -|      -|        -|       18|     -|
|Register             |        -|      -|        2|        -|     -|
+---------------------+---------+-------+---------+---------+------+
|Total                |       13|    196|    68615|    70636|     0|
+---------------------+---------+-------+---------+---------+------+
|Available SLR        |     1344|   3072|   864000|   432000|   320|
+---------------------+---------+-------+---------+---------+------+
|Utilization SLR (%)  |       ~0|      6|        7|       16|     0|
+---------------------+---------+-------+---------+---------+------+
|Available            |     5376|  12288|  3456000|  1728000|  1280|
+---------------------+---------+-------+---------+---------+------+
|Utilization (%)      |       ~0|      1|        1|        4|     0|
+---------------------+---------+-------+---------+---------+------+

+ Detail: 
    * Instance: 
    +-------------------+----------------+---------+-----+-------+-------+-----+
    |      Instance     |     Module     | BRAM_18K| DSP |   FF  |  LUT  | URAM|
    +-------------------+----------------+---------+-----+-------+-------+-----+
    |K_m_axi_U          |K_m_axi         |        0|    0|    655|    953|    0|
    |Out_r_m_axi_U      |Out_r_m_axi     |        0|    0|    655|    953|    0|
    |Q_m_axi_U          |Q_m_axi         |        0|    0|    655|    953|    0|
    |V_m_axi_U          |V_m_axi         |        0|    0|    655|    953|    0|
    |ViT_Block_Core_U0  |ViT_Block_Core  |       13|  196|  64152|  63861|    0|
    |apuint_to_axis_U0  |apuint_to_axis  |        0|    0|     15|    100|    0|
    |axis_to_apuint_U0  |axis_to_apuint  |        0|    0|     20|     89|    0|
    |control_s_axi_U    |control_s_axi   |        0|    0|    456|    808|    0|
    |gmem0_m_axi_U      |gmem0_m_axi     |        0|    0|    655|    953|    0|
    |gmem1_m_axi_U      |gmem1_m_axi     |        0|    0|    655|    953|    0|
    +-------------------+----------------+---------+-----+-------+-------+-----+
    |Total              |                |       13|  196|  68573|  70576|    0|
    +-------------------+----------------+---------+-----+-------+-------+-----+

    * DSP: 
    N/A

    * Memory: 
    N/A

    * FIFO: 
    +-----------------+---------+----+----+-----+------+-----+---------+
    |       Name      | BRAM_18K| FF | LUT| URAM| Depth| Bits| Size:D*B|
    +-----------------+---------+----+----+-----+------+-----+---------+
    |input_stream_U   |        0|  20|   0|    -|     2|    8|       16|
    |output_stream_U  |        0|  20|   0|    -|     2|    8|       16|
    +-----------------+---------+----+----+-----+------+-----+---------+
    |Total            |        0|  40|   0|    0|     4|   16|       32|
    +-----------------+---------+----+----+-----+------+-----+---------+

    * Expression: 
    +------------------------------------+----------+----+---+----+------------+------------+
    |            Variable Name           | Operation| DSP| FF| LUT| Bitwidth P0| Bitwidth P1|
    +------------------------------------+----------+----+---+----+------------+------------+
    |ViT_Block_Core_U0_ap_start          |       and|   0|  0|   2|           1|           1|
    |ap_idle                             |       and|   0|  0|   2|           1|           1|
    |ap_sync_ready                       |       and|   0|  0|   2|           1|           1|
    |axis_to_apuint_U0_ap_start          |       and|   0|  0|   2|           1|           1|
    |ap_sync_ViT_Block_Core_U0_ap_ready  |        or|   0|  0|   2|           1|           1|
    |ap_sync_axis_to_apuint_U0_ap_ready  |        or|   0|  0|   2|           1|           1|
    +------------------------------------+----------+----+---+----+------------+------------+
    |Total                               |          |   0|  0|  12|           6|           6|
    +------------------------------------+----------+----+---+----+------------+------------+

    * Multiplexer: 
    +----------------------------------------+----+-----------+-----+-----------+
    |                  Name                  | LUT| Input Size| Bits| Total Bits|
    +----------------------------------------+----+-----------+-----+-----------+
    |ap_sync_reg_ViT_Block_Core_U0_ap_ready  |   9|          2|    1|          2|
    |ap_sync_reg_axis_to_apuint_U0_ap_ready  |   9|          2|    1|          2|
    +----------------------------------------+----+-----------+-----+-----------+
    |Total                                   |  18|          4|    2|          4|
    +----------------------------------------+----+-----------+-----+-----------+

    * Register: 
    +----------------------------------------+---+----+-----+-----------+
    |                  Name                  | FF| LUT| Bits| Const Bits|
    +----------------------------------------+---+----+-----+-----------+
    |ap_sync_reg_ViT_Block_Core_U0_ap_ready  |  1|   0|    1|          0|
    |ap_sync_reg_axis_to_apuint_U0_ap_ready  |  1|   0|    1|          0|
    +----------------------------------------+---+----+-----+-----------+
    |Total                                   |  2|   0|    2|          0|
    +----------------------------------------+---+----+-----+-----------+



================================================================
== Interface
================================================================
* Summary: 
+-----------------------+-----+-----+------------+----------------+--------------+
|       RTL Ports       | Dir | Bits|  Protocol  |  Source Object |    C Type    |
+-----------------------+-----+-----+------------+----------------+--------------+
|s_axi_control_AWVALID  |   in|    1|       s_axi|         control|        scalar|
|s_axi_control_AWREADY  |  out|    1|       s_axi|         control|        scalar|
|s_axi_control_AWADDR   |   in|    7|       s_axi|         control|        scalar|
|s_axi_control_WVALID   |   in|    1|       s_axi|         control|        scalar|
|s_axi_control_WREADY   |  out|    1|       s_axi|         control|        scalar|
|s_axi_control_WDATA    |   in|   32|       s_axi|         control|        scalar|
|s_axi_control_WSTRB    |   in|    4|       s_axi|         control|        scalar|
|s_axi_control_ARVALID  |   in|    1|       s_axi|         control|        scalar|
|s_axi_control_ARREADY  |  out|    1|       s_axi|         control|        scalar|
|s_axi_control_ARADDR   |   in|    7|       s_axi|         control|        scalar|
|s_axi_control_RVALID   |  out|    1|       s_axi|         control|        scalar|
|s_axi_control_RREADY   |   in|    1|       s_axi|         control|        scalar|
|s_axi_control_RDATA    |  out|   32|       s_axi|         control|        scalar|
|s_axi_control_RRESP    |  out|    2|       s_axi|         control|        scalar|
|s_axi_control_BVALID   |  out|    1|       s_axi|         control|        scalar|
|s_axi_control_BREADY   |   in|    1|       s_axi|         control|        scalar|
|s_axi_control_BRESP    |  out|    2|       s_axi|         control|        scalar|
|ap_clk                 |   in|    1|  ap_ctrl_hs|       ViT_Block|  return value|
|ap_rst_n               |   in|    1|  ap_ctrl_hs|       ViT_Block|  return value|
|interrupt              |  out|    1|  ap_ctrl_hs|       ViT_Block|  return value|
|m_axi_K_AWVALID        |  out|    1|       m_axi|               K|       pointer|
|m_axi_K_AWREADY        |   in|    1|       m_axi|               K|       pointer|
|m_axi_K_AWADDR         |  out|   64|       m_axi|               K|       pointer|
|m_axi_K_AWID           |  out|    1|       m_axi|               K|       pointer|
|m_axi_K_AWLEN          |  out|    8|       m_axi|               K|       pointer|
|m_axi_K_AWSIZE         |  out|    3|       m_axi|               K|       pointer|
|m_axi_K_AWBURST        |  out|    2|       m_axi|               K|       pointer|
|m_axi_K_AWLOCK         |  out|    2|       m_axi|               K|       pointer|
|m_axi_K_AWCACHE        |  out|    4|       m_axi|               K|       pointer|
|m_axi_K_AWPROT         |  out|    3|       m_axi|               K|       pointer|
|m_axi_K_AWQOS          |  out|    4|       m_axi|               K|       pointer|
|m_axi_K_AWREGION       |  out|    4|       m_axi|               K|       pointer|
|m_axi_K_AWUSER         |  out|    1|       m_axi|               K|       pointer|
|m_axi_K_WVALID         |  out|    1|       m_axi|               K|       pointer|
|m_axi_K_WREADY         |   in|    1|       m_axi|               K|       pointer|
|m_axi_K_WDATA          |  out|   32|       m_axi|               K|       pointer|
|m_axi_K_WSTRB          |  out|    4|       m_axi|               K|       pointer|
|m_axi_K_WLAST          |  out|    1|       m_axi|               K|       pointer|
|m_axi_K_WID            |  out|    1|       m_axi|               K|       pointer|
|m_axi_K_WUSER          |  out|    1|       m_axi|               K|       pointer|
|m_axi_K_ARVALID        |  out|    1|       m_axi|               K|       pointer|
|m_axi_K_ARREADY        |   in|    1|       m_axi|               K|       pointer|
|m_axi_K_ARADDR         |  out|   64|       m_axi|               K|       pointer|
|m_axi_K_ARID           |  out|    1|       m_axi|               K|       pointer|
|m_axi_K_ARLEN          |  out|    8|       m_axi|               K|       pointer|
|m_axi_K_ARSIZE         |  out|    3|       m_axi|               K|       pointer|
|m_axi_K_ARBURST        |  out|    2|       m_axi|               K|       pointer|
|m_axi_K_ARLOCK         |  out|    2|       m_axi|               K|       pointer|
|m_axi_K_ARCACHE        |  out|    4|       m_axi|               K|       pointer|
|m_axi_K_ARPROT         |  out|    3|       m_axi|               K|       pointer|
|m_axi_K_ARQOS          |  out|    4|       m_axi|               K|       pointer|
|m_axi_K_ARREGION       |  out|    4|       m_axi|               K|       pointer|
|m_axi_K_ARUSER         |  out|    1|       m_axi|               K|       pointer|
|m_axi_K_RVALID         |   in|    1|       m_axi|               K|       pointer|
|m_axi_K_RREADY         |  out|    1|       m_axi|               K|       pointer|
|m_axi_K_RDATA          |   in|   32|       m_axi|               K|       pointer|
|m_axi_K_RLAST          |   in|    1|       m_axi|               K|       pointer|
|m_axi_K_RID            |   in|    1|       m_axi|               K|       pointer|
|m_axi_K_RUSER          |   in|    1|       m_axi|               K|       pointer|
|m_axi_K_RRESP          |   in|    2|       m_axi|               K|       pointer|
|m_axi_K_BVALID         |   in|    1|       m_axi|               K|       pointer|
|m_axi_K_BREADY         |  out|    1|       m_axi|               K|       pointer|
|m_axi_K_BRESP          |   in|    2|       m_axi|               K|       pointer|
|m_axi_K_BID            |   in|    1|       m_axi|               K|       pointer|
|m_axi_K_BUSER          |   in|    1|       m_axi|               K|       pointer|
|m_axi_Out_r_AWVALID    |  out|    1|       m_axi|           Out_r|       pointer|
|m_axi_Out_r_AWREADY    |   in|    1|       m_axi|           Out_r|       pointer|
|m_axi_Out_r_AWADDR     |  out|   64|       m_axi|           Out_r|       pointer|
|m_axi_Out_r_AWID       |  out|    1|       m_axi|           Out_r|       pointer|
|m_axi_Out_r_AWLEN      |  out|    8|       m_axi|           Out_r|       pointer|
|m_axi_Out_r_AWSIZE     |  out|    3|       m_axi|           Out_r|       pointer|
|m_axi_Out_r_AWBURST    |  out|    2|       m_axi|           Out_r|       pointer|
|m_axi_Out_r_AWLOCK     |  out|    2|       m_axi|           Out_r|       pointer|
|m_axi_Out_r_AWCACHE    |  out|    4|       m_axi|           Out_r|       pointer|
|m_axi_Out_r_AWPROT     |  out|    3|       m_axi|           Out_r|       pointer|
|m_axi_Out_r_AWQOS      |  out|    4|       m_axi|           Out_r|       pointer|
|m_axi_Out_r_AWREGION   |  out|    4|       m_axi|           Out_r|       pointer|
|m_axi_Out_r_AWUSER     |  out|    1|       m_axi|           Out_r|       pointer|
|m_axi_Out_r_WVALID     |  out|    1|       m_axi|           Out_r|       pointer|
|m_axi_Out_r_WREADY     |   in|    1|       m_axi|           Out_r|       pointer|
|m_axi_Out_r_WDATA      |  out|   32|       m_axi|           Out_r|       pointer|
|m_axi_Out_r_WSTRB      |  out|    4|       m_axi|           Out_r|       pointer|
|m_axi_Out_r_WLAST      |  out|    1|       m_axi|           Out_r|       pointer|
|m_axi_Out_r_WID        |  out|    1|       m_axi|           Out_r|       pointer|
|m_axi_Out_r_WUSER      |  out|    1|       m_axi|           Out_r|       pointer|
|m_axi_Out_r_ARVALID    |  out|    1|       m_axi|           Out_r|       pointer|
|m_axi_Out_r_ARREADY    |   in|    1|       m_axi|           Out_r|       pointer|
|m_axi_Out_r_ARADDR     |  out|   64|       m_axi|           Out_r|       pointer|
|m_axi_Out_r_ARID       |  out|    1|       m_axi|           Out_r|       pointer|
|m_axi_Out_r_ARLEN      |  out|    8|       m_axi|           Out_r|       pointer|
|m_axi_Out_r_ARSIZE     |  out|    3|       m_axi|           Out_r|       pointer|
|m_axi_Out_r_ARBURST    |  out|    2|       m_axi|           Out_r|       pointer|
|m_axi_Out_r_ARLOCK     |  out|    2|       m_axi|           Out_r|       pointer|
|m_axi_Out_r_ARCACHE    |  out|    4|       m_axi|           Out_r|       pointer|
|m_axi_Out_r_ARPROT     |  out|    3|       m_axi|           Out_r|       pointer|
|m_axi_Out_r_ARQOS      |  out|    4|       m_axi|           Out_r|       pointer|
|m_axi_Out_r_ARREGION   |  out|    4|       m_axi|           Out_r|       pointer|
|m_axi_Out_r_ARUSER     |  out|    1|       m_axi|           Out_r|       pointer|
|m_axi_Out_r_RVALID     |   in|    1|       m_axi|           Out_r|       pointer|
|m_axi_Out_r_RREADY     |  out|    1|       m_axi|           Out_r|       pointer|
|m_axi_Out_r_RDATA      |   in|   32|       m_axi|           Out_r|       pointer|
|m_axi_Out_r_RLAST      |   in|    1|       m_axi|           Out_r|       pointer|
|m_axi_Out_r_RID        |   in|    1|       m_axi|           Out_r|       pointer|
|m_axi_Out_r_RUSER      |   in|    1|       m_axi|           Out_r|       pointer|
|m_axi_Out_r_RRESP      |   in|    2|       m_axi|           Out_r|       pointer|
|m_axi_Out_r_BVALID     |   in|    1|       m_axi|           Out_r|       pointer|
|m_axi_Out_r_BREADY     |  out|    1|       m_axi|           Out_r|       pointer|
|m_axi_Out_r_BRESP      |   in|    2|       m_axi|           Out_r|       pointer|
|m_axi_Out_r_BID        |   in|    1|       m_axi|           Out_r|       pointer|
|m_axi_Out_r_BUSER      |   in|    1|       m_axi|           Out_r|       pointer|
|m_axi_Q_AWVALID        |  out|    1|       m_axi|               Q|       pointer|
|m_axi_Q_AWREADY        |   in|    1|       m_axi|               Q|       pointer|
|m_axi_Q_AWADDR         |  out|   64|       m_axi|               Q|       pointer|
|m_axi_Q_AWID           |  out|    1|       m_axi|               Q|       pointer|
|m_axi_Q_AWLEN          |  out|    8|       m_axi|               Q|       pointer|
|m_axi_Q_AWSIZE         |  out|    3|       m_axi|               Q|       pointer|
|m_axi_Q_AWBURST        |  out|    2|       m_axi|               Q|       pointer|
|m_axi_Q_AWLOCK         |  out|    2|       m_axi|               Q|       pointer|
|m_axi_Q_AWCACHE        |  out|    4|       m_axi|               Q|       pointer|
|m_axi_Q_AWPROT         |  out|    3|       m_axi|               Q|       pointer|
|m_axi_Q_AWQOS          |  out|    4|       m_axi|               Q|       pointer|
|m_axi_Q_AWREGION       |  out|    4|       m_axi|               Q|       pointer|
|m_axi_Q_AWUSER         |  out|    1|       m_axi|               Q|       pointer|
|m_axi_Q_WVALID         |  out|    1|       m_axi|               Q|       pointer|
|m_axi_Q_WREADY         |   in|    1|       m_axi|               Q|       pointer|
|m_axi_Q_WDATA          |  out|   32|       m_axi|               Q|       pointer|
|m_axi_Q_WSTRB          |  out|    4|       m_axi|               Q|       pointer|
|m_axi_Q_WLAST          |  out|    1|       m_axi|               Q|       pointer|
|m_axi_Q_WID            |  out|    1|       m_axi|               Q|       pointer|
|m_axi_Q_WUSER          |  out|    1|       m_axi|               Q|       pointer|
|m_axi_Q_ARVALID        |  out|    1|       m_axi|               Q|       pointer|
|m_axi_Q_ARREADY        |   in|    1|       m_axi|               Q|       pointer|
|m_axi_Q_ARADDR         |  out|   64|       m_axi|               Q|       pointer|
|m_axi_Q_ARID           |  out|    1|       m_axi|               Q|       pointer|
|m_axi_Q_ARLEN          |  out|    8|       m_axi|               Q|       pointer|
|m_axi_Q_ARSIZE         |  out|    3|       m_axi|               Q|       pointer|
|m_axi_Q_ARBURST        |  out|    2|       m_axi|               Q|       pointer|
|m_axi_Q_ARLOCK         |  out|    2|       m_axi|               Q|       pointer|
|m_axi_Q_ARCACHE        |  out|    4|       m_axi|               Q|       pointer|
|m_axi_Q_ARPROT         |  out|    3|       m_axi|               Q|       pointer|
|m_axi_Q_ARQOS          |  out|    4|       m_axi|               Q|       pointer|
|m_axi_Q_ARREGION       |  out|    4|       m_axi|               Q|       pointer|
|m_axi_Q_ARUSER         |  out|    1|       m_axi|               Q|       pointer|
|m_axi_Q_RVALID         |   in|    1|       m_axi|               Q|       pointer|
|m_axi_Q_RREADY         |  out|    1|       m_axi|               Q|       pointer|
|m_axi_Q_RDATA          |   in|   32|       m_axi|               Q|       pointer|
|m_axi_Q_RLAST          |   in|    1|       m_axi|               Q|       pointer|
|m_axi_Q_RID            |   in|    1|       m_axi|               Q|       pointer|
|m_axi_Q_RUSER          |   in|    1|       m_axi|               Q|       pointer|
|m_axi_Q_RRESP          |   in|    2|       m_axi|               Q|       pointer|
|m_axi_Q_BVALID         |   in|    1|       m_axi|               Q|       pointer|
|m_axi_Q_BREADY         |  out|    1|       m_axi|               Q|       pointer|
|m_axi_Q_BRESP          |   in|    2|       m_axi|               Q|       pointer|
|m_axi_Q_BID            |   in|    1|       m_axi|               Q|       pointer|
|m_axi_Q_BUSER          |   in|    1|       m_axi|               Q|       pointer|
|m_axi_V_AWVALID        |  out|    1|       m_axi|               V|       pointer|
|m_axi_V_AWREADY        |   in|    1|       m_axi|               V|       pointer|
|m_axi_V_AWADDR         |  out|   64|       m_axi|               V|       pointer|
|m_axi_V_AWID           |  out|    1|       m_axi|               V|       pointer|
|m_axi_V_AWLEN          |  out|    8|       m_axi|               V|       pointer|
|m_axi_V_AWSIZE         |  out|    3|       m_axi|               V|       pointer|
|m_axi_V_AWBURST        |  out|    2|       m_axi|               V|       pointer|
|m_axi_V_AWLOCK         |  out|    2|       m_axi|               V|       pointer|
|m_axi_V_AWCACHE        |  out|    4|       m_axi|               V|       pointer|
|m_axi_V_AWPROT         |  out|    3|       m_axi|               V|       pointer|
|m_axi_V_AWQOS          |  out|    4|       m_axi|               V|       pointer|
|m_axi_V_AWREGION       |  out|    4|       m_axi|               V|       pointer|
|m_axi_V_AWUSER         |  out|    1|       m_axi|               V|       pointer|
|m_axi_V_WVALID         |  out|    1|       m_axi|               V|       pointer|
|m_axi_V_WREADY         |   in|    1|       m_axi|               V|       pointer|
|m_axi_V_WDATA          |  out|   32|       m_axi|               V|       pointer|
|m_axi_V_WSTRB          |  out|    4|       m_axi|               V|       pointer|
|m_axi_V_WLAST          |  out|    1|       m_axi|               V|       pointer|
|m_axi_V_WID            |  out|    1|       m_axi|               V|       pointer|
|m_axi_V_WUSER          |  out|    1|       m_axi|               V|       pointer|
|m_axi_V_ARVALID        |  out|    1|       m_axi|               V|       pointer|
|m_axi_V_ARREADY        |   in|    1|       m_axi|               V|       pointer|
|m_axi_V_ARADDR         |  out|   64|       m_axi|               V|       pointer|
|m_axi_V_ARID           |  out|    1|       m_axi|               V|       pointer|
|m_axi_V_ARLEN          |  out|    8|       m_axi|               V|       pointer|
|m_axi_V_ARSIZE         |  out|    3|       m_axi|               V|       pointer|
|m_axi_V_ARBURST        |  out|    2|       m_axi|               V|       pointer|
|m_axi_V_ARLOCK         |  out|    2|       m_axi|               V|       pointer|
|m_axi_V_ARCACHE        |  out|    4|       m_axi|               V|       pointer|
|m_axi_V_ARPROT         |  out|    3|       m_axi|               V|       pointer|
|m_axi_V_ARQOS          |  out|    4|       m_axi|               V|       pointer|
|m_axi_V_ARREGION       |  out|    4|       m_axi|               V|       pointer|
|m_axi_V_ARUSER         |  out|    1|       m_axi|               V|       pointer|
|m_axi_V_RVALID         |   in|    1|       m_axi|               V|       pointer|
|m_axi_V_RREADY         |  out|    1|       m_axi|               V|       pointer|
|m_axi_V_RDATA          |   in|   32|       m_axi|               V|       pointer|
|m_axi_V_RLAST          |   in|    1|       m_axi|               V|       pointer|
|m_axi_V_RID            |   in|    1|       m_axi|               V|       pointer|
|m_axi_V_RUSER          |   in|    1|       m_axi|               V|       pointer|
|m_axi_V_RRESP          |   in|    2|       m_axi|               V|       pointer|
|m_axi_V_BVALID         |   in|    1|       m_axi|               V|       pointer|
|m_axi_V_BREADY         |  out|    1|       m_axi|               V|       pointer|
|m_axi_V_BRESP          |   in|    2|       m_axi|               V|       pointer|
|m_axi_V_BID            |   in|    1|       m_axi|               V|       pointer|
|m_axi_V_BUSER          |   in|    1|       m_axi|               V|       pointer|
|m_axi_gmem0_AWVALID    |  out|    1|       m_axi|           gmem0|       pointer|
|m_axi_gmem0_AWREADY    |   in|    1|       m_axi|           gmem0|       pointer|
|m_axi_gmem0_AWADDR     |  out|   64|       m_axi|           gmem0|       pointer|
|m_axi_gmem0_AWID       |  out|    1|       m_axi|           gmem0|       pointer|
|m_axi_gmem0_AWLEN      |  out|    8|       m_axi|           gmem0|       pointer|
|m_axi_gmem0_AWSIZE     |  out|    3|       m_axi|           gmem0|       pointer|
|m_axi_gmem0_AWBURST    |  out|    2|       m_axi|           gmem0|       pointer|
|m_axi_gmem0_AWLOCK     |  out|    2|       m_axi|           gmem0|       pointer|
|m_axi_gmem0_AWCACHE    |  out|    4|       m_axi|           gmem0|       pointer|
|m_axi_gmem0_AWPROT     |  out|    3|       m_axi|           gmem0|       pointer|
|m_axi_gmem0_AWQOS      |  out|    4|       m_axi|           gmem0|       pointer|
|m_axi_gmem0_AWREGION   |  out|    4|       m_axi|           gmem0|       pointer|
|m_axi_gmem0_AWUSER     |  out|    1|       m_axi|           gmem0|       pointer|
|m_axi_gmem0_WVALID     |  out|    1|       m_axi|           gmem0|       pointer|
|m_axi_gmem0_WREADY     |   in|    1|       m_axi|           gmem0|       pointer|
|m_axi_gmem0_WDATA      |  out|   32|       m_axi|           gmem0|       pointer|
|m_axi_gmem0_WSTRB      |  out|    4|       m_axi|           gmem0|       pointer|
|m_axi_gmem0_WLAST      |  out|    1|       m_axi|           gmem0|       pointer|
|m_axi_gmem0_WID        |  out|    1|       m_axi|           gmem0|       pointer|
|m_axi_gmem0_WUSER      |  out|    1|       m_axi|           gmem0|       pointer|
|m_axi_gmem0_ARVALID    |  out|    1|       m_axi|           gmem0|       pointer|
|m_axi_gmem0_ARREADY    |   in|    1|       m_axi|           gmem0|       pointer|
|m_axi_gmem0_ARADDR     |  out|   64|       m_axi|           gmem0|       pointer|
|m_axi_gmem0_ARID       |  out|    1|       m_axi|           gmem0|       pointer|
|m_axi_gmem0_ARLEN      |  out|    8|       m_axi|           gmem0|       pointer|
|m_axi_gmem0_ARSIZE     |  out|    3|       m_axi|           gmem0|       pointer|
|m_axi_gmem0_ARBURST    |  out|    2|       m_axi|           gmem0|       pointer|
|m_axi_gmem0_ARLOCK     |  out|    2|       m_axi|           gmem0|       pointer|
|m_axi_gmem0_ARCACHE    |  out|    4|       m_axi|           gmem0|       pointer|
|m_axi_gmem0_ARPROT     |  out|    3|       m_axi|           gmem0|       pointer|
|m_axi_gmem0_ARQOS      |  out|    4|       m_axi|           gmem0|       pointer|
|m_axi_gmem0_ARREGION   |  out|    4|       m_axi|           gmem0|       pointer|
|m_axi_gmem0_ARUSER     |  out|    1|       m_axi|           gmem0|       pointer|
|m_axi_gmem0_RVALID     |   in|    1|       m_axi|           gmem0|       pointer|
|m_axi_gmem0_RREADY     |  out|    1|       m_axi|           gmem0|       pointer|
|m_axi_gmem0_RDATA      |   in|   32|       m_axi|           gmem0|       pointer|
|m_axi_gmem0_RLAST      |   in|    1|       m_axi|           gmem0|       pointer|
|m_axi_gmem0_RID        |   in|    1|       m_axi|           gmem0|       pointer|
|m_axi_gmem0_RUSER      |   in|    1|       m_axi|           gmem0|       pointer|
|m_axi_gmem0_RRESP      |   in|    2|       m_axi|           gmem0|       pointer|
|m_axi_gmem0_BVALID     |   in|    1|       m_axi|           gmem0|       pointer|
|m_axi_gmem0_BREADY     |  out|    1|       m_axi|           gmem0|       pointer|
|m_axi_gmem0_BRESP      |   in|    2|       m_axi|           gmem0|       pointer|
|m_axi_gmem0_BID        |   in|    1|       m_axi|           gmem0|       pointer|
|m_axi_gmem0_BUSER      |   in|    1|       m_axi|           gmem0|       pointer|
|m_axi_gmem1_AWVALID    |  out|    1|       m_axi|           gmem1|       pointer|
|m_axi_gmem1_AWREADY    |   in|    1|       m_axi|           gmem1|       pointer|
|m_axi_gmem1_AWADDR     |  out|   64|       m_axi|           gmem1|       pointer|
|m_axi_gmem1_AWID       |  out|    1|       m_axi|           gmem1|       pointer|
|m_axi_gmem1_AWLEN      |  out|    8|       m_axi|           gmem1|       pointer|
|m_axi_gmem1_AWSIZE     |  out|    3|       m_axi|           gmem1|       pointer|
|m_axi_gmem1_AWBURST    |  out|    2|       m_axi|           gmem1|       pointer|
|m_axi_gmem1_AWLOCK     |  out|    2|       m_axi|           gmem1|       pointer|
|m_axi_gmem1_AWCACHE    |  out|    4|       m_axi|           gmem1|       pointer|
|m_axi_gmem1_AWPROT     |  out|    3|       m_axi|           gmem1|       pointer|
|m_axi_gmem1_AWQOS      |  out|    4|       m_axi|           gmem1|       pointer|
|m_axi_gmem1_AWREGION   |  out|    4|       m_axi|           gmem1|       pointer|
|m_axi_gmem1_AWUSER     |  out|    1|       m_axi|           gmem1|       pointer|
|m_axi_gmem1_WVALID     |  out|    1|       m_axi|           gmem1|       pointer|
|m_axi_gmem1_WREADY     |   in|    1|       m_axi|           gmem1|       pointer|
|m_axi_gmem1_WDATA      |  out|   32|       m_axi|           gmem1|       pointer|
|m_axi_gmem1_WSTRB      |  out|    4|       m_axi|           gmem1|       pointer|
|m_axi_gmem1_WLAST      |  out|    1|       m_axi|           gmem1|       pointer|
|m_axi_gmem1_WID        |  out|    1|       m_axi|           gmem1|       pointer|
|m_axi_gmem1_WUSER      |  out|    1|       m_axi|           gmem1|       pointer|
|m_axi_gmem1_ARVALID    |  out|    1|       m_axi|           gmem1|       pointer|
|m_axi_gmem1_ARREADY    |   in|    1|       m_axi|           gmem1|       pointer|
|m_axi_gmem1_ARADDR     |  out|   64|       m_axi|           gmem1|       pointer|
|m_axi_gmem1_ARID       |  out|    1|       m_axi|           gmem1|       pointer|
|m_axi_gmem1_ARLEN      |  out|    8|       m_axi|           gmem1|       pointer|
|m_axi_gmem1_ARSIZE     |  out|    3|       m_axi|           gmem1|       pointer|
|m_axi_gmem1_ARBURST    |  out|    2|       m_axi|           gmem1|       pointer|
|m_axi_gmem1_ARLOCK     |  out|    2|       m_axi|           gmem1|       pointer|
|m_axi_gmem1_ARCACHE    |  out|    4|       m_axi|           gmem1|       pointer|
|m_axi_gmem1_ARPROT     |  out|    3|       m_axi|           gmem1|       pointer|
|m_axi_gmem1_ARQOS      |  out|    4|       m_axi|           gmem1|       pointer|
|m_axi_gmem1_ARREGION   |  out|    4|       m_axi|           gmem1|       pointer|
|m_axi_gmem1_ARUSER     |  out|    1|       m_axi|           gmem1|       pointer|
|m_axi_gmem1_RVALID     |   in|    1|       m_axi|           gmem1|       pointer|
|m_axi_gmem1_RREADY     |  out|    1|       m_axi|           gmem1|       pointer|
|m_axi_gmem1_RDATA      |   in|   32|       m_axi|           gmem1|       pointer|
|m_axi_gmem1_RLAST      |   in|    1|       m_axi|           gmem1|       pointer|
|m_axi_gmem1_RID        |   in|    1|       m_axi|           gmem1|       pointer|
|m_axi_gmem1_RUSER      |   in|    1|       m_axi|           gmem1|       pointer|
|m_axi_gmem1_RRESP      |   in|    2|       m_axi|           gmem1|       pointer|
|m_axi_gmem1_BVALID     |   in|    1|       m_axi|           gmem1|       pointer|
|m_axi_gmem1_BREADY     |  out|    1|       m_axi|           gmem1|       pointer|
|m_axi_gmem1_BRESP      |   in|    2|       m_axi|           gmem1|       pointer|
|m_axi_gmem1_BID        |   in|    1|       m_axi|           gmem1|       pointer|
|m_axi_gmem1_BUSER      |   in|    1|       m_axi|           gmem1|       pointer|
|in_r_TDATA             |   in|    8|        axis|   in_r_V_data_V|       pointer|
|in_r_TKEEP             |   in|    1|        axis|   in_r_V_keep_V|       pointer|
|in_r_TSTRB             |   in|    1|        axis|   in_r_V_strb_V|       pointer|
|in_r_TLAST             |   in|    1|        axis|   in_r_V_last_V|       pointer|
|in_r_TVALID            |   in|    1|        axis|   in_r_V_last_V|       pointer|
|in_r_TREADY            |  out|    1|        axis|   in_r_V_last_V|       pointer|
|out_r_TDATA            |  out|    8|        axis|  out_r_V_data_V|       pointer|
|out_r_TKEEP            |  out|    1|        axis|  out_r_V_keep_V|       pointer|
|out_r_TSTRB            |  out|    1|        axis|  out_r_V_strb_V|       pointer|
|out_r_TLAST            |  out|    1|        axis|  out_r_V_last_V|       pointer|
|out_r_TVALID           |  out|    1|        axis|  out_r_V_last_V|       pointer|
|out_r_TREADY           |   in|    1|        axis|  out_r_V_last_V|       pointer|
+-----------------------+-----+-----+------------+----------------+--------------+

