

================================================================
== Vitis HLS Report for 'WeightTiledStreaming_3_17_64_16_1_1_1_1_1_1_ap_int_8_s'
================================================================
* Date:           Tue Jun 23 12:33:57 2026

* Version:        2022.2 (Build 3670227 on Oct 13 2022)
* Project:        ViT_Block
* Solution:       ViT_Block (Vivado IP Flow Target)
* Product family: virtexuplus
* Target device:  xcu250-figd2104-2L-e


================================================================
== Performance Estimates
================================================================
+ Timing: 
    * Summary: 
    +--------+----------+----------+------------+
    |  Clock |  Target  | Estimated| Uncertainty|
    +--------+----------+----------+------------+
    |ap_clk  |  10.00 ns|  7.300 ns|     2.70 ns|
    +--------+----------+----------+------------+

+ Latency: 
    * Summary: 
    +---------+---------+----------+----------+-----+-----+---------+
    |  Latency (cycles) |  Latency (absolute) |  Interval | Pipeline|
    |   min   |   max   |    min   |    max   | min | max |   Type  |
    +---------+---------+----------+----------+-----+-----+---------+
    |        ?|        ?|         ?|         ?|    ?|    ?|       no|
    +---------+---------+----------+----------+-----+-----+---------+

    + Detail: 
        * Instance: 
        +---------------------------------------------+----------------------------------+---------+---------+-----------+-----------+-----+-----+---------+
        |                                             |                                  |  Latency (cycles) |   Latency (absolute)  |  Interval | Pipeline|
        |                   Instance                  |              Module              |   min   |   max   |    min    |    max    | min | max |   Type  |
        +---------------------------------------------+----------------------------------+---------+---------+-----------+-----------+-----+-----+---------+
        |grp_burst_read_beats_1_ap_int_8_s_fu_114     |burst_read_beats_1_ap_int_8_s     |        8|        8|  80.000 ns|  80.000 ns|    8|    8|       no|
        |grp_packer_to_packs_1_1_1_ap_int_8_s_fu_122  |packer_to_packs_1_1_1_ap_int_8_s  |        ?|        ?|          ?|          ?|    ?|    ?|       no|
        +---------------------------------------------+----------------------------------+---------+---------+-----------+-----------+-----+-----+---------+

        * Loop: 
        +------------------------+---------+---------+----------+-----------+-----------+------+----------+
        |                        |  Latency (cycles) | Iteration|  Initiation Interval  | Trip |          |
        |        Loop Name       |   min   |   max   |  Latency |  achieved |   target  | Count| Pipelined|
        +------------------------+---------+---------+----------+-----------+-----------+------+----------+
        |- VITIS_LOOP_1237_1     |        ?|        ?|         ?|          -|          -|    17|        no|
        | + VITIS_LOOP_1238_2    |        ?|        ?|         ?|          -|          -|    64|        no|
        |  ++ VITIS_LOOP_1239_3  |        ?|        ?|         ?|          -|          -|    16|        no|
        +------------------------+---------+---------+----------+-----------+-----------+------+----------+



================================================================
== Utilization Estimates
================================================================
* Summary: 
+---------------------+---------+-------+---------+---------+------+
|         Name        | BRAM_18K|  DSP  |    FF   |   LUT   | URAM |
+---------------------+---------+-------+---------+---------+------+
|DSP                  |        -|      -|        -|        -|     -|
|Expression           |        -|      -|        0|      159|     -|
|FIFO                 |        -|      -|        9|       35|     -|
|Instance             |        -|      -|      106|      446|     -|
|Memory               |        -|      -|        -|        -|     -|
|Multiplexer          |        -|      -|        -|      139|     -|
|Register             |        -|      -|      116|        -|     -|
+---------------------+---------+-------+---------+---------+------+
|Total                |        0|      0|      231|      779|     0|
+---------------------+---------+-------+---------+---------+------+
|Available SLR        |     1344|   3072|   864000|   432000|   320|
+---------------------+---------+-------+---------+---------+------+
|Utilization SLR (%)  |        0|      0|       ~0|       ~0|     0|
+---------------------+---------+-------+---------+---------+------+
|Available            |     5376|  12288|  3456000|  1728000|  1280|
+---------------------+---------+-------+---------+---------+------+
|Utilization (%)      |        0|      0|       ~0|       ~0|     0|
+---------------------+---------+-------+---------+---------+------+

+ Detail: 
    * Instance: 
    +---------------------------------------------+----------------------------------+---------+----+----+-----+-----+
    |                   Instance                  |              Module              | BRAM_18K| DSP| FF | LUT | URAM|
    +---------------------------------------------+----------------------------------+---------+----+----+-----+-----+
    |grp_burst_read_beats_1_ap_int_8_s_fu_114     |burst_read_beats_1_ap_int_8_s     |        0|   0|  17|   81|    0|
    |grp_packer_to_packs_1_1_1_ap_int_8_s_fu_122  |packer_to_packs_1_1_1_ap_int_8_s  |        0|   0|  89|  365|    0|
    +---------------------------------------------+----------------------------------+---------+----+----+-----+-----+
    |Total                                        |                                  |        0|   0| 106|  446|    0|
    +---------------------------------------------+----------------------------------+---------+----+----+-----+-----+

    * DSP: 
    N/A

    * Memory: 
    N/A

    * FIFO: 
    +--------------------+---------+---+----+-----+------+-----+---------+
    |        Name        | BRAM_18K| FF| LUT| URAM| Depth| Bits| Size:D*B|
    +--------------------+---------+---+----+-----+------+-----+---------+
    |burst_reads_fifo_U  |        0|  9|   0|    -|    64|    8|      512|
    +--------------------+---------+---+----+-----+------+-----+---------+
    |Total               |        0|  9|   0|    0|    64|    8|      512|
    +--------------------+---------+---+----+-----+------+-----+---------+

    * Expression: 
    +------------------------+----------+----+---+----+------------+------------+
    |      Variable Name     | Operation| DSP| FF| LUT| Bitwidth P0| Bitwidth P1|
    +------------------------+----------+----+---+----+------------+------------+
    |add_ln1238_fu_155_p2    |         +|   0|  0|  14|           7|           1|
    |add_ln1239_fu_191_p2    |         +|   0|  0|  12|           5|           1|
    |add_ln1243_1_fu_197_p2  |         +|   0|  0|  18|          11|          11|
    |add_ln1243_fu_206_p2    |         +|   0|  0|  71|          64|          64|
    |m_2_fu_143_p2           |         +|   0|  0|  12|           5|           1|
    |icmp_ln1237_fu_137_p2   |      icmp|   0|  0|   9|           5|           5|
    |icmp_ln1238_fu_149_p2   |      icmp|   0|  0|  11|           7|           8|
    |icmp_ln1239_fu_185_p2   |      icmp|   0|  0|  10|           5|           6|
    |ap_block_state1         |        or|   0|  0|   2|           1|           1|
    +------------------------+----------+----+---+----+------------+------------+
    |Total                   |          |   0|  0| 159|         110|          98|
    +------------------------+----------+----+---+----+------------+------------+

    * Multiplexer: 
    +---------------------+----+-----------+-----+-----------+
    |         Name        | LUT| Input Size| Bits| Total Bits|
    +---------------------+----+-----------+-----+-----------+
    |ap_NS_fsm            |  49|          9|    1|          9|
    |ap_done              |   9|          2|    1|          2|
    |burst_reads_read     |   9|          2|    1|          2|
    |burst_reads_write    |   9|          2|    1|          2|
    |k_reg_92             |   9|          2|    7|         14|
    |m_axi_gmem1_ARVALID  |   9|          2|    1|          2|
    |m_axi_gmem1_RREADY   |   9|          2|    1|          2|
    |m_fu_78              |   9|          2|    5|         10|
    |n_tile_reg_103       |   9|          2|    5|         10|
    |out_w1_write         |   9|          2|    1|          2|
    |real_start           |   9|          2|    1|          2|
    +---------------------+----+-----------+-----+-----------+
    |Total                | 139|         29|   25|         57|
    +---------------------+----+-----------+-----+-----------+

    * Register: 
    +----------------------------------------------------------+----+----+-----+-----------+
    |                           Name                           | FF | LUT| Bits| Const Bits|
    +----------------------------------------------------------+----+----+-----+-----------+
    |add_ln1238_reg_240                                        |   7|   0|    7|          0|
    |add_ln1239_reg_253                                        |   5|   0|    5|          0|
    |add_ln1243_reg_258                                        |  64|   0|   64|          0|
    |ap_CS_fsm                                                 |   8|   0|    8|          0|
    |ap_done_reg                                               |   1|   0|    1|          0|
    |grp_burst_read_beats_1_ap_int_8_s_fu_114_ap_start_reg     |   1|   0|    1|          0|
    |grp_packer_to_packs_1_1_1_ap_int_8_s_fu_122_ap_start_reg  |   1|   0|    1|          0|
    |k_reg_92                                                  |   7|   0|    7|          0|
    |m_2_reg_232                                               |   5|   0|    5|          0|
    |m_fu_78                                                   |   5|   0|    5|          0|
    |n_tile_reg_103                                            |   5|   0|    5|          0|
    |start_once_reg                                            |   1|   0|    1|          0|
    |zext_ln1239_reg_245                                       |   6|   0|   11|          5|
    +----------------------------------------------------------+----+----+-----+-----------+
    |Total                                                     | 116|   0|  121|          5|
    +----------------------------------------------------------+----+----+-----+-----------+



================================================================
== Interface
================================================================
* Summary: 
+-----------------------+-----+-----+------------+------------------------------------------------------------------+--------------+
|       RTL Ports       | Dir | Bits|  Protocol  |                           Source Object                          |    C Type    |
+-----------------------+-----+-----+------------+------------------------------------------------------------------+--------------+
|ap_clk                 |   in|    1|  ap_ctrl_hs|  WeightTiledStreaming_3<17, 64, 16, 1, 1, 1, 1, 1, 1, ap_int<8> >|  return value|
|ap_rst                 |   in|    1|  ap_ctrl_hs|  WeightTiledStreaming_3<17, 64, 16, 1, 1, 1, 1, 1, 1, ap_int<8> >|  return value|
|ap_start               |   in|    1|  ap_ctrl_hs|  WeightTiledStreaming_3<17, 64, 16, 1, 1, 1, 1, 1, 1, ap_int<8> >|  return value|
|start_full_n           |   in|    1|  ap_ctrl_hs|  WeightTiledStreaming_3<17, 64, 16, 1, 1, 1, 1, 1, 1, ap_int<8> >|  return value|
|ap_done                |  out|    1|  ap_ctrl_hs|  WeightTiledStreaming_3<17, 64, 16, 1, 1, 1, 1, 1, 1, ap_int<8> >|  return value|
|ap_continue            |   in|    1|  ap_ctrl_hs|  WeightTiledStreaming_3<17, 64, 16, 1, 1, 1, 1, 1, 1, ap_int<8> >|  return value|
|ap_idle                |  out|    1|  ap_ctrl_hs|  WeightTiledStreaming_3<17, 64, 16, 1, 1, 1, 1, 1, 1, ap_int<8> >|  return value|
|ap_ready               |  out|    1|  ap_ctrl_hs|  WeightTiledStreaming_3<17, 64, 16, 1, 1, 1, 1, 1, 1, ap_int<8> >|  return value|
|start_out              |  out|    1|  ap_ctrl_hs|  WeightTiledStreaming_3<17, 64, 16, 1, 1, 1, 1, 1, 1, ap_int<8> >|  return value|
|start_write            |  out|    1|  ap_ctrl_hs|  WeightTiledStreaming_3<17, 64, 16, 1, 1, 1, 1, 1, 1, ap_int<8> >|  return value|
|m_axi_gmem1_AWVALID    |  out|    1|       m_axi|                                                             gmem1|       pointer|
|m_axi_gmem1_AWREADY    |   in|    1|       m_axi|                                                             gmem1|       pointer|
|m_axi_gmem1_AWADDR     |  out|   64|       m_axi|                                                             gmem1|       pointer|
|m_axi_gmem1_AWID       |  out|    1|       m_axi|                                                             gmem1|       pointer|
|m_axi_gmem1_AWLEN      |  out|   32|       m_axi|                                                             gmem1|       pointer|
|m_axi_gmem1_AWSIZE     |  out|    3|       m_axi|                                                             gmem1|       pointer|
|m_axi_gmem1_AWBURST    |  out|    2|       m_axi|                                                             gmem1|       pointer|
|m_axi_gmem1_AWLOCK     |  out|    2|       m_axi|                                                             gmem1|       pointer|
|m_axi_gmem1_AWCACHE    |  out|    4|       m_axi|                                                             gmem1|       pointer|
|m_axi_gmem1_AWPROT     |  out|    3|       m_axi|                                                             gmem1|       pointer|
|m_axi_gmem1_AWQOS      |  out|    4|       m_axi|                                                             gmem1|       pointer|
|m_axi_gmem1_AWREGION   |  out|    4|       m_axi|                                                             gmem1|       pointer|
|m_axi_gmem1_AWUSER     |  out|    1|       m_axi|                                                             gmem1|       pointer|
|m_axi_gmem1_WVALID     |  out|    1|       m_axi|                                                             gmem1|       pointer|
|m_axi_gmem1_WREADY     |   in|    1|       m_axi|                                                             gmem1|       pointer|
|m_axi_gmem1_WDATA      |  out|    8|       m_axi|                                                             gmem1|       pointer|
|m_axi_gmem1_WSTRB      |  out|    1|       m_axi|                                                             gmem1|       pointer|
|m_axi_gmem1_WLAST      |  out|    1|       m_axi|                                                             gmem1|       pointer|
|m_axi_gmem1_WID        |  out|    1|       m_axi|                                                             gmem1|       pointer|
|m_axi_gmem1_WUSER      |  out|    1|       m_axi|                                                             gmem1|       pointer|
|m_axi_gmem1_ARVALID    |  out|    1|       m_axi|                                                             gmem1|       pointer|
|m_axi_gmem1_ARREADY    |   in|    1|       m_axi|                                                             gmem1|       pointer|
|m_axi_gmem1_ARADDR     |  out|   64|       m_axi|                                                             gmem1|       pointer|
|m_axi_gmem1_ARID       |  out|    1|       m_axi|                                                             gmem1|       pointer|
|m_axi_gmem1_ARLEN      |  out|   32|       m_axi|                                                             gmem1|       pointer|
|m_axi_gmem1_ARSIZE     |  out|    3|       m_axi|                                                             gmem1|       pointer|
|m_axi_gmem1_ARBURST    |  out|    2|       m_axi|                                                             gmem1|       pointer|
|m_axi_gmem1_ARLOCK     |  out|    2|       m_axi|                                                             gmem1|       pointer|
|m_axi_gmem1_ARCACHE    |  out|    4|       m_axi|                                                             gmem1|       pointer|
|m_axi_gmem1_ARPROT     |  out|    3|       m_axi|                                                             gmem1|       pointer|
|m_axi_gmem1_ARQOS      |  out|    4|       m_axi|                                                             gmem1|       pointer|
|m_axi_gmem1_ARREGION   |  out|    4|       m_axi|                                                             gmem1|       pointer|
|m_axi_gmem1_ARUSER     |  out|    1|       m_axi|                                                             gmem1|       pointer|
|m_axi_gmem1_RVALID     |   in|    1|       m_axi|                                                             gmem1|       pointer|
|m_axi_gmem1_RREADY     |  out|    1|       m_axi|                                                             gmem1|       pointer|
|m_axi_gmem1_RDATA      |   in|    8|       m_axi|                                                             gmem1|       pointer|
|m_axi_gmem1_RLAST      |   in|    1|       m_axi|                                                             gmem1|       pointer|
|m_axi_gmem1_RID        |   in|    1|       m_axi|                                                             gmem1|       pointer|
|m_axi_gmem1_RFIFONUM   |   in|   13|       m_axi|                                                             gmem1|       pointer|
|m_axi_gmem1_RUSER      |   in|    1|       m_axi|                                                             gmem1|       pointer|
|m_axi_gmem1_RRESP      |   in|    2|       m_axi|                                                             gmem1|       pointer|
|m_axi_gmem1_BVALID     |   in|    1|       m_axi|                                                             gmem1|       pointer|
|m_axi_gmem1_BREADY     |  out|    1|       m_axi|                                                             gmem1|       pointer|
|m_axi_gmem1_BRESP      |   in|    2|       m_axi|                                                             gmem1|       pointer|
|m_axi_gmem1_BID        |   in|    1|       m_axi|                                                             gmem1|       pointer|
|m_axi_gmem1_BUSER      |   in|    1|       m_axi|                                                             gmem1|       pointer|
|W_ddr_tile             |   in|   64|     ap_none|                                                        W_ddr_tile|        scalar|
|out_w1_din             |  out|    8|     ap_fifo|                                                            out_w1|       pointer|
|out_w1_num_data_valid  |   in|    7|     ap_fifo|                                                            out_w1|       pointer|
|out_w1_fifo_cap        |   in|    7|     ap_fifo|                                                            out_w1|       pointer|
|out_w1_full_n          |   in|    1|     ap_fifo|                                                            out_w1|       pointer|
|out_w1_write           |  out|    1|     ap_fifo|                                                            out_w1|       pointer|
+-----------------------+-----+-----+------------+------------------------------------------------------------------+--------------+

