INFO: [SIM 2] *************** CSIM start ***************
INFO: [SIM 4] CSIM will launch GCC as the compiler.
   Compiling ../../../../hls/tb/tb_vit_block.cpp in debug mode
   Compiling ../../../../hls/src/model/ViT_Block.cpp in debug mode
   Compiling ../../../../hls/src/attention/MultiHeadAttention_tiled.cpp in debug mode
   Compiling ../../../../hls/src/layers/MM_tiled.cpp in debug mode
   Compiling ../../../../hls/src/layers/MLP_tiled_oc.cpp in debug mode
   Compiling ../../../../hls/src/parameters/vit_params.cpp in debug mode
   Generating csim.exe
Starting ViT_Block simulation...
Configuration:
  TOKENS       = 17
  EMBED        = 192
  HIDDEN       = 768
  IO_PACK      = 1
  BUS_ELEMS    = 1
  INPUT_WORDS  = 3264
  OUTPUT_WORDS = 3264
  Q_BEATS      = 36864
  K_BEATS      = 36864
  V_BEATS      = 36864
  O_BEATS      = 36864
  W_UP_BEATS   = 147456
  W_DOWN_BEATS = 147456
  Weight Inizialization = 
  Input Stream Inizialization = 
Calling ViT_Block...
Reading output...
-65
-37
-31
123
-63
-34
-53
-34
58
112
-39
6
119
5
-54
25
-68
-73
-44
-52
-8
-102
120
-60
95
22
-122
1
64
-117
119
109
-75
-99
84
-18
-121
94
115
-125
-20
-117
120
119
122
-59
19
-75
73
-28
-120
99
114
-115
76
64
-106
108
-87
-98
17
33
10
-58
121
63
-10
-2
75
101
88
-2
-121
-65
-19
61
126
-99
-15
-73
125
124
47
-43
115
75
112
-84
121
-30
-39
107
119
-122
53
57
49
114
100
-119
104
80
-94
-90
55
22
-41
-54
-124
-30
-19
124
64
74
121
-70
-114
24
-48
-120
-50
28
117
13
-120
18
-115
106
-117
-40
74
-96
-120
-78
24
-50
-53
-37
-19
120
-115
29
109
-85
-117
127
-61
68
-58
22
-110
-2
47
-115
-113
-105
-119
-25
-115
-112
-22
-95
-91
-24
47
61
6
-55
-104
-75
-114
-65
-89
-39
-102
27
39
68
-121
75
-66
61
-38
7
-27
-68
-65
7
78
-115
36
-32
-42
-110
-55
94
-81
-94
63
-41
61
54
-97
-2
47
-99
61
-66
-48
17
-65
-111
-62
-60
71
-75
-75
-25
-96
-72
64
-105
80
99
-17
-68
69
-48
-55
89
29
10
88
-20
85
95
2
-66
-75
-45
-68
125
-81
0
64
88
29
-54
-96
107
88
-76
-3
52
81
89
48
72
-59
-91
-2
21
-71
-105
-97
-92
-79
59
98
-85
84
71
26
-33
54
-70
42
-79
65
74
-40
-69
-66
-98
-20
-42
92
-17
-48
-33
-16
-111
-74
-59
-42
-56
-57
72
-42
-86
-93
-4
106
75
75
-34
100
58
61
19
-114
-96
48
-83
56
-33
-95
39
-58
48
-50
-70
64
-20
83
-99
116
102
56
97
-66
-90
-82
83
29
-64
-67
70
-73
60
-66
-55
62
-84
83
66
-64
-18
-62
-48
-39
-62
-49
-4
40
-83
63
9
94
-79
60
-70
-72
75
60
63
-40
-58
35
64
-79
127
87
2
-90
-1
69
-59
-74
74
32
-95
91
67
-45
-119
-54
70
-85
-81
64
-24
61
59
-115
-50
66
-106
79
-68
-55
-76
-64
-101
-68
-75
69
-58
-48
-32
-79
-75
82
-94
81
106
-71
-74
73
-55
-59
85
46
-91
86
-29
74
95
75
-72
-54
-75
-68
108
-66
63
75
83
45
-31
-90
105
92
-88
56
70
84
81
24
67
-59
-94
37
23
-21
-85
-76
-83
-92
64
115
-74
9
83
38
-60
52
-62
40
-65
75
14
40
-80
-87
-105
-33
-54
90
-8
-60
-33
23
-89
-83
-9
-50
-45
-67
60
-49
-83
-79
-45
70
66
79
-6
95
69
58
53
-100
-105
53
-91
64
-3
-94
40
-59
47
-64
-54
67
-20
24
-86
110
88
44
92
-56
-33
-84
83
18
-63
-60
78
-81
67
-69
-38
-76
-103
81
57
-91
-56
-27
-75
-76
-63
-65
-48
25
-71
84
38
108
-81
71
-73
-70
72
68
69
-48
34
32
73
-52
122
29
90
-91
-58
58
-52
-75
90
54
-81
80
54
-47
-120
-50
76
-90
-85
66
-23
61
60
-113
-44
68
-105
80
-59
-48
-69
-63
-99
-61
-77
68
-65
-1
3
-85
-71
84
-95
81
109
-65
-75
72
-56
-56
83
49
-97
86
-32
84
103
53
-76
-59
-69
-57
110
-73
62
70
80
44
-36
-94
105
65
-85
27
60
81
80
30
71
-55
-92
39
29
-13
-90
-87
-83
-92
66
109
-75
16
85
47
-59
49
-65
36
-69
80
7
49
-76
-90
-102
-20
-50
83
9
-49
-31
16
-95
-81
-33
-49
-44
-72
54
-54
-83
-88
-44
76
69
83
-37
101
68
59
53
-100
-112
56
-89
64
2
-97
36
-65
52
-70
-54
72
-18
-8
-102
110
92
45
92
-53
-21
-88
86
32
-62
-56
78
-75
71
-74
-37
-56
-100
75
68
-86
-57
-40
-70
-73
-63
-60
-74
24
-68
84
25
101
-79
76
-65
-75
73
63
63
-50
7
48
70
-53
126
56
81
-89
-38
63
-57
-80
90
51
-88
86
56
-42
-109
-64
87
-78
-96
61
-43
65
59
-95
-25
45
-109
64
-66
-55
3
-61
-110
-59
-62
68
-73
-99
-19
-97
-61
63
-106
79
98
-30
-65
72
-48
-56
89
32
-22
86
-20
85
96
22
-65
-67
-44
-69
122
-71
22
72
84
38
-54
-85
109
86
-80
24
54
80
86
43
69
-59
-94
16
21
-42
-95
-96
-87
-75
58
94
-92
64
68
23
-37
57
-65
42
-80
54
78
-14
-61
-59
-97
8
-50
91
-6
-68
-37
-7
-105
-79
-53
-40
-55
-50
76
-44
-92
-85
7
103
70
76
-50
97
56
63
32
-115
-93
53
-86
91
-40
-92
34
-53
51
-48
-74
63
-23
83
-95
123
100
60
96
-61
-100
-77
86
32
-63
-69
63
-81
65
-68
-43
33
-92
83
62
-61
-28
-58
-50
-27
-68
-50
-18
40
-80
69
14
101
-82
68
-74
-68
81
60
66
-40
-55
35
68
-71
127
83
-26
-92
-4
73
-55
-69
83
33
-88
91
69
-44
-114
-70
81
-81
-93
66
-34
63
72
-95
-36
52
-110
72
-64
-49
-25
-58
-111
-60
-71
70
-80
4
8
-102
-62
70
-107
87
102
-33
-74
72
-45
-65
88
42
-71
81
-31
89
103
27
-63
-45
-48
-61
117
-79
52
73
83
45
-43
-87
105
62
-88
14
52
81
88
40
67
-49
-101
29
32
-32
-92
-99
-85
-83
56
95
-89
56
70
43
-29
53
-63
36
-71
58
69
7
-59
-68
-96
7
-65
89
15
-58
-31
-1
-106
-74
-52
-45
-54
-55
61
-43
-93
-94
-49
97
79
81
-52
102
61
58
59
-105
-97
53
-85
93
-33
-102
32
-55
55
-54
-68
66
-18
39
-101
122
97
55
92
-60
-57
-86
85
42
-75
-73
71
-83
78
-76
-37
3
-95
71
66
-76
-40
-53
-54
-61
-66
-48
-54
34
-70
79
19
100
-79
71
-68
-80
81
60
65
-55
-41
47
66
-71
127
76
55
-93
-38
73
-59
-74
83
42
-80
86
63
-52
-36
-81
74
-56
-93
-63
-58
100
125
-79
-52
43
-96
78
-76
-50
-90
-42
-114
49
-81
54
-45
62
110
-102
52
48
-97
97
44
-27
-43
76
-53
-73
75
55
-128
48
-56
72
75
71
-62
13
-32
-44
63
-52
76
126
-25
65
-49
-27
98
-12
-107
30
36
71
-17
40
69
-20
1
10
45
66
-49
-95
52
-11
46
22
-119
-69
-89
16
15
44
-37
54
-52
17
64
50
43
-27
-93
99
-125
51
-88
-75
-17
-68
-61
-54
85
-52
-85
-37
94
-28
-109
-37
-20
85
55
-81
-47
91
61
60
59
-44
-75
54
-84
122
-110
-105
19
-66
61
-40
-113
81
-30
-65
-43
127
-59
68
80
-10
-45
-70
71
24
-97
-106
37
-121
52
-87
43
-80
-128
-2
-25
-81
-57
-42
-38
-11
-94
-12
-67
42
-37
94
69
95
-95
63
-59
-86
46
81
73
-64
6
-13
86
-74
79
-48
-50
-85
-34
99
-79
-54
86
76
11
54
60
-52
33
-47
85
-44
-99
-28
-85
119
101
-69
-82
33
-101
66
-83
-79
-74
-53
-99
62
-80
25
-31
-30
122
-97
58
53
-83
91
-62
-61
101
69
-48
-57
58
36
-112
45
-82
41
56
54
-60
29
-3
-75
73
-29
2
124
-60
65
-63
29
89
-24
11
83
56
33
-50
-13
61
29
-14
0
40
66
-27
-85
88
17
39
25
-128
-128
-90
1
75
64
-12
60
-83
-44
78
16
89
-12
-91
122
-86
51
-43
-64
-62
-19
-30
-70
-13
-35
-92
-11
110
-49
-48
-40
-25
108
12
-95
18
63
63
84
57
-4
-42
38
-103
109
-76
-95
14
-15
51
-40
-121
62
-32
-2
-12
127
-61
85
61
1
-79
-53
116
11
-93
-122
7
-127
28
-13
55
-94
-128
-43
-77
9
-39
-20
-17
79
-51
86
-52
52
-39
19
79
70
-113
56
-74
70
99
71
88
28
-43
15
94
-96
-53
-56
-56
-77
34
88
4
23
101
63
92
90
60
-46
-110
-66
75
-84
-91
69
-38
61
63
-102
-45
48
-109
72
-63
-52
-30
-62
-109
-67
-66
66
-70
-67
-33
-91
-70
72
-101
81
104
-61
-69
74
-48
-60
88
43
-42
80
-23
85
100
49
-66
-76
-55
-72
120
-73
45
68
82
39
-42
-88
101
90
-80
49
62
80
89
36
63
-56
-97
32
25
-53
-87
-85
-86
-90
53
101
-84
52
78
35
-37
55
-65
35
-73
61
66
-1
-67
-72
-99
-12
-49
91
-1
-52
-35
3
-101
-78
-54
-43
-47
-61
64
-47
-89
-87
-45
94
74
79
-50
98
61
65
45
-109
-96
49
-83
86
-13
-92
38
-55
47
-52
-63
65
-21
63
-103
115
94
52
93
-59
-72
-86
90
37
-72
-65
69
-79
75
-76
-35
3
-92
74
63
-69
-31
-50
-61
-35
-61
-48
-27
39
-76
74
20
101
-75
75
-76
-68
79
63
66
-48
-32
43
64
-60
127
69
31
-90
-33
71
-54
-71
94
39
-77
91
65
-44
-121
-50
89
-90
-86
73
-27
60
52
-113
-33
63
-105
73
-60
-49
-32
-64
-97
-64
-69
69
-67
-44
-33
-80
-77
81
-100
78
109
-71
-70
66
-53
-55
86
38
-65
86
-25
85
99
44
-74
-80
-69
-66
120
-77
60
60
88
38
-41
-98
98
106
-77
14
61
84
88
35
70
-58
-86
27
20
-50
-90
-88
-93
-94
65
115
-73
37
80
40
-63
54
-72
39
-70
80
24
19
-84
-84
-105
-25
-37
89
2
-30
-33
19
-102
-78
-56
-48
-44
-67
61
-48
-85
-87
-39
84
72
83
-21
97
63
61
55
-105
-109
49
-86
36
-3
-90
47
-59
47
-62
-54
65
-22
48
-101
102
98
48
93
-63
-53
-83
83
28
-60
-56
82
-73
67
-67
-39
-24
-90
86
67
-80
-59
-44
-66
-64
-61
-58
-33
33
-74
82
24
97
-79
69
-66
-72
79
60
59
-41
-6
40
68
-59
127
76
78
-94
-24
64
-50
-76
86
44
-92
85
59
-56
-128
-35
86
-101
-76
36
-20
66
63
-128
-32
93
-16
96
-42
-42
-102
-61
-83
-55
-81
76
-73
40
8
-66
-60
96
-89
90
120
-79
-94
58
-50
-63
89
48
-124
58
-63
101
98
63
-100
-66
-109
-56
109
-109
63
54
4
43
-4
-110
70
11
-84
33
64
95
79
34
81
-39
-76
98
35
4
-3
-79
-97
-78
83
127
-57
-25
42
52
8
48
-62
21
19
111
-93
38
-97
-117
-96
14
-29
51
53
47
-21
90
-92
-50
13
-52
-37
-86
26
-70
-78
-114
-35
57
88
85
-19
107
55
59
35
-90
-128
17
-102
-22
74
-112
61
-66
52
-107
-13
71
-32
-37
-102
43
64
25
76
-45
92
-113
76
75
-65
-45
107
-45
-2
-66
-35
-63
-114
74
64
-102
-42
-37
-58
-88
-64
-50
-85
29
-49
93
32
95
-56
70
-41
-76
-54
74
-6
-67
50
24
62
-56
103
16
85
-89
-33
58
-70
-100
76
65
-94
75
39
-45
-104
-20
73
-112
-35
-44
-35
60
62
-128
-33
101
-35
85
-65
-20
-76
-92
-90
-63
-111
100
-86
67
11
-63
-83
111
-106
95
115
-19
-88
66
-87
-87
60
33
-99
78
-73
79
94
95
-107
-82
-96
-10
74
-119
69
54
32
68
-9
-126
101
-3
-93
-35
48
99
99
32
99
-33
-73
127
45
37
-23
-103
-77
-88
92
127
-71
-11
-31
76
-50
42
-97
33
73
125
-90
89
-110
-117
-47
-5
-29
38
25
37
-13
91
-87
22
70
-69
-56
-100
36
-42
-32
-101
-69
39
49
101
30
89
71
11
42
-42
-128
-21
-79
-36
-4
-102
55
-85
45
-110
-18
81
-47
-88
-60
22
49
39
79
-82
127
-102
44
52
-35
-31
103
-40
-60
-89
-8
-109
-95
110
14
-128
-59
-6
-93
-90
-70
-74
-81
20
-28
120
56
107
-62
14
-38
-120
-61
34
-12
-81
39
44
98
-56
75
-25
92
-69
43
-4
-94
-112
84
88
-121
84
30
-43
-119
-55
82
-84
-87
59
-32
60
54
-110
-23
64
-107
76
-65
-52
-66
-62
-96
-63
-77
57
-63
-48
-16
-77
-76
79
-89
81
108
-70
-70
68
-54
-48
87
39
-69
88
-24
78
98
76
-74
-35
-65
-68
112
-74
54
73
74
39
-39
-89
99
91
-77
42
59
78
78
32
69
-62
-89
30
21
-28
-90
-84
-83
-94
66
106
-76
-19
79
33
-66
55
-63
37
-67
75
39
28
-76
-79
-102
-30
-50
85
-19
-44
-40
16
-88
-77
-40
-44
-50
-61
65
-52
-80
-80
-41
76
65
81
-15
98
64
63
54
-104
-100
53
-94
75
2
-93
43
-62
53
-63
-55
65
-17
30
-92
115
93
52
95
-56
-46
-84
90
23
-69
-59
74
-77
66
-65
-45
-44
-97
82
60
-80
-54
-43
-60
-59
-66
-59
-33
31
-76
78
29
99
-79
71
-62
-62
75
68
67
-42
27
52
71
-53
127
65
83
-86
-30
68
-53
-71
87
47
-88
90
60
-41
-107
-68
90
-77
-96
58
-44
65
58
-97
-37
43
-111
65
-71
-57
11
-61
-114
-65
-62
67
-71
-101
-32
-99
-59
65
-107
79
98
-47
-62
68
-50
-56
89
31
-7
82
-17
83
95
38
-61
-71
-47
-73
122
-69
6
72
89
39
-53
-85
106
104
-76
44
59
79
88
40
65
-58
-99
8
19
-47
-89
-91
-89
-76
54
89
-93
76
68
0
-34
58
-63
42
-79
52
76
-23
-61
-61
-98
16
-53
94
-23
-78
-33
-12
-100
-79
-54
-37
-59
-49
79
-44
-89
-82
14
104
68
66
-41
95
59
67
16
-115
-87
51
-86
88
-44
-91
34
-50
49
-46
-73
61
-22
86
-95
125
100
61
96
-61
-99
-72
88
27
-49
-70
61
-83
64
-66
-46
38
-91
82
63
-67
-11
-56
-52
-1
-65
-54
-2
43
-87
61
16
100
-84
70
-74
-66
85
60
68
-40
-56
39
65
-72
127
84
-57
-92
-14
74
-55
-66
86
33
-83
89
69
-60
-54
-44
115
-71
-83
-48
-66
71
99
-60
-50
56
-55
55
-43
-52
-58
-55
-65
-45
-34
56
-65
54
87
-92
9
43
-108
109
100
12
-71
60
-61
-54
94
38
-127
51
-84
124
100
-3
-62
-24
-38
5
88
-120
38
111
-56
65
-52
-71
114
-8
-80
-34
25
19
-56
95
71
19
12
-4
52
46
11
-111
-80
57
68
75
-105
-7
35
83
80
56
-11
81
-16
95
-52
33
-54
-40
-81
102
-80
59
49
-12
37
24
-88
-13
28
-59
-79
31
63
-37
-68
-96
-50
102
88
73
-37
127
-49
-8
34
-100
-110
-14
-109
92
44
-102
56
-94
70
-63
-73
83
-28
-51
-86
85
-25
66
73
-84
20
-109
32
42
-114
-102
107
-60
64
-74
-30
-68
-81
60
-32
-79
-25
-107
-16
-85
-94
-40
-47
9
-82
48
42
3
-96
-13
-67
-86
-24
61
72
-69
-66
35
37
-113
101
3
56
-64
69
43
-83
-69
69
43
-120
64
59
-41
-114
-64
79
-84
-88
65
-28
66
69
-101
-29
53
-108
64
-66
-56
-27
-62
-114
-62
-70
73
-76
-33
2
-99
-77
72
-106
86
101
-45
-73
74
-43
-65
86
40
-53
82
-29
83
99
46
-66
-78
-58
-59
111
-62
54
71
90
40
-44
-88
110
65
-89
37
60
79
89
38
65
-52
-94
19
27
-33
-92
-92
-84
-76
55
93
-87
56
74
45
-48
51
-68
39
-70
59
70
18
-58
-75
-99
-12
-61
89
-7
-72
-33
-20
-102
-81
-52
-48
-50
-65
68
-45
-89
-88
-38
86
78
80
-45
99
64
56
60
-105
-101
52
-81
84
-14
-96
36
-58
53
-44
-67
66
-22
39
-96
119
95
55
92
-56
-60
-83
83
44
-69
-67
69
-81
75
-77
-42
-5
-95
73
61
-81
-39
-50
-60
-60
-68
-52
-41
32
-67
74
23
101
-83
78
-75
-76
78
59
68
-60
-30
46
68
-68
127
67
58
-92
-27
74
-56
-72
88
46
-79
83
63
-40
-106
-63
90
-80
-93
54
-45
63
52
-98
-16
36
-110
59
-74
-54
7
-63
-112
-66
-58
61
-69
-104
-38
-95
-42
59
-101
79
96
-40
-61
70
-54
-50
89
27
10
84
-17
79
88
43
-63
-79
-44
-73
126
-68
-7
69
88
33
-58
-86
111
113
-76
43
58
76
88
39
66
-61
-89
4
14
-45
-95
-94
-87
-73
53
90
-90
84
66
-8
-32
60
-61
42
-83
52
76
-39
-69
-55
-102
12
-48
95
-41
-77
-33
-13
-105
-79
-54
-35
-56
-52
81
-42
-90
-81
48
107
65
40
-36
94
56
64
-6
-122
-85
44
-88
87
-46
-88
38
-29
46
-39
-61
57
-25
91
-96
125
100
60
99
-60
-103
-70
91
46
-42
-68
61
-81
60
-66
-52
52
-85
86
60
-58
-23
-59
-49
29
-67
-49
-8
44
-90
28
11
100
-84
67
-73
-70
82
60
67
-38
-45
33
67
-75
127
88
-72
-95
1
78
-58
-64
85
29
-86
89
69
TLAST received at word 3263
ViT_Block simulation completed.
Elapsed host simulation time: 3900.63 ms
INFO [HLS SIM]: The maximum depth reached by any hls::stream() instance in the design is 2506752
INFO: [SIM 1] CSim done with 0 errors.
INFO: [SIM 3] *************** CSIM finish ***************
