

================================================================
== Vitis HLS Report for 'apuint_to_axis'
================================================================
* Date:           Thu Jun 18 11:12:17 2026

* Version:        2022.2 (Build 3670227 on Oct 13 2022)
* Project:        ViT_Block
* Solution:       ViT_Block (Vivado IP Flow Target)
* Product family: virtexuplus
* Target device:  xcu250-figd2104-2L-e


================================================================
== Performance Estimates
================================================================
+ Timing: 
    * Summary: 
    +--------+----------+----------+------------+
    |  Clock |  Target  | Estimated| Uncertainty|
    +--------+----------+----------+------------+
    |ap_clk  |  10.00 ns|  1.365 ns|     2.70 ns|
    +--------+----------+----------+------------+

+ Latency: 
    * Summary: 
    +---------+---------+-----------+-----------+------+------+---------+
    |  Latency (cycles) |   Latency (absolute)  |   Interval  | Pipeline|
    |   min   |   max   |    min    |    max    |  min |  max |   Type  |
    +---------+---------+-----------+-----------+------+------+---------+
    |     3267|     3267|  32.670 us|  32.670 us|  3267|  3267|       no|
    +---------+---------+-----------+-----------+------+------+---------+

    + Detail: 
        * Instance: 
        N/A

        * Loop: 
        +-------------------+---------+---------+----------+-----------+-----------+------+----------+
        |                   |  Latency (cycles) | Iteration|  Initiation Interval  | Trip |          |
        |     Loop Name     |   min   |   max   |  Latency |  achieved |   target  | Count| Pipelined|
        +-------------------+---------+---------+----------+-----------+-----------+------+----------+
        |- VITIS_LOOP_82_1  |     3265|     3265|         3|          1|          1|  3264|       yes|
        +-------------------+---------+---------+----------+-----------+-----------+------+----------+



================================================================
== Utilization Estimates
================================================================
* Summary: 
+---------------------+---------+-------+---------+---------+------+
|         Name        | BRAM_18K|  DSP  |    FF   |   LUT   | URAM |
+---------------------+---------+-------+---------+---------+------+
|DSP                  |        -|      -|        -|        -|     -|
|Expression           |        -|      -|        0|       51|     -|
|FIFO                 |        -|      -|        -|        -|     -|
|Instance             |        -|      -|        -|        -|     -|
|Memory               |        -|      -|        -|        -|     -|
|Multiplexer          |        -|      -|        -|       54|     -|
|Register             |        -|      -|       18|        -|     -|
+---------------------+---------+-------+---------+---------+------+
|Total                |        0|      0|       18|      105|     0|
+---------------------+---------+-------+---------+---------+------+
|Available SLR        |     1344|   3072|   864000|   432000|   320|
+---------------------+---------+-------+---------+---------+------+
|Utilization SLR (%)  |        0|      0|       ~0|       ~0|     0|
+---------------------+---------+-------+---------+---------+------+
|Available            |     5376|  12288|  3456000|  1728000|  1280|
+---------------------+---------+-------+---------+---------+------+
|Utilization (%)      |        0|      0|       ~0|       ~0|     0|
+---------------------+---------+-------+---------+---------+------+

+ Detail: 
    * Instance: 
    N/A

    * DSP: 
    N/A

    * Memory: 
    N/A

    * FIFO: 
    N/A

    * Expression: 
    +----------------------------------+----------+----+---+----+------------+------------+
    |           Variable Name          | Operation| DSP| FF| LUT| Bitwidth P0| Bitwidth P1|
    +----------------------------------+----------+----+---+----+------------+------------+
    |i_25_fu_99_p2                     |         +|   0|  0|  19|          12|           1|
    |ap_condition_114                  |       and|   0|  0|   2|           1|           1|
    |icmp_ln82_fu_93_p2                |      icmp|   0|  0|  12|          12|          11|
    |pkt_last_V_fu_105_p2              |      icmp|   0|  0|  12|          12|          11|
    |ap_block_pp0_stage0_01001         |        or|   0|  0|   2|           1|           1|
    |ap_block_state2_pp0_stage0_iter1  |        or|   0|  0|   2|           1|           1|
    |ap_enable_pp0                     |       xor|   0|  0|   2|           1|           2|
    +----------------------------------+----------+----+---+----+------------+------------+
    |Total                             |          |   0|  0|  51|          40|          28|
    +----------------------------------+----------+----+---+----+------------+------------+

    * Multiplexer: 
    +-------------------------+----+-----------+-----+-----------+
    |           Name          | LUT| Input Size| Bits| Total Bits|
    +-------------------------+----+-----------+-----+-----------+
    |ap_done_int              |   9|          2|    1|          2|
    |ap_enable_reg_pp0_iter1  |   9|          2|    1|          2|
    |ap_sig_allocacmp_i_24    |   9|          2|   12|         24|
    |i_fu_56                  |   9|          2|   12|         24|
    |out_r_TDATA_blk_n        |   9|          2|    1|          2|
    |output_stream2_blk_n     |   9|          2|    1|          2|
    +-------------------------+----+-----------+-----+-----------+
    |Total                    |  54|         12|   28|         56|
    +-------------------------+----+-----------+-----+-----------+

    * Register: 
    +----------------------------------+----+----+-----+-----------+
    |               Name               | FF | LUT| Bits| Const Bits|
    +----------------------------------+----+----+-----+-----------+
    |ap_CS_fsm                         |   1|   0|    1|          0|
    |ap_done_reg                       |   1|   0|    1|          0|
    |ap_enable_reg_pp0_iter1           |   1|   0|    1|          0|
    |ap_enable_reg_pp0_iter2           |   1|   0|    1|          0|
    |ap_loop_exit_ready_pp0_iter1_reg  |   1|   0|    1|          0|
    |i_fu_56                           |  12|   0|   12|          0|
    |pkt_last_V_reg_127                |   1|   0|    1|          0|
    +----------------------------------+----+----+-----+-----------+
    |Total                             |  18|   0|   18|          0|
    +----------------------------------+----+----+-----+-----------+



================================================================
== Interface
================================================================
* Summary: 
+-------------------------------+-----+-----+------------+----------------+--------------+
|           RTL Ports           | Dir | Bits|  Protocol  |  Source Object |    C Type    |
+-------------------------------+-----+-----+------------+----------------+--------------+
|ap_clk                         |   in|    1|  ap_ctrl_hs|  apuint_to_axis|  return value|
|ap_rst                         |   in|    1|  ap_ctrl_hs|  apuint_to_axis|  return value|
|ap_start                       |   in|    1|  ap_ctrl_hs|  apuint_to_axis|  return value|
|ap_done                        |  out|    1|  ap_ctrl_hs|  apuint_to_axis|  return value|
|ap_continue                    |   in|    1|  ap_ctrl_hs|  apuint_to_axis|  return value|
|ap_idle                        |  out|    1|  ap_ctrl_hs|  apuint_to_axis|  return value|
|ap_ready                       |  out|    1|  ap_ctrl_hs|  apuint_to_axis|  return value|
|output_stream2_dout            |   in|    8|     ap_fifo|  output_stream2|       pointer|
|output_stream2_num_data_valid  |   in|    2|     ap_fifo|  output_stream2|       pointer|
|output_stream2_fifo_cap        |   in|    2|     ap_fifo|  output_stream2|       pointer|
|output_stream2_empty_n         |   in|    1|     ap_fifo|  output_stream2|       pointer|
|output_stream2_read            |  out|    1|     ap_fifo|  output_stream2|       pointer|
|out_r_TREADY                   |   in|    1|        axis|  out_r_V_last_V|       pointer|
|out_r_TVALID                   |  out|    1|        axis|  out_r_V_last_V|       pointer|
|out_r_TLAST                    |  out|    1|        axis|  out_r_V_last_V|       pointer|
|out_r_TDATA                    |  out|    8|        axis|  out_r_V_data_V|       pointer|
|out_r_TKEEP                    |  out|    1|        axis|  out_r_V_keep_V|       pointer|
|out_r_TSTRB                    |  out|    1|        axis|  out_r_V_strb_V|       pointer|
+-------------------------------+-----+-----+------------+----------------+--------------+

