

================================================================
== Vitis HLS Report for 'axis_to_apuint'
================================================================
* Date:           Thu Jun 18 11:11:49 2026

* Version:        2022.2 (Build 3670227 on Oct 13 2022)
* Project:        ViT_Block
* Solution:       ViT_Block (Vivado IP Flow Target)
* Product family: virtexuplus
* Target device:  xcu250-figd2104-2L-e


================================================================
== Performance Estimates
================================================================
+ Timing: 
    * Summary: 
    +--------+----------+----------+------------+
    |  Clock |  Target  | Estimated| Uncertainty|
    +--------+----------+----------+------------+
    |ap_clk  |  10.00 ns|  1.365 ns|     2.70 ns|
    +--------+----------+----------+------------+

+ Latency: 
    * Summary: 
    +---------+---------+-----------+-----------+------+------+---------+
    |  Latency (cycles) |   Latency (absolute)  |   Interval  | Pipeline|
    |   min   |   max   |    min    |    max    |  min |  max |   Type  |
    +---------+---------+-----------+-----------+------+------+---------+
    |     3266|     3266|  32.660 us|  32.660 us|  3266|  3266|       no|
    +---------+---------+-----------+-----------+------+------+---------+

    + Detail: 
        * Instance: 
        N/A

        * Loop: 
        +-------------------+---------+---------+----------+-----------+-----------+------+----------+
        |                   |  Latency (cycles) | Iteration|  Initiation Interval  | Trip |          |
        |     Loop Name     |   min   |   max   |  Latency |  achieved |   target  | Count| Pipelined|
        +-------------------+---------+---------+----------+-----------+-----------+------+----------+
        |- VITIS_LOOP_72_1  |     3264|     3264|         2|          1|          1|  3264|       yes|
        +-------------------+---------+---------+----------+-----------+-----------+------+----------+



================================================================
== Utilization Estimates
================================================================
* Summary: 
+---------------------+---------+-------+---------+---------+------+
|         Name        | BRAM_18K|  DSP  |    FF   |   LUT   | URAM |
+---------------------+---------+-------+---------+---------+------+
|DSP                  |        -|      -|        -|        -|     -|
|Expression           |        -|      -|        0|       39|     -|
|FIFO                 |        -|      -|        -|        -|     -|
|Instance             |        -|      -|        -|        -|     -|
|Memory               |        -|      -|        -|        -|     -|
|Multiplexer          |        -|      -|        -|       54|     -|
|Register             |        -|      -|       23|        -|     -|
+---------------------+---------+-------+---------+---------+------+
|Total                |        0|      0|       23|       93|     0|
+---------------------+---------+-------+---------+---------+------+
|Available SLR        |     1344|   3072|   864000|   432000|   320|
+---------------------+---------+-------+---------+---------+------+
|Utilization SLR (%)  |        0|      0|       ~0|       ~0|     0|
+---------------------+---------+-------+---------+---------+------+
|Available            |     5376|  12288|  3456000|  1728000|  1280|
+---------------------+---------+-------+---------+---------+------+
|Utilization (%)      |        0|      0|       ~0|       ~0|     0|
+---------------------+---------+-------+---------+---------+------+

+ Detail: 
    * Instance: 
    N/A

    * DSP: 
    N/A

    * Memory: 
    N/A

    * FIFO: 
    N/A

    * Expression: 
    +----------------------------------+----------+----+---+----+------------+------------+
    |           Variable Name          | Operation| DSP| FF| LUT| Bitwidth P0| Bitwidth P1|
    +----------------------------------+----------+----+---+----+------------+------------+
    |i_23_fu_89_p2                     |         +|   0|  0|  19|          12|           1|
    |ap_condition_98                   |       and|   0|  0|   2|           1|           1|
    |icmp_ln72_fu_83_p2                |      icmp|   0|  0|  12|          12|          11|
    |ap_block_pp0_stage0_01001         |        or|   0|  0|   2|           1|           1|
    |ap_block_state1_pp0_stage0_iter0  |        or|   0|  0|   2|           1|           1|
    |ap_enable_pp0                     |       xor|   0|  0|   2|           1|           2|
    +----------------------------------+----------+----+---+----+------------+------------+
    |Total                             |          |   0|  0|  39|          28|          17|
    +----------------------------------+----------+----+---+----+------------+------------+

    * Multiplexer: 
    +-------------------------+----+-----------+-----+-----------+
    |           Name          | LUT| Input Size| Bits| Total Bits|
    +-------------------------+----+-----------+-----+-----------+
    |ap_done_int              |   9|          2|    1|          2|
    |ap_enable_reg_pp0_iter1  |   9|          2|    1|          2|
    |ap_sig_allocacmp_i_22    |   9|          2|   12|         24|
    |i_fu_52                  |   9|          2|   12|         24|
    |in_r_TDATA_blk_n         |   9|          2|    1|          2|
    |input_stream1_blk_n      |   9|          2|    1|          2|
    +-------------------------+----+-----------+-----+-----------+
    |Total                    |  54|         12|   28|         56|
    +-------------------------+----+-----------+-----+-----------+

    * Register: 
    +-------------------------+----+----+-----+-----------+
    |           Name          | FF | LUT| Bits| Const Bits|
    +-------------------------+----+----+-----+-----------+
    |ap_CS_fsm                |   1|   0|    1|          0|
    |ap_done_reg              |   1|   0|    1|          0|
    |ap_enable_reg_pp0_iter1  |   1|   0|    1|          0|
    |i_fu_52                  |  12|   0|   12|          0|
    |tmp_data_V_reg_114       |   8|   0|    8|          0|
    +-------------------------+----+----+-----+-----------+
    |Total                    |  23|   0|   23|          0|
    +-------------------------+----+----+-----+-----------+



================================================================
== Interface
================================================================
* Summary: 
+------------------------------+-----+-----+------------+----------------+--------------+
|           RTL Ports          | Dir | Bits|  Protocol  |  Source Object |    C Type    |
+------------------------------+-----+-----+------------+----------------+--------------+
|ap_clk                        |   in|    1|  ap_ctrl_hs|  axis_to_apuint|  return value|
|ap_rst                        |   in|    1|  ap_ctrl_hs|  axis_to_apuint|  return value|
|ap_start                      |   in|    1|  ap_ctrl_hs|  axis_to_apuint|  return value|
|ap_done                       |  out|    1|  ap_ctrl_hs|  axis_to_apuint|  return value|
|ap_continue                   |   in|    1|  ap_ctrl_hs|  axis_to_apuint|  return value|
|ap_idle                       |  out|    1|  ap_ctrl_hs|  axis_to_apuint|  return value|
|ap_ready                      |  out|    1|  ap_ctrl_hs|  axis_to_apuint|  return value|
|in_r_TVALID                   |   in|    1|        axis|   in_r_V_last_V|       pointer|
|in_r_TREADY                   |  out|    1|        axis|   in_r_V_last_V|       pointer|
|in_r_TLAST                    |   in|    1|        axis|   in_r_V_last_V|       pointer|
|input_stream1_din             |  out|    8|     ap_fifo|   input_stream1|       pointer|
|input_stream1_num_data_valid  |   in|    2|     ap_fifo|   input_stream1|       pointer|
|input_stream1_fifo_cap        |   in|    2|     ap_fifo|   input_stream1|       pointer|
|input_stream1_full_n          |   in|    1|     ap_fifo|   input_stream1|       pointer|
|input_stream1_write           |  out|    1|     ap_fifo|   input_stream1|       pointer|
|in_r_TDATA                    |   in|    8|        axis|   in_r_V_data_V|       pointer|
|in_r_TKEEP                    |   in|    1|        axis|   in_r_V_keep_V|       pointer|
|in_r_TSTRB                    |   in|    1|        axis|   in_r_V_strb_V|       pointer|
+------------------------------+-----+-----+------------+----------------+--------------+

