

================================================================
== Vitis HLS Report for 'BATCHNORM_tiled_quantized_17_192_1_16_ap_int_8_ap_int_8_s'
================================================================
* Date:           Thu Jun 18 11:11:50 2026

* Version:        2022.2 (Build 3670227 on Oct 13 2022)
* Project:        ViT_Block
* Solution:       ViT_Block (Vivado IP Flow Target)
* Product family: virtexuplus
* Target device:  xcu250-figd2104-2L-e


================================================================
== Performance Estimates
================================================================
+ Timing: 
    * Summary: 
    +--------+----------+----------+------------+
    |  Clock |  Target  | Estimated| Uncertainty|
    +--------+----------+----------+------------+
    |ap_clk  |  10.00 ns|  4.027 ns|     2.70 ns|
    +--------+----------+----------+------------+

+ Latency: 
    * Summary: 
    +---------+---------+-----------+-----------+------+------+---------+
    |  Latency (cycles) |   Latency (absolute)  |   Interval  | Pipeline|
    |   min   |   max   |    min    |    max    |  min |  max |   Type  |
    +---------+---------+-----------+-----------+------+------+---------+
    |     3269|     3269|  32.690 us|  32.690 us|  3269|  3269|       no|
    +---------+---------+-----------+-----------+------+------+---------+

    + Detail: 
        * Instance: 
        N/A

        * Loop: 
        +-------------------------------------+---------+---------+----------+-----------+-----------+------+----------+
        |                                     |  Latency (cycles) | Iteration|  Initiation Interval  | Trip |          |
        |              Loop Name              |   min   |   max   |  Latency |  achieved |   target  | Count| Pipelined|
        +-------------------------------------+---------+---------+----------+-----------+-----------+------+----------+
        |- VITIS_LOOP_185_1_VITIS_LOOP_186_2  |     3267|     3267|         5|          1|          1|  3264|       yes|
        +-------------------------------------+---------+---------+----------+-----------+-----------+------+----------+



================================================================
== Utilization Estimates
================================================================
* Summary: 
+---------------------+---------+-------+---------+---------+------+
|         Name        | BRAM_18K|  DSP  |    FF   |   LUT   | URAM |
+---------------------+---------+-------+---------+---------+------+
|DSP                  |        -|      1|        -|        -|     -|
|Expression           |        -|      -|        0|      217|     -|
|FIFO                 |        -|      -|        -|        -|     -|
|Instance             |        -|      -|        -|        -|     -|
|Memory               |        2|      -|        0|        0|     -|
|Multiplexer          |        -|      -|        -|       72|     -|
|Register             |        -|      -|      124|       32|     -|
+---------------------+---------+-------+---------+---------+------+
|Total                |        2|      1|      124|      321|     0|
+---------------------+---------+-------+---------+---------+------+
|Available SLR        |     1344|   3072|   864000|   432000|   320|
+---------------------+---------+-------+---------+---------+------+
|Utilization SLR (%)  |       ~0|     ~0|       ~0|       ~0|     0|
+---------------------+---------+-------+---------+---------+------+
|Available            |     5376|  12288|  3456000|  1728000|  1280|
+---------------------+---------+-------+---------+---------+------+
|Utilization (%)      |       ~0|     ~0|       ~0|       ~0|     0|
+---------------------+---------+-------+---------+---------+------+

+ Detail: 
    * Instance: 
    N/A

    * DSP: 
    +----------------------------+------------------------+-----------+
    |          Instance          |         Module         | Expression|
    +----------------------------+------------------------+-----------+
    |mul_mul_15ns_8s_23_4_1_U13  |mul_mul_15ns_8s_23_4_1  |    i0 * i1|
    +----------------------------+------------------------+-----------+

    * Memory: 
    +-------------+---------------------------------------------------------------------------------+---------+---+----+-----+------+-----+------+-------------+
    |    Memory   |                                      Module                                     | BRAM_18K| FF| LUT| URAM| Words| Bits| Banks| W*Bits*Banks|
    +-------------+---------------------------------------------------------------------------------+---------+---+----+-----+------+-----+------+-------------+
    |bn0_add_1_U  |BATCHNORM_tiled_quantized_17_192_1_16_ap_int_8_ap_int_8_s_bn0_add_1_ROM_AUTO_1R  |        1|  0|   0|    0|   192|   23|     1|         4416|
    |bn0_mul_1_U  |BATCHNORM_tiled_quantized_17_192_1_16_ap_int_8_ap_int_8_s_bn0_mul_1_ROM_AUTO_1R  |        1|  0|   0|    0|   192|   15|     1|         2880|
    +-------------+---------------------------------------------------------------------------------+---------+---+----+-----+------+-----+------+-------------+
    |Total        |                                                                                 |        2|  0|   0|    0|   384|   38|     2|         7296|
    +-------------+---------------------------------------------------------------------------------+---------+---+----+-----+------+-----+------+-------------+

    * FIFO: 
    N/A

    * Expression: 
    +----------------------------------+----------+----+---+----+------------+------------+
    |           Variable Name          | Operation| DSP| FF| LUT| Bitwidth P0| Bitwidth P1|
    +----------------------------------+----------+----+---+----+------------+------------+
    |acc_V_fu_186_p2                   |         +|   0|  0|  31|          24|          24|
    |add_ln185_fu_128_p2               |         +|   0|  0|  19|          12|           1|
    |add_ln186_fu_157_p2               |         +|   0|  0|  15|           8|           1|
    |add_ln35_fu_200_p2                |         +|   0|  0|  30|          23|          23|
    |ret_V_fu_204_p2                   |         +|   0|  0|  30|          23|          16|
    |ret_V_24_fu_224_p2                |         -|   0|  0|  30|          16|          23|
    |sub_ln223_fu_244_p2               |         -|   0|  0|  15|           1|           8|
    |ap_condition_140                  |       and|   0|  0|   2|           1|           1|
    |icmp_ln185_fu_122_p2              |      icmp|   0|  0|  12|          12|          11|
    |icmp_ln186_fu_137_p2              |      icmp|   0|  0|  11|           8|           8|
    |ap_block_pp0_stage0_01001         |        or|   0|  0|   2|           1|           1|
    |ap_block_state1_pp0_stage0_iter0  |        or|   0|  0|   2|           1|           1|
    |norm_out4_din                     |    select|   0|  0|   8|           1|           8|
    |select_ln185_fu_143_p3            |    select|   0|  0|   8|           1|           1|
    |ap_enable_pp0                     |       xor|   0|  0|   2|           1|           2|
    +----------------------------------+----------+----+---+----+------------+------------+
    |Total                             |          |   0|  0| 217|         133|         129|
    +----------------------------------+----------+----+---+----+------------+------------+

    * Multiplexer: 
    +--------------------------------------+----+-----------+-----+-----------+
    |                 Name                 | LUT| Input Size| Bits| Total Bits|
    +--------------------------------------+----+-----------+-----+-----------+
    |ap_done_int                           |   9|          2|    1|          2|
    |ap_enable_reg_pp0_iter1               |   9|          2|    1|          2|
    |ap_sig_allocacmp_c_load               |   9|          2|    8|         16|
    |ap_sig_allocacmp_indvar_flatten_load  |   9|          2|   12|         24|
    |c_fu_62                               |   9|          2|    8|         16|
    |indvar_flatten_fu_66                  |   9|          2|   12|         24|
    |norm_out4_blk_n                       |   9|          2|    1|          2|
    |x13_blk_n                             |   9|          2|    1|          2|
    +--------------------------------------+----+-----------+-----+-----------+
    |Total                                 |  72|         16|   44|         88|
    +--------------------------------------+----+-----------+-----+-----------+

    * Register: 
    +----------------------------------+----+----+-----+-----------+
    |               Name               | FF | LUT| Bits| Const Bits|
    +----------------------------------+----+----+-----+-----------+
    |ap_CS_fsm                         |   1|   0|    1|          0|
    |ap_done_reg                       |   1|   0|    1|          0|
    |ap_enable_reg_pp0_iter1           |   1|   0|    1|          0|
    |ap_enable_reg_pp0_iter2           |   1|   0|    1|          0|
    |ap_enable_reg_pp0_iter3           |   1|   0|    1|          0|
    |ap_enable_reg_pp0_iter4           |   1|   0|    1|          0|
    |ap_loop_exit_ready_pp0_iter1_reg  |   1|   0|    1|          0|
    |ap_loop_exit_ready_pp0_iter2_reg  |   1|   0|    1|          0|
    |ap_loop_exit_ready_pp0_iter3_reg  |   1|   0|    1|          0|
    |bn0_add_1_load_reg_310            |  23|   0|   23|          0|
    |c_fu_62                           |   8|   0|    8|          0|
    |in_word_V_reg_285                 |   8|   0|    8|          0|
    |indvar_flatten_fu_66              |  12|   0|   12|          0|
    |bn0_add_1_load_reg_310            |  64|  32|   23|          0|
    +----------------------------------+----+----+-----+-----------+
    |Total                             | 124|  32|   83|          0|
    +----------------------------------+----+----+-----+-----------+



================================================================
== Interface
================================================================
* Summary: 
+--------------------------+-----+-----+------------+------------------------------------------------------------------+--------------+
|         RTL Ports        | Dir | Bits|  Protocol  |                           Source Object                          |    C Type    |
+--------------------------+-----+-----+------------+------------------------------------------------------------------+--------------+
|ap_clk                    |   in|    1|  ap_ctrl_hs|  BATCHNORM_tiled_quantized<17, 192, 1, 16, ap_int<8>, ap_int<8> >|  return value|
|ap_rst                    |   in|    1|  ap_ctrl_hs|  BATCHNORM_tiled_quantized<17, 192, 1, 16, ap_int<8>, ap_int<8> >|  return value|
|ap_start                  |   in|    1|  ap_ctrl_hs|  BATCHNORM_tiled_quantized<17, 192, 1, 16, ap_int<8>, ap_int<8> >|  return value|
|ap_done                   |  out|    1|  ap_ctrl_hs|  BATCHNORM_tiled_quantized<17, 192, 1, 16, ap_int<8>, ap_int<8> >|  return value|
|ap_continue               |   in|    1|  ap_ctrl_hs|  BATCHNORM_tiled_quantized<17, 192, 1, 16, ap_int<8>, ap_int<8> >|  return value|
|ap_idle                   |  out|    1|  ap_ctrl_hs|  BATCHNORM_tiled_quantized<17, 192, 1, 16, ap_int<8>, ap_int<8> >|  return value|
|ap_ready                  |  out|    1|  ap_ctrl_hs|  BATCHNORM_tiled_quantized<17, 192, 1, 16, ap_int<8>, ap_int<8> >|  return value|
|x13_dout                  |   in|    8|     ap_fifo|                                                               x13|       pointer|
|x13_num_data_valid        |   in|    2|     ap_fifo|                                                               x13|       pointer|
|x13_fifo_cap              |   in|    2|     ap_fifo|                                                               x13|       pointer|
|x13_empty_n               |   in|    1|     ap_fifo|                                                               x13|       pointer|
|x13_read                  |  out|    1|     ap_fifo|                                                               x13|       pointer|
|norm_out4_din             |  out|    8|     ap_fifo|                                                         norm_out4|       pointer|
|norm_out4_num_data_valid  |   in|    2|     ap_fifo|                                                         norm_out4|       pointer|
|norm_out4_fifo_cap        |   in|    2|     ap_fifo|                                                         norm_out4|       pointer|
|norm_out4_full_n          |   in|    1|     ap_fifo|                                                         norm_out4|       pointer|
|norm_out4_write           |  out|    1|     ap_fifo|                                                         norm_out4|       pointer|
+--------------------------+-----+-----+------------+------------------------------------------------------------------+--------------+

