

================================================================
== Vitis HLS Report for 'BatchNorm_tiled_1'
================================================================
* Date:           Thu Jun 18 11:12:10 2026

* Version:        2022.2 (Build 3670227 on Oct 13 2022)
* Project:        ViT_Block
* Solution:       ViT_Block (Vivado IP Flow Target)
* Product family: virtexuplus
* Target device:  xcu250-figd2104-2L-e


================================================================
== Performance Estimates
================================================================
+ Timing: 
    * Summary: 
    +--------+----------+----------+------------+
    |  Clock |  Target  | Estimated| Uncertainty|
    +--------+----------+----------+------------+
    |ap_clk  |  10.00 ns|  4.934 ns|     2.70 ns|
    +--------+----------+----------+------------+

+ Latency: 
    * Summary: 
    +---------+---------+-----------+-----------+------+------+---------+
    |  Latency (cycles) |   Latency (absolute)  |   Interval  | Pipeline|
    |   min   |   max   |    min    |    max    |  min |  max |   Type  |
    +---------+---------+-----------+-----------+------+------+---------+
    |     3269|     3269|  32.690 us|  32.690 us|  3269|  3269|       no|
    +---------+---------+-----------+-----------+------+------+---------+

    + Detail: 
        * Instance: 
        N/A

        * Loop: 
        +-------------------------------------+---------+---------+----------+-----------+-----------+------+----------+
        |                                     |  Latency (cycles) | Iteration|  Initiation Interval  | Trip |          |
        |              Loop Name              |   min   |   max   |  Latency |  achieved |   target  | Count| Pipelined|
        +-------------------------------------+---------+---------+----------+-----------+-----------+------+----------+
        |- VITIS_LOOP_185_1_VITIS_LOOP_186_2  |     3267|     3267|         5|          1|          1|  3264|       yes|
        +-------------------------------------+---------+---------+----------+-----------+-----------+------+----------+



================================================================
== Utilization Estimates
================================================================
* Summary: 
+---------------------+---------+-------+---------+---------+------+
|         Name        | BRAM_18K|  DSP  |    FF   |   LUT   | URAM |
+---------------------+---------+-------+---------+---------+------+
|DSP                  |        -|      1|        -|        -|     -|
|Expression           |        -|      -|        0|      259|     -|
|FIFO                 |        -|      -|        -|        -|     -|
|Instance             |        -|      -|        -|        -|     -|
|Memory               |        2|      -|        0|        0|     -|
|Multiplexer          |        -|      -|        -|       72|     -|
|Register             |        -|      -|      116|       32|     -|
+---------------------+---------+-------+---------+---------+------+
|Total                |        2|      1|      116|      363|     0|
+---------------------+---------+-------+---------+---------+------+
|Available SLR        |     1344|   3072|   864000|   432000|   320|
+---------------------+---------+-------+---------+---------+------+
|Utilization SLR (%)  |       ~0|     ~0|       ~0|       ~0|     0|
+---------------------+---------+-------+---------+---------+------+
|Available            |     5376|  12288|  3456000|  1728000|  1280|
+---------------------+---------+-------+---------+---------+------+
|Utilization (%)      |       ~0|     ~0|       ~0|       ~0|     0|
+---------------------+---------+-------+---------+---------+------+

+ Detail: 
    * Instance: 
    N/A

    * DSP: 
    +-----------------------------+------------------------+-----------+
    |           Instance          |         Module         | Expression|
    +-----------------------------+------------------------+-----------+
    |mul_mul_16ns_8s_24_4_1_U718  |mul_mul_16ns_8s_24_4_1  |    i0 * i1|
    +-----------------------------+------------------------+-----------+

    * Memory: 
    +-------------+-----------------------------------------+---------+---+----+-----+------+-----+------+-------------+
    |    Memory   |                  Module                 | BRAM_18K| FF| LUT| URAM| Words| Bits| Banks| W*Bits*Banks|
    +-------------+-----------------------------------------+---------+---+----+-----+------+-----+------+-------------+
    |bn1_add_1_U  |BatchNorm_tiled_1_bn1_add_1_ROM_AUTO_1R  |        1|  0|   0|    0|   192|   23|     1|         4416|
    |bn1_mul_1_U  |BatchNorm_tiled_1_bn1_mul_1_ROM_AUTO_1R  |        1|  0|   0|    0|   192|   16|     1|         3072|
    +-------------+-----------------------------------------+---------+---+----+-----+------+-----+------+-------------+
    |Total        |                                         |        2|  0|   0|    0|   384|   39|     2|         7488|
    +-------------+-----------------------------------------+---------+---+----+-----+------+-----+------+-------------+

    * FIFO: 
    N/A

    * Expression: 
    +---------------------------+----------+----+---+----+------------+------------+
    |       Variable Name       | Operation| DSP| FF| LUT| Bitwidth P0| Bitwidth P1|
    +---------------------------+----------+----+---+----+------------+------------+
    |acc_V_fu_206_p2            |         +|   0|  0|  32|          25|          25|
    |add_ln185_fu_144_p2        |         +|   0|  0|  19|          12|           1|
    |add_ln186_fu_173_p2        |         +|   0|  0|  15|           8|           1|
    |add_ln35_fu_220_p2         |         +|   0|  0|  31|          24|          24|
    |ret_V_fu_225_p2            |         +|   0|  0|  31|          24|          16|
    |ret_V_23_fu_245_p2         |         -|   0|  0|  31|          16|          24|
    |rq_V_fu_265_p2             |         -|   0|  0|  16|           1|           9|
    |ap_condition_139           |       and|   0|  0|   2|           1|           1|
    |icmp_ln1027_fu_295_p2      |      icmp|   0|  0|  11|           9|           9|
    |icmp_ln1035_fu_289_p2      |      icmp|   0|  0|   8|           2|           1|
    |icmp_ln185_fu_138_p2       |      icmp|   0|  0|  12|          12|          11|
    |icmp_ln186_fu_153_p2       |      icmp|   0|  0|  11|           8|           8|
    |ap_block_pp0_stage0_01001  |        or|   0|  0|   2|           1|           1|
    |or_ln223_fu_313_p2         |        or|   0|  0|   2|           1|           1|
    |norm_out_113_din           |    select|   0|  0|   8|           1|           8|
    |rq_V_22_fu_271_p3          |    select|   0|  0|   9|           1|           9|
    |select_ln185_fu_159_p3     |    select|   0|  0|   8|           1|           1|
    |select_ln223_fu_305_p3     |    select|   0|  0|   9|           1|           7|
    |ap_enable_pp0              |       xor|   0|  0|   2|           1|           2|
    +---------------------------+----------+----+---+----+------------+------------+
    |Total                      |          |   0|  0| 259|         149|         159|
    +---------------------------+----------+----+---+----+------------+------------+

    * Multiplexer: 
    +--------------------------------------+----+-----------+-----+-----------+
    |                 Name                 | LUT| Input Size| Bits| Total Bits|
    +--------------------------------------+----+-----------+-----+-----------+
    |ap_done_int                           |   9|          2|    1|          2|
    |ap_enable_reg_pp0_iter1               |   9|          2|    1|          2|
    |ap_sig_allocacmp_c_load               |   9|          2|    8|         16|
    |ap_sig_allocacmp_indvar_flatten_load  |   9|          2|   12|         24|
    |c_fu_78                               |   9|          2|    8|         16|
    |indvar_flatten_fu_82                  |   9|          2|   12|         24|
    |norm_out_113_blk_n                    |   9|          2|    1|          2|
    |x212_blk_n                            |   9|          2|    1|          2|
    +--------------------------------------+----+-----------+-----+-----------+
    |Total                                 |  72|         16|   44|         88|
    +--------------------------------------+----+-----------+-----+-----------+

    * Register: 
    +----------------------------------+----+----+-----+-----------+
    |               Name               | FF | LUT| Bits| Const Bits|
    +----------------------------------+----+----+-----+-----------+
    |ap_CS_fsm                         |   1|   0|    1|          0|
    |ap_done_reg                       |   1|   0|    1|          0|
    |ap_enable_reg_pp0_iter1           |   1|   0|    1|          0|
    |ap_enable_reg_pp0_iter2           |   1|   0|    1|          0|
    |ap_enable_reg_pp0_iter3           |   1|   0|    1|          0|
    |ap_enable_reg_pp0_iter4           |   1|   0|    1|          0|
    |ap_loop_exit_ready_pp0_iter1_reg  |   1|   0|    1|          0|
    |ap_loop_exit_ready_pp0_iter2_reg  |   1|   0|    1|          0|
    |ap_loop_exit_ready_pp0_iter3_reg  |   1|   0|    1|          0|
    |bn1_add_1_load_reg_374            |  23|   0|   23|          0|
    |c_fu_78                           |   8|   0|    8|          0|
    |indvar_flatten_fu_82              |  12|   0|   12|          0|
    |bn1_add_1_load_reg_374            |  64|  32|   23|          0|
    +----------------------------------+----+----+-----+-----------+
    |Total                             | 116|  32|   75|          0|
    +----------------------------------+----+----+-----+-----------+



================================================================
== Interface
================================================================
* Summary: 
+-----------------------------+-----+-----+------------+-------------------+--------------+
|          RTL Ports          | Dir | Bits|  Protocol  |   Source Object   |    C Type    |
+-----------------------------+-----+-----+------------+-------------------+--------------+
|ap_clk                       |   in|    1|  ap_ctrl_hs|  BatchNorm_tiled_1|  return value|
|ap_rst                       |   in|    1|  ap_ctrl_hs|  BatchNorm_tiled_1|  return value|
|ap_start                     |   in|    1|  ap_ctrl_hs|  BatchNorm_tiled_1|  return value|
|ap_done                      |  out|    1|  ap_ctrl_hs|  BatchNorm_tiled_1|  return value|
|ap_continue                  |   in|    1|  ap_ctrl_hs|  BatchNorm_tiled_1|  return value|
|ap_idle                      |  out|    1|  ap_ctrl_hs|  BatchNorm_tiled_1|  return value|
|ap_ready                     |  out|    1|  ap_ctrl_hs|  BatchNorm_tiled_1|  return value|
|x212_dout                    |   in|    8|     ap_fifo|               x212|       pointer|
|x212_num_data_valid          |   in|    2|     ap_fifo|               x212|       pointer|
|x212_fifo_cap                |   in|    2|     ap_fifo|               x212|       pointer|
|x212_empty_n                 |   in|    1|     ap_fifo|               x212|       pointer|
|x212_read                    |  out|    1|     ap_fifo|               x212|       pointer|
|norm_out_113_din             |  out|    8|     ap_fifo|       norm_out_113|       pointer|
|norm_out_113_num_data_valid  |   in|    2|     ap_fifo|       norm_out_113|       pointer|
|norm_out_113_fifo_cap        |   in|    2|     ap_fifo|       norm_out_113|       pointer|
|norm_out_113_full_n          |   in|    1|     ap_fifo|       norm_out_113|       pointer|
|norm_out_113_write           |  out|    1|     ap_fifo|       norm_out_113|       pointer|
+-----------------------------+-----+-----+------------+-------------------+--------------+

