

================================================================
== Vitis HLS Report for 'duplicate_stream_ap_int_8_17_192_1_1'
================================================================
* Date:           Thu Jun 18 11:12:09 2026

* Version:        2022.2 (Build 3670227 on Oct 13 2022)
* Project:        ViT_Block
* Solution:       ViT_Block (Vivado IP Flow Target)
* Product family: virtexuplus
* Target device:  xcu250-figd2104-2L-e


================================================================
== Performance Estimates
================================================================
+ Timing: 
    * Summary: 
    +--------+----------+----------+------------+
    |  Clock |  Target  | Estimated| Uncertainty|
    +--------+----------+----------+------------+
    |ap_clk  |  10.00 ns|  2.730 ns|     2.70 ns|
    +--------+----------+----------+------------+

+ Latency: 
    * Summary: 
    +---------+---------+-----------+-----------+------+------+---------+
    |  Latency (cycles) |   Latency (absolute)  |   Interval  | Pipeline|
    |   min   |   max   |    min    |    max    |  min |  max |   Type  |
    +---------+---------+-----------+-----------+------+------+---------+
    |     3266|     3266|  32.660 us|  32.660 us|  3266|  3266|       no|
    +---------+---------+-----------+-----------+------+------+---------+

    + Detail: 
        * Instance: 
        N/A

        * Loop: 
        +-------------------+---------+---------+----------+-----------+-----------+------+----------+
        |                   |  Latency (cycles) | Iteration|  Initiation Interval  | Trip |          |
        |     Loop Name     |   min   |   max   |  Latency |  achieved |   target  | Count| Pipelined|
        +-------------------+---------+---------+----------+-----------+-----------+------+----------+
        |- VITIS_LOOP_20_1  |     3264|     3264|         2|          1|          1|  3264|       yes|
        +-------------------+---------+---------+----------+-----------+-----------+------+----------+



================================================================
== Utilization Estimates
================================================================
* Summary: 
+---------------------+---------+-------+---------+---------+------+
|         Name        | BRAM_18K|  DSP  |    FF   |   LUT   | URAM |
+---------------------+---------+-------+---------+---------+------+
|DSP                  |        -|      -|        -|        -|     -|
|Expression           |        -|      -|        0|       39|     -|
|FIFO                 |        -|      -|        -|        -|     -|
|Instance             |        -|      -|        -|        -|     -|
|Memory               |        -|      -|        -|        -|     -|
|Multiplexer          |        -|      -|        -|       72|     -|
|Register             |        -|      -|       16|        -|     -|
+---------------------+---------+-------+---------+---------+------+
|Total                |        0|      0|       16|      111|     0|
+---------------------+---------+-------+---------+---------+------+
|Available SLR        |     1344|   3072|   864000|   432000|   320|
+---------------------+---------+-------+---------+---------+------+
|Utilization SLR (%)  |        0|      0|       ~0|       ~0|     0|
+---------------------+---------+-------+---------+---------+------+
|Available            |     5376|  12288|  3456000|  1728000|  1280|
+---------------------+---------+-------+---------+---------+------+
|Utilization (%)      |        0|      0|       ~0|       ~0|     0|
+---------------------+---------+-------+---------+---------+------+

+ Detail: 
    * Instance: 
    N/A

    * DSP: 
    N/A

    * Memory: 
    N/A

    * FIFO: 
    N/A

    * Expression: 
    +----------------------------------+----------+----+---+----+------------+------------+
    |           Variable Name          | Operation| DSP| FF| LUT| Bitwidth P0| Bitwidth P1|
    +----------------------------------+----------+----+---+----+------------+------------+
    |i_20_fu_78_p2                     |         +|   0|  0|  19|          12|           1|
    |ap_condition_110                  |       and|   0|  0|   2|           1|           1|
    |icmp_ln20_fu_72_p2                |      icmp|   0|  0|  12|          12|          11|
    |ap_block_pp0_stage0_01001         |        or|   0|  0|   2|           1|           1|
    |ap_block_state2_pp0_stage0_iter1  |        or|   0|  0|   2|           1|           1|
    |ap_enable_pp0                     |       xor|   0|  0|   2|           1|           2|
    +----------------------------------+----------+----+---+----+------------+------------+
    |Total                             |          |   0|  0|  39|          28|          17|
    +----------------------------------+----------+----+---+----+------------+------------+

    * Multiplexer: 
    +-------------------------+----+-----------+-----+-----------+
    |           Name          | LUT| Input Size| Bits| Total Bits|
    +-------------------------+----+-----------+-----+-----------+
    |ap_done_int              |   9|          2|    1|          2|
    |ap_enable_reg_pp0_iter1  |   9|          2|    1|          2|
    |ap_sig_allocacmp_i       |   9|          2|   12|         24|
    |i_02_fu_38               |   9|          2|   12|         24|
    |out_res_09_blk_n         |   9|          2|    1|          2|
    |real_start               |   9|          2|    1|          2|
    |res_110_blk_n            |   9|          2|    1|          2|
    |x212_blk_n               |   9|          2|    1|          2|
    +-------------------------+----+-----------+-----+-----------+
    |Total                    |  72|         16|   30|         60|
    +-------------------------+----+-----------+-----+-----------+

    * Register: 
    +-------------------------+----+----+-----+-----------+
    |           Name          | FF | LUT| Bits| Const Bits|
    +-------------------------+----+----+-----+-----------+
    |ap_CS_fsm                |   1|   0|    1|          0|
    |ap_done_reg              |   1|   0|    1|          0|
    |ap_enable_reg_pp0_iter1  |   1|   0|    1|          0|
    |i_02_fu_38               |  12|   0|   12|          0|
    |start_once_reg           |   1|   0|    1|          0|
    +-------------------------+----+----+-----+-----------+
    |Total                    |  16|   0|   16|          0|
    +-------------------------+----+----+-----+-----------+



================================================================
== Interface
================================================================
* Summary: 
+---------------------------+-----+-----+------------+-------------------------------------------+--------------+
|         RTL Ports         | Dir | Bits|  Protocol  |               Source Object               |    C Type    |
+---------------------------+-----+-----+------------+-------------------------------------------+--------------+
|ap_clk                     |   in|    1|  ap_ctrl_hs|  duplicate_stream<ap_int<8>, 17, 192, 1>.1|  return value|
|ap_rst                     |   in|    1|  ap_ctrl_hs|  duplicate_stream<ap_int<8>, 17, 192, 1>.1|  return value|
|ap_start                   |   in|    1|  ap_ctrl_hs|  duplicate_stream<ap_int<8>, 17, 192, 1>.1|  return value|
|start_full_n               |   in|    1|  ap_ctrl_hs|  duplicate_stream<ap_int<8>, 17, 192, 1>.1|  return value|
|ap_done                    |  out|    1|  ap_ctrl_hs|  duplicate_stream<ap_int<8>, 17, 192, 1>.1|  return value|
|ap_continue                |   in|    1|  ap_ctrl_hs|  duplicate_stream<ap_int<8>, 17, 192, 1>.1|  return value|
|ap_idle                    |  out|    1|  ap_ctrl_hs|  duplicate_stream<ap_int<8>, 17, 192, 1>.1|  return value|
|ap_ready                   |  out|    1|  ap_ctrl_hs|  duplicate_stream<ap_int<8>, 17, 192, 1>.1|  return value|
|start_out                  |  out|    1|  ap_ctrl_hs|  duplicate_stream<ap_int<8>, 17, 192, 1>.1|  return value|
|start_write                |  out|    1|  ap_ctrl_hs|  duplicate_stream<ap_int<8>, 17, 192, 1>.1|  return value|
|out_res_09_dout            |   in|    8|     ap_fifo|                                 out_res_09|       pointer|
|out_res_09_num_data_valid  |   in|    2|     ap_fifo|                                 out_res_09|       pointer|
|out_res_09_fifo_cap        |   in|    2|     ap_fifo|                                 out_res_09|       pointer|
|out_res_09_empty_n         |   in|    1|     ap_fifo|                                 out_res_09|       pointer|
|out_res_09_read            |  out|    1|     ap_fifo|                                 out_res_09|       pointer|
|res_110_din                |  out|    8|     ap_fifo|                                    res_110|       pointer|
|res_110_num_data_valid     |   in|   13|     ap_fifo|                                    res_110|       pointer|
|res_110_fifo_cap           |   in|   13|     ap_fifo|                                    res_110|       pointer|
|res_110_full_n             |   in|    1|     ap_fifo|                                    res_110|       pointer|
|res_110_write              |  out|    1|     ap_fifo|                                    res_110|       pointer|
|x212_din                   |  out|    8|     ap_fifo|                                       x212|       pointer|
|x212_num_data_valid        |   in|    2|     ap_fifo|                                       x212|       pointer|
|x212_fifo_cap              |   in|    2|     ap_fifo|                                       x212|       pointer|
|x212_full_n                |   in|    1|     ap_fifo|                                       x212|       pointer|
|x212_write                 |  out|    1|     ap_fifo|                                       x212|       pointer|
+---------------------------+-----+-----+------------+-------------------------------------------+--------------+

