

================================================================
== Vitis HLS Report for 'Linear_Layer_2'
================================================================
* Date:           Thu Jun 18 11:12:05 2026

* Version:        2022.2 (Build 3670227 on Oct 13 2022)
* Project:        ViT_Block
* Solution:       ViT_Block (Vivado IP Flow Target)
* Product family: virtexuplus
* Target device:  xcu250-figd2104-2L-e


================================================================
== Performance Estimates
================================================================
+ Timing: 
    * Summary: 
    +--------+----------+----------+------------+
    |  Clock |  Target  | Estimated| Uncertainty|
    +--------+----------+----------+------------+
    |ap_clk  |  10.00 ns|  4.578 ns|     2.70 ns|
    +--------+----------+----------+------------+

+ Latency: 
    * Summary: 
    +---------+---------+----------+----------+--------+--------+---------+
    |  Latency (cycles) |  Latency (absolute) |     Interval    | Pipeline|
    |   min   |   max   |    min   |    max   |   min  |   max  |   Type  |
    +---------+---------+----------+----------+--------+--------+---------+
    |   659482|   659482|  6.595 ms|  6.595 ms|  659482|  659482|       no|
    +---------+---------+----------+----------+--------+--------+---------+

    + Detail: 
        * Instance: 
        +------------------------------------------------------+--------------------------------------------+---------+---------+----------+----------+-----+-----+---------+
        |                                                      |                                            |  Latency (cycles) |  Latency (absolute) |  Interval | Pipeline|
        |                       Instance                       |                   Module                   |   min   |   max   |    min   |    max   | min | max |   Type  |
        +------------------------------------------------------+--------------------------------------------+---------+---------+----------+----------+-----+-----+---------+
        |grp_Linear_Layer_2_Pipeline_VITIS_LOOP_1512_2_fu_89   |Linear_Layer_2_Pipeline_VITIS_LOOP_1512_2   |      194|      194|  1.940 us|  1.940 us|  194|  194|       no|
        |grp_Linear_Layer_2_Pipeline_VITIS_LOOP_1588_17_fu_96  |Linear_Layer_2_Pipeline_VITIS_LOOP_1588_17  |      195|      195|  1.950 us|  1.950 us|  195|  195|       no|
        |grp_Linear_Layer_2_Pipeline_VITIS_LOOP_1540_9_fu_103  |Linear_Layer_2_Pipeline_VITIS_LOOP_1540_9   |      197|      197|  1.970 us|  1.970 us|  197|  197|       no|
        +------------------------------------------------------+--------------------------------------------+---------+---------+----------+----------+-----+-----+---------+

        * Loop: 
        +----------------------+---------+---------+----------+-----------+-----------+------+----------+
        |                      |  Latency (cycles) | Iteration|  Initiation Interval  | Trip |          |
        |       Loop Name      |   min   |   max   |  Latency |  achieved |   target  | Count| Pipelined|
        +----------------------+---------+---------+----------+-----------+-----------+------+----------+
        |- VITIS_LOOP_1509_1   |   659481|   659481|     38793|          -|          -|    17|        no|
        | + VITIS_LOOP_1525_6  |    38400|    38400|       200|          -|          -|   192|        no|
        +----------------------+---------+---------+----------+-----------+-----------+------+----------+



================================================================
== Utilization Estimates
================================================================
* Summary: 
+---------------------+---------+-------+---------+---------+------+
|         Name        | BRAM_18K|  DSP  |    FF   |   LUT   | URAM |
+---------------------+---------+-------+---------+---------+------+
|DSP                  |        -|      -|        -|        -|     -|
|Expression           |        -|      -|        0|       51|     -|
|FIFO                 |        -|      -|        -|        -|     -|
|Instance             |        1|      2|      137|      429|     -|
|Memory               |        1|      -|        0|        0|     -|
|Multiplexer          |        -|      -|        -|      174|     -|
|Register             |        -|      -|       45|        -|     -|
+---------------------+---------+-------+---------+---------+------+
|Total                |        2|      2|      182|      654|     0|
+---------------------+---------+-------+---------+---------+------+
|Available SLR        |     1344|   3072|   864000|   432000|   320|
+---------------------+---------+-------+---------+---------+------+
|Utilization SLR (%)  |       ~0|     ~0|       ~0|       ~0|     0|
+---------------------+---------+-------+---------+---------+------+
|Available            |     5376|  12288|  3456000|  1728000|  1280|
+---------------------+---------+-------+---------+---------+------+
|Utilization (%)      |       ~0|     ~0|       ~0|       ~0|     0|
+---------------------+---------+-------+---------+---------+------+

+ Detail: 
    * Instance: 
    +------------------------------------------------------+--------------------------------------------+---------+----+----+-----+-----+
    |                       Instance                       |                   Module                   | BRAM_18K| DSP| FF | LUT | URAM|
    +------------------------------------------------------+--------------------------------------------+---------+----+----+-----+-----+
    |grp_Linear_Layer_2_Pipeline_VITIS_LOOP_1512_2_fu_89   |Linear_Layer_2_Pipeline_VITIS_LOOP_1512_2   |        1|   0|  19|   64|    0|
    |grp_Linear_Layer_2_Pipeline_VITIS_LOOP_1540_9_fu_103  |Linear_Layer_2_Pipeline_VITIS_LOOP_1540_9   |        0|   1|  65|   75|    0|
    |grp_Linear_Layer_2_Pipeline_VITIS_LOOP_1588_17_fu_96  |Linear_Layer_2_Pipeline_VITIS_LOOP_1588_17  |        0|   1|  53|  290|    0|
    +------------------------------------------------------+--------------------------------------------+---------+----+----+-----+-----+
    |Total                                                 |                                            |        1|   2| 137|  429|    0|
    +------------------------------------------------------+--------------------------------------------+---------+----+----+-----+-----+

    * DSP: 
    N/A

    * Memory: 
    +------------+----------------------------------------------------------------------------------+---------+---+----+-----+------+-----+------+-------------+
    |   Memory   |                                      Module                                      | BRAM_18K| FF| LUT| URAM| Words| Bits| Banks| W*Bits*Banks|
    +------------+----------------------------------------------------------------------------------+---------+---+----+-----+------+-----+------+-------------+
    |C_tile_V_U  |Linear_Layer_17_192_192_1_1_1_1_1_1_98_16_0_ap_int_ap_int_ap_int_s_C_tile_V_Rbkb  |        1|  0|   0|    0|   192|   32|     1|         6144|
    +------------+----------------------------------------------------------------------------------+---------+---+----+-----+------+-----+------+-------------+
    |Total       |                                                                                  |        1|  0|   0|    0|   192|   32|     1|         6144|
    +------------+----------------------------------------------------------------------------------+---------+---+----+-----+------+-----+------+-------------+

    * FIFO: 
    N/A

    * Expression: 
    +-----------------------+----------+----+---+----+------------+------------+
    |     Variable Name     | Operation| DSP| FF| LUT| Bitwidth P0| Bitwidth P1|
    +-----------------------+----------+----+---+----+------------+------------+
    |k_11_fu_137_p2         |         +|   0|  0|  15|           8|           1|
    |m_35_fu_125_p2         |         +|   0|  0|  12|           5|           1|
    |ap_block_state4        |       and|   0|  0|   2|           1|           1|
    |icmp_ln1509_fu_119_p2  |      icmp|   0|  0|   9|           5|           5|
    |icmp_ln1525_fu_131_p2  |      icmp|   0|  0|  11|           8|           8|
    |ap_block_state1        |        or|   0|  0|   2|           1|           1|
    +-----------------------+----------+----+---+----+------------+------------+
    |Total                  |          |   0|  0|  51|          28|          17|
    +-----------------------+----------+----+---+----+------------+------------+

    * Multiplexer: 
    +-------------------+----+-----------+-----+-----------+
    |        Name       | LUT| Input Size| Bits| Total Bits|
    +-------------------+----+-----------+-----+-----------+
    |C_tile_V_address0  |  20|          4|    8|         32|
    |C_tile_V_ce0       |  20|          4|    1|          4|
    |C_tile_V_ce1       |   9|          2|    1|          2|
    |C_tile_V_d0        |  14|          3|   32|         96|
    |C_tile_V_we0       |  14|          3|    1|          3|
    |ap_NS_fsm          |  43|          8|    1|          8|
    |ap_done            |   9|          2|    1|          2|
    |k_reg_78           |   9|          2|    8|         16|
    |m_fu_64            |   9|          2|    5|         10|
    |out_linear4_blk_n  |   9|          2|    1|          2|
    |out_mha8_write     |   9|          2|    1|          2|
    |out_w1_read        |   9|          2|    1|          2|
    +-------------------+----+-----------+-----+-----------+
    |Total              | 174|         36|   61|        179|
    +-------------------+----+-----------+-----+-----------+

    * Register: 
    +-------------------------------------------------------------------+---+----+-----+-----------+
    |                                Name                               | FF| LUT| Bits| Const Bits|
    +-------------------------------------------------------------------+---+----+-----+-----------+
    |ap_CS_fsm                                                          |  7|   0|    7|          0|
    |ap_done_reg                                                        |  1|   0|    1|          0|
    |grp_Linear_Layer_2_Pipeline_VITIS_LOOP_1512_2_fu_89_ap_start_reg   |  1|   0|    1|          0|
    |grp_Linear_Layer_2_Pipeline_VITIS_LOOP_1540_9_fu_103_ap_start_reg  |  1|   0|    1|          0|
    |grp_Linear_Layer_2_Pipeline_VITIS_LOOP_1588_17_fu_96_ap_start_reg  |  1|   0|    1|          0|
    |k_11_reg_165                                                       |  8|   0|    8|          0|
    |k_reg_78                                                           |  8|   0|    8|          0|
    |m_35_reg_157                                                       |  5|   0|    5|          0|
    |m_fu_64                                                            |  5|   0|    5|          0|
    |val_V_reg_170                                                      |  8|   0|    8|          0|
    +-------------------------------------------------------------------+---+----+-----+-----------+
    |Total                                                              | 45|   0|   45|          0|
    +-------------------------------------------------------------------+---+----+-----+-----------+



================================================================
== Interface
================================================================
* Summary: 
+----------------------------+-----+-----+------------+----------------+--------------+
|          RTL Ports         | Dir | Bits|  Protocol  |  Source Object |    C Type    |
+----------------------------+-----+-----+------------+----------------+--------------+
|ap_clk                      |   in|    1|  ap_ctrl_hs|  Linear_Layer.2|  return value|
|ap_rst                      |   in|    1|  ap_ctrl_hs|  Linear_Layer.2|  return value|
|ap_start                    |   in|    1|  ap_ctrl_hs|  Linear_Layer.2|  return value|
|ap_done                     |  out|    1|  ap_ctrl_hs|  Linear_Layer.2|  return value|
|ap_continue                 |   in|    1|  ap_ctrl_hs|  Linear_Layer.2|  return value|
|ap_idle                     |  out|    1|  ap_ctrl_hs|  Linear_Layer.2|  return value|
|ap_ready                    |  out|    1|  ap_ctrl_hs|  Linear_Layer.2|  return value|
|out_linear4_dout            |   in|    8|     ap_fifo|     out_linear4|       pointer|
|out_linear4_num_data_valid  |   in|    2|     ap_fifo|     out_linear4|       pointer|
|out_linear4_fifo_cap        |   in|    2|     ap_fifo|     out_linear4|       pointer|
|out_linear4_empty_n         |   in|    1|     ap_fifo|     out_linear4|       pointer|
|out_linear4_read            |  out|    1|     ap_fifo|     out_linear4|       pointer|
|out_mha8_din                |  out|    8|     ap_fifo|        out_mha8|       pointer|
|out_mha8_num_data_valid     |   in|    2|     ap_fifo|        out_mha8|       pointer|
|out_mha8_fifo_cap           |   in|    2|     ap_fifo|        out_mha8|       pointer|
|out_mha8_full_n             |   in|    1|     ap_fifo|        out_mha8|       pointer|
|out_mha8_write              |  out|    1|     ap_fifo|        out_mha8|       pointer|
|out_w1_dout                 |   in|    8|     ap_fifo|          out_w1|       pointer|
|out_w1_num_data_valid       |   in|    7|     ap_fifo|          out_w1|       pointer|
|out_w1_fifo_cap             |   in|    7|     ap_fifo|          out_w1|       pointer|
|out_w1_empty_n              |   in|    1|     ap_fifo|          out_w1|       pointer|
|out_w1_read                 |  out|    1|     ap_fifo|          out_w1|       pointer|
+----------------------------+-----+-----+------------+----------------+--------------+

