

================================================================
== Vitis HLS Report for 'Linear_Layer_1'
================================================================
* Date:           Thu Jun 18 11:12:10 2026

* Version:        2022.2 (Build 3670227 on Oct 13 2022)
* Project:        ViT_Block
* Solution:       ViT_Block (Vivado IP Flow Target)
* Product family: virtexuplus
* Target device:  xcu250-figd2104-2L-e


================================================================
== Performance Estimates
================================================================
+ Timing: 
    * Summary: 
    +--------+----------+----------+------------+
    |  Clock |  Target  | Estimated| Uncertainty|
    +--------+----------+----------+------------+
    |ap_clk  |  10.00 ns|  4.570 ns|     2.70 ns|
    +--------+----------+----------+------------+

+ Latency: 
    * Summary: 
    +---------+---------+-----------+-----------+---------+---------+---------+
    |  Latency (cycles) |   Latency (absolute)  |      Interval     | Pipeline|
    |   min   |   max   |    min    |    max    |   min   |   max   |   Type  |
    +---------+---------+-----------+-----------+---------+---------+---------+
    |  2559130|  2559130|  25.591 ms|  25.591 ms|  2559130|  2559130|       no|
    +---------+---------+-----------+-----------+---------+---------+---------+

    + Detail: 
        * Instance: 
        +------------------------------------------------------+--------------------------------------------+---------+---------+----------+----------+-----+-----+---------+
        |                                                      |                                            |  Latency (cycles) |  Latency (absolute) |  Interval | Pipeline|
        |                       Instance                       |                   Module                   |   min   |   max   |    min   |    max   | min | max |   Type  |
        +------------------------------------------------------+--------------------------------------------+---------+---------+----------+----------+-----+-----+---------+
        |grp_Linear_Layer_1_Pipeline_VITIS_LOOP_1512_2_fu_89   |Linear_Layer_1_Pipeline_VITIS_LOOP_1512_2   |      770|      770|  7.700 us|  7.700 us|  770|  770|       no|
        |grp_Linear_Layer_1_Pipeline_VITIS_LOOP_1588_17_fu_96  |Linear_Layer_1_Pipeline_VITIS_LOOP_1588_17  |      771|      771|  7.710 us|  7.710 us|  771|  771|       no|
        |grp_Linear_Layer_1_Pipeline_VITIS_LOOP_1540_9_fu_103  |Linear_Layer_1_Pipeline_VITIS_LOOP_1540_9   |      773|      773|  7.730 us|  7.730 us|  773|  773|       no|
        +------------------------------------------------------+--------------------------------------------+---------+---------+----------+----------+-----+-----+---------+

        * Loop: 
        +----------------------+---------+---------+----------+-----------+-----------+------+----------+
        |                      |  Latency (cycles) | Iteration|  Initiation Interval  | Trip |          |
        |       Loop Name      |   min   |   max   |  Latency |  achieved |   target  | Count| Pipelined|
        +----------------------+---------+---------+----------+-----------+-----------+------+----------+
        |- VITIS_LOOP_1509_1   |  2559129|  2559129|    150537|          -|          -|    17|        no|
        | + VITIS_LOOP_1525_6  |   148992|   148992|       776|          -|          -|   192|        no|
        +----------------------+---------+---------+----------+-----------+-----------+------+----------+



================================================================
== Utilization Estimates
================================================================
* Summary: 
+---------------------+---------+-------+---------+---------+------+
|         Name        | BRAM_18K|  DSP  |    FF   |   LUT   | URAM |
+---------------------+---------+-------+---------+---------+------+
|DSP                  |        -|      -|        -|        -|     -|
|Expression           |        -|      -|        0|       51|     -|
|FIFO                 |        -|      -|        -|        -|     -|
|Instance             |        1|      2|      153|      435|     -|
|Memory               |        2|      -|        0|        0|     -|
|Multiplexer          |        -|      -|        -|      174|     -|
|Register             |        -|      -|       45|        -|     -|
+---------------------+---------+-------+---------+---------+------+
|Total                |        3|      2|      198|      660|     0|
+---------------------+---------+-------+---------+---------+------+
|Available SLR        |     1344|   3072|   864000|   432000|   320|
+---------------------+---------+-------+---------+---------+------+
|Utilization SLR (%)  |       ~0|     ~0|       ~0|       ~0|     0|
+---------------------+---------+-------+---------+---------+------+
|Available            |     5376|  12288|  3456000|  1728000|  1280|
+---------------------+---------+-------+---------+---------+------+
|Utilization (%)      |       ~0|     ~0|       ~0|       ~0|     0|
+---------------------+---------+-------+---------+---------+------+

+ Detail: 
    * Instance: 
    +------------------------------------------------------+--------------------------------------------+---------+----+----+-----+-----+
    |                       Instance                       |                   Module                   | BRAM_18K| DSP| FF | LUT | URAM|
    +------------------------------------------------------+--------------------------------------------+---------+----+----+-----+-----+
    |grp_Linear_Layer_1_Pipeline_VITIS_LOOP_1512_2_fu_89   |Linear_Layer_1_Pipeline_VITIS_LOOP_1512_2   |        1|   0|  23|   66|    0|
    |grp_Linear_Layer_1_Pipeline_VITIS_LOOP_1540_9_fu_103  |Linear_Layer_1_Pipeline_VITIS_LOOP_1540_9   |        0|   1|  75|   77|    0|
    |grp_Linear_Layer_1_Pipeline_VITIS_LOOP_1588_17_fu_96  |Linear_Layer_1_Pipeline_VITIS_LOOP_1588_17  |        0|   1|  55|  292|    0|
    +------------------------------------------------------+--------------------------------------------+---------+----+----+-----+-----+
    |Total                                                 |                                            |        1|   2| 153|  435|    0|
    +------------------------------------------------------+--------------------------------------------+---------+----+----+-----+-----+

    * DSP: 
    N/A

    * Memory: 
    +------------+-------------------------------------------+---------+---+----+-----+------+-----+------+-------------+
    |   Memory   |                   Module                  | BRAM_18K| FF| LUT| URAM| Words| Bits| Banks| W*Bits*Banks|
    +------------+-------------------------------------------+---------+---+----+-----+------+-----+------+-------------+
    |C_tile_V_U  |Linear_Layer_1_C_tile_V_RAM_T2P_BRAM_1R1W  |        2|  0|   0|    0|   768|   32|     1|        24576|
    +------------+-------------------------------------------+---------+---+----+-----+------+-----+------+-------------+
    |Total       |                                           |        2|  0|   0|    0|   768|   32|     1|        24576|
    +------------+-------------------------------------------+---------+---+----+-----+------+-----+------+-------------+

    * FIFO: 
    N/A

    * Expression: 
    +-----------------------+----------+----+---+----+------------+------------+
    |     Variable Name     | Operation| DSP| FF| LUT| Bitwidth P0| Bitwidth P1|
    +-----------------------+----------+----+---+----+------------+------------+
    |k_fu_137_p2            |         +|   0|  0|  15|           8|           1|
    |m_37_fu_125_p2         |         +|   0|  0|  12|           5|           1|
    |ap_block_state4        |       and|   0|  0|   2|           1|           1|
    |icmp_ln1509_fu_119_p2  |      icmp|   0|  0|   9|           5|           5|
    |icmp_ln1525_fu_131_p2  |      icmp|   0|  0|  11|           8|           8|
    |ap_block_state1        |        or|   0|  0|   2|           1|           1|
    +-----------------------+----------+----+---+----+------------+------------+
    |Total                  |          |   0|  0|  51|          28|          17|
    +-----------------------+----------+----+---+----+------------+------------+

    * Multiplexer: 
    +--------------------+----+-----------+-----+-----------+
    |        Name        | LUT| Input Size| Bits| Total Bits|
    +--------------------+----+-----------+-----+-----------+
    |C_tile_V_address0   |  20|          4|   10|         40|
    |C_tile_V_ce0        |  20|          4|    1|          4|
    |C_tile_V_ce1        |   9|          2|    1|          2|
    |C_tile_V_d0         |  14|          3|   32|         96|
    |C_tile_V_we0        |  14|          3|    1|          3|
    |ap_NS_fsm           |  43|          8|    1|          8|
    |ap_done             |   9|          2|    1|          2|
    |fc11_write          |   9|          2|    1|          2|
    |k_10_reg_78         |   9|          2|    8|         16|
    |m_fu_64             |   9|          2|    5|         10|
    |norm_out_113_blk_n  |   9|          2|    1|          2|
    |out_w1_read         |   9|          2|    1|          2|
    +--------------------+----+-----------+-----+-----------+
    |Total               | 174|         36|   63|        187|
    +--------------------+----+-----------+-----+-----------+

    * Register: 
    +-------------------------------------------------------------------+---+----+-----+-----------+
    |                                Name                               | FF| LUT| Bits| Const Bits|
    +-------------------------------------------------------------------+---+----+-----+-----------+
    |ap_CS_fsm                                                          |  7|   0|    7|          0|
    |ap_done_reg                                                        |  1|   0|    1|          0|
    |grp_Linear_Layer_1_Pipeline_VITIS_LOOP_1512_2_fu_89_ap_start_reg   |  1|   0|    1|          0|
    |grp_Linear_Layer_1_Pipeline_VITIS_LOOP_1540_9_fu_103_ap_start_reg  |  1|   0|    1|          0|
    |grp_Linear_Layer_1_Pipeline_VITIS_LOOP_1588_17_fu_96_ap_start_reg  |  1|   0|    1|          0|
    |k_10_reg_78                                                        |  8|   0|    8|          0|
    |k_reg_165                                                          |  8|   0|    8|          0|
    |m_37_reg_157                                                       |  5|   0|    5|          0|
    |m_fu_64                                                            |  5|   0|    5|          0|
    |val_V_reg_170                                                      |  8|   0|    8|          0|
    +-------------------------------------------------------------------+---+----+-----+-----------+
    |Total                                                              | 45|   0|   45|          0|
    +-------------------------------------------------------------------+---+----+-----+-----------+



================================================================
== Interface
================================================================
* Summary: 
+-----------------------------+-----+-----+------------+----------------+--------------+
|          RTL Ports          | Dir | Bits|  Protocol  |  Source Object |    C Type    |
+-----------------------------+-----+-----+------------+----------------+--------------+
|ap_clk                       |   in|    1|  ap_ctrl_hs|  Linear_Layer.1|  return value|
|ap_rst                       |   in|    1|  ap_ctrl_hs|  Linear_Layer.1|  return value|
|ap_start                     |   in|    1|  ap_ctrl_hs|  Linear_Layer.1|  return value|
|ap_done                      |  out|    1|  ap_ctrl_hs|  Linear_Layer.1|  return value|
|ap_continue                  |   in|    1|  ap_ctrl_hs|  Linear_Layer.1|  return value|
|ap_idle                      |  out|    1|  ap_ctrl_hs|  Linear_Layer.1|  return value|
|ap_ready                     |  out|    1|  ap_ctrl_hs|  Linear_Layer.1|  return value|
|norm_out_113_dout            |   in|    8|     ap_fifo|    norm_out_113|       pointer|
|norm_out_113_num_data_valid  |   in|    2|     ap_fifo|    norm_out_113|       pointer|
|norm_out_113_fifo_cap        |   in|    2|     ap_fifo|    norm_out_113|       pointer|
|norm_out_113_empty_n         |   in|    1|     ap_fifo|    norm_out_113|       pointer|
|norm_out_113_read            |  out|    1|     ap_fifo|    norm_out_113|       pointer|
|fc11_din                     |  out|    8|     ap_fifo|            fc11|       pointer|
|fc11_num_data_valid          |   in|    7|     ap_fifo|            fc11|       pointer|
|fc11_fifo_cap                |   in|    7|     ap_fifo|            fc11|       pointer|
|fc11_full_n                  |   in|    1|     ap_fifo|            fc11|       pointer|
|fc11_write                   |  out|    1|     ap_fifo|            fc11|       pointer|
|out_w1_dout                  |   in|    8|     ap_fifo|          out_w1|       pointer|
|out_w1_num_data_valid        |   in|    7|     ap_fifo|          out_w1|       pointer|
|out_w1_fifo_cap              |   in|    7|     ap_fifo|          out_w1|       pointer|
|out_w1_empty_n               |   in|    1|     ap_fifo|          out_w1|       pointer|
|out_w1_read                  |  out|    1|     ap_fifo|          out_w1|       pointer|
+-----------------------------+-----+-----+------------+----------------+--------------+

