

================================================================
== Vitis HLS Report for 'Linear_Layer_3_Pipeline_VITIS_LOOP_1540_9'
================================================================
* Date:           Thu Jun 18 11:11:52 2026

* Version:        2022.2 (Build 3670227 on Oct 13 2022)
* Project:        ViT_Block
* Solution:       ViT_Block (Vivado IP Flow Target)
* Product family: virtexuplus
* Target device:  xcu250-figd2104-2L-e


================================================================
== Performance Estimates
================================================================
+ Timing: 
    * Summary: 
    +--------+----------+----------+------------+
    |  Clock |  Target  | Estimated| Uncertainty|
    +--------+----------+----------+------------+
    |ap_clk  |  10.00 ns|  2.353 ns|     2.70 ns|
    +--------+----------+----------+------------+

+ Latency: 
    * Summary: 
    +---------+---------+----------+----------+-----+-----+---------+
    |  Latency (cycles) |  Latency (absolute) |  Interval | Pipeline|
    |   min   |   max   |    min   |    max   | min | max |   Type  |
    +---------+---------+----------+----------+-----+-----+---------+
    |      197|      197|  1.970 us|  1.970 us|  197|  197|       no|
    +---------+---------+----------+----------+-----+-----+---------+

    + Detail: 
        * Instance: 
        N/A

        * Loop: 
        +---------------------+---------+---------+----------+-----------+-----------+------+----------+
        |                     |  Latency (cycles) | Iteration|  Initiation Interval  | Trip |          |
        |      Loop Name      |   min   |   max   |  Latency |  achieved |   target  | Count| Pipelined|
        +---------------------+---------+---------+----------+-----------+-----------+------+----------+
        |- VITIS_LOOP_1540_9  |      195|      195|         5|          1|          1|   192|       yes|
        +---------------------+---------+---------+----------+-----------+-----------+------+----------+



================================================================
== Utilization Estimates
================================================================
* Summary: 
+---------------------+---------+-------+---------+---------+------+
|         Name        | BRAM_18K|  DSP  |    FF   |   LUT   | URAM |
+---------------------+---------+-------+---------+---------+------+
|DSP                  |        -|      1|        -|        -|     -|
|Expression           |        -|      -|        0|       30|     -|
|FIFO                 |        -|      -|        -|        -|     -|
|Instance             |        -|      -|        -|        -|     -|
|Memory               |        -|      -|        -|        -|     -|
|Multiplexer          |        -|      -|        -|       45|     -|
|Register             |        -|      -|       65|        -|     -|
+---------------------+---------+-------+---------+---------+------+
|Total                |        0|      1|       65|       75|     0|
+---------------------+---------+-------+---------+---------+------+
|Available SLR        |     1344|   3072|   864000|   432000|   320|
+---------------------+---------+-------+---------+---------+------+
|Utilization SLR (%)  |        0|     ~0|       ~0|       ~0|     0|
+---------------------+---------+-------+---------+---------+------+
|Available            |     5376|  12288|  3456000|  1728000|  1280|
+---------------------+---------+-------+---------+---------+------+
|Utilization (%)      |        0|     ~0|       ~0|       ~0|     0|
+---------------------+---------+-------+---------+---------+------+

+ Detail: 
    * Instance: 
    N/A

    * DSP: 
    +---------------------------------+-----------------------------+--------------+
    |             Instance            |            Module           |  Expression  |
    +---------------------------------+-----------------------------+--------------+
    |mac_muladd_8s_8s_32s_32_4_1_U84  |mac_muladd_8s_8s_32s_32_4_1  |  i0 + i1 * i2|
    +---------------------------------+-----------------------------+--------------+

    * Memory: 
    N/A

    * FIFO: 
    N/A

    * Expression: 
    +---------------------------+----------+----+---+----+------------+------------+
    |       Variable Name       | Operation| DSP| FF| LUT| Bitwidth P0| Bitwidth P1|
    +---------------------------+----------+----+---+----+------------+------------+
    |add_ln1540_fu_101_p2       |         +|   0|  0|  15|           8|           1|
    |ap_block_pp0_stage0_11001  |       and|   0|  0|   2|           1|           1|
    |icmp_ln1540_fu_95_p2       |      icmp|   0|  0|  11|           8|           8|
    |ap_enable_pp0              |       xor|   0|  0|   2|           1|           2|
    +---------------------------+----------+----+---+----+------------+------------+
    |Total                      |          |   0|  0|  30|          18|          12|
    +---------------------------+----------+----+---+----+------------+------------+

    * Multiplexer: 
    +-------------------------+----+-----------+-----+-----------+
    |           Name          | LUT| Input Size| Bits| Total Bits|
    +-------------------------+----+-----------+-----+-----------+
    |ap_done_int              |   9|          2|    1|          2|
    |ap_enable_reg_pp0_iter1  |   9|          2|    1|          2|
    |ap_sig_allocacmp_n_15    |   9|          2|    8|         16|
    |n_fu_50                  |   9|          2|    8|         16|
    |out_w1_blk_n             |   9|          2|    1|          2|
    +-------------------------+----+-----------+-----+-----------+
    |Total                    |  45|         10|   19|         38|
    +-------------------------+----+-----------+-----+-----------+

    * Register: 
    +-------------------------------------+----+----+-----+-----------+
    |                 Name                | FF | LUT| Bits| Const Bits|
    +-------------------------------------+----+----+-----+-----------+
    |C_tile_V_addr_reg_154                |   8|   0|    8|          0|
    |C_tile_V_addr_reg_154_pp0_iter3_reg  |   8|   0|    8|          0|
    |ap_CS_fsm                            |   1|   0|    1|          0|
    |ap_done_reg                          |   1|   0|    1|          0|
    |ap_enable_reg_pp0_iter1              |   1|   0|    1|          0|
    |ap_enable_reg_pp0_iter2              |   1|   0|    1|          0|
    |ap_enable_reg_pp0_iter3              |   1|   0|    1|          0|
    |ap_enable_reg_pp0_iter4              |   1|   0|    1|          0|
    |ap_loop_exit_ready_pp0_iter1_reg     |   1|   0|    1|          0|
    |ap_loop_exit_ready_pp0_iter2_reg     |   1|   0|    1|          0|
    |ap_loop_exit_ready_pp0_iter3_reg     |   1|   0|    1|          0|
    |lhs_cast_reg_135                     |  16|   0|   16|          0|
    |n_15_reg_140                         |   8|   0|    8|          0|
    |n_15_reg_140_pp0_iter1_reg           |   8|   0|    8|          0|
    |n_fu_50                              |   8|   0|    8|          0|
    +-------------------------------------+----+----+-----+-----------+
    |Total                                |  65|   0|   65|          0|
    +-------------------------------------+----+----+-----+-----------+



================================================================
== Interface
================================================================
* Summary: 
+-----------------------+-----+-----+------------+-------------------------------------------+--------------+
|       RTL Ports       | Dir | Bits|  Protocol  |               Source Object               |    C Type    |
+-----------------------+-----+-----+------------+-------------------------------------------+--------------+
|ap_clk                 |   in|    1|  ap_ctrl_hs|  Linear_Layer.3_Pipeline_VITIS_LOOP_1540_9|  return value|
|ap_rst                 |   in|    1|  ap_ctrl_hs|  Linear_Layer.3_Pipeline_VITIS_LOOP_1540_9|  return value|
|ap_start               |   in|    1|  ap_ctrl_hs|  Linear_Layer.3_Pipeline_VITIS_LOOP_1540_9|  return value|
|ap_done                |  out|    1|  ap_ctrl_hs|  Linear_Layer.3_Pipeline_VITIS_LOOP_1540_9|  return value|
|ap_idle                |  out|    1|  ap_ctrl_hs|  Linear_Layer.3_Pipeline_VITIS_LOOP_1540_9|  return value|
|ap_ready               |  out|    1|  ap_ctrl_hs|  Linear_Layer.3_Pipeline_VITIS_LOOP_1540_9|  return value|
|out_w1_dout            |   in|    8|     ap_fifo|                                     out_w1|       pointer|
|out_w1_num_data_valid  |   in|    7|     ap_fifo|                                     out_w1|       pointer|
|out_w1_fifo_cap        |   in|    7|     ap_fifo|                                     out_w1|       pointer|
|out_w1_empty_n         |   in|    1|     ap_fifo|                                     out_w1|       pointer|
|out_w1_read            |  out|    1|     ap_fifo|                                     out_w1|       pointer|
|C_tile_V_address0      |  out|    8|   ap_memory|                                   C_tile_V|         array|
|C_tile_V_ce0           |  out|    1|   ap_memory|                                   C_tile_V|         array|
|C_tile_V_we0           |  out|    1|   ap_memory|                                   C_tile_V|         array|
|C_tile_V_d0            |  out|   32|   ap_memory|                                   C_tile_V|         array|
|C_tile_V_address1      |  out|    8|   ap_memory|                                   C_tile_V|         array|
|C_tile_V_ce1           |  out|    1|   ap_memory|                                   C_tile_V|         array|
|C_tile_V_q1            |   in|   32|   ap_memory|                                   C_tile_V|         array|
|lhs                    |   in|    8|     ap_none|                                        lhs|        scalar|
+-----------------------+-----+-----+------------+-------------------------------------------+--------------+

