

================================================================
== Vitis HLS Report for 'MatMul_QK_tiled_18_Pipeline_VITIS_LOOP_1656_1_VITIS_LOOP_1657_2'
================================================================
* Date:           Thu Jun 18 11:11:56 2026

* Version:        2022.2 (Build 3670227 on Oct 13 2022)
* Project:        ViT_Block
* Solution:       ViT_Block (Vivado IP Flow Target)
* Product family: virtexuplus
* Target device:  xcu250-figd2104-2L-e


================================================================
== Performance Estimates
================================================================
+ Timing: 
    * Summary: 
    +--------+----------+----------+------------+
    |  Clock |  Target  | Estimated| Uncertainty|
    +--------+----------+----------+------------+
    |ap_clk  |  10.00 ns|  2.954 ns|     2.70 ns|
    +--------+----------+----------+------------+

+ Latency: 
    * Summary: 
    +---------+---------+----------+----------+-----+-----+---------+
    |  Latency (cycles) |  Latency (absolute) |  Interval | Pipeline|
    |   min   |   max   |    min   |    max   | min | max |   Type  |
    +---------+---------+----------+----------+-----+-----+---------+
    |      818|      818|  8.180 us|  8.180 us|  818|  818|       no|
    +---------+---------+----------+----------+-----+-----+---------+

    + Detail: 
        * Instance: 
        N/A

        * Loop: 
        +---------------------------------------+---------+---------+----------+-----------+-----------+------+----------+
        |                                       |  Latency (cycles) | Iteration|  Initiation Interval  | Trip |          |
        |               Loop Name               |   min   |   max   |  Latency |  achieved |   target  | Count| Pipelined|
        +---------------------------------------+---------+---------+----------+-----------+-----------+------+----------+
        |- VITIS_LOOP_1656_1_VITIS_LOOP_1657_2  |      816|      816|         2|          1|          1|   816|       yes|
        +---------------------------------------+---------+---------+----------+-----------+-----------+------+----------+



================================================================
== Utilization Estimates
================================================================
* Summary: 
+---------------------+---------+-------+---------+---------+------+
|         Name        | BRAM_18K|  DSP  |    FF   |   LUT   | URAM |
+---------------------+---------+-------+---------+---------+------+
|DSP                  |        -|      -|        -|        -|     -|
|Expression           |        -|      -|        0|      114|     -|
|FIFO                 |        -|      -|        -|        -|     -|
|Instance             |        -|      -|        -|        -|     -|
|Memory               |        -|      -|        -|        -|     -|
|Multiplexer          |        -|      -|        -|       63|     -|
|Register             |        -|      -|       24|        -|     -|
+---------------------+---------+-------+---------+---------+------+
|Total                |        0|      0|       24|      177|     0|
+---------------------+---------+-------+---------+---------+------+
|Available SLR        |     1344|   3072|   864000|   432000|   320|
+---------------------+---------+-------+---------+---------+------+
|Utilization SLR (%)  |        0|      0|       ~0|       ~0|     0|
+---------------------+---------+-------+---------+---------+------+
|Available            |     5376|  12288|  3456000|  1728000|  1280|
+---------------------+---------+-------+---------+---------+------+
|Utilization (%)      |        0|      0|       ~0|       ~0|     0|
+---------------------+---------+-------+---------+---------+------+

+ Detail: 
    * Instance: 
    N/A

    * DSP: 
    N/A

    * Memory: 
    N/A

    * FIFO: 
    N/A

    * Expression: 
    +---------------------------+----------+----+---+----+------------+------------+
    |       Variable Name       | Operation| DSP| FF| LUT| Bitwidth P0| Bitwidth P1|
    +---------------------------+----------+----+---+----+------------+------------+
    |add_ln1656_3_fu_110_p2     |         +|   0|  0|  17|          10|           1|
    |add_ln1656_fu_127_p2       |         +|   0|  0|  12|           5|           1|
    |add_ln1657_fu_200_p2       |         +|   0|  0|  13|           6|           1|
    |add_ln1670_fu_189_p2       |         +|   0|  0|  18|          10|          10|
    |sub_ln1670_fu_179_p2       |         -|   0|  0|  18|          10|          10|
    |ap_block_pp0_stage0_11001  |       and|   0|  0|   2|           1|           1|
    |icmp_ln1656_fu_104_p2      |      icmp|   0|  0|  11|          10|           9|
    |icmp_ln1657_fu_133_p2      |      icmp|   0|  0|  10|           6|           6|
    |select_ln1656_3_fu_147_p3  |    select|   0|  0|   5|           1|           5|
    |select_ln1656_fu_139_p3    |    select|   0|  0|   6|           1|           1|
    |ap_enable_pp0              |       xor|   0|  0|   2|           1|           2|
    +---------------------------+----------+----+---+----+------------+------------+
    |Total                      |          |   0|  0| 114|          61|          47|
    +---------------------------+----------+----+---+----+------------+------------+

    * Multiplexer: 
    +--------------------------------------+----+-----------+-----+-----------+
    |                 Name                 | LUT| Input Size| Bits| Total Bits|
    +--------------------------------------+----+-----------+-----+-----------+
    |K_1_1_blk_n                           |   9|          2|    1|          2|
    |ap_done_int                           |   9|          2|    1|          2|
    |ap_enable_reg_pp0_iter1               |   9|          2|    1|          2|
    |ap_sig_allocacmp_indvar_flatten_load  |   9|          2|   10|         20|
    |indvar_flatten_fu_62                  |   9|          2|   10|         20|
    |k_fu_54                               |   9|          2|    6|         12|
    |n_fu_58                               |   9|          2|    5|         10|
    +--------------------------------------+----+-----------+-----+-----------+
    |Total                                 |  63|         14|   34|         68|
    +--------------------------------------+----+-----------+-----+-----------+

    * Register: 
    +-------------------------+----+----+-----+-----------+
    |           Name          | FF | LUT| Bits| Const Bits|
    +-------------------------+----+----+-----+-----------+
    |ap_CS_fsm                |   1|   0|    1|          0|
    |ap_done_reg              |   1|   0|    1|          0|
    |ap_enable_reg_pp0_iter1  |   1|   0|    1|          0|
    |indvar_flatten_fu_62     |  10|   0|   10|          0|
    |k_fu_54                  |   6|   0|    6|          0|
    |n_fu_58                  |   5|   0|    5|          0|
    +-------------------------+----+----+-----+-----------+
    |Total                    |  24|   0|   24|          0|
    +-------------------------+----+----+-----+-----------+



================================================================
== Interface
================================================================
* Summary: 
+----------------------+-----+-----+------------+-----------------------------------------------------------------+--------------+
|       RTL Ports      | Dir | Bits|  Protocol  |                          Source Object                          |    C Type    |
+----------------------+-----+-----+------------+-----------------------------------------------------------------+--------------+
|ap_clk                |   in|    1|  ap_ctrl_hs|  MatMul_QK_tiled.18_Pipeline_VITIS_LOOP_1656_1_VITIS_LOOP_1657_2|  return value|
|ap_rst                |   in|    1|  ap_ctrl_hs|  MatMul_QK_tiled.18_Pipeline_VITIS_LOOP_1656_1_VITIS_LOOP_1657_2|  return value|
|ap_start              |   in|    1|  ap_ctrl_hs|  MatMul_QK_tiled.18_Pipeline_VITIS_LOOP_1656_1_VITIS_LOOP_1657_2|  return value|
|ap_done               |  out|    1|  ap_ctrl_hs|  MatMul_QK_tiled.18_Pipeline_VITIS_LOOP_1656_1_VITIS_LOOP_1657_2|  return value|
|ap_idle               |  out|    1|  ap_ctrl_hs|  MatMul_QK_tiled.18_Pipeline_VITIS_LOOP_1656_1_VITIS_LOOP_1657_2|  return value|
|ap_ready              |  out|    1|  ap_ctrl_hs|  MatMul_QK_tiled.18_Pipeline_VITIS_LOOP_1656_1_VITIS_LOOP_1657_2|  return value|
|K_1_1_dout            |   in|    8|     ap_fifo|                                                            K_1_1|       pointer|
|K_1_1_num_data_valid  |   in|    2|     ap_fifo|                                                            K_1_1|       pointer|
|K_1_1_fifo_cap        |   in|    2|     ap_fifo|                                                            K_1_1|       pointer|
|K_1_1_empty_n         |   in|    1|     ap_fifo|                                                            K_1_1|       pointer|
|K_1_1_read            |  out|    1|     ap_fifo|                                                            K_1_1|       pointer|
|buff_K_V_address0     |  out|   10|   ap_memory|                                                         buff_K_V|         array|
|buff_K_V_ce0          |  out|    1|   ap_memory|                                                         buff_K_V|         array|
|buff_K_V_we0          |  out|    1|   ap_memory|                                                         buff_K_V|         array|
|buff_K_V_d0           |  out|    8|   ap_memory|                                                         buff_K_V|         array|
+----------------------+-----+-----+------------+-----------------------------------------------------------------+--------------+

