

================================================================
== Vitis HLS Report for 'MatMul_KV_tiled_21_Pipeline_VITIS_LOOP_1831_6'
================================================================
* Date:           Thu Jun 18 11:12:01 2026

* Version:        2022.2 (Build 3670227 on Oct 13 2022)
* Project:        ViT_Block
* Solution:       ViT_Block (Vivado IP Flow Target)
* Product family: virtexuplus
* Target device:  xcu250-figd2104-2L-e


================================================================
== Performance Estimates
================================================================
+ Timing: 
    * Summary: 
    +--------+----------+----------+------------+
    |  Clock |  Target  | Estimated| Uncertainty|
    +--------+----------+----------+------------+
    |ap_clk  |  10.00 ns|  4.723 ns|     2.70 ns|
    +--------+----------+----------+------------+

+ Latency: 
    * Summary: 
    +---------+---------+----------+----------+-----+-----+---------+
    |  Latency (cycles) |  Latency (absolute) |  Interval | Pipeline|
    |   min   |   max   |    min   |    max   | min | max |   Type  |
    +---------+---------+----------+----------+-----+-----+---------+
    |       59|       59|  0.590 us|  0.590 us|   59|   59|       no|
    +---------+---------+----------+----------+-----+-----+---------+

    + Detail: 
        * Instance: 
        N/A

        * Loop: 
        +---------------------+---------+---------+----------+-----------+-----------+------+----------+
        |                     |  Latency (cycles) | Iteration|  Initiation Interval  | Trip |          |
        |      Loop Name      |   min   |   max   |  Latency |  achieved |   target  | Count| Pipelined|
        +---------------------+---------+---------+----------+-----------+-----------+------+----------+
        |- VITIS_LOOP_1831_6  |       57|       57|        11|          1|          1|    48|       yes|
        +---------------------+---------+---------+----------+-----------+-----------+------+----------+



================================================================
== Utilization Estimates
================================================================
* Summary: 
+---------------------+---------+-------+---------+---------+------+
|         Name        | BRAM_18K|  DSP  |    FF   |   LUT   | URAM |
+---------------------+---------+-------+---------+---------+------+
|DSP                  |        -|     12|        -|        -|     -|
|Expression           |        -|      -|        0|      446|     -|
|FIFO                 |        -|      -|        -|        -|     -|
|Instance             |        -|      0|        0|      240|     -|
|Memory               |        -|      -|        -|        -|     -|
|Multiplexer          |        -|      -|        -|       45|     -|
|Register             |        -|      -|      739|       96|     -|
+---------------------+---------+-------+---------+---------+------+
|Total                |        0|     12|      739|      827|     0|
+---------------------+---------+-------+---------+---------+------+
|Available SLR        |     1344|   3072|   864000|   432000|   320|
+---------------------+---------+-------+---------+---------+------+
|Utilization SLR (%)  |        0|     ~0|       ~0|       ~0|     0|
+---------------------+---------+-------+---------+---------+------+
|Available            |     5376|  12288|  3456000|  1728000|  1280|
+---------------------+---------+-------+---------+---------+------+
|Utilization (%)      |        0|     ~0|       ~0|       ~0|     0|
+---------------------+---------+-------+---------+---------+------+

+ Detail: 
    * Instance: 
    +-----------------------+------------------+---------+----+---+----+-----+
    |        Instance       |      Module      | BRAM_18K| DSP| FF| LUT| URAM|
    +-----------------------+------------------+---------+----+---+----+-----+
    |mul_8s_8s_16_1_1_U454  |mul_8s_8s_16_1_1  |        0|   0|  0|  40|    0|
    |mul_8s_8s_16_1_1_U455  |mul_8s_8s_16_1_1  |        0|   0|  0|  40|    0|
    |mul_8s_8s_16_1_1_U456  |mul_8s_8s_16_1_1  |        0|   0|  0|  40|    0|
    |mul_8s_8s_16_1_1_U457  |mul_8s_8s_16_1_1  |        0|   0|  0|  40|    0|
    |mul_8s_8s_16_1_1_U458  |mul_8s_8s_16_1_1  |        0|   0|  0|  40|    0|
    |mul_8s_8s_16_1_1_U459  |mul_8s_8s_16_1_1  |        0|   0|  0|  40|    0|
    +-----------------------+------------------+---------+----+---+----+-----+
    |Total                  |                  |        0|   0|  0| 240|    0|
    +-----------------------+------------------+---------+----+---+----+-----+

    * DSP: 
    +-----------------------------------+------------------------------+----------------+
    |              Instance             |            Module            |   Expression   |
    +-----------------------------------+------------------------------+----------------+
    |am_addmul_17s_19s_9ns_30_4_1_U471  |am_addmul_17s_19s_9ns_30_4_1  |  (i0 + i1) * i2|
    |mac_muladd_8s_8s_16s_17_4_1_U460   |mac_muladd_8s_8s_16s_17_4_1   |    i0 + i1 * i2|
    |mac_muladd_8s_8s_16s_17_4_1_U461   |mac_muladd_8s_8s_16s_17_4_1   |    i0 + i1 * i2|
    |mac_muladd_8s_8s_16s_17_4_1_U462   |mac_muladd_8s_8s_16s_17_4_1   |    i0 + i1 * i2|
    |mac_muladd_8s_8s_16s_17_4_1_U463   |mac_muladd_8s_8s_16s_17_4_1   |    i0 + i1 * i2|
    |mac_muladd_8s_8s_16s_17_4_1_U464   |mac_muladd_8s_8s_16s_17_4_1   |    i0 + i1 * i2|
    |mac_muladd_8s_8s_16s_17_4_1_U465   |mac_muladd_8s_8s_16s_17_4_1   |    i0 + i1 * i2|
    |mac_muladd_8s_8s_17s_17_4_1_U466   |mac_muladd_8s_8s_17s_17_4_1   |    i0 + i1 * i2|
    |mac_muladd_8s_8s_17s_17_4_1_U467   |mac_muladd_8s_8s_17s_17_4_1   |    i0 + i1 * i2|
    |mac_muladd_8s_8s_17s_17_4_1_U468   |mac_muladd_8s_8s_17s_17_4_1   |    i0 + i1 * i2|
    |mac_muladd_8s_8s_17s_18_4_1_U469   |mac_muladd_8s_8s_17s_18_4_1   |    i0 + i1 * i2|
    |mac_muladd_8s_8s_18s_19_4_1_U470   |mac_muladd_8s_8s_18s_19_4_1   |    i0 + i1 * i2|
    +-----------------------------------+------------------------------+----------------+

    * Memory: 
    N/A

    * FIFO: 
    N/A

    * Expression: 
    +---------------------------+----------+----+---+----+------------+------------+
    |       Variable Name       | Operation| DSP| FF| LUT| Bitwidth P0| Bitwidth P1|
    +---------------------------+----------+----+---+----+------------+------------+
    |add_ln1831_fu_544_p2       |         +|   0|  0|  13|           6|           1|
    |add_ln186_28_fu_582_p2     |         +|   0|  0|  15|           8|           7|
    |add_ln186_29_fu_593_p2     |         +|   0|  0|  15|           8|           8|
    |add_ln186_30_fu_621_p2     |         +|   0|  0|  16|           9|           8|
    |add_ln186_31_fu_632_p2     |         +|   0|  0|  16|           9|           9|
    |add_ln186_32_fu_643_p2     |         +|   0|  0|  16|           9|           9|
    |add_ln186_33_fu_671_p2     |         +|   0|  0|  15|           8|           8|
    |add_ln186_34_fu_686_p2     |         +|   0|  0|  17|          10|           9|
    |add_ln186_35_fu_697_p2     |         +|   0|  0|  17|          10|          10|
    |add_ln186_36_fu_721_p2     |         +|   0|  0|  17|          10|          10|
    |add_ln186_37_fu_732_p2     |         +|   0|  0|  17|          10|          10|
    |add_ln186_38_fu_743_p2     |         +|   0|  0|  17|          10|          10|
    |add_ln186_fu_571_p2        |         +|   0|  0|  14|           7|           6|
    |add_ln840_188_fu_905_p2    |         +|   0|  0|  25|          18|          18|
    |add_ln840_191_fu_917_p2    |         +|   0|  0|  19|          19|          19|
    |add_ln840_195_fu_896_p2    |         +|   0|  0|  25|          18|          18|
    |add_ln840_196_fu_925_p2    |         +|   0|  0|  19|          19|          19|
    |ret_V_fu_948_p2            |         +|   0|  0|  34|          27|          16|
    |ret_V_15_fu_968_p2         |         -|   0|  0|  34|          16|          27|
    |rq_V_fu_988_p2             |         -|   0|  0|  19|           1|          12|
    |ap_block_pp0_stage0_01001  |       and|   0|  0|   2|           1|           1|
    |icmp_ln1027_fu_1018_p2     |      icmp|   0|  0|  12|          12|           9|
    |icmp_ln1035_fu_1012_p2     |      icmp|   0|  0|   9|           5|           1|
    |icmp_ln1831_fu_538_p2      |      icmp|   0|  0|  10|           6|           6|
    |or_ln1444_fu_1036_p2       |        or|   0|  0|   2|           1|           1|
    |head_out_2_din             |    select|   0|  0|   8|           1|           8|
    |rq_V_14_fu_994_p3          |    select|   0|  0|  12|           1|          12|
    |select_ln1444_fu_1028_p3   |    select|   0|  0|   9|           1|           7|
    |ap_enable_pp0              |       xor|   0|  0|   2|           1|           2|
    +---------------------------+----------+----+---+----+------------+------------+
    |Total                      |          |   0|  0| 446|         261|         281|
    +---------------------------+----------+----+---+----+------------+------------+

    * Multiplexer: 
    +-------------------------+----+-----------+-----+-----------+
    |           Name          | LUT| Input Size| Bits| Total Bits|
    +-------------------------+----+-----------+-----+-----------+
    |ap_done_int              |   9|          2|    1|          2|
    |ap_enable_reg_pp0_iter1  |   9|          2|    1|          2|
    |ap_sig_allocacmp_n_3     |   9|          2|    6|         12|
    |head_out_2_blk_n         |   9|          2|    1|          2|
    |n_fu_144                 |   9|          2|    6|         12|
    +-------------------------+----+-----------+-----+-----------+
    |Total                    |  45|         10|   15|         30|
    +-------------------------+----+-----------+-----+-----------+

    * Register: 
    +-----------------------------------------+----+----+-----+-----------+
    |                   Name                  | FF | LUT| Bits| Const Bits|
    +-----------------------------------------+----+----+-----+-----------+
    |add_ln840_187_reg_1498                   |  17|   0|   17|          0|
    |add_ln840_190_reg_1473                   |  17|   0|   17|          0|
    |add_ln840_192_reg_1478                   |  17|   0|   17|          0|
    |add_ln840_195_reg_1503                   |  18|   0|   18|          0|
    |add_ln840_195_reg_1503_pp0_iter6_reg     |  18|   0|   18|          0|
    |add_ln840_197_reg_1488                   |  17|   0|   17|          0|
    |ap_CS_fsm                                |   1|   0|    1|          0|
    |ap_done_reg                              |   1|   0|    1|          0|
    |ap_enable_reg_pp0_iter1                  |   1|   0|    1|          0|
    |ap_enable_reg_pp0_iter10                 |   1|   0|    1|          0|
    |ap_enable_reg_pp0_iter2                  |   1|   0|    1|          0|
    |ap_enable_reg_pp0_iter3                  |   1|   0|    1|          0|
    |ap_enable_reg_pp0_iter4                  |   1|   0|    1|          0|
    |ap_enable_reg_pp0_iter5                  |   1|   0|    1|          0|
    |ap_enable_reg_pp0_iter6                  |   1|   0|    1|          0|
    |ap_enable_reg_pp0_iter7                  |   1|   0|    1|          0|
    |ap_enable_reg_pp0_iter8                  |   1|   0|    1|          0|
    |ap_enable_reg_pp0_iter9                  |   1|   0|    1|          0|
    |ap_loop_exit_ready_pp0_iter1_reg         |   1|   0|    1|          0|
    |ap_loop_exit_ready_pp0_iter2_reg         |   1|   0|    1|          0|
    |ap_loop_exit_ready_pp0_iter3_reg         |   1|   0|    1|          0|
    |ap_loop_exit_ready_pp0_iter4_reg         |   1|   0|    1|          0|
    |ap_loop_exit_ready_pp0_iter5_reg         |   1|   0|    1|          0|
    |ap_loop_exit_ready_pp0_iter6_reg         |   1|   0|    1|          0|
    |ap_loop_exit_ready_pp0_iter7_reg         |   1|   0|    1|          0|
    |ap_loop_exit_ready_pp0_iter8_reg         |   1|   0|    1|          0|
    |ap_loop_exit_ready_pp0_iter9_reg         |   1|   0|    1|          0|
    |buff_B_V_load_10_reg_1373                |   8|   0|    8|          0|
    |buff_B_V_load_10_reg_1373_pp0_iter2_reg  |   8|   0|    8|          0|
    |buff_B_V_load_12_reg_1383                |   8|   0|    8|          0|
    |buff_B_V_load_13_reg_1388                |   8|   0|    8|          0|
    |buff_B_V_load_13_reg_1388_pp0_iter2_reg  |   8|   0|    8|          0|
    |buff_B_V_load_15_reg_1398                |   8|   0|    8|          0|
    |buff_B_V_load_15_reg_1398_pp0_iter2_reg  |   8|   0|    8|          0|
    |buff_B_V_load_1_reg_1328                 |   8|   0|    8|          0|
    |buff_B_V_load_3_reg_1338                 |   8|   0|    8|          0|
    |buff_B_V_load_3_reg_1338_pp0_iter2_reg   |   8|   0|    8|          0|
    |buff_B_V_load_4_reg_1343                 |   8|   0|    8|          0|
    |buff_B_V_load_5_reg_1348                 |   8|   0|    8|          0|
    |buff_B_V_load_5_reg_1348_pp0_iter2_reg   |   8|   0|    8|          0|
    |buff_B_V_load_7_reg_1358                 |   8|   0|    8|          0|
    |buff_B_V_load_8_reg_1363                 |   8|   0|    8|          0|
    |buff_B_V_load_8_reg_1363_pp0_iter2_reg   |   8|   0|    8|          0|
    |buff_B_V_load_reg_1323                   |   8|   0|    8|          0|
    |buff_B_V_load_reg_1323_pp0_iter2_reg     |   8|   0|    8|          0|
    |n_fu_144                                 |   6|   0|    6|          0|
    |sext_ln186_34_cast_reg_1224              |  16|   0|   16|          0|
    |sext_ln186_36_cast_reg_1219              |  16|   0|   16|          0|
    |sext_ln186_38_cast_reg_1214              |  16|   0|   16|          0|
    |sext_ln186_40_cast_reg_1209              |  16|   0|   16|          0|
    |sext_ln186_42_cast_reg_1204              |  16|   0|   16|          0|
    |sext_ln186_44_cast_reg_1199              |  16|   0|   16|          0|
    |sext_ln186_46_cast_reg_1194              |  16|   0|   16|          0|
    |sext_ln186_48_cast_reg_1189              |  16|   0|   16|          0|
    |sext_ln186_50_cast_reg_1184              |  16|   0|   16|          0|
    |sext_ln186_52_cast_reg_1179              |  16|   0|   16|          0|
    |sext_ln186_54_cast_reg_1174              |  16|   0|   16|          0|
    |sext_ln186_56_cast_reg_1169              |  16|   0|   16|          0|
    |sext_ln186_58_cast_reg_1164              |  16|   0|   16|          0|
    |sext_ln186_60_cast_reg_1159              |  16|   0|   16|          0|
    |sext_ln186_62_cast_reg_1154              |  16|   0|   16|          0|
    |sext_ln186_64_cast_reg_1149              |  16|   0|   16|          0|
    |sext_ln186_cast_reg_1229                 |  16|   0|   16|          0|
    |add_ln840_190_reg_1473                   |  64|  32|   17|          0|
    |add_ln840_197_reg_1488                   |  64|  32|   17|          0|
    |buff_B_V_load_7_reg_1358                 |  64|  32|    8|          0|
    +-----------------------------------------+----+----+-----+-----------+
    |Total                                    | 739|  96|  589|          0|
    +-----------------------------------------+----+----+-----+-----------+



================================================================
== Interface
================================================================
* Summary: 
+---------------------------+-----+-----+------------+-----------------------------------------------+--------------+
|         RTL Ports         | Dir | Bits|  Protocol  |                 Source Object                 |    C Type    |
+---------------------------+-----+-----+------------+-----------------------------------------------+--------------+
|ap_clk                     |   in|    1|  ap_ctrl_hs|  MatMul_KV_tiled.21_Pipeline_VITIS_LOOP_1831_6|  return value|
|ap_rst                     |   in|    1|  ap_ctrl_hs|  MatMul_KV_tiled.21_Pipeline_VITIS_LOOP_1831_6|  return value|
|ap_start                   |   in|    1|  ap_ctrl_hs|  MatMul_KV_tiled.21_Pipeline_VITIS_LOOP_1831_6|  return value|
|ap_done                    |  out|    1|  ap_ctrl_hs|  MatMul_KV_tiled.21_Pipeline_VITIS_LOOP_1831_6|  return value|
|ap_idle                    |  out|    1|  ap_ctrl_hs|  MatMul_KV_tiled.21_Pipeline_VITIS_LOOP_1831_6|  return value|
|ap_ready                   |  out|    1|  ap_ctrl_hs|  MatMul_KV_tiled.21_Pipeline_VITIS_LOOP_1831_6|  return value|
|head_out_2_din             |  out|    8|     ap_fifo|                                     head_out_2|       pointer|
|head_out_2_num_data_valid  |   in|    2|     ap_fifo|                                     head_out_2|       pointer|
|head_out_2_fifo_cap        |   in|    2|     ap_fifo|                                     head_out_2|       pointer|
|head_out_2_full_n          |   in|    1|     ap_fifo|                                     head_out_2|       pointer|
|head_out_2_write           |  out|    1|     ap_fifo|                                     head_out_2|       pointer|
|buff_B_V_address0          |  out|   10|   ap_memory|                                       buff_B_V|         array|
|buff_B_V_ce0               |  out|    1|   ap_memory|                                       buff_B_V|         array|
|buff_B_V_q0                |   in|    8|   ap_memory|                                       buff_B_V|         array|
|buff_B_V_address1          |  out|   10|   ap_memory|                                       buff_B_V|         array|
|buff_B_V_ce1               |  out|    1|   ap_memory|                                       buff_B_V|         array|
|buff_B_V_q1                |   in|    8|   ap_memory|                                       buff_B_V|         array|
|buff_B_V_address2          |  out|   10|   ap_memory|                                       buff_B_V|         array|
|buff_B_V_ce2               |  out|    1|   ap_memory|                                       buff_B_V|         array|
|buff_B_V_q2                |   in|    8|   ap_memory|                                       buff_B_V|         array|
|buff_B_V_address3          |  out|   10|   ap_memory|                                       buff_B_V|         array|
|buff_B_V_ce3               |  out|    1|   ap_memory|                                       buff_B_V|         array|
|buff_B_V_q3                |   in|    8|   ap_memory|                                       buff_B_V|         array|
|buff_B_V_address4          |  out|   10|   ap_memory|                                       buff_B_V|         array|
|buff_B_V_ce4               |  out|    1|   ap_memory|                                       buff_B_V|         array|
|buff_B_V_q4                |   in|    8|   ap_memory|                                       buff_B_V|         array|
|buff_B_V_address5          |  out|   10|   ap_memory|                                       buff_B_V|         array|
|buff_B_V_ce5               |  out|    1|   ap_memory|                                       buff_B_V|         array|
|buff_B_V_q5                |   in|    8|   ap_memory|                                       buff_B_V|         array|
|buff_B_V_address6          |  out|   10|   ap_memory|                                       buff_B_V|         array|
|buff_B_V_ce6               |  out|    1|   ap_memory|                                       buff_B_V|         array|
|buff_B_V_q6                |   in|    8|   ap_memory|                                       buff_B_V|         array|
|buff_B_V_address7          |  out|   10|   ap_memory|                                       buff_B_V|         array|
|buff_B_V_ce7               |  out|    1|   ap_memory|                                       buff_B_V|         array|
|buff_B_V_q7                |   in|    8|   ap_memory|                                       buff_B_V|         array|
|buff_B_V_address8          |  out|   10|   ap_memory|                                       buff_B_V|         array|
|buff_B_V_ce8               |  out|    1|   ap_memory|                                       buff_B_V|         array|
|buff_B_V_q8                |   in|    8|   ap_memory|                                       buff_B_V|         array|
|buff_B_V_address9          |  out|   10|   ap_memory|                                       buff_B_V|         array|
|buff_B_V_ce9               |  out|    1|   ap_memory|                                       buff_B_V|         array|
|buff_B_V_q9                |   in|    8|   ap_memory|                                       buff_B_V|         array|
|buff_B_V_address10         |  out|   10|   ap_memory|                                       buff_B_V|         array|
|buff_B_V_ce10              |  out|    1|   ap_memory|                                       buff_B_V|         array|
|buff_B_V_q10               |   in|    8|   ap_memory|                                       buff_B_V|         array|
|buff_B_V_address11         |  out|   10|   ap_memory|                                       buff_B_V|         array|
|buff_B_V_ce11              |  out|    1|   ap_memory|                                       buff_B_V|         array|
|buff_B_V_q11               |   in|    8|   ap_memory|                                       buff_B_V|         array|
|buff_B_V_address12         |  out|   10|   ap_memory|                                       buff_B_V|         array|
|buff_B_V_ce12              |  out|    1|   ap_memory|                                       buff_B_V|         array|
|buff_B_V_q12               |   in|    8|   ap_memory|                                       buff_B_V|         array|
|buff_B_V_address13         |  out|   10|   ap_memory|                                       buff_B_V|         array|
|buff_B_V_ce13              |  out|    1|   ap_memory|                                       buff_B_V|         array|
|buff_B_V_q13               |   in|    8|   ap_memory|                                       buff_B_V|         array|
|buff_B_V_address14         |  out|   10|   ap_memory|                                       buff_B_V|         array|
|buff_B_V_ce14              |  out|    1|   ap_memory|                                       buff_B_V|         array|
|buff_B_V_q14               |   in|    8|   ap_memory|                                       buff_B_V|         array|
|buff_B_V_address15         |  out|   10|   ap_memory|                                       buff_B_V|         array|
|buff_B_V_ce15              |  out|    1|   ap_memory|                                       buff_B_V|         array|
|buff_B_V_q15               |   in|    8|   ap_memory|                                       buff_B_V|         array|
|buff_B_V_address16         |  out|   10|   ap_memory|                                       buff_B_V|         array|
|buff_B_V_ce16              |  out|    1|   ap_memory|                                       buff_B_V|         array|
|buff_B_V_q16               |   in|    8|   ap_memory|                                       buff_B_V|         array|
|sext_ln186                 |   in|    8|     ap_none|                                     sext_ln186|        scalar|
|sext_ln186_34              |   in|    8|     ap_none|                                  sext_ln186_34|        scalar|
|sext_ln186_36              |   in|    8|     ap_none|                                  sext_ln186_36|        scalar|
|sext_ln186_38              |   in|    8|     ap_none|                                  sext_ln186_38|        scalar|
|sext_ln186_40              |   in|    8|     ap_none|                                  sext_ln186_40|        scalar|
|sext_ln186_42              |   in|    8|     ap_none|                                  sext_ln186_42|        scalar|
|sext_ln186_44              |   in|    8|     ap_none|                                  sext_ln186_44|        scalar|
|sext_ln186_46              |   in|    8|     ap_none|                                  sext_ln186_46|        scalar|
|sext_ln186_48              |   in|    8|     ap_none|                                  sext_ln186_48|        scalar|
|sext_ln186_50              |   in|    8|     ap_none|                                  sext_ln186_50|        scalar|
|sext_ln186_52              |   in|    8|     ap_none|                                  sext_ln186_52|        scalar|
|sext_ln186_54              |   in|    8|     ap_none|                                  sext_ln186_54|        scalar|
|sext_ln186_56              |   in|    8|     ap_none|                                  sext_ln186_56|        scalar|
|sext_ln186_58              |   in|    8|     ap_none|                                  sext_ln186_58|        scalar|
|sext_ln186_60              |   in|    8|     ap_none|                                  sext_ln186_60|        scalar|
|sext_ln186_62              |   in|    8|     ap_none|                                  sext_ln186_62|        scalar|
|sext_ln186_64              |   in|    8|     ap_none|                                  sext_ln186_64|        scalar|
+---------------------------+-----+-----+------------+-----------------------------------------------+--------------+

