

================================================================
== Vitis HLS Report for 'MatMul_QK_tiled_20_Pipeline_VITIS_LOOP_1682_6'
================================================================
* Date:           Thu Jun 18 11:11:59 2026

* Version:        2022.2 (Build 3670227 on Oct 13 2022)
* Project:        ViT_Block
* Solution:       ViT_Block (Vivado IP Flow Target)
* Product family: virtexuplus
* Target device:  xcu250-figd2104-2L-e


================================================================
== Performance Estimates
================================================================
+ Timing: 
    * Summary: 
    +--------+----------+----------+------------+
    |  Clock |  Target  | Estimated| Uncertainty|
    +--------+----------+----------+------------+
    |ap_clk  |  10.00 ns|  2.032 ns|     2.70 ns|
    +--------+----------+----------+------------+

+ Latency: 
    * Summary: 
    +---------+---------+----------+----------+-----+-----+---------+
    |  Latency (cycles) |  Latency (absolute) |  Interval | Pipeline|
    |   min   |   max   |    min   |    max   | min | max |   Type  |
    +---------+---------+----------+----------+-----+-----+---------+
    |       50|       50|  0.500 us|  0.500 us|   50|   50|       no|
    +---------+---------+----------+----------+-----+-----+---------+

    + Detail: 
        * Instance: 
        N/A

        * Loop: 
        +---------------------+---------+---------+----------+-----------+-----------+------+----------+
        |                     |  Latency (cycles) | Iteration|  Initiation Interval  | Trip |          |
        |      Loop Name      |   min   |   max   |  Latency |  achieved |   target  | Count| Pipelined|
        +---------------------+---------+---------+----------+-----------+-----------+------+----------+
        |- VITIS_LOOP_1682_6  |       48|       48|         2|          1|          1|    48|       yes|
        +---------------------+---------+---------+----------+-----------+-----------+------+----------+



================================================================
== Utilization Estimates
================================================================
* Summary: 
+---------------------+---------+-------+---------+---------+------+
|         Name        | BRAM_18K|  DSP  |    FF   |   LUT   | URAM |
+---------------------+---------+-------+---------+---------+------+
|DSP                  |        -|      -|        -|        -|     -|
|Expression           |        -|      -|        0|       27|     -|
|FIFO                 |        -|      -|        -|        -|     -|
|Instance             |        -|      -|        -|        -|     -|
|Memory               |        -|      -|        -|        -|     -|
|Multiplexer          |        -|      -|        -|       45|     -|
|Register             |        -|      -|       15|        -|     -|
+---------------------+---------+-------+---------+---------+------+
|Total                |        0|      0|       15|       72|     0|
+---------------------+---------+-------+---------+---------+------+
|Available SLR        |     1344|   3072|   864000|   432000|   320|
+---------------------+---------+-------+---------+---------+------+
|Utilization SLR (%)  |        0|      0|       ~0|       ~0|     0|
+---------------------+---------+-------+---------+---------+------+
|Available            |     5376|  12288|  3456000|  1728000|  1280|
+---------------------+---------+-------+---------+---------+------+
|Utilization (%)      |        0|      0|       ~0|       ~0|     0|
+---------------------+---------+-------+---------+---------+------+

+ Detail: 
    * Instance: 
    N/A

    * DSP: 
    N/A

    * Memory: 
    N/A

    * FIFO: 
    N/A

    * Expression: 
    +---------------------------+----------+----+---+----+------------+------------+
    |       Variable Name       | Operation| DSP| FF| LUT| Bitwidth P0| Bitwidth P1|
    +---------------------------+----------+----+---+----+------------+------------+
    |add_ln1682_fu_74_p2        |         +|   0|  0|  13|           6|           1|
    |ap_block_pp0_stage0_11001  |       and|   0|  0|   2|           1|           1|
    |icmp_ln1682_fu_68_p2       |      icmp|   0|  0|  10|           6|           6|
    |ap_enable_pp0              |       xor|   0|  0|   2|           1|           2|
    +---------------------------+----------+----+---+----+------------+------------+
    |Total                      |          |   0|  0|  27|          14|          10|
    +---------------------------+----------+----+---+----+------------+------------+

    * Multiplexer: 
    +-------------------------+----+-----------+-----+-----------+
    |           Name          | LUT| Input Size| Bits| Total Bits|
    +-------------------------+----+-----------+-----+-----------+
    |Q_1_2_blk_n              |   9|          2|    1|          2|
    |ap_done_int              |   9|          2|    1|          2|
    |ap_enable_reg_pp0_iter1  |   9|          2|    1|          2|
    |ap_sig_allocacmp_k_2     |   9|          2|    6|         12|
    |k_fu_36                  |   9|          2|    6|         12|
    +-------------------------+----+-----------+-----+-----------+
    |Total                    |  45|         10|   15|         30|
    +-------------------------+----+-----------+-----+-----------+

    * Register: 
    +-------------------------+---+----+-----+-----------+
    |           Name          | FF| LUT| Bits| Const Bits|
    +-------------------------+---+----+-----+-----------+
    |ap_CS_fsm                |  1|   0|    1|          0|
    |ap_done_reg              |  1|   0|    1|          0|
    |ap_enable_reg_pp0_iter1  |  1|   0|    1|          0|
    |k_2_reg_96               |  6|   0|    6|          0|
    |k_fu_36                  |  6|   0|    6|          0|
    +-------------------------+---+----+-----+-----------+
    |Total                    | 15|   0|   15|          0|
    +-------------------------+---+----+-----+-----------+



================================================================
== Interface
================================================================
* Summary: 
+----------------------+-----+-----+------------+-----------------------------------------------+--------------+
|       RTL Ports      | Dir | Bits|  Protocol  |                 Source Object                 |    C Type    |
+----------------------+-----+-----+------------+-----------------------------------------------+--------------+
|ap_clk                |   in|    1|  ap_ctrl_hs|  MatMul_QK_tiled.20_Pipeline_VITIS_LOOP_1682_6|  return value|
|ap_rst                |   in|    1|  ap_ctrl_hs|  MatMul_QK_tiled.20_Pipeline_VITIS_LOOP_1682_6|  return value|
|ap_start              |   in|    1|  ap_ctrl_hs|  MatMul_QK_tiled.20_Pipeline_VITIS_LOOP_1682_6|  return value|
|ap_done               |  out|    1|  ap_ctrl_hs|  MatMul_QK_tiled.20_Pipeline_VITIS_LOOP_1682_6|  return value|
|ap_idle               |  out|    1|  ap_ctrl_hs|  MatMul_QK_tiled.20_Pipeline_VITIS_LOOP_1682_6|  return value|
|ap_ready              |  out|    1|  ap_ctrl_hs|  MatMul_QK_tiled.20_Pipeline_VITIS_LOOP_1682_6|  return value|
|Q_1_2_dout            |   in|    8|     ap_fifo|                                          Q_1_2|       pointer|
|Q_1_2_num_data_valid  |   in|    2|     ap_fifo|                                          Q_1_2|       pointer|
|Q_1_2_fifo_cap        |   in|    2|     ap_fifo|                                          Q_1_2|       pointer|
|Q_1_2_empty_n         |   in|    1|     ap_fifo|                                          Q_1_2|       pointer|
|Q_1_2_read            |  out|    1|     ap_fifo|                                          Q_1_2|       pointer|
|tile_Q_V_0_address0   |  out|    6|   ap_memory|                                     tile_Q_V_0|         array|
|tile_Q_V_0_ce0        |  out|    1|   ap_memory|                                     tile_Q_V_0|         array|
|tile_Q_V_0_we0        |  out|    1|   ap_memory|                                     tile_Q_V_0|         array|
|tile_Q_V_0_d0         |  out|    8|   ap_memory|                                     tile_Q_V_0|         array|
+----------------------+-----+-----+------------+-----------------------------------------------+--------------+

