

================================================================
== Vitis HLS Report for 'MatMul_QK_tiled_17_48_17_1_1_1_1_1_137_16_0_ap_int_8_ap_int_32_18'
================================================================
* Date:           Thu Jun 18 11:11:57 2026

* Version:        2022.2 (Build 3670227 on Oct 13 2022)
* Project:        ViT_Block
* Solution:       ViT_Block (Vivado IP Flow Target)
* Product family: virtexuplus
* Target device:  xcu250-figd2104-2L-e


================================================================
== Performance Estimates
================================================================
+ Timing: 
    * Summary: 
    +--------+----------+----------+------------+
    |  Clock |  Target  | Estimated| Uncertainty|
    +--------+----------+----------+------------+
    |ap_clk  |  10.00 ns|  4.190 ns|     2.70 ns|
    +--------+----------+----------+------------+

+ Latency: 
    * Summary: 
    +---------+---------+-----------+-----------+------+------+---------+
    |  Latency (cycles) |   Latency (absolute)  |   Interval  | Pipeline|
    |   min   |   max   |    min    |    max    |  min |  max |   Type  |
    +---------+---------+-----------+-----------+------+------+---------+
    |     2861|     2861|  28.610 us|  28.610 us|  2861|  2861|       no|
    +---------+---------+-----------+-----------+------+------+---------+

    + Detail: 
        * Instance: 
        +---------------------------------------------------------------------------+-----------------------------------------------------------------+---------+---------+----------+----------+-----+-----+---------+
        |                                                                           |                                                                 |  Latency (cycles) |  Latency (absolute) |  Interval | Pipeline|
        |                                  Instance                                 |                              Module                             |   min   |   max   |    min   |    max   | min | max |   Type  |
        +---------------------------------------------------------------------------+-----------------------------------------------------------------+---------+---------+----------+----------+-----+-----+---------+
        |grp_MatMul_QK_tiled_18_Pipeline_VITIS_LOOP_1656_1_VITIS_LOOP_1657_2_fu_54  |MatMul_QK_tiled_18_Pipeline_VITIS_LOOP_1656_1_VITIS_LOOP_1657_2  |      818|      818|  8.180 us|  8.180 us|  818|  818|       no|
        |grp_MatMul_QK_tiled_18_Pipeline_VITIS_LOOP_1682_6_fu_62                    |MatMul_QK_tiled_18_Pipeline_VITIS_LOOP_1682_6                    |       50|       50|  0.500 us|  0.500 us|   50|   50|       no|
        |grp_MatMul_QK_tiled_18_Pipeline_VITIS_LOOP_1701_8_fu_69                    |MatMul_QK_tiled_18_Pipeline_VITIS_LOOP_1701_8                    |       65|       65|  0.650 us|  0.650 us|   65|   65|       no|
        +---------------------------------------------------------------------------+-----------------------------------------------------------------+---------+---------+----------+----------+-----+-----+---------+

        * Loop: 
        +---------------------+---------+---------+----------+-----------+-----------+------+----------+
        |                     |  Latency (cycles) | Iteration|  Initiation Interval  | Trip |          |
        |      Loop Name      |   min   |   max   |  Latency |  achieved |   target  | Count| Pipelined|
        +---------------------+---------+---------+----------+-----------+-----------+------+----------+
        |- VITIS_LOOP_1678_4  |     2040|     2040|       120|          -|          -|    17|        no|
        +---------------------+---------+---------+----------+-----------+-----------+------+----------+



================================================================
== Utilization Estimates
================================================================
* Summary: 
+---------------------+---------+-------+---------+---------+------+
|         Name        | BRAM_18K|  DSP  |    FF   |   LUT   | URAM |
+---------------------+---------+-------+---------+---------+------+
|DSP                  |        -|      -|        -|        -|     -|
|Expression           |        -|      -|        0|       23|     -|
|FIFO                 |        -|      -|        -|        -|     -|
|Instance             |        -|     30|      903|     3240|     -|
|Memory               |       15|      -|        8|        9|     0|
|Multiplexer          |        -|      -|        -|      438|     -|
|Register             |        -|      -|       17|        -|     -|
+---------------------+---------+-------+---------+---------+------+
|Total                |       15|     30|      928|     3710|     0|
+---------------------+---------+-------+---------+---------+------+
|Available SLR        |     1344|   3072|   864000|   432000|   320|
+---------------------+---------+-------+---------+---------+------+
|Utilization SLR (%)  |        1|     ~0|       ~0|       ~0|     0|
+---------------------+---------+-------+---------+---------+------+
|Available            |     5376|  12288|  3456000|  1728000|  1280|
+---------------------+---------+-------+---------+---------+------+
|Utilization (%)      |       ~0|     ~0|       ~0|       ~0|     0|
+---------------------+---------+-------+---------+---------+------+

+ Detail: 
    * Instance: 
    +---------------------------------------------------------------------------+-----------------------------------------------------------------+---------+----+-----+------+-----+
    |                                  Instance                                 |                              Module                             | BRAM_18K| DSP|  FF |  LUT | URAM|
    +---------------------------------------------------------------------------+-----------------------------------------------------------------+---------+----+-----+------+-----+
    |grp_MatMul_QK_tiled_18_Pipeline_VITIS_LOOP_1656_1_VITIS_LOOP_1657_2_fu_54  |MatMul_QK_tiled_18_Pipeline_VITIS_LOOP_1656_1_VITIS_LOOP_1657_2  |        0|   0|   24|   177|    0|
    |grp_MatMul_QK_tiled_18_Pipeline_VITIS_LOOP_1682_6_fu_62                    |MatMul_QK_tiled_18_Pipeline_VITIS_LOOP_1682_6                    |        0|   0|   15|    72|    0|
    |grp_MatMul_QK_tiled_18_Pipeline_VITIS_LOOP_1701_8_fu_69                    |MatMul_QK_tiled_18_Pipeline_VITIS_LOOP_1701_8                    |        0|  30|  864|  2991|    0|
    +---------------------------------------------------------------------------+-----------------------------------------------------------------+---------+----+-----+------+-----+
    |Total                                                                      |                                                                 |        0|  30|  903|  3240|    0|
    +---------------------------------------------------------------------------+-----------------------------------------------------------------+---------+----+-----+------+-----+

    * DSP: 
    N/A

    * Memory: 
    +--------------+----------------------------------------------------------------------------------+---------+---+----+-----+------+-----+------+-------------+
    |    Memory    |                                      Module                                      | BRAM_18K| FF| LUT| URAM| Words| Bits| Banks| W*Bits*Banks|
    +--------------+----------------------------------------------------------------------------------+---------+---+----+-----+------+-----+------+-------------+
    |buff_K_V_U    |MatMul_QK_tiled_17_48_17_1_1_1_1_1_137_16_0_ap_int_8_ap_int_32_18_buff_K_V_RAg8j  |       15|  0|   0|    0|   816|    8|     1|         6528|
    |tile_Q_V_0_U  |MatMul_QK_tiled_17_48_17_1_1_1_1_1_137_16_0_ap_int_8_ap_int_32_18_tile_Q_V_0_hbi  |        0|  8|   9|    0|    48|    8|     1|          384|
    +--------------+----------------------------------------------------------------------------------+---------+---+----+-----+------+-----+------+-------------+
    |Total         |                                                                                  |       15|  8|   9|    0|   864|   16|     2|         6912|
    +--------------+----------------------------------------------------------------------------------+---------+---+----+-----+------+-----+------+-------------+

    * FIFO: 
    N/A

    * Expression: 
    +----------------------+----------+----+---+----+------------+------------+
    |     Variable Name    | Operation| DSP| FF| LUT| Bitwidth P0| Bitwidth P1|
    +----------------------+----------+----+---+----+------------+------------+
    |m_17_fu_91_p2         |         +|   0|  0|  12|           5|           1|
    |icmp_ln1678_fu_85_p2  |      icmp|   0|  0|   9|           5|           5|
    |ap_block_state1       |        or|   0|  0|   2|           1|           1|
    +----------------------+----------+----+---+----+------------+------------+
    |Total                 |          |   0|  0|  23|          11|           7|
    +----------------------+----------+----+---+----+------------+------------+

    * Multiplexer: 
    +---------------------+----+-----------+-----+-----------+
    |         Name        | LUT| Input Size| Bits| Total Bits|
    +---------------------+----+-----------+-----+-----------+
    |A_1_write            |   9|          2|    1|          2|
    |K_1_1_read           |   9|          2|    1|          2|
    |Q_1_1_read           |   9|          2|    1|          2|
    |ap_NS_fsm            |  49|          9|    1|          9|
    |ap_done              |   9|          2|    1|          2|
    |buff_K_V_address0    |  14|          3|   10|         30|
    |buff_K_V_ce0         |  14|          3|    1|          3|
    |buff_K_V_ce1         |   9|          2|    1|          2|
    |buff_K_V_ce10        |   9|          2|    1|          2|
    |buff_K_V_ce11        |   9|          2|    1|          2|
    |buff_K_V_ce12        |   9|          2|    1|          2|
    |buff_K_V_ce13        |   9|          2|    1|          2|
    |buff_K_V_ce14        |   9|          2|    1|          2|
    |buff_K_V_ce15        |   9|          2|    1|          2|
    |buff_K_V_ce2         |   9|          2|    1|          2|
    |buff_K_V_ce3         |   9|          2|    1|          2|
    |buff_K_V_ce4         |   9|          2|    1|          2|
    |buff_K_V_ce5         |   9|          2|    1|          2|
    |buff_K_V_ce6         |   9|          2|    1|          2|
    |buff_K_V_ce7         |   9|          2|    1|          2|
    |buff_K_V_ce8         |   9|          2|    1|          2|
    |buff_K_V_ce9         |   9|          2|    1|          2|
    |buff_K_V_we0         |   9|          2|    1|          2|
    |m_fu_42              |   9|          2|    5|         10|
    |tile_Q_V_0_address0  |  14|          3|    6|         18|
    |tile_Q_V_0_ce0       |  14|          3|    1|          3|
    |tile_Q_V_0_ce1       |   9|          2|    1|          2|
    |tile_Q_V_0_ce10      |   9|          2|    1|          2|
    |tile_Q_V_0_ce11      |   9|          2|    1|          2|
    |tile_Q_V_0_ce12      |   9|          2|    1|          2|
    |tile_Q_V_0_ce13      |   9|          2|    1|          2|
    |tile_Q_V_0_ce14      |   9|          2|    1|          2|
    |tile_Q_V_0_ce15      |   9|          2|    1|          2|
    |tile_Q_V_0_ce2       |   9|          2|    1|          2|
    |tile_Q_V_0_ce3       |   9|          2|    1|          2|
    |tile_Q_V_0_ce4       |   9|          2|    1|          2|
    |tile_Q_V_0_ce5       |   9|          2|    1|          2|
    |tile_Q_V_0_ce6       |   9|          2|    1|          2|
    |tile_Q_V_0_ce7       |   9|          2|    1|          2|
    |tile_Q_V_0_ce8       |   9|          2|    1|          2|
    |tile_Q_V_0_ce9       |   9|          2|    1|          2|
    |tile_Q_V_0_we0       |   9|          2|    1|          2|
    +---------------------+----+-----------+-----+-----------+
    |Total                | 438|         95|   60|        145|
    +---------------------+----+-----------+-----+-----------+

    * Register: 
    +----------------------------------------------------------------------------------------+---+----+-----+-----------+
    |                                          Name                                          | FF| LUT| Bits| Const Bits|
    +----------------------------------------------------------------------------------------+---+----+-----+-----------+
    |ap_CS_fsm                                                                               |  8|   0|    8|          0|
    |ap_done_reg                                                                             |  1|   0|    1|          0|
    |grp_MatMul_QK_tiled_18_Pipeline_VITIS_LOOP_1656_1_VITIS_LOOP_1657_2_fu_54_ap_start_reg  |  1|   0|    1|          0|
    |grp_MatMul_QK_tiled_18_Pipeline_VITIS_LOOP_1682_6_fu_62_ap_start_reg                    |  1|   0|    1|          0|
    |grp_MatMul_QK_tiled_18_Pipeline_VITIS_LOOP_1701_8_fu_69_ap_start_reg                    |  1|   0|    1|          0|
    |m_fu_42                                                                                 |  5|   0|    5|          0|
    +----------------------------------------------------------------------------------------+---+----+-----+-----------+
    |Total                                                                                   | 17|   0|   17|          0|
    +----------------------------------------------------------------------------------------+---+----+-----+-----------+



================================================================
== Interface
================================================================
* Summary: 
+----------------------+-----+-----+------------+-----------------------------------------------------------------------------------+--------------+
|       RTL Ports      | Dir | Bits|  Protocol  |                                   Source Object                                   |    C Type    |
+----------------------+-----+-----+------------+-----------------------------------------------------------------------------------+--------------+
|ap_clk                |   in|    1|  ap_ctrl_hs|  MatMul_QK_tiled<17, 48, 17, 1, 1, 1, 1, 1, 137, 16, 0, ap_int<8>, ap_int<32> >.18|  return value|
|ap_rst                |   in|    1|  ap_ctrl_hs|  MatMul_QK_tiled<17, 48, 17, 1, 1, 1, 1, 1, 137, 16, 0, ap_int<8>, ap_int<32> >.18|  return value|
|ap_start              |   in|    1|  ap_ctrl_hs|  MatMul_QK_tiled<17, 48, 17, 1, 1, 1, 1, 1, 137, 16, 0, ap_int<8>, ap_int<32> >.18|  return value|
|ap_done               |  out|    1|  ap_ctrl_hs|  MatMul_QK_tiled<17, 48, 17, 1, 1, 1, 1, 1, 137, 16, 0, ap_int<8>, ap_int<32> >.18|  return value|
|ap_continue           |   in|    1|  ap_ctrl_hs|  MatMul_QK_tiled<17, 48, 17, 1, 1, 1, 1, 1, 137, 16, 0, ap_int<8>, ap_int<32> >.18|  return value|
|ap_idle               |  out|    1|  ap_ctrl_hs|  MatMul_QK_tiled<17, 48, 17, 1, 1, 1, 1, 1, 137, 16, 0, ap_int<8>, ap_int<32> >.18|  return value|
|ap_ready              |  out|    1|  ap_ctrl_hs|  MatMul_QK_tiled<17, 48, 17, 1, 1, 1, 1, 1, 137, 16, 0, ap_int<8>, ap_int<32> >.18|  return value|
|Q_1_1_dout            |   in|    8|     ap_fifo|                                                                              Q_1_1|       pointer|
|Q_1_1_num_data_valid  |   in|    2|     ap_fifo|                                                                              Q_1_1|       pointer|
|Q_1_1_fifo_cap        |   in|    2|     ap_fifo|                                                                              Q_1_1|       pointer|
|Q_1_1_empty_n         |   in|    1|     ap_fifo|                                                                              Q_1_1|       pointer|
|Q_1_1_read            |  out|    1|     ap_fifo|                                                                              Q_1_1|       pointer|
|K_1_1_dout            |   in|    8|     ap_fifo|                                                                              K_1_1|       pointer|
|K_1_1_num_data_valid  |   in|    2|     ap_fifo|                                                                              K_1_1|       pointer|
|K_1_1_fifo_cap        |   in|    2|     ap_fifo|                                                                              K_1_1|       pointer|
|K_1_1_empty_n         |   in|    1|     ap_fifo|                                                                              K_1_1|       pointer|
|K_1_1_read            |  out|    1|     ap_fifo|                                                                              K_1_1|       pointer|
|A_1_din               |  out|    8|     ap_fifo|                                                                                A_1|       pointer|
|A_1_num_data_valid    |   in|    2|     ap_fifo|                                                                                A_1|       pointer|
|A_1_fifo_cap          |   in|    2|     ap_fifo|                                                                                A_1|       pointer|
|A_1_full_n            |   in|    1|     ap_fifo|                                                                                A_1|       pointer|
|A_1_write             |  out|    1|     ap_fifo|                                                                                A_1|       pointer|
+----------------------+-----+-----+------------+-----------------------------------------------------------------------------------+--------------+

