

================================================================
== Vitis HLS Report for 'merge_heads'
================================================================
* Date:           Thu Jun 18 11:12:05 2026

* Version:        2022.2 (Build 3670227 on Oct 13 2022)
* Project:        ViT_Block
* Solution:       ViT_Block (Vivado IP Flow Target)
* Product family: virtexuplus
* Target device:  xcu250-figd2104-2L-e


================================================================
== Performance Estimates
================================================================
+ Timing: 
    * Summary: 
    +--------+----------+----------+------------+
    |  Clock |  Target  | Estimated| Uncertainty|
    +--------+----------+----------+------------+
    |ap_clk  |  10.00 ns|  3.183 ns|     2.70 ns|
    +--------+----------+----------+------------+

+ Latency: 
    * Summary: 
    +---------+---------+-----------+-----------+------+------+---------+
    |  Latency (cycles) |   Latency (absolute)  |   Interval  | Pipeline|
    |   min   |   max   |    min    |    max    |  min |  max |   Type  |
    +---------+---------+-----------+-----------+------+------+---------+
    |     3266|     3266|  32.660 us|  32.660 us|  3266|  3266|       no|
    +---------+---------+-----------+-----------+------+------+---------+

    + Detail: 
        * Instance: 
        N/A

        * Loop: 
        +------------------------------------------------------+---------+---------+----------+-----------+-----------+------+----------+
        |                                                      |  Latency (cycles) | Iteration|  Initiation Interval  | Trip |          |
        |                       Loop Name                      |   min   |   max   |  Latency |  achieved |   target  | Count| Pipelined|
        +------------------------------------------------------+---------+---------+----------+-----------+-----------+------+----------+
        |- VITIS_LOOP_178_1_VITIS_LOOP_179_2_VITIS_LOOP_180_3  |     3264|     3264|         2|          1|          1|  3264|       yes|
        +------------------------------------------------------+---------+---------+----------+-----------+-----------+------+----------+



================================================================
== Utilization Estimates
================================================================
* Summary: 
+---------------------+---------+-------+---------+---------+------+
|         Name        | BRAM_18K|  DSP  |    FF   |   LUT   | URAM |
+---------------------+---------+-------+---------+---------+------+
|DSP                  |        -|      -|        -|        -|     -|
|Expression           |        -|      -|        0|      138|     -|
|FIFO                 |        -|      -|        -|        -|     -|
|Instance             |        -|      -|        -|        -|     -|
|Memory               |        -|      -|        -|        -|     -|
|Multiplexer          |        -|      -|        -|      161|     -|
|Register             |        -|      -|       36|        -|     -|
+---------------------+---------+-------+---------+---------+------+
|Total                |        0|      0|       36|      299|     0|
+---------------------+---------+-------+---------+---------+------+
|Available SLR        |     1344|   3072|   864000|   432000|   320|
+---------------------+---------+-------+---------+---------+------+
|Utilization SLR (%)  |        0|      0|       ~0|       ~0|     0|
+---------------------+---------+-------+---------+---------+------+
|Available            |     5376|  12288|  3456000|  1728000|  1280|
+---------------------+---------+-------+---------+---------+------+
|Utilization (%)      |        0|      0|       ~0|       ~0|     0|
+---------------------+---------+-------+---------+---------+------+

+ Detail: 
    * Instance: 
    N/A

    * DSP: 
    N/A

    * Memory: 
    N/A

    * FIFO: 
    N/A

    * Expression: 
    +----------------------------------+----------+----+---+----+------------+------------+
    |           Variable Name          | Operation| DSP| FF| LUT| Bitwidth P0| Bitwidth P1|
    +----------------------------------+----------+----+---+----+------------+------------+
    |add_ln178_fu_170_p2               |         +|   0|  0|  19|          12|           1|
    |add_ln179_1_fu_269_p2             |         +|   0|  0|  16|           9|           1|
    |add_ln179_fu_223_p2               |         +|   0|  0|  10|           3|           1|
    |add_ln180_fu_249_p2               |         +|   0|  0|  13|           6|           1|
    |and_ln178_fu_217_p2               |       and|   0|  0|   2|           1|           1|
    |ap_condition_166                  |       and|   0|  0|   2|           1|           1|
    |ap_predicate_op52_read_state2     |       and|   0|  0|   2|           1|           1|
    |ap_predicate_op54_read_state2     |       and|   0|  0|   2|           1|           1|
    |ap_predicate_op56_read_state2     |       and|   0|  0|   2|           1|           1|
    |ap_predicate_op58_read_state2     |       and|   0|  0|   2|           1|           1|
    |icmp_ln178_fu_164_p2              |      icmp|   0|  0|  12|          12|          11|
    |icmp_ln179_fu_179_p2              |      icmp|   0|  0|  11|           9|           8|
    |icmp_ln180_fu_211_p2              |      icmp|   0|  0|  10|           6|           6|
    |ap_block_pp0_stage0_01001         |        or|   0|  0|   2|           1|           1|
    |ap_block_state2_pp0_stage0_iter1  |        or|   0|  0|   2|           1|           1|
    |or_ln180_fu_255_p2                |        or|   0|  0|   2|           1|           1|
    |i_fu_261_p3                       |    select|   0|  0|   6|           1|           1|
    |select_ln178_1_fu_197_p3          |    select|   0|  0|   2|           1|           1|
    |select_ln178_fu_185_p3            |    select|   0|  0|   3|           1|           1|
    |select_ln179_1_fu_241_p3          |    select|   0|  0|   3|           1|           3|
    |select_ln179_2_fu_275_p3          |    select|   0|  0|   9|           1|           1|
    |select_ln179_fu_233_p3            |    select|   0|  0|   2|           1|           2|
    |ap_enable_pp0                     |       xor|   0|  0|   2|           1|           2|
    |xor_ln178_fu_205_p2               |       xor|   0|  0|   2|           1|           2|
    +----------------------------------+----------+----+---+----+------------+------------+
    |Total                             |          |   0|  0| 138|          74|          51|
    +----------------------------------+----------+----+---+----+------------+------------+

    * Multiplexer: 
    +----------------------------------------+----+-----------+-----+-----------+
    |                  Name                  | LUT| Input Size| Bits| Total Bits|
    +----------------------------------------+----+-----------+-----+-----------+
    |ap_done_int                             |   9|          2|    1|          2|
    |ap_enable_reg_pp0_iter1                 |   9|          2|    1|          2|
    |ap_phi_mux_empty_phi_fu_120_p8          |  26|          5|    8|         40|
    |ap_sig_allocacmp_h_load                 |   9|          2|    3|          6|
    |ap_sig_allocacmp_i_19                   |   9|          2|    6|         12|
    |ap_sig_allocacmp_indvar_flatten13_load  |   9|          2|   12|         24|
    |ap_sig_allocacmp_indvar_flatten_load    |   9|          2|    9|         18|
    |h_fu_74                                 |   9|          2|    3|          6|
    |head_out_0_blk_n                        |   9|          2|    1|          2|
    |head_out_1_blk_n                        |   9|          2|    1|          2|
    |head_out_2_blk_n                        |   9|          2|    1|          2|
    |head_out_3_blk_n                        |   9|          2|    1|          2|
    |i_02_fu_70                              |   9|          2|    6|         12|
    |indvar_flatten13_fu_82                  |   9|          2|   12|         24|
    |indvar_flatten_fu_78                    |   9|          2|    9|         18|
    |out_linear4_blk_n                       |   9|          2|    1|          2|
    +----------------------------------------+----+-----------+-----+-----------+
    |Total                                   | 161|         35|   75|        174|
    +----------------------------------------+----+-----------+-----+-----------+

    * Register: 
    +-------------------------+----+----+-----+-----------+
    |           Name          | FF | LUT| Bits| Const Bits|
    +-------------------------+----+----+-----+-----------+
    |ap_CS_fsm                |   1|   0|    1|          0|
    |ap_done_reg              |   1|   0|    1|          0|
    |ap_enable_reg_pp0_iter1  |   1|   0|    1|          0|
    |h_fu_74                  |   3|   0|    3|          0|
    |i_02_fu_70               |   6|   0|    6|          0|
    |icmp_ln178_reg_331       |   1|   0|    1|          0|
    |indvar_flatten13_fu_82   |  12|   0|   12|          0|
    |indvar_flatten_fu_78     |   9|   0|    9|          0|
    |select_ln179_reg_335     |   2|   0|    2|          0|
    +-------------------------+----+----+-----+-----------+
    |Total                    |  36|   0|   36|          0|
    +-------------------------+----+----+-----+-----------+



================================================================
== Interface
================================================================
* Summary: 
+----------------------------+-----+-----+------------+--------------+--------------+
|          RTL Ports         | Dir | Bits|  Protocol  | Source Object|    C Type    |
+----------------------------+-----+-----+------------+--------------+--------------+
|ap_clk                      |   in|    1|  ap_ctrl_hs|   merge_heads|  return value|
|ap_rst                      |   in|    1|  ap_ctrl_hs|   merge_heads|  return value|
|ap_start                    |   in|    1|  ap_ctrl_hs|   merge_heads|  return value|
|ap_done                     |  out|    1|  ap_ctrl_hs|   merge_heads|  return value|
|ap_continue                 |   in|    1|  ap_ctrl_hs|   merge_heads|  return value|
|ap_idle                     |  out|    1|  ap_ctrl_hs|   merge_heads|  return value|
|ap_ready                    |  out|    1|  ap_ctrl_hs|   merge_heads|  return value|
|head_out_2_dout             |   in|    8|     ap_fifo|    head_out_2|       pointer|
|head_out_2_num_data_valid   |   in|    2|     ap_fifo|    head_out_2|       pointer|
|head_out_2_fifo_cap         |   in|    2|     ap_fifo|    head_out_2|       pointer|
|head_out_2_empty_n          |   in|    1|     ap_fifo|    head_out_2|       pointer|
|head_out_2_read             |  out|    1|     ap_fifo|    head_out_2|       pointer|
|head_out_1_dout             |   in|    8|     ap_fifo|    head_out_1|       pointer|
|head_out_1_num_data_valid   |   in|    2|     ap_fifo|    head_out_1|       pointer|
|head_out_1_fifo_cap         |   in|    2|     ap_fifo|    head_out_1|       pointer|
|head_out_1_empty_n          |   in|    1|     ap_fifo|    head_out_1|       pointer|
|head_out_1_read             |  out|    1|     ap_fifo|    head_out_1|       pointer|
|head_out_0_dout             |   in|    8|     ap_fifo|    head_out_0|       pointer|
|head_out_0_num_data_valid   |   in|    2|     ap_fifo|    head_out_0|       pointer|
|head_out_0_fifo_cap         |   in|    2|     ap_fifo|    head_out_0|       pointer|
|head_out_0_empty_n          |   in|    1|     ap_fifo|    head_out_0|       pointer|
|head_out_0_read             |  out|    1|     ap_fifo|    head_out_0|       pointer|
|head_out_3_dout             |   in|    8|     ap_fifo|    head_out_3|       pointer|
|head_out_3_num_data_valid   |   in|    2|     ap_fifo|    head_out_3|       pointer|
|head_out_3_fifo_cap         |   in|    2|     ap_fifo|    head_out_3|       pointer|
|head_out_3_empty_n          |   in|    1|     ap_fifo|    head_out_3|       pointer|
|head_out_3_read             |  out|    1|     ap_fifo|    head_out_3|       pointer|
|out_linear4_din             |  out|    8|     ap_fifo|   out_linear4|       pointer|
|out_linear4_num_data_valid  |   in|    2|     ap_fifo|   out_linear4|       pointer|
|out_linear4_fifo_cap        |   in|    2|     ap_fifo|   out_linear4|       pointer|
|out_linear4_full_n          |   in|    1|     ap_fifo|   out_linear4|       pointer|
|out_linear4_write           |  out|    1|     ap_fifo|   out_linear4|       pointer|
+----------------------------+-----+-----+------------+--------------+--------------+

