

================================================================
== Vitis HLS Report for 'MM_tiled_4'
================================================================
* Date:           Thu Jun 18 11:11:58 2026

* Version:        2022.2 (Build 3670227 on Oct 13 2022)
* Project:        ViT_Block
* Solution:       ViT_Block (Vivado IP Flow Target)
* Product family: virtexuplus
* Target device:  xcu250-figd2104-2L-e


================================================================
== Performance Estimates
================================================================
+ Timing: 
    * Summary: 
    +--------+----------+----------+------------+
    |  Clock |  Target  | Estimated| Uncertainty|
    +--------+----------+----------+------------+
    |ap_clk  |  10.00 ns|  4.190 ns|     2.70 ns|
    +--------+----------+----------+------------+

+ Latency: 
    * Summary: 
    +---------+---------+-----------+-----------+------+------+----------+
    |  Latency (cycles) |   Latency (absolute)  |   Interval  | Pipeline |
    |   min   |   max   |    min    |    max    |  min |  max |   Type   |
    +---------+---------+-----------+-----------+------+------+----------+
    |     2861|     2861|  28.610 us|  28.610 us|  2862|  2862|  dataflow|
    +---------+---------+-----------+-----------+------+------+----------+

    + Detail: 
        * Instance: 
        +----------------------------------------------------------------------+-------------------------------------------------------------------+---------+---------+-----------+-----------+------+------+---------+
        |                                                                      |                                                                   |  Latency (cycles) |   Latency (absolute)  |   Interval  | Pipeline|
        |                               Instance                               |                               Module                              |   min   |   max   |    min    |    max    |  min |  max |   Type  |
        +----------------------------------------------------------------------+-------------------------------------------------------------------+---------+---------+-----------+-----------+------+------+---------+
        |MatMul_QK_tiled_17_48_17_1_1_1_1_1_137_16_0_ap_int_8_ap_int_32_18_U0  |MatMul_QK_tiled_17_48_17_1_1_1_1_1_137_16_0_ap_int_8_ap_int_32_18  |     2861|     2861|  28.610 us|  28.610 us|  2861|  2861|       no|
        +----------------------------------------------------------------------+-------------------------------------------------------------------+---------+---------+-----------+-----------+------+------+---------+

        * Loop: 
        N/A



================================================================
== Utilization Estimates
================================================================
* Summary: 
+---------------------+---------+-------+---------+---------+------+
|         Name        | BRAM_18K|  DSP  |    FF   |   LUT   | URAM |
+---------------------+---------+-------+---------+---------+------+
|DSP                  |        -|      -|        -|        -|     -|
|Expression           |        -|      -|        -|        -|     -|
|FIFO                 |        -|      -|        -|        -|     -|
|Instance             |       15|     30|      928|     3710|     0|
|Memory               |        -|      -|        -|        -|     -|
|Multiplexer          |        -|      -|        -|        9|     -|
|Register             |        -|      -|        1|        -|     -|
+---------------------+---------+-------+---------+---------+------+
|Total                |       15|     30|      929|     3719|     0|
+---------------------+---------+-------+---------+---------+------+
|Available SLR        |     1344|   3072|   864000|   432000|   320|
+---------------------+---------+-------+---------+---------+------+
|Utilization SLR (%)  |        1|     ~0|       ~0|       ~0|     0|
+---------------------+---------+-------+---------+---------+------+
|Available            |     5376|  12288|  3456000|  1728000|  1280|
+---------------------+---------+-------+---------+---------+------+
|Utilization (%)      |       ~0|     ~0|       ~0|       ~0|     0|
+---------------------+---------+-------+---------+---------+------+

+ Detail: 
    * Instance: 
    +----------------------------------------------------------------------+-------------------------------------------------------------------+---------+----+-----+------+-----+
    |                               Instance                               |                               Module                              | BRAM_18K| DSP|  FF |  LUT | URAM|
    +----------------------------------------------------------------------+-------------------------------------------------------------------+---------+----+-----+------+-----+
    |MatMul_QK_tiled_17_48_17_1_1_1_1_1_137_16_0_ap_int_8_ap_int_32_18_U0  |MatMul_QK_tiled_17_48_17_1_1_1_1_1_137_16_0_ap_int_8_ap_int_32_18  |       15|  30|  928|  3710|    0|
    +----------------------------------------------------------------------+-------------------------------------------------------------------+---------+----+-----+------+-----+
    |Total                                                                 |                                                                   |       15|  30|  928|  3710|    0|
    +----------------------------------------------------------------------+-------------------------------------------------------------------+---------+----+-----+------+-----+

    * DSP: 
    N/A

    * Memory: 
    N/A

    * FIFO: 
    N/A

    * Expression: 
    N/A

    * Multiplexer: 
    +------------+----+-----------+-----+-----------+
    |    Name    | LUT| Input Size| Bits| Total Bits|
    +------------+----+-----------+-----+-----------+
    |real_start  |   9|          2|    1|          2|
    +------------+----+-----------+-----+-----------+
    |Total       |   9|          2|    1|          2|
    +------------+----+-----------+-----+-----------+

    * Register: 
    +----------------+---+----+-----+-----------+
    |      Name      | FF| LUT| Bits| Const Bits|
    +----------------+---+----+-----+-----------+
    |start_once_reg  |  1|   0|    1|          0|
    +----------------+---+----+-----+-----------+
    |Total           |  1|   0|    1|          0|
    +----------------+---+----+-----+-----------+



================================================================
== Interface
================================================================
* Summary: 
+---------------+-----+-----+------------+--------------+--------------+
|   RTL Ports   | Dir | Bits|  Protocol  | Source Object|    C Type    |
+---------------+-----+-----+------------+--------------+--------------+
|ap_start       |   in|    1|  ap_ctrl_hs|    MM_tiled.4|  return value|
|start_full_n   |   in|    1|  ap_ctrl_hs|    MM_tiled.4|  return value|
|start_out      |  out|    1|  ap_ctrl_hs|    MM_tiled.4|  return value|
|start_write    |  out|    1|  ap_ctrl_hs|    MM_tiled.4|  return value|
|ap_clk         |   in|    1|  ap_ctrl_hs|    MM_tiled.4|  return value|
|ap_rst         |   in|    1|  ap_ctrl_hs|    MM_tiled.4|  return value|
|ap_done        |  out|    1|  ap_ctrl_hs|    MM_tiled.4|  return value|
|ap_ready       |  out|    1|  ap_ctrl_hs|    MM_tiled.4|  return value|
|ap_idle        |  out|    1|  ap_ctrl_hs|    MM_tiled.4|  return value|
|ap_continue    |   in|    1|  ap_ctrl_hs|    MM_tiled.4|  return value|
|Q_1_1_dout     |   in|    8|     ap_fifo|         Q_1_1|       pointer|
|Q_1_1_empty_n  |   in|    1|     ap_fifo|         Q_1_1|       pointer|
|Q_1_1_read     |  out|    1|     ap_fifo|         Q_1_1|       pointer|
|K_1_1_dout     |   in|    8|     ap_fifo|         K_1_1|       pointer|
|K_1_1_empty_n  |   in|    1|     ap_fifo|         K_1_1|       pointer|
|K_1_1_read     |  out|    1|     ap_fifo|         K_1_1|       pointer|
|A_1_din        |  out|    8|     ap_fifo|           A_1|       pointer|
|A_1_full_n     |   in|    1|     ap_fifo|           A_1|       pointer|
|A_1_write      |  out|    1|     ap_fifo|           A_1|       pointer|
+---------------+-----+-----+------------+--------------+--------------+

