

================================================================
== Vitis HLS Report for 'Out_linear_tiled'
================================================================
* Date:           Thu Jun 18 11:12:06 2026

* Version:        2022.2 (Build 3670227 on Oct 13 2022)
* Project:        ViT_Block
* Solution:       ViT_Block (Vivado IP Flow Target)
* Product family: virtexuplus
* Target device:  xcu250-figd2104-2L-e


================================================================
== Performance Estimates
================================================================
+ Timing: 
    * Summary: 
    +--------+----------+----------+------------+
    |  Clock |  Target  | Estimated| Uncertainty|
    +--------+----------+----------+------------+
    |ap_clk  |  10.00 ns|  7.300 ns|     2.70 ns|
    +--------+----------+----------+------------+

+ Latency: 
    * Summary: 
    +---------+---------+----------+----------+-----+-----+----------+
    |  Latency (cycles) |  Latency (absolute) |  Interval | Pipeline |
    |   min   |   max   |    min   |    max   | min | max |   Type   |
    +---------+---------+----------+----------+-----+-----+----------+
    |        ?|        ?|         ?|         ?|    ?|    ?|  dataflow|
    +---------+---------+----------+----------+-----+-----+----------+

    + Detail: 
        * Instance: 
        +--------------------------------------------------------------+-----------------------------------------------------------+---------+---------+----------+----------+--------+--------+---------+
        |                                                              |                                                           |  Latency (cycles) |  Latency (absolute) |     Interval    | Pipeline|
        |                           Instance                           |                           Module                          |   min   |   max   |    min   |    max   |   min  |   max  |   Type  |
        +--------------------------------------------------------------+-----------------------------------------------------------+---------+---------+----------+----------+--------+--------+---------+
        |WeightTiledStreaming_3_17_192_192_1_1_1_1_1_1_ap_int_8_24_U0  |WeightTiledStreaming_3_17_192_192_1_1_1_1_1_1_ap_int_8_24  |        ?|        ?|         ?|         ?|       ?|       ?|       no|
        |Linear_Layer_2_U0                                             |Linear_Layer_2                                             |   659482|   659482|  6.595 ms|  6.595 ms|  659482|  659482|       no|
        +--------------------------------------------------------------+-----------------------------------------------------------+---------+---------+----------+----------+--------+--------+---------+

        * Loop: 
        N/A



================================================================
== Utilization Estimates
================================================================
* Summary: 
+---------------------+---------+-------+---------+---------+------+
|         Name        | BRAM_18K|  DSP  |    FF   |   LUT   | URAM |
+---------------------+---------+-------+---------+---------+------+
|DSP                  |        -|      -|        -|        -|     -|
|Expression           |        -|      -|        0|        2|     -|
|FIFO                 |        -|      -|        9|       35|     -|
|Instance             |        2|      2|      427|     1469|     -|
|Memory               |        -|      -|        -|        -|     -|
|Multiplexer          |        -|      -|        -|        -|     -|
|Register             |        -|      -|        -|        -|     -|
+---------------------+---------+-------+---------+---------+------+
|Total                |        2|      2|      436|     1506|     0|
+---------------------+---------+-------+---------+---------+------+
|Available SLR        |     1344|   3072|   864000|   432000|   320|
+---------------------+---------+-------+---------+---------+------+
|Utilization SLR (%)  |       ~0|     ~0|       ~0|       ~0|     0|
+---------------------+---------+-------+---------+---------+------+
|Available            |     5376|  12288|  3456000|  1728000|  1280|
+---------------------+---------+-------+---------+---------+------+
|Utilization (%)      |       ~0|     ~0|       ~0|       ~0|     0|
+---------------------+---------+-------+---------+---------+------+

+ Detail: 
    * Instance: 
    +--------------------------------------------------------------+-----------------------------------------------------------+---------+----+-----+-----+-----+
    |                           Instance                           |                           Module                          | BRAM_18K| DSP|  FF | LUT | URAM|
    +--------------------------------------------------------------+-----------------------------------------------------------+---------+----+-----+-----+-----+
    |Linear_Layer_2_U0                                             |Linear_Layer_2                                             |        2|   2|  182|  654|    0|
    |WeightTiledStreaming_3_17_192_192_1_1_1_1_1_1_ap_int_8_24_U0  |WeightTiledStreaming_3_17_192_192_1_1_1_1_1_1_ap_int_8_24  |        0|   0|  245|  815|    0|
    +--------------------------------------------------------------+-----------------------------------------------------------+---------+----+-----+-----+-----+
    |Total                                                         |                                                           |        2|   2|  427| 1469|    0|
    +--------------------------------------------------------------+-----------------------------------------------------------+---------+----+-----+-----+-----+

    * DSP: 
    N/A

    * Memory: 
    N/A

    * FIFO: 
    +---------+---------+---+----+-----+------+-----+---------+
    |   Name  | BRAM_18K| FF| LUT| URAM| Depth| Bits| Size:D*B|
    +---------+---------+---+----+-----+------+-----+---------+
    |out_w_U  |        0|  9|   0|    -|    64|    8|      512|
    +---------+---------+---+----+-----+------+-----+---------+
    |Total    |        0|  9|   0|    0|    64|    8|      512|
    +---------+---------+---+----+-----+------+-----+---------+

    * Expression: 
    +--------------+----------+----+---+----+------------+------------+
    | Variable Name| Operation| DSP| FF| LUT| Bitwidth P0| Bitwidth P1|
    +--------------+----------+----+---+----+------------+------------+
    |ap_idle       |       and|   0|  0|   2|           1|           1|
    +--------------+----------+----+---+----+------------+------------+
    |Total         |          |   0|  0|   2|           1|           1|
    +--------------+----------+----+---+----+------------+------------+

    * Multiplexer: 
    N/A

    * Register: 
    N/A



================================================================
== Interface
================================================================
* Summary: 
+----------------------+-----+-----+------------+------------------+--------------+
|       RTL Ports      | Dir | Bits|  Protocol  |   Source Object  |    C Type    |
+----------------------+-----+-----+------------+------------------+--------------+
|m_axi_OUT_M_AWVALID   |  out|    1|       m_axi|             OUT_M|       pointer|
|m_axi_OUT_M_AWREADY   |   in|    1|       m_axi|             OUT_M|       pointer|
|m_axi_OUT_M_AWADDR    |  out|   64|       m_axi|             OUT_M|       pointer|
|m_axi_OUT_M_AWID      |  out|    1|       m_axi|             OUT_M|       pointer|
|m_axi_OUT_M_AWLEN     |  out|   32|       m_axi|             OUT_M|       pointer|
|m_axi_OUT_M_AWSIZE    |  out|    3|       m_axi|             OUT_M|       pointer|
|m_axi_OUT_M_AWBURST   |  out|    2|       m_axi|             OUT_M|       pointer|
|m_axi_OUT_M_AWLOCK    |  out|    2|       m_axi|             OUT_M|       pointer|
|m_axi_OUT_M_AWCACHE   |  out|    4|       m_axi|             OUT_M|       pointer|
|m_axi_OUT_M_AWPROT    |  out|    3|       m_axi|             OUT_M|       pointer|
|m_axi_OUT_M_AWQOS     |  out|    4|       m_axi|             OUT_M|       pointer|
|m_axi_OUT_M_AWREGION  |  out|    4|       m_axi|             OUT_M|       pointer|
|m_axi_OUT_M_AWUSER    |  out|    1|       m_axi|             OUT_M|       pointer|
|m_axi_OUT_M_WVALID    |  out|    1|       m_axi|             OUT_M|       pointer|
|m_axi_OUT_M_WREADY    |   in|    1|       m_axi|             OUT_M|       pointer|
|m_axi_OUT_M_WDATA     |  out|    8|       m_axi|             OUT_M|       pointer|
|m_axi_OUT_M_WSTRB     |  out|    1|       m_axi|             OUT_M|       pointer|
|m_axi_OUT_M_WLAST     |  out|    1|       m_axi|             OUT_M|       pointer|
|m_axi_OUT_M_WID       |  out|    1|       m_axi|             OUT_M|       pointer|
|m_axi_OUT_M_WUSER     |  out|    1|       m_axi|             OUT_M|       pointer|
|m_axi_OUT_M_ARVALID   |  out|    1|       m_axi|             OUT_M|       pointer|
|m_axi_OUT_M_ARREADY   |   in|    1|       m_axi|             OUT_M|       pointer|
|m_axi_OUT_M_ARADDR    |  out|   64|       m_axi|             OUT_M|       pointer|
|m_axi_OUT_M_ARID      |  out|    1|       m_axi|             OUT_M|       pointer|
|m_axi_OUT_M_ARLEN     |  out|   32|       m_axi|             OUT_M|       pointer|
|m_axi_OUT_M_ARSIZE    |  out|    3|       m_axi|             OUT_M|       pointer|
|m_axi_OUT_M_ARBURST   |  out|    2|       m_axi|             OUT_M|       pointer|
|m_axi_OUT_M_ARLOCK    |  out|    2|       m_axi|             OUT_M|       pointer|
|m_axi_OUT_M_ARCACHE   |  out|    4|       m_axi|             OUT_M|       pointer|
|m_axi_OUT_M_ARPROT    |  out|    3|       m_axi|             OUT_M|       pointer|
|m_axi_OUT_M_ARQOS     |  out|    4|       m_axi|             OUT_M|       pointer|
|m_axi_OUT_M_ARREGION  |  out|    4|       m_axi|             OUT_M|       pointer|
|m_axi_OUT_M_ARUSER    |  out|    1|       m_axi|             OUT_M|       pointer|
|m_axi_OUT_M_RVALID    |   in|    1|       m_axi|             OUT_M|       pointer|
|m_axi_OUT_M_RREADY    |  out|    1|       m_axi|             OUT_M|       pointer|
|m_axi_OUT_M_RDATA     |   in|    8|       m_axi|             OUT_M|       pointer|
|m_axi_OUT_M_RLAST     |   in|    1|       m_axi|             OUT_M|       pointer|
|m_axi_OUT_M_RID       |   in|    1|       m_axi|             OUT_M|       pointer|
|m_axi_OUT_M_RFIFONUM  |   in|   13|       m_axi|             OUT_M|       pointer|
|m_axi_OUT_M_RUSER     |   in|    1|       m_axi|             OUT_M|       pointer|
|m_axi_OUT_M_RRESP     |   in|    2|       m_axi|             OUT_M|       pointer|
|m_axi_OUT_M_BVALID    |   in|    1|       m_axi|             OUT_M|       pointer|
|m_axi_OUT_M_BREADY    |  out|    1|       m_axi|             OUT_M|       pointer|
|m_axi_OUT_M_BRESP     |   in|    2|       m_axi|             OUT_M|       pointer|
|m_axi_OUT_M_BID       |   in|    1|       m_axi|             OUT_M|       pointer|
|m_axi_OUT_M_BUSER     |   in|    1|       m_axi|             OUT_M|       pointer|
|in_w                  |   in|   64|     ap_none|              in_w|        scalar|
|in_w_ap_vld           |   in|    1|     ap_none|              in_w|        scalar|
|out_linear4_dout      |   in|    8|     ap_fifo|       out_linear4|       pointer|
|out_linear4_empty_n   |   in|    1|     ap_fifo|       out_linear4|       pointer|
|out_linear4_read      |  out|    1|     ap_fifo|       out_linear4|       pointer|
|out_mha8_din          |  out|    8|     ap_fifo|          out_mha8|       pointer|
|out_mha8_full_n       |   in|    1|     ap_fifo|          out_mha8|       pointer|
|out_mha8_write        |  out|    1|     ap_fifo|          out_mha8|       pointer|
|ap_clk                |   in|    1|  ap_ctrl_hs|  Out_linear_tiled|  return value|
|ap_rst                |   in|    1|  ap_ctrl_hs|  Out_linear_tiled|  return value|
|ap_start              |   in|    1|  ap_ctrl_hs|  Out_linear_tiled|  return value|
|ap_done               |  out|    1|  ap_ctrl_hs|  Out_linear_tiled|  return value|
|ap_ready              |  out|    1|  ap_ctrl_hs|  Out_linear_tiled|  return value|
|ap_idle               |  out|    1|  ap_ctrl_hs|  Out_linear_tiled|  return value|
|ap_continue           |   in|    1|  ap_ctrl_hs|  Out_linear_tiled|  return value|
+----------------------+-----+-----+------------+------------------+--------------+

