

================================================================
== Vitis HLS Report for 'split_heads_3'
================================================================
* Date:           Thu Jun 18 11:11:53 2026

* Version:        2022.2 (Build 3670227 on Oct 13 2022)
* Project:        ViT_Block
* Solution:       ViT_Block (Vivado IP Flow Target)
* Product family: virtexuplus
* Target device:  xcu250-figd2104-2L-e


================================================================
== Performance Estimates
================================================================
+ Timing: 
    * Summary: 
    +--------+----------+----------+------------+
    |  Clock |  Target  | Estimated| Uncertainty|
    +--------+----------+----------+------------+
    |ap_clk  |  10.00 ns|  2.730 ns|     2.70 ns|
    +--------+----------+----------+------------+

+ Latency: 
    * Summary: 
    +---------+---------+-----------+-----------+------+------+---------+
    |  Latency (cycles) |   Latency (absolute)  |   Interval  | Pipeline|
    |   min   |   max   |    min    |    max    |  min |  max |   Type  |
    +---------+---------+-----------+-----------+------+------+---------+
    |     3266|     3266|  32.660 us|  32.660 us|  3266|  3266|       no|
    +---------+---------+-----------+-----------+------+------+---------+

    + Detail: 
        * Instance: 
        N/A

        * Loop: 
        +------------------------------------------------------+---------+---------+----------+-----------+-----------+------+----------+
        |                                                      |  Latency (cycles) | Iteration|  Initiation Interval  | Trip |          |
        |                       Loop Name                      |   min   |   max   |  Latency |  achieved |   target  | Count| Pipelined|
        +------------------------------------------------------+---------+---------+----------+-----------+-----------+------+----------+
        |- VITIS_LOOP_156_1_VITIS_LOOP_157_2_VITIS_LOOP_158_3  |     3264|     3264|         2|          1|          1|  3264|       yes|
        +------------------------------------------------------+---------+---------+----------+-----------+-----------+------+----------+



================================================================
== Utilization Estimates
================================================================
* Summary: 
+---------------------+---------+-------+---------+---------+------+
|         Name        | BRAM_18K|  DSP  |    FF   |   LUT   | URAM |
+---------------------+---------+-------+---------+---------+------+
|DSP                  |        -|      -|        -|        -|     -|
|Expression           |        -|      -|        0|      130|     -|
|FIFO                 |        -|      -|        -|        -|     -|
|Instance             |        -|      -|        -|        -|     -|
|Memory               |        -|      -|        -|        -|     -|
|Multiplexer          |        -|      -|        -|      144|     -|
|Register             |        -|      -|       36|        -|     -|
+---------------------+---------+-------+---------+---------+------+
|Total                |        0|      0|       36|      274|     0|
+---------------------+---------+-------+---------+---------+------+
|Available SLR        |     1344|   3072|   864000|   432000|   320|
+---------------------+---------+-------+---------+---------+------+
|Utilization SLR (%)  |        0|      0|       ~0|       ~0|     0|
+---------------------+---------+-------+---------+---------+------+
|Available            |     5376|  12288|  3456000|  1728000|  1280|
+---------------------+---------+-------+---------+---------+------+
|Utilization (%)      |        0|      0|       ~0|       ~0|     0|
+---------------------+---------+-------+---------+---------+------+

+ Detail: 
    * Instance: 
    N/A

    * DSP: 
    N/A

    * Memory: 
    N/A

    * FIFO: 
    N/A

    * Expression: 
    +----------------------------------+----------+----+---+----+------------+------------+
    |           Variable Name          | Operation| DSP| FF| LUT| Bitwidth P0| Bitwidth P1|
    +----------------------------------+----------+----+---+----+------------+------------+
    |add_ln156_fu_159_p2               |         +|   0|  0|  19|          12|           1|
    |add_ln157_1_fu_258_p2             |         +|   0|  0|  16|           9|           1|
    |add_ln157_fu_212_p2               |         +|   0|  0|  10|           3|           1|
    |add_ln158_fu_238_p2               |         +|   0|  0|  13|           6|           1|
    |and_ln156_fu_206_p2               |       and|   0|  0|   2|           1|           1|
    |ap_condition_150                  |       and|   0|  0|   2|           1|           1|
    |icmp_ln156_fu_153_p2              |      icmp|   0|  0|  12|          12|          11|
    |icmp_ln157_fu_168_p2              |      icmp|   0|  0|  11|           9|           8|
    |icmp_ln158_fu_200_p2              |      icmp|   0|  0|  10|           6|           6|
    |ap_block_pp0_stage0_01001         |        or|   0|  0|   2|           1|           1|
    |ap_block_state2_pp0_stage0_iter1  |        or|   0|  0|   2|           1|           1|
    |or_ln158_fu_244_p2                |        or|   0|  0|   2|           1|           1|
    |i_4_fu_250_p3                     |    select|   0|  0|   6|           1|           1|
    |select_ln156_1_fu_186_p3          |    select|   0|  0|   2|           1|           1|
    |select_ln156_fu_174_p3            |    select|   0|  0|   3|           1|           1|
    |select_ln157_1_fu_230_p3          |    select|   0|  0|   3|           1|           3|
    |select_ln157_2_fu_264_p3          |    select|   0|  0|   9|           1|           1|
    |select_ln157_fu_222_p3            |    select|   0|  0|   2|           1|           2|
    |ap_enable_pp0                     |       xor|   0|  0|   2|           1|           2|
    |xor_ln156_fu_194_p2               |       xor|   0|  0|   2|           1|           2|
    +----------------------------------+----------+----+---+----+------------+------------+
    |Total                             |          |   0|  0| 130|          70|          47|
    +----------------------------------+----------+----+---+----+------------+------------+

    * Multiplexer: 
    +----------------------------------------+----+-----------+-----+-----------+
    |                  Name                  | LUT| Input Size| Bits| Total Bits|
    +----------------------------------------+----+-----------+-----+-----------+
    |V_1_0_blk_n                             |   9|          2|    1|          2|
    |V_1_1_blk_n                             |   9|          2|    1|          2|
    |V_1_2_blk_n                             |   9|          2|    1|          2|
    |V_1_3_blk_n                             |   9|          2|    1|          2|
    |ap_done_int                             |   9|          2|    1|          2|
    |ap_enable_reg_pp0_iter1                 |   9|          2|    1|          2|
    |ap_sig_allocacmp_h_load                 |   9|          2|    3|          6|
    |ap_sig_allocacmp_i_3                    |   9|          2|    6|         12|
    |ap_sig_allocacmp_indvar_flatten13_load  |   9|          2|   12|         24|
    |ap_sig_allocacmp_indvar_flatten_load    |   9|          2|    9|         18|
    |h_fu_74                                 |   9|          2|    3|          6|
    |i_fu_70                                 |   9|          2|    6|         12|
    |indvar_flatten13_fu_82                  |   9|          2|   12|         24|
    |indvar_flatten_fu_78                    |   9|          2|    9|         18|
    |real_start                              |   9|          2|    1|          2|
    |v_lin3_blk_n                            |   9|          2|    1|          2|
    +----------------------------------------+----+-----------+-----+-----------+
    |Total                                   | 144|         32|   68|        136|
    +----------------------------------------+----+-----------+-----+-----------+

    * Register: 
    +-------------------------+----+----+-----+-----------+
    |           Name          | FF | LUT| Bits| Const Bits|
    +-------------------------+----+----+-----+-----------+
    |ap_CS_fsm                |   1|   0|    1|          0|
    |ap_done_reg              |   1|   0|    1|          0|
    |ap_enable_reg_pp0_iter1  |   1|   0|    1|          0|
    |h_fu_74                  |   3|   0|    3|          0|
    |i_fu_70                  |   6|   0|    6|          0|
    |indvar_flatten13_fu_82   |  12|   0|   12|          0|
    |indvar_flatten_fu_78     |   9|   0|    9|          0|
    |select_ln157_reg_323     |   2|   0|    2|          0|
    |start_once_reg           |   1|   0|    1|          0|
    +-------------------------+----+----+-----+-----------+
    |Total                    |  36|   0|   36|          0|
    +-------------------------+----+----+-----+-----------+



================================================================
== Interface
================================================================
* Summary: 
+-----------------------+-----+-----+------------+---------------+--------------+
|       RTL Ports       | Dir | Bits|  Protocol  | Source Object |    C Type    |
+-----------------------+-----+-----+------------+---------------+--------------+
|ap_clk                 |   in|    1|  ap_ctrl_hs|  split_heads.3|  return value|
|ap_rst                 |   in|    1|  ap_ctrl_hs|  split_heads.3|  return value|
|ap_start               |   in|    1|  ap_ctrl_hs|  split_heads.3|  return value|
|start_full_n           |   in|    1|  ap_ctrl_hs|  split_heads.3|  return value|
|ap_done                |  out|    1|  ap_ctrl_hs|  split_heads.3|  return value|
|ap_continue            |   in|    1|  ap_ctrl_hs|  split_heads.3|  return value|
|ap_idle                |  out|    1|  ap_ctrl_hs|  split_heads.3|  return value|
|ap_ready               |  out|    1|  ap_ctrl_hs|  split_heads.3|  return value|
|start_out              |  out|    1|  ap_ctrl_hs|  split_heads.3|  return value|
|start_write            |  out|    1|  ap_ctrl_hs|  split_heads.3|  return value|
|v_lin3_dout            |   in|    8|     ap_fifo|         v_lin3|       pointer|
|v_lin3_num_data_valid  |   in|    2|     ap_fifo|         v_lin3|       pointer|
|v_lin3_fifo_cap        |   in|    2|     ap_fifo|         v_lin3|       pointer|
|v_lin3_empty_n         |   in|    1|     ap_fifo|         v_lin3|       pointer|
|v_lin3_read            |  out|    1|     ap_fifo|         v_lin3|       pointer|
|V_1_2_din              |  out|    8|     ap_fifo|          V_1_2|       pointer|
|V_1_2_num_data_valid   |   in|    2|     ap_fifo|          V_1_2|       pointer|
|V_1_2_fifo_cap         |   in|    2|     ap_fifo|          V_1_2|       pointer|
|V_1_2_full_n           |   in|    1|     ap_fifo|          V_1_2|       pointer|
|V_1_2_write            |  out|    1|     ap_fifo|          V_1_2|       pointer|
|V_1_1_din              |  out|    8|     ap_fifo|          V_1_1|       pointer|
|V_1_1_num_data_valid   |   in|    2|     ap_fifo|          V_1_1|       pointer|
|V_1_1_fifo_cap         |   in|    2|     ap_fifo|          V_1_1|       pointer|
|V_1_1_full_n           |   in|    1|     ap_fifo|          V_1_1|       pointer|
|V_1_1_write            |  out|    1|     ap_fifo|          V_1_1|       pointer|
|V_1_0_din              |  out|    8|     ap_fifo|          V_1_0|       pointer|
|V_1_0_num_data_valid   |   in|    2|     ap_fifo|          V_1_0|       pointer|
|V_1_0_fifo_cap         |   in|    2|     ap_fifo|          V_1_0|       pointer|
|V_1_0_full_n           |   in|    1|     ap_fifo|          V_1_0|       pointer|
|V_1_0_write            |  out|    1|     ap_fifo|          V_1_0|       pointer|
|V_1_3_din              |  out|    8|     ap_fifo|          V_1_3|       pointer|
|V_1_3_num_data_valid   |   in|    2|     ap_fifo|          V_1_3|       pointer|
|V_1_3_fifo_cap         |   in|    2|     ap_fifo|          V_1_3|       pointer|
|V_1_3_full_n           |   in|    1|     ap_fifo|          V_1_3|       pointer|
|V_1_3_write            |  out|    1|     ap_fifo|          V_1_3|       pointer|
+-----------------------+-----+-----+------------+---------------+--------------+

