

================================================================
== Vitis HLS Report for 'axis_to_apuint'
================================================================
* Date:           Fri Jun 19 14:57:02 2026

* Version:        2022.2 (Build 3670227 on Oct 13 2022)
* Project:        ViT_Block
* Solution:       ViT_Block (Vivado IP Flow Target)
* Product family: zynquplus
* Target device:  xck26-sfvc784-2LV-c


================================================================
== Performance Estimates
================================================================
+ Timing: 
    * Summary: 
    +--------+----------+----------+------------+
    |  Clock |  Target  | Estimated| Uncertainty|
    +--------+----------+----------+------------+
    |ap_clk  |  10.00 ns|  1.838 ns|     2.70 ns|
    +--------+----------+----------+------------+

+ Latency: 
    * Summary: 
    +---------+---------+----------+----------+-----+-----+---------+
    |  Latency (cycles) |  Latency (absolute) |  Interval | Pipeline|
    |   min   |   max   |    min   |    max   | min | max |   Type  |
    +---------+---------+----------+----------+-----+-----+---------+
    |      274|      274|  2.740 us|  2.740 us|  274|  274|       no|
    +---------+---------+----------+----------+-----+-----+---------+

    + Detail: 
        * Instance: 
        N/A

        * Loop: 
        +-------------------+---------+---------+----------+-----------+-----------+------+----------+
        |                   |  Latency (cycles) | Iteration|  Initiation Interval  | Trip |          |
        |     Loop Name     |   min   |   max   |  Latency |  achieved |   target  | Count| Pipelined|
        +-------------------+---------+---------+----------+-----------+-----------+------+----------+
        |- VITIS_LOOP_72_1  |      272|      272|         2|          1|          1|   272|       yes|
        +-------------------+---------+---------+----------+-----------+-----------+------+----------+

============================================================
+ Verbose Summary: Synthesis Manager
============================================================
InlineROM: 1
ExposeGlobal: 0
============================================================
+ Verbose Summary: CDFG Model
============================================================
IsTopModel: 0
ResetActiveHigh: 1
IsCombinational: 2
IsDatapathOnly: 0
HasWiredReturn: 1
HasMFsm: 2
HasVarLatency: 1
IsPipeline: 0
IsRtlPipelined: 0
IsInstanceOverlapped: 0
IsDontTouch: 0
HasImplIP: 0
IsGatedGlobalClock: 0

+ Individual pipeline summary: 
  * Pipeline-0: initiation interval (II) = 1, depth = 2


============================================================
+ Verbose Summary: Schedule
============================================================
* Number of FSM states : 2
* Pipeline : 1
  Pipeline-0 : II = 1, D = 2, States = { 1 2 }
* Dataflow Pipeline: 0

* FSM state transitions: 
1 --> 2 
2 --> 

* FSM state operations: 

State 1 <SV = 0> <Delay = 1.30>
ST_1 : Operation 5 [1/1] (0.00ns)   --->   "%i = alloca i32 1"   --->   Operation 5 'alloca' 'i' <Predicate = true> <Delay = 0.00>
ST_1 : Operation 6 [1/1] (0.00ns)   --->   "%specaxissidechannel_ln0 = specaxissidechannel void @_ssdm_op_SpecAXISSideChannel, i8 %in_r_V_data_V, i1 %in_r_V_keep_V, i1 %in_r_V_strb_V, i1 0, i1 %in_r_V_last_V, i1 0, i1 0, void @empty_7"   --->   Operation 6 'specaxissidechannel' 'specaxissidechannel_ln0' <Predicate = true> <Delay = 0.00>
ST_1 : Operation 7 [1/1] (0.00ns)   --->   "%specinterface_ln0 = specinterface void @_ssdm_op_SpecInterface, i8 %input_stream1, void @empty_9, i32 0, i32 0, void @empty_28, i32 0, i32 0, void @empty_28, void @empty_28, void @empty_28, i32 0, i32 0, i32 0, i32 0, void @empty_28, void @empty_28, i32 4294967295, i32 0"   --->   Operation 7 'specinterface' 'specinterface_ln0' <Predicate = true> <Delay = 0.00>
ST_1 : Operation 8 [1/1] (0.00ns)   --->   "%specinterface_ln0 = specinterface void @_ssdm_op_SpecInterface, i1 %in_r_V_last_V, i1 %in_r_V_strb_V, i1 %in_r_V_keep_V, i8 %in_r_V_data_V, void @empty_0, i32 1, i32 1, void @empty_1, i32 0, i32 0, void @empty_28, void @empty_28, void @empty_28, i32 0, i32 0, i32 0, i32 0, void @empty_28, void @empty_28, i32 4294967295, i32 0"   --->   Operation 8 'specinterface' 'specinterface_ln0' <Predicate = true> <Delay = 0.00>
ST_1 : Operation 9 [1/1] (0.42ns)   --->   "%store_ln72 = store i9 0, i9 %i" [/home/fede/PhD/transformer-hls/hls/src/layers/MLP_tiled_oc.cpp:72]   --->   Operation 9 'store' 'store_ln72' <Predicate = true> <Delay = 0.42>
ST_1 : Operation 10 [1/1] (0.00ns)   --->   "%br_ln72 = br void %for.inc" [/home/fede/PhD/transformer-hls/hls/src/layers/MLP_tiled_oc.cpp:72]   --->   Operation 10 'br' 'br_ln72' <Predicate = true> <Delay = 0.00>
ST_1 : Operation 11 [1/1] (0.00ns)   --->   "%i_18 = load i9 %i" [/home/fede/PhD/transformer-hls/hls/src/layers/MLP_tiled_oc.cpp:72]   --->   Operation 11 'load' 'i_18' <Predicate = true> <Delay = 0.00>
ST_1 : Operation 12 [1/1] (0.88ns)   --->   "%icmp_ln72 = icmp_eq  i9 %i_18, i9 272" [/home/fede/PhD/transformer-hls/hls/src/layers/MLP_tiled_oc.cpp:72]   --->   Operation 12 'icmp' 'icmp_ln72' <Predicate = true> <Delay = 0.88> <CoreInst = "Cmp">   --->   Core 9 'Cmp' <Latency = 0> <II = 1> <Delay = 0.88> <FuncUnit> <Opcode : 'icmp'> <InPorts = 2> <OutPorts = 1>
ST_1 : Operation 13 [1/1] (0.00ns)   --->   "%empty = speclooptripcount i32 @_ssdm_op_SpecLoopTripCount, i64 272, i64 272, i64 272"   --->   Operation 13 'speclooptripcount' 'empty' <Predicate = true> <Delay = 0.00>
ST_1 : Operation 14 [1/1] (0.77ns)   --->   "%i_19 = add i9 %i_18, i9 1" [/home/fede/PhD/transformer-hls/hls/src/layers/MLP_tiled_oc.cpp:72]   --->   Operation 14 'add' 'i_19' <Predicate = true> <Delay = 0.77> <CoreInst = "Adder">   --->   Core 1 'Adder' <Latency = 0> <II = 1> <Delay = 0.77> <FuncUnit> <Opcode : 'add' 'sub'> <InPorts = 2> <OutPorts = 1>
ST_1 : Operation 15 [1/1] (0.00ns)   --->   "%br_ln72 = br i1 %icmp_ln72, void %for.inc.split, void %for.end" [/home/fede/PhD/transformer-hls/hls/src/layers/MLP_tiled_oc.cpp:72]   --->   Operation 15 'br' 'br_ln72' <Predicate = true> <Delay = 0.00>
ST_1 : Operation 16 [1/1] (0.00ns)   --->   "%empty_93 = read i11 @_ssdm_op_Read.axis.volatile.i8P0A.i1P0A.i1P0A.i1P0A, i8 %in_r_V_data_V, i1 %in_r_V_keep_V, i1 %in_r_V_strb_V, i1 %in_r_V_last_V"   --->   Operation 16 'read' 'empty_93' <Predicate = (!icmp_ln72)> <Delay = 0.00> <CoreInst = "axis">   --->   Core 123 'axis' <Latency = 0> <II = 1> <Delay = 1.00> <Adapter> <Opcode : >
ST_1 : Operation 17 [1/1] (0.00ns)   --->   "%tmp_data_V = extractvalue i11 %empty_93"   --->   Operation 17 'extractvalue' 'tmp_data_V' <Predicate = (!icmp_ln72)> <Delay = 0.00>
ST_1 : Operation 18 [1/1] (0.42ns)   --->   "%store_ln72 = store i9 %i_19, i9 %i" [/home/fede/PhD/transformer-hls/hls/src/layers/MLP_tiled_oc.cpp:72]   --->   Operation 18 'store' 'store_ln72' <Predicate = (!icmp_ln72)> <Delay = 0.42>
ST_1 : Operation 23 [1/1] (0.00ns)   --->   "%ret_ln78 = ret" [/home/fede/PhD/transformer-hls/hls/src/layers/MLP_tiled_oc.cpp:78]   --->   Operation 23 'ret' 'ret_ln78' <Predicate = (icmp_ln72)> <Delay = 0.00>

State 2 <SV = 1> <Delay = 1.83>
ST_2 : Operation 19 [1/1] (0.00ns)   --->   "%specpipeline_ln73 = specpipeline void @_ssdm_op_SpecPipeline, i32 1, i32 0, i32 0, i32 0, void @empty_28" [/home/fede/PhD/transformer-hls/hls/src/layers/MLP_tiled_oc.cpp:73]   --->   Operation 19 'specpipeline' 'specpipeline_ln73' <Predicate = true> <Delay = 0.00>
ST_2 : Operation 20 [1/1] (0.00ns)   --->   "%specloopname_ln74 = specloopname void @_ssdm_op_SpecLoopName, void @empty_4" [/home/fede/PhD/transformer-hls/hls/src/layers/MLP_tiled_oc.cpp:74]   --->   Operation 20 'specloopname' 'specloopname_ln74' <Predicate = true> <Delay = 0.00>
ST_2 : Operation 21 [1/1] (1.83ns)   --->   "%write_ln76 = write void @_ssdm_op_Write.ap_fifo.volatile.i8P0A, i8 %input_stream1, i8 %tmp_data_V" [/home/fede/PhD/transformer-hls/hls/src/layers/MLP_tiled_oc.cpp:76]   --->   Operation 21 'write' 'write_ln76' <Predicate = true> <Delay = 1.83> <CoreInst = "FIFO_SRL">   --->   Core 81 'FIFO_SRL' <Latency = 0> <II = 1> <Delay = 1.83> <Storage> <Opcode : 'read' 'write' 'nbread' 'nbwrite'> <Ports = 0> <Width = 8> <Depth = 2> <FIFO>
ST_2 : Operation 22 [1/1] (0.00ns)   --->   "%br_ln72 = br void %for.inc" [/home/fede/PhD/transformer-hls/hls/src/layers/MLP_tiled_oc.cpp:72]   --->   Operation 22 'br' 'br_ln72' <Predicate = true> <Delay = 0.00>


============================================================
+ Verbose Summary: Timing violations
============================================================
Target clock period: 10ns, clock uncertainty: 2.7ns.

 <State 1>: 1.31ns
The critical path consists of the following:
	'alloca' operation ('i') [6]  (0 ns)
	'load' operation ('i', /home/fede/PhD/transformer-hls/hls/src/layers/MLP_tiled_oc.cpp:72) on local variable 'i' [13]  (0 ns)
	'add' operation ('i', /home/fede/PhD/transformer-hls/hls/src/layers/MLP_tiled_oc.cpp:72) [16]  (0.776 ns)
	'store' operation ('store_ln72', /home/fede/PhD/transformer-hls/hls/src/layers/MLP_tiled_oc.cpp:72) of variable 'i', /home/fede/PhD/transformer-hls/hls/src/layers/MLP_tiled_oc.cpp:72 on local variable 'i' [24]  (0.427 ns)
	blocking operation 0.105 ns on control path)

 <State 2>: 1.84ns
The critical path consists of the following:
	fifo write operation ('write_ln76', /home/fede/PhD/transformer-hls/hls/src/layers/MLP_tiled_oc.cpp:76) on port 'input_stream1' (/home/fede/PhD/transformer-hls/hls/src/layers/MLP_tiled_oc.cpp:76) [23]  (1.84 ns)


============================================================
+ Verbose Summary: Binding
============================================================
N/A
* FSMD analyzer results:
  - Output states:
 - Input state : 
  - Chain level:
	State 1
	State 2


============================================================
+ Verbose Summary: Datapath Resource usage 
============================================================
N/A
