

================================================================
== Vitis HLS Report for 'axis_to_apuint'
================================================================
* Date:           Tue Jun 23 12:41:36 2026

* Version:        2022.2 (Build 3670227 on Oct 13 2022)
* Project:        ViT_Block
* Solution:       ViT_Block (Vivado IP Flow Target)
* Product family: virtexuplus
* Target device:  xcu250-figd2104-2L-e


================================================================
== Performance Estimates
================================================================
+ Timing: 
    * Summary: 
    +--------+----------+----------+------------+
    |  Clock |  Target  | Estimated| Uncertainty|
    +--------+----------+----------+------------+
    |ap_clk  |  10.00 ns|  1.365 ns|     2.70 ns|
    +--------+----------+----------+------------+

+ Latency: 
    * Summary: 
    +---------+---------+----------+----------+-----+-----+---------+
    |  Latency (cycles) |  Latency (absolute) |  Interval | Pipeline|
    |   min   |   max   |    min   |    max   | min | max |   Type  |
    +---------+---------+----------+----------+-----+-----+---------+
    |      274|      274|  2.740 us|  2.740 us|  274|  274|       no|
    +---------+---------+----------+----------+-----+-----+---------+

    + Detail: 
        * Instance: 
        N/A

        * Loop: 
        +-------------------+---------+---------+----------+-----------+-----------+------+----------+
        |                   |  Latency (cycles) | Iteration|  Initiation Interval  | Trip |          |
        |     Loop Name     |   min   |   max   |  Latency |  achieved |   target  | Count| Pipelined|
        +-------------------+---------+---------+----------+-----------+-----------+------+----------+
        |- VITIS_LOOP_72_1  |      272|      272|         2|          1|          1|   272|       yes|
        +-------------------+---------+---------+----------+-----------+-----------+------+----------+



================================================================
== Utilization Estimates
================================================================
* Summary: 
+---------------------+---------+-------+---------+---------+------+
|         Name        | BRAM_18K|  DSP  |    FF   |   LUT   | URAM |
+---------------------+---------+-------+---------+---------+------+
|DSP                  |        -|      -|        -|        -|     -|
|Expression           |        -|      -|        0|       35|     -|
|FIFO                 |        -|      -|        -|        -|     -|
|Instance             |        -|      -|        -|        -|     -|
|Memory               |        -|      -|        -|        -|     -|
|Multiplexer          |        -|      -|        -|       54|     -|
|Register             |        -|      -|       20|        -|     -|
+---------------------+---------+-------+---------+---------+------+
|Total                |        0|      0|       20|       89|     0|
+---------------------+---------+-------+---------+---------+------+
|Available SLR        |     1344|   3072|   864000|   432000|   320|
+---------------------+---------+-------+---------+---------+------+
|Utilization SLR (%)  |        0|      0|       ~0|       ~0|     0|
+---------------------+---------+-------+---------+---------+------+
|Available            |     5376|  12288|  3456000|  1728000|  1280|
+---------------------+---------+-------+---------+---------+------+
|Utilization (%)      |        0|      0|       ~0|       ~0|     0|
+---------------------+---------+-------+---------+---------+------+

+ Detail: 
    * Instance: 
    N/A

    * DSP: 
    N/A

    * Memory: 
    N/A

    * FIFO: 
    N/A

    * Expression: 
    +----------------------------------+----------+----+---+----+------------+------------+
    |           Variable Name          | Operation| DSP| FF| LUT| Bitwidth P0| Bitwidth P1|
    +----------------------------------+----------+----+---+----+------------+------------+
    |i_19_fu_89_p2                     |         +|   0|  0|  16|           9|           1|
    |ap_condition_98                   |       and|   0|  0|   2|           1|           1|
    |icmp_ln72_fu_83_p2                |      icmp|   0|  0|  11|           9|           9|
    |ap_block_pp0_stage0_01001         |        or|   0|  0|   2|           1|           1|
    |ap_block_state1_pp0_stage0_iter0  |        or|   0|  0|   2|           1|           1|
    |ap_enable_pp0                     |       xor|   0|  0|   2|           1|           2|
    +----------------------------------+----------+----+---+----+------------+------------+
    |Total                             |          |   0|  0|  35|          22|          15|
    +----------------------------------+----------+----+---+----+------------+------------+

    * Multiplexer: 
    +-------------------------+----+-----------+-----+-----------+
    |           Name          | LUT| Input Size| Bits| Total Bits|
    +-------------------------+----+-----------+-----+-----------+
    |ap_done_int              |   9|          2|    1|          2|
    |ap_enable_reg_pp0_iter1  |   9|          2|    1|          2|
    |ap_sig_allocacmp_i_18    |   9|          2|    9|         18|
    |i_fu_52                  |   9|          2|    9|         18|
    |in_r_TDATA_blk_n         |   9|          2|    1|          2|
    |input_stream1_blk_n      |   9|          2|    1|          2|
    +-------------------------+----+-----------+-----+-----------+
    |Total                    |  54|         12|   22|         44|
    +-------------------------+----+-----------+-----+-----------+

    * Register: 
    +-------------------------+---+----+-----+-----------+
    |           Name          | FF| LUT| Bits| Const Bits|
    +-------------------------+---+----+-----+-----------+
    |ap_CS_fsm                |  1|   0|    1|          0|
    |ap_done_reg              |  1|   0|    1|          0|
    |ap_enable_reg_pp0_iter1  |  1|   0|    1|          0|
    |i_fu_52                  |  9|   0|    9|          0|
    |tmp_data_V_reg_114       |  8|   0|    8|          0|
    +-------------------------+---+----+-----+-----------+
    |Total                    | 20|   0|   20|          0|
    +-------------------------+---+----+-----+-----------+



================================================================
== Interface
================================================================
* Summary: 
+------------------------------+-----+-----+------------+----------------+--------------+
|           RTL Ports          | Dir | Bits|  Protocol  |  Source Object |    C Type    |
+------------------------------+-----+-----+------------+----------------+--------------+
|ap_clk                        |   in|    1|  ap_ctrl_hs|  axis_to_apuint|  return value|
|ap_rst                        |   in|    1|  ap_ctrl_hs|  axis_to_apuint|  return value|
|ap_start                      |   in|    1|  ap_ctrl_hs|  axis_to_apuint|  return value|
|ap_done                       |  out|    1|  ap_ctrl_hs|  axis_to_apuint|  return value|
|ap_continue                   |   in|    1|  ap_ctrl_hs|  axis_to_apuint|  return value|
|ap_idle                       |  out|    1|  ap_ctrl_hs|  axis_to_apuint|  return value|
|ap_ready                      |  out|    1|  ap_ctrl_hs|  axis_to_apuint|  return value|
|in_r_TVALID                   |   in|    1|        axis|   in_r_V_last_V|       pointer|
|in_r_TREADY                   |  out|    1|        axis|   in_r_V_last_V|       pointer|
|in_r_TLAST                    |   in|    1|        axis|   in_r_V_last_V|       pointer|
|input_stream1_din             |  out|    8|     ap_fifo|   input_stream1|       pointer|
|input_stream1_num_data_valid  |   in|    2|     ap_fifo|   input_stream1|       pointer|
|input_stream1_fifo_cap        |   in|    2|     ap_fifo|   input_stream1|       pointer|
|input_stream1_full_n          |   in|    1|     ap_fifo|   input_stream1|       pointer|
|input_stream1_write           |  out|    1|     ap_fifo|   input_stream1|       pointer|
|in_r_TDATA                    |   in|    8|        axis|   in_r_V_data_V|       pointer|
|in_r_TKEEP                    |   in|    1|        axis|   in_r_V_keep_V|       pointer|
|in_r_TSTRB                    |   in|    1|        axis|   in_r_V_strb_V|       pointer|
+------------------------------+-----+-----+------------+----------------+--------------+

============================================================
+ Verbose Summary: Synthesis Manager
============================================================
InlineROM: 1
ExposeGlobal: 0
============================================================
+ Verbose Summary: CDFG Model
============================================================
IsTopModel: 0
ResetActiveHigh: 1
IsCombinational: 2
IsDatapathOnly: 0
HasWiredReturn: 1
HasMFsm: 2
HasVarLatency: 1
IsPipeline: 0
IsRtlPipelined: 0
IsInstanceOverlapped: 0
IsDontTouch: 0
HasImplIP: 0
IsGatedGlobalClock: 0

+ Individual pipeline summary: 
  * Pipeline-0: initiation interval (II) = 1, depth = 2


============================================================
+ Verbose Summary: Schedule
============================================================
* Number of FSM states : 2
* Pipeline : 1
  Pipeline-0 : II = 1, D = 2, States = { 1 2 }
* Dataflow Pipeline: 0

* FSM state transitions: 
1 --> 2 
2 --> 

* FSM state operations: 

State 1 <SV = 0> <Delay = 1.10>
ST_1 : Operation 5 [1/1] (0.00ns)   --->   "%i = alloca i32 1"   --->   Operation 5 'alloca' 'i' <Predicate = true> <Delay = 0.00>
ST_1 : Operation 6 [1/1] (0.00ns)   --->   "%specaxissidechannel_ln0 = specaxissidechannel void @_ssdm_op_SpecAXISSideChannel, i8 %in_r_V_data_V, i1 %in_r_V_keep_V, i1 %in_r_V_strb_V, i1 0, i1 %in_r_V_last_V, i1 0, i1 0, void @empty_7"   --->   Operation 6 'specaxissidechannel' 'specaxissidechannel_ln0' <Predicate = true> <Delay = 0.00>
ST_1 : Operation 7 [1/1] (0.00ns)   --->   "%specinterface_ln0 = specinterface void @_ssdm_op_SpecInterface, i8 %input_stream1, void @empty_9, i32 0, i32 0, void @empty_28, i32 0, i32 0, void @empty_28, void @empty_28, void @empty_28, i32 0, i32 0, i32 0, i32 0, void @empty_28, void @empty_28, i32 4294967295, i32 0"   --->   Operation 7 'specinterface' 'specinterface_ln0' <Predicate = true> <Delay = 0.00>
ST_1 : Operation 8 [1/1] (0.00ns)   --->   "%specinterface_ln0 = specinterface void @_ssdm_op_SpecInterface, i1 %in_r_V_last_V, i1 %in_r_V_strb_V, i1 %in_r_V_keep_V, i8 %in_r_V_data_V, void @empty_0, i32 1, i32 1, void @empty_1, i32 0, i32 0, void @empty_28, void @empty_28, void @empty_28, i32 0, i32 0, i32 0, i32 0, void @empty_28, void @empty_28, i32 4294967295, i32 0"   --->   Operation 8 'specinterface' 'specinterface_ln0' <Predicate = true> <Delay = 0.00>
ST_1 : Operation 9 [1/1] (0.38ns)   --->   "%store_ln72 = store i9 0, i9 %i" [/home/fede/PhD/transformer-hls/hls/src/layers/MLP_tiled_oc.cpp:72]   --->   Operation 9 'store' 'store_ln72' <Predicate = true> <Delay = 0.38>
ST_1 : Operation 10 [1/1] (0.00ns)   --->   "%br_ln72 = br void %for.inc" [/home/fede/PhD/transformer-hls/hls/src/layers/MLP_tiled_oc.cpp:72]   --->   Operation 10 'br' 'br_ln72' <Predicate = true> <Delay = 0.00>
ST_1 : Operation 11 [1/1] (0.00ns)   --->   "%i_18 = load i9 %i" [/home/fede/PhD/transformer-hls/hls/src/layers/MLP_tiled_oc.cpp:72]   --->   Operation 11 'load' 'i_18' <Predicate = true> <Delay = 0.00>
ST_1 : Operation 12 [1/1] (0.59ns)   --->   "%icmp_ln72 = icmp_eq  i9 %i_18, i9 272" [/home/fede/PhD/transformer-hls/hls/src/layers/MLP_tiled_oc.cpp:72]   --->   Operation 12 'icmp' 'icmp_ln72' <Predicate = true> <Delay = 0.59> <CoreInst = "Cmp">   --->   Core 9 'Cmp' <Latency = 0> <II = 1> <Delay = 0.59> <FuncUnit> <Opcode : 'icmp'> <InPorts = 2> <OutPorts = 1>
ST_1 : Operation 13 [1/1] (0.00ns)   --->   "%empty = speclooptripcount i32 @_ssdm_op_SpecLoopTripCount, i64 272, i64 272, i64 272"   --->   Operation 13 'speclooptripcount' 'empty' <Predicate = true> <Delay = 0.00>
ST_1 : Operation 14 [1/1] (0.71ns)   --->   "%i_19 = add i9 %i_18, i9 1" [/home/fede/PhD/transformer-hls/hls/src/layers/MLP_tiled_oc.cpp:72]   --->   Operation 14 'add' 'i_19' <Predicate = true> <Delay = 0.71> <CoreInst = "Adder">   --->   Core 1 'Adder' <Latency = 0> <II = 1> <Delay = 0.71> <FuncUnit> <Opcode : 'add' 'sub'> <InPorts = 2> <OutPorts = 1>
ST_1 : Operation 15 [1/1] (0.00ns)   --->   "%br_ln72 = br i1 %icmp_ln72, void %for.inc.split, void %for.end" [/home/fede/PhD/transformer-hls/hls/src/layers/MLP_tiled_oc.cpp:72]   --->   Operation 15 'br' 'br_ln72' <Predicate = true> <Delay = 0.00>
ST_1 : Operation 16 [1/1] (0.00ns)   --->   "%empty_93 = read i11 @_ssdm_op_Read.axis.volatile.i8P0A.i1P0A.i1P0A.i1P0A, i8 %in_r_V_data_V, i1 %in_r_V_keep_V, i1 %in_r_V_strb_V, i1 %in_r_V_last_V"   --->   Operation 16 'read' 'empty_93' <Predicate = (!icmp_ln72)> <Delay = 0.00> <CoreInst = "axis">   --->   Core 123 'axis' <Latency = 0> <II = 1> <Delay = 1.00> <Adapter> <Opcode : >
ST_1 : Operation 17 [1/1] (0.00ns)   --->   "%tmp_data_V = extractvalue i11 %empty_93"   --->   Operation 17 'extractvalue' 'tmp_data_V' <Predicate = (!icmp_ln72)> <Delay = 0.00>
ST_1 : Operation 18 [1/1] (0.38ns)   --->   "%store_ln72 = store i9 %i_19, i9 %i" [/home/fede/PhD/transformer-hls/hls/src/layers/MLP_tiled_oc.cpp:72]   --->   Operation 18 'store' 'store_ln72' <Predicate = (!icmp_ln72)> <Delay = 0.38>
ST_1 : Operation 23 [1/1] (0.00ns)   --->   "%ret_ln78 = ret" [/home/fede/PhD/transformer-hls/hls/src/layers/MLP_tiled_oc.cpp:78]   --->   Operation 23 'ret' 'ret_ln78' <Predicate = (icmp_ln72)> <Delay = 0.00>

State 2 <SV = 1> <Delay = 1.36>
ST_2 : Operation 19 [1/1] (0.00ns)   --->   "%specpipeline_ln73 = specpipeline void @_ssdm_op_SpecPipeline, i32 1, i32 0, i32 0, i32 0, void @empty_28" [/home/fede/PhD/transformer-hls/hls/src/layers/MLP_tiled_oc.cpp:73]   --->   Operation 19 'specpipeline' 'specpipeline_ln73' <Predicate = true> <Delay = 0.00>
ST_2 : Operation 20 [1/1] (0.00ns)   --->   "%specloopname_ln74 = specloopname void @_ssdm_op_SpecLoopName, void @empty_4" [/home/fede/PhD/transformer-hls/hls/src/layers/MLP_tiled_oc.cpp:74]   --->   Operation 20 'specloopname' 'specloopname_ln74' <Predicate = true> <Delay = 0.00>
ST_2 : Operation 21 [1/1] (1.36ns)   --->   "%write_ln76 = write void @_ssdm_op_Write.ap_fifo.volatile.i8P0A, i8 %input_stream1, i8 %tmp_data_V" [/home/fede/PhD/transformer-hls/hls/src/layers/MLP_tiled_oc.cpp:76]   --->   Operation 21 'write' 'write_ln76' <Predicate = true> <Delay = 1.36> <CoreInst = "FIFO_SRL">   --->   Core 81 'FIFO_SRL' <Latency = 0> <II = 1> <Delay = 1.36> <Storage> <Opcode : 'read' 'write' 'nbread' 'nbwrite'> <Ports = 0> <Width = 8> <Depth = 2> <FIFO>
ST_2 : Operation 22 [1/1] (0.00ns)   --->   "%br_ln72 = br void %for.inc" [/home/fede/PhD/transformer-hls/hls/src/layers/MLP_tiled_oc.cpp:72]   --->   Operation 22 'br' 'br_ln72' <Predicate = true> <Delay = 0.00>


============================================================
+ Verbose Summary: Binding
============================================================
STG Binding: 
---------------- STG Properties BEGIN ----------------
- Is combinational: 0
- Is one-state seq: 0
- Is datapath-only: 0
- Is pipelined: 0
- Is top level: 0
Port [ Return ] is wired: 1; IO mode=ap_ctrl_hs:ce=0
Port [ in_r_V_data_V]:  wired=1; compound=1; hidden=0; nouse=0; global=0; static=0; extern=0; dir=0; type=0; pingpong=0; private_global=0; IO mode=axis:ce=0
Port [ in_r_V_keep_V]:  wired=1; compound=1; hidden=0; nouse=0; global=0; static=0; extern=0; dir=0; type=0; pingpong=0; private_global=0; IO mode=axis:ce=0
Port [ in_r_V_strb_V]:  wired=1; compound=1; hidden=0; nouse=0; global=0; static=0; extern=0; dir=0; type=0; pingpong=0; private_global=0; IO mode=axis:ce=0
Port [ in_r_V_last_V]:  wired=1; compound=1; hidden=0; nouse=0; global=0; static=0; extern=0; dir=0; type=0; pingpong=0; private_global=0; IO mode=axis:ce=0
Port [ input_stream1]:  wired=1; compound=1; hidden=0; nouse=0; global=0; static=0; extern=0; dir=1; type=3; pingpong=0; private_global=0; IO mode=ap_fifo:ce=0
---------------- STG Properties END ------------------

---------------- Datapath Model BEGIN ----------------

<LifeTime>
<method=bitvector/>
i                       (alloca             ) [ 010]
specaxissidechannel_ln0 (specaxissidechannel) [ 000]
specinterface_ln0       (specinterface      ) [ 000]
specinterface_ln0       (specinterface      ) [ 000]
store_ln72              (store              ) [ 000]
br_ln72                 (br                 ) [ 000]
i_18                    (load               ) [ 000]
icmp_ln72               (icmp               ) [ 010]
empty                   (speclooptripcount  ) [ 000]
i_19                    (add                ) [ 000]
br_ln72                 (br                 ) [ 000]
empty_93                (read               ) [ 000]
tmp_data_V              (extractvalue       ) [ 011]
store_ln72              (store              ) [ 000]
specpipeline_ln73       (specpipeline       ) [ 000]
specloopname_ln74       (specloopname       ) [ 000]
write_ln76              (write              ) [ 000]
br_ln72                 (br                 ) [ 000]
ret_ln78                (ret                ) [ 000]
</LifeTime>

<model>

<comp_list>
<comp id="0" class="1000" name="in_r_V_data_V">
<pin_list>
<pin id="1" dir="1" index="0" bw="1" slack="0"/>
</pin_list>
<bind>
<StgValue><ssdm name="in_r_V_data_V"/></StgValue>
</bind>
</comp>

<comp id="2" class="1000" name="in_r_V_keep_V">
<pin_list>
<pin id="3" dir="1" index="0" bw="1" slack="0"/>
</pin_list>
<bind>
<StgValue><ssdm name="in_r_V_keep_V"/></StgValue>
</bind>
</comp>

<comp id="4" class="1000" name="in_r_V_strb_V">
<pin_list>
<pin id="5" dir="1" index="0" bw="1" slack="0"/>
</pin_list>
<bind>
<StgValue><ssdm name="in_r_V_strb_V"/></StgValue>
</bind>
</comp>

<comp id="6" class="1000" name="in_r_V_last_V">
<pin_list>
<pin id="7" dir="1" index="0" bw="1" slack="0"/>
</pin_list>
<bind>
<StgValue><ssdm name="in_r_V_last_V"/></StgValue>
</bind>
</comp>

<comp id="8" class="1000" name="input_stream1">
<pin_list>
<pin id="9" dir="1" index="0" bw="1" slack="0"/>
</pin_list>
<bind>
<StgValue><ssdm name="input_stream1"/></StgValue>
</bind>
</comp>

<comp id="10" class="1001" name="const_10">
<pin_list>
<pin id="11" dir="1" index="0" bw="1" slack="0"/>
</pin_list>
<bind>
<StgValue><ssdm name=""/></StgValue>
</bind>
</comp>

<comp id="12" class="1001" name="const_12">
<pin_list>
<pin id="13" dir="1" index="0" bw="1" slack="2147483647"/>
</pin_list>
<bind>
<StgValue><ssdm name="_ssdm_op_SpecAXISSideChannel"/></StgValue>
</bind>
</comp>

<comp id="14" class="1001" name="const_14">
<pin_list>
<pin id="15" dir="1" index="0" bw="1" slack="2147483647"/>
</pin_list>
<bind>
<StgValue><ssdm name=""/></StgValue>
</bind>
</comp>

<comp id="16" class="1001" name="const_16">
<pin_list>
<pin id="17" dir="1" index="0" bw="1" slack="2147483647"/>
</pin_list>
<bind>
<StgValue><ssdm name="empty_7"/></StgValue>
</bind>
</comp>

<comp id="18" class="1001" name="const_18">
<pin_list>
<pin id="19" dir="1" index="0" bw="1" slack="2147483647"/>
</pin_list>
<bind>
<StgValue><ssdm name="_ssdm_op_SpecInterface"/></StgValue>
</bind>
</comp>

<comp id="20" class="1001" name="const_20">
<pin_list>
<pin id="21" dir="1" index="0" bw="1" slack="2147483647"/>
</pin_list>
<bind>
<StgValue><ssdm name="empty_9"/></StgValue>
</bind>
</comp>

<comp id="22" class="1001" name="const_22">
<pin_list>
<pin id="23" dir="1" index="0" bw="1" slack="2147483647"/>
</pin_list>
<bind>
<StgValue><ssdm name=""/></StgValue>
</bind>
</comp>

<comp id="24" class="1001" name="const_24">
<pin_list>
<pin id="25" dir="1" index="0" bw="1" slack="2147483647"/>
</pin_list>
<bind>
<StgValue><ssdm name="empty_28"/></StgValue>
</bind>
</comp>

<comp id="26" class="1001" name="const_26">
<pin_list>
<pin id="27" dir="1" index="0" bw="1" slack="2147483647"/>
</pin_list>
<bind>
<StgValue><ssdm name=""/></StgValue>
</bind>
</comp>

<comp id="28" class="1001" name="const_28">
<pin_list>
<pin id="29" dir="1" index="0" bw="1" slack="2147483647"/>
</pin_list>
<bind>
<StgValue><ssdm name="empty_0"/></StgValue>
</bind>
</comp>

<comp id="30" class="1001" name="const_30">
<pin_list>
<pin id="31" dir="1" index="0" bw="1" slack="2147483647"/>
</pin_list>
<bind>
<StgValue><ssdm name="empty_1"/></StgValue>
</bind>
</comp>

<comp id="32" class="1001" name="const_32">
<pin_list>
<pin id="33" dir="1" index="0" bw="1" slack="0"/>
</pin_list>
<bind>
<StgValue><ssdm name=""/></StgValue>
</bind>
</comp>

<comp id="34" class="1001" name="const_34">
<pin_list>
<pin id="35" dir="1" index="0" bw="1" slack="0"/>
</pin_list>
<bind>
<StgValue><ssdm name=""/></StgValue>
</bind>
</comp>

<comp id="36" class="1001" name="const_36">
<pin_list>
<pin id="37" dir="1" index="0" bw="1" slack="2147483647"/>
</pin_list>
<bind>
<StgValue><ssdm name="_ssdm_op_SpecLoopTripCount"/></StgValue>
</bind>
</comp>

<comp id="38" class="1001" name="const_38">
<pin_list>
<pin id="39" dir="1" index="0" bw="1" slack="2147483647"/>
</pin_list>
<bind>
<StgValue><ssdm name=""/></StgValue>
</bind>
</comp>

<comp id="40" class="1001" name="const_40">
<pin_list>
<pin id="41" dir="1" index="0" bw="1" slack="0"/>
</pin_list>
<bind>
<StgValue><ssdm name=""/></StgValue>
</bind>
</comp>

<comp id="42" class="1001" name="const_42">
<pin_list>
<pin id="43" dir="1" index="0" bw="1" slack="0"/>
</pin_list>
<bind>
<StgValue><ssdm name="_ssdm_op_Read.axis.volatile.i8P0A.i1P0A.i1P0A.i1P0A"/></StgValue>
</bind>
</comp>

<comp id="44" class="1001" name="const_44">
<pin_list>
<pin id="45" dir="1" index="0" bw="1" slack="2147483647"/>
</pin_list>
<bind>
<StgValue><ssdm name="_ssdm_op_SpecPipeline"/></StgValue>
</bind>
</comp>

<comp id="46" class="1001" name="const_46">
<pin_list>
<pin id="47" dir="1" index="0" bw="1" slack="2147483647"/>
</pin_list>
<bind>
<StgValue><ssdm name="_ssdm_op_SpecLoopName"/></StgValue>
</bind>
</comp>

<comp id="48" class="1001" name="const_48">
<pin_list>
<pin id="49" dir="1" index="0" bw="1" slack="2147483647"/>
</pin_list>
<bind>
<StgValue><ssdm name="empty_4"/></StgValue>
</bind>
</comp>

<comp id="50" class="1001" name="const_50">
<pin_list>
<pin id="51" dir="1" index="0" bw="1" slack="0"/>
</pin_list>
<bind>
<StgValue><ssdm name="_ssdm_op_Write.ap_fifo.volatile.i8P0A"/></StgValue>
</bind>
</comp>

<comp id="52" class="1004" name="i_fu_52">
<pin_list>
<pin id="53" dir="0" index="0" bw="1" slack="0"/>
<pin id="54" dir="1" index="1" bw="9" slack="0"/>
</pin_list>
<bind>
<opcode="alloca(26) " fcode="alloca"/>
<opset="i/1 "/>
</bind>
</comp>

<comp id="56" class="1004" name="empty_93_read_fu_56">
<pin_list>
<pin id="57" dir="0" index="0" bw="11" slack="0"/>
<pin id="58" dir="0" index="1" bw="8" slack="0"/>
<pin id="59" dir="0" index="2" bw="1" slack="0"/>
<pin id="60" dir="0" index="3" bw="1" slack="0"/>
<pin id="61" dir="0" index="4" bw="1" slack="0"/>
<pin id="62" dir="1" index="5" bw="11" slack="0"/>
</pin_list>
<bind>
<opcode="read(1150) " fcode="read"/>
<opset="empty_93/1 "/>
</bind>
</comp>

<comp id="68" class="1004" name="write_ln76_write_fu_68">
<pin_list>
<pin id="69" dir="0" index="0" bw="0" slack="0"/>
<pin id="70" dir="0" index="1" bw="8" slack="0"/>
<pin id="71" dir="0" index="2" bw="8" slack="1"/>
<pin id="72" dir="1" index="3" bw="0" slack="2147483647"/>
</pin_list>
<bind>
<opcode="write(1151) " fcode="write"/>
<opset="write_ln76/2 "/>
</bind>
</comp>

<comp id="75" class="1004" name="store_ln72_store_fu_75">
<pin_list>
<pin id="76" dir="0" index="0" bw="1" slack="0"/>
<pin id="77" dir="0" index="1" bw="9" slack="0"/>
<pin id="78" dir="1" index="2" bw="0" slack="2147483647"/>
</pin_list>
<bind>
<opcode="store(28) " fcode="store"/>
<opset="store_ln72/1 "/>
</bind>
</comp>

<comp id="80" class="1004" name="i_18_load_fu_80">
<pin_list>
<pin id="81" dir="0" index="0" bw="9" slack="0"/>
<pin id="82" dir="1" index="1" bw="9" slack="0"/>
</pin_list>
<bind>
<opcode="load(27) " fcode="load"/>
<opset="i_18/1 "/>
</bind>
</comp>

<comp id="83" class="1004" name="icmp_ln72_fu_83">
<pin_list>
<pin id="84" dir="0" index="0" bw="9" slack="0"/>
<pin id="85" dir="0" index="1" bw="9" slack="0"/>
<pin id="86" dir="1" index="2" bw="1" slack="2147483647"/>
</pin_list>
<bind>
<opcode="icmp(45) " fcode="icmp"/>
<opset="icmp_ln72/1 "/>
</bind>
</comp>

<comp id="89" class="1004" name="i_19_fu_89">
<pin_list>
<pin id="90" dir="0" index="0" bw="9" slack="0"/>
<pin id="91" dir="0" index="1" bw="1" slack="0"/>
<pin id="92" dir="1" index="2" bw="9" slack="0"/>
</pin_list>
<bind>
<opcode="add(8) " fcode="add"/>
<opset="i_19/1 "/>
</bind>
</comp>

<comp id="95" class="1004" name="tmp_data_V_fu_95">
<pin_list>
<pin id="96" dir="0" index="0" bw="11" slack="0"/>
<pin id="97" dir="1" index="1" bw="8" slack="1"/>
</pin_list>
<bind>
<opcode="extractvalue(56) " fcode="extractvalue"/>
<opset="tmp_data_V/1 "/>
</bind>
</comp>

<comp id="99" class="1004" name="store_ln72_store_fu_99">
<pin_list>
<pin id="100" dir="0" index="0" bw="9" slack="0"/>
<pin id="101" dir="0" index="1" bw="9" slack="0"/>
<pin id="102" dir="1" index="2" bw="0" slack="2147483647"/>
</pin_list>
<bind>
<opcode="store(28) " fcode="store"/>
<opset="store_ln72/1 "/>
</bind>
</comp>

<comp id="104" class="1005" name="i_reg_104">
<pin_list>
<pin id="105" dir="0" index="0" bw="9" slack="0"/>
<pin id="106" dir="1" index="1" bw="9" slack="0"/>
</pin_list>
<bind>
<opset="i "/>
</bind>
</comp>

<comp id="114" class="1005" name="tmp_data_V_reg_114">
<pin_list>
<pin id="115" dir="0" index="0" bw="8" slack="1"/>
<pin id="116" dir="1" index="1" bw="8" slack="1"/>
</pin_list>
<bind>
<opset="tmp_data_V "/>
</bind>
</comp>

</comp_list>

<net_list>
<net id="55"><net_src comp="10" pin="0"/><net_sink comp="52" pin=0"/></net>

<net id="63"><net_src comp="42" pin="0"/><net_sink comp="56" pin=0"/></net>

<net id="64"><net_src comp="0" pin="0"/><net_sink comp="56" pin=1"/></net>

<net id="65"><net_src comp="2" pin="0"/><net_sink comp="56" pin=2"/></net>

<net id="66"><net_src comp="4" pin="0"/><net_sink comp="56" pin=3"/></net>

<net id="67"><net_src comp="6" pin="0"/><net_sink comp="56" pin=4"/></net>

<net id="73"><net_src comp="50" pin="0"/><net_sink comp="68" pin=0"/></net>

<net id="74"><net_src comp="8" pin="0"/><net_sink comp="68" pin=1"/></net>

<net id="79"><net_src comp="32" pin="0"/><net_sink comp="75" pin=0"/></net>

<net id="87"><net_src comp="80" pin="1"/><net_sink comp="83" pin=0"/></net>

<net id="88"><net_src comp="34" pin="0"/><net_sink comp="83" pin=1"/></net>

<net id="93"><net_src comp="80" pin="1"/><net_sink comp="89" pin=0"/></net>

<net id="94"><net_src comp="40" pin="0"/><net_sink comp="89" pin=1"/></net>

<net id="98"><net_src comp="56" pin="5"/><net_sink comp="95" pin=0"/></net>

<net id="103"><net_src comp="89" pin="2"/><net_sink comp="99" pin=0"/></net>

<net id="107"><net_src comp="52" pin="1"/><net_sink comp="104" pin=0"/></net>

<net id="108"><net_src comp="104" pin="1"/><net_sink comp="75" pin=1"/></net>

<net id="109"><net_src comp="104" pin="1"/><net_sink comp="80" pin=0"/></net>

<net id="110"><net_src comp="104" pin="1"/><net_sink comp="99" pin=1"/></net>

<net id="117"><net_src comp="95" pin="1"/><net_sink comp="114" pin=0"/></net>

<net id="118"><net_src comp="114" pin="1"/><net_sink comp="68" pin=2"/></net>

</net_list>

</model> 
---------------- Datapath Model END ------------------

* FSMD analyzer results:
  - Output states:
	Port: in_r_V_data_V | {}
	Port: in_r_V_keep_V | {}
	Port: in_r_V_strb_V | {}
	Port: in_r_V_last_V | {}
	Port: input_stream1 | {2 }
 - Input state : 
	Port: axis_to_apuint : in_r_V_data_V | {1 }
	Port: axis_to_apuint : in_r_V_keep_V | {1 }
	Port: axis_to_apuint : in_r_V_strb_V | {1 }
	Port: axis_to_apuint : in_r_V_last_V | {1 }
  - Chain level:
	State 1
		store_ln72 : 1
		i_18 : 1
		icmp_ln72 : 2
		i_19 : 2
		br_ln72 : 3
		store_ln72 : 3
	State 2


============================================================
+ Verbose Summary: Datapath Resource usage 
============================================================

* Functional unit list:
|----------|------------------------|---------|---------|
| Operation|     Functional Unit    |    FF   |   LUT   |
|----------|------------------------|---------|---------|
|    add   |       i_19_fu_89       |    0    |    16   |
|----------|------------------------|---------|---------|
|   icmp   |     icmp_ln72_fu_83    |    0    |    11   |
|----------|------------------------|---------|---------|
|   read   |   empty_93_read_fu_56  |    0    |    0    |
|----------|------------------------|---------|---------|
|   write  | write_ln76_write_fu_68 |    0    |    0    |
|----------|------------------------|---------|---------|
|extractvalue|    tmp_data_V_fu_95    |    0    |    0    |
|----------|------------------------|---------|---------|
|   Total  |                        |    0    |    27   |
|----------|------------------------|---------|---------|

Memories:
N/A

* Register list:
+------------------+--------+
|                  |   FF   |
+------------------+--------+
|     i_reg_104    |    9   |
|tmp_data_V_reg_114|    8   |
+------------------+--------+
|       Total      |   17   |
+------------------+--------+

* Multiplexer (MUX) list: 
|--------|------|------|------|--------|
|  Comp  |  Pin | Size |  BW  | S x BW |
|--------|------|------|------|--------|
|  Total |      |      |      |    0   |
|--------|------|------|------|--------|



* Summary:
+-----------+--------+--------+
|           |   FF   |   LUT  |
+-----------+--------+--------+
|  Function |    0   |   27   |
|   Memory  |    -   |    -   |
|Multiplexer|    -   |    -   |
|  Register |   17   |    -   |
+-----------+--------+--------+
|   Total   |   17   |   27   |
+-----------+--------+--------+
