

================================================================
== Vitis HLS Report for 'BatchNorm_tiled_0'
================================================================
* Date:           Fri Jun 19 14:57:19 2026

* Version:        2022.2 (Build 3670227 on Oct 13 2022)
* Project:        ViT_Block
* Solution:       ViT_Block (Vivado IP Flow Target)
* Product family: zynquplus
* Target device:  xck26-sfvc784-2LV-c


================================================================
== Performance Estimates
================================================================
+ Timing: 
    * Summary: 
    +--------+----------+----------+------------+
    |  Clock |  Target  | Estimated| Uncertainty|
    +--------+----------+----------+------------+
    |ap_clk  |  10.00 ns|  4.853 ns|     2.70 ns|
    +--------+----------+----------+------------+

+ Latency: 
    * Summary: 
    +---------+---------+----------+----------+-----+-----+----------+
    |  Latency (cycles) |  Latency (absolute) |  Interval | Pipeline |
    |   min   |   max   |    min   |    max   | min | max |   Type   |
    +---------+---------+----------+----------+-----+-----+----------+
    |      277|      277|  2.770 us|  2.770 us|  278|  278|  dataflow|
    +---------+---------+----------+----------+-----+-----+----------+

    + Detail: 
        * Instance: 
        +-----------------------------------------------------------+----------------------------------------------------------+---------+---------+----------+----------+-----+-----+---------+
        |                                                           |                                                          |  Latency (cycles) |  Latency (absolute) |  Interval | Pipeline|
        |                          Instance                         |                          Module                          |   min   |   max   |    min   |    max   | min | max |   Type  |
        +-----------------------------------------------------------+----------------------------------------------------------+---------+---------+----------+----------+-----+-----+---------+
        |BATCHNORM_tiled_quantized_17_16_1_16_ap_int_8_ap_int_8_U0  |BATCHNORM_tiled_quantized_17_16_1_16_ap_int_8_ap_int_8_s  |      277|      277|  2.770 us|  2.770 us|  277|  277|       no|
        +-----------------------------------------------------------+----------------------------------------------------------+---------+---------+----------+----------+-----+-----+---------+

        * Loop: 
        N/A



================================================================
== Utilization Estimates
================================================================
* Summary: 
+-----------------+---------+------+--------+--------+-----+
|       Name      | BRAM_18K|  DSP |   FF   |   LUT  | URAM|
+-----------------+---------+------+--------+--------+-----+
|DSP              |        -|     -|       -|       -|    -|
|Expression       |        -|     -|       -|       -|    -|
|FIFO             |        -|     -|       -|       -|    -|
|Instance         |        0|     1|     154|     320|    -|
|Memory           |        -|     -|       -|       -|    -|
|Multiplexer      |        -|     -|       -|       9|    -|
|Register         |        -|     -|       1|       -|    -|
+-----------------+---------+------+--------+--------+-----+
|Total            |        0|     1|     155|     329|    0|
+-----------------+---------+------+--------+--------+-----+
|Available        |      288|  1248|  234240|  117120|   64|
+-----------------+---------+------+--------+--------+-----+
|Utilization (%)  |        0|    ~0|      ~0|      ~0|    0|
+-----------------+---------+------+--------+--------+-----+

+ Detail: 
    * Instance: 
    +-----------------------------------------------------------+----------------------------------------------------------+---------+----+-----+-----+-----+
    |                          Instance                         |                          Module                          | BRAM_18K| DSP|  FF | LUT | URAM|
    +-----------------------------------------------------------+----------------------------------------------------------+---------+----+-----+-----+-----+
    |BATCHNORM_tiled_quantized_17_16_1_16_ap_int_8_ap_int_8_U0  |BATCHNORM_tiled_quantized_17_16_1_16_ap_int_8_ap_int_8_s  |        0|   1|  154|  320|    0|
    +-----------------------------------------------------------+----------------------------------------------------------+---------+----+-----+-----+-----+
    |Total                                                      |                                                          |        0|   1|  154|  320|    0|
    +-----------------------------------------------------------+----------------------------------------------------------+---------+----+-----+-----+-----+

    * DSP: 
    N/A

    * Memory: 
    N/A

    * FIFO: 
    N/A

    * Expression: 
    N/A

    * Multiplexer: 
    +------------+----+-----------+-----+-----------+
    |    Name    | LUT| Input Size| Bits| Total Bits|
    +------------+----+-----------+-----+-----------+
    |real_start  |   9|          2|    1|          2|
    +------------+----+-----------+-----+-----------+
    |Total       |   9|          2|    1|          2|
    +------------+----+-----------+-----+-----------+

    * Register: 
    +----------------+---+----+-----+-----------+
    |      Name      | FF| LUT| Bits| Const Bits|
    +----------------+---+----+-----+-----------+
    |start_once_reg  |  1|   0|    1|          0|
    +----------------+---+----+-----+-----------+
    |Total           |  1|   0|    1|          0|
    +----------------+---+----+-----+-----------+



================================================================
== Interface
================================================================
* Summary: 
+------------------+-----+-----+------------+-------------------+--------------+
|     RTL Ports    | Dir | Bits|  Protocol  |   Source Object   |    C Type    |
+------------------+-----+-----+------------+-------------------+--------------+
|ap_start          |   in|    1|  ap_ctrl_hs|  BatchNorm_tiled_0|  return value|
|start_full_n      |   in|    1|  ap_ctrl_hs|  BatchNorm_tiled_0|  return value|
|start_out         |  out|    1|  ap_ctrl_hs|  BatchNorm_tiled_0|  return value|
|start_write       |  out|    1|  ap_ctrl_hs|  BatchNorm_tiled_0|  return value|
|ap_clk            |   in|    1|  ap_ctrl_hs|  BatchNorm_tiled_0|  return value|
|ap_rst            |   in|    1|  ap_ctrl_hs|  BatchNorm_tiled_0|  return value|
|ap_done           |  out|    1|  ap_ctrl_hs|  BatchNorm_tiled_0|  return value|
|ap_ready          |  out|    1|  ap_ctrl_hs|  BatchNorm_tiled_0|  return value|
|ap_idle           |  out|    1|  ap_ctrl_hs|  BatchNorm_tiled_0|  return value|
|ap_continue       |   in|    1|  ap_ctrl_hs|  BatchNorm_tiled_0|  return value|
|x13_dout          |   in|    8|     ap_fifo|                x13|       pointer|
|x13_empty_n       |   in|    1|     ap_fifo|                x13|       pointer|
|x13_read          |  out|    1|     ap_fifo|                x13|       pointer|
|norm_out4_din     |  out|    8|     ap_fifo|          norm_out4|       pointer|
|norm_out4_full_n  |   in|    1|     ap_fifo|          norm_out4|       pointer|
|norm_out4_write   |  out|    1|     ap_fifo|          norm_out4|       pointer|
+------------------+-----+-----+------------+-------------------+--------------+

============================================================
+ Verbose Summary: Synthesis Manager
============================================================
InlineROM: 1
ExposeGlobal: 0
============================================================
+ Verbose Summary: CDFG Model
============================================================
IsTopModel: 0
ResetActiveHigh: 1
IsCombinational: 2
IsDatapathOnly: 0
HasWiredReturn: 1
HasMFsm: 0
HasVarLatency: 1
IsPipeline: 0
IsRtlPipelined: 0
IsInstanceOverlapped: 0
IsDontTouch: 0
HasImplIP: 0
IsGatedGlobalClock: 0


============================================================
+ Verbose Summary: Schedule
============================================================
* Number of FSM states : 2
* Pipeline : 0
* Dataflow Pipeline: 1
  DF-Pipeline-0: Size = 2, States = { 1 2 }

* FSM state transitions: 
1 --> 2 
2 --> 

* FSM state operations: 

State 1 <SV = 0> <Delay = 0.00>
ST_1 : Operation 3 [2/2] (0.00ns)   --->   "%call_ln101 = call void @BATCHNORM_tiled_quantized<17, 16, 1, 16, ap_int<8>, ap_int<8> >, i8 %x13, i8 %norm_out4, i15 %bn0_mul_1, i22 %bn0_add_1" [/home/fede/PhD/transformer-hls/hls/src/model/ViT_Block.cpp:101]   --->   Operation 3 'call' 'call_ln101' <Predicate = true> <Delay = 0.00> <CoreType = "Generic">   --->   Core 0 '' <Latency = 0> <II = 1> <Delay = 1.00> <Generic> <Opcode : >

State 2 <SV = 1> <Delay = 0.00>
ST_2 : Operation 4 [1/1] (0.00ns)   --->   "%specdataflowpipeline_ln77 = specdataflowpipeline void @_ssdm_op_SpecDataflowPipeline, i32 4294967295, i32 0, void @empty_28" [/home/fede/PhD/transformer-hls/hls/src/model/ViT_Block.cpp:77]   --->   Operation 4 'specdataflowpipeline' 'specdataflowpipeline_ln77' <Predicate = true> <Delay = 0.00>
ST_2 : Operation 5 [1/1] (0.00ns)   --->   "%specinterface_ln0 = specinterface void @_ssdm_op_SpecInterface, i8 %norm_out4, void @empty_9, i32 0, i32 0, void @empty_28, i32 0, i32 0, void @empty_28, void @empty_28, void @empty_28, i32 0, i32 0, i32 0, i32 0, void @empty_28, void @empty_28, i32 4294967295, i32 0"   --->   Operation 5 'specinterface' 'specinterface_ln0' <Predicate = true> <Delay = 0.00>
ST_2 : Operation 6 [1/1] (0.00ns)   --->   "%specinterface_ln0 = specinterface void @_ssdm_op_SpecInterface, i8 %x13, void @empty_9, i32 0, i32 0, void @empty_28, i32 0, i32 0, void @empty_28, void @empty_28, void @empty_28, i32 0, i32 0, i32 0, i32 0, void @empty_28, void @empty_28, i32 4294967295, i32 0"   --->   Operation 6 'specinterface' 'specinterface_ln0' <Predicate = true> <Delay = 0.00>
ST_2 : Operation 7 [1/2] (0.00ns)   --->   "%call_ln101 = call void @BATCHNORM_tiled_quantized<17, 16, 1, 16, ap_int<8>, ap_int<8> >, i8 %x13, i8 %norm_out4, i15 %bn0_mul_1, i22 %bn0_add_1" [/home/fede/PhD/transformer-hls/hls/src/model/ViT_Block.cpp:101]   --->   Operation 7 'call' 'call_ln101' <Predicate = true> <Delay = 0.00> <CoreType = "Generic">   --->   Core 0 '' <Latency = 0> <II = 1> <Delay = 1.00> <Generic> <Opcode : >
ST_2 : Operation 8 [1/1] (0.00ns)   --->   "%ret_ln114 = ret" [/home/fede/PhD/transformer-hls/hls/src/model/ViT_Block.cpp:114]   --->   Operation 8 'ret' 'ret_ln114' <Predicate = true> <Delay = 0.00>


============================================================
+ Verbose Summary: Binding
============================================================
STG Binding: 
---------------- STG Properties BEGIN ----------------
- Is combinational: 0
- Is one-state seq: 0
- Is datapath-only: 0
- Is pipelined: 0
- Is top level: 0
Port [ Return ] is wired: 1; IO mode=ap_ctrl_hs:ce=0
Port [ x13]:  wired=1; compound=1; hidden=0; nouse=0; global=0; static=0; extern=0; dir=0; type=3; pingpong=0; private_global=0; IO mode=ap_fifo:ce=0
Port [ norm_out4]:  wired=1; compound=1; hidden=0; nouse=0; global=0; static=0; extern=0; dir=1; type=3; pingpong=0; private_global=0; IO mode=ap_fifo:ce=0
Port [ bn0_mul_1]:  wired=0; compound=1; hidden=1; nouse=1; global=1; static=1; extern=0; dir=0; type=1; pingpong=0; private_global=0; MemPort=[1]; IO mode=ap_memory:ce=0
Port [ bn0_add_1]:  wired=0; compound=1; hidden=1; nouse=1; global=1; static=1; extern=0; dir=0; type=1; pingpong=0; private_global=0; MemPort=[1]; IO mode=ap_memory:ce=0
---------------- STG Properties END ------------------

---------------- Datapath Model BEGIN ----------------

<LifeTime>
<method=bitvector/>
specdataflowpipeline_ln77 (specdataflowpipeline) [ 000]
specinterface_ln0         (specinterface       ) [ 000]
specinterface_ln0         (specinterface       ) [ 000]
call_ln101                (call                ) [ 000]
ret_ln114                 (ret                 ) [ 000]
</LifeTime>

<model>

<comp_list>
<comp id="0" class="1000" name="x13">
<pin_list>
<pin id="1" dir="1" index="0" bw="1" slack="0"/>
</pin_list>
<bind>
<StgValue><ssdm name="x13"/></StgValue>
</bind>
</comp>

<comp id="2" class="1000" name="norm_out4">
<pin_list>
<pin id="3" dir="1" index="0" bw="1" slack="0"/>
</pin_list>
<bind>
<StgValue><ssdm name="norm_out4"/></StgValue>
</bind>
</comp>

<comp id="4" class="1000" name="bn0_mul_1">
<pin_list>
<pin id="5" dir="1" index="0" bw="1" slack="0"/>
</pin_list>
<bind>
<StgValue><ssdm name="bn0_mul_1"/><MemPortTyVec>1 </MemPortTyVec>
</StgValue>
</bind>
</comp>

<comp id="6" class="1000" name="bn0_add_1">
<pin_list>
<pin id="7" dir="1" index="0" bw="1" slack="0"/>
</pin_list>
<bind>
<StgValue><ssdm name="bn0_add_1"/><MemPortTyVec>1 </MemPortTyVec>
</StgValue>
</bind>
</comp>

<comp id="8" class="1001" name="const_8">
<pin_list>
<pin id="9" dir="1" index="0" bw="1" slack="0"/>
</pin_list>
<bind>
<StgValue><ssdm name="BATCHNORM_tiled_quantized<17, 16, 1, 16, ap_int<8>, ap_int<8> >"/></StgValue>
</bind>
</comp>

<comp id="10" class="1001" name="const_10">
<pin_list>
<pin id="11" dir="1" index="0" bw="1" slack="2147483647"/>
</pin_list>
<bind>
<StgValue><ssdm name="_ssdm_op_SpecDataflowPipeline"/></StgValue>
</bind>
</comp>

<comp id="12" class="1001" name="const_12">
<pin_list>
<pin id="13" dir="1" index="0" bw="1" slack="2147483647"/>
</pin_list>
<bind>
<StgValue><ssdm name=""/></StgValue>
</bind>
</comp>

<comp id="14" class="1001" name="const_14">
<pin_list>
<pin id="15" dir="1" index="0" bw="1" slack="2147483647"/>
</pin_list>
<bind>
<StgValue><ssdm name=""/></StgValue>
</bind>
</comp>

<comp id="16" class="1001" name="const_16">
<pin_list>
<pin id="17" dir="1" index="0" bw="1" slack="2147483647"/>
</pin_list>
<bind>
<StgValue><ssdm name="empty_28"/></StgValue>
</bind>
</comp>

<comp id="18" class="1001" name="const_18">
<pin_list>
<pin id="19" dir="1" index="0" bw="1" slack="2147483647"/>
</pin_list>
<bind>
<StgValue><ssdm name="_ssdm_op_SpecInterface"/></StgValue>
</bind>
</comp>

<comp id="20" class="1001" name="const_20">
<pin_list>
<pin id="21" dir="1" index="0" bw="1" slack="2147483647"/>
</pin_list>
<bind>
<StgValue><ssdm name="empty_9"/></StgValue>
</bind>
</comp>

<comp id="22" class="1004" name="grp_BATCHNORM_tiled_quantized_17_16_1_16_ap_int_8_ap_int_8_s_fu_22">
<pin_list>
<pin id="23" dir="0" index="0" bw="0" slack="0"/>
<pin id="24" dir="0" index="1" bw="8" slack="0"/>
<pin id="25" dir="0" index="2" bw="8" slack="0"/>
<pin id="26" dir="0" index="3" bw="15" slack="0"/>
<pin id="27" dir="0" index="4" bw="22" slack="0"/>
<pin id="28" dir="1" index="5" bw="0" slack="2147483647"/>
</pin_list>
<bind>
<opcode="call(48) " fcode="call"/>
<opset="call_ln101/1 "/>
</bind>
</comp>

</comp_list>

<net_list>
<net id="29"><net_src comp="8" pin="0"/><net_sink comp="22" pin=0"/></net>

<net id="30"><net_src comp="0" pin="0"/><net_sink comp="22" pin=1"/></net>

<net id="31"><net_src comp="2" pin="0"/><net_sink comp="22" pin=2"/></net>

<net id="32"><net_src comp="4" pin="0"/><net_sink comp="22" pin=3"/></net>

<net id="33"><net_src comp="6" pin="0"/><net_sink comp="22" pin=4"/></net>

</net_list>

</model> 
---------------- Datapath Model END ------------------

* FSMD analyzer results:
  - Output states:
	Port: norm_out4 | {1 2 }
	Port: bn0_mul_1 | {}
	Port: bn0_add_1 | {}
 - Input state : 
	Port: BatchNorm_tiled_0 : x13 | {1 2 }
	Port: BatchNorm_tiled_0 : bn0_mul_1 | {1 2 }
	Port: BatchNorm_tiled_0 : bn0_add_1 | {1 2 }
  - Chain level:
	State 1
	State 2


============================================================
+ Verbose Summary: Datapath Resource usage 
============================================================

* Functional unit list:
|----------|--------------------------------------------------------------------|---------|---------|---------|---------|
| Operation|                           Functional Unit                          |   DSP   |  Delay  |    FF   |   LUT   |
|----------|--------------------------------------------------------------------|---------|---------|---------|---------|
|   call   | grp_BATCHNORM_tiled_quantized_17_16_1_16_ap_int_8_ap_int_8_s_fu_22 |    1    |  1.708  |    99   |   231   |
|----------|--------------------------------------------------------------------|---------|---------|---------|---------|
|   Total  |                                                                    |    1    |  1.708  |    99   |   231   |
|----------|--------------------------------------------------------------------|---------|---------|---------|---------|

Memories:
N/A

* Register list:
N/A

* Multiplexer (MUX) list: 
|--------|------|------|------|--------|
|  Comp  |  Pin | Size |  BW  | S x BW |
|--------|------|------|------|--------|
|  Total |      |      |      |    0   |
|--------|------|------|------|--------|



* Summary:
+-----------+--------+--------+--------+--------+
|           |   DSP  |  Delay |   FF   |   LUT  |
+-----------+--------+--------+--------+--------+
|  Function |    1   |    1   |   99   |   231  |
|   Memory  |    -   |    -   |    -   |    -   |
|Multiplexer|    -   |    -   |    -   |    -   |
|  Register |    -   |    -   |    -   |    -   |
+-----------+--------+--------+--------+--------+
|   Total   |    1   |    1   |   99   |   231  |
+-----------+--------+--------+--------+--------+
