

================================================================
== Vitis HLS Report for 'BATCHNORM_tiled_quantized_17_16_1_16_ap_int_8_ap_int_8_s'
================================================================
* Date:           Fri Jun 19 14:57:03 2026

* Version:        2022.2 (Build 3670227 on Oct 13 2022)
* Project:        ViT_Block
* Solution:       ViT_Block (Vivado IP Flow Target)
* Product family: zynquplus
* Target device:  xck26-sfvc784-2LV-c


================================================================
== Performance Estimates
================================================================
+ Timing: 
    * Summary: 
    +--------+----------+----------+------------+
    |  Clock |  Target  | Estimated| Uncertainty|
    +--------+----------+----------+------------+
    |ap_clk  |  10.00 ns|  4.853 ns|     2.70 ns|
    +--------+----------+----------+------------+

+ Latency: 
    * Summary: 
    +---------+---------+----------+----------+-----+-----+---------+
    |  Latency (cycles) |  Latency (absolute) |  Interval | Pipeline|
    |   min   |   max   |    min   |    max   | min | max |   Type  |
    +---------+---------+----------+----------+-----+-----+---------+
    |      277|      277|  2.770 us|  2.770 us|  277|  277|       no|
    +---------+---------+----------+----------+-----+-----+---------+

    + Detail: 
        * Instance: 
        N/A

        * Loop: 
        +-------------------------------------+---------+---------+----------+-----------+-----------+------+----------+
        |                                     |  Latency (cycles) | Iteration|  Initiation Interval  | Trip |          |
        |              Loop Name              |   min   |   max   |  Latency |  achieved |   target  | Count| Pipelined|
        +-------------------------------------+---------+---------+----------+-----------+-----------+------+----------+
        |- VITIS_LOOP_185_1_VITIS_LOOP_186_2  |      275|      275|         5|          1|          1|   272|       yes|
        +-------------------------------------+---------+---------+----------+-----------+-----------+------+----------+

============================================================
+ Verbose Summary: Synthesis Manager
============================================================
InlineROM: 1
ExposeGlobal: 0
============================================================
+ Verbose Summary: CDFG Model
============================================================
IsTopModel: 0
ResetActiveHigh: 1
IsCombinational: 2
IsDatapathOnly: 0
HasWiredReturn: 1
HasMFsm: 2
HasVarLatency: 1
IsPipeline: 0
IsRtlPipelined: 0
IsInstanceOverlapped: 0
IsDontTouch: 0
HasImplIP: 0
IsGatedGlobalClock: 0

+ Individual pipeline summary: 
  * Pipeline-0: initiation interval (II) = 1, depth = 5


============================================================
+ Verbose Summary: Schedule
============================================================
* Number of FSM states : 5
* Pipeline : 1
  Pipeline-0 : II = 1, D = 5, States = { 1 2 3 4 5 }
* Dataflow Pipeline: 0

* FSM state transitions: 
1 --> 2 
2 --> 3 
3 --> 4 
4 --> 5 
5 --> 

* FSM state operations: 

State 1 <SV = 0> <Delay = 2.71>
ST_1 : Operation 8 [1/1] (0.00ns)   --->   "%c = alloca i32 1"   --->   Operation 8 'alloca' 'c' <Predicate = true> <Delay = 0.00>
ST_1 : Operation 9 [1/1] (0.00ns)   --->   "%indvar_flatten = alloca i32 1"   --->   Operation 9 'alloca' 'indvar_flatten' <Predicate = true> <Delay = 0.00>
ST_1 : Operation 10 [1/1] (0.00ns)   --->   "%specinterface_ln0 = specinterface void @_ssdm_op_SpecInterface, i8 %x13, void @empty_9, i32 0, i32 0, void @empty_28, i32 0, i32 0, void @empty_28, void @empty_28, void @empty_28, i32 0, i32 0, i32 0, i32 0, void @empty_28, void @empty_28, i32 4294967295, i32 0"   --->   Operation 10 'specinterface' 'specinterface_ln0' <Predicate = true> <Delay = 0.00>
ST_1 : Operation 11 [1/1] (0.00ns)   --->   "%specinterface_ln0 = specinterface void @_ssdm_op_SpecInterface, i8 %norm_out4, void @empty_9, i32 0, i32 0, void @empty_28, i32 0, i32 0, void @empty_28, void @empty_28, void @empty_28, i32 0, i32 0, i32 0, i32 0, void @empty_28, void @empty_28, i32 4294967295, i32 0"   --->   Operation 11 'specinterface' 'specinterface_ln0' <Predicate = true> <Delay = 0.00>
ST_1 : Operation 12 [1/1] (0.42ns)   --->   "%store_ln185 = store i9 0, i9 %indvar_flatten" [/home/fede/PhD/transformer-hls/hls/include/normalizations.hpp:185]   --->   Operation 12 'store' 'store_ln185' <Predicate = true> <Delay = 0.42>
ST_1 : Operation 13 [1/1] (0.42ns)   --->   "%store_ln185 = store i5 0, i5 %c" [/home/fede/PhD/transformer-hls/hls/include/normalizations.hpp:185]   --->   Operation 13 'store' 'store_ln185' <Predicate = true> <Delay = 0.42>
ST_1 : Operation 14 [1/1] (0.00ns)   --->   "%br_ln185 = br void %for.body8" [/home/fede/PhD/transformer-hls/hls/include/normalizations.hpp:185]   --->   Operation 14 'br' 'br_ln185' <Predicate = true> <Delay = 0.00>
ST_1 : Operation 15 [1/1] (0.00ns)   --->   "%indvar_flatten_load = load i9 %indvar_flatten" [/home/fede/PhD/transformer-hls/hls/include/normalizations.hpp:185]   --->   Operation 15 'load' 'indvar_flatten_load' <Predicate = true> <Delay = 0.00>
ST_1 : Operation 16 [1/1] (0.88ns)   --->   "%icmp_ln185 = icmp_eq  i9 %indvar_flatten_load, i9 272" [/home/fede/PhD/transformer-hls/hls/include/normalizations.hpp:185]   --->   Operation 16 'icmp' 'icmp_ln185' <Predicate = true> <Delay = 0.88> <CoreInst = "Cmp">   --->   Core 9 'Cmp' <Latency = 0> <II = 1> <Delay = 0.88> <FuncUnit> <Opcode : 'icmp'> <InPorts = 2> <OutPorts = 1>
ST_1 : Operation 17 [1/1] (0.77ns)   --->   "%add_ln185 = add i9 %indvar_flatten_load, i9 1" [/home/fede/PhD/transformer-hls/hls/include/normalizations.hpp:185]   --->   Operation 17 'add' 'add_ln185' <Predicate = true> <Delay = 0.77> <CoreInst = "Adder">   --->   Core 1 'Adder' <Latency = 0> <II = 1> <Delay = 0.77> <FuncUnit> <Opcode : 'add' 'sub'> <InPorts = 2> <OutPorts = 1>
ST_1 : Operation 18 [1/1] (0.00ns)   --->   "%br_ln185 = br i1 %icmp_ln185, void %for.inc36, void %for.end38" [/home/fede/PhD/transformer-hls/hls/include/normalizations.hpp:185]   --->   Operation 18 'br' 'br_ln185' <Predicate = true> <Delay = 0.00>
ST_1 : Operation 19 [1/1] (0.00ns)   --->   "%c_load = load i5 %c" [/home/fede/PhD/transformer-hls/hls/include/normalizations.hpp:186]   --->   Operation 19 'load' 'c_load' <Predicate = (!icmp_ln185)> <Delay = 0.00>
ST_1 : Operation 20 [1/1] (0.75ns)   --->   "%icmp_ln186 = icmp_eq  i5 %c_load, i5 16" [/home/fede/PhD/transformer-hls/hls/include/normalizations.hpp:186]   --->   Operation 20 'icmp' 'icmp_ln186' <Predicate = (!icmp_ln185)> <Delay = 0.75> <CoreInst = "Cmp">   --->   Core 9 'Cmp' <Latency = 0> <II = 1> <Delay = 0.75> <FuncUnit> <Opcode : 'icmp'> <InPorts = 2> <OutPorts = 1>
ST_1 : Operation 21 [1/1] (0.41ns)   --->   "%select_ln185 = select i1 %icmp_ln186, i5 0, i5 %c_load" [/home/fede/PhD/transformer-hls/hls/include/normalizations.hpp:185]   --->   Operation 21 'select' 'select_ln185' <Predicate = (!icmp_ln185)> <Delay = 0.41> <CoreInst = "Sel">   --->   Core 73 'Sel' <Latency = 0> <II = 1> <Delay = 0.41> <FuncUnit> <Opcode : 'select'> <InPorts = 3> <OutPorts = 1>
ST_1 : Operation 22 [1/1] (0.00ns)   --->   "%zext_ln186 = zext i5 %select_ln185" [/home/fede/PhD/transformer-hls/hls/include/normalizations.hpp:186]   --->   Operation 22 'zext' 'zext_ln186' <Predicate = (!icmp_ln185)> <Delay = 0.00>
ST_1 : Operation 23 [1/1] (1.83ns)   --->   "%in_word_V = read i8 @_ssdm_op_Read.ap_fifo.volatile.i8P0A, i8 %x13" [/home/fede/PhD/transformer-hls/hls/include/normalizations.hpp:189]   --->   Operation 23 'read' 'in_word_V' <Predicate = (!icmp_ln185)> <Delay = 1.83> <CoreInst = "FIFO_SRL">   --->   Core 81 'FIFO_SRL' <Latency = 0> <II = 1> <Delay = 1.83> <Storage> <Opcode : 'read' 'write' 'nbread' 'nbwrite'> <Ports = 0> <Width = 8> <Depth = 2> <FIFO>
ST_1 : Operation 24 [1/1] (0.00ns)   --->   "%bn0_mul_1_addr = getelementptr i15 %bn0_mul_1, i64 0, i64 %zext_ln186" [/home/fede/PhD/transformer-hls/hls/include/normalizations.hpp:206]   --->   Operation 24 'getelementptr' 'bn0_mul_1_addr' <Predicate = (!icmp_ln185)> <Delay = 0.00>
ST_1 : Operation 25 [2/2] (0.67ns)   --->   "%bn0_mul_1_load = load i4 %bn0_mul_1_addr" [/home/fede/PhD/transformer-hls/hls/include/normalizations.hpp:206]   --->   Operation 25 'load' 'bn0_mul_1_load' <Predicate = (!icmp_ln185)> <Delay = 0.67> <CoreInst = "ROM">   --->   Core 101 'ROM' <Latency = 1> <II = 1> <Delay = 0.67> <Storage> <Opcode : 'load'> <Ports = 0> <Width = 15> <Depth = 16> <ROM>
ST_1 : Operation 26 [1/1] (0.00ns)   --->   "%bn0_add_1_addr = getelementptr i22 %bn0_add_1, i64 0, i64 %zext_ln186" [/home/fede/PhD/transformer-hls/hls/include/normalizations.hpp:207]   --->   Operation 26 'getelementptr' 'bn0_add_1_addr' <Predicate = (!icmp_ln185)> <Delay = 0.00>
ST_1 : Operation 27 [2/2] (0.67ns)   --->   "%bn0_add_1_load = load i4 %bn0_add_1_addr" [/home/fede/PhD/transformer-hls/hls/include/normalizations.hpp:207]   --->   Operation 27 'load' 'bn0_add_1_load' <Predicate = (!icmp_ln185)> <Delay = 0.67> <CoreInst = "ROM">   --->   Core 101 'ROM' <Latency = 1> <II = 1> <Delay = 0.67> <Storage> <Opcode : 'load'> <Ports = 0> <Width = 22> <Depth = 16> <ROM>
ST_1 : Operation 28 [1/1] (0.78ns)   --->   "%add_ln186 = add i5 %select_ln185, i5 1" [/home/fede/PhD/transformer-hls/hls/include/normalizations.hpp:186]   --->   Operation 28 'add' 'add_ln186' <Predicate = (!icmp_ln185)> <Delay = 0.78> <CoreInst = "Adder">   --->   Core 1 'Adder' <Latency = 0> <II = 1> <Delay = 0.78> <FuncUnit> <Opcode : 'add' 'sub'> <InPorts = 2> <OutPorts = 1>
ST_1 : Operation 29 [1/1] (0.42ns)   --->   "%store_ln186 = store i9 %add_ln185, i9 %indvar_flatten" [/home/fede/PhD/transformer-hls/hls/include/normalizations.hpp:186]   --->   Operation 29 'store' 'store_ln186' <Predicate = (!icmp_ln185)> <Delay = 0.42>
ST_1 : Operation 30 [1/1] (0.42ns)   --->   "%store_ln186 = store i5 %add_ln186, i5 %c" [/home/fede/PhD/transformer-hls/hls/include/normalizations.hpp:186]   --->   Operation 30 'store' 'store_ln186' <Predicate = (!icmp_ln185)> <Delay = 0.42>

State 2 <SV = 1> <Delay = 1.21>
ST_2 : Operation 31 [1/2] (0.67ns)   --->   "%bn0_mul_1_load = load i4 %bn0_mul_1_addr" [/home/fede/PhD/transformer-hls/hls/include/normalizations.hpp:206]   --->   Operation 31 'load' 'bn0_mul_1_load' <Predicate = true> <Delay = 0.67> <CoreInst = "ROM">   --->   Core 101 'ROM' <Latency = 1> <II = 1> <Delay = 0.67> <Storage> <Opcode : 'load'> <Ports = 0> <Width = 15> <Depth = 16> <ROM>
ST_2 : Operation 32 [1/1] (0.00ns)   --->   "%sext_ln206 = sext i8 %in_word_V" [/home/fede/PhD/transformer-hls/hls/include/normalizations.hpp:206]   --->   Operation 32 'sext' 'sext_ln206' <Predicate = true> <Delay = 0.00>
ST_2 : Operation 33 [1/1] (0.00ns)   --->   "%zext_ln206 = zext i15 %bn0_mul_1_load" [/home/fede/PhD/transformer-hls/hls/include/normalizations.hpp:206]   --->   Operation 33 'zext' 'zext_ln206' <Predicate = true> <Delay = 0.00>
ST_2 : Operation 34 [4/4] (0.53ns) (root node of the DSP)   --->   "%mul_ln206 = mul i23 %zext_ln206, i23 %sext_ln206" [/home/fede/PhD/transformer-hls/hls/include/normalizations.hpp:206]   --->   Operation 34 'mul' 'mul_ln206' <Predicate = true> <Delay = 0.53> <CoreInst = "DSP48">   --->   Core 127 'DSP48' <Latency = 3> <II = 1> <Delay = 0.53> <IPBlock> <Opcode : 'mul' 'add' 'sub' 'select'> <InPorts = 0> <OutPorts = 1> <Sync> <CReg>
ST_2 : Operation 35 [1/2] (0.67ns)   --->   "%bn0_add_1_load = load i4 %bn0_add_1_addr" [/home/fede/PhD/transformer-hls/hls/include/normalizations.hpp:207]   --->   Operation 35 'load' 'bn0_add_1_load' <Predicate = true> <Delay = 0.67> <CoreInst = "ROM">   --->   Core 101 'ROM' <Latency = 1> <II = 1> <Delay = 0.67> <Storage> <Opcode : 'load'> <Ports = 0> <Width = 22> <Depth = 16> <ROM>

State 3 <SV = 2> <Delay = 0.53>
ST_3 : Operation 36 [3/4] (0.53ns) (root node of the DSP)   --->   "%mul_ln206 = mul i23 %zext_ln206, i23 %sext_ln206" [/home/fede/PhD/transformer-hls/hls/include/normalizations.hpp:206]   --->   Operation 36 'mul' 'mul_ln206' <Predicate = true> <Delay = 0.53> <CoreInst = "DSP48">   --->   Core 127 'DSP48' <Latency = 3> <II = 1> <Delay = 0.53> <IPBlock> <Opcode : 'mul' 'add' 'sub' 'select'> <InPorts = 0> <OutPorts = 1> <Sync> <CReg>

State 4 <SV = 3> <Delay = 0.53>
ST_4 : Operation 37 [2/4] (0.53ns) (root node of the DSP)   --->   "%mul_ln206 = mul i23 %zext_ln206, i23 %sext_ln206" [/home/fede/PhD/transformer-hls/hls/include/normalizations.hpp:206]   --->   Operation 37 'mul' 'mul_ln206' <Predicate = true> <Delay = 0.53> <CoreInst = "DSP48">   --->   Core 127 'DSP48' <Latency = 3> <II = 1> <Delay = 0.53> <IPBlock> <Opcode : 'mul' 'add' 'sub' 'select'> <InPorts = 0> <OutPorts = 1> <Sync> <CReg>
ST_4 : Operation 59 [1/1] (0.00ns)   --->   "%ret_ln238 = ret" [/home/fede/PhD/transformer-hls/hls/include/normalizations.hpp:238]   --->   Operation 59 'ret' 'ret_ln238' <Predicate = (icmp_ln185)> <Delay = 0.00>

State 5 <SV = 4> <Delay = 4.85>
ST_5 : Operation 38 [1/1] (0.00ns)   --->   "%specloopname_ln0 = specloopname void @_ssdm_op_SpecLoopName, void @VITIS_LOOP_185_1_VITIS_LOOP_186_2_str"   --->   Operation 38 'specloopname' 'specloopname_ln0' <Predicate = true> <Delay = 0.00>
ST_5 : Operation 39 [1/1] (0.00ns)   --->   "%empty = speclooptripcount i32 @_ssdm_op_SpecLoopTripCount, i64 272, i64 272, i64 272"   --->   Operation 39 'speclooptripcount' 'empty' <Predicate = true> <Delay = 0.00>
ST_5 : Operation 40 [1/1] (0.00ns)   --->   "%specpipeline_ln187 = specpipeline void @_ssdm_op_SpecPipeline, i32 1, i32 0, i32 0, i32 0, void @empty_28" [/home/fede/PhD/transformer-hls/hls/include/normalizations.hpp:187]   --->   Operation 40 'specpipeline' 'specpipeline_ln187' <Predicate = true> <Delay = 0.00>
ST_5 : Operation 41 [1/1] (0.00ns)   --->   "%specloopname_ln186 = specloopname void @_ssdm_op_SpecLoopName, void @empty_41" [/home/fede/PhD/transformer-hls/hls/include/normalizations.hpp:186]   --->   Operation 41 'specloopname' 'specloopname_ln186' <Predicate = true> <Delay = 0.00>
ST_5 : Operation 42 [1/4] (0.00ns) (root node of the DSP)   --->   "%mul_ln206 = mul i23 %zext_ln206, i23 %sext_ln206" [/home/fede/PhD/transformer-hls/hls/include/normalizations.hpp:206]   --->   Operation 42 'mul' 'mul_ln206' <Predicate = true> <Delay = 0.00> <CoreInst = "DSP48">   --->   Core 127 'DSP48' <Latency = 3> <II = 1> <Delay = 0.53> <IPBlock> <Opcode : 'mul' 'add' 'sub' 'select'> <InPorts = 0> <OutPorts = 1> <Sync> <CReg>
ST_5 : Operation 43 [1/1] (0.00ns)   --->   "%sext_ln207 = sext i23 %mul_ln206" [/home/fede/PhD/transformer-hls/hls/include/normalizations.hpp:207]   --->   Operation 43 'sext' 'sext_ln207' <Predicate = true> <Delay = 0.00>
ST_5 : Operation 44 [1/1] (0.00ns)   --->   "%sext_ln206_2 = sext i22 %bn0_add_1_load" [/home/fede/PhD/transformer-hls/hls/include/normalizations.hpp:206]   --->   Operation 44 'sext' 'sext_ln206_2' <Predicate = true> <Delay = 0.00>
ST_5 : Operation 45 [1/1] (0.00ns)   --->   "%sext_ln206_3 = sext i22 %bn0_add_1_load" [/home/fede/PhD/transformer-hls/hls/include/normalizations.hpp:206]   --->   Operation 45 'sext' 'sext_ln206_3' <Predicate = true> <Delay = 0.00>
ST_5 : Operation 46 [1/1] (0.92ns)   --->   "%acc_V = add i24 %sext_ln207, i24 %sext_ln206_2" [/home/fede/PhD/transformer-hls/hls/include/normalizations.hpp:206]   --->   Operation 46 'add' 'acc_V' <Predicate = true> <Delay = 0.92> <CoreInst = "Adder">   --->   Core 1 'Adder' <Latency = 0> <II = 1> <Delay = 0.92> <FuncUnit> <Opcode : 'add' 'sub'> <InPorts = 2> <OutPorts = 1>
ST_5 : Operation 47 [1/1] (0.00ns)   --->   "%tmp_18 = bitselect i1 @_ssdm_op_BitSelect.i1.i24.i32, i24 %acc_V, i32 23"   --->   Operation 47 'bitselect' 'tmp_18' <Predicate = true> <Delay = 0.00>
ST_5 : Operation 48 [1/1] (0.92ns)   --->   "%add_ln35 = add i23 %mul_ln206, i23 %sext_ln206_3" [/home/fede/PhD/transformer-hls/hls/include/activations.h:35]   --->   Operation 48 'add' 'add_ln35' <Predicate = true> <Delay = 0.92> <CoreInst = "Adder">   --->   Core 1 'Adder' <Latency = 0> <II = 1> <Delay = 0.92> <FuncUnit> <Opcode : 'add' 'sub'> <InPorts = 2> <OutPorts = 1>
ST_5 : Operation 49 [1/1] (0.92ns)   --->   "%ret_V = add i23 %add_ln35, i23 32768"   --->   Operation 49 'add' 'ret_V' <Predicate = true> <Delay = 0.92> <CoreInst = "Adder">   --->   Core 1 'Adder' <Latency = 0> <II = 1> <Delay = 0.92> <FuncUnit> <Opcode : 'add' 'sub'> <InPorts = 2> <OutPorts = 1>
ST_5 : Operation 50 [1/1] (0.00ns)   --->   "%tmp = partselect i7 @_ssdm_op_PartSelect.i7.i23.i32.i32, i23 %ret_V, i32 16, i32 22" [/home/fede/PhD/transformer-hls/hls/include/normalizations.hpp:223]   --->   Operation 50 'partselect' 'tmp' <Predicate = true> <Delay = 0.00>
ST_5 : Operation 51 [1/1] (0.00ns)   --->   "%zext_ln223 = zext i7 %tmp" [/home/fede/PhD/transformer-hls/hls/include/normalizations.hpp:223]   --->   Operation 51 'zext' 'zext_ln223' <Predicate = true> <Delay = 0.00>
ST_5 : Operation 52 [1/1] (0.92ns)   --->   "%ret_V_18 = sub i23 32768, i23 %add_ln35"   --->   Operation 52 'sub' 'ret_V_18' <Predicate = true> <Delay = 0.92> <CoreInst = "Adder">   --->   Core 1 'Adder' <Latency = 0> <II = 1> <Delay = 0.92> <FuncUnit> <Opcode : 'add' 'sub'> <InPorts = 2> <OutPorts = 1>
ST_5 : Operation 53 [1/1] (0.00ns)   --->   "%tmp_s = partselect i7 @_ssdm_op_PartSelect.i7.i23.i32.i32, i23 %ret_V_18, i32 16, i32 22" [/home/fede/PhD/transformer-hls/hls/include/normalizations.hpp:223]   --->   Operation 53 'partselect' 'tmp_s' <Predicate = true> <Delay = 0.00>
ST_5 : Operation 54 [1/1] (0.00ns)   --->   "%zext_ln223_1 = zext i7 %tmp_s" [/home/fede/PhD/transformer-hls/hls/include/normalizations.hpp:223]   --->   Operation 54 'zext' 'zext_ln223_1' <Predicate = true> <Delay = 0.00>
ST_5 : Operation 55 [1/1] (0.77ns)   --->   "%sub_ln223 = sub i8 0, i8 %zext_ln223_1" [/home/fede/PhD/transformer-hls/hls/include/normalizations.hpp:223]   --->   Operation 55 'sub' 'sub_ln223' <Predicate = true> <Delay = 0.77> <CoreInst = "Adder">   --->   Core 1 'Adder' <Latency = 0> <II = 1> <Delay = 0.77> <FuncUnit> <Opcode : 'add' 'sub'> <InPorts = 2> <OutPorts = 1>
ST_5 : Operation 56 [1/1] (0.39ns)   --->   "%q_out_V = select i1 %tmp_18, i8 %sub_ln223, i8 %zext_ln223"   --->   Operation 56 'select' 'q_out_V' <Predicate = true> <Delay = 0.39> <CoreInst = "Sel">   --->   Core 73 'Sel' <Latency = 0> <II = 1> <Delay = 0.39> <FuncUnit> <Opcode : 'select'> <InPorts = 3> <OutPorts = 1>
ST_5 : Operation 57 [1/1] (1.83ns)   --->   "%write_ln235 = write void @_ssdm_op_Write.ap_fifo.volatile.i8P0A, i8 %norm_out4, i8 %q_out_V" [/home/fede/PhD/transformer-hls/hls/include/normalizations.hpp:235]   --->   Operation 57 'write' 'write_ln235' <Predicate = true> <Delay = 1.83> <CoreInst = "FIFO_SRL">   --->   Core 81 'FIFO_SRL' <Latency = 0> <II = 1> <Delay = 1.83> <Storage> <Opcode : 'read' 'write' 'nbread' 'nbwrite'> <Ports = 0> <Width = 8> <Depth = 2> <FIFO>
ST_5 : Operation 58 [1/1] (0.00ns)   --->   "%br_ln186 = br void %for.body8" [/home/fede/PhD/transformer-hls/hls/include/normalizations.hpp:186]   --->   Operation 58 'br' 'br_ln186' <Predicate = true> <Delay = 0.00>


============================================================
+ Verbose Summary: Timing violations
============================================================
Target clock period: 10ns, clock uncertainty: 2.7ns.

 <State 1>: 2.72ns
The critical path consists of the following:
	'alloca' operation ('c') [5]  (0 ns)
	'load' operation ('c_load', /home/fede/PhD/transformer-hls/hls/include/normalizations.hpp:186) on local variable 'c' [18]  (0 ns)
	'icmp' operation ('icmp_ln186', /home/fede/PhD/transformer-hls/hls/include/normalizations.hpp:186) [21]  (0.753 ns)
	'select' operation ('select_ln185', /home/fede/PhD/transformer-hls/hls/include/normalizations.hpp:185) [22]  (0.414 ns)
	'add' operation ('add_ln186', /home/fede/PhD/transformer-hls/hls/include/normalizations.hpp:186) [49]  (0.789 ns)
	'store' operation ('store_ln186', /home/fede/PhD/transformer-hls/hls/include/normalizations.hpp:186) of variable 'add_ln186', /home/fede/PhD/transformer-hls/hls/include/normalizations.hpp:186 on local variable 'c' [51]  (0.427 ns)
	blocking operation 0.336 ns on control path)

 <State 2>: 1.21ns
The critical path consists of the following:
	'load' operation ('op', /home/fede/PhD/transformer-hls/hls/include/normalizations.hpp:206) on array 'bn0_mul_1' [28]  (0.677 ns)
	'mul' operation of DSP[31] ('mul_ln206', /home/fede/PhD/transformer-hls/hls/include/normalizations.hpp:206) [31]  (0.535 ns)

 <State 3>: 0.535ns
The critical path consists of the following:
	'mul' operation of DSP[31] ('mul_ln206', /home/fede/PhD/transformer-hls/hls/include/normalizations.hpp:206) [31]  (0.535 ns)

 <State 4>: 0.535ns
The critical path consists of the following:
	'mul' operation of DSP[31] ('mul_ln206', /home/fede/PhD/transformer-hls/hls/include/normalizations.hpp:206) [31]  (0.535 ns)

 <State 5>: 4.85ns
The critical path consists of the following:
	'mul' operation of DSP[31] ('mul_ln206', /home/fede/PhD/transformer-hls/hls/include/normalizations.hpp:206) [31]  (0 ns)
	'add' operation ('add_ln35', /home/fede/PhD/transformer-hls/hls/include/activations.h:35) [39]  (0.924 ns)
	'sub' operation ('ret.V') [43]  (0.924 ns)
	'sub' operation ('sub_ln223', /home/fede/PhD/transformer-hls/hls/include/normalizations.hpp:223) [46]  (0.773 ns)
	'select' operation ('q_out.V') [47]  (0.393 ns)
	fifo write operation ('write_ln235', /home/fede/PhD/transformer-hls/hls/include/normalizations.hpp:235) on port 'norm_out4' (/home/fede/PhD/transformer-hls/hls/include/normalizations.hpp:235) [48]  (1.84 ns)


============================================================
+ Verbose Summary: Binding
============================================================
N/A
* FSMD analyzer results:
  - Output states:
 - Input state : 
  - Chain level:
	State 1
	State 2
	State 3
	State 4
	State 5


============================================================
+ Verbose Summary: Datapath Resource usage 
============================================================
N/A
