

================================================================
== Vitis HLS Report for 'BatchNorm_tiled_1'
================================================================
* Date:           Tue Jun 23 12:41:27 2026

* Version:        2022.2 (Build 3670227 on Oct 13 2022)
* Project:        ViT_Block
* Solution:       ViT_Block (Vivado IP Flow Target)
* Product family: virtexuplus
* Target device:  xcu250-figd2104-2L-e


================================================================
== Performance Estimates
================================================================
+ Timing: 
    * Summary: 
    +--------+----------+----------+------------+
    |  Clock |  Target  | Estimated| Uncertainty|
    +--------+----------+----------+------------+
    |ap_clk  |  10.00 ns|  3.997 ns|     2.70 ns|
    +--------+----------+----------+------------+

+ Latency: 
    * Summary: 
    +---------+---------+----------+----------+-----+-----+---------+
    |  Latency (cycles) |  Latency (absolute) |  Interval | Pipeline|
    |   min   |   max   |    min   |    max   | min | max |   Type  |
    +---------+---------+----------+----------+-----+-----+---------+
    |      277|      277|  2.770 us|  2.770 us|  277|  277|       no|
    +---------+---------+----------+----------+-----+-----+---------+

    + Detail: 
        * Instance: 
        N/A

        * Loop: 
        +-------------------------------------+---------+---------+----------+-----------+-----------+------+----------+
        |                                     |  Latency (cycles) | Iteration|  Initiation Interval  | Trip |          |
        |              Loop Name              |   min   |   max   |  Latency |  achieved |   target  | Count| Pipelined|
        +-------------------------------------+---------+---------+----------+-----------+-----------+------+----------+
        |- VITIS_LOOP_185_1_VITIS_LOOP_186_2  |      275|      275|         5|          1|          1|   272|       yes|
        +-------------------------------------+---------+---------+----------+-----------+-----------+------+----------+

============================================================
+ Verbose Summary: Synthesis Manager
============================================================
InlineROM: 1
ExposeGlobal: 0
============================================================
+ Verbose Summary: CDFG Model
============================================================
IsTopModel: 0
ResetActiveHigh: 1
IsCombinational: 2
IsDatapathOnly: 0
HasWiredReturn: 1
HasMFsm: 2
HasVarLatency: 1
IsPipeline: 0
IsRtlPipelined: 0
IsInstanceOverlapped: 0
IsDontTouch: 0
HasImplIP: 0
IsGatedGlobalClock: 0

+ Individual pipeline summary: 
  * Pipeline-0: initiation interval (II) = 1, depth = 5


============================================================
+ Verbose Summary: Schedule
============================================================
* Number of FSM states : 5
* Pipeline : 1
  Pipeline-0 : II = 1, D = 5, States = { 1 2 3 4 5 }
* Dataflow Pipeline: 0

* FSM state transitions: 
1 --> 2 
2 --> 3 
3 --> 4 
4 --> 5 
5 --> 

* FSM state operations: 

State 1 <SV = 0> <Delay = 2.00>
ST_1 : Operation 8 [1/1] (0.00ns)   --->   "%c = alloca i32 1"   --->   Operation 8 'alloca' 'c' <Predicate = true> <Delay = 0.00>
ST_1 : Operation 9 [1/1] (0.00ns)   --->   "%indvar_flatten = alloca i32 1"   --->   Operation 9 'alloca' 'indvar_flatten' <Predicate = true> <Delay = 0.00>
ST_1 : Operation 10 [1/1] (0.00ns)   --->   "%specinterface_ln0 = specinterface void @_ssdm_op_SpecInterface, i8 %norm_out_113, void @empty_9, i32 0, i32 0, void @empty_28, i32 0, i32 0, void @empty_28, void @empty_28, void @empty_28, i32 0, i32 0, i32 0, i32 0, void @empty_28, void @empty_28, i32 4294967295, i32 0"   --->   Operation 10 'specinterface' 'specinterface_ln0' <Predicate = true> <Delay = 0.00>
ST_1 : Operation 11 [1/1] (0.00ns)   --->   "%specinterface_ln0 = specinterface void @_ssdm_op_SpecInterface, i8 %x212, void @empty_9, i32 0, i32 0, void @empty_28, i32 0, i32 0, void @empty_28, void @empty_28, void @empty_28, i32 0, i32 0, i32 0, i32 0, void @empty_28, void @empty_28, i32 4294967295, i32 0"   --->   Operation 11 'specinterface' 'specinterface_ln0' <Predicate = true> <Delay = 0.00>
ST_1 : Operation 12 [1/1] (0.38ns)   --->   "%store_ln185 = store i9 0, i9 %indvar_flatten" [/home/fede/PhD/transformer-hls/hls/include/normalizations.hpp:185]   --->   Operation 12 'store' 'store_ln185' <Predicate = true> <Delay = 0.38>
ST_1 : Operation 13 [1/1] (0.38ns)   --->   "%store_ln185 = store i5 0, i5 %c" [/home/fede/PhD/transformer-hls/hls/include/normalizations.hpp:185]   --->   Operation 13 'store' 'store_ln185' <Predicate = true> <Delay = 0.38>
ST_1 : Operation 14 [1/1] (0.00ns)   --->   "%br_ln185 = br void %for.body8.i" [/home/fede/PhD/transformer-hls/hls/include/normalizations.hpp:185]   --->   Operation 14 'br' 'br_ln185' <Predicate = true> <Delay = 0.00>
ST_1 : Operation 15 [1/1] (0.00ns)   --->   "%indvar_flatten_load = load i9 %indvar_flatten" [/home/fede/PhD/transformer-hls/hls/include/normalizations.hpp:185]   --->   Operation 15 'load' 'indvar_flatten_load' <Predicate = true> <Delay = 0.00>
ST_1 : Operation 16 [1/1] (0.59ns)   --->   "%icmp_ln185 = icmp_eq  i9 %indvar_flatten_load, i9 272" [/home/fede/PhD/transformer-hls/hls/include/normalizations.hpp:185]   --->   Operation 16 'icmp' 'icmp_ln185' <Predicate = true> <Delay = 0.59> <CoreInst = "Cmp">   --->   Core 9 'Cmp' <Latency = 0> <II = 1> <Delay = 0.59> <FuncUnit> <Opcode : 'icmp'> <InPorts = 2> <OutPorts = 1>
ST_1 : Operation 17 [1/1] (0.71ns)   --->   "%add_ln185 = add i9 %indvar_flatten_load, i9 1" [/home/fede/PhD/transformer-hls/hls/include/normalizations.hpp:185]   --->   Operation 17 'add' 'add_ln185' <Predicate = true> <Delay = 0.71> <CoreInst = "Adder">   --->   Core 1 'Adder' <Latency = 0> <II = 1> <Delay = 0.71> <FuncUnit> <Opcode : 'add' 'sub'> <InPorts = 2> <OutPorts = 1>
ST_1 : Operation 18 [1/1] (0.00ns)   --->   "%br_ln185 = br i1 %icmp_ln185, void %for.inc36.i, void %_Z25BATCHNORM_tiled_quantizedILi17ELi16ELi1ELi16E6ap_intILi8EES1_EvRN3hls6streamI7ap_uintIXmlT1_srT3_5widthEELi0EEERNS3_IS4_IXmlT1_srT4_5widthEELi0EEEPKiSE_.exit" [/home/fede/PhD/transformer-hls/hls/include/normalizations.hpp:185]   --->   Operation 18 'br' 'br_ln185' <Predicate = true> <Delay = 0.00>
ST_1 : Operation 19 [1/1] (0.00ns)   --->   "%c_load = load i5 %c" [/home/fede/PhD/transformer-hls/hls/include/normalizations.hpp:186]   --->   Operation 19 'load' 'c_load' <Predicate = (!icmp_ln185)> <Delay = 0.00>
ST_1 : Operation 20 [1/1] (0.63ns)   --->   "%icmp_ln186 = icmp_eq  i5 %c_load, i5 16" [/home/fede/PhD/transformer-hls/hls/include/normalizations.hpp:186]   --->   Operation 20 'icmp' 'icmp_ln186' <Predicate = (!icmp_ln185)> <Delay = 0.63> <CoreInst = "Cmp">   --->   Core 9 'Cmp' <Latency = 0> <II = 1> <Delay = 0.63> <FuncUnit> <Opcode : 'icmp'> <InPorts = 2> <OutPorts = 1>
ST_1 : Operation 21 [1/1] (0.27ns)   --->   "%select_ln185 = select i1 %icmp_ln186, i5 0, i5 %c_load" [/home/fede/PhD/transformer-hls/hls/include/normalizations.hpp:185]   --->   Operation 21 'select' 'select_ln185' <Predicate = (!icmp_ln185)> <Delay = 0.27> <CoreInst = "Sel">   --->   Core 73 'Sel' <Latency = 0> <II = 1> <Delay = 0.27> <FuncUnit> <Opcode : 'select'> <InPorts = 3> <OutPorts = 1>
ST_1 : Operation 22 [1/1] (0.00ns)   --->   "%zext_ln186 = zext i5 %select_ln185" [/home/fede/PhD/transformer-hls/hls/include/normalizations.hpp:186]   --->   Operation 22 'zext' 'zext_ln186' <Predicate = (!icmp_ln185)> <Delay = 0.00>
ST_1 : Operation 23 [1/1] (0.00ns)   --->   "%bn1_mul_1_addr = getelementptr i17 %bn1_mul_1, i64 0, i64 %zext_ln186" [/home/fede/PhD/transformer-hls/hls/include/normalizations.hpp:206]   --->   Operation 23 'getelementptr' 'bn1_mul_1_addr' <Predicate = (!icmp_ln185)> <Delay = 0.00>
ST_1 : Operation 24 [2/2] (0.69ns)   --->   "%bn1_mul_1_load = load i4 %bn1_mul_1_addr" [/home/fede/PhD/transformer-hls/hls/include/normalizations.hpp:206]   --->   Operation 24 'load' 'bn1_mul_1_load' <Predicate = (!icmp_ln185)> <Delay = 0.69> <CoreInst = "ROM">   --->   Core 101 'ROM' <Latency = 1> <II = 1> <Delay = 0.69> <Storage> <Opcode : 'load'> <Ports = 0> <Width = 17> <Depth = 16> <ROM>
ST_1 : Operation 25 [1/1] (0.00ns)   --->   "%bn1_add_1_addr = getelementptr i24 %bn1_add_1, i64 0, i64 %zext_ln186" [/home/fede/PhD/transformer-hls/hls/include/normalizations.hpp:207]   --->   Operation 25 'getelementptr' 'bn1_add_1_addr' <Predicate = (!icmp_ln185)> <Delay = 0.00>
ST_1 : Operation 26 [2/2] (0.69ns)   --->   "%bn1_add_1_load = load i4 %bn1_add_1_addr" [/home/fede/PhD/transformer-hls/hls/include/normalizations.hpp:207]   --->   Operation 26 'load' 'bn1_add_1_load' <Predicate = (!icmp_ln185)> <Delay = 0.69> <CoreInst = "ROM">   --->   Core 101 'ROM' <Latency = 1> <II = 1> <Delay = 0.69> <Storage> <Opcode : 'load'> <Ports = 0> <Width = 24> <Depth = 16> <ROM>
ST_1 : Operation 27 [1/1] (0.70ns)   --->   "%add_ln186 = add i5 %select_ln185, i5 1" [/home/fede/PhD/transformer-hls/hls/include/normalizations.hpp:186]   --->   Operation 27 'add' 'add_ln186' <Predicate = (!icmp_ln185)> <Delay = 0.70> <CoreInst = "Adder">   --->   Core 1 'Adder' <Latency = 0> <II = 1> <Delay = 0.70> <FuncUnit> <Opcode : 'add' 'sub'> <InPorts = 2> <OutPorts = 1>
ST_1 : Operation 28 [1/1] (0.38ns)   --->   "%store_ln186 = store i9 %add_ln185, i9 %indvar_flatten" [/home/fede/PhD/transformer-hls/hls/include/normalizations.hpp:186]   --->   Operation 28 'store' 'store_ln186' <Predicate = (!icmp_ln185)> <Delay = 0.38>
ST_1 : Operation 29 [1/1] (0.38ns)   --->   "%store_ln186 = store i5 %add_ln186, i5 %c" [/home/fede/PhD/transformer-hls/hls/include/normalizations.hpp:186]   --->   Operation 29 'store' 'store_ln186' <Predicate = (!icmp_ln185)> <Delay = 0.38>

State 2 <SV = 1> <Delay = 1.90>
ST_2 : Operation 30 [1/1] (1.36ns)   --->   "%in_word_V = read i8 @_ssdm_op_Read.ap_fifo.volatile.i8P0A, i8 %x212" [/home/fede/PhD/transformer-hls/hls/include/normalizations.hpp:189]   --->   Operation 30 'read' 'in_word_V' <Predicate = true> <Delay = 1.36> <CoreInst = "FIFO_SRL">   --->   Core 81 'FIFO_SRL' <Latency = 0> <II = 1> <Delay = 1.36> <Storage> <Opcode : 'read' 'write' 'nbread' 'nbwrite'> <Ports = 0> <Width = 8> <Depth = 2> <FIFO>
ST_2 : Operation 31 [1/2] (0.69ns)   --->   "%bn1_mul_1_load = load i4 %bn1_mul_1_addr" [/home/fede/PhD/transformer-hls/hls/include/normalizations.hpp:206]   --->   Operation 31 'load' 'bn1_mul_1_load' <Predicate = true> <Delay = 0.69> <CoreInst = "ROM">   --->   Core 101 'ROM' <Latency = 1> <II = 1> <Delay = 0.69> <Storage> <Opcode : 'load'> <Ports = 0> <Width = 17> <Depth = 16> <ROM>
ST_2 : Operation 32 [1/1] (0.00ns)   --->   "%sext_ln206 = sext i8 %in_word_V" [/home/fede/PhD/transformer-hls/hls/include/normalizations.hpp:206]   --->   Operation 32 'sext' 'sext_ln206' <Predicate = true> <Delay = 0.00>
ST_2 : Operation 33 [1/1] (0.00ns)   --->   "%zext_ln206 = zext i17 %bn1_mul_1_load" [/home/fede/PhD/transformer-hls/hls/include/normalizations.hpp:206]   --->   Operation 33 'zext' 'zext_ln206' <Predicate = true> <Delay = 0.00>
ST_2 : Operation 34 [4/4] (0.53ns) (root node of the DSP)   --->   "%mul_ln206 = mul i25 %zext_ln206, i25 %sext_ln206" [/home/fede/PhD/transformer-hls/hls/include/normalizations.hpp:206]   --->   Operation 34 'mul' 'mul_ln206' <Predicate = true> <Delay = 0.53> <CoreInst = "DSP48">   --->   Core 127 'DSP48' <Latency = 3> <II = 1> <Delay = 0.53> <IPBlock> <Opcode : 'mul' 'add' 'sub' 'select'> <InPorts = 0> <OutPorts = 1> <Sync> <CReg>
ST_2 : Operation 35 [1/2] (0.69ns)   --->   "%bn1_add_1_load = load i4 %bn1_add_1_addr" [/home/fede/PhD/transformer-hls/hls/include/normalizations.hpp:207]   --->   Operation 35 'load' 'bn1_add_1_load' <Predicate = true> <Delay = 0.69> <CoreInst = "ROM">   --->   Core 101 'ROM' <Latency = 1> <II = 1> <Delay = 0.69> <Storage> <Opcode : 'load'> <Ports = 0> <Width = 24> <Depth = 16> <ROM>

State 3 <SV = 2> <Delay = 0.53>
ST_3 : Operation 36 [3/4] (0.53ns) (root node of the DSP)   --->   "%mul_ln206 = mul i25 %zext_ln206, i25 %sext_ln206" [/home/fede/PhD/transformer-hls/hls/include/normalizations.hpp:206]   --->   Operation 36 'mul' 'mul_ln206' <Predicate = true> <Delay = 0.53> <CoreInst = "DSP48">   --->   Core 127 'DSP48' <Latency = 3> <II = 1> <Delay = 0.53> <IPBlock> <Opcode : 'mul' 'add' 'sub' 'select'> <InPorts = 0> <OutPorts = 1> <Sync> <CReg>

State 4 <SV = 3> <Delay = 0.53>
ST_4 : Operation 37 [2/4] (0.53ns) (root node of the DSP)   --->   "%mul_ln206 = mul i25 %zext_ln206, i25 %sext_ln206" [/home/fede/PhD/transformer-hls/hls/include/normalizations.hpp:206]   --->   Operation 37 'mul' 'mul_ln206' <Predicate = true> <Delay = 0.53> <CoreInst = "DSP48">   --->   Core 127 'DSP48' <Latency = 3> <II = 1> <Delay = 0.53> <IPBlock> <Opcode : 'mul' 'add' 'sub' 'select'> <InPorts = 0> <OutPorts = 1> <Sync> <CReg>
ST_4 : Operation 68 [1/1] (0.00ns)   --->   "%ret_ln169 = ret" [/home/fede/PhD/transformer-hls/hls/src/model/ViT_Block.cpp:169]   --->   Operation 68 'ret' 'ret_ln169' <Predicate = (icmp_ln185)> <Delay = 0.00>

State 5 <SV = 4> <Delay = 3.99>
ST_5 : Operation 38 [1/1] (0.00ns)   --->   "%specloopname_ln0 = specloopname void @_ssdm_op_SpecLoopName, void @VITIS_LOOP_185_1_VITIS_LOOP_186_2_str"   --->   Operation 38 'specloopname' 'specloopname_ln0' <Predicate = true> <Delay = 0.00>
ST_5 : Operation 39 [1/1] (0.00ns)   --->   "%empty = speclooptripcount i32 @_ssdm_op_SpecLoopTripCount, i64 272, i64 272, i64 272"   --->   Operation 39 'speclooptripcount' 'empty' <Predicate = true> <Delay = 0.00>
ST_5 : Operation 40 [1/1] (0.00ns)   --->   "%specpipeline_ln187 = specpipeline void @_ssdm_op_SpecPipeline, i32 1, i32 0, i32 0, i32 0, void @empty_28" [/home/fede/PhD/transformer-hls/hls/include/normalizations.hpp:187]   --->   Operation 40 'specpipeline' 'specpipeline_ln187' <Predicate = true> <Delay = 0.00>
ST_5 : Operation 41 [1/1] (0.00ns)   --->   "%specloopname_ln186 = specloopname void @_ssdm_op_SpecLoopName, void @empty_41" [/home/fede/PhD/transformer-hls/hls/include/normalizations.hpp:186]   --->   Operation 41 'specloopname' 'specloopname_ln186' <Predicate = true> <Delay = 0.00>
ST_5 : Operation 42 [1/4] (0.00ns) (root node of the DSP)   --->   "%mul_ln206 = mul i25 %zext_ln206, i25 %sext_ln206" [/home/fede/PhD/transformer-hls/hls/include/normalizations.hpp:206]   --->   Operation 42 'mul' 'mul_ln206' <Predicate = true> <Delay = 0.00> <CoreInst = "DSP48">   --->   Core 127 'DSP48' <Latency = 3> <II = 1> <Delay = 0.53> <IPBlock> <Opcode : 'mul' 'add' 'sub' 'select'> <InPorts = 0> <OutPorts = 1> <Sync> <CReg>
ST_5 : Operation 43 [1/1] (0.00ns)   --->   "%sext_ln207 = sext i25 %mul_ln206" [/home/fede/PhD/transformer-hls/hls/include/normalizations.hpp:207]   --->   Operation 43 'sext' 'sext_ln207' <Predicate = true> <Delay = 0.00>
ST_5 : Operation 44 [1/1] (0.00ns)   --->   "%sext_ln206_1 = sext i24 %bn1_add_1_load" [/home/fede/PhD/transformer-hls/hls/include/normalizations.hpp:206]   --->   Operation 44 'sext' 'sext_ln206_1' <Predicate = true> <Delay = 0.00>
ST_5 : Operation 45 [1/1] (0.00ns)   --->   "%trunc_ln206 = trunc i25 %mul_ln206" [/home/fede/PhD/transformer-hls/hls/include/normalizations.hpp:206]   --->   Operation 45 'trunc' 'trunc_ln206' <Predicate = true> <Delay = 0.00>
ST_5 : Operation 46 [1/1] (0.00ns)   --->   "%sext_ln206_2 = sext i24 %bn1_add_1_load" [/home/fede/PhD/transformer-hls/hls/include/normalizations.hpp:206]   --->   Operation 46 'sext' 'sext_ln206_2' <Predicate = true> <Delay = 0.00>
ST_5 : Operation 47 [1/1] (0.83ns)   --->   "%acc_V = add i26 %sext_ln207, i26 %sext_ln206_1" [/home/fede/PhD/transformer-hls/hls/include/normalizations.hpp:206]   --->   Operation 47 'add' 'acc_V' <Predicate = true> <Delay = 0.83> <CoreInst = "Adder">   --->   Core 1 'Adder' <Latency = 0> <II = 1> <Delay = 0.83> <FuncUnit> <Opcode : 'add' 'sub'> <InPorts = 2> <OutPorts = 1>
ST_5 : Operation 48 [1/1] (0.00ns)   --->   "%tmp = bitselect i1 @_ssdm_op_BitSelect.i1.i26.i32, i26 %acc_V, i32 25"   --->   Operation 48 'bitselect' 'tmp' <Predicate = true> <Delay = 0.00>
ST_5 : Operation 49 [1/1] (0.00ns) (grouped into TernaryAdder)   --->   "%add_ln35 = add i25 %mul_ln206, i25 %sext_ln206_2" [/home/fede/PhD/transformer-hls/hls/include/activations.h:35]   --->   Operation 49 'add' 'add_ln35' <Predicate = true> <Delay = 0.00> <CoreInst = "TAddSub">   --->   Core 10 'TAddSub' <Latency = 0> <II = 1> <Delay = 0.35> <IPBlock> <Opcode : 'add' 'sub'> <InPorts = 3> <OutPorts = 1> <Sync> <CReg>
ST_5 : Operation 50 [1/1] (0.00ns) (grouped into TernaryAdder)   --->   "%add_ln1495 = add i24 %trunc_ln206, i24 32768"   --->   Operation 50 'add' 'add_ln1495' <Predicate = true> <Delay = 0.00> <CoreInst = "TAddSub">   --->   Core 10 'TAddSub' <Latency = 0> <II = 1> <Delay = 0.35> <IPBlock> <Opcode : 'add' 'sub'> <InPorts = 3> <OutPorts = 1> <Sync> <CReg>
ST_5 : Operation 51 [1/1] (0.70ns) (root node of TernaryAdder)   --->   "%ret_V = add i24 %add_ln1495, i24 %bn1_add_1_load"   --->   Operation 51 'add' 'ret_V' <Predicate = true> <Delay = 0.70> <CoreInst = "TAddSub">   --->   Core 10 'TAddSub' <Latency = 0> <II = 1> <Delay = 0.35> <IPBlock> <Opcode : 'add' 'sub'> <InPorts = 3> <OutPorts = 1> <Sync> <CReg>
ST_5 : Operation 52 [1/1] (0.00ns)   --->   "%trunc_ln = partselect i8 @_ssdm_op_PartSelect.i8.i24.i32.i32, i24 %ret_V, i32 16, i32 23" [/home/fede/PhD/transformer-hls/hls/include/normalizations.hpp:209]   --->   Operation 52 'partselect' 'trunc_ln' <Predicate = true> <Delay = 0.00>
ST_5 : Operation 53 [1/1] (0.00ns)   --->   "%zext_ln209 = zext i8 %trunc_ln" [/home/fede/PhD/transformer-hls/hls/include/normalizations.hpp:209]   --->   Operation 53 'zext' 'zext_ln209' <Predicate = true> <Delay = 0.00>
ST_5 : Operation 54 [1/1] (0.70ns) (root node of TernaryAdder)   --->   "%ret_V_17 = sub i25 32768, i25 %add_ln35"   --->   Operation 54 'sub' 'ret_V_17' <Predicate = true> <Delay = 0.70> <CoreInst = "TAddSub">   --->   Core 10 'TAddSub' <Latency = 0> <II = 1> <Delay = 0.35> <IPBlock> <Opcode : 'add' 'sub'> <InPorts = 3> <OutPorts = 1> <Sync> <CReg>
ST_5 : Operation 55 [1/1] (0.00ns)   --->   "%trunc_ln13 = partselect i9 @_ssdm_op_PartSelect.i9.i25.i32.i32, i25 %ret_V_17, i32 16, i32 24" [/home/fede/PhD/transformer-hls/hls/include/activations.h:38]   --->   Operation 55 'partselect' 'trunc_ln13' <Predicate = true> <Delay = 0.00>
ST_5 : Operation 56 [1/1] (0.00ns)   --->   "%zext_ln38 = zext i9 %trunc_ln13" [/home/fede/PhD/transformer-hls/hls/include/activations.h:38]   --->   Operation 56 'zext' 'zext_ln38' <Predicate = true> <Delay = 0.00>
ST_5 : Operation 57 [1/1] (0.71ns)   --->   "%rq_V = sub i10 0, i10 %zext_ln38" [/home/fede/PhD/transformer-hls/hls/include/activations.h:38]   --->   Operation 57 'sub' 'rq_V' <Predicate = true> <Delay = 0.71> <CoreInst = "Adder">   --->   Core 1 'Adder' <Latency = 0> <II = 1> <Delay = 0.71> <FuncUnit> <Opcode : 'add' 'sub'> <InPorts = 2> <OutPorts = 1>
ST_5 : Operation 58 [1/1] (0.30ns)   --->   "%rq_V_16 = select i1 %tmp, i10 %rq_V, i10 %zext_ln209"   --->   Operation 58 'select' 'rq_V_16' <Predicate = true> <Delay = 0.30> <CoreInst = "Sel">   --->   Core 73 'Sel' <Latency = 0> <II = 1> <Delay = 0.30> <FuncUnit> <Opcode : 'select'> <InPorts = 3> <OutPorts = 1>
ST_5 : Operation 59 [1/1] (0.00ns)   --->   "%tmp_17 = partselect i3 @_ssdm_op_PartSelect.i3.i10.i32.i32, i10 %rq_V_16, i32 7, i32 9"   --->   Operation 59 'partselect' 'tmp_17' <Predicate = true> <Delay = 0.00>
ST_5 : Operation 60 [1/1] (0.49ns)   --->   "%icmp_ln1035 = icmp_sgt  i3 %tmp_17, i3 0"   --->   Operation 60 'icmp' 'icmp_ln1035' <Predicate = true> <Delay = 0.49> <CoreInst = "Cmp">   --->   Core 9 'Cmp' <Latency = 0> <II = 1> <Delay = 0.49> <FuncUnit> <Opcode : 'icmp'> <InPorts = 2> <OutPorts = 1>
ST_5 : Operation 61 [1/1] (0.60ns)   --->   "%icmp_ln1027 = icmp_slt  i10 %rq_V_16, i10 896"   --->   Operation 61 'icmp' 'icmp_ln1027' <Predicate = true> <Delay = 0.60> <CoreInst = "Cmp">   --->   Core 9 'Cmp' <Latency = 0> <II = 1> <Delay = 0.60> <FuncUnit> <Opcode : 'icmp'> <InPorts = 2> <OutPorts = 1>
ST_5 : Operation 62 [1/1] (0.00ns) (grouped into LUT with out node q_out_V)   --->   "%trunc_ln223 = trunc i10 %rq_V_16" [/home/fede/PhD/transformer-hls/hls/include/normalizations.hpp:223]   --->   Operation 62 'trunc' 'trunc_ln223' <Predicate = true> <Delay = 0.00>
ST_5 : Operation 63 [1/1] (0.00ns) (grouped into LUT with out node q_out_V)   --->   "%select_ln223 = select i1 %icmp_ln1035, i8 127, i8 128" [/home/fede/PhD/transformer-hls/hls/include/normalizations.hpp:223]   --->   Operation 63 'select' 'select_ln223' <Predicate = true> <Delay = 0.00> <CoreInst = "Sel">   --->   Core 73 'Sel' <Latency = 0> <II = 1> <Delay = 0.30> <FuncUnit> <Opcode : 'select'> <InPorts = 3> <OutPorts = 1>
ST_5 : Operation 64 [1/1] (0.00ns) (grouped into LUT with out node q_out_V)   --->   "%or_ln223 = or i1 %icmp_ln1035, i1 %icmp_ln1027" [/home/fede/PhD/transformer-hls/hls/include/normalizations.hpp:223]   --->   Operation 64 'or' 'or_ln223' <Predicate = true> <Delay = 0.00> <CoreInst = "LogicGate">   --->   Core 74 'LogicGate' <Latency = 0> <II = 1> <Delay = 0.12> <FuncUnit> <Opcode : 'and' 'or' 'xor'> <InPorts = 2> <OutPorts = 1>
ST_5 : Operation 65 [1/1] (0.30ns) (out node of the LUT)   --->   "%q_out_V = select i1 %or_ln223, i8 %select_ln223, i8 %trunc_ln223" [/home/fede/PhD/transformer-hls/hls/include/normalizations.hpp:223]   --->   Operation 65 'select' 'q_out_V' <Predicate = true> <Delay = 0.30> <CoreInst = "Sel">   --->   Core 73 'Sel' <Latency = 0> <II = 1> <Delay = 0.30> <FuncUnit> <Opcode : 'select'> <InPorts = 3> <OutPorts = 1>
ST_5 : Operation 66 [1/1] (1.36ns)   --->   "%write_ln235 = write void @_ssdm_op_Write.ap_fifo.volatile.i8P0A, i8 %norm_out_113, i8 %q_out_V" [/home/fede/PhD/transformer-hls/hls/include/normalizations.hpp:235]   --->   Operation 66 'write' 'write_ln235' <Predicate = true> <Delay = 1.36> <CoreInst = "FIFO_SRL">   --->   Core 81 'FIFO_SRL' <Latency = 0> <II = 1> <Delay = 1.36> <Storage> <Opcode : 'read' 'write' 'nbread' 'nbwrite'> <Ports = 0> <Width = 8> <Depth = 2> <FIFO>
ST_5 : Operation 67 [1/1] (0.00ns)   --->   "%br_ln186 = br void %for.body8.i" [/home/fede/PhD/transformer-hls/hls/include/normalizations.hpp:186]   --->   Operation 67 'br' 'br_ln186' <Predicate = true> <Delay = 0.00>


============================================================
+ Verbose Summary: Binding
============================================================
STG Binding: 
---------------- STG Properties BEGIN ----------------
- Is combinational: 0
- Is one-state seq: 0
- Is datapath-only: 0
- Is pipelined: 0
- Is top level: 0
Port [ Return ] is wired: 1; IO mode=ap_ctrl_hs:ce=0
Port [ x212]:  wired=1; compound=1; hidden=0; nouse=0; global=0; static=0; extern=0; dir=0; type=3; pingpong=0; private_global=0; IO mode=ap_fifo:ce=0
Port [ norm_out_113]:  wired=1; compound=1; hidden=0; nouse=0; global=0; static=0; extern=0; dir=1; type=3; pingpong=0; private_global=0; IO mode=ap_fifo:ce=0
Port [ bn1_mul_1]:  wired=0; compound=1; hidden=1; nouse=0; global=1; static=1; extern=0; dir=0; type=1; pingpong=0; private_global=1; MemPort=[1]; IO mode=ap_memory:ce=0
Port [ bn1_add_1]:  wired=0; compound=1; hidden=1; nouse=0; global=1; static=1; extern=0; dir=0; type=1; pingpong=0; private_global=1; MemPort=[1]; IO mode=ap_memory:ce=0
---------------- STG Properties END ------------------

---------------- Datapath Model BEGIN ----------------

<LifeTime>
<method=bitvector/>
c                   (alloca           ) [ 010000]
indvar_flatten      (alloca           ) [ 010000]
specinterface_ln0   (specinterface    ) [ 000000]
specinterface_ln0   (specinterface    ) [ 000000]
store_ln185         (store            ) [ 000000]
store_ln185         (store            ) [ 000000]
br_ln185            (br               ) [ 000000]
indvar_flatten_load (load             ) [ 000000]
icmp_ln185          (icmp             ) [ 011110]
add_ln185           (add              ) [ 000000]
br_ln185            (br               ) [ 000000]
c_load              (load             ) [ 000000]
icmp_ln186          (icmp             ) [ 000000]
select_ln185        (select           ) [ 000000]
zext_ln186          (zext             ) [ 000000]
bn1_mul_1_addr      (getelementptr    ) [ 011000]
bn1_add_1_addr      (getelementptr    ) [ 011000]
add_ln186           (add              ) [ 000000]
store_ln186         (store            ) [ 000000]
store_ln186         (store            ) [ 000000]
in_word_V           (read             ) [ 000000]
bn1_mul_1_load      (load             ) [ 000000]
sext_ln206          (sext             ) [ 010111]
zext_ln206          (zext             ) [ 010111]
bn1_add_1_load      (load             ) [ 010111]
specloopname_ln0    (specloopname     ) [ 000000]
empty               (speclooptripcount) [ 000000]
specpipeline_ln187  (specpipeline     ) [ 000000]
specloopname_ln186  (specloopname     ) [ 000000]
mul_ln206           (mul              ) [ 000000]
sext_ln207          (sext             ) [ 000000]
sext_ln206_1        (sext             ) [ 000000]
trunc_ln206         (trunc            ) [ 000000]
sext_ln206_2        (sext             ) [ 000000]
acc_V               (add              ) [ 000000]
tmp                 (bitselect        ) [ 000000]
add_ln35            (add              ) [ 000000]
add_ln1495          (add              ) [ 000000]
ret_V               (add              ) [ 000000]
trunc_ln            (partselect       ) [ 000000]
zext_ln209          (zext             ) [ 000000]
ret_V_17            (sub              ) [ 000000]
trunc_ln13          (partselect       ) [ 000000]
zext_ln38           (zext             ) [ 000000]
rq_V                (sub              ) [ 000000]
rq_V_16             (select           ) [ 000000]
tmp_17              (partselect       ) [ 000000]
icmp_ln1035         (icmp             ) [ 000000]
icmp_ln1027         (icmp             ) [ 000000]
trunc_ln223         (trunc            ) [ 000000]
select_ln223        (select           ) [ 000000]
or_ln223            (or               ) [ 000000]
q_out_V             (select           ) [ 000000]
write_ln235         (write            ) [ 000000]
br_ln186            (br               ) [ 000000]
ret_ln169           (ret              ) [ 000000]
</LifeTime>

<model>

<comp_list>
<comp id="0" class="1000" name="x212">
<pin_list>
<pin id="1" dir="1" index="0" bw="1" slack="0"/>
</pin_list>
<bind>
<StgValue><ssdm name="x212"/></StgValue>
</bind>
</comp>

<comp id="2" class="1000" name="norm_out_113">
<pin_list>
<pin id="3" dir="1" index="0" bw="1" slack="0"/>
</pin_list>
<bind>
<StgValue><ssdm name="norm_out_113"/></StgValue>
</bind>
</comp>

<comp id="4" class="1000" name="bn1_mul_1">
<pin_list>
<pin id="5" dir="1" index="0" bw="1" slack="0"/>
</pin_list>
<bind>
<StgValue><ssdm name="bn1_mul_1"/><MemPortTyVec>1 </MemPortTyVec>
</StgValue>
</bind>
</comp>

<comp id="6" class="1000" name="bn1_add_1">
<pin_list>
<pin id="7" dir="1" index="0" bw="1" slack="0"/>
</pin_list>
<bind>
<StgValue><ssdm name="bn1_add_1"/><MemPortTyVec>1 </MemPortTyVec>
</StgValue>
</bind>
</comp>

<comp id="8" class="1001" name="const_8">
<pin_list>
<pin id="9" dir="1" index="0" bw="1" slack="0"/>
</pin_list>
<bind>
<StgValue><ssdm name=""/></StgValue>
</bind>
</comp>

<comp id="10" class="1001" name="const_10">
<pin_list>
<pin id="11" dir="1" index="0" bw="1" slack="2147483647"/>
</pin_list>
<bind>
<StgValue><ssdm name="_ssdm_op_SpecInterface"/></StgValue>
</bind>
</comp>

<comp id="12" class="1001" name="const_12">
<pin_list>
<pin id="13" dir="1" index="0" bw="1" slack="2147483647"/>
</pin_list>
<bind>
<StgValue><ssdm name="empty_9"/></StgValue>
</bind>
</comp>

<comp id="14" class="1001" name="const_14">
<pin_list>
<pin id="15" dir="1" index="0" bw="1" slack="2147483647"/>
</pin_list>
<bind>
<StgValue><ssdm name=""/></StgValue>
</bind>
</comp>

<comp id="16" class="1001" name="const_16">
<pin_list>
<pin id="17" dir="1" index="0" bw="1" slack="2147483647"/>
</pin_list>
<bind>
<StgValue><ssdm name="empty_28"/></StgValue>
</bind>
</comp>

<comp id="18" class="1001" name="const_18">
<pin_list>
<pin id="19" dir="1" index="0" bw="1" slack="2147483647"/>
</pin_list>
<bind>
<StgValue><ssdm name=""/></StgValue>
</bind>
</comp>

<comp id="20" class="1001" name="const_20">
<pin_list>
<pin id="21" dir="1" index="0" bw="1" slack="0"/>
</pin_list>
<bind>
<StgValue><ssdm name=""/></StgValue>
</bind>
</comp>

<comp id="22" class="1001" name="const_22">
<pin_list>
<pin id="23" dir="1" index="0" bw="1" slack="0"/>
</pin_list>
<bind>
<StgValue><ssdm name=""/></StgValue>
</bind>
</comp>

<comp id="24" class="1001" name="const_24">
<pin_list>
<pin id="25" dir="1" index="0" bw="1" slack="0"/>
</pin_list>
<bind>
<StgValue><ssdm name=""/></StgValue>
</bind>
</comp>

<comp id="26" class="1001" name="const_26">
<pin_list>
<pin id="27" dir="1" index="0" bw="1" slack="0"/>
</pin_list>
<bind>
<StgValue><ssdm name=""/></StgValue>
</bind>
</comp>

<comp id="28" class="1001" name="const_28">
<pin_list>
<pin id="29" dir="1" index="0" bw="1" slack="0"/>
</pin_list>
<bind>
<StgValue><ssdm name=""/></StgValue>
</bind>
</comp>

<comp id="30" class="1001" name="const_30">
<pin_list>
<pin id="31" dir="1" index="0" bw="1" slack="0"/>
</pin_list>
<bind>
<StgValue><ssdm name=""/></StgValue>
</bind>
</comp>

<comp id="32" class="1001" name="const_32">
<pin_list>
<pin id="33" dir="1" index="0" bw="1" slack="0"/>
</pin_list>
<bind>
<StgValue><ssdm name=""/></StgValue>
</bind>
</comp>

<comp id="34" class="1001" name="const_34">
<pin_list>
<pin id="35" dir="1" index="0" bw="1" slack="0"/>
</pin_list>
<bind>
<StgValue><ssdm name="_ssdm_op_Read.ap_fifo.volatile.i8P0A"/></StgValue>
</bind>
</comp>

<comp id="36" class="1001" name="const_36">
<pin_list>
<pin id="37" dir="1" index="0" bw="1" slack="2147483647"/>
</pin_list>
<bind>
<StgValue><ssdm name="_ssdm_op_SpecLoopName"/></StgValue>
</bind>
</comp>

<comp id="38" class="1001" name="const_38">
<pin_list>
<pin id="39" dir="1" index="0" bw="1" slack="2147483647"/>
</pin_list>
<bind>
<StgValue><ssdm name="VITIS_LOOP_185_1_VITIS_LOOP_186_2_str"/></StgValue>
</bind>
</comp>

<comp id="40" class="1001" name="const_40">
<pin_list>
<pin id="41" dir="1" index="0" bw="1" slack="2147483647"/>
</pin_list>
<bind>
<StgValue><ssdm name="_ssdm_op_SpecLoopTripCount"/></StgValue>
</bind>
</comp>

<comp id="42" class="1001" name="const_42">
<pin_list>
<pin id="43" dir="1" index="0" bw="1" slack="2147483647"/>
</pin_list>
<bind>
<StgValue><ssdm name=""/></StgValue>
</bind>
</comp>

<comp id="44" class="1001" name="const_44">
<pin_list>
<pin id="45" dir="1" index="0" bw="1" slack="2147483647"/>
</pin_list>
<bind>
<StgValue><ssdm name="_ssdm_op_SpecPipeline"/></StgValue>
</bind>
</comp>

<comp id="46" class="1001" name="const_46">
<pin_list>
<pin id="47" dir="1" index="0" bw="1" slack="2147483647"/>
</pin_list>
<bind>
<StgValue><ssdm name="empty_41"/></StgValue>
</bind>
</comp>

<comp id="48" class="1001" name="const_48">
<pin_list>
<pin id="49" dir="1" index="0" bw="1" slack="0"/>
</pin_list>
<bind>
<StgValue><ssdm name="_ssdm_op_BitSelect.i1.i26.i32"/></StgValue>
</bind>
</comp>

<comp id="50" class="1001" name="const_50">
<pin_list>
<pin id="51" dir="1" index="0" bw="1" slack="0"/>
</pin_list>
<bind>
<StgValue><ssdm name=""/></StgValue>
</bind>
</comp>

<comp id="52" class="1001" name="const_52">
<pin_list>
<pin id="53" dir="1" index="0" bw="1" slack="0"/>
</pin_list>
<bind>
<StgValue><ssdm name=""/></StgValue>
</bind>
</comp>

<comp id="54" class="1001" name="const_54">
<pin_list>
<pin id="55" dir="1" index="0" bw="1" slack="0"/>
</pin_list>
<bind>
<StgValue><ssdm name="_ssdm_op_PartSelect.i8.i24.i32.i32"/></StgValue>
</bind>
</comp>

<comp id="56" class="1001" name="const_56">
<pin_list>
<pin id="57" dir="1" index="0" bw="1" slack="0"/>
</pin_list>
<bind>
<StgValue><ssdm name=""/></StgValue>
</bind>
</comp>

<comp id="58" class="1001" name="const_58">
<pin_list>
<pin id="59" dir="1" index="0" bw="1" slack="0"/>
</pin_list>
<bind>
<StgValue><ssdm name=""/></StgValue>
</bind>
</comp>

<comp id="60" class="1001" name="const_60">
<pin_list>
<pin id="61" dir="1" index="0" bw="1" slack="0"/>
</pin_list>
<bind>
<StgValue><ssdm name=""/></StgValue>
</bind>
</comp>

<comp id="62" class="1001" name="const_62">
<pin_list>
<pin id="63" dir="1" index="0" bw="1" slack="0"/>
</pin_list>
<bind>
<StgValue><ssdm name="_ssdm_op_PartSelect.i9.i25.i32.i32"/></StgValue>
</bind>
</comp>

<comp id="64" class="1001" name="const_64">
<pin_list>
<pin id="65" dir="1" index="0" bw="1" slack="0"/>
</pin_list>
<bind>
<StgValue><ssdm name=""/></StgValue>
</bind>
</comp>

<comp id="66" class="1001" name="const_66">
<pin_list>
<pin id="67" dir="1" index="0" bw="1" slack="0"/>
</pin_list>
<bind>
<StgValue><ssdm name=""/></StgValue>
</bind>
</comp>

<comp id="68" class="1001" name="const_68">
<pin_list>
<pin id="69" dir="1" index="0" bw="1" slack="0"/>
</pin_list>
<bind>
<StgValue><ssdm name="_ssdm_op_PartSelect.i3.i10.i32.i32"/></StgValue>
</bind>
</comp>

<comp id="70" class="1001" name="const_70">
<pin_list>
<pin id="71" dir="1" index="0" bw="1" slack="0"/>
</pin_list>
<bind>
<StgValue><ssdm name=""/></StgValue>
</bind>
</comp>

<comp id="72" class="1001" name="const_72">
<pin_list>
<pin id="73" dir="1" index="0" bw="1" slack="0"/>
</pin_list>
<bind>
<StgValue><ssdm name=""/></StgValue>
</bind>
</comp>

<comp id="74" class="1001" name="const_74">
<pin_list>
<pin id="75" dir="1" index="0" bw="1" slack="0"/>
</pin_list>
<bind>
<StgValue><ssdm name=""/></StgValue>
</bind>
</comp>

<comp id="76" class="1001" name="const_76">
<pin_list>
<pin id="77" dir="1" index="0" bw="1" slack="0"/>
</pin_list>
<bind>
<StgValue><ssdm name=""/></StgValue>
</bind>
</comp>

<comp id="78" class="1001" name="const_78">
<pin_list>
<pin id="79" dir="1" index="0" bw="1" slack="0"/>
</pin_list>
<bind>
<StgValue><ssdm name=""/></StgValue>
</bind>
</comp>

<comp id="80" class="1001" name="const_80">
<pin_list>
<pin id="81" dir="1" index="0" bw="1" slack="0"/>
</pin_list>
<bind>
<StgValue><ssdm name=""/></StgValue>
</bind>
</comp>

<comp id="82" class="1001" name="const_82">
<pin_list>
<pin id="83" dir="1" index="0" bw="1" slack="0"/>
</pin_list>
<bind>
<StgValue><ssdm name="_ssdm_op_Write.ap_fifo.volatile.i8P0A"/></StgValue>
</bind>
</comp>

<comp id="84" class="1004" name="c_fu_84">
<pin_list>
<pin id="85" dir="0" index="0" bw="1" slack="0"/>
<pin id="86" dir="1" index="1" bw="5" slack="0"/>
</pin_list>
<bind>
<opcode="alloca(26) " fcode="alloca"/>
<opset="c/1 "/>
</bind>
</comp>

<comp id="88" class="1004" name="indvar_flatten_fu_88">
<pin_list>
<pin id="89" dir="0" index="0" bw="1" slack="0"/>
<pin id="90" dir="1" index="1" bw="9" slack="0"/>
</pin_list>
<bind>
<opcode="alloca(26) " fcode="alloca"/>
<opset="indvar_flatten/1 "/>
</bind>
</comp>

<comp id="92" class="1004" name="in_word_V_read_fu_92">
<pin_list>
<pin id="93" dir="0" index="0" bw="8" slack="0"/>
<pin id="94" dir="0" index="1" bw="8" slack="0"/>
<pin id="95" dir="1" index="2" bw="8" slack="0"/>
</pin_list>
<bind>
<opcode="read(1150) " fcode="read"/>
<opset="in_word_V/2 "/>
</bind>
</comp>

<comp id="98" class="1004" name="write_ln235_write_fu_98">
<pin_list>
<pin id="99" dir="0" index="0" bw="0" slack="0"/>
<pin id="100" dir="0" index="1" bw="8" slack="0"/>
<pin id="101" dir="0" index="2" bw="8" slack="0"/>
<pin id="102" dir="1" index="3" bw="0" slack="2147483647"/>
</pin_list>
<bind>
<opcode="write(1151) " fcode="write"/>
<opset="write_ln235/5 "/>
</bind>
</comp>

<comp id="105" class="1004" name="bn1_mul_1_addr_gep_fu_105">
<pin_list>
<pin id="106" dir="0" index="0" bw="17" slack="0"/>
<pin id="107" dir="0" index="1" bw="1" slack="0"/>
<pin id="108" dir="0" index="2" bw="5" slack="0"/>
<pin id="109" dir="1" index="3" bw="4" slack="0"/>
</pin_list>
<bind>
<opcode="getelementptr(29) " fcode="getelementptr"/>
<opset="bn1_mul_1_addr/1 "/>
</bind>
</comp>

<comp id="112" class="1004" name="grp_access_fu_112">
<pin_list>
<pin id="113" dir="0" index="0" bw="4" slack="0"/>
<pin id="114" dir="0" index="1" bw="17" slack="2147483647"/>
<pin id="115" dir="0" index="2" bw="0" slack="2147483647"/>
<pin id="116" dir="1" index="3" bw="17" slack="0"/>
</pin_list>
<bind>
<opcode="load(27) " fcode="load"/>
<opset="bn1_mul_1_load/1 "/>
</bind>
</comp>

<comp id="118" class="1004" name="bn1_add_1_addr_gep_fu_118">
<pin_list>
<pin id="119" dir="0" index="0" bw="24" slack="0"/>
<pin id="120" dir="0" index="1" bw="1" slack="0"/>
<pin id="121" dir="0" index="2" bw="5" slack="0"/>
<pin id="122" dir="1" index="3" bw="4" slack="0"/>
</pin_list>
<bind>
<opcode="getelementptr(29) " fcode="getelementptr"/>
<opset="bn1_add_1_addr/1 "/>
</bind>
</comp>

<comp id="125" class="1004" name="grp_access_fu_125">
<pin_list>
<pin id="126" dir="0" index="0" bw="4" slack="0"/>
<pin id="127" dir="0" index="1" bw="24" slack="2147483647"/>
<pin id="128" dir="0" index="2" bw="0" slack="2147483647"/>
<pin id="129" dir="1" index="3" bw="24" slack="3"/>
</pin_list>
<bind>
<opcode="load(27) " fcode="load"/>
<opset="bn1_add_1_load/1 "/>
</bind>
</comp>

<comp id="131" class="1004" name="store_ln185_store_fu_131">
<pin_list>
<pin id="132" dir="0" index="0" bw="1" slack="0"/>
<pin id="133" dir="0" index="1" bw="9" slack="0"/>
<pin id="134" dir="1" index="2" bw="0" slack="2147483647"/>
</pin_list>
<bind>
<opcode="store(28) " fcode="store"/>
<opset="store_ln185/1 "/>
</bind>
</comp>

<comp id="136" class="1004" name="store_ln185_store_fu_136">
<pin_list>
<pin id="137" dir="0" index="0" bw="1" slack="0"/>
<pin id="138" dir="0" index="1" bw="5" slack="0"/>
<pin id="139" dir="1" index="2" bw="0" slack="2147483647"/>
</pin_list>
<bind>
<opcode="store(28) " fcode="store"/>
<opset="store_ln185/1 "/>
</bind>
</comp>

<comp id="141" class="1004" name="indvar_flatten_load_load_fu_141">
<pin_list>
<pin id="142" dir="0" index="0" bw="9" slack="0"/>
<pin id="143" dir="1" index="1" bw="9" slack="0"/>
</pin_list>
<bind>
<opcode="load(27) " fcode="load"/>
<opset="indvar_flatten_load/1 "/>
</bind>
</comp>

<comp id="144" class="1004" name="icmp_ln185_fu_144">
<pin_list>
<pin id="145" dir="0" index="0" bw="9" slack="0"/>
<pin id="146" dir="0" index="1" bw="9" slack="0"/>
<pin id="147" dir="1" index="2" bw="1" slack="3"/>
</pin_list>
<bind>
<opcode="icmp(45) " fcode="icmp"/>
<opset="icmp_ln185/1 "/>
</bind>
</comp>

<comp id="150" class="1004" name="add_ln185_fu_150">
<pin_list>
<pin id="151" dir="0" index="0" bw="9" slack="0"/>
<pin id="152" dir="0" index="1" bw="1" slack="0"/>
<pin id="153" dir="1" index="2" bw="9" slack="0"/>
</pin_list>
<bind>
<opcode="add(8) " fcode="add"/>
<opset="add_ln185/1 "/>
</bind>
</comp>

<comp id="156" class="1004" name="c_load_load_fu_156">
<pin_list>
<pin id="157" dir="0" index="0" bw="5" slack="0"/>
<pin id="158" dir="1" index="1" bw="5" slack="0"/>
</pin_list>
<bind>
<opcode="load(27) " fcode="load"/>
<opset="c_load/1 "/>
</bind>
</comp>

<comp id="159" class="1004" name="icmp_ln186_fu_159">
<pin_list>
<pin id="160" dir="0" index="0" bw="5" slack="0"/>
<pin id="161" dir="0" index="1" bw="5" slack="0"/>
<pin id="162" dir="1" index="2" bw="1" slack="0"/>
</pin_list>
<bind>
<opcode="icmp(45) " fcode="icmp"/>
<opset="icmp_ln186/1 "/>
</bind>
</comp>

<comp id="165" class="1004" name="select_ln185_fu_165">
<pin_list>
<pin id="166" dir="0" index="0" bw="1" slack="0"/>
<pin id="167" dir="0" index="1" bw="1" slack="0"/>
<pin id="168" dir="0" index="2" bw="5" slack="0"/>
<pin id="169" dir="1" index="3" bw="5" slack="0"/>
</pin_list>
<bind>
<opcode="select(49) " fcode="select"/>
<opset="select_ln185/1 "/>
</bind>
</comp>

<comp id="173" class="1004" name="zext_ln186_fu_173">
<pin_list>
<pin id="174" dir="0" index="0" bw="5" slack="0"/>
<pin id="175" dir="1" index="1" bw="64" slack="0"/>
</pin_list>
<bind>
<opcode="zext(34) " fcode="zext"/>
<opset="zext_ln186/1 "/>
</bind>
</comp>

<comp id="179" class="1004" name="add_ln186_fu_179">
<pin_list>
<pin id="180" dir="0" index="0" bw="5" slack="0"/>
<pin id="181" dir="0" index="1" bw="1" slack="0"/>
<pin id="182" dir="1" index="2" bw="5" slack="0"/>
</pin_list>
<bind>
<opcode="add(8) " fcode="add"/>
<opset="add_ln186/1 "/>
</bind>
</comp>

<comp id="185" class="1004" name="store_ln186_store_fu_185">
<pin_list>
<pin id="186" dir="0" index="0" bw="9" slack="0"/>
<pin id="187" dir="0" index="1" bw="9" slack="0"/>
<pin id="188" dir="1" index="2" bw="0" slack="2147483647"/>
</pin_list>
<bind>
<opcode="store(28) " fcode="store"/>
<opset="store_ln186/1 "/>
</bind>
</comp>

<comp id="190" class="1004" name="store_ln186_store_fu_190">
<pin_list>
<pin id="191" dir="0" index="0" bw="5" slack="0"/>
<pin id="192" dir="0" index="1" bw="5" slack="0"/>
<pin id="193" dir="1" index="2" bw="0" slack="2147483647"/>
</pin_list>
<bind>
<opcode="store(28) " fcode="store"/>
<opset="store_ln186/1 "/>
</bind>
</comp>

<comp id="195" class="1004" name="sext_ln206_fu_195">
<pin_list>
<pin id="196" dir="0" index="0" bw="8" slack="0"/>
<pin id="197" dir="1" index="1" bw="25" slack="0"/>
</pin_list>
<bind>
<opcode="sext(35) " fcode="sext"/>
<opset="sext_ln206/2 "/>
</bind>
</comp>

<comp id="199" class="1004" name="zext_ln206_fu_199">
<pin_list>
<pin id="200" dir="0" index="0" bw="17" slack="0"/>
<pin id="201" dir="1" index="1" bw="25" slack="0"/>
</pin_list>
<bind>
<opcode="zext(34) " fcode="zext"/>
<opset="zext_ln206/2 "/>
</bind>
</comp>

<comp id="203" class="1004" name="sext_ln207_fu_203">
<pin_list>
<pin id="204" dir="0" index="0" bw="25" slack="0"/>
<pin id="205" dir="1" index="1" bw="26" slack="0"/>
</pin_list>
<bind>
<opcode="sext(35) " fcode="sext"/>
<opset="sext_ln207/5 "/>
</bind>
</comp>

<comp id="206" class="1004" name="sext_ln206_1_fu_206">
<pin_list>
<pin id="207" dir="0" index="0" bw="24" slack="3"/>
<pin id="208" dir="1" index="1" bw="26" slack="0"/>
</pin_list>
<bind>
<opcode="sext(35) " fcode="sext"/>
<opset="sext_ln206_1/5 "/>
</bind>
</comp>

<comp id="209" class="1004" name="trunc_ln206_fu_209">
<pin_list>
<pin id="210" dir="0" index="0" bw="25" slack="0"/>
<pin id="211" dir="1" index="1" bw="24" slack="0"/>
</pin_list>
<bind>
<opcode="trunc(33) " fcode="trunc"/>
<opset="trunc_ln206/5 "/>
</bind>
</comp>

<comp id="212" class="1004" name="sext_ln206_2_fu_212">
<pin_list>
<pin id="213" dir="0" index="0" bw="24" slack="3"/>
<pin id="214" dir="1" index="1" bw="25" slack="0"/>
</pin_list>
<bind>
<opcode="sext(35) " fcode="sext"/>
<opset="sext_ln206_2/5 "/>
</bind>
</comp>

<comp id="215" class="1004" name="acc_V_fu_215">
<pin_list>
<pin id="216" dir="0" index="0" bw="25" slack="0"/>
<pin id="217" dir="0" index="1" bw="24" slack="0"/>
<pin id="218" dir="1" index="2" bw="26" slack="0"/>
</pin_list>
<bind>
<opcode="add(8) " fcode="add"/>
<opset="acc_V/5 "/>
</bind>
</comp>

<comp id="221" class="1004" name="tmp_fu_221">
<pin_list>
<pin id="222" dir="0" index="0" bw="1" slack="0"/>
<pin id="223" dir="0" index="1" bw="26" slack="0"/>
<pin id="224" dir="0" index="2" bw="6" slack="0"/>
<pin id="225" dir="1" index="3" bw="1" slack="0"/>
</pin_list>
<bind>
<opcode="bitselect(1000) " fcode="bitselect"/>
<opset="tmp/5 "/>
</bind>
</comp>

<comp id="229" class="1004" name="add_ln35_fu_229">
<pin_list>
<pin id="230" dir="0" index="0" bw="25" slack="0"/>
<pin id="231" dir="0" index="1" bw="24" slack="0"/>
<pin id="232" dir="1" index="2" bw="25" slack="0"/>
</pin_list>
<bind>
<opcode="add(8) " fcode="add"/>
<opset="add_ln35/5 "/>
</bind>
</comp>

<comp id="234" class="1004" name="add_ln1495_fu_234">
<pin_list>
<pin id="235" dir="0" index="0" bw="24" slack="0"/>
<pin id="236" dir="0" index="1" bw="17" slack="0"/>
<pin id="237" dir="1" index="2" bw="24" slack="0"/>
</pin_list>
<bind>
<opcode="add(8) " fcode="add"/>
<opset="add_ln1495/5 "/>
</bind>
</comp>

<comp id="240" class="1004" name="ret_V_fu_240">
<pin_list>
<pin id="241" dir="0" index="0" bw="24" slack="0"/>
<pin id="242" dir="0" index="1" bw="24" slack="3"/>
<pin id="243" dir="1" index="2" bw="24" slack="0"/>
</pin_list>
<bind>
<opcode="add(8) " fcode="add"/>
<opset="ret_V/5 "/>
</bind>
</comp>

<comp id="245" class="1004" name="trunc_ln_fu_245">
<pin_list>
<pin id="246" dir="0" index="0" bw="8" slack="0"/>
<pin id="247" dir="0" index="1" bw="24" slack="0"/>
<pin id="248" dir="0" index="2" bw="6" slack="0"/>
<pin id="249" dir="0" index="3" bw="6" slack="0"/>
<pin id="250" dir="1" index="4" bw="8" slack="0"/>
</pin_list>
<bind>
<opcode="partselect(1002) " fcode="partselect"/>
<opset="trunc_ln/5 "/>
</bind>
</comp>

<comp id="255" class="1004" name="zext_ln209_fu_255">
<pin_list>
<pin id="256" dir="0" index="0" bw="8" slack="0"/>
<pin id="257" dir="1" index="1" bw="10" slack="0"/>
</pin_list>
<bind>
<opcode="zext(34) " fcode="zext"/>
<opset="zext_ln209/5 "/>
</bind>
</comp>

<comp id="259" class="1004" name="ret_V_17_fu_259">
<pin_list>
<pin id="260" dir="0" index="0" bw="17" slack="0"/>
<pin id="261" dir="0" index="1" bw="25" slack="0"/>
<pin id="262" dir="1" index="2" bw="25" slack="0"/>
</pin_list>
<bind>
<opcode="sub(10) " fcode="sub"/>
<opset="ret_V_17/5 "/>
</bind>
</comp>

<comp id="265" class="1004" name="trunc_ln13_fu_265">
<pin_list>
<pin id="266" dir="0" index="0" bw="9" slack="0"/>
<pin id="267" dir="0" index="1" bw="25" slack="0"/>
<pin id="268" dir="0" index="2" bw="6" slack="0"/>
<pin id="269" dir="0" index="3" bw="6" slack="0"/>
<pin id="270" dir="1" index="4" bw="9" slack="0"/>
</pin_list>
<bind>
<opcode="partselect(1002) " fcode="partselect"/>
<opset="trunc_ln13/5 "/>
</bind>
</comp>

<comp id="275" class="1004" name="zext_ln38_fu_275">
<pin_list>
<pin id="276" dir="0" index="0" bw="9" slack="0"/>
<pin id="277" dir="1" index="1" bw="10" slack="0"/>
</pin_list>
<bind>
<opcode="zext(34) " fcode="zext"/>
<opset="zext_ln38/5 "/>
</bind>
</comp>

<comp id="279" class="1004" name="rq_V_fu_279">
<pin_list>
<pin id="280" dir="0" index="0" bw="1" slack="0"/>
<pin id="281" dir="0" index="1" bw="9" slack="0"/>
<pin id="282" dir="1" index="2" bw="10" slack="0"/>
</pin_list>
<bind>
<opcode="sub(10) " fcode="sub"/>
<opset="rq_V/5 "/>
</bind>
</comp>

<comp id="285" class="1004" name="rq_V_16_fu_285">
<pin_list>
<pin id="286" dir="0" index="0" bw="1" slack="0"/>
<pin id="287" dir="0" index="1" bw="10" slack="0"/>
<pin id="288" dir="0" index="2" bw="8" slack="0"/>
<pin id="289" dir="1" index="3" bw="10" slack="0"/>
</pin_list>
<bind>
<opcode="select(49) " fcode="select"/>
<opset="rq_V_16/5 "/>
</bind>
</comp>

<comp id="293" class="1004" name="tmp_17_fu_293">
<pin_list>
<pin id="294" dir="0" index="0" bw="3" slack="0"/>
<pin id="295" dir="0" index="1" bw="10" slack="0"/>
<pin id="296" dir="0" index="2" bw="4" slack="0"/>
<pin id="297" dir="0" index="3" bw="5" slack="0"/>
<pin id="298" dir="1" index="4" bw="3" slack="0"/>
</pin_list>
<bind>
<opcode="partselect(1002) " fcode="partselect"/>
<opset="tmp_17/5 "/>
</bind>
</comp>

<comp id="303" class="1004" name="icmp_ln1035_fu_303">
<pin_list>
<pin id="304" dir="0" index="0" bw="3" slack="0"/>
<pin id="305" dir="0" index="1" bw="1" slack="0"/>
<pin id="306" dir="1" index="2" bw="1" slack="0"/>
</pin_list>
<bind>
<opcode="icmp(45) " fcode="icmp"/>
<opset="icmp_ln1035/5 "/>
</bind>
</comp>

<comp id="309" class="1004" name="icmp_ln1027_fu_309">
<pin_list>
<pin id="310" dir="0" index="0" bw="10" slack="0"/>
<pin id="311" dir="0" index="1" bw="8" slack="0"/>
<pin id="312" dir="1" index="2" bw="1" slack="0"/>
</pin_list>
<bind>
<opcode="icmp(45) " fcode="icmp"/>
<opset="icmp_ln1027/5 "/>
</bind>
</comp>

<comp id="315" class="1004" name="trunc_ln223_fu_315">
<pin_list>
<pin id="316" dir="0" index="0" bw="10" slack="0"/>
<pin id="317" dir="1" index="1" bw="8" slack="0"/>
</pin_list>
<bind>
<opcode="trunc(33) " fcode="trunc"/>
<opset="trunc_ln223/5 "/>
</bind>
</comp>

<comp id="319" class="1004" name="select_ln223_fu_319">
<pin_list>
<pin id="320" dir="0" index="0" bw="1" slack="0"/>
<pin id="321" dir="0" index="1" bw="8" slack="0"/>
<pin id="322" dir="0" index="2" bw="8" slack="0"/>
<pin id="323" dir="1" index="3" bw="8" slack="0"/>
</pin_list>
<bind>
<opcode="select(49) " fcode="select"/>
<opset="select_ln223/5 "/>
</bind>
</comp>

<comp id="327" class="1004" name="or_ln223_fu_327">
<pin_list>
<pin id="328" dir="0" index="0" bw="1" slack="0"/>
<pin id="329" dir="0" index="1" bw="1" slack="0"/>
<pin id="330" dir="1" index="2" bw="1" slack="0"/>
</pin_list>
<bind>
<opcode="or(24) " fcode="or"/>
<opset="or_ln223/5 "/>
</bind>
</comp>

<comp id="333" class="1004" name="q_out_V_fu_333">
<pin_list>
<pin id="334" dir="0" index="0" bw="1" slack="0"/>
<pin id="335" dir="0" index="1" bw="8" slack="0"/>
<pin id="336" dir="0" index="2" bw="8" slack="0"/>
<pin id="337" dir="1" index="3" bw="8" slack="0"/>
</pin_list>
<bind>
<opcode="select(49) " fcode="select"/>
<opset="q_out_V/5 "/>
</bind>
</comp>

<comp id="342" class="1007" name="grp_fu_342">
<pin_list>
<pin id="343" dir="0" index="0" bw="17" slack="0"/>
<pin id="344" dir="0" index="1" bw="8" slack="0"/>
<pin id="345" dir="1" index="2" bw="25" slack="0"/>
</pin_list>
<bind>
<opcode="mul(12) " fcode="mul"/>
<opset="mul_ln206/2 "/>
</bind>
</comp>

<comp id="351" class="1005" name="c_reg_351">
<pin_list>
<pin id="352" dir="0" index="0" bw="5" slack="0"/>
<pin id="353" dir="1" index="1" bw="5" slack="0"/>
</pin_list>
<bind>
<opset="c "/>
</bind>
</comp>

<comp id="358" class="1005" name="indvar_flatten_reg_358">
<pin_list>
<pin id="359" dir="0" index="0" bw="9" slack="0"/>
<pin id="360" dir="1" index="1" bw="9" slack="0"/>
</pin_list>
<bind>
<opset="indvar_flatten "/>
</bind>
</comp>

<comp id="365" class="1005" name="icmp_ln185_reg_365">
<pin_list>
<pin id="366" dir="0" index="0" bw="1" slack="3"/>
<pin id="367" dir="1" index="1" bw="1" slack="2147483647"/>
</pin_list>
<bind>
<opset="icmp_ln185 "/>
</bind>
</comp>

<comp id="369" class="1005" name="bn1_mul_1_addr_reg_369">
<pin_list>
<pin id="370" dir="0" index="0" bw="4" slack="1"/>
<pin id="371" dir="1" index="1" bw="4" slack="1"/>
</pin_list>
<bind>
<opset="bn1_mul_1_addr "/>
</bind>
</comp>

<comp id="374" class="1005" name="bn1_add_1_addr_reg_374">
<pin_list>
<pin id="375" dir="0" index="0" bw="4" slack="1"/>
<pin id="376" dir="1" index="1" bw="4" slack="1"/>
</pin_list>
<bind>
<opset="bn1_add_1_addr "/>
</bind>
</comp>

<comp id="379" class="1005" name="sext_ln206_reg_379">
<pin_list>
<pin id="380" dir="0" index="0" bw="25" slack="1"/>
<pin id="381" dir="1" index="1" bw="25" slack="1"/>
</pin_list>
<bind>
<opset="sext_ln206 "/>
</bind>
</comp>

<comp id="384" class="1005" name="zext_ln206_reg_384">
<pin_list>
<pin id="385" dir="0" index="0" bw="25" slack="1"/>
<pin id="386" dir="1" index="1" bw="25" slack="1"/>
</pin_list>
<bind>
<opset="zext_ln206 "/>
</bind>
</comp>

<comp id="389" class="1005" name="bn1_add_1_load_reg_389">
<pin_list>
<pin id="390" dir="0" index="0" bw="24" slack="3"/>
<pin id="391" dir="1" index="1" bw="24" slack="3"/>
</pin_list>
<bind>
<opset="bn1_add_1_load "/>
</bind>
</comp>

</comp_list>

<net_list>
<net id="87"><net_src comp="8" pin="0"/><net_sink comp="84" pin=0"/></net>

<net id="91"><net_src comp="8" pin="0"/><net_sink comp="88" pin=0"/></net>

<net id="96"><net_src comp="34" pin="0"/><net_sink comp="92" pin=0"/></net>

<net id="97"><net_src comp="0" pin="0"/><net_sink comp="92" pin=1"/></net>

<net id="103"><net_src comp="82" pin="0"/><net_sink comp="98" pin=0"/></net>

<net id="104"><net_src comp="2" pin="0"/><net_sink comp="98" pin=1"/></net>

<net id="110"><net_src comp="4" pin="0"/><net_sink comp="105" pin=0"/></net>

<net id="111"><net_src comp="30" pin="0"/><net_sink comp="105" pin=1"/></net>

<net id="117"><net_src comp="105" pin="3"/><net_sink comp="112" pin=0"/></net>

<net id="123"><net_src comp="6" pin="0"/><net_sink comp="118" pin=0"/></net>

<net id="124"><net_src comp="30" pin="0"/><net_sink comp="118" pin=1"/></net>

<net id="130"><net_src comp="118" pin="3"/><net_sink comp="125" pin=0"/></net>

<net id="135"><net_src comp="20" pin="0"/><net_sink comp="131" pin=0"/></net>

<net id="140"><net_src comp="22" pin="0"/><net_sink comp="136" pin=0"/></net>

<net id="148"><net_src comp="141" pin="1"/><net_sink comp="144" pin=0"/></net>

<net id="149"><net_src comp="24" pin="0"/><net_sink comp="144" pin=1"/></net>

<net id="154"><net_src comp="141" pin="1"/><net_sink comp="150" pin=0"/></net>

<net id="155"><net_src comp="26" pin="0"/><net_sink comp="150" pin=1"/></net>

<net id="163"><net_src comp="156" pin="1"/><net_sink comp="159" pin=0"/></net>

<net id="164"><net_src comp="28" pin="0"/><net_sink comp="159" pin=1"/></net>

<net id="170"><net_src comp="159" pin="2"/><net_sink comp="165" pin=0"/></net>

<net id="171"><net_src comp="22" pin="0"/><net_sink comp="165" pin=1"/></net>

<net id="172"><net_src comp="156" pin="1"/><net_sink comp="165" pin=2"/></net>

<net id="176"><net_src comp="165" pin="3"/><net_sink comp="173" pin=0"/></net>

<net id="177"><net_src comp="173" pin="1"/><net_sink comp="105" pin=2"/></net>

<net id="178"><net_src comp="173" pin="1"/><net_sink comp="118" pin=2"/></net>

<net id="183"><net_src comp="165" pin="3"/><net_sink comp="179" pin=0"/></net>

<net id="184"><net_src comp="32" pin="0"/><net_sink comp="179" pin=1"/></net>

<net id="189"><net_src comp="150" pin="2"/><net_sink comp="185" pin=0"/></net>

<net id="194"><net_src comp="179" pin="2"/><net_sink comp="190" pin=0"/></net>

<net id="198"><net_src comp="92" pin="2"/><net_sink comp="195" pin=0"/></net>

<net id="202"><net_src comp="112" pin="3"/><net_sink comp="199" pin=0"/></net>

<net id="219"><net_src comp="203" pin="1"/><net_sink comp="215" pin=0"/></net>

<net id="220"><net_src comp="206" pin="1"/><net_sink comp="215" pin=1"/></net>

<net id="226"><net_src comp="48" pin="0"/><net_sink comp="221" pin=0"/></net>

<net id="227"><net_src comp="215" pin="2"/><net_sink comp="221" pin=1"/></net>

<net id="228"><net_src comp="50" pin="0"/><net_sink comp="221" pin=2"/></net>

<net id="233"><net_src comp="212" pin="1"/><net_sink comp="229" pin=1"/></net>

<net id="238"><net_src comp="209" pin="1"/><net_sink comp="234" pin=0"/></net>

<net id="239"><net_src comp="52" pin="0"/><net_sink comp="234" pin=1"/></net>

<net id="244"><net_src comp="234" pin="2"/><net_sink comp="240" pin=0"/></net>

<net id="251"><net_src comp="54" pin="0"/><net_sink comp="245" pin=0"/></net>

<net id="252"><net_src comp="240" pin="2"/><net_sink comp="245" pin=1"/></net>

<net id="253"><net_src comp="56" pin="0"/><net_sink comp="245" pin=2"/></net>

<net id="254"><net_src comp="58" pin="0"/><net_sink comp="245" pin=3"/></net>

<net id="258"><net_src comp="245" pin="4"/><net_sink comp="255" pin=0"/></net>

<net id="263"><net_src comp="60" pin="0"/><net_sink comp="259" pin=0"/></net>

<net id="264"><net_src comp="229" pin="2"/><net_sink comp="259" pin=1"/></net>

<net id="271"><net_src comp="62" pin="0"/><net_sink comp="265" pin=0"/></net>

<net id="272"><net_src comp="259" pin="2"/><net_sink comp="265" pin=1"/></net>

<net id="273"><net_src comp="56" pin="0"/><net_sink comp="265" pin=2"/></net>

<net id="274"><net_src comp="64" pin="0"/><net_sink comp="265" pin=3"/></net>

<net id="278"><net_src comp="265" pin="4"/><net_sink comp="275" pin=0"/></net>

<net id="283"><net_src comp="66" pin="0"/><net_sink comp="279" pin=0"/></net>

<net id="284"><net_src comp="275" pin="1"/><net_sink comp="279" pin=1"/></net>

<net id="290"><net_src comp="221" pin="3"/><net_sink comp="285" pin=0"/></net>

<net id="291"><net_src comp="279" pin="2"/><net_sink comp="285" pin=1"/></net>

<net id="292"><net_src comp="255" pin="1"/><net_sink comp="285" pin=2"/></net>

<net id="299"><net_src comp="68" pin="0"/><net_sink comp="293" pin=0"/></net>

<net id="300"><net_src comp="285" pin="3"/><net_sink comp="293" pin=1"/></net>

<net id="301"><net_src comp="70" pin="0"/><net_sink comp="293" pin=2"/></net>

<net id="302"><net_src comp="72" pin="0"/><net_sink comp="293" pin=3"/></net>

<net id="307"><net_src comp="293" pin="4"/><net_sink comp="303" pin=0"/></net>

<net id="308"><net_src comp="74" pin="0"/><net_sink comp="303" pin=1"/></net>

<net id="313"><net_src comp="285" pin="3"/><net_sink comp="309" pin=0"/></net>

<net id="314"><net_src comp="76" pin="0"/><net_sink comp="309" pin=1"/></net>

<net id="318"><net_src comp="285" pin="3"/><net_sink comp="315" pin=0"/></net>

<net id="324"><net_src comp="303" pin="2"/><net_sink comp="319" pin=0"/></net>

<net id="325"><net_src comp="78" pin="0"/><net_sink comp="319" pin=1"/></net>

<net id="326"><net_src comp="80" pin="0"/><net_sink comp="319" pin=2"/></net>

<net id="331"><net_src comp="303" pin="2"/><net_sink comp="327" pin=0"/></net>

<net id="332"><net_src comp="309" pin="2"/><net_sink comp="327" pin=1"/></net>

<net id="338"><net_src comp="327" pin="2"/><net_sink comp="333" pin=0"/></net>

<net id="339"><net_src comp="319" pin="3"/><net_sink comp="333" pin=1"/></net>

<net id="340"><net_src comp="315" pin="1"/><net_sink comp="333" pin=2"/></net>

<net id="341"><net_src comp="333" pin="3"/><net_sink comp="98" pin=2"/></net>

<net id="346"><net_src comp="199" pin="1"/><net_sink comp="342" pin=0"/></net>

<net id="347"><net_src comp="195" pin="1"/><net_sink comp="342" pin=1"/></net>

<net id="348"><net_src comp="342" pin="2"/><net_sink comp="203" pin=0"/></net>

<net id="349"><net_src comp="342" pin="2"/><net_sink comp="209" pin=0"/></net>

<net id="350"><net_src comp="342" pin="2"/><net_sink comp="229" pin=0"/></net>

<net id="354"><net_src comp="84" pin="1"/><net_sink comp="351" pin=0"/></net>

<net id="355"><net_src comp="351" pin="1"/><net_sink comp="136" pin=1"/></net>

<net id="356"><net_src comp="351" pin="1"/><net_sink comp="156" pin=0"/></net>

<net id="357"><net_src comp="351" pin="1"/><net_sink comp="190" pin=1"/></net>

<net id="361"><net_src comp="88" pin="1"/><net_sink comp="358" pin=0"/></net>

<net id="362"><net_src comp="358" pin="1"/><net_sink comp="131" pin=1"/></net>

<net id="363"><net_src comp="358" pin="1"/><net_sink comp="141" pin=0"/></net>

<net id="364"><net_src comp="358" pin="1"/><net_sink comp="185" pin=1"/></net>

<net id="368"><net_src comp="144" pin="2"/><net_sink comp="365" pin=0"/></net>

<net id="372"><net_src comp="105" pin="3"/><net_sink comp="369" pin=0"/></net>

<net id="373"><net_src comp="369" pin="1"/><net_sink comp="112" pin=0"/></net>

<net id="377"><net_src comp="118" pin="3"/><net_sink comp="374" pin=0"/></net>

<net id="378"><net_src comp="374" pin="1"/><net_sink comp="125" pin=0"/></net>

<net id="382"><net_src comp="195" pin="1"/><net_sink comp="379" pin=0"/></net>

<net id="383"><net_src comp="379" pin="1"/><net_sink comp="342" pin=1"/></net>

<net id="387"><net_src comp="199" pin="1"/><net_sink comp="384" pin=0"/></net>

<net id="388"><net_src comp="384" pin="1"/><net_sink comp="342" pin=0"/></net>

<net id="392"><net_src comp="125" pin="3"/><net_sink comp="389" pin=0"/></net>

<net id="393"><net_src comp="389" pin="1"/><net_sink comp="206" pin=0"/></net>

<net id="394"><net_src comp="389" pin="1"/><net_sink comp="212" pin=0"/></net>

<net id="395"><net_src comp="389" pin="1"/><net_sink comp="240" pin=1"/></net>

</net_list>

</model> 
---------------- Datapath Model END ------------------

* FSMD analyzer results:
  - Output states:
	Port: norm_out_113 | {5 }
 - Input state : 
	Port: BatchNorm_tiled_1 : x212 | {2 }
	Port: BatchNorm_tiled_1 : bn1_mul_1 | {1 2 }
	Port: BatchNorm_tiled_1 : bn1_add_1 | {1 2 }
  - Chain level:
	State 1
		store_ln185 : 1
		store_ln185 : 1
		indvar_flatten_load : 1
		icmp_ln185 : 2
		add_ln185 : 2
		br_ln185 : 3
		c_load : 1
		icmp_ln186 : 2
		select_ln185 : 3
		zext_ln186 : 4
		bn1_mul_1_addr : 5
		bn1_mul_1_load : 6
		bn1_add_1_addr : 5
		bn1_add_1_load : 6
		add_ln186 : 4
		store_ln186 : 3
		store_ln186 : 5
	State 2
		zext_ln206 : 1
		mul_ln206 : 2
	State 3
	State 4
	State 5
		sext_ln207 : 1
		trunc_ln206 : 1
		acc_V : 2
		tmp : 3
		add_ln35 : 1
		add_ln1495 : 2
		ret_V : 3
		trunc_ln : 4
		zext_ln209 : 5
		ret_V_17 : 2
		trunc_ln13 : 3
		zext_ln38 : 4
		rq_V : 5
		rq_V_16 : 6
		tmp_17 : 7
		icmp_ln1035 : 8
		icmp_ln1027 : 7
		trunc_ln223 : 7
		select_ln223 : 9
		or_ln223 : 9
		q_out_V : 9
		write_ln235 : 10


============================================================
+ Verbose Summary: Datapath Resource usage 
============================================================

* Functional unit list:
|----------|-------------------------|---------|---------|---------|
| Operation|     Functional Unit     |   DSP   |    FF   |   LUT   |
|----------|-------------------------|---------|---------|---------|
|          |     add_ln185_fu_150    |    0    |    0    |    16   |
|          |     add_ln186_fu_179    |    0    |    0    |    12   |
|    add   |       acc_V_fu_215      |    0    |    0    |    32   |
|          |     add_ln35_fu_229     |    0    |    0    |    25   |
|          |    add_ln1495_fu_234    |    0    |    0    |    24   |
|          |       ret_V_fu_240      |    0    |    0    |    24   |
|----------|-------------------------|---------|---------|---------|
|    sub   |     ret_V_17_fu_259     |    0    |    0    |    25   |
|          |       rq_V_fu_279       |    0    |    0    |    16   |
|----------|-------------------------|---------|---------|---------|
|          |    icmp_ln185_fu_144    |    0    |    0    |    11   |
|   icmp   |    icmp_ln186_fu_159    |    0    |    0    |    9    |
|          |    icmp_ln1035_fu_303   |    0    |    0    |    8    |
|          |    icmp_ln1027_fu_309   |    0    |    0    |    11   |
|----------|-------------------------|---------|---------|---------|
|          |   select_ln185_fu_165   |    0    |    0    |    5    |
|  select  |      rq_V_16_fu_285     |    0    |    0    |    10   |
|          |   select_ln223_fu_319   |    0    |    0    |    8    |
|          |      q_out_V_fu_333     |    0    |    0    |    8    |
|----------|-------------------------|---------|---------|---------|
|    or    |     or_ln223_fu_327     |    0    |    0    |    2    |
|----------|-------------------------|---------|---------|---------|
|    mul   |        grp_fu_342       |    1    |    0    |    0    |
|----------|-------------------------|---------|---------|---------|
|   read   |   in_word_V_read_fu_92  |    0    |    0    |    0    |
|----------|-------------------------|---------|---------|---------|
|   write  | write_ln235_write_fu_98 |    0    |    0    |    0    |
|----------|-------------------------|---------|---------|---------|
|          |    zext_ln186_fu_173    |    0    |    0    |    0    |
|   zext   |    zext_ln206_fu_199    |    0    |    0    |    0    |
|          |    zext_ln209_fu_255    |    0    |    0    |    0    |
|          |     zext_ln38_fu_275    |    0    |    0    |    0    |
|----------|-------------------------|---------|---------|---------|
|          |    sext_ln206_fu_195    |    0    |    0    |    0    |
|   sext   |    sext_ln207_fu_203    |    0    |    0    |    0    |
|          |   sext_ln206_1_fu_206   |    0    |    0    |    0    |
|          |   sext_ln206_2_fu_212   |    0    |    0    |    0    |
|----------|-------------------------|---------|---------|---------|
|   trunc  |    trunc_ln206_fu_209   |    0    |    0    |    0    |
|          |    trunc_ln223_fu_315   |    0    |    0    |    0    |
|----------|-------------------------|---------|---------|---------|
| bitselect|        tmp_fu_221       |    0    |    0    |    0    |
|----------|-------------------------|---------|---------|---------|
|          |     trunc_ln_fu_245     |    0    |    0    |    0    |
|partselect|    trunc_ln13_fu_265    |    0    |    0    |    0    |
|          |      tmp_17_fu_293      |    0    |    0    |    0    |
|----------|-------------------------|---------|---------|---------|
|   Total  |                         |    1    |    0    |   246   |
|----------|-------------------------|---------|---------|---------|

Memories:
N/A

* Register list:
+----------------------+--------+
|                      |   FF   |
+----------------------+--------+
|bn1_add_1_addr_reg_374|    4   |
|bn1_add_1_load_reg_389|   24   |
|bn1_mul_1_addr_reg_369|    4   |
|       c_reg_351      |    5   |
|  icmp_ln185_reg_365  |    1   |
|indvar_flatten_reg_358|    9   |
|  sext_ln206_reg_379  |   25   |
|  zext_ln206_reg_384  |   25   |
+----------------------+--------+
|         Total        |   97   |
+----------------------+--------+

* Multiplexer (MUX) list: 
|-------------------|------|------|------|--------||---------||---------|
|        Comp       |  Pin | Size |  BW  | S x BW ||  Delay  ||   LUT   |
|-------------------|------|------|------|--------||---------||---------|
| grp_access_fu_112 |  p0  |   2  |   4  |    8   ||    9    |
| grp_access_fu_125 |  p0  |   2  |   4  |    8   ||    9    |
|     grp_fu_342    |  p0  |   2  |  17  |   34   ||    9    |
|     grp_fu_342    |  p1  |   2  |   8  |   16   ||    9    |
|-------------------|------|------|------|--------||---------||---------|
|       Total       |      |      |      |   66   ||  1.548  ||    36   |
|-------------------|------|------|------|--------||---------||---------|



* Summary:
+-----------+--------+--------+--------+--------+
|           |   DSP  |  Delay |   FF   |   LUT  |
+-----------+--------+--------+--------+--------+
|  Function |    1   |    -   |    0   |   246  |
|   Memory  |    -   |    -   |    -   |    -   |
|Multiplexer|    -   |    1   |    -   |   36   |
|  Register |    -   |    -   |   97   |    -   |
+-----------+--------+--------+--------+--------+
|   Total   |    1   |    1   |   97   |   282  |
+-----------+--------+--------+--------+--------+
