

================================================================
== Vitis HLS Report for 'burst_read_beats_1_ap_int_8_s'
================================================================
* Date:           Tue Jun 23 12:41:16 2026

* Version:        2022.2 (Build 3670227 on Oct 13 2022)
* Project:        ViT_Block
* Solution:       ViT_Block (Vivado IP Flow Target)
* Product family: virtexuplus
* Target device:  xcu250-figd2104-2L-e


================================================================
== Performance Estimates
================================================================
+ Timing: 
    * Summary: 
    +--------+----------+----------+------------+
    |  Clock |  Target  | Estimated| Uncertainty|
    +--------+----------+----------+------------+
    |ap_clk  |  10.00 ns|  7.300 ns|     2.70 ns|
    +--------+----------+----------+------------+

+ Latency: 
    * Summary: 
    +---------+---------+-----------+-----------+-----+-----+---------+
    |  Latency (cycles) |   Latency (absolute)  |  Interval | Pipeline|
    |   min   |   max   |    min    |    max    | min | max |   Type  |
    +---------+---------+-----------+-----------+-----+-----+---------+
    |        8|        8|  80.000 ns|  80.000 ns|    8|    8|       no|
    +---------+---------+-----------+-----------+-----+-----+---------+

    + Detail: 
        * Instance: 
        N/A

        * Loop: 
        N/A

============================================================
+ Verbose Summary: Synthesis Manager
============================================================
InlineROM: 1
ExposeGlobal: 0
============================================================
+ Verbose Summary: CDFG Model
============================================================
IsTopModel: 0
ResetActiveHigh: 1
IsCombinational: 0
IsDatapathOnly: 0
HasWiredReturn: 1
HasMFsm: 0
HasVarLatency: 1
IsPipeline: 0
IsRtlPipelined: 0
IsInstanceOverlapped: 0
IsDontTouch: 0
HasImplIP: 0
IsGatedGlobalClock: 0


============================================================
+ Verbose Summary: Schedule
============================================================
* Number of FSM states : 9
* Pipeline : 0
* Dataflow Pipeline: 0

* FSM state transitions: 
1 --> 2 
2 --> 3 
3 --> 4 
4 --> 5 
5 --> 6 
6 --> 7 
7 --> 8 
8 --> 9 
9 --> 

* FSM state operations: 

State 1 <SV = 0> <Delay = 7.30>
ST_1 : Operation 10 [1/1] (0.00ns)   --->   "%W_ddr_read = read i64 @_ssdm_op_Read.ap_auto.i64, i64 %W_ddr" [/home/fede/PhD/transformer-hls/hls/include/linear.h:565]   --->   Operation 10 'read' 'W_ddr_read' <Predicate = true> <Delay = 0.00>
ST_1 : Operation 11 [1/1] (0.00ns)   --->   "%gmem1_addr = getelementptr i8 %gmem1, i64 %W_ddr_read" [/home/fede/PhD/transformer-hls/hls/include/linear.h:571]   --->   Operation 11 'getelementptr' 'gmem1_addr' <Predicate = true> <Delay = 0.00>
ST_1 : Operation 12 [7/7] (7.30ns)   --->   "%gmem1_load_req = readreq i1 @_ssdm_op_ReadReq.m_axi.i8P1A, i8 %gmem1_addr, i32 1" [/home/fede/PhD/transformer-hls/hls/include/linear.h:571]   --->   Operation 12 'readreq' 'gmem1_load_req' <Predicate = true> <Delay = 7.30> <CoreInst = "m_axi">   --->   Core 121 'm_axi' <Latency = 0> <II = 1> <Delay = 1.00> <Adapter> <Opcode : 'read' 'write' 'readreq' 'writereq' 'writeresp'>

State 2 <SV = 1> <Delay = 7.30>
ST_2 : Operation 13 [6/7] (7.30ns)   --->   "%gmem1_load_req = readreq i1 @_ssdm_op_ReadReq.m_axi.i8P1A, i8 %gmem1_addr, i32 1" [/home/fede/PhD/transformer-hls/hls/include/linear.h:571]   --->   Operation 13 'readreq' 'gmem1_load_req' <Predicate = true> <Delay = 7.30> <CoreInst = "m_axi">   --->   Core 121 'm_axi' <Latency = 0> <II = 1> <Delay = 1.00> <Adapter> <Opcode : 'read' 'write' 'readreq' 'writereq' 'writeresp'>

State 3 <SV = 2> <Delay = 7.30>
ST_3 : Operation 14 [5/7] (7.30ns)   --->   "%gmem1_load_req = readreq i1 @_ssdm_op_ReadReq.m_axi.i8P1A, i8 %gmem1_addr, i32 1" [/home/fede/PhD/transformer-hls/hls/include/linear.h:571]   --->   Operation 14 'readreq' 'gmem1_load_req' <Predicate = true> <Delay = 7.30> <CoreInst = "m_axi">   --->   Core 121 'm_axi' <Latency = 0> <II = 1> <Delay = 1.00> <Adapter> <Opcode : 'read' 'write' 'readreq' 'writereq' 'writeresp'>

State 4 <SV = 3> <Delay = 7.30>
ST_4 : Operation 15 [4/7] (7.30ns)   --->   "%gmem1_load_req = readreq i1 @_ssdm_op_ReadReq.m_axi.i8P1A, i8 %gmem1_addr, i32 1" [/home/fede/PhD/transformer-hls/hls/include/linear.h:571]   --->   Operation 15 'readreq' 'gmem1_load_req' <Predicate = true> <Delay = 7.30> <CoreInst = "m_axi">   --->   Core 121 'm_axi' <Latency = 0> <II = 1> <Delay = 1.00> <Adapter> <Opcode : 'read' 'write' 'readreq' 'writereq' 'writeresp'>

State 5 <SV = 4> <Delay = 7.30>
ST_5 : Operation 16 [3/7] (7.30ns)   --->   "%gmem1_load_req = readreq i1 @_ssdm_op_ReadReq.m_axi.i8P1A, i8 %gmem1_addr, i32 1" [/home/fede/PhD/transformer-hls/hls/include/linear.h:571]   --->   Operation 16 'readreq' 'gmem1_load_req' <Predicate = true> <Delay = 7.30> <CoreInst = "m_axi">   --->   Core 121 'm_axi' <Latency = 0> <II = 1> <Delay = 1.00> <Adapter> <Opcode : 'read' 'write' 'readreq' 'writereq' 'writeresp'>

State 6 <SV = 5> <Delay = 7.30>
ST_6 : Operation 17 [2/7] (7.30ns)   --->   "%gmem1_load_req = readreq i1 @_ssdm_op_ReadReq.m_axi.i8P1A, i8 %gmem1_addr, i32 1" [/home/fede/PhD/transformer-hls/hls/include/linear.h:571]   --->   Operation 17 'readreq' 'gmem1_load_req' <Predicate = true> <Delay = 7.30> <CoreInst = "m_axi">   --->   Core 121 'm_axi' <Latency = 0> <II = 1> <Delay = 1.00> <Adapter> <Opcode : 'read' 'write' 'readreq' 'writereq' 'writeresp'>

State 7 <SV = 6> <Delay = 7.30>
ST_7 : Operation 18 [1/7] (7.30ns)   --->   "%gmem1_load_req = readreq i1 @_ssdm_op_ReadReq.m_axi.i8P1A, i8 %gmem1_addr, i32 1" [/home/fede/PhD/transformer-hls/hls/include/linear.h:571]   --->   Operation 18 'readreq' 'gmem1_load_req' <Predicate = true> <Delay = 7.30> <CoreInst = "m_axi">   --->   Core 121 'm_axi' <Latency = 0> <II = 1> <Delay = 1.00> <Adapter> <Opcode : 'read' 'write' 'readreq' 'writereq' 'writeresp'>

State 8 <SV = 7> <Delay = 7.30>
ST_8 : Operation 19 [1/1] (7.30ns)   --->   "%gmem1_addr_read = read i8 @_ssdm_op_Read.m_axi.i8P1A, i8 %gmem1_addr" [/home/fede/PhD/transformer-hls/hls/include/linear.h:571]   --->   Operation 19 'read' 'gmem1_addr_read' <Predicate = true> <Delay = 7.30> <CoreInst = "m_axi">   --->   Core 121 'm_axi' <Latency = 0> <II = 1> <Delay = 1.00> <Adapter> <Opcode : 'read' 'write' 'readreq' 'writereq' 'writeresp'>

State 9 <SV = 8> <Delay = 1.35>
ST_9 : Operation 20 [1/1] (0.00ns)   --->   "%specinterface_ln0 = specinterface void @_ssdm_op_SpecInterface, i8 %burst_reads2, void @empty_9, i32 0, i32 0, void @empty_28, i32 0, i32 0, void @empty_28, void @empty_28, void @empty_28, i32 0, i32 0, i32 0, i32 0, void @empty_28, void @empty_28, i32 4294967295, i32 0"   --->   Operation 20 'specinterface' 'specinterface_ln0' <Predicate = true> <Delay = 0.00>
ST_9 : Operation 21 [1/1] (0.00ns)   --->   "%specinterface_ln0 = specinterface void @_ssdm_op_SpecInterface, i8 %gmem1, void @empty_12, i32 0, i32 0, void @empty_28, i32 0, i32 1024, void @empty_48, void @empty_44, void @empty_28, i32 16, i32 16, i32 64, i32 16, void @empty_28, void @empty_28, i32 4294967295, i32 0"   --->   Operation 21 'specinterface' 'specinterface_ln0' <Predicate = true> <Delay = 0.00>
ST_9 : Operation 22 [1/1] (1.35ns)   --->   "%write_ln571 = write void @_ssdm_op_Write.ap_fifo.volatile.i8P0A, i8 %burst_reads2, i8 %gmem1_addr_read" [/home/fede/PhD/transformer-hls/hls/include/linear.h:571]   --->   Operation 22 'write' 'write_ln571' <Predicate = true> <Delay = 1.35> <CoreInst = "FIFO_SRL">   --->   Core 81 'FIFO_SRL' <Latency = 0> <II = 1> <Delay = 1.35> <Storage> <Opcode : 'read' 'write' 'nbread' 'nbwrite'> <Ports = 0> <Width = 8> <Depth = 64> <FIFO>
ST_9 : Operation 23 [1/1] (0.00ns)   --->   "%ret_ln573 = ret" [/home/fede/PhD/transformer-hls/hls/include/linear.h:573]   --->   Operation 23 'ret' 'ret_ln573' <Predicate = true> <Delay = 0.00>


============================================================
+ Verbose Summary: Timing violations
============================================================
Target clock period: 10ns, clock uncertainty: 2.7ns.

 <State 1>: 7.3ns
The critical path consists of the following:
	wire read operation ('W_ddr_read', /home/fede/PhD/transformer-hls/hls/include/linear.h:565) on port 'W_ddr' (/home/fede/PhD/transformer-hls/hls/include/linear.h:565) [6]  (0 ns)
	'getelementptr' operation ('gmem1_addr', /home/fede/PhD/transformer-hls/hls/include/linear.h:571) [7]  (0 ns)
	bus request operation ('gmem1_load_req', /home/fede/PhD/transformer-hls/hls/include/linear.h:571) on port 'gmem1' (/home/fede/PhD/transformer-hls/hls/include/linear.h:571) [8]  (7.3 ns)

 <State 2>: 7.3ns
The critical path consists of the following:
	bus request operation ('gmem1_load_req', /home/fede/PhD/transformer-hls/hls/include/linear.h:571) on port 'gmem1' (/home/fede/PhD/transformer-hls/hls/include/linear.h:571) [8]  (7.3 ns)

 <State 3>: 7.3ns
The critical path consists of the following:
	bus request operation ('gmem1_load_req', /home/fede/PhD/transformer-hls/hls/include/linear.h:571) on port 'gmem1' (/home/fede/PhD/transformer-hls/hls/include/linear.h:571) [8]  (7.3 ns)

 <State 4>: 7.3ns
The critical path consists of the following:
	bus request operation ('gmem1_load_req', /home/fede/PhD/transformer-hls/hls/include/linear.h:571) on port 'gmem1' (/home/fede/PhD/transformer-hls/hls/include/linear.h:571) [8]  (7.3 ns)

 <State 5>: 7.3ns
The critical path consists of the following:
	bus request operation ('gmem1_load_req', /home/fede/PhD/transformer-hls/hls/include/linear.h:571) on port 'gmem1' (/home/fede/PhD/transformer-hls/hls/include/linear.h:571) [8]  (7.3 ns)

 <State 6>: 7.3ns
The critical path consists of the following:
	bus request operation ('gmem1_load_req', /home/fede/PhD/transformer-hls/hls/include/linear.h:571) on port 'gmem1' (/home/fede/PhD/transformer-hls/hls/include/linear.h:571) [8]  (7.3 ns)

 <State 7>: 7.3ns
The critical path consists of the following:
	bus request operation ('gmem1_load_req', /home/fede/PhD/transformer-hls/hls/include/linear.h:571) on port 'gmem1' (/home/fede/PhD/transformer-hls/hls/include/linear.h:571) [8]  (7.3 ns)

 <State 8>: 7.3ns
The critical path consists of the following:
	bus read operation ('gmem1_addr_read', /home/fede/PhD/transformer-hls/hls/include/linear.h:571) on port 'gmem1' (/home/fede/PhD/transformer-hls/hls/include/linear.h:571) [9]  (7.3 ns)

 <State 9>: 1.36ns
The critical path consists of the following:
	fifo write operation ('write_ln571', /home/fede/PhD/transformer-hls/hls/include/linear.h:571) on port 'burst_reads2' (/home/fede/PhD/transformer-hls/hls/include/linear.h:571) [10]  (1.36 ns)


============================================================
+ Verbose Summary: Binding
============================================================
N/A
* FSMD analyzer results:
  - Output states:
 - Input state : 
  - Chain level:
	State 1
	State 2
	State 3
	State 4
	State 5
	State 6
	State 7
	State 8
	State 9


============================================================
+ Verbose Summary: Datapath Resource usage 
============================================================
N/A
