

================================================================
== Vitis HLS Report for 'burst_read_beats_1_ap_int_8_s'
================================================================
* Date:           Tue Jun 23 12:33:43 2026

* Version:        2022.2 (Build 3670227 on Oct 13 2022)
* Project:        ViT_Block
* Solution:       ViT_Block (Vivado IP Flow Target)
* Product family: virtexuplus
* Target device:  xcu250-figd2104-2L-e


================================================================
== Performance Estimates
================================================================
+ Timing: 
    * Summary: 
    +--------+----------+----------+------------+
    |  Clock |  Target  | Estimated| Uncertainty|
    +--------+----------+----------+------------+
    |ap_clk  |  10.00 ns|  7.300 ns|     2.70 ns|
    +--------+----------+----------+------------+

+ Latency: 
    * Summary: 
    +---------+---------+-----------+-----------+-----+-----+---------+
    |  Latency (cycles) |   Latency (absolute)  |  Interval | Pipeline|
    |   min   |   max   |    min    |    max    | min | max |   Type  |
    +---------+---------+-----------+-----------+-----+-----+---------+
    |        8|        8|  80.000 ns|  80.000 ns|    8|    8|       no|
    +---------+---------+-----------+-----------+-----+-----+---------+

    + Detail: 
        * Instance: 
        N/A

        * Loop: 
        N/A



================================================================
== Utilization Estimates
================================================================
* Summary: 
+---------------------+---------+-------+---------+---------+------+
|         Name        | BRAM_18K|  DSP  |    FF   |   LUT   | URAM |
+---------------------+---------+-------+---------+---------+------+
|DSP                  |        -|      -|        -|        -|     -|
|Expression           |        -|      -|        -|        -|     -|
|FIFO                 |        -|      -|        -|        -|     -|
|Instance             |        -|      -|        -|        -|     -|
|Memory               |        -|      -|        -|        -|     -|
|Multiplexer          |        -|      -|        -|       81|     -|
|Register             |        -|      -|       17|        -|     -|
+---------------------+---------+-------+---------+---------+------+
|Total                |        0|      0|       17|       81|     0|
+---------------------+---------+-------+---------+---------+------+
|Available SLR        |     1344|   3072|   864000|   432000|   320|
+---------------------+---------+-------+---------+---------+------+
|Utilization SLR (%)  |        0|      0|       ~0|       ~0|     0|
+---------------------+---------+-------+---------+---------+------+
|Available            |     5376|  12288|  3456000|  1728000|  1280|
+---------------------+---------+-------+---------+---------+------+
|Utilization (%)      |        0|      0|       ~0|       ~0|     0|
+---------------------+---------+-------+---------+---------+------+

+ Detail: 
    * Instance: 
    N/A

    * DSP: 
    N/A

    * Memory: 
    N/A

    * FIFO: 
    N/A

    * Expression: 
    N/A

    * Multiplexer: 
    +--------------------+----+-----------+-----+-----------+
    |        Name        | LUT| Input Size| Bits| Total Bits|
    +--------------------+----+-----------+-----+-----------+
    |ap_NS_fsm           |  54|         10|    1|         10|
    |burst_reads2_blk_n  |   9|          2|    1|          2|
    |gmem1_blk_n_AR      |   9|          2|    1|          2|
    |gmem1_blk_n_R       |   9|          2|    1|          2|
    +--------------------+----+-----------+-----+-----------+
    |Total               |  81|         16|    4|         16|
    +--------------------+----+-----------+-----+-----------+

    * Register: 
    +------------------------+---+----+-----+-----------+
    |          Name          | FF| LUT| Bits| Const Bits|
    +------------------------+---+----+-----+-----------+
    |ap_CS_fsm               |  9|   0|    9|          0|
    |gmem1_addr_read_reg_76  |  8|   0|    8|          0|
    +------------------------+---+----+-----+-----------+
    |Total                   | 17|   0|   17|          0|
    +------------------------+---+----+-----+-----------+



================================================================
== Interface
================================================================
* Summary: 
+----------------------+-----+-----+------------+---------------------------------+--------------+
|       RTL Ports      | Dir | Bits|  Protocol  |          Source Object          |    C Type    |
+----------------------+-----+-----+------------+---------------------------------+--------------+
|ap_clk                |   in|    1|  ap_ctrl_hs|  burst_read_beats<1, ap_int<8> >|  return value|
|ap_rst                |   in|    1|  ap_ctrl_hs|  burst_read_beats<1, ap_int<8> >|  return value|
|ap_start              |   in|    1|  ap_ctrl_hs|  burst_read_beats<1, ap_int<8> >|  return value|
|ap_done               |  out|    1|  ap_ctrl_hs|  burst_read_beats<1, ap_int<8> >|  return value|
|ap_idle               |  out|    1|  ap_ctrl_hs|  burst_read_beats<1, ap_int<8> >|  return value|
|ap_ready              |  out|    1|  ap_ctrl_hs|  burst_read_beats<1, ap_int<8> >|  return value|
|m_axi_gmem1_AWVALID   |  out|    1|       m_axi|                            gmem1|       pointer|
|m_axi_gmem1_AWREADY   |   in|    1|       m_axi|                            gmem1|       pointer|
|m_axi_gmem1_AWADDR    |  out|   64|       m_axi|                            gmem1|       pointer|
|m_axi_gmem1_AWID      |  out|    1|       m_axi|                            gmem1|       pointer|
|m_axi_gmem1_AWLEN     |  out|   32|       m_axi|                            gmem1|       pointer|
|m_axi_gmem1_AWSIZE    |  out|    3|       m_axi|                            gmem1|       pointer|
|m_axi_gmem1_AWBURST   |  out|    2|       m_axi|                            gmem1|       pointer|
|m_axi_gmem1_AWLOCK    |  out|    2|       m_axi|                            gmem1|       pointer|
|m_axi_gmem1_AWCACHE   |  out|    4|       m_axi|                            gmem1|       pointer|
|m_axi_gmem1_AWPROT    |  out|    3|       m_axi|                            gmem1|       pointer|
|m_axi_gmem1_AWQOS     |  out|    4|       m_axi|                            gmem1|       pointer|
|m_axi_gmem1_AWREGION  |  out|    4|       m_axi|                            gmem1|       pointer|
|m_axi_gmem1_AWUSER    |  out|    1|       m_axi|                            gmem1|       pointer|
|m_axi_gmem1_WVALID    |  out|    1|       m_axi|                            gmem1|       pointer|
|m_axi_gmem1_WREADY    |   in|    1|       m_axi|                            gmem1|       pointer|
|m_axi_gmem1_WDATA     |  out|    8|       m_axi|                            gmem1|       pointer|
|m_axi_gmem1_WSTRB     |  out|    1|       m_axi|                            gmem1|       pointer|
|m_axi_gmem1_WLAST     |  out|    1|       m_axi|                            gmem1|       pointer|
|m_axi_gmem1_WID       |  out|    1|       m_axi|                            gmem1|       pointer|
|m_axi_gmem1_WUSER     |  out|    1|       m_axi|                            gmem1|       pointer|
|m_axi_gmem1_ARVALID   |  out|    1|       m_axi|                            gmem1|       pointer|
|m_axi_gmem1_ARREADY   |   in|    1|       m_axi|                            gmem1|       pointer|
|m_axi_gmem1_ARADDR    |  out|   64|       m_axi|                            gmem1|       pointer|
|m_axi_gmem1_ARID      |  out|    1|       m_axi|                            gmem1|       pointer|
|m_axi_gmem1_ARLEN     |  out|   32|       m_axi|                            gmem1|       pointer|
|m_axi_gmem1_ARSIZE    |  out|    3|       m_axi|                            gmem1|       pointer|
|m_axi_gmem1_ARBURST   |  out|    2|       m_axi|                            gmem1|       pointer|
|m_axi_gmem1_ARLOCK    |  out|    2|       m_axi|                            gmem1|       pointer|
|m_axi_gmem1_ARCACHE   |  out|    4|       m_axi|                            gmem1|       pointer|
|m_axi_gmem1_ARPROT    |  out|    3|       m_axi|                            gmem1|       pointer|
|m_axi_gmem1_ARQOS     |  out|    4|       m_axi|                            gmem1|       pointer|
|m_axi_gmem1_ARREGION  |  out|    4|       m_axi|                            gmem1|       pointer|
|m_axi_gmem1_ARUSER    |  out|    1|       m_axi|                            gmem1|       pointer|
|m_axi_gmem1_RVALID    |   in|    1|       m_axi|                            gmem1|       pointer|
|m_axi_gmem1_RREADY    |  out|    1|       m_axi|                            gmem1|       pointer|
|m_axi_gmem1_RDATA     |   in|    8|       m_axi|                            gmem1|       pointer|
|m_axi_gmem1_RLAST     |   in|    1|       m_axi|                            gmem1|       pointer|
|m_axi_gmem1_RID       |   in|    1|       m_axi|                            gmem1|       pointer|
|m_axi_gmem1_RFIFONUM  |   in|   13|       m_axi|                            gmem1|       pointer|
|m_axi_gmem1_RUSER     |   in|    1|       m_axi|                            gmem1|       pointer|
|m_axi_gmem1_RRESP     |   in|    2|       m_axi|                            gmem1|       pointer|
|m_axi_gmem1_BVALID    |   in|    1|       m_axi|                            gmem1|       pointer|
|m_axi_gmem1_BREADY    |  out|    1|       m_axi|                            gmem1|       pointer|
|m_axi_gmem1_BRESP     |   in|    2|       m_axi|                            gmem1|       pointer|
|m_axi_gmem1_BID       |   in|    1|       m_axi|                            gmem1|       pointer|
|m_axi_gmem1_BUSER     |   in|    1|       m_axi|                            gmem1|       pointer|
|W_ddr                 |   in|   64|     ap_none|                            W_ddr|        scalar|
|burst_reads2_din      |  out|    8|     ap_fifo|                     burst_reads2|       pointer|
|burst_reads2_full_n   |   in|    1|     ap_fifo|                     burst_reads2|       pointer|
|burst_reads2_write    |  out|    1|     ap_fifo|                     burst_reads2|       pointer|
+----------------------+-----+-----+------------+---------------------------------+--------------+

============================================================
+ Verbose Summary: Synthesis Manager
============================================================
InlineROM: 1
ExposeGlobal: 0
============================================================
+ Verbose Summary: CDFG Model
============================================================
IsTopModel: 0
ResetActiveHigh: 1
IsCombinational: 2
IsDatapathOnly: 2
HasWiredReturn: 1
HasMFsm: 0
HasVarLatency: 1
IsPipeline: 0
IsRtlPipelined: 0
IsInstanceOverlapped: 0
IsDontTouch: 0
HasImplIP: 0
IsGatedGlobalClock: 0


============================================================
+ Verbose Summary: Schedule
============================================================
* Number of FSM states : 9
* Pipeline : 0
* Dataflow Pipeline: 0

* FSM state transitions: 
1 --> 2 
2 --> 3 
3 --> 4 
4 --> 5 
5 --> 6 
6 --> 7 
7 --> 8 
8 --> 9 
9 --> 

* FSM state operations: 

State 1 <SV = 0> <Delay = 7.30>
ST_1 : Operation 10 [1/1] (0.00ns)   --->   "%W_ddr_read = read i64 @_ssdm_op_Read.ap_auto.i64, i64 %W_ddr" [/home/fede/PhD/transformer-hls/hls/include/linear.h:565]   --->   Operation 10 'read' 'W_ddr_read' <Predicate = true> <Delay = 0.00>
ST_1 : Operation 11 [1/1] (0.00ns)   --->   "%gmem1_addr = getelementptr i8 %gmem1, i64 %W_ddr_read" [/home/fede/PhD/transformer-hls/hls/include/linear.h:571]   --->   Operation 11 'getelementptr' 'gmem1_addr' <Predicate = true> <Delay = 0.00>
ST_1 : Operation 12 [7/7] (7.30ns)   --->   "%gmem1_load_req = readreq i1 @_ssdm_op_ReadReq.m_axi.i8P1A, i64 %gmem1_addr, i32 1" [/home/fede/PhD/transformer-hls/hls/include/linear.h:571]   --->   Operation 12 'readreq' 'gmem1_load_req' <Predicate = true> <Delay = 7.30> <CoreInst = "m_axi">   --->   Core 121 'm_axi' <Latency = 0> <II = 1> <Delay = 1.00> <Adapter> <Opcode : 'read' 'write' 'readreq' 'writereq' 'writeresp'>

State 2 <SV = 1> <Delay = 7.30>
ST_2 : Operation 13 [6/7] (7.30ns)   --->   "%gmem1_load_req = readreq i1 @_ssdm_op_ReadReq.m_axi.i8P1A, i64 %gmem1_addr, i32 1" [/home/fede/PhD/transformer-hls/hls/include/linear.h:571]   --->   Operation 13 'readreq' 'gmem1_load_req' <Predicate = true> <Delay = 7.30> <CoreInst = "m_axi">   --->   Core 121 'm_axi' <Latency = 0> <II = 1> <Delay = 1.00> <Adapter> <Opcode : 'read' 'write' 'readreq' 'writereq' 'writeresp'>

State 3 <SV = 2> <Delay = 7.30>
ST_3 : Operation 14 [5/7] (7.30ns)   --->   "%gmem1_load_req = readreq i1 @_ssdm_op_ReadReq.m_axi.i8P1A, i64 %gmem1_addr, i32 1" [/home/fede/PhD/transformer-hls/hls/include/linear.h:571]   --->   Operation 14 'readreq' 'gmem1_load_req' <Predicate = true> <Delay = 7.30> <CoreInst = "m_axi">   --->   Core 121 'm_axi' <Latency = 0> <II = 1> <Delay = 1.00> <Adapter> <Opcode : 'read' 'write' 'readreq' 'writereq' 'writeresp'>

State 4 <SV = 3> <Delay = 7.30>
ST_4 : Operation 15 [4/7] (7.30ns)   --->   "%gmem1_load_req = readreq i1 @_ssdm_op_ReadReq.m_axi.i8P1A, i64 %gmem1_addr, i32 1" [/home/fede/PhD/transformer-hls/hls/include/linear.h:571]   --->   Operation 15 'readreq' 'gmem1_load_req' <Predicate = true> <Delay = 7.30> <CoreInst = "m_axi">   --->   Core 121 'm_axi' <Latency = 0> <II = 1> <Delay = 1.00> <Adapter> <Opcode : 'read' 'write' 'readreq' 'writereq' 'writeresp'>

State 5 <SV = 4> <Delay = 7.30>
ST_5 : Operation 16 [3/7] (7.30ns)   --->   "%gmem1_load_req = readreq i1 @_ssdm_op_ReadReq.m_axi.i8P1A, i64 %gmem1_addr, i32 1" [/home/fede/PhD/transformer-hls/hls/include/linear.h:571]   --->   Operation 16 'readreq' 'gmem1_load_req' <Predicate = true> <Delay = 7.30> <CoreInst = "m_axi">   --->   Core 121 'm_axi' <Latency = 0> <II = 1> <Delay = 1.00> <Adapter> <Opcode : 'read' 'write' 'readreq' 'writereq' 'writeresp'>

State 6 <SV = 5> <Delay = 7.30>
ST_6 : Operation 17 [2/7] (7.30ns)   --->   "%gmem1_load_req = readreq i1 @_ssdm_op_ReadReq.m_axi.i8P1A, i64 %gmem1_addr, i32 1" [/home/fede/PhD/transformer-hls/hls/include/linear.h:571]   --->   Operation 17 'readreq' 'gmem1_load_req' <Predicate = true> <Delay = 7.30> <CoreInst = "m_axi">   --->   Core 121 'm_axi' <Latency = 0> <II = 1> <Delay = 1.00> <Adapter> <Opcode : 'read' 'write' 'readreq' 'writereq' 'writeresp'>

State 7 <SV = 6> <Delay = 7.30>
ST_7 : Operation 18 [1/7] (7.30ns)   --->   "%gmem1_load_req = readreq i1 @_ssdm_op_ReadReq.m_axi.i8P1A, i64 %gmem1_addr, i32 1" [/home/fede/PhD/transformer-hls/hls/include/linear.h:571]   --->   Operation 18 'readreq' 'gmem1_load_req' <Predicate = true> <Delay = 7.30> <CoreInst = "m_axi">   --->   Core 121 'm_axi' <Latency = 0> <II = 1> <Delay = 1.00> <Adapter> <Opcode : 'read' 'write' 'readreq' 'writereq' 'writeresp'>

State 8 <SV = 7> <Delay = 7.30>
ST_8 : Operation 19 [1/1] (7.30ns)   --->   "%gmem1_addr_read = read i8 @_ssdm_op_Read.m_axi.i8P1A, i64 %gmem1_addr" [/home/fede/PhD/transformer-hls/hls/include/linear.h:571]   --->   Operation 19 'read' 'gmem1_addr_read' <Predicate = true> <Delay = 7.30> <CoreInst = "m_axi">   --->   Core 121 'm_axi' <Latency = 0> <II = 1> <Delay = 1.00> <Adapter> <Opcode : 'read' 'write' 'readreq' 'writereq' 'writeresp'>

State 9 <SV = 8> <Delay = 1.35>
ST_9 : Operation 20 [1/1] (0.00ns)   --->   "%specinterface_ln0 = specinterface void @_ssdm_op_SpecInterface, i8 %burst_reads2, void @empty_9, i32 0, i32 0, void @empty_28, i32 0, i32 0, void @empty_28, void @empty_28, void @empty_28, i32 0, i32 0, i32 0, i32 0, void @empty_28, void @empty_28, i32 4294967295, i32 0"   --->   Operation 20 'specinterface' 'specinterface_ln0' <Predicate = true> <Delay = 0.00>
ST_9 : Operation 21 [1/1] (0.00ns)   --->   "%specinterface_ln0 = specinterface void @_ssdm_op_SpecInterface, i8 %gmem1, void @empty_12, i32 0, i32 0, void @empty_28, i32 0, i32 1024, void @empty_48, void @empty_44, void @empty_28, i32 16, i32 16, i32 64, i32 16, void @empty_28, void @empty_28, i32 4294967295, i32 0"   --->   Operation 21 'specinterface' 'specinterface_ln0' <Predicate = true> <Delay = 0.00>
ST_9 : Operation 22 [1/1] (1.35ns)   --->   "%write_ln571 = write void @_ssdm_op_Write.ap_fifo.volatile.i8P0A, i8 %burst_reads2, i8 %gmem1_addr_read" [/home/fede/PhD/transformer-hls/hls/include/linear.h:571]   --->   Operation 22 'write' 'write_ln571' <Predicate = true> <Delay = 1.35> <CoreInst = "FIFO_SRL">   --->   Core 81 'FIFO_SRL' <Latency = 0> <II = 1> <Delay = 1.35> <Storage> <Opcode : 'read' 'write' 'nbread' 'nbwrite'> <Ports = 0> <Width = 8> <Depth = 64> <FIFO>
ST_9 : Operation 23 [1/1] (0.00ns)   --->   "%ret_ln573 = ret" [/home/fede/PhD/transformer-hls/hls/include/linear.h:573]   --->   Operation 23 'ret' 'ret_ln573' <Predicate = true> <Delay = 0.00>


============================================================
+ Verbose Summary: Binding
============================================================
STG Binding: 
---------------- STG Properties BEGIN ----------------
- Is combinational: 0
- Is one-state seq: 0
- Is datapath-only: 0
- Is pipelined: 0
- Is top level: 0
Port [ Return ] is wired: 1; IO mode=ap_ctrl_hs:ce=0
Port [ gmem1]:  wired=1; compound=1; hidden=0; nouse=0; global=0; static=0; extern=0; dir=0; type=4; pingpong=0; private_global=0; IO mode=m_axi:ce=0
Port [ W_ddr]:  wired=1; compound=0; hidden=0; nouse=0; global=0; static=0; extern=0; dir=0; type=0; pingpong=0; private_global=0; IO mode=ap_none:ce=0
Port [ burst_reads2]:  wired=1; compound=1; hidden=0; nouse=0; global=0; static=0; extern=0; dir=1; type=3; pingpong=0; private_global=0; IO mode=ap_fifo:ce=0
---------------- STG Properties END ------------------

---------------- Datapath Model BEGIN ----------------

<LifeTime>
<method=bitvector/>
W_ddr_read        (read         ) [ 0000000000]
gmem1_addr        (getelementptr) [ 0011111110]
gmem1_load_req    (readreq      ) [ 0000000000]
gmem1_addr_read   (read         ) [ 0000000001]
specinterface_ln0 (specinterface) [ 0000000000]
specinterface_ln0 (specinterface) [ 0000000000]
write_ln571       (write        ) [ 0000000000]
ret_ln573         (ret          ) [ 0000000000]
</LifeTime>

<model>

<comp_list>
<comp id="0" class="1000" name="gmem1">
<pin_list>
<pin id="1" dir="1" index="0" bw="1" slack="0"/>
</pin_list>
<bind>
<StgValue><ssdm name="gmem1"/></StgValue>
</bind>
</comp>

<comp id="2" class="1000" name="W_ddr">
<pin_list>
<pin id="3" dir="1" index="0" bw="1" slack="0"/>
</pin_list>
<bind>
<StgValue><ssdm name="W_ddr"/></StgValue>
</bind>
</comp>

<comp id="4" class="1000" name="burst_reads2">
<pin_list>
<pin id="5" dir="1" index="0" bw="1" slack="0"/>
</pin_list>
<bind>
<StgValue><ssdm name="burst_reads2"/></StgValue>
</bind>
</comp>

<comp id="6" class="1001" name="const_6">
<pin_list>
<pin id="7" dir="1" index="0" bw="1" slack="0"/>
</pin_list>
<bind>
<StgValue><ssdm name="_ssdm_op_Read.ap_auto.i64"/></StgValue>
</bind>
</comp>

<comp id="8" class="1001" name="const_8">
<pin_list>
<pin id="9" dir="1" index="0" bw="1" slack="0"/>
</pin_list>
<bind>
<StgValue><ssdm name="_ssdm_op_ReadReq.m_axi.i8P1A"/></StgValue>
</bind>
</comp>

<comp id="10" class="1001" name="const_10">
<pin_list>
<pin id="11" dir="1" index="0" bw="1" slack="0"/>
</pin_list>
<bind>
<StgValue><ssdm name=""/></StgValue>
</bind>
</comp>

<comp id="12" class="1001" name="const_12">
<pin_list>
<pin id="13" dir="1" index="0" bw="1" slack="0"/>
</pin_list>
<bind>
<StgValue><ssdm name="_ssdm_op_Read.m_axi.i8P1A"/></StgValue>
</bind>
</comp>

<comp id="14" class="1001" name="const_14">
<pin_list>
<pin id="15" dir="1" index="0" bw="1" slack="2147483647"/>
</pin_list>
<bind>
<StgValue><ssdm name="_ssdm_op_SpecInterface"/></StgValue>
</bind>
</comp>

<comp id="16" class="1001" name="const_16">
<pin_list>
<pin id="17" dir="1" index="0" bw="1" slack="2147483647"/>
</pin_list>
<bind>
<StgValue><ssdm name="empty_9"/></StgValue>
</bind>
</comp>

<comp id="18" class="1001" name="const_18">
<pin_list>
<pin id="19" dir="1" index="0" bw="1" slack="2147483647"/>
</pin_list>
<bind>
<StgValue><ssdm name=""/></StgValue>
</bind>
</comp>

<comp id="20" class="1001" name="const_20">
<pin_list>
<pin id="21" dir="1" index="0" bw="1" slack="2147483647"/>
</pin_list>
<bind>
<StgValue><ssdm name="empty_28"/></StgValue>
</bind>
</comp>

<comp id="22" class="1001" name="const_22">
<pin_list>
<pin id="23" dir="1" index="0" bw="1" slack="2147483647"/>
</pin_list>
<bind>
<StgValue><ssdm name=""/></StgValue>
</bind>
</comp>

<comp id="24" class="1001" name="const_24">
<pin_list>
<pin id="25" dir="1" index="0" bw="1" slack="2147483647"/>
</pin_list>
<bind>
<StgValue><ssdm name="empty_12"/></StgValue>
</bind>
</comp>

<comp id="26" class="1001" name="const_26">
<pin_list>
<pin id="27" dir="1" index="0" bw="1" slack="2147483647"/>
</pin_list>
<bind>
<StgValue><ssdm name=""/></StgValue>
</bind>
</comp>

<comp id="28" class="1001" name="const_28">
<pin_list>
<pin id="29" dir="1" index="0" bw="1" slack="2147483647"/>
</pin_list>
<bind>
<StgValue><ssdm name="empty_48"/></StgValue>
</bind>
</comp>

<comp id="30" class="1001" name="const_30">
<pin_list>
<pin id="31" dir="1" index="0" bw="1" slack="2147483647"/>
</pin_list>
<bind>
<StgValue><ssdm name="empty_44"/></StgValue>
</bind>
</comp>

<comp id="32" class="1001" name="const_32">
<pin_list>
<pin id="33" dir="1" index="0" bw="1" slack="2147483647"/>
</pin_list>
<bind>
<StgValue><ssdm name=""/></StgValue>
</bind>
</comp>

<comp id="34" class="1001" name="const_34">
<pin_list>
<pin id="35" dir="1" index="0" bw="1" slack="2147483647"/>
</pin_list>
<bind>
<StgValue><ssdm name=""/></StgValue>
</bind>
</comp>

<comp id="36" class="1001" name="const_36">
<pin_list>
<pin id="37" dir="1" index="0" bw="1" slack="0"/>
</pin_list>
<bind>
<StgValue><ssdm name="_ssdm_op_Write.ap_fifo.volatile.i8P0A"/></StgValue>
</bind>
</comp>

<comp id="38" class="1004" name="W_ddr_read_read_fu_38">
<pin_list>
<pin id="39" dir="0" index="0" bw="64" slack="0"/>
<pin id="40" dir="0" index="1" bw="64" slack="0"/>
<pin id="41" dir="1" index="2" bw="64" slack="0"/>
</pin_list>
<bind>
<opcode="read(1150) " fcode="read"/>
<opset="W_ddr_read/1 "/>
</bind>
</comp>

<comp id="44" class="1004" name="grp_readreq_fu_44">
<pin_list>
<pin id="45" dir="0" index="0" bw="1" slack="0"/>
<pin id="46" dir="0" index="1" bw="8" slack="0"/>
<pin id="47" dir="0" index="2" bw="1" slack="0"/>
<pin id="48" dir="1" index="3" bw="1" slack="2147483647"/>
</pin_list>
<bind>
<opcode="readreq(1154) " fcode="readreq"/>
<opset="gmem1_load_req/1 "/>
</bind>
</comp>

<comp id="51" class="1004" name="gmem1_addr_read_read_fu_51">
<pin_list>
<pin id="52" dir="0" index="0" bw="8" slack="0"/>
<pin id="53" dir="0" index="1" bw="8" slack="7"/>
<pin id="54" dir="1" index="2" bw="8" slack="1"/>
</pin_list>
<bind>
<opcode="read(1150) " fcode="read"/>
<opset="gmem1_addr_read/8 "/>
</bind>
</comp>

<comp id="56" class="1004" name="write_ln571_write_fu_56">
<pin_list>
<pin id="57" dir="0" index="0" bw="0" slack="0"/>
<pin id="58" dir="0" index="1" bw="8" slack="0"/>
<pin id="59" dir="0" index="2" bw="8" slack="1"/>
<pin id="60" dir="1" index="3" bw="0" slack="2147483647"/>
</pin_list>
<bind>
<opcode="write(1151) " fcode="write"/>
<opset="write_ln571/9 "/>
</bind>
</comp>

<comp id="63" class="1004" name="gmem1_addr_fu_63">
<pin_list>
<pin id="64" dir="0" index="0" bw="64" slack="0"/>
<pin id="65" dir="0" index="1" bw="64" slack="0"/>
<pin id="66" dir="1" index="2" bw="64" slack="0"/>
</pin_list>
<bind>
<opcode="getelementptr(29) " fcode="getelementptr"/>
<opset="gmem1_addr/1 "/>
</bind>
</comp>

<comp id="70" class="1005" name="gmem1_addr_reg_70">
<pin_list>
<pin id="71" dir="0" index="0" bw="8" slack="1"/>
<pin id="72" dir="1" index="1" bw="8" slack="1"/>
</pin_list>
<bind>
<opset="gmem1_addr "/>
</bind>
</comp>

<comp id="76" class="1005" name="gmem1_addr_read_reg_76">
<pin_list>
<pin id="77" dir="0" index="0" bw="8" slack="1"/>
<pin id="78" dir="1" index="1" bw="8" slack="1"/>
</pin_list>
<bind>
<opset="gmem1_addr_read "/>
</bind>
</comp>

</comp_list>

<net_list>
<net id="42"><net_src comp="6" pin="0"/><net_sink comp="38" pin=0"/></net>

<net id="43"><net_src comp="2" pin="0"/><net_sink comp="38" pin=1"/></net>

<net id="49"><net_src comp="8" pin="0"/><net_sink comp="44" pin=0"/></net>

<net id="50"><net_src comp="10" pin="0"/><net_sink comp="44" pin=2"/></net>

<net id="55"><net_src comp="12" pin="0"/><net_sink comp="51" pin=0"/></net>

<net id="61"><net_src comp="36" pin="0"/><net_sink comp="56" pin=0"/></net>

<net id="62"><net_src comp="4" pin="0"/><net_sink comp="56" pin=1"/></net>

<net id="67"><net_src comp="0" pin="0"/><net_sink comp="63" pin=0"/></net>

<net id="68"><net_src comp="38" pin="2"/><net_sink comp="63" pin=1"/></net>

<net id="69"><net_src comp="63" pin="2"/><net_sink comp="44" pin=1"/></net>

<net id="73"><net_src comp="63" pin="2"/><net_sink comp="70" pin=0"/></net>

<net id="74"><net_src comp="70" pin="1"/><net_sink comp="44" pin=1"/></net>

<net id="75"><net_src comp="70" pin="1"/><net_sink comp="51" pin=1"/></net>

<net id="79"><net_src comp="51" pin="2"/><net_sink comp="76" pin=0"/></net>

<net id="80"><net_src comp="76" pin="1"/><net_sink comp="56" pin=2"/></net>

</net_list>

</model> 
---------------- Datapath Model END ------------------

* FSMD analyzer results:
  - Output states:
	Port: gmem1 | {}
	Port: burst_reads2 | {9 }
 - Input state : 
	Port: burst_read_beats<1, ap_int<8> > : gmem1 | {1 2 3 4 5 6 7 8 }
	Port: burst_read_beats<1, ap_int<8> > : W_ddr | {1 }
  - Chain level:
	State 1
		gmem1_load_req : 1
	State 2
	State 3
	State 4
	State 5
	State 6
	State 7
	State 8
	State 9


============================================================
+ Verbose Summary: Datapath Resource usage 
============================================================

* Functional unit list:
|----------|----------------------------|
| Operation|       Functional Unit      |
|----------|----------------------------|
|   read   |    W_ddr_read_read_fu_38   |
|          | gmem1_addr_read_read_fu_51 |
|----------|----------------------------|
|  readreq |      grp_readreq_fu_44     |
|----------|----------------------------|
|   write  |   write_ln571_write_fu_56  |
|----------|----------------------------|
|   Total  |                            |
|----------|----------------------------|

Memories:
N/A

* Register list:
+----------------------+--------+
|                      |   FF   |
+----------------------+--------+
|gmem1_addr_read_reg_76|    8   |
|   gmem1_addr_reg_70  |    8   |
+----------------------+--------+
|         Total        |   16   |
+----------------------+--------+

* Multiplexer (MUX) list: 
|-------------------|------|------|------|--------||---------||---------|
|        Comp       |  Pin | Size |  BW  | S x BW ||  Delay  ||   LUT   |
|-------------------|------|------|------|--------||---------||---------|
| grp_readreq_fu_44 |  p1  |   2  |   8  |   16   ||    9    |
|-------------------|------|------|------|--------||---------||---------|
|       Total       |      |      |      |   16   ||  0.387  ||    9    |
|-------------------|------|------|------|--------||---------||---------|



* Summary:
+-----------+--------+--------+--------+
|           |  Delay |   FF   |   LUT  |
+-----------+--------+--------+--------+
|  Function |    -   |    -   |    -   |
|   Memory  |    -   |    -   |    -   |
|Multiplexer|    0   |    -   |    9   |
|  Register |    -   |   16   |    -   |
+-----------+--------+--------+--------+
|   Total   |    0   |   16   |    9   |
+-----------+--------+--------+--------+
