

================================================================
== Vitis HLS Report for 'duplicate_stream_ap_int_8_17_16_1_1'
================================================================
* Date:           Fri Jun 19 14:57:29 2026

* Version:        2022.2 (Build 3670227 on Oct 13 2022)
* Project:        ViT_Block
* Solution:       ViT_Block (Vivado IP Flow Target)
* Product family: zynquplus
* Target device:  xck26-sfvc784-2LV-c


================================================================
== Performance Estimates
================================================================
+ Timing: 
    * Summary: 
    +--------+----------+----------+------------+
    |  Clock |  Target  | Estimated| Uncertainty|
    +--------+----------+----------+------------+
    |ap_clk  |  10.00 ns|  3.676 ns|     2.70 ns|
    +--------+----------+----------+------------+

+ Latency: 
    * Summary: 
    +---------+---------+----------+----------+-----+-----+---------+
    |  Latency (cycles) |  Latency (absolute) |  Interval | Pipeline|
    |   min   |   max   |    min   |    max   | min | max |   Type  |
    +---------+---------+----------+----------+-----+-----+---------+
    |      274|      274|  2.740 us|  2.740 us|  274|  274|       no|
    +---------+---------+----------+----------+-----+-----+---------+

    + Detail: 
        * Instance: 
        N/A

        * Loop: 
        +-------------------+---------+---------+----------+-----------+-----------+------+----------+
        |                   |  Latency (cycles) | Iteration|  Initiation Interval  | Trip |          |
        |     Loop Name     |   min   |   max   |  Latency |  achieved |   target  | Count| Pipelined|
        +-------------------+---------+---------+----------+-----------+-----------+------+----------+
        |- VITIS_LOOP_20_1  |      272|      272|         2|          1|          1|   272|       yes|
        +-------------------+---------+---------+----------+-----------+-----------+------+----------+



================================================================
== Utilization Estimates
================================================================
* Summary: 
+-----------------+---------+------+--------+--------+-----+
|       Name      | BRAM_18K|  DSP |   FF   |   LUT  | URAM|
+-----------------+---------+------+--------+--------+-----+
|DSP              |        -|     -|       -|       -|    -|
|Expression       |        -|     -|       0|      35|    -|
|FIFO             |        -|     -|       -|       -|    -|
|Instance         |        -|     -|       -|       -|    -|
|Memory           |        -|     -|       -|       -|    -|
|Multiplexer      |        -|     -|       -|      72|    -|
|Register         |        -|     -|      13|       -|    -|
+-----------------+---------+------+--------+--------+-----+
|Total            |        0|     0|      13|     107|    0|
+-----------------+---------+------+--------+--------+-----+
|Available        |      288|  1248|  234240|  117120|   64|
+-----------------+---------+------+--------+--------+-----+
|Utilization (%)  |        0|     0|      ~0|      ~0|    0|
+-----------------+---------+------+--------+--------+-----+

+ Detail: 
    * Instance: 
    N/A

    * DSP: 
    N/A

    * Memory: 
    N/A

    * FIFO: 
    N/A

    * Expression: 
    +----------------------------------+----------+----+---+----+------------+------------+
    |           Variable Name          | Operation| DSP| FF| LUT| Bitwidth P0| Bitwidth P1|
    +----------------------------------+----------+----+---+----+------------+------------+
    |i_16_fu_78_p2                     |         +|   0|  0|  16|           9|           1|
    |ap_condition_110                  |       and|   0|  0|   2|           1|           1|
    |icmp_ln20_fu_72_p2                |      icmp|   0|  0|  11|           9|           9|
    |ap_block_pp0_stage0_01001         |        or|   0|  0|   2|           1|           1|
    |ap_block_state2_pp0_stage0_iter1  |        or|   0|  0|   2|           1|           1|
    |ap_enable_pp0                     |       xor|   0|  0|   2|           1|           2|
    +----------------------------------+----------+----+---+----+------------+------------+
    |Total                             |          |   0|  0|  35|          22|          15|
    +----------------------------------+----------+----+---+----+------------+------------+

    * Multiplexer: 
    +-------------------------+----+-----------+-----+-----------+
    |           Name          | LUT| Input Size| Bits| Total Bits|
    +-------------------------+----+-----------+-----+-----------+
    |ap_done_int              |   9|          2|    1|          2|
    |ap_enable_reg_pp0_iter1  |   9|          2|    1|          2|
    |ap_sig_allocacmp_i       |   9|          2|    9|         18|
    |i_02_fu_38               |   9|          2|    9|         18|
    |out_res_09_blk_n         |   9|          2|    1|          2|
    |real_start               |   9|          2|    1|          2|
    |res_110_blk_n            |   9|          2|    1|          2|
    |x212_blk_n               |   9|          2|    1|          2|
    +-------------------------+----+-----------+-----+-----------+
    |Total                    |  72|         16|   24|         48|
    +-------------------------+----+-----------+-----+-----------+

    * Register: 
    +-------------------------+---+----+-----+-----------+
    |           Name          | FF| LUT| Bits| Const Bits|
    +-------------------------+---+----+-----+-----------+
    |ap_CS_fsm                |  1|   0|    1|          0|
    |ap_done_reg              |  1|   0|    1|          0|
    |ap_enable_reg_pp0_iter1  |  1|   0|    1|          0|
    |i_02_fu_38               |  9|   0|    9|          0|
    |start_once_reg           |  1|   0|    1|          0|
    +-------------------------+---+----+-----+-----------+
    |Total                    | 13|   0|   13|          0|
    +-------------------------+---+----+-----+-----------+



================================================================
== Interface
================================================================
* Summary: 
+---------------------------+-----+-----+------------+------------------------------------------+--------------+
|         RTL Ports         | Dir | Bits|  Protocol  |               Source Object              |    C Type    |
+---------------------------+-----+-----+------------+------------------------------------------+--------------+
|ap_clk                     |   in|    1|  ap_ctrl_hs|  duplicate_stream<ap_int<8>, 17, 16, 1>.1|  return value|
|ap_rst                     |   in|    1|  ap_ctrl_hs|  duplicate_stream<ap_int<8>, 17, 16, 1>.1|  return value|
|ap_start                   |   in|    1|  ap_ctrl_hs|  duplicate_stream<ap_int<8>, 17, 16, 1>.1|  return value|
|start_full_n               |   in|    1|  ap_ctrl_hs|  duplicate_stream<ap_int<8>, 17, 16, 1>.1|  return value|
|ap_done                    |  out|    1|  ap_ctrl_hs|  duplicate_stream<ap_int<8>, 17, 16, 1>.1|  return value|
|ap_continue                |   in|    1|  ap_ctrl_hs|  duplicate_stream<ap_int<8>, 17, 16, 1>.1|  return value|
|ap_idle                    |  out|    1|  ap_ctrl_hs|  duplicate_stream<ap_int<8>, 17, 16, 1>.1|  return value|
|ap_ready                   |  out|    1|  ap_ctrl_hs|  duplicate_stream<ap_int<8>, 17, 16, 1>.1|  return value|
|start_out                  |  out|    1|  ap_ctrl_hs|  duplicate_stream<ap_int<8>, 17, 16, 1>.1|  return value|
|start_write                |  out|    1|  ap_ctrl_hs|  duplicate_stream<ap_int<8>, 17, 16, 1>.1|  return value|
|out_res_09_dout            |   in|    8|     ap_fifo|                                out_res_09|       pointer|
|out_res_09_num_data_valid  |   in|    2|     ap_fifo|                                out_res_09|       pointer|
|out_res_09_fifo_cap        |   in|    2|     ap_fifo|                                out_res_09|       pointer|
|out_res_09_empty_n         |   in|    1|     ap_fifo|                                out_res_09|       pointer|
|out_res_09_read            |  out|    1|     ap_fifo|                                out_res_09|       pointer|
|res_110_din                |  out|    8|     ap_fifo|                                   res_110|       pointer|
|res_110_num_data_valid     |   in|   13|     ap_fifo|                                   res_110|       pointer|
|res_110_fifo_cap           |   in|   13|     ap_fifo|                                   res_110|       pointer|
|res_110_full_n             |   in|    1|     ap_fifo|                                   res_110|       pointer|
|res_110_write              |  out|    1|     ap_fifo|                                   res_110|       pointer|
|x212_din                   |  out|    8|     ap_fifo|                                      x212|       pointer|
|x212_num_data_valid        |   in|    2|     ap_fifo|                                      x212|       pointer|
|x212_fifo_cap              |   in|    2|     ap_fifo|                                      x212|       pointer|
|x212_full_n                |   in|    1|     ap_fifo|                                      x212|       pointer|
|x212_write                 |  out|    1|     ap_fifo|                                      x212|       pointer|
+---------------------------+-----+-----+------------+------------------------------------------+--------------+

============================================================
+ Verbose Summary: Synthesis Manager
============================================================
InlineROM: 1
ExposeGlobal: 0
============================================================
+ Verbose Summary: CDFG Model
============================================================
IsTopModel: 0
ResetActiveHigh: 1
IsCombinational: 2
IsDatapathOnly: 0
HasWiredReturn: 1
HasMFsm: 2
HasVarLatency: 1
IsPipeline: 0
IsRtlPipelined: 0
IsInstanceOverlapped: 0
IsDontTouch: 0
HasImplIP: 0
IsGatedGlobalClock: 0

+ Individual pipeline summary: 
  * Pipeline-0: initiation interval (II) = 1, depth = 2


============================================================
+ Verbose Summary: Schedule
============================================================
* Number of FSM states : 2
* Pipeline : 1
  Pipeline-0 : II = 1, D = 2, States = { 1 2 }
* Dataflow Pipeline: 0

* FSM state transitions: 
1 --> 2 
2 --> 

* FSM state operations: 

State 1 <SV = 0> <Delay = 1.30>
ST_1 : Operation 5 [1/1] (0.00ns)   --->   "%i_02 = alloca i32 1"   --->   Operation 5 'alloca' 'i_02' <Predicate = true> <Delay = 0.00>
ST_1 : Operation 6 [1/1] (0.00ns)   --->   "%specinterface_ln0 = specinterface void @_ssdm_op_SpecInterface, i8 %x212, void @empty_9, i32 0, i32 0, void @empty_28, i32 0, i32 0, void @empty_28, void @empty_28, void @empty_28, i32 0, i32 0, i32 0, i32 0, void @empty_28, void @empty_28, i32 4294967295, i32 0"   --->   Operation 6 'specinterface' 'specinterface_ln0' <Predicate = true> <Delay = 0.00>
ST_1 : Operation 7 [1/1] (0.00ns)   --->   "%specinterface_ln0 = specinterface void @_ssdm_op_SpecInterface, i8 %res_110, void @empty_9, i32 0, i32 0, void @empty_28, i32 0, i32 0, void @empty_28, void @empty_28, void @empty_28, i32 0, i32 0, i32 0, i32 0, void @empty_28, void @empty_28, i32 4294967295, i32 0"   --->   Operation 7 'specinterface' 'specinterface_ln0' <Predicate = true> <Delay = 0.00>
ST_1 : Operation 8 [1/1] (0.00ns)   --->   "%specinterface_ln0 = specinterface void @_ssdm_op_SpecInterface, i8 %out_res_09, void @empty_9, i32 0, i32 0, void @empty_28, i32 0, i32 0, void @empty_28, void @empty_28, void @empty_28, i32 0, i32 0, i32 0, i32 0, void @empty_28, void @empty_28, i32 4294967295, i32 0"   --->   Operation 8 'specinterface' 'specinterface_ln0' <Predicate = true> <Delay = 0.00>
ST_1 : Operation 9 [1/1] (0.42ns)   --->   "%store_ln20 = store i9 0, i9 %i_02" [/home/fede/PhD/transformer-hls/hls/src/model/ViT_Block.cpp:20]   --->   Operation 9 'store' 'store_ln20' <Predicate = true> <Delay = 0.42>
ST_1 : Operation 10 [1/1] (0.00ns)   --->   "%br_ln20 = br void %for.inc" [/home/fede/PhD/transformer-hls/hls/src/model/ViT_Block.cpp:20]   --->   Operation 10 'br' 'br_ln20' <Predicate = true> <Delay = 0.00>
ST_1 : Operation 11 [1/1] (0.00ns)   --->   "%i = load i9 %i_02" [/home/fede/PhD/transformer-hls/hls/src/model/ViT_Block.cpp:20]   --->   Operation 11 'load' 'i' <Predicate = true> <Delay = 0.00>
ST_1 : Operation 12 [1/1] (0.88ns)   --->   "%icmp_ln20 = icmp_eq  i9 %i, i9 272" [/home/fede/PhD/transformer-hls/hls/src/model/ViT_Block.cpp:20]   --->   Operation 12 'icmp' 'icmp_ln20' <Predicate = true> <Delay = 0.88> <CoreInst = "Cmp">   --->   Core 9 'Cmp' <Latency = 0> <II = 1> <Delay = 0.88> <FuncUnit> <Opcode : 'icmp'> <InPorts = 2> <OutPorts = 1>
ST_1 : Operation 13 [1/1] (0.00ns)   --->   "%empty = speclooptripcount i32 @_ssdm_op_SpecLoopTripCount, i64 272, i64 272, i64 272"   --->   Operation 13 'speclooptripcount' 'empty' <Predicate = true> <Delay = 0.00>
ST_1 : Operation 14 [1/1] (0.77ns)   --->   "%i_16 = add i9 %i, i9 1" [/home/fede/PhD/transformer-hls/hls/src/model/ViT_Block.cpp:20]   --->   Operation 14 'add' 'i_16' <Predicate = true> <Delay = 0.77> <CoreInst = "Adder">   --->   Core 1 'Adder' <Latency = 0> <II = 1> <Delay = 0.77> <FuncUnit> <Opcode : 'add' 'sub'> <InPorts = 2> <OutPorts = 1>
ST_1 : Operation 15 [1/1] (0.00ns)   --->   "%br_ln20 = br i1 %icmp_ln20, void %for.inc.split, void %for.end" [/home/fede/PhD/transformer-hls/hls/src/model/ViT_Block.cpp:20]   --->   Operation 15 'br' 'br_ln20' <Predicate = true> <Delay = 0.00>
ST_1 : Operation 16 [1/1] (0.42ns)   --->   "%store_ln20 = store i9 %i_16, i9 %i_02" [/home/fede/PhD/transformer-hls/hls/src/model/ViT_Block.cpp:20]   --->   Operation 16 'store' 'store_ln20' <Predicate = (!icmp_ln20)> <Delay = 0.42>
ST_1 : Operation 23 [1/1] (0.00ns)   --->   "%ret_ln27 = ret" [/home/fede/PhD/transformer-hls/hls/src/model/ViT_Block.cpp:27]   --->   Operation 23 'ret' 'ret_ln27' <Predicate = (icmp_ln20)> <Delay = 0.00>

State 2 <SV = 1> <Delay = 3.67>
ST_2 : Operation 17 [1/1] (0.00ns)   --->   "%specpipeline_ln21 = specpipeline void @_ssdm_op_SpecPipeline, i32 1, i32 0, i32 0, i32 0, void @empty_28" [/home/fede/PhD/transformer-hls/hls/src/model/ViT_Block.cpp:21]   --->   Operation 17 'specpipeline' 'specpipeline_ln21' <Predicate = true> <Delay = 0.00>
ST_2 : Operation 18 [1/1] (0.00ns)   --->   "%specloopname_ln20 = specloopname void @_ssdm_op_SpecLoopName, void @empty_19" [/home/fede/PhD/transformer-hls/hls/src/model/ViT_Block.cpp:20]   --->   Operation 18 'specloopname' 'specloopname_ln20' <Predicate = true> <Delay = 0.00>
ST_2 : Operation 19 [1/1] (1.83ns)   --->   "%val = read i8 @_ssdm_op_Read.ap_fifo.volatile.i8P0A, i8 %out_res_09" [/home/fede/PhD/transformer-hls/hls/src/model/ViT_Block.cpp:22]   --->   Operation 19 'read' 'val' <Predicate = true> <Delay = 1.83> <CoreInst = "FIFO_SRL">   --->   Core 81 'FIFO_SRL' <Latency = 0> <II = 1> <Delay = 1.83> <Storage> <Opcode : 'read' 'write' 'nbread' 'nbwrite'> <Ports = 0> <Width = 8> <Depth = 2> <FIFO>
ST_2 : Operation 20 [1/1] (1.75ns)   --->   "%write_ln24 = write void @_ssdm_op_Write.ap_fifo.volatile.i8P0A, i8 %res_110, i8 %val" [/home/fede/PhD/transformer-hls/hls/src/model/ViT_Block.cpp:24]   --->   Operation 20 'write' 'write_ln24' <Predicate = true> <Delay = 1.75> <CoreInst = "FIFO">   --->   Core 78 'FIFO' <Latency = 0> <II = 1> <Delay = 1.75> <Storage> <Opcode : 'read' 'write' 'nbread' 'nbwrite'> <Ports = 0> <Width = 8> <Depth = 3072> <FIFO>
ST_2 : Operation 21 [1/1] (1.83ns)   --->   "%write_ln25 = write void @_ssdm_op_Write.ap_fifo.volatile.i8P0A, i8 %x212, i8 %val" [/home/fede/PhD/transformer-hls/hls/src/model/ViT_Block.cpp:25]   --->   Operation 21 'write' 'write_ln25' <Predicate = true> <Delay = 1.83> <CoreInst = "FIFO_SRL">   --->   Core 81 'FIFO_SRL' <Latency = 0> <II = 1> <Delay = 1.83> <Storage> <Opcode : 'read' 'write' 'nbread' 'nbwrite'> <Ports = 0> <Width = 8> <Depth = 2> <FIFO>
ST_2 : Operation 22 [1/1] (0.00ns)   --->   "%br_ln20 = br void %for.inc" [/home/fede/PhD/transformer-hls/hls/src/model/ViT_Block.cpp:20]   --->   Operation 22 'br' 'br_ln20' <Predicate = true> <Delay = 0.00>


============================================================
+ Verbose Summary: Binding
============================================================
STG Binding: 
---------------- STG Properties BEGIN ----------------
- Is combinational: 0
- Is one-state seq: 0
- Is datapath-only: 0
- Is pipelined: 0
- Is top level: 0
Port [ Return ] is wired: 1; IO mode=ap_ctrl_hs:ce=0
Port [ out_res_09]:  wired=1; compound=1; hidden=0; nouse=0; global=0; static=0; extern=0; dir=0; type=3; pingpong=0; private_global=0; IO mode=ap_fifo:ce=0
Port [ res_110]:  wired=1; compound=1; hidden=0; nouse=0; global=0; static=0; extern=0; dir=1; type=3; pingpong=0; private_global=0; IO mode=ap_fifo:ce=0
Port [ x212]:  wired=1; compound=1; hidden=0; nouse=0; global=0; static=0; extern=0; dir=1; type=3; pingpong=0; private_global=0; IO mode=ap_fifo:ce=0
---------------- STG Properties END ------------------

---------------- Datapath Model BEGIN ----------------

<LifeTime>
<method=bitvector/>
i_02              (alloca           ) [ 010]
specinterface_ln0 (specinterface    ) [ 000]
specinterface_ln0 (specinterface    ) [ 000]
specinterface_ln0 (specinterface    ) [ 000]
store_ln20        (store            ) [ 000]
br_ln20           (br               ) [ 000]
i                 (load             ) [ 000]
icmp_ln20         (icmp             ) [ 010]
empty             (speclooptripcount) [ 000]
i_16              (add              ) [ 000]
br_ln20           (br               ) [ 000]
store_ln20        (store            ) [ 000]
specpipeline_ln21 (specpipeline     ) [ 000]
specloopname_ln20 (specloopname     ) [ 000]
val               (read             ) [ 000]
write_ln24        (write            ) [ 000]
write_ln25        (write            ) [ 000]
br_ln20           (br               ) [ 000]
ret_ln27          (ret              ) [ 000]
</LifeTime>

<model>

<comp_list>
<comp id="0" class="1000" name="out_res_09">
<pin_list>
<pin id="1" dir="1" index="0" bw="1" slack="0"/>
</pin_list>
<bind>
<StgValue><ssdm name="out_res_09"/></StgValue>
</bind>
</comp>

<comp id="2" class="1000" name="res_110">
<pin_list>
<pin id="3" dir="1" index="0" bw="1" slack="0"/>
</pin_list>
<bind>
<StgValue><ssdm name="res_110"/></StgValue>
</bind>
</comp>

<comp id="4" class="1000" name="x212">
<pin_list>
<pin id="5" dir="1" index="0" bw="1" slack="0"/>
</pin_list>
<bind>
<StgValue><ssdm name="x212"/></StgValue>
</bind>
</comp>

<comp id="6" class="1001" name="const_6">
<pin_list>
<pin id="7" dir="1" index="0" bw="1" slack="0"/>
</pin_list>
<bind>
<StgValue><ssdm name=""/></StgValue>
</bind>
</comp>

<comp id="8" class="1001" name="const_8">
<pin_list>
<pin id="9" dir="1" index="0" bw="1" slack="2147483647"/>
</pin_list>
<bind>
<StgValue><ssdm name="_ssdm_op_SpecInterface"/></StgValue>
</bind>
</comp>

<comp id="10" class="1001" name="const_10">
<pin_list>
<pin id="11" dir="1" index="0" bw="1" slack="2147483647"/>
</pin_list>
<bind>
<StgValue><ssdm name="empty_9"/></StgValue>
</bind>
</comp>

<comp id="12" class="1001" name="const_12">
<pin_list>
<pin id="13" dir="1" index="0" bw="1" slack="2147483647"/>
</pin_list>
<bind>
<StgValue><ssdm name=""/></StgValue>
</bind>
</comp>

<comp id="14" class="1001" name="const_14">
<pin_list>
<pin id="15" dir="1" index="0" bw="1" slack="2147483647"/>
</pin_list>
<bind>
<StgValue><ssdm name="empty_28"/></StgValue>
</bind>
</comp>

<comp id="16" class="1001" name="const_16">
<pin_list>
<pin id="17" dir="1" index="0" bw="1" slack="2147483647"/>
</pin_list>
<bind>
<StgValue><ssdm name=""/></StgValue>
</bind>
</comp>

<comp id="18" class="1001" name="const_18">
<pin_list>
<pin id="19" dir="1" index="0" bw="1" slack="0"/>
</pin_list>
<bind>
<StgValue><ssdm name=""/></StgValue>
</bind>
</comp>

<comp id="20" class="1001" name="const_20">
<pin_list>
<pin id="21" dir="1" index="0" bw="1" slack="0"/>
</pin_list>
<bind>
<StgValue><ssdm name=""/></StgValue>
</bind>
</comp>

<comp id="22" class="1001" name="const_22">
<pin_list>
<pin id="23" dir="1" index="0" bw="1" slack="2147483647"/>
</pin_list>
<bind>
<StgValue><ssdm name="_ssdm_op_SpecLoopTripCount"/></StgValue>
</bind>
</comp>

<comp id="24" class="1001" name="const_24">
<pin_list>
<pin id="25" dir="1" index="0" bw="1" slack="2147483647"/>
</pin_list>
<bind>
<StgValue><ssdm name=""/></StgValue>
</bind>
</comp>

<comp id="26" class="1001" name="const_26">
<pin_list>
<pin id="27" dir="1" index="0" bw="1" slack="0"/>
</pin_list>
<bind>
<StgValue><ssdm name=""/></StgValue>
</bind>
</comp>

<comp id="28" class="1001" name="const_28">
<pin_list>
<pin id="29" dir="1" index="0" bw="1" slack="2147483647"/>
</pin_list>
<bind>
<StgValue><ssdm name="_ssdm_op_SpecPipeline"/></StgValue>
</bind>
</comp>

<comp id="30" class="1001" name="const_30">
<pin_list>
<pin id="31" dir="1" index="0" bw="1" slack="2147483647"/>
</pin_list>
<bind>
<StgValue><ssdm name="_ssdm_op_SpecLoopName"/></StgValue>
</bind>
</comp>

<comp id="32" class="1001" name="const_32">
<pin_list>
<pin id="33" dir="1" index="0" bw="1" slack="2147483647"/>
</pin_list>
<bind>
<StgValue><ssdm name="empty_19"/></StgValue>
</bind>
</comp>

<comp id="34" class="1001" name="const_34">
<pin_list>
<pin id="35" dir="1" index="0" bw="1" slack="0"/>
</pin_list>
<bind>
<StgValue><ssdm name="_ssdm_op_Read.ap_fifo.volatile.i8P0A"/></StgValue>
</bind>
</comp>

<comp id="36" class="1001" name="const_36">
<pin_list>
<pin id="37" dir="1" index="0" bw="1" slack="0"/>
</pin_list>
<bind>
<StgValue><ssdm name="_ssdm_op_Write.ap_fifo.volatile.i8P0A"/></StgValue>
</bind>
</comp>

<comp id="38" class="1004" name="i_02_fu_38">
<pin_list>
<pin id="39" dir="0" index="0" bw="1" slack="0"/>
<pin id="40" dir="1" index="1" bw="9" slack="0"/>
</pin_list>
<bind>
<opcode="alloca(26) " fcode="alloca"/>
<opset="i_02/1 "/>
</bind>
</comp>

<comp id="42" class="1004" name="val_read_fu_42">
<pin_list>
<pin id="43" dir="0" index="0" bw="8" slack="0"/>
<pin id="44" dir="0" index="1" bw="8" slack="0"/>
<pin id="45" dir="1" index="2" bw="8" slack="0"/>
</pin_list>
<bind>
<opcode="read(1150) " fcode="read"/>
<opset="val/2 "/>
</bind>
</comp>

<comp id="48" class="1004" name="write_ln24_write_fu_48">
<pin_list>
<pin id="49" dir="0" index="0" bw="0" slack="0"/>
<pin id="50" dir="0" index="1" bw="8" slack="0"/>
<pin id="51" dir="0" index="2" bw="8" slack="0"/>
<pin id="52" dir="1" index="3" bw="0" slack="2147483647"/>
</pin_list>
<bind>
<opcode="write(1151) " fcode="write"/>
<opset="write_ln24/2 "/>
</bind>
</comp>

<comp id="56" class="1004" name="write_ln25_write_fu_56">
<pin_list>
<pin id="57" dir="0" index="0" bw="0" slack="0"/>
<pin id="58" dir="0" index="1" bw="8" slack="0"/>
<pin id="59" dir="0" index="2" bw="8" slack="0"/>
<pin id="60" dir="1" index="3" bw="0" slack="2147483647"/>
</pin_list>
<bind>
<opcode="write(1151) " fcode="write"/>
<opset="write_ln25/2 "/>
</bind>
</comp>

<comp id="64" class="1004" name="store_ln20_store_fu_64">
<pin_list>
<pin id="65" dir="0" index="0" bw="1" slack="0"/>
<pin id="66" dir="0" index="1" bw="9" slack="0"/>
<pin id="67" dir="1" index="2" bw="0" slack="2147483647"/>
</pin_list>
<bind>
<opcode="store(28) " fcode="store"/>
<opset="store_ln20/1 "/>
</bind>
</comp>

<comp id="69" class="1004" name="i_load_fu_69">
<pin_list>
<pin id="70" dir="0" index="0" bw="9" slack="0"/>
<pin id="71" dir="1" index="1" bw="9" slack="0"/>
</pin_list>
<bind>
<opcode="load(27) " fcode="load"/>
<opset="i/1 "/>
</bind>
</comp>

<comp id="72" class="1004" name="icmp_ln20_fu_72">
<pin_list>
<pin id="73" dir="0" index="0" bw="9" slack="0"/>
<pin id="74" dir="0" index="1" bw="9" slack="0"/>
<pin id="75" dir="1" index="2" bw="1" slack="2147483647"/>
</pin_list>
<bind>
<opcode="icmp(45) " fcode="icmp"/>
<opset="icmp_ln20/1 "/>
</bind>
</comp>

<comp id="78" class="1004" name="i_16_fu_78">
<pin_list>
<pin id="79" dir="0" index="0" bw="9" slack="0"/>
<pin id="80" dir="0" index="1" bw="1" slack="0"/>
<pin id="81" dir="1" index="2" bw="9" slack="0"/>
</pin_list>
<bind>
<opcode="add(8) " fcode="add"/>
<opset="i_16/1 "/>
</bind>
</comp>

<comp id="84" class="1004" name="store_ln20_store_fu_84">
<pin_list>
<pin id="85" dir="0" index="0" bw="9" slack="0"/>
<pin id="86" dir="0" index="1" bw="9" slack="0"/>
<pin id="87" dir="1" index="2" bw="0" slack="2147483647"/>
</pin_list>
<bind>
<opcode="store(28) " fcode="store"/>
<opset="store_ln20/1 "/>
</bind>
</comp>

<comp id="89" class="1005" name="i_02_reg_89">
<pin_list>
<pin id="90" dir="0" index="0" bw="9" slack="0"/>
<pin id="91" dir="1" index="1" bw="9" slack="0"/>
</pin_list>
<bind>
<opset="i_02 "/>
</bind>
</comp>

</comp_list>

<net_list>
<net id="41"><net_src comp="6" pin="0"/><net_sink comp="38" pin=0"/></net>

<net id="46"><net_src comp="34" pin="0"/><net_sink comp="42" pin=0"/></net>

<net id="47"><net_src comp="0" pin="0"/><net_sink comp="42" pin=1"/></net>

<net id="53"><net_src comp="36" pin="0"/><net_sink comp="48" pin=0"/></net>

<net id="54"><net_src comp="2" pin="0"/><net_sink comp="48" pin=1"/></net>

<net id="55"><net_src comp="42" pin="2"/><net_sink comp="48" pin=2"/></net>

<net id="61"><net_src comp="36" pin="0"/><net_sink comp="56" pin=0"/></net>

<net id="62"><net_src comp="4" pin="0"/><net_sink comp="56" pin=1"/></net>

<net id="63"><net_src comp="42" pin="2"/><net_sink comp="56" pin=2"/></net>

<net id="68"><net_src comp="18" pin="0"/><net_sink comp="64" pin=0"/></net>

<net id="76"><net_src comp="69" pin="1"/><net_sink comp="72" pin=0"/></net>

<net id="77"><net_src comp="20" pin="0"/><net_sink comp="72" pin=1"/></net>

<net id="82"><net_src comp="69" pin="1"/><net_sink comp="78" pin=0"/></net>

<net id="83"><net_src comp="26" pin="0"/><net_sink comp="78" pin=1"/></net>

<net id="88"><net_src comp="78" pin="2"/><net_sink comp="84" pin=0"/></net>

<net id="92"><net_src comp="38" pin="1"/><net_sink comp="89" pin=0"/></net>

<net id="93"><net_src comp="89" pin="1"/><net_sink comp="64" pin=1"/></net>

<net id="94"><net_src comp="89" pin="1"/><net_sink comp="69" pin=0"/></net>

<net id="95"><net_src comp="89" pin="1"/><net_sink comp="84" pin=1"/></net>

</net_list>

</model> 
---------------- Datapath Model END ------------------

* FSMD analyzer results:
  - Output states:
	Port: res_110 | {2 }
	Port: x212 | {2 }
 - Input state : 
	Port: duplicate_stream<ap_int<8>, 17, 16, 1>.1 : out_res_09 | {2 }
  - Chain level:
	State 1
		store_ln20 : 1
		i : 1
		icmp_ln20 : 2
		i_16 : 2
		br_ln20 : 3
		store_ln20 : 3
	State 2


============================================================
+ Verbose Summary: Datapath Resource usage 
============================================================

* Functional unit list:
|----------|------------------------|---------|---------|
| Operation|     Functional Unit    |    FF   |   LUT   |
|----------|------------------------|---------|---------|
|    add   |       i_16_fu_78       |    0    |    16   |
|----------|------------------------|---------|---------|
|   icmp   |     icmp_ln20_fu_72    |    0    |    11   |
|----------|------------------------|---------|---------|
|   read   |     val_read_fu_42     |    0    |    0    |
|----------|------------------------|---------|---------|
|   write  | write_ln24_write_fu_48 |    0    |    0    |
|          | write_ln25_write_fu_56 |    0    |    0    |
|----------|------------------------|---------|---------|
|   Total  |                        |    0    |    27   |
|----------|------------------------|---------|---------|

Memories:
N/A

* Register list:
+-----------+--------+
|           |   FF   |
+-----------+--------+
|i_02_reg_89|    9   |
+-----------+--------+
|   Total   |    9   |
+-----------+--------+

* Multiplexer (MUX) list: 
|--------|------|------|------|--------|
|  Comp  |  Pin | Size |  BW  | S x BW |
|--------|------|------|------|--------|
|  Total |      |      |      |    0   |
|--------|------|------|------|--------|



* Summary:
+-----------+--------+--------+
|           |   FF   |   LUT  |
+-----------+--------+--------+
|  Function |    0   |   27   |
|   Memory  |    -   |    -   |
|Multiplexer|    -   |    -   |
|  Register |    9   |    -   |
+-----------+--------+--------+
|   Total   |    9   |   27   |
+-----------+--------+--------+
