

================================================================
== Vitis HLS Report for 'Linear_Layer_Pipeline_VITIS_LOOP_1525_6_4'
================================================================
* Date:           Tue Jun 23 12:33:14 2026

* Version:        2022.2 (Build 3670227 on Oct 13 2022)
* Project:        ViT_Block
* Solution:       ViT_Block (Vivado IP Flow Target)
* Product family: virtexuplus
* Target device:  xcu250-figd2104-2L-e


================================================================
== Performance Estimates
================================================================
+ Timing: 
    * Summary: 
    +--------+----------+----------+------------+
    |  Clock |  Target  | Estimated| Uncertainty|
    +--------+----------+----------+------------+
    |ap_clk  |  10.00 ns|  2.353 ns|     2.70 ns|
    +--------+----------+----------+------------+

+ Latency: 
    * Summary: 
    +---------+---------+----------+----------+-----+-----+---------+
    |  Latency (cycles) |  Latency (absolute) |  Interval | Pipeline|
    |   min   |   max   |    min   |    max   | min | max |   Type  |
    +---------+---------+----------+----------+-----+-----+---------+
    |      267|      267|  2.670 us|  2.670 us|  267|  267|       no|
    +---------+---------+----------+----------+-----+-----+---------+

    + Detail: 
        * Instance: 
        N/A

        * Loop: 
        +---------------------+---------+---------+----------+-----------+-----------+------+----------+
        |                     |  Latency (cycles) | Iteration|  Initiation Interval  | Trip |          |
        |      Loop Name      |   min   |   max   |  Latency |  achieved |   target  | Count| Pipelined|
        +---------------------+---------+---------+----------+-----------+-----------+------+----------+
        |- VITIS_LOOP_1525_6  |      265|      265|        20|         16|          1|    16|       yes|
        +---------------------+---------+---------+----------+-----------+-----------+------+----------+

============================================================
+ Verbose Summary: Synthesis Manager
============================================================
InlineROM: 1
ExposeGlobal: 0
============================================================
+ Verbose Summary: CDFG Model
============================================================
IsTopModel: 0
ResetActiveHigh: 1
IsCombinational: 0
IsDatapathOnly: 0
HasWiredReturn: 1
HasMFsm: 2
HasVarLatency: 1
IsPipeline: 0
IsRtlPipelined: 0
IsInstanceOverlapped: 0
IsDontTouch: 0
HasImplIP: 0
IsGatedGlobalClock: 0

+ Individual pipeline summary: 
  * Pipeline-0: initiation interval (II) = 16, depth = 20


============================================================
+ Verbose Summary: Schedule
============================================================
* Number of FSM states : 20
* Pipeline : 1
  Pipeline-0 : II = 16, D = 20, States = { 1 2 3 4 5 6 7 8 9 10 11 12 13 14 15 16 17 18 19 20 }
* Dataflow Pipeline: 0

* FSM state transitions: 
1 --> 2 
2 --> 3 
3 --> 4 
4 --> 5 
5 --> 6 
6 --> 7 
7 --> 8 
8 --> 9 
9 --> 10 
10 --> 11 
11 --> 12 
12 --> 13 
13 --> 14 
14 --> 15 
15 --> 16 
16 --> 17 
17 --> 18 
18 --> 19 
19 --> 20 
20 --> 

* FSM state operations: 

State 1 <SV = 0> <Delay = 1.19>
ST_1 : Operation 23 [1/1] (0.00ns)   --->   "%k = alloca i32 1"   --->   Operation 23 'alloca' 'k' <Predicate = true> <Delay = 0.00>
ST_1 : Operation 24 [1/1] (0.00ns)   --->   "%specmemcore_ln0 = specmemcore void @_ssdm_op_SpecMemCore, i32 %C_tile_V, i64 666, i64 30, i64 18446744073709551615"   --->   Operation 24 'specmemcore' 'specmemcore_ln0' <Predicate = true> <Delay = 0.00>
ST_1 : Operation 25 [1/1] (0.00ns)   --->   "%specinterface_ln0 = specinterface void @_ssdm_op_SpecInterface, i8 %Q_in5, void @empty_9, i32 0, i32 0, void @empty_28, i32 0, i32 0, void @empty_28, void @empty_28, void @empty_28, i32 0, i32 0, i32 0, i32 0, void @empty_28, void @empty_28, i32 4294967295, i32 0"   --->   Operation 25 'specinterface' 'specinterface_ln0' <Predicate = true> <Delay = 0.00>
ST_1 : Operation 26 [1/1] (0.00ns)   --->   "%specinterface_ln0 = specinterface void @_ssdm_op_SpecInterface, i8 %out_w1, void @empty_9, i32 0, i32 0, void @empty_28, i32 0, i32 0, void @empty_28, void @empty_28, void @empty_28, i32 0, i32 0, i32 0, i32 0, void @empty_28, void @empty_28, i32 4294967295, i32 0"   --->   Operation 26 'specinterface' 'specinterface_ln0' <Predicate = true> <Delay = 0.00>
ST_1 : Operation 27 [1/1] (0.38ns)   --->   "%store_ln0 = store i5 0, i5 %k"   --->   Operation 27 'store' 'store_ln0' <Predicate = true> <Delay = 0.38>
ST_1 : Operation 28 [1/1] (0.00ns)   --->   "%br_ln0 = br void %VITIS_LOOP_1527_7"   --->   Operation 28 'br' 'br_ln0' <Predicate = true> <Delay = 0.00>
ST_1 : Operation 29 [1/1] (0.00ns)   --->   "%k_6 = load i5 %k" [/home/fede/PhD/transformer-hls/hls/include/linear.h:1525]   --->   Operation 29 'load' 'k_6' <Predicate = true> <Delay = 0.00>
ST_1 : Operation 30 [1/1] (0.00ns)   --->   "%C_tile_V_addr_30 = getelementptr i32 %C_tile_V, i64 0, i64 0"   --->   Operation 30 'getelementptr' 'C_tile_V_addr_30' <Predicate = true> <Delay = 0.00>
ST_1 : Operation 31 [1/1] (0.63ns)   --->   "%icmp_ln1525 = icmp_eq  i5 %k_6, i5 16" [/home/fede/PhD/transformer-hls/hls/include/linear.h:1525]   --->   Operation 31 'icmp' 'icmp_ln1525' <Predicate = true> <Delay = 0.63> <CoreInst = "Cmp">   --->   Core 9 'Cmp' <Latency = 0> <II = 1> <Delay = 0.63> <FuncUnit> <Opcode : 'icmp'> <InPorts = 2> <OutPorts = 1>
ST_1 : Operation 32 [1/1] (0.70ns)   --->   "%k_7 = add i5 %k_6, i5 1" [/home/fede/PhD/transformer-hls/hls/include/linear.h:1525]   --->   Operation 32 'add' 'k_7' <Predicate = true> <Delay = 0.70> <CoreInst = "Adder">   --->   Core 1 'Adder' <Latency = 0> <II = 1> <Delay = 0.70> <FuncUnit> <Opcode : 'add' 'sub'> <InPorts = 2> <OutPorts = 1>
ST_1 : Operation 33 [1/1] (0.00ns)   --->   "%br_ln1525 = br i1 %icmp_ln1525, void %VITIS_LOOP_1527_7.split, void %VITIS_LOOP_1589_18.preheader.exitStub" [/home/fede/PhD/transformer-hls/hls/include/linear.h:1525]   --->   Operation 33 'br' 'br_ln1525' <Predicate = true> <Delay = 0.00>
ST_1 : Operation 34 [2/2] (1.19ns)   --->   "%C_tile_V_load = load i4 %C_tile_V_addr_30" [/home/fede/PhD/transformer-hls/hls/include/linear.h:1555]   --->   Operation 34 'load' 'C_tile_V_load' <Predicate = (!icmp_ln1525)> <Delay = 1.19> <CoreInst = "RAM_T2P_BRAM">   --->   Core 99 'RAM_T2P_BRAM' <Latency = 1> <II = 1> <Delay = 1.19> <Storage> <Opcode : 'load' 'store'> <Ports = 2> <Width = 32> <Depth = 16> <RAM>
ST_1 : Operation 35 [1/1] (0.38ns)   --->   "%store_ln1525 = store i5 %k_7, i5 %k" [/home/fede/PhD/transformer-hls/hls/include/linear.h:1525]   --->   Operation 35 'store' 'store_ln1525' <Predicate = (!icmp_ln1525)> <Delay = 0.38>

State 2 <SV = 1> <Delay = 2.35>
ST_2 : Operation 36 [1/1] (0.00ns)   --->   "%C_tile_V_addr_29 = getelementptr i32 %C_tile_V, i64 0, i64 1"   --->   Operation 36 'getelementptr' 'C_tile_V_addr_29' <Predicate = true> <Delay = 0.00>
ST_2 : Operation 37 [1/1] (1.24ns)   --->   "%val_V = read i8 @_ssdm_op_Read.ap_fifo.volatile.i8P0A, i8 %Q_in5" [/home/fede/PhD/transformer-hls/hls/include/linear.h:1530]   --->   Operation 37 'read' 'val_V' <Predicate = (!icmp_ln1525)> <Delay = 1.24> <CoreInst = "FIFO">   --->   Core 78 'FIFO' <Latency = 0> <II = 1> <Delay = 1.24> <Storage> <Opcode : 'read' 'write' 'nbread' 'nbwrite'> <Ports = 0> <Width = 8> <Depth = 3072> <FIFO>
ST_2 : Operation 38 [1/1] (0.00ns)   --->   "%lhs = sext i8 %val_V" [/home/fede/PhD/transformer-hls/hls/include/linear.h:1530]   --->   Operation 38 'sext' 'lhs' <Predicate = (!icmp_ln1525)> <Delay = 0.00>
ST_2 : Operation 39 [1/1] (1.35ns)   --->   "%out_w1_read = read i8 @_ssdm_op_Read.ap_fifo.volatile.i8P0A, i8 %out_w1" [/home/fede/PhD/transformer-hls/hls/include/linear.h:1544]   --->   Operation 39 'read' 'out_w1_read' <Predicate = (!icmp_ln1525)> <Delay = 1.35> <CoreInst = "FIFO_SRL">   --->   Core 81 'FIFO_SRL' <Latency = 0> <II = 1> <Delay = 1.35> <Storage> <Opcode : 'read' 'write' 'nbread' 'nbwrite'> <Ports = 0> <Width = 8> <Depth = 64> <FIFO>
ST_2 : Operation 40 [1/2] (1.19ns)   --->   "%C_tile_V_load = load i4 %C_tile_V_addr_30" [/home/fede/PhD/transformer-hls/hls/include/linear.h:1555]   --->   Operation 40 'load' 'C_tile_V_load' <Predicate = (!icmp_ln1525)> <Delay = 1.19> <CoreInst = "RAM_T2P_BRAM">   --->   Core 99 'RAM_T2P_BRAM' <Latency = 1> <II = 1> <Delay = 1.19> <Storage> <Opcode : 'load' 'store'> <Ports = 2> <Width = 32> <Depth = 16> <RAM>
ST_2 : Operation 41 [1/1] (0.00ns)   --->   "%sext_ln186 = sext i8 %out_w1_read"   --->   Operation 41 'sext' 'sext_ln186' <Predicate = (!icmp_ln1525)> <Delay = 0.00>
ST_2 : Operation 42 [3/3] (0.99ns) (grouped into DSP with root node add_ln840)   --->   "%mul_ln1494 = mul i16 %sext_ln186, i16 %lhs"   --->   Operation 42 'mul' 'mul_ln1494' <Predicate = (!icmp_ln1525)> <Delay = 0.99> <CoreInst = "DSP48">   --->   Core 127 'DSP48' <Latency = 3> <II = 1> <Delay = 0.53> <IPBlock> <Opcode : 'mul' 'add' 'sub' 'select'> <InPorts = 0> <OutPorts = 1> <Sync> <CReg>
ST_2 : Operation 43 [2/2] (1.19ns)   --->   "%C_tile_V_load_1 = load i4 %C_tile_V_addr_29" [/home/fede/PhD/transformer-hls/hls/include/linear.h:1555]   --->   Operation 43 'load' 'C_tile_V_load_1' <Predicate = (!icmp_ln1525)> <Delay = 1.19> <CoreInst = "RAM_T2P_BRAM">   --->   Core 99 'RAM_T2P_BRAM' <Latency = 1> <II = 1> <Delay = 1.19> <Storage> <Opcode : 'load' 'store'> <Ports = 2> <Width = 32> <Depth = 16> <RAM>

State 3 <SV = 2> <Delay = 2.35>
ST_3 : Operation 44 [1/1] (0.00ns)   --->   "%C_tile_V_addr_28 = getelementptr i32 %C_tile_V, i64 0, i64 2"   --->   Operation 44 'getelementptr' 'C_tile_V_addr_28' <Predicate = true> <Delay = 0.00>
ST_3 : Operation 45 [2/3] (0.99ns) (grouped into DSP with root node add_ln840)   --->   "%mul_ln1494 = mul i16 %sext_ln186, i16 %lhs"   --->   Operation 45 'mul' 'mul_ln1494' <Predicate = (!icmp_ln1525)> <Delay = 0.99> <CoreInst = "DSP48">   --->   Core 127 'DSP48' <Latency = 3> <II = 1> <Delay = 0.53> <IPBlock> <Opcode : 'mul' 'add' 'sub' 'select'> <InPorts = 0> <OutPorts = 1> <Sync> <CReg>
ST_3 : Operation 46 [1/1] (1.35ns)   --->   "%out_w1_read_16 = read i8 @_ssdm_op_Read.ap_fifo.volatile.i8P0A, i8 %out_w1" [/home/fede/PhD/transformer-hls/hls/include/linear.h:1544]   --->   Operation 46 'read' 'out_w1_read_16' <Predicate = (!icmp_ln1525)> <Delay = 1.35> <CoreInst = "FIFO_SRL">   --->   Core 81 'FIFO_SRL' <Latency = 0> <II = 1> <Delay = 1.35> <Storage> <Opcode : 'read' 'write' 'nbread' 'nbwrite'> <Ports = 0> <Width = 8> <Depth = 64> <FIFO>
ST_3 : Operation 47 [1/2] (1.19ns)   --->   "%C_tile_V_load_1 = load i4 %C_tile_V_addr_29" [/home/fede/PhD/transformer-hls/hls/include/linear.h:1555]   --->   Operation 47 'load' 'C_tile_V_load_1' <Predicate = (!icmp_ln1525)> <Delay = 1.19> <CoreInst = "RAM_T2P_BRAM">   --->   Core 99 'RAM_T2P_BRAM' <Latency = 1> <II = 1> <Delay = 1.19> <Storage> <Opcode : 'load' 'store'> <Ports = 2> <Width = 32> <Depth = 16> <RAM>
ST_3 : Operation 48 [1/1] (0.00ns)   --->   "%sext_ln186_65 = sext i8 %out_w1_read_16"   --->   Operation 48 'sext' 'sext_ln186_65' <Predicate = (!icmp_ln1525)> <Delay = 0.00>
ST_3 : Operation 49 [3/3] (0.99ns) (grouped into DSP with root node add_ln840_1)   --->   "%mul_ln1494_46 = mul i16 %sext_ln186_65, i16 %lhs"   --->   Operation 49 'mul' 'mul_ln1494_46' <Predicate = (!icmp_ln1525)> <Delay = 0.99> <CoreInst = "DSP48">   --->   Core 127 'DSP48' <Latency = 3> <II = 1> <Delay = 0.53> <IPBlock> <Opcode : 'mul' 'add' 'sub' 'select'> <InPorts = 0> <OutPorts = 1> <Sync> <CReg>
ST_3 : Operation 50 [2/2] (1.19ns)   --->   "%C_tile_V_load_2 = load i4 %C_tile_V_addr_28" [/home/fede/PhD/transformer-hls/hls/include/linear.h:1555]   --->   Operation 50 'load' 'C_tile_V_load_2' <Predicate = (!icmp_ln1525)> <Delay = 1.19> <CoreInst = "RAM_T2P_BRAM">   --->   Core 99 'RAM_T2P_BRAM' <Latency = 1> <II = 1> <Delay = 1.19> <Storage> <Opcode : 'load' 'store'> <Ports = 2> <Width = 32> <Depth = 16> <RAM>

State 4 <SV = 3> <Delay = 2.35>
ST_4 : Operation 51 [1/1] (0.00ns)   --->   "%C_tile_V_addr_27 = getelementptr i32 %C_tile_V, i64 0, i64 3"   --->   Operation 51 'getelementptr' 'C_tile_V_addr_27' <Predicate = true> <Delay = 0.00>
ST_4 : Operation 52 [1/3] (0.00ns) (grouped into DSP with root node add_ln840)   --->   "%mul_ln1494 = mul i16 %sext_ln186, i16 %lhs"   --->   Operation 52 'mul' 'mul_ln1494' <Predicate = (!icmp_ln1525)> <Delay = 0.00> <CoreInst = "DSP48">   --->   Core 127 'DSP48' <Latency = 3> <II = 1> <Delay = 0.53> <IPBlock> <Opcode : 'mul' 'add' 'sub' 'select'> <InPorts = 0> <OutPorts = 1> <Sync> <CReg>
ST_4 : Operation 53 [1/1] (0.00ns) (grouped into DSP with root node add_ln840)   --->   "%sext_ln840 = sext i16 %mul_ln1494"   --->   Operation 53 'sext' 'sext_ln840' <Predicate = (!icmp_ln1525)> <Delay = 0.00>
ST_4 : Operation 54 [2/2] (0.64ns) (root node of the DSP)   --->   "%add_ln840 = add i32 %C_tile_V_load, i32 %sext_ln840"   --->   Operation 54 'add' 'add_ln840' <Predicate = (!icmp_ln1525)> <Delay = 0.64> <CoreInst = "DSP48">   --->   Core 127 'DSP48' <Latency = 3> <II = 1> <Delay = 0.53> <IPBlock> <Opcode : 'mul' 'add' 'sub' 'select'> <InPorts = 0> <OutPorts = 1> <Sync> <CReg>
ST_4 : Operation 55 [2/3] (0.99ns) (grouped into DSP with root node add_ln840_1)   --->   "%mul_ln1494_46 = mul i16 %sext_ln186_65, i16 %lhs"   --->   Operation 55 'mul' 'mul_ln1494_46' <Predicate = (!icmp_ln1525)> <Delay = 0.99> <CoreInst = "DSP48">   --->   Core 127 'DSP48' <Latency = 3> <II = 1> <Delay = 0.53> <IPBlock> <Opcode : 'mul' 'add' 'sub' 'select'> <InPorts = 0> <OutPorts = 1> <Sync> <CReg>
ST_4 : Operation 56 [1/1] (1.35ns)   --->   "%out_w1_read_17 = read i8 @_ssdm_op_Read.ap_fifo.volatile.i8P0A, i8 %out_w1" [/home/fede/PhD/transformer-hls/hls/include/linear.h:1544]   --->   Operation 56 'read' 'out_w1_read_17' <Predicate = (!icmp_ln1525)> <Delay = 1.35> <CoreInst = "FIFO_SRL">   --->   Core 81 'FIFO_SRL' <Latency = 0> <II = 1> <Delay = 1.35> <Storage> <Opcode : 'read' 'write' 'nbread' 'nbwrite'> <Ports = 0> <Width = 8> <Depth = 64> <FIFO>
ST_4 : Operation 57 [1/2] (1.19ns)   --->   "%C_tile_V_load_2 = load i4 %C_tile_V_addr_28" [/home/fede/PhD/transformer-hls/hls/include/linear.h:1555]   --->   Operation 57 'load' 'C_tile_V_load_2' <Predicate = (!icmp_ln1525)> <Delay = 1.19> <CoreInst = "RAM_T2P_BRAM">   --->   Core 99 'RAM_T2P_BRAM' <Latency = 1> <II = 1> <Delay = 1.19> <Storage> <Opcode : 'load' 'store'> <Ports = 2> <Width = 32> <Depth = 16> <RAM>
ST_4 : Operation 58 [1/1] (0.00ns)   --->   "%sext_ln186_66 = sext i8 %out_w1_read_17"   --->   Operation 58 'sext' 'sext_ln186_66' <Predicate = (!icmp_ln1525)> <Delay = 0.00>
ST_4 : Operation 59 [3/3] (0.99ns) (grouped into DSP with root node add_ln840_2)   --->   "%mul_ln1494_47 = mul i16 %sext_ln186_66, i16 %lhs"   --->   Operation 59 'mul' 'mul_ln1494_47' <Predicate = (!icmp_ln1525)> <Delay = 0.99> <CoreInst = "DSP48">   --->   Core 127 'DSP48' <Latency = 3> <II = 1> <Delay = 0.53> <IPBlock> <Opcode : 'mul' 'add' 'sub' 'select'> <InPorts = 0> <OutPorts = 1> <Sync> <CReg>
ST_4 : Operation 60 [2/2] (1.19ns)   --->   "%C_tile_V_load_3 = load i4 %C_tile_V_addr_27" [/home/fede/PhD/transformer-hls/hls/include/linear.h:1555]   --->   Operation 60 'load' 'C_tile_V_load_3' <Predicate = (!icmp_ln1525)> <Delay = 1.19> <CoreInst = "RAM_T2P_BRAM">   --->   Core 99 'RAM_T2P_BRAM' <Latency = 1> <II = 1> <Delay = 1.19> <Storage> <Opcode : 'load' 'store'> <Ports = 2> <Width = 32> <Depth = 16> <RAM>

State 5 <SV = 4> <Delay = 2.35>
ST_5 : Operation 61 [1/1] (0.00ns)   --->   "%C_tile_V_addr_25 = getelementptr i32 %C_tile_V, i64 0, i64 5"   --->   Operation 61 'getelementptr' 'C_tile_V_addr_25' <Predicate = true> <Delay = 0.00>
ST_5 : Operation 62 [1/1] (0.00ns)   --->   "%C_tile_V_addr_26 = getelementptr i32 %C_tile_V, i64 0, i64 4"   --->   Operation 62 'getelementptr' 'C_tile_V_addr_26' <Predicate = true> <Delay = 0.00>
ST_5 : Operation 63 [1/2] (0.64ns) (root node of the DSP)   --->   "%add_ln840 = add i32 %C_tile_V_load, i32 %sext_ln840"   --->   Operation 63 'add' 'add_ln840' <Predicate = (!icmp_ln1525)> <Delay = 0.64> <CoreInst = "DSP48">   --->   Core 127 'DSP48' <Latency = 3> <II = 1> <Delay = 0.53> <IPBlock> <Opcode : 'mul' 'add' 'sub' 'select'> <InPorts = 0> <OutPorts = 1> <Sync> <CReg>
ST_5 : Operation 64 [1/3] (0.00ns) (grouped into DSP with root node add_ln840_1)   --->   "%mul_ln1494_46 = mul i16 %sext_ln186_65, i16 %lhs"   --->   Operation 64 'mul' 'mul_ln1494_46' <Predicate = (!icmp_ln1525)> <Delay = 0.00> <CoreInst = "DSP48">   --->   Core 127 'DSP48' <Latency = 3> <II = 1> <Delay = 0.53> <IPBlock> <Opcode : 'mul' 'add' 'sub' 'select'> <InPorts = 0> <OutPorts = 1> <Sync> <CReg>
ST_5 : Operation 65 [1/1] (0.00ns) (grouped into DSP with root node add_ln840_1)   --->   "%sext_ln840_1 = sext i16 %mul_ln1494_46"   --->   Operation 65 'sext' 'sext_ln840_1' <Predicate = (!icmp_ln1525)> <Delay = 0.00>
ST_5 : Operation 66 [2/2] (0.64ns) (root node of the DSP)   --->   "%add_ln840_1 = add i32 %C_tile_V_load_1, i32 %sext_ln840_1"   --->   Operation 66 'add' 'add_ln840_1' <Predicate = (!icmp_ln1525)> <Delay = 0.64> <CoreInst = "DSP48">   --->   Core 127 'DSP48' <Latency = 3> <II = 1> <Delay = 0.53> <IPBlock> <Opcode : 'mul' 'add' 'sub' 'select'> <InPorts = 0> <OutPorts = 1> <Sync> <CReg>
ST_5 : Operation 67 [2/3] (0.99ns) (grouped into DSP with root node add_ln840_2)   --->   "%mul_ln1494_47 = mul i16 %sext_ln186_66, i16 %lhs"   --->   Operation 67 'mul' 'mul_ln1494_47' <Predicate = (!icmp_ln1525)> <Delay = 0.99> <CoreInst = "DSP48">   --->   Core 127 'DSP48' <Latency = 3> <II = 1> <Delay = 0.53> <IPBlock> <Opcode : 'mul' 'add' 'sub' 'select'> <InPorts = 0> <OutPorts = 1> <Sync> <CReg>
ST_5 : Operation 68 [1/1] (1.35ns)   --->   "%out_w1_read_18 = read i8 @_ssdm_op_Read.ap_fifo.volatile.i8P0A, i8 %out_w1" [/home/fede/PhD/transformer-hls/hls/include/linear.h:1544]   --->   Operation 68 'read' 'out_w1_read_18' <Predicate = (!icmp_ln1525)> <Delay = 1.35> <CoreInst = "FIFO_SRL">   --->   Core 81 'FIFO_SRL' <Latency = 0> <II = 1> <Delay = 1.35> <Storage> <Opcode : 'read' 'write' 'nbread' 'nbwrite'> <Ports = 0> <Width = 8> <Depth = 64> <FIFO>
ST_5 : Operation 69 [1/2] (1.19ns)   --->   "%C_tile_V_load_3 = load i4 %C_tile_V_addr_27" [/home/fede/PhD/transformer-hls/hls/include/linear.h:1555]   --->   Operation 69 'load' 'C_tile_V_load_3' <Predicate = (!icmp_ln1525)> <Delay = 1.19> <CoreInst = "RAM_T2P_BRAM">   --->   Core 99 'RAM_T2P_BRAM' <Latency = 1> <II = 1> <Delay = 1.19> <Storage> <Opcode : 'load' 'store'> <Ports = 2> <Width = 32> <Depth = 16> <RAM>
ST_5 : Operation 70 [1/1] (0.00ns)   --->   "%sext_ln186_67 = sext i8 %out_w1_read_18"   --->   Operation 70 'sext' 'sext_ln186_67' <Predicate = (!icmp_ln1525)> <Delay = 0.00>
ST_5 : Operation 71 [3/3] (0.99ns) (grouped into DSP with root node add_ln840_3)   --->   "%mul_ln1494_48 = mul i16 %sext_ln186_67, i16 %lhs"   --->   Operation 71 'mul' 'mul_ln1494_48' <Predicate = (!icmp_ln1525)> <Delay = 0.99> <CoreInst = "DSP48">   --->   Core 127 'DSP48' <Latency = 3> <II = 1> <Delay = 0.53> <IPBlock> <Opcode : 'mul' 'add' 'sub' 'select'> <InPorts = 0> <OutPorts = 1> <Sync> <CReg>
ST_5 : Operation 72 [2/2] (1.19ns)   --->   "%C_tile_V_load_4 = load i4 %C_tile_V_addr_26" [/home/fede/PhD/transformer-hls/hls/include/linear.h:1555]   --->   Operation 72 'load' 'C_tile_V_load_4' <Predicate = (!icmp_ln1525)> <Delay = 1.19> <CoreInst = "RAM_T2P_BRAM">   --->   Core 99 'RAM_T2P_BRAM' <Latency = 1> <II = 1> <Delay = 1.19> <Storage> <Opcode : 'load' 'store'> <Ports = 2> <Width = 32> <Depth = 16> <RAM>
ST_5 : Operation 73 [2/2] (1.19ns)   --->   "%C_tile_V_load_5 = load i4 %C_tile_V_addr_25" [/home/fede/PhD/transformer-hls/hls/include/linear.h:1555]   --->   Operation 73 'load' 'C_tile_V_load_5' <Predicate = (!icmp_ln1525)> <Delay = 1.19> <CoreInst = "RAM_T2P_BRAM">   --->   Core 99 'RAM_T2P_BRAM' <Latency = 1> <II = 1> <Delay = 1.19> <Storage> <Opcode : 'load' 'store'> <Ports = 2> <Width = 32> <Depth = 16> <RAM>

State 6 <SV = 5> <Delay = 2.35>
ST_6 : Operation 74 [1/1] (0.00ns)   --->   "%C_tile_V_addr_23 = getelementptr i32 %C_tile_V, i64 0, i64 7"   --->   Operation 74 'getelementptr' 'C_tile_V_addr_23' <Predicate = true> <Delay = 0.00>
ST_6 : Operation 75 [1/1] (0.00ns)   --->   "%C_tile_V_addr_24 = getelementptr i32 %C_tile_V, i64 0, i64 6"   --->   Operation 75 'getelementptr' 'C_tile_V_addr_24' <Predicate = true> <Delay = 0.00>
ST_6 : Operation 76 [1/2] (0.64ns) (root node of the DSP)   --->   "%add_ln840_1 = add i32 %C_tile_V_load_1, i32 %sext_ln840_1"   --->   Operation 76 'add' 'add_ln840_1' <Predicate = (!icmp_ln1525)> <Delay = 0.64> <CoreInst = "DSP48">   --->   Core 127 'DSP48' <Latency = 3> <II = 1> <Delay = 0.53> <IPBlock> <Opcode : 'mul' 'add' 'sub' 'select'> <InPorts = 0> <OutPorts = 1> <Sync> <CReg>
ST_6 : Operation 77 [1/3] (0.00ns) (grouped into DSP with root node add_ln840_2)   --->   "%mul_ln1494_47 = mul i16 %sext_ln186_66, i16 %lhs"   --->   Operation 77 'mul' 'mul_ln1494_47' <Predicate = (!icmp_ln1525)> <Delay = 0.00> <CoreInst = "DSP48">   --->   Core 127 'DSP48' <Latency = 3> <II = 1> <Delay = 0.53> <IPBlock> <Opcode : 'mul' 'add' 'sub' 'select'> <InPorts = 0> <OutPorts = 1> <Sync> <CReg>
ST_6 : Operation 78 [1/1] (0.00ns) (grouped into DSP with root node add_ln840_2)   --->   "%sext_ln840_2 = sext i16 %mul_ln1494_47"   --->   Operation 78 'sext' 'sext_ln840_2' <Predicate = (!icmp_ln1525)> <Delay = 0.00>
ST_6 : Operation 79 [2/2] (0.64ns) (root node of the DSP)   --->   "%add_ln840_2 = add i32 %C_tile_V_load_2, i32 %sext_ln840_2"   --->   Operation 79 'add' 'add_ln840_2' <Predicate = (!icmp_ln1525)> <Delay = 0.64> <CoreInst = "DSP48">   --->   Core 127 'DSP48' <Latency = 3> <II = 1> <Delay = 0.53> <IPBlock> <Opcode : 'mul' 'add' 'sub' 'select'> <InPorts = 0> <OutPorts = 1> <Sync> <CReg>
ST_6 : Operation 80 [2/3] (0.99ns) (grouped into DSP with root node add_ln840_3)   --->   "%mul_ln1494_48 = mul i16 %sext_ln186_67, i16 %lhs"   --->   Operation 80 'mul' 'mul_ln1494_48' <Predicate = (!icmp_ln1525)> <Delay = 0.99> <CoreInst = "DSP48">   --->   Core 127 'DSP48' <Latency = 3> <II = 1> <Delay = 0.53> <IPBlock> <Opcode : 'mul' 'add' 'sub' 'select'> <InPorts = 0> <OutPorts = 1> <Sync> <CReg>
ST_6 : Operation 81 [1/1] (1.35ns)   --->   "%out_w1_read_19 = read i8 @_ssdm_op_Read.ap_fifo.volatile.i8P0A, i8 %out_w1" [/home/fede/PhD/transformer-hls/hls/include/linear.h:1544]   --->   Operation 81 'read' 'out_w1_read_19' <Predicate = (!icmp_ln1525)> <Delay = 1.35> <CoreInst = "FIFO_SRL">   --->   Core 81 'FIFO_SRL' <Latency = 0> <II = 1> <Delay = 1.35> <Storage> <Opcode : 'read' 'write' 'nbread' 'nbwrite'> <Ports = 0> <Width = 8> <Depth = 64> <FIFO>
ST_6 : Operation 82 [1/2] (1.19ns)   --->   "%C_tile_V_load_4 = load i4 %C_tile_V_addr_26" [/home/fede/PhD/transformer-hls/hls/include/linear.h:1555]   --->   Operation 82 'load' 'C_tile_V_load_4' <Predicate = (!icmp_ln1525)> <Delay = 1.19> <CoreInst = "RAM_T2P_BRAM">   --->   Core 99 'RAM_T2P_BRAM' <Latency = 1> <II = 1> <Delay = 1.19> <Storage> <Opcode : 'load' 'store'> <Ports = 2> <Width = 32> <Depth = 16> <RAM>
ST_6 : Operation 83 [1/1] (0.00ns)   --->   "%sext_ln186_68 = sext i8 %out_w1_read_19"   --->   Operation 83 'sext' 'sext_ln186_68' <Predicate = (!icmp_ln1525)> <Delay = 0.00>
ST_6 : Operation 84 [3/3] (0.99ns) (grouped into DSP with root node add_ln840_4)   --->   "%mul_ln1494_49 = mul i16 %sext_ln186_68, i16 %lhs"   --->   Operation 84 'mul' 'mul_ln1494_49' <Predicate = (!icmp_ln1525)> <Delay = 0.99> <CoreInst = "DSP48">   --->   Core 127 'DSP48' <Latency = 3> <II = 1> <Delay = 0.53> <IPBlock> <Opcode : 'mul' 'add' 'sub' 'select'> <InPorts = 0> <OutPorts = 1> <Sync> <CReg>
ST_6 : Operation 85 [1/2] (1.19ns)   --->   "%C_tile_V_load_5 = load i4 %C_tile_V_addr_25" [/home/fede/PhD/transformer-hls/hls/include/linear.h:1555]   --->   Operation 85 'load' 'C_tile_V_load_5' <Predicate = (!icmp_ln1525)> <Delay = 1.19> <CoreInst = "RAM_T2P_BRAM">   --->   Core 99 'RAM_T2P_BRAM' <Latency = 1> <II = 1> <Delay = 1.19> <Storage> <Opcode : 'load' 'store'> <Ports = 2> <Width = 32> <Depth = 16> <RAM>
ST_6 : Operation 86 [2/2] (1.19ns)   --->   "%C_tile_V_load_6 = load i4 %C_tile_V_addr_24" [/home/fede/PhD/transformer-hls/hls/include/linear.h:1555]   --->   Operation 86 'load' 'C_tile_V_load_6' <Predicate = (!icmp_ln1525)> <Delay = 1.19> <CoreInst = "RAM_T2P_BRAM">   --->   Core 99 'RAM_T2P_BRAM' <Latency = 1> <II = 1> <Delay = 1.19> <Storage> <Opcode : 'load' 'store'> <Ports = 2> <Width = 32> <Depth = 16> <RAM>
ST_6 : Operation 87 [2/2] (1.19ns)   --->   "%C_tile_V_load_7 = load i4 %C_tile_V_addr_23" [/home/fede/PhD/transformer-hls/hls/include/linear.h:1555]   --->   Operation 87 'load' 'C_tile_V_load_7' <Predicate = (!icmp_ln1525)> <Delay = 1.19> <CoreInst = "RAM_T2P_BRAM">   --->   Core 99 'RAM_T2P_BRAM' <Latency = 1> <II = 1> <Delay = 1.19> <Storage> <Opcode : 'load' 'store'> <Ports = 2> <Width = 32> <Depth = 16> <RAM>

State 7 <SV = 6> <Delay = 2.35>
ST_7 : Operation 88 [1/1] (0.00ns)   --->   "%C_tile_V_addr_21 = getelementptr i32 %C_tile_V, i64 0, i64 9"   --->   Operation 88 'getelementptr' 'C_tile_V_addr_21' <Predicate = true> <Delay = 0.00>
ST_7 : Operation 89 [1/1] (0.00ns)   --->   "%C_tile_V_addr_22 = getelementptr i32 %C_tile_V, i64 0, i64 8"   --->   Operation 89 'getelementptr' 'C_tile_V_addr_22' <Predicate = true> <Delay = 0.00>
ST_7 : Operation 90 [1/2] (0.64ns) (root node of the DSP)   --->   "%add_ln840_2 = add i32 %C_tile_V_load_2, i32 %sext_ln840_2"   --->   Operation 90 'add' 'add_ln840_2' <Predicate = (!icmp_ln1525)> <Delay = 0.64> <CoreInst = "DSP48">   --->   Core 127 'DSP48' <Latency = 3> <II = 1> <Delay = 0.53> <IPBlock> <Opcode : 'mul' 'add' 'sub' 'select'> <InPorts = 0> <OutPorts = 1> <Sync> <CReg>
ST_7 : Operation 91 [1/3] (0.00ns) (grouped into DSP with root node add_ln840_3)   --->   "%mul_ln1494_48 = mul i16 %sext_ln186_67, i16 %lhs"   --->   Operation 91 'mul' 'mul_ln1494_48' <Predicate = (!icmp_ln1525)> <Delay = 0.00> <CoreInst = "DSP48">   --->   Core 127 'DSP48' <Latency = 3> <II = 1> <Delay = 0.53> <IPBlock> <Opcode : 'mul' 'add' 'sub' 'select'> <InPorts = 0> <OutPorts = 1> <Sync> <CReg>
ST_7 : Operation 92 [1/1] (0.00ns) (grouped into DSP with root node add_ln840_3)   --->   "%sext_ln840_3 = sext i16 %mul_ln1494_48"   --->   Operation 92 'sext' 'sext_ln840_3' <Predicate = (!icmp_ln1525)> <Delay = 0.00>
ST_7 : Operation 93 [2/2] (0.64ns) (root node of the DSP)   --->   "%add_ln840_3 = add i32 %C_tile_V_load_3, i32 %sext_ln840_3"   --->   Operation 93 'add' 'add_ln840_3' <Predicate = (!icmp_ln1525)> <Delay = 0.64> <CoreInst = "DSP48">   --->   Core 127 'DSP48' <Latency = 3> <II = 1> <Delay = 0.53> <IPBlock> <Opcode : 'mul' 'add' 'sub' 'select'> <InPorts = 0> <OutPorts = 1> <Sync> <CReg>
ST_7 : Operation 94 [2/3] (0.99ns) (grouped into DSP with root node add_ln840_4)   --->   "%mul_ln1494_49 = mul i16 %sext_ln186_68, i16 %lhs"   --->   Operation 94 'mul' 'mul_ln1494_49' <Predicate = (!icmp_ln1525)> <Delay = 0.99> <CoreInst = "DSP48">   --->   Core 127 'DSP48' <Latency = 3> <II = 1> <Delay = 0.53> <IPBlock> <Opcode : 'mul' 'add' 'sub' 'select'> <InPorts = 0> <OutPorts = 1> <Sync> <CReg>
ST_7 : Operation 95 [1/1] (1.35ns)   --->   "%out_w1_read_20 = read i8 @_ssdm_op_Read.ap_fifo.volatile.i8P0A, i8 %out_w1" [/home/fede/PhD/transformer-hls/hls/include/linear.h:1544]   --->   Operation 95 'read' 'out_w1_read_20' <Predicate = (!icmp_ln1525)> <Delay = 1.35> <CoreInst = "FIFO_SRL">   --->   Core 81 'FIFO_SRL' <Latency = 0> <II = 1> <Delay = 1.35> <Storage> <Opcode : 'read' 'write' 'nbread' 'nbwrite'> <Ports = 0> <Width = 8> <Depth = 64> <FIFO>
ST_7 : Operation 96 [1/1] (0.00ns)   --->   "%sext_ln186_69 = sext i8 %out_w1_read_20"   --->   Operation 96 'sext' 'sext_ln186_69' <Predicate = (!icmp_ln1525)> <Delay = 0.00>
ST_7 : Operation 97 [3/3] (0.99ns) (grouped into DSP with root node add_ln840_5)   --->   "%mul_ln1494_50 = mul i16 %sext_ln186_69, i16 %lhs"   --->   Operation 97 'mul' 'mul_ln1494_50' <Predicate = (!icmp_ln1525)> <Delay = 0.99> <CoreInst = "DSP48">   --->   Core 127 'DSP48' <Latency = 3> <II = 1> <Delay = 0.53> <IPBlock> <Opcode : 'mul' 'add' 'sub' 'select'> <InPorts = 0> <OutPorts = 1> <Sync> <CReg>
ST_7 : Operation 98 [1/2] (1.19ns)   --->   "%C_tile_V_load_6 = load i4 %C_tile_V_addr_24" [/home/fede/PhD/transformer-hls/hls/include/linear.h:1555]   --->   Operation 98 'load' 'C_tile_V_load_6' <Predicate = (!icmp_ln1525)> <Delay = 1.19> <CoreInst = "RAM_T2P_BRAM">   --->   Core 99 'RAM_T2P_BRAM' <Latency = 1> <II = 1> <Delay = 1.19> <Storage> <Opcode : 'load' 'store'> <Ports = 2> <Width = 32> <Depth = 16> <RAM>
ST_7 : Operation 99 [1/2] (1.19ns)   --->   "%C_tile_V_load_7 = load i4 %C_tile_V_addr_23" [/home/fede/PhD/transformer-hls/hls/include/linear.h:1555]   --->   Operation 99 'load' 'C_tile_V_load_7' <Predicate = (!icmp_ln1525)> <Delay = 1.19> <CoreInst = "RAM_T2P_BRAM">   --->   Core 99 'RAM_T2P_BRAM' <Latency = 1> <II = 1> <Delay = 1.19> <Storage> <Opcode : 'load' 'store'> <Ports = 2> <Width = 32> <Depth = 16> <RAM>
ST_7 : Operation 100 [2/2] (1.19ns)   --->   "%C_tile_V_load_8 = load i4 %C_tile_V_addr_22" [/home/fede/PhD/transformer-hls/hls/include/linear.h:1555]   --->   Operation 100 'load' 'C_tile_V_load_8' <Predicate = (!icmp_ln1525)> <Delay = 1.19> <CoreInst = "RAM_T2P_BRAM">   --->   Core 99 'RAM_T2P_BRAM' <Latency = 1> <II = 1> <Delay = 1.19> <Storage> <Opcode : 'load' 'store'> <Ports = 2> <Width = 32> <Depth = 16> <RAM>
ST_7 : Operation 101 [2/2] (1.19ns)   --->   "%C_tile_V_load_9 = load i4 %C_tile_V_addr_21" [/home/fede/PhD/transformer-hls/hls/include/linear.h:1555]   --->   Operation 101 'load' 'C_tile_V_load_9' <Predicate = (!icmp_ln1525)> <Delay = 1.19> <CoreInst = "RAM_T2P_BRAM">   --->   Core 99 'RAM_T2P_BRAM' <Latency = 1> <II = 1> <Delay = 1.19> <Storage> <Opcode : 'load' 'store'> <Ports = 2> <Width = 32> <Depth = 16> <RAM>

State 8 <SV = 7> <Delay = 2.35>
ST_8 : Operation 102 [1/1] (0.00ns)   --->   "%C_tile_V_addr_19 = getelementptr i32 %C_tile_V, i64 0, i64 11"   --->   Operation 102 'getelementptr' 'C_tile_V_addr_19' <Predicate = true> <Delay = 0.00>
ST_8 : Operation 103 [1/1] (0.00ns)   --->   "%C_tile_V_addr_20 = getelementptr i32 %C_tile_V, i64 0, i64 10"   --->   Operation 103 'getelementptr' 'C_tile_V_addr_20' <Predicate = true> <Delay = 0.00>
ST_8 : Operation 104 [1/2] (0.64ns) (root node of the DSP)   --->   "%add_ln840_3 = add i32 %C_tile_V_load_3, i32 %sext_ln840_3"   --->   Operation 104 'add' 'add_ln840_3' <Predicate = (!icmp_ln1525)> <Delay = 0.64> <CoreInst = "DSP48">   --->   Core 127 'DSP48' <Latency = 3> <II = 1> <Delay = 0.53> <IPBlock> <Opcode : 'mul' 'add' 'sub' 'select'> <InPorts = 0> <OutPorts = 1> <Sync> <CReg>
ST_8 : Operation 105 [1/3] (0.00ns) (grouped into DSP with root node add_ln840_4)   --->   "%mul_ln1494_49 = mul i16 %sext_ln186_68, i16 %lhs"   --->   Operation 105 'mul' 'mul_ln1494_49' <Predicate = (!icmp_ln1525)> <Delay = 0.00> <CoreInst = "DSP48">   --->   Core 127 'DSP48' <Latency = 3> <II = 1> <Delay = 0.53> <IPBlock> <Opcode : 'mul' 'add' 'sub' 'select'> <InPorts = 0> <OutPorts = 1> <Sync> <CReg>
ST_8 : Operation 106 [1/1] (0.00ns) (grouped into DSP with root node add_ln840_4)   --->   "%sext_ln840_4 = sext i16 %mul_ln1494_49"   --->   Operation 106 'sext' 'sext_ln840_4' <Predicate = (!icmp_ln1525)> <Delay = 0.00>
ST_8 : Operation 107 [2/2] (0.64ns) (root node of the DSP)   --->   "%add_ln840_4 = add i32 %C_tile_V_load_4, i32 %sext_ln840_4"   --->   Operation 107 'add' 'add_ln840_4' <Predicate = (!icmp_ln1525)> <Delay = 0.64> <CoreInst = "DSP48">   --->   Core 127 'DSP48' <Latency = 3> <II = 1> <Delay = 0.53> <IPBlock> <Opcode : 'mul' 'add' 'sub' 'select'> <InPorts = 0> <OutPorts = 1> <Sync> <CReg>
ST_8 : Operation 108 [2/3] (0.99ns) (grouped into DSP with root node add_ln840_5)   --->   "%mul_ln1494_50 = mul i16 %sext_ln186_69, i16 %lhs"   --->   Operation 108 'mul' 'mul_ln1494_50' <Predicate = (!icmp_ln1525)> <Delay = 0.99> <CoreInst = "DSP48">   --->   Core 127 'DSP48' <Latency = 3> <II = 1> <Delay = 0.53> <IPBlock> <Opcode : 'mul' 'add' 'sub' 'select'> <InPorts = 0> <OutPorts = 1> <Sync> <CReg>
ST_8 : Operation 109 [1/1] (1.35ns)   --->   "%out_w1_read_21 = read i8 @_ssdm_op_Read.ap_fifo.volatile.i8P0A, i8 %out_w1" [/home/fede/PhD/transformer-hls/hls/include/linear.h:1544]   --->   Operation 109 'read' 'out_w1_read_21' <Predicate = (!icmp_ln1525)> <Delay = 1.35> <CoreInst = "FIFO_SRL">   --->   Core 81 'FIFO_SRL' <Latency = 0> <II = 1> <Delay = 1.35> <Storage> <Opcode : 'read' 'write' 'nbread' 'nbwrite'> <Ports = 0> <Width = 8> <Depth = 64> <FIFO>
ST_8 : Operation 110 [1/1] (0.00ns)   --->   "%sext_ln186_70 = sext i8 %out_w1_read_21"   --->   Operation 110 'sext' 'sext_ln186_70' <Predicate = (!icmp_ln1525)> <Delay = 0.00>
ST_8 : Operation 111 [3/3] (0.99ns) (grouped into DSP with root node add_ln840_6)   --->   "%mul_ln1494_51 = mul i16 %sext_ln186_70, i16 %lhs"   --->   Operation 111 'mul' 'mul_ln1494_51' <Predicate = (!icmp_ln1525)> <Delay = 0.99> <CoreInst = "DSP48">   --->   Core 127 'DSP48' <Latency = 3> <II = 1> <Delay = 0.53> <IPBlock> <Opcode : 'mul' 'add' 'sub' 'select'> <InPorts = 0> <OutPorts = 1> <Sync> <CReg>
ST_8 : Operation 112 [1/2] (1.19ns)   --->   "%C_tile_V_load_8 = load i4 %C_tile_V_addr_22" [/home/fede/PhD/transformer-hls/hls/include/linear.h:1555]   --->   Operation 112 'load' 'C_tile_V_load_8' <Predicate = (!icmp_ln1525)> <Delay = 1.19> <CoreInst = "RAM_T2P_BRAM">   --->   Core 99 'RAM_T2P_BRAM' <Latency = 1> <II = 1> <Delay = 1.19> <Storage> <Opcode : 'load' 'store'> <Ports = 2> <Width = 32> <Depth = 16> <RAM>
ST_8 : Operation 113 [1/2] (1.19ns)   --->   "%C_tile_V_load_9 = load i4 %C_tile_V_addr_21" [/home/fede/PhD/transformer-hls/hls/include/linear.h:1555]   --->   Operation 113 'load' 'C_tile_V_load_9' <Predicate = (!icmp_ln1525)> <Delay = 1.19> <CoreInst = "RAM_T2P_BRAM">   --->   Core 99 'RAM_T2P_BRAM' <Latency = 1> <II = 1> <Delay = 1.19> <Storage> <Opcode : 'load' 'store'> <Ports = 2> <Width = 32> <Depth = 16> <RAM>
ST_8 : Operation 114 [2/2] (1.19ns)   --->   "%C_tile_V_load_10 = load i4 %C_tile_V_addr_20" [/home/fede/PhD/transformer-hls/hls/include/linear.h:1555]   --->   Operation 114 'load' 'C_tile_V_load_10' <Predicate = (!icmp_ln1525)> <Delay = 1.19> <CoreInst = "RAM_T2P_BRAM">   --->   Core 99 'RAM_T2P_BRAM' <Latency = 1> <II = 1> <Delay = 1.19> <Storage> <Opcode : 'load' 'store'> <Ports = 2> <Width = 32> <Depth = 16> <RAM>
ST_8 : Operation 115 [2/2] (1.19ns)   --->   "%C_tile_V_load_11 = load i4 %C_tile_V_addr_19" [/home/fede/PhD/transformer-hls/hls/include/linear.h:1555]   --->   Operation 115 'load' 'C_tile_V_load_11' <Predicate = (!icmp_ln1525)> <Delay = 1.19> <CoreInst = "RAM_T2P_BRAM">   --->   Core 99 'RAM_T2P_BRAM' <Latency = 1> <II = 1> <Delay = 1.19> <Storage> <Opcode : 'load' 'store'> <Ports = 2> <Width = 32> <Depth = 16> <RAM>

State 9 <SV = 8> <Delay = 2.35>
ST_9 : Operation 116 [1/1] (0.00ns)   --->   "%C_tile_V_addr_17 = getelementptr i32 %C_tile_V, i64 0, i64 13"   --->   Operation 116 'getelementptr' 'C_tile_V_addr_17' <Predicate = true> <Delay = 0.00>
ST_9 : Operation 117 [1/1] (0.00ns)   --->   "%C_tile_V_addr_18 = getelementptr i32 %C_tile_V, i64 0, i64 12"   --->   Operation 117 'getelementptr' 'C_tile_V_addr_18' <Predicate = true> <Delay = 0.00>
ST_9 : Operation 118 [1/2] (0.64ns) (root node of the DSP)   --->   "%add_ln840_4 = add i32 %C_tile_V_load_4, i32 %sext_ln840_4"   --->   Operation 118 'add' 'add_ln840_4' <Predicate = (!icmp_ln1525)> <Delay = 0.64> <CoreInst = "DSP48">   --->   Core 127 'DSP48' <Latency = 3> <II = 1> <Delay = 0.53> <IPBlock> <Opcode : 'mul' 'add' 'sub' 'select'> <InPorts = 0> <OutPorts = 1> <Sync> <CReg>
ST_9 : Operation 119 [1/3] (0.00ns) (grouped into DSP with root node add_ln840_5)   --->   "%mul_ln1494_50 = mul i16 %sext_ln186_69, i16 %lhs"   --->   Operation 119 'mul' 'mul_ln1494_50' <Predicate = (!icmp_ln1525)> <Delay = 0.00> <CoreInst = "DSP48">   --->   Core 127 'DSP48' <Latency = 3> <II = 1> <Delay = 0.53> <IPBlock> <Opcode : 'mul' 'add' 'sub' 'select'> <InPorts = 0> <OutPorts = 1> <Sync> <CReg>
ST_9 : Operation 120 [1/1] (0.00ns) (grouped into DSP with root node add_ln840_5)   --->   "%sext_ln840_5 = sext i16 %mul_ln1494_50"   --->   Operation 120 'sext' 'sext_ln840_5' <Predicate = (!icmp_ln1525)> <Delay = 0.00>
ST_9 : Operation 121 [2/2] (0.64ns) (root node of the DSP)   --->   "%add_ln840_5 = add i32 %C_tile_V_load_5, i32 %sext_ln840_5"   --->   Operation 121 'add' 'add_ln840_5' <Predicate = (!icmp_ln1525)> <Delay = 0.64> <CoreInst = "DSP48">   --->   Core 127 'DSP48' <Latency = 3> <II = 1> <Delay = 0.53> <IPBlock> <Opcode : 'mul' 'add' 'sub' 'select'> <InPorts = 0> <OutPorts = 1> <Sync> <CReg>
ST_9 : Operation 122 [2/3] (0.99ns) (grouped into DSP with root node add_ln840_6)   --->   "%mul_ln1494_51 = mul i16 %sext_ln186_70, i16 %lhs"   --->   Operation 122 'mul' 'mul_ln1494_51' <Predicate = (!icmp_ln1525)> <Delay = 0.99> <CoreInst = "DSP48">   --->   Core 127 'DSP48' <Latency = 3> <II = 1> <Delay = 0.53> <IPBlock> <Opcode : 'mul' 'add' 'sub' 'select'> <InPorts = 0> <OutPorts = 1> <Sync> <CReg>
ST_9 : Operation 123 [1/1] (1.35ns)   --->   "%out_w1_read_22 = read i8 @_ssdm_op_Read.ap_fifo.volatile.i8P0A, i8 %out_w1" [/home/fede/PhD/transformer-hls/hls/include/linear.h:1544]   --->   Operation 123 'read' 'out_w1_read_22' <Predicate = (!icmp_ln1525)> <Delay = 1.35> <CoreInst = "FIFO_SRL">   --->   Core 81 'FIFO_SRL' <Latency = 0> <II = 1> <Delay = 1.35> <Storage> <Opcode : 'read' 'write' 'nbread' 'nbwrite'> <Ports = 0> <Width = 8> <Depth = 64> <FIFO>
ST_9 : Operation 124 [1/1] (0.00ns)   --->   "%sext_ln186_71 = sext i8 %out_w1_read_22"   --->   Operation 124 'sext' 'sext_ln186_71' <Predicate = (!icmp_ln1525)> <Delay = 0.00>
ST_9 : Operation 125 [3/3] (0.99ns) (grouped into DSP with root node add_ln840_7)   --->   "%mul_ln1494_52 = mul i16 %sext_ln186_71, i16 %lhs"   --->   Operation 125 'mul' 'mul_ln1494_52' <Predicate = (!icmp_ln1525)> <Delay = 0.99> <CoreInst = "DSP48">   --->   Core 127 'DSP48' <Latency = 3> <II = 1> <Delay = 0.53> <IPBlock> <Opcode : 'mul' 'add' 'sub' 'select'> <InPorts = 0> <OutPorts = 1> <Sync> <CReg>
ST_9 : Operation 126 [1/2] (1.19ns)   --->   "%C_tile_V_load_10 = load i4 %C_tile_V_addr_20" [/home/fede/PhD/transformer-hls/hls/include/linear.h:1555]   --->   Operation 126 'load' 'C_tile_V_load_10' <Predicate = (!icmp_ln1525)> <Delay = 1.19> <CoreInst = "RAM_T2P_BRAM">   --->   Core 99 'RAM_T2P_BRAM' <Latency = 1> <II = 1> <Delay = 1.19> <Storage> <Opcode : 'load' 'store'> <Ports = 2> <Width = 32> <Depth = 16> <RAM>
ST_9 : Operation 127 [1/2] (1.19ns)   --->   "%C_tile_V_load_11 = load i4 %C_tile_V_addr_19" [/home/fede/PhD/transformer-hls/hls/include/linear.h:1555]   --->   Operation 127 'load' 'C_tile_V_load_11' <Predicate = (!icmp_ln1525)> <Delay = 1.19> <CoreInst = "RAM_T2P_BRAM">   --->   Core 99 'RAM_T2P_BRAM' <Latency = 1> <II = 1> <Delay = 1.19> <Storage> <Opcode : 'load' 'store'> <Ports = 2> <Width = 32> <Depth = 16> <RAM>
ST_9 : Operation 128 [2/2] (1.19ns)   --->   "%C_tile_V_load_12 = load i4 %C_tile_V_addr_18" [/home/fede/PhD/transformer-hls/hls/include/linear.h:1555]   --->   Operation 128 'load' 'C_tile_V_load_12' <Predicate = (!icmp_ln1525)> <Delay = 1.19> <CoreInst = "RAM_T2P_BRAM">   --->   Core 99 'RAM_T2P_BRAM' <Latency = 1> <II = 1> <Delay = 1.19> <Storage> <Opcode : 'load' 'store'> <Ports = 2> <Width = 32> <Depth = 16> <RAM>
ST_9 : Operation 129 [2/2] (1.19ns)   --->   "%C_tile_V_load_13 = load i4 %C_tile_V_addr_17" [/home/fede/PhD/transformer-hls/hls/include/linear.h:1555]   --->   Operation 129 'load' 'C_tile_V_load_13' <Predicate = (!icmp_ln1525)> <Delay = 1.19> <CoreInst = "RAM_T2P_BRAM">   --->   Core 99 'RAM_T2P_BRAM' <Latency = 1> <II = 1> <Delay = 1.19> <Storage> <Opcode : 'load' 'store'> <Ports = 2> <Width = 32> <Depth = 16> <RAM>

State 10 <SV = 9> <Delay = 2.35>
ST_10 : Operation 130 [1/1] (0.00ns)   --->   "%C_tile_V_addr = getelementptr i32 %C_tile_V, i64 0, i64 15"   --->   Operation 130 'getelementptr' 'C_tile_V_addr' <Predicate = true> <Delay = 0.00>
ST_10 : Operation 131 [1/1] (0.00ns)   --->   "%C_tile_V_addr_16 = getelementptr i32 %C_tile_V, i64 0, i64 14"   --->   Operation 131 'getelementptr' 'C_tile_V_addr_16' <Predicate = true> <Delay = 0.00>
ST_10 : Operation 132 [1/1] (0.00ns)   --->   "%specpipeline_ln0 = specpipeline void @_ssdm_op_SpecPipeline, i32 4294967295, i32 0, i32 1, i32 0, void @p_str"   --->   Operation 132 'specpipeline' 'specpipeline_ln0' <Predicate = true> <Delay = 0.00>
ST_10 : Operation 133 [1/1] (0.00ns)   --->   "%empty = speclooptripcount i32 @_ssdm_op_SpecLoopTripCount, i64 16, i64 16, i64 16"   --->   Operation 133 'speclooptripcount' 'empty' <Predicate = true> <Delay = 0.00>
ST_10 : Operation 134 [1/2] (0.64ns) (root node of the DSP)   --->   "%add_ln840_5 = add i32 %C_tile_V_load_5, i32 %sext_ln840_5"   --->   Operation 134 'add' 'add_ln840_5' <Predicate = (!icmp_ln1525)> <Delay = 0.64> <CoreInst = "DSP48">   --->   Core 127 'DSP48' <Latency = 3> <II = 1> <Delay = 0.53> <IPBlock> <Opcode : 'mul' 'add' 'sub' 'select'> <InPorts = 0> <OutPorts = 1> <Sync> <CReg>
ST_10 : Operation 135 [1/3] (0.00ns) (grouped into DSP with root node add_ln840_6)   --->   "%mul_ln1494_51 = mul i16 %sext_ln186_70, i16 %lhs"   --->   Operation 135 'mul' 'mul_ln1494_51' <Predicate = (!icmp_ln1525)> <Delay = 0.00> <CoreInst = "DSP48">   --->   Core 127 'DSP48' <Latency = 3> <II = 1> <Delay = 0.53> <IPBlock> <Opcode : 'mul' 'add' 'sub' 'select'> <InPorts = 0> <OutPorts = 1> <Sync> <CReg>
ST_10 : Operation 136 [1/1] (0.00ns) (grouped into DSP with root node add_ln840_6)   --->   "%sext_ln840_6 = sext i16 %mul_ln1494_51"   --->   Operation 136 'sext' 'sext_ln840_6' <Predicate = (!icmp_ln1525)> <Delay = 0.00>
ST_10 : Operation 137 [2/2] (0.64ns) (root node of the DSP)   --->   "%add_ln840_6 = add i32 %C_tile_V_load_6, i32 %sext_ln840_6"   --->   Operation 137 'add' 'add_ln840_6' <Predicate = (!icmp_ln1525)> <Delay = 0.64> <CoreInst = "DSP48">   --->   Core 127 'DSP48' <Latency = 3> <II = 1> <Delay = 0.53> <IPBlock> <Opcode : 'mul' 'add' 'sub' 'select'> <InPorts = 0> <OutPorts = 1> <Sync> <CReg>
ST_10 : Operation 138 [2/3] (0.99ns) (grouped into DSP with root node add_ln840_7)   --->   "%mul_ln1494_52 = mul i16 %sext_ln186_71, i16 %lhs"   --->   Operation 138 'mul' 'mul_ln1494_52' <Predicate = (!icmp_ln1525)> <Delay = 0.99> <CoreInst = "DSP48">   --->   Core 127 'DSP48' <Latency = 3> <II = 1> <Delay = 0.53> <IPBlock> <Opcode : 'mul' 'add' 'sub' 'select'> <InPorts = 0> <OutPorts = 1> <Sync> <CReg>
ST_10 : Operation 139 [1/1] (1.35ns)   --->   "%out_w1_read_23 = read i8 @_ssdm_op_Read.ap_fifo.volatile.i8P0A, i8 %out_w1" [/home/fede/PhD/transformer-hls/hls/include/linear.h:1544]   --->   Operation 139 'read' 'out_w1_read_23' <Predicate = (!icmp_ln1525)> <Delay = 1.35> <CoreInst = "FIFO_SRL">   --->   Core 81 'FIFO_SRL' <Latency = 0> <II = 1> <Delay = 1.35> <Storage> <Opcode : 'read' 'write' 'nbread' 'nbwrite'> <Ports = 0> <Width = 8> <Depth = 64> <FIFO>
ST_10 : Operation 140 [1/1] (0.00ns)   --->   "%sext_ln186_72 = sext i8 %out_w1_read_23"   --->   Operation 140 'sext' 'sext_ln186_72' <Predicate = (!icmp_ln1525)> <Delay = 0.00>
ST_10 : Operation 141 [3/3] (0.99ns) (grouped into DSP with root node add_ln840_8)   --->   "%mul_ln1494_53 = mul i16 %sext_ln186_72, i16 %lhs"   --->   Operation 141 'mul' 'mul_ln1494_53' <Predicate = (!icmp_ln1525)> <Delay = 0.99> <CoreInst = "DSP48">   --->   Core 127 'DSP48' <Latency = 3> <II = 1> <Delay = 0.53> <IPBlock> <Opcode : 'mul' 'add' 'sub' 'select'> <InPorts = 0> <OutPorts = 1> <Sync> <CReg>
ST_10 : Operation 142 [1/2] (1.19ns)   --->   "%C_tile_V_load_12 = load i4 %C_tile_V_addr_18" [/home/fede/PhD/transformer-hls/hls/include/linear.h:1555]   --->   Operation 142 'load' 'C_tile_V_load_12' <Predicate = (!icmp_ln1525)> <Delay = 1.19> <CoreInst = "RAM_T2P_BRAM">   --->   Core 99 'RAM_T2P_BRAM' <Latency = 1> <II = 1> <Delay = 1.19> <Storage> <Opcode : 'load' 'store'> <Ports = 2> <Width = 32> <Depth = 16> <RAM>
ST_10 : Operation 143 [1/2] (1.19ns)   --->   "%C_tile_V_load_13 = load i4 %C_tile_V_addr_17" [/home/fede/PhD/transformer-hls/hls/include/linear.h:1555]   --->   Operation 143 'load' 'C_tile_V_load_13' <Predicate = (!icmp_ln1525)> <Delay = 1.19> <CoreInst = "RAM_T2P_BRAM">   --->   Core 99 'RAM_T2P_BRAM' <Latency = 1> <II = 1> <Delay = 1.19> <Storage> <Opcode : 'load' 'store'> <Ports = 2> <Width = 32> <Depth = 16> <RAM>
ST_10 : Operation 144 [2/2] (1.19ns)   --->   "%C_tile_V_load_14 = load i4 %C_tile_V_addr_16" [/home/fede/PhD/transformer-hls/hls/include/linear.h:1555]   --->   Operation 144 'load' 'C_tile_V_load_14' <Predicate = (!icmp_ln1525)> <Delay = 1.19> <CoreInst = "RAM_T2P_BRAM">   --->   Core 99 'RAM_T2P_BRAM' <Latency = 1> <II = 1> <Delay = 1.19> <Storage> <Opcode : 'load' 'store'> <Ports = 2> <Width = 32> <Depth = 16> <RAM>
ST_10 : Operation 145 [2/2] (1.19ns)   --->   "%C_tile_V_load_15 = load i4 %C_tile_V_addr" [/home/fede/PhD/transformer-hls/hls/include/linear.h:1555]   --->   Operation 145 'load' 'C_tile_V_load_15' <Predicate = (!icmp_ln1525)> <Delay = 1.19> <CoreInst = "RAM_T2P_BRAM">   --->   Core 99 'RAM_T2P_BRAM' <Latency = 1> <II = 1> <Delay = 1.19> <Storage> <Opcode : 'load' 'store'> <Ports = 2> <Width = 32> <Depth = 16> <RAM>
ST_10 : Operation 232 [1/1] (0.00ns)   --->   "%ret_ln0 = ret"   --->   Operation 232 'ret' 'ret_ln0' <Predicate = (icmp_ln1525)> <Delay = 0.00>

State 11 <SV = 10> <Delay = 2.35>
ST_11 : Operation 146 [1/1] (1.19ns)   --->   "%store_ln1579 = store i32 %add_ln840, i4 %C_tile_V_addr_30" [/home/fede/PhD/transformer-hls/hls/include/linear.h:1579]   --->   Operation 146 'store' 'store_ln1579' <Predicate = (!icmp_ln1525)> <Delay = 1.19> <CoreInst = "RAM_T2P_BRAM">   --->   Core 99 'RAM_T2P_BRAM' <Latency = 1> <II = 1> <Delay = 1.19> <Storage> <Opcode : 'load' 'store'> <Ports = 2> <Width = 32> <Depth = 16> <RAM>
ST_11 : Operation 147 [1/1] (1.19ns)   --->   "%store_ln1579 = store i32 %add_ln840_1, i4 %C_tile_V_addr_29" [/home/fede/PhD/transformer-hls/hls/include/linear.h:1579]   --->   Operation 147 'store' 'store_ln1579' <Predicate = (!icmp_ln1525)> <Delay = 1.19> <CoreInst = "RAM_T2P_BRAM">   --->   Core 99 'RAM_T2P_BRAM' <Latency = 1> <II = 1> <Delay = 1.19> <Storage> <Opcode : 'load' 'store'> <Ports = 2> <Width = 32> <Depth = 16> <RAM>
ST_11 : Operation 148 [1/2] (0.64ns) (root node of the DSP)   --->   "%add_ln840_6 = add i32 %C_tile_V_load_6, i32 %sext_ln840_6"   --->   Operation 148 'add' 'add_ln840_6' <Predicate = (!icmp_ln1525)> <Delay = 0.64> <CoreInst = "DSP48">   --->   Core 127 'DSP48' <Latency = 3> <II = 1> <Delay = 0.53> <IPBlock> <Opcode : 'mul' 'add' 'sub' 'select'> <InPorts = 0> <OutPorts = 1> <Sync> <CReg>
ST_11 : Operation 149 [1/3] (0.00ns) (grouped into DSP with root node add_ln840_7)   --->   "%mul_ln1494_52 = mul i16 %sext_ln186_71, i16 %lhs"   --->   Operation 149 'mul' 'mul_ln1494_52' <Predicate = (!icmp_ln1525)> <Delay = 0.00> <CoreInst = "DSP48">   --->   Core 127 'DSP48' <Latency = 3> <II = 1> <Delay = 0.53> <IPBlock> <Opcode : 'mul' 'add' 'sub' 'select'> <InPorts = 0> <OutPorts = 1> <Sync> <CReg>
ST_11 : Operation 150 [1/1] (0.00ns) (grouped into DSP with root node add_ln840_7)   --->   "%sext_ln840_7 = sext i16 %mul_ln1494_52"   --->   Operation 150 'sext' 'sext_ln840_7' <Predicate = (!icmp_ln1525)> <Delay = 0.00>
ST_11 : Operation 151 [2/2] (0.64ns) (root node of the DSP)   --->   "%add_ln840_7 = add i32 %C_tile_V_load_7, i32 %sext_ln840_7"   --->   Operation 151 'add' 'add_ln840_7' <Predicate = (!icmp_ln1525)> <Delay = 0.64> <CoreInst = "DSP48">   --->   Core 127 'DSP48' <Latency = 3> <II = 1> <Delay = 0.53> <IPBlock> <Opcode : 'mul' 'add' 'sub' 'select'> <InPorts = 0> <OutPorts = 1> <Sync> <CReg>
ST_11 : Operation 152 [2/3] (0.99ns) (grouped into DSP with root node add_ln840_8)   --->   "%mul_ln1494_53 = mul i16 %sext_ln186_72, i16 %lhs"   --->   Operation 152 'mul' 'mul_ln1494_53' <Predicate = (!icmp_ln1525)> <Delay = 0.99> <CoreInst = "DSP48">   --->   Core 127 'DSP48' <Latency = 3> <II = 1> <Delay = 0.53> <IPBlock> <Opcode : 'mul' 'add' 'sub' 'select'> <InPorts = 0> <OutPorts = 1> <Sync> <CReg>
ST_11 : Operation 153 [1/1] (1.35ns)   --->   "%out_w1_read_24 = read i8 @_ssdm_op_Read.ap_fifo.volatile.i8P0A, i8 %out_w1" [/home/fede/PhD/transformer-hls/hls/include/linear.h:1544]   --->   Operation 153 'read' 'out_w1_read_24' <Predicate = (!icmp_ln1525)> <Delay = 1.35> <CoreInst = "FIFO_SRL">   --->   Core 81 'FIFO_SRL' <Latency = 0> <II = 1> <Delay = 1.35> <Storage> <Opcode : 'read' 'write' 'nbread' 'nbwrite'> <Ports = 0> <Width = 8> <Depth = 64> <FIFO>
ST_11 : Operation 154 [1/1] (0.00ns)   --->   "%sext_ln186_73 = sext i8 %out_w1_read_24"   --->   Operation 154 'sext' 'sext_ln186_73' <Predicate = (!icmp_ln1525)> <Delay = 0.00>
ST_11 : Operation 155 [3/3] (0.99ns) (grouped into DSP with root node add_ln840_9)   --->   "%mul_ln1494_54 = mul i16 %sext_ln186_73, i16 %lhs"   --->   Operation 155 'mul' 'mul_ln1494_54' <Predicate = (!icmp_ln1525)> <Delay = 0.99> <CoreInst = "DSP48">   --->   Core 127 'DSP48' <Latency = 3> <II = 1> <Delay = 0.53> <IPBlock> <Opcode : 'mul' 'add' 'sub' 'select'> <InPorts = 0> <OutPorts = 1> <Sync> <CReg>
ST_11 : Operation 156 [1/2] (1.19ns)   --->   "%C_tile_V_load_14 = load i4 %C_tile_V_addr_16" [/home/fede/PhD/transformer-hls/hls/include/linear.h:1555]   --->   Operation 156 'load' 'C_tile_V_load_14' <Predicate = (!icmp_ln1525)> <Delay = 1.19> <CoreInst = "RAM_T2P_BRAM">   --->   Core 99 'RAM_T2P_BRAM' <Latency = 1> <II = 1> <Delay = 1.19> <Storage> <Opcode : 'load' 'store'> <Ports = 2> <Width = 32> <Depth = 16> <RAM>
ST_11 : Operation 157 [1/2] (1.19ns)   --->   "%C_tile_V_load_15 = load i4 %C_tile_V_addr" [/home/fede/PhD/transformer-hls/hls/include/linear.h:1555]   --->   Operation 157 'load' 'C_tile_V_load_15' <Predicate = (!icmp_ln1525)> <Delay = 1.19> <CoreInst = "RAM_T2P_BRAM">   --->   Core 99 'RAM_T2P_BRAM' <Latency = 1> <II = 1> <Delay = 1.19> <Storage> <Opcode : 'load' 'store'> <Ports = 2> <Width = 32> <Depth = 16> <RAM>

State 12 <SV = 11> <Delay = 2.35>
ST_12 : Operation 158 [1/1] (1.19ns)   --->   "%store_ln1579 = store i32 %add_ln840_2, i4 %C_tile_V_addr_28" [/home/fede/PhD/transformer-hls/hls/include/linear.h:1579]   --->   Operation 158 'store' 'store_ln1579' <Predicate = (!icmp_ln1525)> <Delay = 1.19> <CoreInst = "RAM_T2P_BRAM">   --->   Core 99 'RAM_T2P_BRAM' <Latency = 1> <II = 1> <Delay = 1.19> <Storage> <Opcode : 'load' 'store'> <Ports = 2> <Width = 32> <Depth = 16> <RAM>
ST_12 : Operation 159 [1/1] (1.19ns)   --->   "%store_ln1579 = store i32 %add_ln840_3, i4 %C_tile_V_addr_27" [/home/fede/PhD/transformer-hls/hls/include/linear.h:1579]   --->   Operation 159 'store' 'store_ln1579' <Predicate = (!icmp_ln1525)> <Delay = 1.19> <CoreInst = "RAM_T2P_BRAM">   --->   Core 99 'RAM_T2P_BRAM' <Latency = 1> <II = 1> <Delay = 1.19> <Storage> <Opcode : 'load' 'store'> <Ports = 2> <Width = 32> <Depth = 16> <RAM>
ST_12 : Operation 160 [1/2] (0.64ns) (root node of the DSP)   --->   "%add_ln840_7 = add i32 %C_tile_V_load_7, i32 %sext_ln840_7"   --->   Operation 160 'add' 'add_ln840_7' <Predicate = (!icmp_ln1525)> <Delay = 0.64> <CoreInst = "DSP48">   --->   Core 127 'DSP48' <Latency = 3> <II = 1> <Delay = 0.53> <IPBlock> <Opcode : 'mul' 'add' 'sub' 'select'> <InPorts = 0> <OutPorts = 1> <Sync> <CReg>
ST_12 : Operation 161 [1/3] (0.00ns) (grouped into DSP with root node add_ln840_8)   --->   "%mul_ln1494_53 = mul i16 %sext_ln186_72, i16 %lhs"   --->   Operation 161 'mul' 'mul_ln1494_53' <Predicate = (!icmp_ln1525)> <Delay = 0.00> <CoreInst = "DSP48">   --->   Core 127 'DSP48' <Latency = 3> <II = 1> <Delay = 0.53> <IPBlock> <Opcode : 'mul' 'add' 'sub' 'select'> <InPorts = 0> <OutPorts = 1> <Sync> <CReg>
ST_12 : Operation 162 [1/1] (0.00ns) (grouped into DSP with root node add_ln840_8)   --->   "%sext_ln840_8 = sext i16 %mul_ln1494_53"   --->   Operation 162 'sext' 'sext_ln840_8' <Predicate = (!icmp_ln1525)> <Delay = 0.00>
ST_12 : Operation 163 [2/2] (0.64ns) (root node of the DSP)   --->   "%add_ln840_8 = add i32 %C_tile_V_load_8, i32 %sext_ln840_8"   --->   Operation 163 'add' 'add_ln840_8' <Predicate = (!icmp_ln1525)> <Delay = 0.64> <CoreInst = "DSP48">   --->   Core 127 'DSP48' <Latency = 3> <II = 1> <Delay = 0.53> <IPBlock> <Opcode : 'mul' 'add' 'sub' 'select'> <InPorts = 0> <OutPorts = 1> <Sync> <CReg>
ST_12 : Operation 164 [2/3] (0.99ns) (grouped into DSP with root node add_ln840_9)   --->   "%mul_ln1494_54 = mul i16 %sext_ln186_73, i16 %lhs"   --->   Operation 164 'mul' 'mul_ln1494_54' <Predicate = (!icmp_ln1525)> <Delay = 0.99> <CoreInst = "DSP48">   --->   Core 127 'DSP48' <Latency = 3> <II = 1> <Delay = 0.53> <IPBlock> <Opcode : 'mul' 'add' 'sub' 'select'> <InPorts = 0> <OutPorts = 1> <Sync> <CReg>
ST_12 : Operation 165 [1/1] (1.35ns)   --->   "%out_w1_read_25 = read i8 @_ssdm_op_Read.ap_fifo.volatile.i8P0A, i8 %out_w1" [/home/fede/PhD/transformer-hls/hls/include/linear.h:1544]   --->   Operation 165 'read' 'out_w1_read_25' <Predicate = (!icmp_ln1525)> <Delay = 1.35> <CoreInst = "FIFO_SRL">   --->   Core 81 'FIFO_SRL' <Latency = 0> <II = 1> <Delay = 1.35> <Storage> <Opcode : 'read' 'write' 'nbread' 'nbwrite'> <Ports = 0> <Width = 8> <Depth = 64> <FIFO>
ST_12 : Operation 166 [1/1] (0.00ns)   --->   "%sext_ln186_74 = sext i8 %out_w1_read_25"   --->   Operation 166 'sext' 'sext_ln186_74' <Predicate = (!icmp_ln1525)> <Delay = 0.00>
ST_12 : Operation 167 [3/3] (0.99ns) (grouped into DSP with root node add_ln840_10)   --->   "%mul_ln1494_55 = mul i16 %sext_ln186_74, i16 %lhs"   --->   Operation 167 'mul' 'mul_ln1494_55' <Predicate = (!icmp_ln1525)> <Delay = 0.99> <CoreInst = "DSP48">   --->   Core 127 'DSP48' <Latency = 3> <II = 1> <Delay = 0.53> <IPBlock> <Opcode : 'mul' 'add' 'sub' 'select'> <InPorts = 0> <OutPorts = 1> <Sync> <CReg>

State 13 <SV = 12> <Delay = 2.35>
ST_13 : Operation 168 [1/1] (1.19ns)   --->   "%store_ln1579 = store i32 %add_ln840_4, i4 %C_tile_V_addr_26" [/home/fede/PhD/transformer-hls/hls/include/linear.h:1579]   --->   Operation 168 'store' 'store_ln1579' <Predicate = (!icmp_ln1525)> <Delay = 1.19> <CoreInst = "RAM_T2P_BRAM">   --->   Core 99 'RAM_T2P_BRAM' <Latency = 1> <II = 1> <Delay = 1.19> <Storage> <Opcode : 'load' 'store'> <Ports = 2> <Width = 32> <Depth = 16> <RAM>
ST_13 : Operation 169 [1/1] (1.19ns)   --->   "%store_ln1579 = store i32 %add_ln840_5, i4 %C_tile_V_addr_25" [/home/fede/PhD/transformer-hls/hls/include/linear.h:1579]   --->   Operation 169 'store' 'store_ln1579' <Predicate = (!icmp_ln1525)> <Delay = 1.19> <CoreInst = "RAM_T2P_BRAM">   --->   Core 99 'RAM_T2P_BRAM' <Latency = 1> <II = 1> <Delay = 1.19> <Storage> <Opcode : 'load' 'store'> <Ports = 2> <Width = 32> <Depth = 16> <RAM>
ST_13 : Operation 170 [1/2] (0.64ns) (root node of the DSP)   --->   "%add_ln840_8 = add i32 %C_tile_V_load_8, i32 %sext_ln840_8"   --->   Operation 170 'add' 'add_ln840_8' <Predicate = (!icmp_ln1525)> <Delay = 0.64> <CoreInst = "DSP48">   --->   Core 127 'DSP48' <Latency = 3> <II = 1> <Delay = 0.53> <IPBlock> <Opcode : 'mul' 'add' 'sub' 'select'> <InPorts = 0> <OutPorts = 1> <Sync> <CReg>
ST_13 : Operation 171 [1/3] (0.00ns) (grouped into DSP with root node add_ln840_9)   --->   "%mul_ln1494_54 = mul i16 %sext_ln186_73, i16 %lhs"   --->   Operation 171 'mul' 'mul_ln1494_54' <Predicate = (!icmp_ln1525)> <Delay = 0.00> <CoreInst = "DSP48">   --->   Core 127 'DSP48' <Latency = 3> <II = 1> <Delay = 0.53> <IPBlock> <Opcode : 'mul' 'add' 'sub' 'select'> <InPorts = 0> <OutPorts = 1> <Sync> <CReg>
ST_13 : Operation 172 [1/1] (0.00ns) (grouped into DSP with root node add_ln840_9)   --->   "%sext_ln840_9 = sext i16 %mul_ln1494_54"   --->   Operation 172 'sext' 'sext_ln840_9' <Predicate = (!icmp_ln1525)> <Delay = 0.00>
ST_13 : Operation 173 [2/2] (0.64ns) (root node of the DSP)   --->   "%add_ln840_9 = add i32 %C_tile_V_load_9, i32 %sext_ln840_9"   --->   Operation 173 'add' 'add_ln840_9' <Predicate = (!icmp_ln1525)> <Delay = 0.64> <CoreInst = "DSP48">   --->   Core 127 'DSP48' <Latency = 3> <II = 1> <Delay = 0.53> <IPBlock> <Opcode : 'mul' 'add' 'sub' 'select'> <InPorts = 0> <OutPorts = 1> <Sync> <CReg>
ST_13 : Operation 174 [2/3] (0.99ns) (grouped into DSP with root node add_ln840_10)   --->   "%mul_ln1494_55 = mul i16 %sext_ln186_74, i16 %lhs"   --->   Operation 174 'mul' 'mul_ln1494_55' <Predicate = (!icmp_ln1525)> <Delay = 0.99> <CoreInst = "DSP48">   --->   Core 127 'DSP48' <Latency = 3> <II = 1> <Delay = 0.53> <IPBlock> <Opcode : 'mul' 'add' 'sub' 'select'> <InPorts = 0> <OutPorts = 1> <Sync> <CReg>
ST_13 : Operation 175 [1/1] (1.35ns)   --->   "%out_w1_read_26 = read i8 @_ssdm_op_Read.ap_fifo.volatile.i8P0A, i8 %out_w1" [/home/fede/PhD/transformer-hls/hls/include/linear.h:1544]   --->   Operation 175 'read' 'out_w1_read_26' <Predicate = (!icmp_ln1525)> <Delay = 1.35> <CoreInst = "FIFO_SRL">   --->   Core 81 'FIFO_SRL' <Latency = 0> <II = 1> <Delay = 1.35> <Storage> <Opcode : 'read' 'write' 'nbread' 'nbwrite'> <Ports = 0> <Width = 8> <Depth = 64> <FIFO>
ST_13 : Operation 176 [1/1] (0.00ns)   --->   "%sext_ln186_75 = sext i8 %out_w1_read_26"   --->   Operation 176 'sext' 'sext_ln186_75' <Predicate = (!icmp_ln1525)> <Delay = 0.00>
ST_13 : Operation 177 [3/3] (0.99ns) (grouped into DSP with root node add_ln840_11)   --->   "%mul_ln1494_56 = mul i16 %sext_ln186_75, i16 %lhs"   --->   Operation 177 'mul' 'mul_ln1494_56' <Predicate = (!icmp_ln1525)> <Delay = 0.99> <CoreInst = "DSP48">   --->   Core 127 'DSP48' <Latency = 3> <II = 1> <Delay = 0.53> <IPBlock> <Opcode : 'mul' 'add' 'sub' 'select'> <InPorts = 0> <OutPorts = 1> <Sync> <CReg>

State 14 <SV = 13> <Delay = 2.35>
ST_14 : Operation 178 [1/1] (1.19ns)   --->   "%store_ln1579 = store i32 %add_ln840_6, i4 %C_tile_V_addr_24" [/home/fede/PhD/transformer-hls/hls/include/linear.h:1579]   --->   Operation 178 'store' 'store_ln1579' <Predicate = (!icmp_ln1525)> <Delay = 1.19> <CoreInst = "RAM_T2P_BRAM">   --->   Core 99 'RAM_T2P_BRAM' <Latency = 1> <II = 1> <Delay = 1.19> <Storage> <Opcode : 'load' 'store'> <Ports = 2> <Width = 32> <Depth = 16> <RAM>
ST_14 : Operation 179 [1/1] (1.19ns)   --->   "%store_ln1579 = store i32 %add_ln840_7, i4 %C_tile_V_addr_23" [/home/fede/PhD/transformer-hls/hls/include/linear.h:1579]   --->   Operation 179 'store' 'store_ln1579' <Predicate = (!icmp_ln1525)> <Delay = 1.19> <CoreInst = "RAM_T2P_BRAM">   --->   Core 99 'RAM_T2P_BRAM' <Latency = 1> <II = 1> <Delay = 1.19> <Storage> <Opcode : 'load' 'store'> <Ports = 2> <Width = 32> <Depth = 16> <RAM>
ST_14 : Operation 180 [1/2] (0.64ns) (root node of the DSP)   --->   "%add_ln840_9 = add i32 %C_tile_V_load_9, i32 %sext_ln840_9"   --->   Operation 180 'add' 'add_ln840_9' <Predicate = (!icmp_ln1525)> <Delay = 0.64> <CoreInst = "DSP48">   --->   Core 127 'DSP48' <Latency = 3> <II = 1> <Delay = 0.53> <IPBlock> <Opcode : 'mul' 'add' 'sub' 'select'> <InPorts = 0> <OutPorts = 1> <Sync> <CReg>
ST_14 : Operation 181 [1/3] (0.00ns) (grouped into DSP with root node add_ln840_10)   --->   "%mul_ln1494_55 = mul i16 %sext_ln186_74, i16 %lhs"   --->   Operation 181 'mul' 'mul_ln1494_55' <Predicate = (!icmp_ln1525)> <Delay = 0.00> <CoreInst = "DSP48">   --->   Core 127 'DSP48' <Latency = 3> <II = 1> <Delay = 0.53> <IPBlock> <Opcode : 'mul' 'add' 'sub' 'select'> <InPorts = 0> <OutPorts = 1> <Sync> <CReg>
ST_14 : Operation 182 [1/1] (0.00ns) (grouped into DSP with root node add_ln840_10)   --->   "%sext_ln840_10 = sext i16 %mul_ln1494_55"   --->   Operation 182 'sext' 'sext_ln840_10' <Predicate = (!icmp_ln1525)> <Delay = 0.00>
ST_14 : Operation 183 [2/2] (0.64ns) (root node of the DSP)   --->   "%add_ln840_10 = add i32 %C_tile_V_load_10, i32 %sext_ln840_10"   --->   Operation 183 'add' 'add_ln840_10' <Predicate = (!icmp_ln1525)> <Delay = 0.64> <CoreInst = "DSP48">   --->   Core 127 'DSP48' <Latency = 3> <II = 1> <Delay = 0.53> <IPBlock> <Opcode : 'mul' 'add' 'sub' 'select'> <InPorts = 0> <OutPorts = 1> <Sync> <CReg>
ST_14 : Operation 184 [2/3] (0.99ns) (grouped into DSP with root node add_ln840_11)   --->   "%mul_ln1494_56 = mul i16 %sext_ln186_75, i16 %lhs"   --->   Operation 184 'mul' 'mul_ln1494_56' <Predicate = (!icmp_ln1525)> <Delay = 0.99> <CoreInst = "DSP48">   --->   Core 127 'DSP48' <Latency = 3> <II = 1> <Delay = 0.53> <IPBlock> <Opcode : 'mul' 'add' 'sub' 'select'> <InPorts = 0> <OutPorts = 1> <Sync> <CReg>
ST_14 : Operation 185 [1/1] (1.35ns)   --->   "%out_w1_read_27 = read i8 @_ssdm_op_Read.ap_fifo.volatile.i8P0A, i8 %out_w1" [/home/fede/PhD/transformer-hls/hls/include/linear.h:1544]   --->   Operation 185 'read' 'out_w1_read_27' <Predicate = (!icmp_ln1525)> <Delay = 1.35> <CoreInst = "FIFO_SRL">   --->   Core 81 'FIFO_SRL' <Latency = 0> <II = 1> <Delay = 1.35> <Storage> <Opcode : 'read' 'write' 'nbread' 'nbwrite'> <Ports = 0> <Width = 8> <Depth = 64> <FIFO>
ST_14 : Operation 186 [1/1] (0.00ns)   --->   "%sext_ln186_76 = sext i8 %out_w1_read_27"   --->   Operation 186 'sext' 'sext_ln186_76' <Predicate = (!icmp_ln1525)> <Delay = 0.00>
ST_14 : Operation 187 [3/3] (0.99ns) (grouped into DSP with root node add_ln840_12)   --->   "%mul_ln1494_57 = mul i16 %sext_ln186_76, i16 %lhs"   --->   Operation 187 'mul' 'mul_ln1494_57' <Predicate = (!icmp_ln1525)> <Delay = 0.99> <CoreInst = "DSP48">   --->   Core 127 'DSP48' <Latency = 3> <II = 1> <Delay = 0.53> <IPBlock> <Opcode : 'mul' 'add' 'sub' 'select'> <InPorts = 0> <OutPorts = 1> <Sync> <CReg>

State 15 <SV = 14> <Delay = 2.35>
ST_15 : Operation 188 [1/1] (1.19ns)   --->   "%store_ln1579 = store i32 %add_ln840_8, i4 %C_tile_V_addr_22" [/home/fede/PhD/transformer-hls/hls/include/linear.h:1579]   --->   Operation 188 'store' 'store_ln1579' <Predicate = (!icmp_ln1525)> <Delay = 1.19> <CoreInst = "RAM_T2P_BRAM">   --->   Core 99 'RAM_T2P_BRAM' <Latency = 1> <II = 1> <Delay = 1.19> <Storage> <Opcode : 'load' 'store'> <Ports = 2> <Width = 32> <Depth = 16> <RAM>
ST_15 : Operation 189 [1/1] (1.19ns)   --->   "%store_ln1579 = store i32 %add_ln840_9, i4 %C_tile_V_addr_21" [/home/fede/PhD/transformer-hls/hls/include/linear.h:1579]   --->   Operation 189 'store' 'store_ln1579' <Predicate = (!icmp_ln1525)> <Delay = 1.19> <CoreInst = "RAM_T2P_BRAM">   --->   Core 99 'RAM_T2P_BRAM' <Latency = 1> <II = 1> <Delay = 1.19> <Storage> <Opcode : 'load' 'store'> <Ports = 2> <Width = 32> <Depth = 16> <RAM>
ST_15 : Operation 190 [1/2] (0.64ns) (root node of the DSP)   --->   "%add_ln840_10 = add i32 %C_tile_V_load_10, i32 %sext_ln840_10"   --->   Operation 190 'add' 'add_ln840_10' <Predicate = (!icmp_ln1525)> <Delay = 0.64> <CoreInst = "DSP48">   --->   Core 127 'DSP48' <Latency = 3> <II = 1> <Delay = 0.53> <IPBlock> <Opcode : 'mul' 'add' 'sub' 'select'> <InPorts = 0> <OutPorts = 1> <Sync> <CReg>
ST_15 : Operation 191 [1/3] (0.00ns) (grouped into DSP with root node add_ln840_11)   --->   "%mul_ln1494_56 = mul i16 %sext_ln186_75, i16 %lhs"   --->   Operation 191 'mul' 'mul_ln1494_56' <Predicate = (!icmp_ln1525)> <Delay = 0.00> <CoreInst = "DSP48">   --->   Core 127 'DSP48' <Latency = 3> <II = 1> <Delay = 0.53> <IPBlock> <Opcode : 'mul' 'add' 'sub' 'select'> <InPorts = 0> <OutPorts = 1> <Sync> <CReg>
ST_15 : Operation 192 [1/1] (0.00ns) (grouped into DSP with root node add_ln840_11)   --->   "%sext_ln840_11 = sext i16 %mul_ln1494_56"   --->   Operation 192 'sext' 'sext_ln840_11' <Predicate = (!icmp_ln1525)> <Delay = 0.00>
ST_15 : Operation 193 [2/2] (0.64ns) (root node of the DSP)   --->   "%add_ln840_11 = add i32 %C_tile_V_load_11, i32 %sext_ln840_11"   --->   Operation 193 'add' 'add_ln840_11' <Predicate = (!icmp_ln1525)> <Delay = 0.64> <CoreInst = "DSP48">   --->   Core 127 'DSP48' <Latency = 3> <II = 1> <Delay = 0.53> <IPBlock> <Opcode : 'mul' 'add' 'sub' 'select'> <InPorts = 0> <OutPorts = 1> <Sync> <CReg>
ST_15 : Operation 194 [2/3] (0.99ns) (grouped into DSP with root node add_ln840_12)   --->   "%mul_ln1494_57 = mul i16 %sext_ln186_76, i16 %lhs"   --->   Operation 194 'mul' 'mul_ln1494_57' <Predicate = (!icmp_ln1525)> <Delay = 0.99> <CoreInst = "DSP48">   --->   Core 127 'DSP48' <Latency = 3> <II = 1> <Delay = 0.53> <IPBlock> <Opcode : 'mul' 'add' 'sub' 'select'> <InPorts = 0> <OutPorts = 1> <Sync> <CReg>
ST_15 : Operation 195 [1/1] (1.35ns)   --->   "%out_w1_read_28 = read i8 @_ssdm_op_Read.ap_fifo.volatile.i8P0A, i8 %out_w1" [/home/fede/PhD/transformer-hls/hls/include/linear.h:1544]   --->   Operation 195 'read' 'out_w1_read_28' <Predicate = (!icmp_ln1525)> <Delay = 1.35> <CoreInst = "FIFO_SRL">   --->   Core 81 'FIFO_SRL' <Latency = 0> <II = 1> <Delay = 1.35> <Storage> <Opcode : 'read' 'write' 'nbread' 'nbwrite'> <Ports = 0> <Width = 8> <Depth = 64> <FIFO>
ST_15 : Operation 196 [1/1] (0.00ns)   --->   "%sext_ln186_77 = sext i8 %out_w1_read_28"   --->   Operation 196 'sext' 'sext_ln186_77' <Predicate = (!icmp_ln1525)> <Delay = 0.00>
ST_15 : Operation 197 [3/3] (0.99ns) (grouped into DSP with root node add_ln840_13)   --->   "%mul_ln1494_58 = mul i16 %sext_ln186_77, i16 %lhs"   --->   Operation 197 'mul' 'mul_ln1494_58' <Predicate = (!icmp_ln1525)> <Delay = 0.99> <CoreInst = "DSP48">   --->   Core 127 'DSP48' <Latency = 3> <II = 1> <Delay = 0.53> <IPBlock> <Opcode : 'mul' 'add' 'sub' 'select'> <InPorts = 0> <OutPorts = 1> <Sync> <CReg>

State 16 <SV = 15> <Delay = 2.35>
ST_16 : Operation 198 [1/1] (1.19ns)   --->   "%store_ln1579 = store i32 %add_ln840_10, i4 %C_tile_V_addr_20" [/home/fede/PhD/transformer-hls/hls/include/linear.h:1579]   --->   Operation 198 'store' 'store_ln1579' <Predicate = (!icmp_ln1525)> <Delay = 1.19> <CoreInst = "RAM_T2P_BRAM">   --->   Core 99 'RAM_T2P_BRAM' <Latency = 1> <II = 1> <Delay = 1.19> <Storage> <Opcode : 'load' 'store'> <Ports = 2> <Width = 32> <Depth = 16> <RAM>
ST_16 : Operation 199 [1/2] (0.64ns) (root node of the DSP)   --->   "%add_ln840_11 = add i32 %C_tile_V_load_11, i32 %sext_ln840_11"   --->   Operation 199 'add' 'add_ln840_11' <Predicate = (!icmp_ln1525)> <Delay = 0.64> <CoreInst = "DSP48">   --->   Core 127 'DSP48' <Latency = 3> <II = 1> <Delay = 0.53> <IPBlock> <Opcode : 'mul' 'add' 'sub' 'select'> <InPorts = 0> <OutPorts = 1> <Sync> <CReg>
ST_16 : Operation 200 [1/1] (1.19ns)   --->   "%store_ln1579 = store i32 %add_ln840_11, i4 %C_tile_V_addr_19" [/home/fede/PhD/transformer-hls/hls/include/linear.h:1579]   --->   Operation 200 'store' 'store_ln1579' <Predicate = (!icmp_ln1525)> <Delay = 1.19> <CoreInst = "RAM_T2P_BRAM">   --->   Core 99 'RAM_T2P_BRAM' <Latency = 1> <II = 1> <Delay = 1.19> <Storage> <Opcode : 'load' 'store'> <Ports = 2> <Width = 32> <Depth = 16> <RAM>
ST_16 : Operation 201 [1/3] (0.00ns) (grouped into DSP with root node add_ln840_12)   --->   "%mul_ln1494_57 = mul i16 %sext_ln186_76, i16 %lhs"   --->   Operation 201 'mul' 'mul_ln1494_57' <Predicate = (!icmp_ln1525)> <Delay = 0.00> <CoreInst = "DSP48">   --->   Core 127 'DSP48' <Latency = 3> <II = 1> <Delay = 0.53> <IPBlock> <Opcode : 'mul' 'add' 'sub' 'select'> <InPorts = 0> <OutPorts = 1> <Sync> <CReg>
ST_16 : Operation 202 [1/1] (0.00ns) (grouped into DSP with root node add_ln840_12)   --->   "%sext_ln840_12 = sext i16 %mul_ln1494_57"   --->   Operation 202 'sext' 'sext_ln840_12' <Predicate = (!icmp_ln1525)> <Delay = 0.00>
ST_16 : Operation 203 [2/2] (0.64ns) (root node of the DSP)   --->   "%add_ln840_12 = add i32 %C_tile_V_load_12, i32 %sext_ln840_12"   --->   Operation 203 'add' 'add_ln840_12' <Predicate = (!icmp_ln1525)> <Delay = 0.64> <CoreInst = "DSP48">   --->   Core 127 'DSP48' <Latency = 3> <II = 1> <Delay = 0.53> <IPBlock> <Opcode : 'mul' 'add' 'sub' 'select'> <InPorts = 0> <OutPorts = 1> <Sync> <CReg>
ST_16 : Operation 204 [2/3] (0.99ns) (grouped into DSP with root node add_ln840_13)   --->   "%mul_ln1494_58 = mul i16 %sext_ln186_77, i16 %lhs"   --->   Operation 204 'mul' 'mul_ln1494_58' <Predicate = (!icmp_ln1525)> <Delay = 0.99> <CoreInst = "DSP48">   --->   Core 127 'DSP48' <Latency = 3> <II = 1> <Delay = 0.53> <IPBlock> <Opcode : 'mul' 'add' 'sub' 'select'> <InPorts = 0> <OutPorts = 1> <Sync> <CReg>
ST_16 : Operation 205 [1/1] (1.35ns)   --->   "%out_w1_read_29 = read i8 @_ssdm_op_Read.ap_fifo.volatile.i8P0A, i8 %out_w1" [/home/fede/PhD/transformer-hls/hls/include/linear.h:1544]   --->   Operation 205 'read' 'out_w1_read_29' <Predicate = (!icmp_ln1525)> <Delay = 1.35> <CoreInst = "FIFO_SRL">   --->   Core 81 'FIFO_SRL' <Latency = 0> <II = 1> <Delay = 1.35> <Storage> <Opcode : 'read' 'write' 'nbread' 'nbwrite'> <Ports = 0> <Width = 8> <Depth = 64> <FIFO>
ST_16 : Operation 206 [1/1] (0.00ns)   --->   "%sext_ln186_78 = sext i8 %out_w1_read_29"   --->   Operation 206 'sext' 'sext_ln186_78' <Predicate = (!icmp_ln1525)> <Delay = 0.00>
ST_16 : Operation 207 [3/3] (0.99ns) (grouped into DSP with root node add_ln840_14)   --->   "%mul_ln1494_59 = mul i16 %sext_ln186_78, i16 %lhs"   --->   Operation 207 'mul' 'mul_ln1494_59' <Predicate = (!icmp_ln1525)> <Delay = 0.99> <CoreInst = "DSP48">   --->   Core 127 'DSP48' <Latency = 3> <II = 1> <Delay = 0.53> <IPBlock> <Opcode : 'mul' 'add' 'sub' 'select'> <InPorts = 0> <OutPorts = 1> <Sync> <CReg>

State 17 <SV = 16> <Delay = 2.35>
ST_17 : Operation 208 [1/2] (0.64ns) (root node of the DSP)   --->   "%add_ln840_12 = add i32 %C_tile_V_load_12, i32 %sext_ln840_12"   --->   Operation 208 'add' 'add_ln840_12' <Predicate = true> <Delay = 0.64> <CoreInst = "DSP48">   --->   Core 127 'DSP48' <Latency = 3> <II = 1> <Delay = 0.53> <IPBlock> <Opcode : 'mul' 'add' 'sub' 'select'> <InPorts = 0> <OutPorts = 1> <Sync> <CReg>
ST_17 : Operation 209 [1/1] (1.19ns)   --->   "%store_ln1579 = store i32 %add_ln840_12, i4 %C_tile_V_addr_18" [/home/fede/PhD/transformer-hls/hls/include/linear.h:1579]   --->   Operation 209 'store' 'store_ln1579' <Predicate = true> <Delay = 1.19> <CoreInst = "RAM_T2P_BRAM">   --->   Core 99 'RAM_T2P_BRAM' <Latency = 1> <II = 1> <Delay = 1.19> <Storage> <Opcode : 'load' 'store'> <Ports = 2> <Width = 32> <Depth = 16> <RAM>
ST_17 : Operation 210 [1/3] (0.00ns) (grouped into DSP with root node add_ln840_13)   --->   "%mul_ln1494_58 = mul i16 %sext_ln186_77, i16 %lhs"   --->   Operation 210 'mul' 'mul_ln1494_58' <Predicate = true> <Delay = 0.00> <CoreInst = "DSP48">   --->   Core 127 'DSP48' <Latency = 3> <II = 1> <Delay = 0.53> <IPBlock> <Opcode : 'mul' 'add' 'sub' 'select'> <InPorts = 0> <OutPorts = 1> <Sync> <CReg>
ST_17 : Operation 211 [1/1] (0.00ns) (grouped into DSP with root node add_ln840_13)   --->   "%sext_ln840_13 = sext i16 %mul_ln1494_58"   --->   Operation 211 'sext' 'sext_ln840_13' <Predicate = true> <Delay = 0.00>
ST_17 : Operation 212 [2/2] (0.64ns) (root node of the DSP)   --->   "%add_ln840_13 = add i32 %C_tile_V_load_13, i32 %sext_ln840_13"   --->   Operation 212 'add' 'add_ln840_13' <Predicate = true> <Delay = 0.64> <CoreInst = "DSP48">   --->   Core 127 'DSP48' <Latency = 3> <II = 1> <Delay = 0.53> <IPBlock> <Opcode : 'mul' 'add' 'sub' 'select'> <InPorts = 0> <OutPorts = 1> <Sync> <CReg>
ST_17 : Operation 213 [2/3] (0.99ns) (grouped into DSP with root node add_ln840_14)   --->   "%mul_ln1494_59 = mul i16 %sext_ln186_78, i16 %lhs"   --->   Operation 213 'mul' 'mul_ln1494_59' <Predicate = true> <Delay = 0.99> <CoreInst = "DSP48">   --->   Core 127 'DSP48' <Latency = 3> <II = 1> <Delay = 0.53> <IPBlock> <Opcode : 'mul' 'add' 'sub' 'select'> <InPorts = 0> <OutPorts = 1> <Sync> <CReg>
ST_17 : Operation 214 [1/1] (1.35ns)   --->   "%out_w1_read_30 = read i8 @_ssdm_op_Read.ap_fifo.volatile.i8P0A, i8 %out_w1" [/home/fede/PhD/transformer-hls/hls/include/linear.h:1544]   --->   Operation 214 'read' 'out_w1_read_30' <Predicate = true> <Delay = 1.35> <CoreInst = "FIFO_SRL">   --->   Core 81 'FIFO_SRL' <Latency = 0> <II = 1> <Delay = 1.35> <Storage> <Opcode : 'read' 'write' 'nbread' 'nbwrite'> <Ports = 0> <Width = 8> <Depth = 64> <FIFO>
ST_17 : Operation 215 [1/1] (0.00ns)   --->   "%sext_ln186_79 = sext i8 %out_w1_read_30"   --->   Operation 215 'sext' 'sext_ln186_79' <Predicate = true> <Delay = 0.00>
ST_17 : Operation 216 [3/3] (0.99ns) (grouped into DSP with root node add_ln840_15)   --->   "%mul_ln1494_60 = mul i16 %sext_ln186_79, i16 %lhs"   --->   Operation 216 'mul' 'mul_ln1494_60' <Predicate = true> <Delay = 0.99> <CoreInst = "DSP48">   --->   Core 127 'DSP48' <Latency = 3> <II = 1> <Delay = 0.53> <IPBlock> <Opcode : 'mul' 'add' 'sub' 'select'> <InPorts = 0> <OutPorts = 1> <Sync> <CReg>

State 18 <SV = 17> <Delay = 1.84>
ST_18 : Operation 217 [1/2] (0.64ns) (root node of the DSP)   --->   "%add_ln840_13 = add i32 %C_tile_V_load_13, i32 %sext_ln840_13"   --->   Operation 217 'add' 'add_ln840_13' <Predicate = true> <Delay = 0.64> <CoreInst = "DSP48">   --->   Core 127 'DSP48' <Latency = 3> <II = 1> <Delay = 0.53> <IPBlock> <Opcode : 'mul' 'add' 'sub' 'select'> <InPorts = 0> <OutPorts = 1> <Sync> <CReg>
ST_18 : Operation 218 [1/1] (1.19ns)   --->   "%store_ln1579 = store i32 %add_ln840_13, i4 %C_tile_V_addr_17" [/home/fede/PhD/transformer-hls/hls/include/linear.h:1579]   --->   Operation 218 'store' 'store_ln1579' <Predicate = true> <Delay = 1.19> <CoreInst = "RAM_T2P_BRAM">   --->   Core 99 'RAM_T2P_BRAM' <Latency = 1> <II = 1> <Delay = 1.19> <Storage> <Opcode : 'load' 'store'> <Ports = 2> <Width = 32> <Depth = 16> <RAM>
ST_18 : Operation 219 [1/3] (0.00ns) (grouped into DSP with root node add_ln840_14)   --->   "%mul_ln1494_59 = mul i16 %sext_ln186_78, i16 %lhs"   --->   Operation 219 'mul' 'mul_ln1494_59' <Predicate = true> <Delay = 0.00> <CoreInst = "DSP48">   --->   Core 127 'DSP48' <Latency = 3> <II = 1> <Delay = 0.53> <IPBlock> <Opcode : 'mul' 'add' 'sub' 'select'> <InPorts = 0> <OutPorts = 1> <Sync> <CReg>
ST_18 : Operation 220 [1/1] (0.00ns) (grouped into DSP with root node add_ln840_14)   --->   "%sext_ln840_14 = sext i16 %mul_ln1494_59"   --->   Operation 220 'sext' 'sext_ln840_14' <Predicate = true> <Delay = 0.00>
ST_18 : Operation 221 [2/2] (0.64ns) (root node of the DSP)   --->   "%add_ln840_14 = add i32 %C_tile_V_load_14, i32 %sext_ln840_14"   --->   Operation 221 'add' 'add_ln840_14' <Predicate = true> <Delay = 0.64> <CoreInst = "DSP48">   --->   Core 127 'DSP48' <Latency = 3> <II = 1> <Delay = 0.53> <IPBlock> <Opcode : 'mul' 'add' 'sub' 'select'> <InPorts = 0> <OutPorts = 1> <Sync> <CReg>
ST_18 : Operation 222 [2/3] (0.99ns) (grouped into DSP with root node add_ln840_15)   --->   "%mul_ln1494_60 = mul i16 %sext_ln186_79, i16 %lhs"   --->   Operation 222 'mul' 'mul_ln1494_60' <Predicate = true> <Delay = 0.99> <CoreInst = "DSP48">   --->   Core 127 'DSP48' <Latency = 3> <II = 1> <Delay = 0.53> <IPBlock> <Opcode : 'mul' 'add' 'sub' 'select'> <InPorts = 0> <OutPorts = 1> <Sync> <CReg>

State 19 <SV = 18> <Delay = 1.84>
ST_19 : Operation 223 [1/2] (0.64ns) (root node of the DSP)   --->   "%add_ln840_14 = add i32 %C_tile_V_load_14, i32 %sext_ln840_14"   --->   Operation 223 'add' 'add_ln840_14' <Predicate = true> <Delay = 0.64> <CoreInst = "DSP48">   --->   Core 127 'DSP48' <Latency = 3> <II = 1> <Delay = 0.53> <IPBlock> <Opcode : 'mul' 'add' 'sub' 'select'> <InPorts = 0> <OutPorts = 1> <Sync> <CReg>
ST_19 : Operation 224 [1/1] (1.19ns)   --->   "%store_ln1579 = store i32 %add_ln840_14, i4 %C_tile_V_addr_16" [/home/fede/PhD/transformer-hls/hls/include/linear.h:1579]   --->   Operation 224 'store' 'store_ln1579' <Predicate = true> <Delay = 1.19> <CoreInst = "RAM_T2P_BRAM">   --->   Core 99 'RAM_T2P_BRAM' <Latency = 1> <II = 1> <Delay = 1.19> <Storage> <Opcode : 'load' 'store'> <Ports = 2> <Width = 32> <Depth = 16> <RAM>
ST_19 : Operation 225 [1/3] (0.00ns) (grouped into DSP with root node add_ln840_15)   --->   "%mul_ln1494_60 = mul i16 %sext_ln186_79, i16 %lhs"   --->   Operation 225 'mul' 'mul_ln1494_60' <Predicate = true> <Delay = 0.00> <CoreInst = "DSP48">   --->   Core 127 'DSP48' <Latency = 3> <II = 1> <Delay = 0.53> <IPBlock> <Opcode : 'mul' 'add' 'sub' 'select'> <InPorts = 0> <OutPorts = 1> <Sync> <CReg>
ST_19 : Operation 226 [1/1] (0.00ns) (grouped into DSP with root node add_ln840_15)   --->   "%sext_ln840_15 = sext i16 %mul_ln1494_60"   --->   Operation 226 'sext' 'sext_ln840_15' <Predicate = true> <Delay = 0.00>
ST_19 : Operation 227 [2/2] (0.64ns) (root node of the DSP)   --->   "%add_ln840_15 = add i32 %C_tile_V_load_15, i32 %sext_ln840_15"   --->   Operation 227 'add' 'add_ln840_15' <Predicate = true> <Delay = 0.64> <CoreInst = "DSP48">   --->   Core 127 'DSP48' <Latency = 3> <II = 1> <Delay = 0.53> <IPBlock> <Opcode : 'mul' 'add' 'sub' 'select'> <InPorts = 0> <OutPorts = 1> <Sync> <CReg>

State 20 <SV = 19> <Delay = 1.84>
ST_20 : Operation 228 [1/1] (0.00ns)   --->   "%specloopname_ln1525 = specloopname void @_ssdm_op_SpecLoopName, void @empty_37" [/home/fede/PhD/transformer-hls/hls/include/linear.h:1525]   --->   Operation 228 'specloopname' 'specloopname_ln1525' <Predicate = true> <Delay = 0.00>
ST_20 : Operation 229 [1/2] (0.64ns) (root node of the DSP)   --->   "%add_ln840_15 = add i32 %C_tile_V_load_15, i32 %sext_ln840_15"   --->   Operation 229 'add' 'add_ln840_15' <Predicate = true> <Delay = 0.64> <CoreInst = "DSP48">   --->   Core 127 'DSP48' <Latency = 3> <II = 1> <Delay = 0.53> <IPBlock> <Opcode : 'mul' 'add' 'sub' 'select'> <InPorts = 0> <OutPorts = 1> <Sync> <CReg>
ST_20 : Operation 230 [1/1] (1.19ns)   --->   "%store_ln1579 = store i32 %add_ln840_15, i4 %C_tile_V_addr" [/home/fede/PhD/transformer-hls/hls/include/linear.h:1579]   --->   Operation 230 'store' 'store_ln1579' <Predicate = true> <Delay = 1.19> <CoreInst = "RAM_T2P_BRAM">   --->   Core 99 'RAM_T2P_BRAM' <Latency = 1> <II = 1> <Delay = 1.19> <Storage> <Opcode : 'load' 'store'> <Ports = 2> <Width = 32> <Depth = 16> <RAM>
ST_20 : Operation 231 [1/1] (0.00ns)   --->   "%br_ln1525 = br void %VITIS_LOOP_1527_7" [/home/fede/PhD/transformer-hls/hls/include/linear.h:1525]   --->   Operation 231 'br' 'br_ln1525' <Predicate = true> <Delay = 0.00>


============================================================
+ Verbose Summary: Timing violations
============================================================
Target clock period: 10ns, clock uncertainty: 2.7ns.

 <State 1>: 1.2ns
The critical path consists of the following:
	'getelementptr' operation ('C_tile_V_addr_30') [27]  (0 ns)
	'load' operation ('C_tile_V_load', /home/fede/PhD/transformer-hls/hls/include/linear.h:1555) on array 'C_tile_V' [38]  (1.2 ns)

 <State 2>: 2.35ns
The critical path consists of the following:
	fifo read operation ('out_w1_read', /home/fede/PhD/transformer-hls/hls/include/linear.h:1544) on port 'out_w1' (/home/fede/PhD/transformer-hls/hls/include/linear.h:1544) [37]  (1.36 ns)
	'mul' operation of DSP[42] ('mul_ln1494') [40]  (0.996 ns)

 <State 3>: 2.35ns
The critical path consists of the following:
	fifo read operation ('out_w1_read_16', /home/fede/PhD/transformer-hls/hls/include/linear.h:1544) on port 'out_w1' (/home/fede/PhD/transformer-hls/hls/include/linear.h:1544) [44]  (1.36 ns)
	'mul' operation of DSP[49] ('mul_ln1494_46') [47]  (0.996 ns)

 <State 4>: 2.35ns
The critical path consists of the following:
	fifo read operation ('out_w1_read_17', /home/fede/PhD/transformer-hls/hls/include/linear.h:1544) on port 'out_w1' (/home/fede/PhD/transformer-hls/hls/include/linear.h:1544) [51]  (1.36 ns)
	'mul' operation of DSP[56] ('mul_ln1494_47') [54]  (0.996 ns)

 <State 5>: 2.35ns
The critical path consists of the following:
	fifo read operation ('out_w1_read_18', /home/fede/PhD/transformer-hls/hls/include/linear.h:1544) on port 'out_w1' (/home/fede/PhD/transformer-hls/hls/include/linear.h:1544) [58]  (1.36 ns)
	'mul' operation of DSP[63] ('mul_ln1494_48') [61]  (0.996 ns)

 <State 6>: 2.35ns
The critical path consists of the following:
	fifo read operation ('out_w1_read_19', /home/fede/PhD/transformer-hls/hls/include/linear.h:1544) on port 'out_w1' (/home/fede/PhD/transformer-hls/hls/include/linear.h:1544) [65]  (1.36 ns)
	'mul' operation of DSP[70] ('mul_ln1494_49') [68]  (0.996 ns)

 <State 7>: 2.35ns
The critical path consists of the following:
	fifo read operation ('out_w1_read_20', /home/fede/PhD/transformer-hls/hls/include/linear.h:1544) on port 'out_w1' (/home/fede/PhD/transformer-hls/hls/include/linear.h:1544) [72]  (1.36 ns)
	'mul' operation of DSP[77] ('mul_ln1494_50') [75]  (0.996 ns)

 <State 8>: 2.35ns
The critical path consists of the following:
	fifo read operation ('out_w1_read_21', /home/fede/PhD/transformer-hls/hls/include/linear.h:1544) on port 'out_w1' (/home/fede/PhD/transformer-hls/hls/include/linear.h:1544) [79]  (1.36 ns)
	'mul' operation of DSP[84] ('mul_ln1494_51') [82]  (0.996 ns)

 <State 9>: 2.35ns
The critical path consists of the following:
	fifo read operation ('out_w1_read_22', /home/fede/PhD/transformer-hls/hls/include/linear.h:1544) on port 'out_w1' (/home/fede/PhD/transformer-hls/hls/include/linear.h:1544) [86]  (1.36 ns)
	'mul' operation of DSP[91] ('mul_ln1494_52') [89]  (0.996 ns)

 <State 10>: 2.35ns
The critical path consists of the following:
	fifo read operation ('out_w1_read_23', /home/fede/PhD/transformer-hls/hls/include/linear.h:1544) on port 'out_w1' (/home/fede/PhD/transformer-hls/hls/include/linear.h:1544) [93]  (1.36 ns)
	'mul' operation of DSP[98] ('mul_ln1494_53') [96]  (0.996 ns)

 <State 11>: 2.35ns
The critical path consists of the following:
	fifo read operation ('out_w1_read_24', /home/fede/PhD/transformer-hls/hls/include/linear.h:1544) on port 'out_w1' (/home/fede/PhD/transformer-hls/hls/include/linear.h:1544) [100]  (1.36 ns)
	'mul' operation of DSP[105] ('mul_ln1494_54') [103]  (0.996 ns)

 <State 12>: 2.35ns
The critical path consists of the following:
	fifo read operation ('out_w1_read_25', /home/fede/PhD/transformer-hls/hls/include/linear.h:1544) on port 'out_w1' (/home/fede/PhD/transformer-hls/hls/include/linear.h:1544) [107]  (1.36 ns)
	'mul' operation of DSP[112] ('mul_ln1494_55') [110]  (0.996 ns)

 <State 13>: 2.35ns
The critical path consists of the following:
	fifo read operation ('out_w1_read_26', /home/fede/PhD/transformer-hls/hls/include/linear.h:1544) on port 'out_w1' (/home/fede/PhD/transformer-hls/hls/include/linear.h:1544) [114]  (1.36 ns)
	'mul' operation of DSP[119] ('mul_ln1494_56') [117]  (0.996 ns)

 <State 14>: 2.35ns
The critical path consists of the following:
	fifo read operation ('out_w1_read_27', /home/fede/PhD/transformer-hls/hls/include/linear.h:1544) on port 'out_w1' (/home/fede/PhD/transformer-hls/hls/include/linear.h:1544) [121]  (1.36 ns)
	'mul' operation of DSP[126] ('mul_ln1494_57') [124]  (0.996 ns)

 <State 15>: 2.35ns
The critical path consists of the following:
	fifo read operation ('out_w1_read_28', /home/fede/PhD/transformer-hls/hls/include/linear.h:1544) on port 'out_w1' (/home/fede/PhD/transformer-hls/hls/include/linear.h:1544) [128]  (1.36 ns)
	'mul' operation of DSP[133] ('mul_ln1494_58') [131]  (0.996 ns)

 <State 16>: 2.35ns
The critical path consists of the following:
	fifo read operation ('out_w1_read_29', /home/fede/PhD/transformer-hls/hls/include/linear.h:1544) on port 'out_w1' (/home/fede/PhD/transformer-hls/hls/include/linear.h:1544) [135]  (1.36 ns)
	'mul' operation of DSP[140] ('mul_ln1494_59') [138]  (0.996 ns)

 <State 17>: 2.35ns
The critical path consists of the following:
	fifo read operation ('out_w1_read_30', /home/fede/PhD/transformer-hls/hls/include/linear.h:1544) on port 'out_w1' (/home/fede/PhD/transformer-hls/hls/include/linear.h:1544) [142]  (1.36 ns)
	'mul' operation of DSP[147] ('mul_ln1494_60') [145]  (0.996 ns)

 <State 18>: 1.84ns
The critical path consists of the following:
	'add' operation of DSP[133] ('add_ln840_13') [133]  (0.645 ns)
	'store' operation ('store_ln1579', /home/fede/PhD/transformer-hls/hls/include/linear.h:1579) of variable 'add_ln840_13' on array 'C_tile_V' [134]  (1.2 ns)

 <State 19>: 1.84ns
The critical path consists of the following:
	'add' operation of DSP[140] ('add_ln840_14') [140]  (0.645 ns)
	'store' operation ('store_ln1579', /home/fede/PhD/transformer-hls/hls/include/linear.h:1579) of variable 'add_ln840_14' on array 'C_tile_V' [141]  (1.2 ns)

 <State 20>: 1.84ns
The critical path consists of the following:
	'add' operation of DSP[147] ('add_ln840_15') [147]  (0.645 ns)
	'store' operation ('store_ln1579', /home/fede/PhD/transformer-hls/hls/include/linear.h:1579) of variable 'add_ln840_15' on array 'C_tile_V' [148]  (1.2 ns)


============================================================
+ Verbose Summary: Binding
============================================================
N/A
* FSMD analyzer results:
  - Output states:
 - Input state : 
  - Chain level:
	State 1
	State 2
	State 3
	State 4
	State 5
	State 6
	State 7
	State 8
	State 9
	State 10
	State 11
	State 12
	State 13
	State 14
	State 15
	State 16
	State 17
	State 18
	State 19
	State 20


============================================================
+ Verbose Summary: Datapath Resource usage 
============================================================
N/A
