

================================================================
== Vitis HLS Report for 'Linear_Layer_Pipeline_VITIS_LOOP_1512_2_5'
================================================================
* Date:           Fri Jun 19 14:57:20 2026

* Version:        2022.2 (Build 3670227 on Oct 13 2022)
* Project:        ViT_Block
* Solution:       ViT_Block (Vivado IP Flow Target)
* Product family: zynquplus
* Target device:  xck26-sfvc784-2LV-c


================================================================
== Performance Estimates
================================================================
+ Timing: 
    * Summary: 
    +--------+----------+----------+------------+
    |  Clock |  Target  | Estimated| Uncertainty|
    +--------+----------+----------+------------+
    |ap_clk  |  10.00 ns|  1.914 ns|     2.70 ns|
    +--------+----------+----------+------------+

+ Latency: 
    * Summary: 
    +---------+---------+----------+----------+-----+-----+---------+
    |  Latency (cycles) |  Latency (absolute) |  Interval | Pipeline|
    |   min   |   max   |    min   |    max   | min | max |   Type  |
    +---------+---------+----------+----------+-----+-----+---------+
    |       18|       18|  0.180 us|  0.180 us|   18|   18|       no|
    +---------+---------+----------+----------+-----+-----+---------+

    + Detail: 
        * Instance: 
        N/A

        * Loop: 
        +---------------------+---------+---------+----------+-----------+-----------+------+----------+
        |                     |  Latency (cycles) | Iteration|  Initiation Interval  | Trip |          |
        |      Loop Name      |   min   |   max   |  Latency |  achieved |   target  | Count| Pipelined|
        +---------------------+---------+---------+----------+-----------+-----------+------+----------+
        |- VITIS_LOOP_1512_2  |       16|       16|         2|          1|          1|    16|       yes|
        +---------------------+---------+---------+----------+-----------+-----------+------+----------+



================================================================
== Utilization Estimates
================================================================
* Summary: 
+-----------------+---------+------+--------+--------+-----+
|       Name      | BRAM_18K|  DSP |   FF   |   LUT  | URAM|
+-----------------+---------+------+--------+--------+-----+
|DSP              |        -|     -|       -|       -|    -|
|Expression       |        -|     -|       0|      24|    -|
|FIFO             |        -|     -|       -|       -|    -|
|Instance         |        -|     -|       -|       -|    -|
|Memory           |        0|     -|      14|       4|    -|
|Multiplexer      |        -|     -|       -|      36|    -|
|Register         |        -|     -|      13|       -|    -|
+-----------------+---------+------+--------+--------+-----+
|Total            |        0|     0|      27|      64|    0|
+-----------------+---------+------+--------+--------+-----+
|Available        |      288|  1248|  234240|  117120|   64|
+-----------------+---------+------+--------+--------+-----+
|Utilization (%)  |        0|     0|      ~0|      ~0|    0|
+-----------------+---------+------+--------+--------+-----+

+ Detail: 
    * Instance: 
    N/A

    * DSP: 
    N/A

    * Memory: 
    +--------------+------------------------------------------------------------------+---------+----+----+-----+------+-----+------+-------------+
    |    Memory    |                              Module                              | BRAM_18K| FF | LUT| URAM| Words| Bits| Banks| W*Bits*Banks|
    +--------------+------------------------------------------------------------------+---------+----+----+-----+------+-----+------+-------------+
    |bias_k_0_V_U  |Linear_Layer_Pipeline_VITIS_LOOP_1512_2_5_bias_k_0_V_ROM_AUTO_1R  |        0|  14|   4|    0|    16|   14|     1|          224|
    +--------------+------------------------------------------------------------------+---------+----+----+-----+------+-----+------+-------------+
    |Total         |                                                                  |        0|  14|   4|    0|    16|   14|     1|          224|
    +--------------+------------------------------------------------------------------+---------+----+----+-----+------+-----+------+-------------+

    * FIFO: 
    N/A

    * Expression: 
    +----------------------+----------+----+---+----+------------+------------+
    |     Variable Name    | Operation| DSP| FF| LUT| Bitwidth P0| Bitwidth P1|
    +----------------------+----------+----+---+----+------------+------------+
    |add_ln1512_fu_82_p2   |         +|   0|  0|  12|           5|           1|
    |icmp_ln1512_fu_76_p2  |      icmp|   0|  0|  10|           5|           6|
    |ap_enable_pp0         |       xor|   0|  0|   2|           1|           2|
    +----------------------+----------+----+---+----+------------+------------+
    |Total                 |          |   0|  0|  24|          11|           9|
    +----------------------+----------+----+---+----+------------+------------+

    * Multiplexer: 
    +-------------------------+----+-----------+-----+-----------+
    |           Name          | LUT| Input Size| Bits| Total Bits|
    +-------------------------+----+-----------+-----+-----------+
    |ap_done_int              |   9|          2|    1|          2|
    |ap_enable_reg_pp0_iter1  |   9|          2|    1|          2|
    |ap_sig_allocacmp_n_8     |   9|          2|    5|         10|
    |n_fu_38                  |   9|          2|    5|         10|
    +-------------------------+----+-----------+-----+-----------+
    |Total                    |  36|          8|   12|         24|
    +-------------------------+----+-----------+-----+-----------+

    * Register: 
    +-------------------------+---+----+-----+-----------+
    |           Name          | FF| LUT| Bits| Const Bits|
    +-------------------------+---+----+-----+-----------+
    |ap_CS_fsm                |  1|   0|    1|          0|
    |ap_done_reg              |  1|   0|    1|          0|
    |ap_enable_reg_pp0_iter1  |  1|   0|    1|          0|
    |n_cast_reg_113           |  5|   0|   64|         59|
    |n_fu_38                  |  5|   0|    5|          0|
    +-------------------------+---+----+-----+-----------+
    |Total                    | 13|   0|   72|         59|
    +-------------------------+---+----+-----+-----------+



================================================================
== Interface
================================================================
* Summary: 
+-------------------+-----+-----+------------+-------------------------------------------+--------------+
|     RTL Ports     | Dir | Bits|  Protocol  |               Source Object               |    C Type    |
+-------------------+-----+-----+------------+-------------------------------------------+--------------+
|ap_clk             |   in|    1|  ap_ctrl_hs|  Linear_Layer_Pipeline_VITIS_LOOP_1512_2.5|  return value|
|ap_rst             |   in|    1|  ap_ctrl_hs|  Linear_Layer_Pipeline_VITIS_LOOP_1512_2.5|  return value|
|ap_start           |   in|    1|  ap_ctrl_hs|  Linear_Layer_Pipeline_VITIS_LOOP_1512_2.5|  return value|
|ap_done            |  out|    1|  ap_ctrl_hs|  Linear_Layer_Pipeline_VITIS_LOOP_1512_2.5|  return value|
|ap_idle            |  out|    1|  ap_ctrl_hs|  Linear_Layer_Pipeline_VITIS_LOOP_1512_2.5|  return value|
|ap_ready           |  out|    1|  ap_ctrl_hs|  Linear_Layer_Pipeline_VITIS_LOOP_1512_2.5|  return value|
|C_tile_V_address0  |  out|    4|   ap_memory|                                   C_tile_V|         array|
|C_tile_V_ce0       |  out|    1|   ap_memory|                                   C_tile_V|         array|
|C_tile_V_we0       |  out|    1|   ap_memory|                                   C_tile_V|         array|
|C_tile_V_d0        |  out|   32|   ap_memory|                                   C_tile_V|         array|
+-------------------+-----+-----+------------+-------------------------------------------+--------------+

============================================================
+ Verbose Summary: Synthesis Manager
============================================================
InlineROM: 1
ExposeGlobal: 0
============================================================
+ Verbose Summary: CDFG Model
============================================================
IsTopModel: 0
ResetActiveHigh: 1
IsCombinational: 2
IsDatapathOnly: 2
HasWiredReturn: 1
HasMFsm: 2
HasVarLatency: 1
IsPipeline: 0
IsRtlPipelined: 0
IsInstanceOverlapped: 0
IsDontTouch: 0
HasImplIP: 0
IsGatedGlobalClock: 0

+ Individual pipeline summary: 
  * Pipeline-0: initiation interval (II) = 1, depth = 2


============================================================
+ Verbose Summary: Schedule
============================================================
* Number of FSM states : 2
* Pipeline : 1
  Pipeline-0 : II = 1, D = 2, States = { 1 2 }
* Dataflow Pipeline: 0

* FSM state transitions: 
1 --> 2 
2 --> 

* FSM state operations: 

State 1 <SV = 0> <Delay = 1.21>
ST_1 : Operation 5 [1/1] (0.00ns)   --->   "%n = alloca i32 1"   --->   Operation 5 'alloca' 'n' <Predicate = true> <Delay = 0.00>
ST_1 : Operation 6 [1/1] (0.00ns)   --->   "%specmemcore_ln0 = specmemcore void @_ssdm_op_SpecMemCore, i32 %C_tile_V, i64 666, i64 30, i64 18446744073709551615"   --->   Operation 6 'specmemcore' 'specmemcore_ln0' <Predicate = true> <Delay = 0.00>
ST_1 : Operation 7 [1/1] (0.42ns)   --->   "%store_ln0 = store i5 0, i5 %n"   --->   Operation 7 'store' 'store_ln0' <Predicate = true> <Delay = 0.42>
ST_1 : Operation 8 [1/1] (0.00ns)   --->   "%br_ln0 = br void %VITIS_LOOP_1513_3"   --->   Operation 8 'br' 'br_ln0' <Predicate = true> <Delay = 0.00>
ST_1 : Operation 9 [1/1] (0.00ns)   --->   "%n_8 = load i5 %n" [/home/fede/PhD/transformer-hls/hls/include/linear.h:1512]   --->   Operation 9 'load' 'n_8' <Predicate = true> <Delay = 0.00>
ST_1 : Operation 10 [1/1] (0.00ns)   --->   "%specpipeline_ln0 = specpipeline void @_ssdm_op_SpecPipeline, i32 4294967295, i32 0, i32 1, i32 0, void @p_str"   --->   Operation 10 'specpipeline' 'specpipeline_ln0' <Predicate = true> <Delay = 0.00>
ST_1 : Operation 11 [1/1] (0.75ns)   --->   "%icmp_ln1512 = icmp_eq  i5 %n_8, i5 16" [/home/fede/PhD/transformer-hls/hls/include/linear.h:1512]   --->   Operation 11 'icmp' 'icmp_ln1512' <Predicate = true> <Delay = 0.75> <CoreInst = "Cmp">   --->   Core 9 'Cmp' <Latency = 0> <II = 1> <Delay = 0.78> <FuncUnit> <Opcode : 'icmp'> <InPorts = 2> <OutPorts = 1>
ST_1 : Operation 12 [1/1] (0.00ns)   --->   "%empty = speclooptripcount i32 @_ssdm_op_SpecLoopTripCount, i64 16, i64 16, i64 16"   --->   Operation 12 'speclooptripcount' 'empty' <Predicate = true> <Delay = 0.00>
ST_1 : Operation 13 [1/1] (0.78ns)   --->   "%add_ln1512 = add i5 %n_8, i5 1" [/home/fede/PhD/transformer-hls/hls/include/linear.h:1512]   --->   Operation 13 'add' 'add_ln1512' <Predicate = true> <Delay = 0.78> <CoreInst = "Adder">   --->   Core 1 'Adder' <Latency = 0> <II = 1> <Delay = 0.78> <FuncUnit> <Opcode : 'add' 'sub'> <InPorts = 2> <OutPorts = 1>
ST_1 : Operation 14 [1/1] (0.00ns)   --->   "%br_ln1512 = br i1 %icmp_ln1512, void %VITIS_LOOP_1513_3.split, void %VITIS_LOOP_1527_7.preheader.exitStub" [/home/fede/PhD/transformer-hls/hls/include/linear.h:1512]   --->   Operation 14 'br' 'br_ln1512' <Predicate = true> <Delay = 0.00>
ST_1 : Operation 15 [1/1] (0.00ns)   --->   "%n_cast = zext i5 %n_8" [/home/fede/PhD/transformer-hls/hls/include/linear.h:1512]   --->   Operation 15 'zext' 'n_cast' <Predicate = (!icmp_ln1512)> <Delay = 0.00>
ST_1 : Operation 16 [1/1] (0.00ns)   --->   "%bias_k_0_V_addr = getelementptr i14 %bias_k_0_V, i64 0, i64 %n_cast" [/home/fede/PhD/transformer-hls/hls/include/linear.h:1512]   --->   Operation 16 'getelementptr' 'bias_k_0_V_addr' <Predicate = (!icmp_ln1512)> <Delay = 0.00>
ST_1 : Operation 17 [2/2] (0.67ns)   --->   "%bias_k_0_V_load = load i4 %bias_k_0_V_addr" [/home/fede/PhD/transformer-hls/hls/include/linear.h:1512]   --->   Operation 17 'load' 'bias_k_0_V_load' <Predicate = (!icmp_ln1512)> <Delay = 0.67> <CoreInst = "ROM">   --->   Core 101 'ROM' <Latency = 1> <II = 1> <Delay = 0.67> <Storage> <Opcode : 'load'> <Ports = 0> <Width = 14> <Depth = 16> <ROM>
ST_1 : Operation 18 [1/1] (0.42ns)   --->   "%store_ln1512 = store i5 %add_ln1512, i5 %n" [/home/fede/PhD/transformer-hls/hls/include/linear.h:1512]   --->   Operation 18 'store' 'store_ln1512' <Predicate = (!icmp_ln1512)> <Delay = 0.42>
ST_1 : Operation 25 [1/1] (0.00ns)   --->   "%ret_ln0 = ret"   --->   Operation 25 'ret' 'ret_ln0' <Predicate = (icmp_ln1512)> <Delay = 0.00>

State 2 <SV = 1> <Delay = 1.91>
ST_2 : Operation 19 [1/1] (0.00ns)   --->   "%C_tile_V_addr = getelementptr i32 %C_tile_V, i64 0, i64 %n_cast" [/home/fede/PhD/transformer-hls/hls/include/linear.h:1519]   --->   Operation 19 'getelementptr' 'C_tile_V_addr' <Predicate = true> <Delay = 0.00>
ST_2 : Operation 20 [1/1] (0.00ns)   --->   "%specloopname_ln1512 = specloopname void @_ssdm_op_SpecLoopName, void @empty_33" [/home/fede/PhD/transformer-hls/hls/include/linear.h:1512]   --->   Operation 20 'specloopname' 'specloopname_ln1512' <Predicate = true> <Delay = 0.00>
ST_2 : Operation 21 [1/2] (0.67ns)   --->   "%bias_k_0_V_load = load i4 %bias_k_0_V_addr" [/home/fede/PhD/transformer-hls/hls/include/linear.h:1512]   --->   Operation 21 'load' 'bias_k_0_V_load' <Predicate = true> <Delay = 0.67> <CoreInst = "ROM">   --->   Core 101 'ROM' <Latency = 1> <II = 1> <Delay = 0.67> <Storage> <Opcode : 'load'> <Ports = 0> <Width = 14> <Depth = 16> <ROM>
ST_2 : Operation 22 [1/1] (0.00ns)   --->   "%bias_k_0_V_load_cast = sext i14 %bias_k_0_V_load" [/home/fede/PhD/transformer-hls/hls/include/linear.h:1512]   --->   Operation 22 'sext' 'bias_k_0_V_load_cast' <Predicate = true> <Delay = 0.00>
ST_2 : Operation 23 [1/1] (1.23ns)   --->   "%store_ln1519 = store i32 %bias_k_0_V_load_cast, i4 %C_tile_V_addr" [/home/fede/PhD/transformer-hls/hls/include/linear.h:1519]   --->   Operation 23 'store' 'store_ln1519' <Predicate = true> <Delay = 1.23> <CoreInst = "RAM_T2P_BRAM">   --->   Core 99 'RAM_T2P_BRAM' <Latency = 1> <II = 1> <Delay = 1.23> <Storage> <Opcode : 'load' 'store'> <Ports = 2> <Width = 32> <Depth = 16> <RAM>
ST_2 : Operation 24 [1/1] (0.00ns)   --->   "%br_ln1512 = br void %VITIS_LOOP_1513_3" [/home/fede/PhD/transformer-hls/hls/include/linear.h:1512]   --->   Operation 24 'br' 'br_ln1512' <Predicate = true> <Delay = 0.00>


============================================================
+ Verbose Summary: Binding
============================================================
STG Binding: 
---------------- STG Properties BEGIN ----------------
- Is combinational: 0
- Is one-state seq: 0
- Is datapath-only: 0
- Is pipelined: 0
- Is top level: 0
Port [ Return ] is wired: 1; IO mode=ap_ctrl_hs:ce=0
Port [ C_tile_V]:  wired=1; compound=1; hidden=0; nouse=0; global=0; static=0; extern=0; dir=1; type=1; pingpong=0; private_global=0; MemPort=[03]; IO mode=ap_memory:ce=0
Port [ bias_k_0_V]:  wired=0; compound=1; hidden=1; nouse=0; global=1; static=1; extern=0; dir=0; type=1; pingpong=0; private_global=1; MemPort=[1]; IO mode=ap_memory:ce=0
---------------- STG Properties END ------------------

---------------- Datapath Model BEGIN ----------------

<LifeTime>
<method=bitvector/>
n                    (alloca           ) [ 010]
specmemcore_ln0      (specmemcore      ) [ 000]
store_ln0            (store            ) [ 000]
br_ln0               (br               ) [ 000]
n_8                  (load             ) [ 000]
specpipeline_ln0     (specpipeline     ) [ 000]
icmp_ln1512          (icmp             ) [ 010]
empty                (speclooptripcount) [ 000]
add_ln1512           (add              ) [ 000]
br_ln1512            (br               ) [ 000]
n_cast               (zext             ) [ 011]
bias_k_0_V_addr      (getelementptr    ) [ 011]
store_ln1512         (store            ) [ 000]
C_tile_V_addr        (getelementptr    ) [ 000]
specloopname_ln1512  (specloopname     ) [ 000]
bias_k_0_V_load      (load             ) [ 000]
bias_k_0_V_load_cast (sext             ) [ 000]
store_ln1519         (store            ) [ 000]
br_ln1512            (br               ) [ 000]
ret_ln0              (ret              ) [ 000]
</LifeTime>

<model>

<comp_list>
<comp id="0" class="1000" name="C_tile_V">
<pin_list>
<pin id="1" dir="1" index="0" bw="1" slack="0"/>
</pin_list>
<bind>
<StgValue><ssdm name="C_tile_V"/><MemPortTyVec>0 3 </MemPortTyVec>
</StgValue>
</bind>
</comp>

<comp id="2" class="1000" name="bias_k_0_V">
<pin_list>
<pin id="3" dir="1" index="0" bw="1" slack="0"/>
</pin_list>
<bind>
<StgValue><ssdm name="bias_k_0_V"/><MemPortTyVec>1 </MemPortTyVec>
</StgValue>
</bind>
</comp>

<comp id="4" class="1001" name="const_4">
<pin_list>
<pin id="5" dir="1" index="0" bw="1" slack="0"/>
</pin_list>
<bind>
<StgValue><ssdm name=""/></StgValue>
</bind>
</comp>

<comp id="6" class="1001" name="const_6">
<pin_list>
<pin id="7" dir="1" index="0" bw="1" slack="2147483647"/>
</pin_list>
<bind>
<StgValue><ssdm name="_ssdm_op_SpecMemCore"/></StgValue>
</bind>
</comp>

<comp id="8" class="1001" name="const_8">
<pin_list>
<pin id="9" dir="1" index="0" bw="1" slack="2147483647"/>
</pin_list>
<bind>
<StgValue><ssdm name=""/></StgValue>
</bind>
</comp>

<comp id="10" class="1001" name="const_10">
<pin_list>
<pin id="11" dir="1" index="0" bw="1" slack="2147483647"/>
</pin_list>
<bind>
<StgValue><ssdm name=""/></StgValue>
</bind>
</comp>

<comp id="12" class="1001" name="const_12">
<pin_list>
<pin id="13" dir="1" index="0" bw="1" slack="2147483647"/>
</pin_list>
<bind>
<StgValue><ssdm name=""/></StgValue>
</bind>
</comp>

<comp id="14" class="1001" name="const_14">
<pin_list>
<pin id="15" dir="1" index="0" bw="1" slack="0"/>
</pin_list>
<bind>
<StgValue><ssdm name=""/></StgValue>
</bind>
</comp>

<comp id="16" class="1001" name="const_16">
<pin_list>
<pin id="17" dir="1" index="0" bw="1" slack="2147483647"/>
</pin_list>
<bind>
<StgValue><ssdm name="_ssdm_op_SpecPipeline"/></StgValue>
</bind>
</comp>

<comp id="18" class="1001" name="const_18">
<pin_list>
<pin id="19" dir="1" index="0" bw="1" slack="2147483647"/>
</pin_list>
<bind>
<StgValue><ssdm name=""/></StgValue>
</bind>
</comp>

<comp id="20" class="1001" name="const_20">
<pin_list>
<pin id="21" dir="1" index="0" bw="1" slack="2147483647"/>
</pin_list>
<bind>
<StgValue><ssdm name=""/></StgValue>
</bind>
</comp>

<comp id="22" class="1001" name="const_22">
<pin_list>
<pin id="23" dir="1" index="0" bw="1" slack="2147483647"/>
</pin_list>
<bind>
<StgValue><ssdm name="p_str"/></StgValue>
</bind>
</comp>

<comp id="24" class="1001" name="const_24">
<pin_list>
<pin id="25" dir="1" index="0" bw="1" slack="0"/>
</pin_list>
<bind>
<StgValue><ssdm name=""/></StgValue>
</bind>
</comp>

<comp id="26" class="1001" name="const_26">
<pin_list>
<pin id="27" dir="1" index="0" bw="1" slack="2147483647"/>
</pin_list>
<bind>
<StgValue><ssdm name="_ssdm_op_SpecLoopTripCount"/></StgValue>
</bind>
</comp>

<comp id="28" class="1001" name="const_28">
<pin_list>
<pin id="29" dir="1" index="0" bw="1" slack="2147483647"/>
</pin_list>
<bind>
<StgValue><ssdm name=""/></StgValue>
</bind>
</comp>

<comp id="30" class="1001" name="const_30">
<pin_list>
<pin id="31" dir="1" index="0" bw="1" slack="0"/>
</pin_list>
<bind>
<StgValue><ssdm name=""/></StgValue>
</bind>
</comp>

<comp id="32" class="1001" name="const_32">
<pin_list>
<pin id="33" dir="1" index="0" bw="1" slack="0"/>
</pin_list>
<bind>
<StgValue><ssdm name=""/></StgValue>
</bind>
</comp>

<comp id="34" class="1001" name="const_34">
<pin_list>
<pin id="35" dir="1" index="0" bw="1" slack="2147483647"/>
</pin_list>
<bind>
<StgValue><ssdm name="_ssdm_op_SpecLoopName"/></StgValue>
</bind>
</comp>

<comp id="36" class="1001" name="const_36">
<pin_list>
<pin id="37" dir="1" index="0" bw="1" slack="2147483647"/>
</pin_list>
<bind>
<StgValue><ssdm name="empty_33"/></StgValue>
</bind>
</comp>

<comp id="38" class="1004" name="n_fu_38">
<pin_list>
<pin id="39" dir="0" index="0" bw="1" slack="0"/>
<pin id="40" dir="1" index="1" bw="5" slack="0"/>
</pin_list>
<bind>
<opcode="alloca(26) " fcode="alloca"/>
<opset="n/1 "/>
</bind>
</comp>

<comp id="42" class="1004" name="bias_k_0_V_addr_gep_fu_42">
<pin_list>
<pin id="43" dir="0" index="0" bw="14" slack="0"/>
<pin id="44" dir="0" index="1" bw="1" slack="0"/>
<pin id="45" dir="0" index="2" bw="5" slack="0"/>
<pin id="46" dir="1" index="3" bw="4" slack="0"/>
</pin_list>
<bind>
<opcode="getelementptr(29) " fcode="getelementptr"/>
<opset="bias_k_0_V_addr/1 "/>
</bind>
</comp>

<comp id="49" class="1004" name="grp_access_fu_49">
<pin_list>
<pin id="50" dir="0" index="0" bw="4" slack="0"/>
<pin id="51" dir="0" index="1" bw="14" slack="2147483647"/>
<pin id="52" dir="0" index="2" bw="0" slack="2147483647"/>
<pin id="53" dir="1" index="3" bw="14" slack="0"/>
</pin_list>
<bind>
<opcode="load(27) " fcode="load"/>
<opset="bias_k_0_V_load/1 "/>
</bind>
</comp>

<comp id="55" class="1004" name="C_tile_V_addr_gep_fu_55">
<pin_list>
<pin id="56" dir="0" index="0" bw="32" slack="0"/>
<pin id="57" dir="0" index="1" bw="1" slack="0"/>
<pin id="58" dir="0" index="2" bw="5" slack="1"/>
<pin id="59" dir="1" index="3" bw="4" slack="0"/>
</pin_list>
<bind>
<opcode="getelementptr(29) " fcode="getelementptr"/>
<opset="C_tile_V_addr/2 "/>
</bind>
</comp>

<comp id="62" class="1004" name="store_ln1519_access_fu_62">
<pin_list>
<pin id="63" dir="0" index="0" bw="4" slack="0"/>
<pin id="64" dir="0" index="1" bw="32" slack="0"/>
<pin id="65" dir="0" index="2" bw="0" slack="2147483647"/>
<pin id="66" dir="1" index="3" bw="32" slack="2147483647"/>
</pin_list>
<bind>
<opcode="store(28) " fcode="store"/>
<opset="store_ln1519/2 "/>
</bind>
</comp>

<comp id="68" class="1004" name="store_ln0_store_fu_68">
<pin_list>
<pin id="69" dir="0" index="0" bw="1" slack="0"/>
<pin id="70" dir="0" index="1" bw="5" slack="0"/>
<pin id="71" dir="1" index="2" bw="0" slack="2147483647"/>
</pin_list>
<bind>
<opcode="store(28) " fcode="store"/>
<opset="store_ln0/1 "/>
</bind>
</comp>

<comp id="73" class="1004" name="n_8_load_fu_73">
<pin_list>
<pin id="74" dir="0" index="0" bw="5" slack="0"/>
<pin id="75" dir="1" index="1" bw="5" slack="0"/>
</pin_list>
<bind>
<opcode="load(27) " fcode="load"/>
<opset="n_8/1 "/>
</bind>
</comp>

<comp id="76" class="1004" name="icmp_ln1512_fu_76">
<pin_list>
<pin id="77" dir="0" index="0" bw="5" slack="0"/>
<pin id="78" dir="0" index="1" bw="5" slack="0"/>
<pin id="79" dir="1" index="2" bw="1" slack="2147483647"/>
</pin_list>
<bind>
<opcode="icmp(45) " fcode="icmp"/>
<opset="icmp_ln1512/1 "/>
</bind>
</comp>

<comp id="82" class="1004" name="add_ln1512_fu_82">
<pin_list>
<pin id="83" dir="0" index="0" bw="5" slack="0"/>
<pin id="84" dir="0" index="1" bw="1" slack="0"/>
<pin id="85" dir="1" index="2" bw="5" slack="0"/>
</pin_list>
<bind>
<opcode="add(8) " fcode="add"/>
<opset="add_ln1512/1 "/>
</bind>
</comp>

<comp id="88" class="1004" name="n_cast_fu_88">
<pin_list>
<pin id="89" dir="0" index="0" bw="5" slack="0"/>
<pin id="90" dir="1" index="1" bw="64" slack="0"/>
</pin_list>
<bind>
<opcode="zext(34) " fcode="zext"/>
<opset="n_cast/1 "/>
</bind>
</comp>

<comp id="93" class="1004" name="store_ln1512_store_fu_93">
<pin_list>
<pin id="94" dir="0" index="0" bw="5" slack="0"/>
<pin id="95" dir="0" index="1" bw="5" slack="0"/>
<pin id="96" dir="1" index="2" bw="0" slack="2147483647"/>
</pin_list>
<bind>
<opcode="store(28) " fcode="store"/>
<opset="store_ln1512/1 "/>
</bind>
</comp>

<comp id="98" class="1004" name="bias_k_0_V_load_cast_fu_98">
<pin_list>
<pin id="99" dir="0" index="0" bw="14" slack="0"/>
<pin id="100" dir="1" index="1" bw="32" slack="0"/>
</pin_list>
<bind>
<opcode="sext(35) " fcode="sext"/>
<opset="bias_k_0_V_load_cast/2 "/>
</bind>
</comp>

<comp id="103" class="1005" name="n_reg_103">
<pin_list>
<pin id="104" dir="0" index="0" bw="5" slack="0"/>
<pin id="105" dir="1" index="1" bw="5" slack="0"/>
</pin_list>
<bind>
<opset="n "/>
</bind>
</comp>

<comp id="113" class="1005" name="n_cast_reg_113">
<pin_list>
<pin id="114" dir="0" index="0" bw="64" slack="1"/>
<pin id="115" dir="1" index="1" bw="64" slack="1"/>
</pin_list>
<bind>
<opset="n_cast "/>
</bind>
</comp>

<comp id="118" class="1005" name="bias_k_0_V_addr_reg_118">
<pin_list>
<pin id="119" dir="0" index="0" bw="4" slack="1"/>
<pin id="120" dir="1" index="1" bw="4" slack="1"/>
</pin_list>
<bind>
<opset="bias_k_0_V_addr "/>
</bind>
</comp>

</comp_list>

<net_list>
<net id="41"><net_src comp="4" pin="0"/><net_sink comp="38" pin=0"/></net>

<net id="47"><net_src comp="2" pin="0"/><net_sink comp="42" pin=0"/></net>

<net id="48"><net_src comp="32" pin="0"/><net_sink comp="42" pin=1"/></net>

<net id="54"><net_src comp="42" pin="3"/><net_sink comp="49" pin=0"/></net>

<net id="60"><net_src comp="0" pin="0"/><net_sink comp="55" pin=0"/></net>

<net id="61"><net_src comp="32" pin="0"/><net_sink comp="55" pin=1"/></net>

<net id="67"><net_src comp="55" pin="3"/><net_sink comp="62" pin=0"/></net>

<net id="72"><net_src comp="14" pin="0"/><net_sink comp="68" pin=0"/></net>

<net id="80"><net_src comp="73" pin="1"/><net_sink comp="76" pin=0"/></net>

<net id="81"><net_src comp="24" pin="0"/><net_sink comp="76" pin=1"/></net>

<net id="86"><net_src comp="73" pin="1"/><net_sink comp="82" pin=0"/></net>

<net id="87"><net_src comp="30" pin="0"/><net_sink comp="82" pin=1"/></net>

<net id="91"><net_src comp="73" pin="1"/><net_sink comp="88" pin=0"/></net>

<net id="92"><net_src comp="88" pin="1"/><net_sink comp="42" pin=2"/></net>

<net id="97"><net_src comp="82" pin="2"/><net_sink comp="93" pin=0"/></net>

<net id="101"><net_src comp="49" pin="3"/><net_sink comp="98" pin=0"/></net>

<net id="102"><net_src comp="98" pin="1"/><net_sink comp="62" pin=1"/></net>

<net id="106"><net_src comp="38" pin="1"/><net_sink comp="103" pin=0"/></net>

<net id="107"><net_src comp="103" pin="1"/><net_sink comp="68" pin=1"/></net>

<net id="108"><net_src comp="103" pin="1"/><net_sink comp="73" pin=0"/></net>

<net id="109"><net_src comp="103" pin="1"/><net_sink comp="93" pin=1"/></net>

<net id="116"><net_src comp="88" pin="1"/><net_sink comp="113" pin=0"/></net>

<net id="117"><net_src comp="113" pin="1"/><net_sink comp="55" pin=2"/></net>

<net id="121"><net_src comp="42" pin="3"/><net_sink comp="118" pin=0"/></net>

<net id="122"><net_src comp="118" pin="1"/><net_sink comp="49" pin=0"/></net>

</net_list>

</model> 
---------------- Datapath Model END ------------------

* FSMD analyzer results:
  - Output states:
	Port: C_tile_V | {2 }
	Port: bias_k_0_V | {}
 - Input state : 
	Port: Linear_Layer_Pipeline_VITIS_LOOP_1512_2.5 : bias_k_0_V | {1 2 }
  - Chain level:
	State 1
		store_ln0 : 1
		n_8 : 1
		icmp_ln1512 : 2
		add_ln1512 : 2
		br_ln1512 : 3
		n_cast : 2
		bias_k_0_V_addr : 3
		bias_k_0_V_load : 4
		store_ln1512 : 3
	State 2
		bias_k_0_V_load_cast : 1
		store_ln1519 : 2


============================================================
+ Verbose Summary: Datapath Resource usage 
============================================================

* Functional unit list:
|----------|----------------------------|---------|---------|
| Operation|       Functional Unit      |    FF   |   LUT   |
|----------|----------------------------|---------|---------|
|    add   |      add_ln1512_fu_82      |    0    |    12   |
|----------|----------------------------|---------|---------|
|   icmp   |      icmp_ln1512_fu_76     |    0    |    9    |
|----------|----------------------------|---------|---------|
|   zext   |        n_cast_fu_88        |    0    |    0    |
|----------|----------------------------|---------|---------|
|   sext   | bias_k_0_V_load_cast_fu_98 |    0    |    0    |
|----------|----------------------------|---------|---------|
|   Total  |                            |    0    |    21   |
|----------|----------------------------|---------|---------|

Memories:
N/A

* Register list:
+-----------------------+--------+
|                       |   FF   |
+-----------------------+--------+
|bias_k_0_V_addr_reg_118|    4   |
|     n_cast_reg_113    |   64   |
|       n_reg_103       |    5   |
+-----------------------+--------+
|         Total         |   73   |
+-----------------------+--------+

* Multiplexer (MUX) list: 
|------------------|------|------|------|--------||---------||---------|
|       Comp       |  Pin | Size |  BW  | S x BW ||  Delay  ||   LUT   |
|------------------|------|------|------|--------||---------||---------|
| grp_access_fu_49 |  p0  |   2  |   4  |    8   ||    9    |
|------------------|------|------|------|--------||---------||---------|
|       Total      |      |      |      |    8   ||  0.427  ||    9    |
|------------------|------|------|------|--------||---------||---------|



* Summary:
+-----------+--------+--------+--------+
|           |  Delay |   FF   |   LUT  |
+-----------+--------+--------+--------+
|  Function |    -   |    0   |   21   |
|   Memory  |    -   |    -   |    -   |
|Multiplexer|    0   |    -   |    9   |
|  Register |    -   |   73   |    -   |
+-----------+--------+--------+--------+
|   Total   |    0   |   73   |   30   |
+-----------+--------+--------+--------+
