

================================================================
== Vitis HLS Report for 'Linear_Layer_17_16_64_1_1_1_1_1_1_291_16_0_ap_int_ap_int_ap_int_s'
================================================================
* Date:           Tue Jun 23 12:33:32 2026

* Version:        2022.2 (Build 3670227 on Oct 13 2022)
* Project:        ViT_Block
* Solution:       ViT_Block (Vivado IP Flow Target)
* Product family: virtexuplus
* Target device:  xcu250-figd2104-2L-e


================================================================
== Performance Estimates
================================================================
+ Timing: 
    * Summary: 
    +--------+----------+----------+------------+
    |  Clock |  Target  | Estimated| Uncertainty|
    +--------+----------+----------+------------+
    |ap_clk  |  10.00 ns|  4.588 ns|     2.70 ns|
    +--------+----------+----------+------------+

+ Latency: 
    * Summary: 
    +---------+---------+----------+----------+-------+-------+---------+
    |  Latency (cycles) |  Latency (absolute) |    Interval   | Pipeline|
    |   min   |   max   |    min   |    max   |  min  |  max  |   Type  |
    +---------+---------+----------+----------+-------+-------+---------+
    |    20384|    20384|  0.204 ms|  0.204 ms|  20384|  20384|       no|
    +---------+---------+----------+----------+-------+-------+---------+

    + Detail: 
        * Instance: 
        N/A

        * Loop: 
        +---------------------+---------+---------+----------+-----------+-----------+------+----------+
        |                     |  Latency (cycles) | Iteration|  Initiation Interval  | Trip |          |
        |      Loop Name      |   min   |   max   |  Latency |  achieved |   target  | Count| Pipelined|
        +---------------------+---------+---------+----------+-----------+-----------+------+----------+
        |- VITIS_LOOP_1509_1  |    20383|    20383|      1199|          -|          -|    17|        no|
        +---------------------+---------+---------+----------+-----------+-----------+------+----------+

============================================================
+ Verbose Summary: Synthesis Manager
============================================================
InlineROM: 1
ExposeGlobal: 0
============================================================
+ Verbose Summary: CDFG Model
============================================================
IsTopModel: 0
ResetActiveHigh: 1
IsCombinational: 2
IsDatapathOnly: 0
HasWiredReturn: 1
HasMFsm: 0
HasVarLatency: 1
IsPipeline: 0
IsRtlPipelined: 0
IsInstanceOverlapped: 0
IsDontTouch: 0
HasImplIP: 0
IsGatedGlobalClock: 0


============================================================
+ Verbose Summary: Schedule
============================================================
* Number of FSM states : 8
* Pipeline : 0
* Dataflow Pipeline: 0

* FSM state transitions: 
1 --> 2 
2 --> 3 
3 --> 4 
4 --> 5 
5 --> 6 
6 --> 7 
7 --> 8 
8 --> 2 

* FSM state operations: 

State 1 <SV = 0> <Delay = 0.38>
ST_1 : Operation 9 [1/1] (0.00ns)   --->   "%m = alloca i32 1"   --->   Operation 9 'alloca' 'm' <Predicate = true> <Delay = 0.00>
ST_1 : Operation 10 [1/1] (0.00ns)   --->   "%specinterface_ln0 = specinterface void @_ssdm_op_SpecInterface, i8 %out_w1, void @empty_9, i32 0, i32 0, void @empty_28, i32 0, i32 0, void @empty_28, void @empty_28, void @empty_28, i32 0, i32 0, i32 0, i32 0, void @empty_28, void @empty_28, i32 4294967295, i32 0"   --->   Operation 10 'specinterface' 'specinterface_ln0' <Predicate = true> <Delay = 0.00>
ST_1 : Operation 11 [1/1] (0.00ns)   --->   "%specinterface_ln0 = specinterface void @_ssdm_op_SpecInterface, i8 %norm_out_113, void @empty_9, i32 0, i32 0, void @empty_28, i32 0, i32 0, void @empty_28, void @empty_28, void @empty_28, i32 0, i32 0, i32 0, i32 0, void @empty_28, void @empty_28, i32 4294967295, i32 0"   --->   Operation 11 'specinterface' 'specinterface_ln0' <Predicate = true> <Delay = 0.00>
ST_1 : Operation 12 [1/1] (0.00ns)   --->   "%specinterface_ln0 = specinterface void @_ssdm_op_SpecInterface, i8 %fc11, void @empty_9, i32 0, i32 0, void @empty_28, i32 0, i32 0, void @empty_28, void @empty_28, void @empty_28, i32 0, i32 0, i32 0, i32 0, void @empty_28, void @empty_28, i32 4294967295, i32 0"   --->   Operation 12 'specinterface' 'specinterface_ln0' <Predicate = true> <Delay = 0.00>
ST_1 : Operation 13 [1/1] (0.00ns)   --->   "%C_tile_V = alloca i64 1" [/home/fede/PhD/transformer-hls/hls/include/linear.h:1497]   --->   Operation 13 'alloca' 'C_tile_V' <Predicate = true> <Delay = 0.00> <CoreInst = "RAM_T2P_BRAM">   --->   Core 99 'RAM_T2P_BRAM' <Latency = 1> <II = 1> <Delay = 1.19> <Storage> <Opcode : 'load' 'store'> <Ports = 2> <Width = 32> <Depth = 64> <RAM>
ST_1 : Operation 14 [1/1] (0.00ns)   --->   "%specmemcore_ln1501 = specmemcore void @_ssdm_op_SpecMemCore, i32 %C_tile_V, i64 666, i64 30, i64 18446744073709551615" [/home/fede/PhD/transformer-hls/hls/include/linear.h:1501]   --->   Operation 14 'specmemcore' 'specmemcore_ln1501' <Predicate = true> <Delay = 0.00>
ST_1 : Operation 15 [1/1] (0.38ns)   --->   "%store_ln1509 = store i5 0, i5 %m" [/home/fede/PhD/transformer-hls/hls/include/linear.h:1509]   --->   Operation 15 'store' 'store_ln1509' <Predicate = true> <Delay = 0.38>
ST_1 : Operation 16 [1/1] (0.00ns)   --->   "%br_ln1509 = br void %VITIS_LOOP_1512_2" [/home/fede/PhD/transformer-hls/hls/include/linear.h:1509]   --->   Operation 16 'br' 'br_ln1509' <Predicate = true> <Delay = 0.00>

State 2 <SV = 1> <Delay = 1.09>
ST_2 : Operation 17 [1/1] (0.00ns)   --->   "%m_22 = load i5 %m" [/home/fede/PhD/transformer-hls/hls/include/linear.h:1509]   --->   Operation 17 'load' 'm_22' <Predicate = true> <Delay = 0.00>
ST_2 : Operation 18 [1/1] (0.63ns)   --->   "%icmp_ln1509 = icmp_eq  i5 %m_22, i5 17" [/home/fede/PhD/transformer-hls/hls/include/linear.h:1509]   --->   Operation 18 'icmp' 'icmp_ln1509' <Predicate = true> <Delay = 0.63> <CoreInst = "Cmp">   --->   Core 9 'Cmp' <Latency = 0> <II = 1> <Delay = 0.63> <FuncUnit> <Opcode : 'icmp'> <InPorts = 2> <OutPorts = 1>
ST_2 : Operation 19 [1/1] (0.00ns)   --->   "%empty = speclooptripcount i32 @_ssdm_op_SpecLoopTripCount, i64 17, i64 17, i64 17"   --->   Operation 19 'speclooptripcount' 'empty' <Predicate = true> <Delay = 0.00>
ST_2 : Operation 20 [1/1] (0.70ns)   --->   "%m_23 = add i5 %m_22, i5 1" [/home/fede/PhD/transformer-hls/hls/include/linear.h:1509]   --->   Operation 20 'add' 'm_23' <Predicate = true> <Delay = 0.70> <CoreInst = "Adder">   --->   Core 1 'Adder' <Latency = 0> <II = 1> <Delay = 0.70> <FuncUnit> <Opcode : 'add' 'sub'> <InPorts = 2> <OutPorts = 1>
ST_2 : Operation 21 [1/1] (0.00ns)   --->   "%br_ln1509 = br i1 %icmp_ln1509, void %VITIS_LOOP_1512_2.split, void %for.end247" [/home/fede/PhD/transformer-hls/hls/include/linear.h:1509]   --->   Operation 21 'br' 'br_ln1509' <Predicate = true> <Delay = 0.00>
ST_2 : Operation 22 [2/2] (0.00ns)   --->   "%call_ln0 = call void @Linear_Layer_Pipeline_VITIS_LOOP_1512_2.1, i32 %C_tile_V, i13 %bias_1_0_V"   --->   Operation 22 'call' 'call_ln0' <Predicate = (!icmp_ln1509)> <Delay = 0.00> <CoreType = "Generic">   --->   Core 0 '' <Latency = 0> <II = 1> <Delay = 1.00> <Generic> <Opcode : >
ST_2 : Operation 23 [1/1] (0.38ns)   --->   "%store_ln1509 = store i5 %m_23, i5 %m" [/home/fede/PhD/transformer-hls/hls/include/linear.h:1509]   --->   Operation 23 'store' 'store_ln1509' <Predicate = (!icmp_ln1509)> <Delay = 0.38>
ST_2 : Operation 24 [1/1] (0.00ns)   --->   "%ret_ln1621 = ret" [/home/fede/PhD/transformer-hls/hls/include/linear.h:1621]   --->   Operation 24 'ret' 'ret_ln1621' <Predicate = (icmp_ln1509)> <Delay = 0.00>

State 3 <SV = 2> <Delay = 0.00>
ST_3 : Operation 25 [1/2] (0.00ns)   --->   "%call_ln0 = call void @Linear_Layer_Pipeline_VITIS_LOOP_1512_2.1, i32 %C_tile_V, i13 %bias_1_0_V"   --->   Operation 25 'call' 'call_ln0' <Predicate = true> <Delay = 0.00> <CoreType = "Generic">   --->   Core 0 '' <Latency = 0> <II = 1> <Delay = 1.00> <Generic> <Opcode : >

State 4 <SV = 3> <Delay = 0.00>
ST_4 : Operation 26 [1/1] (0.00ns)   --->   "%empty_238 = wait i32 @_ssdm_op_Wait"   --->   Operation 26 'wait' 'empty_238' <Predicate = true> <Delay = 0.00>
ST_4 : Operation 27 [2/2] (0.00ns)   --->   "%call_ln0 = call void @Linear_Layer_Pipeline_VITIS_LOOP_1525_6.1, i32 %C_tile_V, i8 %norm_out_113, i8 %out_w1"   --->   Operation 27 'call' 'call_ln0' <Predicate = true> <Delay = 0.00> <CoreType = "Generic">   --->   Core 0 '' <Latency = 0> <II = 1> <Delay = 1.00> <Generic> <Opcode : >

State 5 <SV = 4> <Delay = 0.00>
ST_5 : Operation 28 [1/2] (0.00ns)   --->   "%call_ln0 = call void @Linear_Layer_Pipeline_VITIS_LOOP_1525_6.1, i32 %C_tile_V, i8 %norm_out_113, i8 %out_w1"   --->   Operation 28 'call' 'call_ln0' <Predicate = true> <Delay = 0.00> <CoreType = "Generic">   --->   Core 0 '' <Latency = 0> <II = 1> <Delay = 1.00> <Generic> <Opcode : >

State 6 <SV = 5> <Delay = 0.00>
ST_6 : Operation 29 [1/1] (0.00ns)   --->   "%empty_239 = wait i32 @_ssdm_op_Wait"   --->   Operation 29 'wait' 'empty_239' <Predicate = true> <Delay = 0.00>

State 7 <SV = 6> <Delay = 0.00>
ST_7 : Operation 30 [1/1] (0.00ns)   --->   "%empty_240 = wait i32 @_ssdm_op_Wait"   --->   Operation 30 'wait' 'empty_240' <Predicate = true> <Delay = 0.00>
ST_7 : Operation 31 [2/2] (0.00ns)   --->   "%call_ln0 = call void @Linear_Layer_Pipeline_VITIS_LOOP_1588_17.1, i32 %C_tile_V, i8 %fc11"   --->   Operation 31 'call' 'call_ln0' <Predicate = true> <Delay = 0.00> <CoreType = "Generic">   --->   Core 0 '' <Latency = 0> <II = 1> <Delay = 1.00> <Generic> <Opcode : >

State 8 <SV = 7> <Delay = 0.00>
ST_8 : Operation 32 [1/1] (0.00ns)   --->   "%specloopname_ln1509 = specloopname void @_ssdm_op_SpecLoopName, void @empty_23" [/home/fede/PhD/transformer-hls/hls/include/linear.h:1509]   --->   Operation 32 'specloopname' 'specloopname_ln1509' <Predicate = true> <Delay = 0.00>
ST_8 : Operation 33 [1/2] (0.00ns)   --->   "%call_ln0 = call void @Linear_Layer_Pipeline_VITIS_LOOP_1588_17.1, i32 %C_tile_V, i8 %fc11"   --->   Operation 33 'call' 'call_ln0' <Predicate = true> <Delay = 0.00> <CoreType = "Generic">   --->   Core 0 '' <Latency = 0> <II = 1> <Delay = 1.00> <Generic> <Opcode : >
ST_8 : Operation 34 [1/1] (0.00ns)   --->   "%br_ln1509 = br void %VITIS_LOOP_1512_2" [/home/fede/PhD/transformer-hls/hls/include/linear.h:1509]   --->   Operation 34 'br' 'br_ln1509' <Predicate = true> <Delay = 0.00>


============================================================
+ Verbose Summary: Timing violations
============================================================
Target clock period: 10ns, clock uncertainty: 2.7ns.

 <State 1>: 0.387ns
The critical path consists of the following:
	'alloca' operation ('m') [5]  (0 ns)
	'store' operation ('store_ln1509', /home/fede/PhD/transformer-hls/hls/include/linear.h:1509) of constant 0 on local variable 'm' [11]  (0.387 ns)

 <State 2>: 1.09ns
The critical path consists of the following:
	'load' operation ('m', /home/fede/PhD/transformer-hls/hls/include/linear.h:1509) on local variable 'm' [14]  (0 ns)
	'add' operation ('m', /home/fede/PhD/transformer-hls/hls/include/linear.h:1509) [17]  (0.707 ns)
	'store' operation ('store_ln1509', /home/fede/PhD/transformer-hls/hls/include/linear.h:1509) of variable 'm', /home/fede/PhD/transformer-hls/hls/include/linear.h:1509 on local variable 'm' [27]  (0.387 ns)

 <State 3>: 0ns
The critical path consists of the following:

 <State 4>: 0ns
The critical path consists of the following:

 <State 5>: 0ns
The critical path consists of the following:

 <State 6>: 0ns
The critical path consists of the following:

 <State 7>: 0ns
The critical path consists of the following:

 <State 8>: 0ns
The critical path consists of the following:


============================================================
+ Verbose Summary: Binding
============================================================
N/A
* FSMD analyzer results:
  - Output states:
 - Input state : 
  - Chain level:
	State 1
	State 2
	State 3
	State 4
	State 5
	State 6
	State 7
	State 8


============================================================
+ Verbose Summary: Datapath Resource usage 
============================================================
N/A
