

================================================================
== Vitis HLS Report for 'Linear_Layer_Pipeline_VITIS_LOOP_1588_17_4'
================================================================
* Date:           Tue Jun 23 12:33:14 2026

* Version:        2022.2 (Build 3670227 on Oct 13 2022)
* Project:        ViT_Block
* Solution:       ViT_Block (Vivado IP Flow Target)
* Product family: virtexuplus
* Target device:  xcu250-figd2104-2L-e


================================================================
== Performance Estimates
================================================================
+ Timing: 
    * Summary: 
    +--------+----------+----------+------------+
    |  Clock |  Target  | Estimated| Uncertainty|
    +--------+----------+----------+------------+
    |ap_clk  |  10.00 ns|  4.596 ns|     2.70 ns|
    +--------+----------+----------+------------+

+ Latency: 
    * Summary: 
    +---------+---------+----------+----------+-----+-----+---------+
    |  Latency (cycles) |  Latency (absolute) |  Interval | Pipeline|
    |   min   |   max   |    min   |    max   | min | max |   Type  |
    +---------+---------+----------+----------+-----+-----+---------+
    |       19|       19|  0.190 us|  0.190 us|   19|   19|       no|
    +---------+---------+----------+----------+-----+-----+---------+

    + Detail: 
        * Instance: 
        N/A

        * Loop: 
        +----------------------+---------+---------+----------+-----------+-----------+------+----------+
        |                      |  Latency (cycles) | Iteration|  Initiation Interval  | Trip |          |
        |       Loop Name      |   min   |   max   |  Latency |  achieved |   target  | Count| Pipelined|
        +----------------------+---------+---------+----------+-----------+-----------+------+----------+
        |- VITIS_LOOP_1588_17  |       17|       17|         3|          1|          1|    16|       yes|
        +----------------------+---------+---------+----------+-----------+-----------+------+----------+

============================================================
+ Verbose Summary: Synthesis Manager
============================================================
InlineROM: 1
ExposeGlobal: 0
============================================================
+ Verbose Summary: CDFG Model
============================================================
IsTopModel: 0
ResetActiveHigh: 1
IsCombinational: 0
IsDatapathOnly: 0
HasWiredReturn: 1
HasMFsm: 2
HasVarLatency: 1
IsPipeline: 0
IsRtlPipelined: 0
IsInstanceOverlapped: 0
IsDontTouch: 0
HasImplIP: 0
IsGatedGlobalClock: 0

+ Individual pipeline summary: 
  * Pipeline-0: initiation interval (II) = 1, depth = 3


============================================================
+ Verbose Summary: Schedule
============================================================
* Number of FSM states : 3
* Pipeline : 1
  Pipeline-0 : II = 1, D = 3, States = { 1 2 3 }
* Dataflow Pipeline: 0

* FSM state transitions: 
1 --> 2 
2 --> 3 
3 --> 

* FSM state operations: 

State 1 <SV = 0> <Delay = 1.19>
ST_1 : Operation 6 [1/1] (0.00ns)   --->   "%n = alloca i32 1"   --->   Operation 6 'alloca' 'n' <Predicate = true> <Delay = 0.00>
ST_1 : Operation 7 [1/1] (0.00ns)   --->   "%specmemcore_ln0 = specmemcore void @_ssdm_op_SpecMemCore, i32 %C_tile_V, i64 666, i64 30, i64 18446744073709551615"   --->   Operation 7 'specmemcore' 'specmemcore_ln0' <Predicate = true> <Delay = 0.00>
ST_1 : Operation 8 [1/1] (0.00ns)   --->   "%specinterface_ln0 = specinterface void @_ssdm_op_SpecInterface, i8 %q_lin1, void @empty_9, i32 0, i32 0, void @empty_28, i32 0, i32 0, void @empty_28, void @empty_28, void @empty_28, i32 0, i32 0, i32 0, i32 0, void @empty_28, void @empty_28, i32 4294967295, i32 0"   --->   Operation 8 'specinterface' 'specinterface_ln0' <Predicate = true> <Delay = 0.00>
ST_1 : Operation 9 [1/1] (0.38ns)   --->   "%store_ln0 = store i5 0, i5 %n"   --->   Operation 9 'store' 'store_ln0' <Predicate = true> <Delay = 0.38>
ST_1 : Operation 10 [1/1] (0.00ns)   --->   "%br_ln0 = br void %VITIS_LOOP_1589_18"   --->   Operation 10 'br' 'br_ln0' <Predicate = true> <Delay = 0.00>
ST_1 : Operation 11 [1/1] (0.00ns)   --->   "%n_4 = load i5 %n" [/home/fede/PhD/transformer-hls/hls/include/linear.h:1588]   --->   Operation 11 'load' 'n_4' <Predicate = true> <Delay = 0.00>
ST_1 : Operation 12 [1/1] (0.00ns)   --->   "%specpipeline_ln0 = specpipeline void @_ssdm_op_SpecPipeline, i32 4294967295, i32 0, i32 1, i32 0, void @p_str"   --->   Operation 12 'specpipeline' 'specpipeline_ln0' <Predicate = true> <Delay = 0.00>
ST_1 : Operation 13 [1/1] (0.63ns)   --->   "%icmp_ln1588 = icmp_eq  i5 %n_4, i5 16" [/home/fede/PhD/transformer-hls/hls/include/linear.h:1588]   --->   Operation 13 'icmp' 'icmp_ln1588' <Predicate = true> <Delay = 0.63> <CoreInst = "Cmp">   --->   Core 9 'Cmp' <Latency = 0> <II = 1> <Delay = 0.63> <FuncUnit> <Opcode : 'icmp'> <InPorts = 2> <OutPorts = 1>
ST_1 : Operation 14 [1/1] (0.00ns)   --->   "%empty = speclooptripcount i32 @_ssdm_op_SpecLoopTripCount, i64 16, i64 16, i64 16"   --->   Operation 14 'speclooptripcount' 'empty' <Predicate = true> <Delay = 0.00>
ST_1 : Operation 15 [1/1] (0.70ns)   --->   "%add_ln1588 = add i5 %n_4, i5 1" [/home/fede/PhD/transformer-hls/hls/include/linear.h:1588]   --->   Operation 15 'add' 'add_ln1588' <Predicate = true> <Delay = 0.70> <CoreInst = "Adder">   --->   Core 1 'Adder' <Latency = 0> <II = 1> <Delay = 0.70> <FuncUnit> <Opcode : 'add' 'sub'> <InPorts = 2> <OutPorts = 1>
ST_1 : Operation 16 [1/1] (0.00ns)   --->   "%br_ln1588 = br i1 %icmp_ln1588, void %VITIS_LOOP_1589_18.split_ifconv, void %for.inc245.exitStub" [/home/fede/PhD/transformer-hls/hls/include/linear.h:1588]   --->   Operation 16 'br' 'br_ln1588' <Predicate = true> <Delay = 0.00>
ST_1 : Operation 17 [1/1] (0.00ns)   --->   "%n_11_cast = zext i5 %n_4" [/home/fede/PhD/transformer-hls/hls/include/linear.h:1588]   --->   Operation 17 'zext' 'n_11_cast' <Predicate = (!icmp_ln1588)> <Delay = 0.00>
ST_1 : Operation 18 [1/1] (0.00ns)   --->   "%C_tile_V_addr = getelementptr i32 %C_tile_V, i64 0, i64 %n_11_cast" [/home/fede/PhD/transformer-hls/hls/include/linear.h:1596]   --->   Operation 18 'getelementptr' 'C_tile_V_addr' <Predicate = (!icmp_ln1588)> <Delay = 0.00>
ST_1 : Operation 19 [2/2] (1.19ns)   --->   "%acc_V = load i4 %C_tile_V_addr" [/home/fede/PhD/transformer-hls/hls/include/linear.h:1596]   --->   Operation 19 'load' 'acc_V' <Predicate = (!icmp_ln1588)> <Delay = 1.19> <CoreInst = "RAM_T2P_BRAM">   --->   Core 99 'RAM_T2P_BRAM' <Latency = 1> <II = 1> <Delay = 1.19> <Storage> <Opcode : 'load' 'store'> <Ports = 2> <Width = 32> <Depth = 16> <RAM>
ST_1 : Operation 20 [1/1] (0.38ns)   --->   "%store_ln1588 = store i5 %add_ln1588, i5 %n" [/home/fede/PhD/transformer-hls/hls/include/linear.h:1588]   --->   Operation 20 'store' 'store_ln1588' <Predicate = (!icmp_ln1588)> <Delay = 0.38>

State 2 <SV = 1> <Delay = 4.36>
ST_2 : Operation 21 [1/2] (1.19ns)   --->   "%acc_V = load i4 %C_tile_V_addr" [/home/fede/PhD/transformer-hls/hls/include/linear.h:1596]   --->   Operation 21 'load' 'acc_V' <Predicate = true> <Delay = 1.19> <CoreInst = "RAM_T2P_BRAM">   --->   Core 99 'RAM_T2P_BRAM' <Latency = 1> <II = 1> <Delay = 1.19> <Storage> <Opcode : 'load' 'store'> <Ports = 2> <Width = 32> <Depth = 16> <RAM>
ST_2 : Operation 22 [1/1] (0.00ns)   --->   "%sext_ln1408 = sext i32 %acc_V" [/home/fede/PhD/transformer-hls/hls/include/linear.h:1408]   --->   Operation 22 'sext' 'sext_ln1408' <Predicate = true> <Delay = 0.00>
ST_2 : Operation 23 [1/1] (3.17ns)   --->   "%prod = mul i42 %sext_ln1408, i42 337" [/home/fede/PhD/transformer-hls/hls/include/linear.h:1408]   --->   Operation 23 'mul' 'prod' <Predicate = true> <Delay = 3.17> <CoreInst = "Multiplier">   --->   Core 3 'Multiplier' <Latency = 0> <II = 1> <Delay = 3.17> <FuncUnit> <Opcode : 'mul'> <InPorts = 2> <OutPorts = 1>
ST_2 : Operation 24 [1/1] (0.00ns)   --->   "%tmp = bitselect i1 @_ssdm_op_BitSelect.i1.i42.i32, i42 %prod, i32 41"   --->   Operation 24 'bitselect' 'tmp' <Predicate = true> <Delay = 0.00>
ST_2 : Operation 25 [1/1] (0.00ns)   --->   "%trunc_ln1417 = trunc i42 %prod" [/home/fede/PhD/transformer-hls/hls/include/linear.h:1417]   --->   Operation 25 'trunc' 'trunc_ln1417' <Predicate = true> <Delay = 0.00>
ST_2 : Operation 44 [1/1] (0.00ns)   --->   "%ret_ln0 = ret"   --->   Operation 44 'ret' 'ret_ln0' <Predicate = (icmp_ln1588)> <Delay = 0.00>

State 3 <SV = 2> <Delay = 4.59>
ST_3 : Operation 26 [1/1] (0.00ns)   --->   "%specloopname_ln1588 = specloopname void @_ssdm_op_SpecLoopName, void @empty_42" [/home/fede/PhD/transformer-hls/hls/include/linear.h:1588]   --->   Operation 26 'specloopname' 'specloopname_ln1588' <Predicate = true> <Delay = 0.00>
ST_3 : Operation 27 [1/1] (0.96ns)   --->   "%ret_V = add i40 %trunc_ln1417, i40 32768"   --->   Operation 27 'add' 'ret_V' <Predicate = (!tmp)> <Delay = 0.96> <CoreInst = "Adder">   --->   Core 1 'Adder' <Latency = 0> <II = 1> <Delay = 0.96> <FuncUnit> <Opcode : 'add' 'sub'> <InPorts = 2> <OutPorts = 1>
ST_3 : Operation 28 [1/1] (0.00ns)   --->   "%trunc_ln = partselect i24 @_ssdm_op_PartSelect.i24.i40.i32.i32, i40 %ret_V, i32 16, i32 39" [/home/fede/PhD/transformer-hls/hls/include/linear.h:1409]   --->   Operation 28 'partselect' 'trunc_ln' <Predicate = (!tmp)> <Delay = 0.00>
ST_3 : Operation 29 [1/1] (0.00ns)   --->   "%zext_ln1409 = zext i24 %trunc_ln" [/home/fede/PhD/transformer-hls/hls/include/linear.h:1409]   --->   Operation 29 'zext' 'zext_ln1409' <Predicate = (!tmp)> <Delay = 0.00>
ST_3 : Operation 30 [1/1] (0.96ns)   --->   "%ret_V_12 = sub i40 32768, i40 %trunc_ln1417"   --->   Operation 30 'sub' 'ret_V_12' <Predicate = (tmp)> <Delay = 0.96> <CoreInst = "Adder">   --->   Core 1 'Adder' <Latency = 0> <II = 1> <Delay = 0.96> <FuncUnit> <Opcode : 'add' 'sub'> <InPorts = 2> <OutPorts = 1>
ST_3 : Operation 31 [1/1] (0.00ns)   --->   "%trunc_ln8 = partselect i24 @_ssdm_op_PartSelect.i24.i40.i32.i32, i40 %ret_V_12, i32 16, i32 39" [/home/fede/PhD/transformer-hls/hls/include/linear.h:1420]   --->   Operation 31 'partselect' 'trunc_ln8' <Predicate = (tmp)> <Delay = 0.00>
ST_3 : Operation 32 [1/1] (0.00ns)   --->   "%zext_ln1420 = zext i24 %trunc_ln8" [/home/fede/PhD/transformer-hls/hls/include/linear.h:1420]   --->   Operation 32 'zext' 'zext_ln1420' <Predicate = (tmp)> <Delay = 0.00>
ST_3 : Operation 33 [1/1] (0.83ns)   --->   "%rq_V = sub i25 0, i25 %zext_ln1420" [/home/fede/PhD/transformer-hls/hls/include/linear.h:1420]   --->   Operation 33 'sub' 'rq_V' <Predicate = (tmp)> <Delay = 0.83> <CoreInst = "Adder">   --->   Core 1 'Adder' <Latency = 0> <II = 1> <Delay = 0.83> <FuncUnit> <Opcode : 'add' 'sub'> <InPorts = 2> <OutPorts = 1>
ST_3 : Operation 34 [1/1] (0.35ns)   --->   "%rq_V_11 = select i1 %tmp, i25 %rq_V, i25 %zext_ln1409"   --->   Operation 34 'select' 'rq_V_11' <Predicate = true> <Delay = 0.35> <CoreInst = "Sel">   --->   Core 73 'Sel' <Latency = 0> <II = 1> <Delay = 0.35> <FuncUnit> <Opcode : 'select'> <InPorts = 3> <OutPorts = 1>
ST_3 : Operation 35 [1/1] (0.00ns)   --->   "%tmp_12 = partselect i18 @_ssdm_op_PartSelect.i18.i25.i32.i32, i25 %rq_V_11, i32 7, i32 24"   --->   Operation 35 'partselect' 'tmp_12' <Predicate = true> <Delay = 0.00>
ST_3 : Operation 36 [1/1] (0.69ns)   --->   "%icmp_ln1035 = icmp_sgt  i18 %tmp_12, i18 0"   --->   Operation 36 'icmp' 'icmp_ln1035' <Predicate = true> <Delay = 0.69> <CoreInst = "Cmp">   --->   Core 9 'Cmp' <Latency = 0> <II = 1> <Delay = 0.69> <FuncUnit> <Opcode : 'icmp'> <InPorts = 2> <OutPorts = 1>
ST_3 : Operation 37 [1/1] (0.77ns)   --->   "%icmp_ln1027 = icmp_slt  i25 %rq_V_11, i25 33554304"   --->   Operation 37 'icmp' 'icmp_ln1027' <Predicate = true> <Delay = 0.77> <CoreInst = "Cmp">   --->   Core 9 'Cmp' <Latency = 0> <II = 1> <Delay = 0.77> <FuncUnit> <Opcode : 'icmp'> <InPorts = 2> <OutPorts = 1>
ST_3 : Operation 38 [1/1] (0.00ns) (grouped into LUT with out node q_V)   --->   "%trunc_ln1444 = trunc i25 %rq_V_11" [/home/fede/PhD/transformer-hls/hls/include/linear.h:1444]   --->   Operation 38 'trunc' 'trunc_ln1444' <Predicate = true> <Delay = 0.00>
ST_3 : Operation 39 [1/1] (0.00ns) (grouped into LUT with out node q_V)   --->   "%select_ln1444 = select i1 %icmp_ln1035, i8 127, i8 128" [/home/fede/PhD/transformer-hls/hls/include/linear.h:1444]   --->   Operation 39 'select' 'select_ln1444' <Predicate = true> <Delay = 0.00> <CoreInst = "Sel">   --->   Core 73 'Sel' <Latency = 0> <II = 1> <Delay = 0.30> <FuncUnit> <Opcode : 'select'> <InPorts = 3> <OutPorts = 1>
ST_3 : Operation 40 [1/1] (0.00ns) (grouped into LUT with out node q_V)   --->   "%or_ln1444 = or i1 %icmp_ln1035, i1 %icmp_ln1027" [/home/fede/PhD/transformer-hls/hls/include/linear.h:1444]   --->   Operation 40 'or' 'or_ln1444' <Predicate = true> <Delay = 0.00> <CoreInst = "LogicGate">   --->   Core 74 'LogicGate' <Latency = 0> <II = 1> <Delay = 0.12> <FuncUnit> <Opcode : 'and' 'or' 'xor'> <InPorts = 2> <OutPorts = 1>
ST_3 : Operation 41 [1/1] (0.30ns) (out node of the LUT)   --->   "%q_V = select i1 %or_ln1444, i8 %select_ln1444, i8 %trunc_ln1444" [/home/fede/PhD/transformer-hls/hls/include/linear.h:1444]   --->   Operation 41 'select' 'q_V' <Predicate = true> <Delay = 0.30> <CoreInst = "Sel">   --->   Core 73 'Sel' <Latency = 0> <II = 1> <Delay = 0.30> <FuncUnit> <Opcode : 'select'> <InPorts = 3> <OutPorts = 1>
ST_3 : Operation 42 [1/1] (1.36ns)   --->   "%write_ln1616 = write void @_ssdm_op_Write.ap_fifo.volatile.i8P0A, i8 %q_lin1, i8 %q_V" [/home/fede/PhD/transformer-hls/hls/include/linear.h:1616]   --->   Operation 42 'write' 'write_ln1616' <Predicate = true> <Delay = 1.36> <CoreInst = "FIFO_SRL">   --->   Core 81 'FIFO_SRL' <Latency = 0> <II = 1> <Delay = 1.36> <Storage> <Opcode : 'read' 'write' 'nbread' 'nbwrite'> <Ports = 0> <Width = 8> <Depth = 2> <FIFO>
ST_3 : Operation 43 [1/1] (0.00ns)   --->   "%br_ln1588 = br void %VITIS_LOOP_1589_18" [/home/fede/PhD/transformer-hls/hls/include/linear.h:1588]   --->   Operation 43 'br' 'br_ln1588' <Predicate = true> <Delay = 0.00>


============================================================
+ Verbose Summary: Timing violations
============================================================
Target clock period: 10ns, clock uncertainty: 2.7ns.

 <State 1>: 1.2ns
The critical path consists of the following:
	'alloca' operation ('n') [3]  (0 ns)
	'load' operation ('n', /home/fede/PhD/transformer-hls/hls/include/linear.h:1588) on local variable 'n' [9]  (0 ns)
	'getelementptr' operation ('C_tile_V_addr', /home/fede/PhD/transformer-hls/hls/include/linear.h:1596) [17]  (0 ns)
	'load' operation ('acc.V', /home/fede/PhD/transformer-hls/hls/include/linear.h:1596) on array 'C_tile_V' [19]  (1.2 ns)

 <State 2>: 4.37ns
The critical path consists of the following:
	'load' operation ('acc.V', /home/fede/PhD/transformer-hls/hls/include/linear.h:1596) on array 'C_tile_V' [19]  (1.2 ns)
	'mul' operation ('prod', /home/fede/PhD/transformer-hls/hls/include/linear.h:1408) [21]  (3.17 ns)

 <State 3>: 4.6ns
The critical path consists of the following:
	'sub' operation ('ret.V') [27]  (0.964 ns)
	'sub' operation ('rq.V', /home/fede/PhD/transformer-hls/hls/include/linear.h:1420) [30]  (0.833 ns)
	'select' operation ('rq.V') [31]  (0.352 ns)
	'icmp' operation ('icmp_ln1027') [34]  (0.779 ns)
	'or' operation ('or_ln1444', /home/fede/PhD/transformer-hls/hls/include/linear.h:1444) [37]  (0 ns)
	'select' operation ('q.V', /home/fede/PhD/transformer-hls/hls/include/linear.h:1444) [38]  (0.303 ns)
	fifo write operation ('write_ln1616', /home/fede/PhD/transformer-hls/hls/include/linear.h:1616) on port 'q_lin1' (/home/fede/PhD/transformer-hls/hls/include/linear.h:1616) [39]  (1.36 ns)


============================================================
+ Verbose Summary: Binding
============================================================
N/A
* FSMD analyzer results:
  - Output states:
 - Input state : 
  - Chain level:
	State 1
	State 2
	State 3


============================================================
+ Verbose Summary: Datapath Resource usage 
============================================================
N/A
