

================================================================
== Vitis HLS Report for 'Linear_Layer_17_64_16_1_1_1_1_1_1_527_16_0_ap_int_ap_int_ap_int_s'
================================================================
* Date:           Tue Jun 23 12:41:50 2026

* Version:        2022.2 (Build 3670227 on Oct 13 2022)
* Project:        ViT_Block
* Solution:       ViT_Block (Vivado IP Flow Target)
* Product family: virtexuplus
* Target device:  xcu250-figd2104-2L-e


================================================================
== Performance Estimates
================================================================
+ Timing: 
    * Summary: 
    +--------+----------+----------+------------+
    |  Clock |  Target  | Estimated| Uncertainty|
    +--------+----------+----------+------------+
    |ap_clk  |  10.00 ns|  4.603 ns|     2.70 ns|
    +--------+----------+----------+------------+

+ Latency: 
    * Summary: 
    +---------+---------+----------+----------+-------+-------+---------+
    |  Latency (cycles) |  Latency (absolute) |    Interval   | Pipeline|
    |   min   |   max   |    min   |    max   |  min  |  max  |   Type  |
    +---------+---------+----------+----------+-------+-------+---------+
    |    18344|    18344|  0.183 ms|  0.183 ms|  18344|  18344|       no|
    +---------+---------+----------+----------+-------+-------+---------+

    + Detail: 
        * Instance: 
        +----------------------------------------------------+------------------------------------------+---------+---------+-----------+-----------+------+------+---------+
        |                                                    |                                          |  Latency (cycles) |   Latency (absolute)  |   Interval  | Pipeline|
        |                      Instance                      |                  Module                  |   min   |   max   |    min    |    max    |  min |  max |   Type  |
        +----------------------------------------------------+------------------------------------------+---------+---------+-----------+-----------+------+------+---------+
        |grp_Linear_Layer_Pipeline_VITIS_LOOP_1512_2_fu_60   |Linear_Layer_Pipeline_VITIS_LOOP_1512_2   |       18|       18|   0.180 us|   0.180 us|    18|    18|       no|
        |grp_Linear_Layer_Pipeline_VITIS_LOOP_1525_6_fu_67   |Linear_Layer_Pipeline_VITIS_LOOP_1525_6   |     1035|     1035|  10.350 us|  10.350 us|  1035|  1035|       no|
        |grp_Linear_Layer_Pipeline_VITIS_LOOP_1588_17_fu_76  |Linear_Layer_Pipeline_VITIS_LOOP_1588_17  |       19|       19|   0.190 us|   0.190 us|    19|    19|       no|
        +----------------------------------------------------+------------------------------------------+---------+---------+-----------+-----------+------+------+---------+

        * Loop: 
        +---------------------+---------+---------+----------+-----------+-----------+------+----------+
        |                     |  Latency (cycles) | Iteration|  Initiation Interval  | Trip |          |
        |      Loop Name      |   min   |   max   |  Latency |  achieved |   target  | Count| Pipelined|
        +---------------------+---------+---------+----------+-----------+-----------+------+----------+
        |- VITIS_LOOP_1509_1  |    18343|    18343|      1079|          -|          -|    17|        no|
        +---------------------+---------+---------+----------+-----------+-----------+------+----------+



================================================================
== Utilization Estimates
================================================================
* Summary: 
+---------------------+---------+-------+---------+---------+------+
|         Name        | BRAM_18K|  DSP  |    FF   |   LUT   | URAM |
+---------------------+---------+-------+---------+---------+------+
|DSP                  |        -|      -|        -|        -|     -|
|Expression           |        -|      -|        0|       23|     -|
|FIFO                 |        -|      -|        -|        -|     -|
|Instance             |        0|     18|      764|      830|     -|
|Memory               |        1|      -|        0|        0|     -|
|Multiplexer          |        -|      -|        -|      180|     -|
|Register             |        -|      -|       17|        -|     -|
+---------------------+---------+-------+---------+---------+------+
|Total                |        1|     18|      781|     1033|     0|
+---------------------+---------+-------+---------+---------+------+
|Available SLR        |     1344|   3072|   864000|   432000|   320|
+---------------------+---------+-------+---------+---------+------+
|Utilization SLR (%)  |       ~0|     ~0|       ~0|       ~0|     0|
+---------------------+---------+-------+---------+---------+------+
|Available            |     5376|  12288|  3456000|  1728000|  1280|
+---------------------+---------+-------+---------+---------+------+
|Utilization (%)      |       ~0|     ~0|       ~0|       ~0|     0|
+---------------------+---------+-------+---------+---------+------+

+ Detail: 
    * Instance: 
    +----------------------------------------------------+------------------------------------------+---------+----+-----+-----+-----+
    |                      Instance                      |                  Module                  | BRAM_18K| DSP|  FF | LUT | URAM|
    +----------------------------------------------------+------------------------------------------+---------+----+-----+-----+-----+
    |grp_Linear_Layer_Pipeline_VITIS_LOOP_1512_2_fu_60   |Linear_Layer_Pipeline_VITIS_LOOP_1512_2   |        0|   0|   29|   77|    0|
    |grp_Linear_Layer_Pipeline_VITIS_LOOP_1525_6_fu_67   |Linear_Layer_Pipeline_VITIS_LOOP_1525_6   |        0|  16|  683|  457|    0|
    |grp_Linear_Layer_Pipeline_VITIS_LOOP_1588_17_fu_76  |Linear_Layer_Pipeline_VITIS_LOOP_1588_17  |        0|   2|   52|  296|    0|
    +----------------------------------------------------+------------------------------------------+---------+----+-----+-----+-----+
    |Total                                               |                                          |        0|  18|  764|  830|    0|
    +----------------------------------------------------+------------------------------------------+---------+----+-----+-----+-----+

    * DSP: 
    N/A

    * Memory: 
    +------------+----------------------------------------------------------------------------------+---------+---+----+-----+------+-----+------+-------------+
    |   Memory   |                                      Module                                      | BRAM_18K| FF| LUT| URAM| Words| Bits| Banks| W*Bits*Banks|
    +------------+----------------------------------------------------------------------------------+---------+---+----+-----+------+-----+------+-------------+
    |C_tile_V_U  |Linear_Layer_17_16_16_1_1_1_1_1_1_337_16_0_ap_int_ap_int_ap_int_s_C_tile_V_RAbkb  |        1|  0|   0|    0|    16|   32|     1|          512|
    +------------+----------------------------------------------------------------------------------+---------+---+----+-----+------+-----+------+-------------+
    |Total       |                                                                                  |        1|  0|   0|    0|    16|   32|     1|          512|
    +------------+----------------------------------------------------------------------------------+---------+---+----+-----+------+-----+------+-------------+

    * FIFO: 
    N/A

    * Expression: 
    +----------------------+----------+----+---+----+------------+------------+
    |     Variable Name    | Operation| DSP| FF| LUT| Bitwidth P0| Bitwidth P1|
    +----------------------+----------+----+---+----+------------+------------+
    |m_21_fu_97_p2         |         +|   0|  0|  12|           5|           1|
    |icmp_ln1509_fu_91_p2  |      icmp|   0|  0|   9|           5|           5|
    |ap_block_state1       |        or|   0|  0|   2|           1|           1|
    +----------------------+----------+----+---+----+------------+------------+
    |Total                 |          |   0|  0|  23|          11|           7|
    +----------------------+----------+----+---+----+------------+------------+

    * Multiplexer: 
    +-------------------+----+-----------+-----+-----------+
    |        Name       | LUT| Input Size| Bits| Total Bits|
    +-------------------+----+-----------+-----+-----------+
    |C_tile_V_address0  |  20|          4|    4|         16|
    |C_tile_V_ce0       |  20|          4|    1|          4|
    |C_tile_V_ce1       |   9|          2|    1|          2|
    |C_tile_V_d0        |  14|          3|   32|         96|
    |C_tile_V_we0       |  14|          3|    1|          3|
    |C_tile_V_we1       |   9|          2|    1|          2|
    |ap_NS_fsm          |  49|          9|    1|          9|
    |ap_done            |   9|          2|    1|          2|
    |m_fu_52            |   9|          2|    5|         10|
    |mlp_out14_write    |   9|          2|    1|          2|
    |out_w1_read        |   9|          2|    1|          2|
    |relu2_read         |   9|          2|    1|          2|
    +-------------------+----+-----------+-----+-----------+
    |Total              | 180|         37|   50|        150|
    +-------------------+----+-----------+-----+-----------+

    * Register: 
    +-----------------------------------------------------------------+---+----+-----+-----------+
    |                               Name                              | FF| LUT| Bits| Const Bits|
    +-----------------------------------------------------------------+---+----+-----+-----------+
    |ap_CS_fsm                                                        |  8|   0|    8|          0|
    |ap_done_reg                                                      |  1|   0|    1|          0|
    |grp_Linear_Layer_Pipeline_VITIS_LOOP_1512_2_fu_60_ap_start_reg   |  1|   0|    1|          0|
    |grp_Linear_Layer_Pipeline_VITIS_LOOP_1525_6_fu_67_ap_start_reg   |  1|   0|    1|          0|
    |grp_Linear_Layer_Pipeline_VITIS_LOOP_1588_17_fu_76_ap_start_reg  |  1|   0|    1|          0|
    |m_fu_52                                                          |  5|   0|    5|          0|
    +-----------------------------------------------------------------+---+----+-----+-----------+
    |Total                                                            | 17|   0|   17|          0|
    +-----------------------------------------------------------------+---+----+-----+-----------+



================================================================
== Interface
================================================================
* Summary: 
+--------------------------+-----+-----+------------+-------------------------------------------------------------------+--------------+
|         RTL Ports        | Dir | Bits|  Protocol  |                           Source Object                           |    C Type    |
+--------------------------+-----+-----+------------+-------------------------------------------------------------------+--------------+
|ap_clk                    |   in|    1|  ap_ctrl_hs|  Linear_Layer<17,64,16,1,1,1,1,1,1,527,16,0,ap_int,ap_int,ap_int >|  return value|
|ap_rst                    |   in|    1|  ap_ctrl_hs|  Linear_Layer<17,64,16,1,1,1,1,1,1,527,16,0,ap_int,ap_int,ap_int >|  return value|
|ap_start                  |   in|    1|  ap_ctrl_hs|  Linear_Layer<17,64,16,1,1,1,1,1,1,527,16,0,ap_int,ap_int,ap_int >|  return value|
|ap_done                   |  out|    1|  ap_ctrl_hs|  Linear_Layer<17,64,16,1,1,1,1,1,1,527,16,0,ap_int,ap_int,ap_int >|  return value|
|ap_continue               |   in|    1|  ap_ctrl_hs|  Linear_Layer<17,64,16,1,1,1,1,1,1,527,16,0,ap_int,ap_int,ap_int >|  return value|
|ap_idle                   |  out|    1|  ap_ctrl_hs|  Linear_Layer<17,64,16,1,1,1,1,1,1,527,16,0,ap_int,ap_int,ap_int >|  return value|
|ap_ready                  |  out|    1|  ap_ctrl_hs|  Linear_Layer<17,64,16,1,1,1,1,1,1,527,16,0,ap_int,ap_int,ap_int >|  return value|
|relu2_dout                |   in|    8|     ap_fifo|                                                              relu2|       pointer|
|relu2_num_data_valid      |   in|    7|     ap_fifo|                                                              relu2|       pointer|
|relu2_fifo_cap            |   in|    7|     ap_fifo|                                                              relu2|       pointer|
|relu2_empty_n             |   in|    1|     ap_fifo|                                                              relu2|       pointer|
|relu2_read                |  out|    1|     ap_fifo|                                                              relu2|       pointer|
|mlp_out14_din             |  out|    8|     ap_fifo|                                                          mlp_out14|       pointer|
|mlp_out14_num_data_valid  |   in|    2|     ap_fifo|                                                          mlp_out14|       pointer|
|mlp_out14_fifo_cap        |   in|    2|     ap_fifo|                                                          mlp_out14|       pointer|
|mlp_out14_full_n          |   in|    1|     ap_fifo|                                                          mlp_out14|       pointer|
|mlp_out14_write           |  out|    1|     ap_fifo|                                                          mlp_out14|       pointer|
|out_w1_dout               |   in|    8|     ap_fifo|                                                             out_w1|       pointer|
|out_w1_num_data_valid     |   in|    7|     ap_fifo|                                                             out_w1|       pointer|
|out_w1_fifo_cap           |   in|    7|     ap_fifo|                                                             out_w1|       pointer|
|out_w1_empty_n            |   in|    1|     ap_fifo|                                                             out_w1|       pointer|
|out_w1_read               |  out|    1|     ap_fifo|                                                             out_w1|       pointer|
+--------------------------+-----+-----+------------+-------------------------------------------------------------------+--------------+

============================================================
+ Verbose Summary: Synthesis Manager
============================================================
InlineROM: 1
ExposeGlobal: 0
============================================================
+ Verbose Summary: CDFG Model
============================================================
IsTopModel: 0
ResetActiveHigh: 1
IsCombinational: 2
IsDatapathOnly: 0
HasWiredReturn: 1
HasMFsm: 0
HasVarLatency: 1
IsPipeline: 0
IsRtlPipelined: 0
IsInstanceOverlapped: 0
IsDontTouch: 0
HasImplIP: 0
IsGatedGlobalClock: 0


============================================================
+ Verbose Summary: Schedule
============================================================
* Number of FSM states : 8
* Pipeline : 0
* Dataflow Pipeline: 0

* FSM state transitions: 
1 --> 2 
2 --> 3 
3 --> 4 
4 --> 5 
5 --> 6 
6 --> 7 
7 --> 8 
8 --> 2 

* FSM state operations: 

State 1 <SV = 0> <Delay = 1.19>
ST_1 : Operation 9 [1/1] (0.00ns)   --->   "%m = alloca i32 1"   --->   Operation 9 'alloca' 'm' <Predicate = true> <Delay = 0.00>
ST_1 : Operation 10 [1/1] (0.00ns)   --->   "%specinterface_ln0 = specinterface void @_ssdm_op_SpecInterface, i8 %out_w1, void @empty_9, i32 0, i32 0, void @empty_28, i32 0, i32 0, void @empty_28, void @empty_28, void @empty_28, i32 0, i32 0, i32 0, i32 0, void @empty_28, void @empty_28, i32 4294967295, i32 0"   --->   Operation 10 'specinterface' 'specinterface_ln0' <Predicate = true> <Delay = 0.00>
ST_1 : Operation 11 [1/1] (0.00ns)   --->   "%specinterface_ln0 = specinterface void @_ssdm_op_SpecInterface, i8 %mlp_out14, void @empty_9, i32 0, i32 0, void @empty_28, i32 0, i32 0, void @empty_28, void @empty_28, void @empty_28, i32 0, i32 0, i32 0, i32 0, void @empty_28, void @empty_28, i32 4294967295, i32 0"   --->   Operation 11 'specinterface' 'specinterface_ln0' <Predicate = true> <Delay = 0.00>
ST_1 : Operation 12 [1/1] (0.00ns)   --->   "%specinterface_ln0 = specinterface void @_ssdm_op_SpecInterface, i8 %relu2, void @empty_9, i32 0, i32 0, void @empty_28, i32 0, i32 0, void @empty_28, void @empty_28, void @empty_28, i32 0, i32 0, i32 0, i32 0, void @empty_28, void @empty_28, i32 4294967295, i32 0"   --->   Operation 12 'specinterface' 'specinterface_ln0' <Predicate = true> <Delay = 0.00>
ST_1 : Operation 13 [1/1] (1.19ns)   --->   "%C_tile_V = alloca i64 1" [/home/fede/PhD/transformer-hls/hls/include/linear.h:1497]   --->   Operation 13 'alloca' 'C_tile_V' <Predicate = true> <Delay = 1.19> <CoreInst = "RAM_T2P_BRAM">   --->   Core 99 'RAM_T2P_BRAM' <Latency = 1> <II = 1> <Delay = 1.19> <Storage> <Opcode : 'load' 'store'> <Ports = 2> <Width = 32> <Depth = 16> <RAM>
ST_1 : Operation 14 [1/1] (0.00ns)   --->   "%specmemcore_ln1501 = specmemcore void @_ssdm_op_SpecMemCore, i32 %C_tile_V, i64 666, i64 30, i64 18446744073709551615" [/home/fede/PhD/transformer-hls/hls/include/linear.h:1501]   --->   Operation 14 'specmemcore' 'specmemcore_ln1501' <Predicate = true> <Delay = 0.00>
ST_1 : Operation 15 [1/1] (0.38ns)   --->   "%store_ln1509 = store i5 0, i5 %m" [/home/fede/PhD/transformer-hls/hls/include/linear.h:1509]   --->   Operation 15 'store' 'store_ln1509' <Predicate = true> <Delay = 0.38>
ST_1 : Operation 16 [1/1] (0.00ns)   --->   "%br_ln1509 = br void %VITIS_LOOP_1512_2" [/home/fede/PhD/transformer-hls/hls/include/linear.h:1509]   --->   Operation 16 'br' 'br_ln1509' <Predicate = true> <Delay = 0.00>

State 2 <SV = 1> <Delay = 1.09>
ST_2 : Operation 17 [1/1] (0.00ns)   --->   "%m_20 = load i5 %m" [/home/fede/PhD/transformer-hls/hls/include/linear.h:1509]   --->   Operation 17 'load' 'm_20' <Predicate = true> <Delay = 0.00>
ST_2 : Operation 18 [1/1] (0.63ns)   --->   "%icmp_ln1509 = icmp_eq  i5 %m_20, i5 17" [/home/fede/PhD/transformer-hls/hls/include/linear.h:1509]   --->   Operation 18 'icmp' 'icmp_ln1509' <Predicate = true> <Delay = 0.63> <CoreInst = "Cmp">   --->   Core 9 'Cmp' <Latency = 0> <II = 1> <Delay = 0.63> <FuncUnit> <Opcode : 'icmp'> <InPorts = 2> <OutPorts = 1>
ST_2 : Operation 19 [1/1] (0.00ns)   --->   "%empty = speclooptripcount i32 @_ssdm_op_SpecLoopTripCount, i64 17, i64 17, i64 17"   --->   Operation 19 'speclooptripcount' 'empty' <Predicate = true> <Delay = 0.00>
ST_2 : Operation 20 [1/1] (0.70ns)   --->   "%m_21 = add i5 %m_20, i5 1" [/home/fede/PhD/transformer-hls/hls/include/linear.h:1509]   --->   Operation 20 'add' 'm_21' <Predicate = true> <Delay = 0.70> <CoreInst = "Adder">   --->   Core 1 'Adder' <Latency = 0> <II = 1> <Delay = 0.70> <FuncUnit> <Opcode : 'add' 'sub'> <InPorts = 2> <OutPorts = 1>
ST_2 : Operation 21 [1/1] (0.00ns)   --->   "%br_ln1509 = br i1 %icmp_ln1509, void %VITIS_LOOP_1512_2.split, void %for.end247" [/home/fede/PhD/transformer-hls/hls/include/linear.h:1509]   --->   Operation 21 'br' 'br_ln1509' <Predicate = true> <Delay = 0.00>
ST_2 : Operation 22 [2/2] (0.00ns)   --->   "%call_ln0 = call void @Linear_Layer_Pipeline_VITIS_LOOP_1512_2, i32 %C_tile_V, i13 %bias_2_0_V"   --->   Operation 22 'call' 'call_ln0' <Predicate = (!icmp_ln1509)> <Delay = 0.00> <CoreType = "Generic">   --->   Core 0 '' <Latency = 0> <II = 1> <Delay = 1.00> <Generic> <Opcode : >
ST_2 : Operation 23 [1/1] (0.38ns)   --->   "%store_ln1509 = store i5 %m_21, i5 %m" [/home/fede/PhD/transformer-hls/hls/include/linear.h:1509]   --->   Operation 23 'store' 'store_ln1509' <Predicate = (!icmp_ln1509)> <Delay = 0.38>
ST_2 : Operation 24 [1/1] (0.00ns)   --->   "%ret_ln1621 = ret" [/home/fede/PhD/transformer-hls/hls/include/linear.h:1621]   --->   Operation 24 'ret' 'ret_ln1621' <Predicate = (icmp_ln1509)> <Delay = 0.00>

State 3 <SV = 2> <Delay = 0.00>
ST_3 : Operation 25 [1/2] (0.00ns)   --->   "%call_ln0 = call void @Linear_Layer_Pipeline_VITIS_LOOP_1512_2, i32 %C_tile_V, i13 %bias_2_0_V"   --->   Operation 25 'call' 'call_ln0' <Predicate = true> <Delay = 0.00> <CoreType = "Generic">   --->   Core 0 '' <Latency = 0> <II = 1> <Delay = 1.00> <Generic> <Opcode : >

State 4 <SV = 3> <Delay = 0.00>
ST_4 : Operation 26 [1/1] (0.00ns)   --->   "%empty_235 = wait i32 @_ssdm_op_Wait"   --->   Operation 26 'wait' 'empty_235' <Predicate = true> <Delay = 0.00>
ST_4 : Operation 27 [2/2] (0.00ns)   --->   "%call_ln0 = call void @Linear_Layer_Pipeline_VITIS_LOOP_1525_6, i32 %C_tile_V, i8 %relu2, i8 %out_w1"   --->   Operation 27 'call' 'call_ln0' <Predicate = true> <Delay = 0.00> <CoreType = "Generic">   --->   Core 0 '' <Latency = 0> <II = 1> <Delay = 1.00> <Generic> <Opcode : >

State 5 <SV = 4> <Delay = 0.00>
ST_5 : Operation 28 [1/2] (0.00ns)   --->   "%call_ln0 = call void @Linear_Layer_Pipeline_VITIS_LOOP_1525_6, i32 %C_tile_V, i8 %relu2, i8 %out_w1"   --->   Operation 28 'call' 'call_ln0' <Predicate = true> <Delay = 0.00> <CoreType = "Generic">   --->   Core 0 '' <Latency = 0> <II = 1> <Delay = 1.00> <Generic> <Opcode : >

State 6 <SV = 5> <Delay = 0.00>
ST_6 : Operation 29 [1/1] (0.00ns)   --->   "%empty_236 = wait i32 @_ssdm_op_Wait"   --->   Operation 29 'wait' 'empty_236' <Predicate = true> <Delay = 0.00>

State 7 <SV = 6> <Delay = 0.00>
ST_7 : Operation 30 [1/1] (0.00ns)   --->   "%empty_237 = wait i32 @_ssdm_op_Wait"   --->   Operation 30 'wait' 'empty_237' <Predicate = true> <Delay = 0.00>
ST_7 : Operation 31 [2/2] (0.00ns)   --->   "%call_ln0 = call void @Linear_Layer_Pipeline_VITIS_LOOP_1588_17, i32 %C_tile_V, i8 %mlp_out14"   --->   Operation 31 'call' 'call_ln0' <Predicate = true> <Delay = 0.00> <CoreType = "Generic">   --->   Core 0 '' <Latency = 0> <II = 1> <Delay = 1.00> <Generic> <Opcode : >

State 8 <SV = 7> <Delay = 0.00>
ST_8 : Operation 32 [1/1] (0.00ns)   --->   "%specloopname_ln1509 = specloopname void @_ssdm_op_SpecLoopName, void @empty_23" [/home/fede/PhD/transformer-hls/hls/include/linear.h:1509]   --->   Operation 32 'specloopname' 'specloopname_ln1509' <Predicate = true> <Delay = 0.00>
ST_8 : Operation 33 [1/2] (0.00ns)   --->   "%call_ln0 = call void @Linear_Layer_Pipeline_VITIS_LOOP_1588_17, i32 %C_tile_V, i8 %mlp_out14"   --->   Operation 33 'call' 'call_ln0' <Predicate = true> <Delay = 0.00> <CoreType = "Generic">   --->   Core 0 '' <Latency = 0> <II = 1> <Delay = 1.00> <Generic> <Opcode : >
ST_8 : Operation 34 [1/1] (0.00ns)   --->   "%br_ln1509 = br void %VITIS_LOOP_1512_2" [/home/fede/PhD/transformer-hls/hls/include/linear.h:1509]   --->   Operation 34 'br' 'br_ln1509' <Predicate = true> <Delay = 0.00>


============================================================
+ Verbose Summary: Binding
============================================================
STG Binding: 
---------------- STG Properties BEGIN ----------------
- Is combinational: 0
- Is one-state seq: 0
- Is datapath-only: 0
- Is pipelined: 0
- Is top level: 0
Port [ Return ] is wired: 1; IO mode=ap_ctrl_hs:ce=0
Port [ relu2]:  wired=1; compound=1; hidden=0; nouse=0; global=0; static=0; extern=0; dir=0; type=3; pingpong=0; private_global=0; IO mode=ap_fifo:ce=0
Port [ mlp_out14]:  wired=1; compound=1; hidden=0; nouse=0; global=0; static=0; extern=0; dir=1; type=3; pingpong=0; private_global=0; IO mode=ap_fifo:ce=0
Port [ out_w1]:  wired=1; compound=1; hidden=0; nouse=0; global=0; static=0; extern=0; dir=0; type=3; pingpong=0; private_global=0; IO mode=ap_fifo:ce=0
Port [ bias_2_0_V]:  wired=0; compound=1; hidden=1; nouse=1; global=1; static=1; extern=0; dir=0; type=1; pingpong=0; private_global=0; MemPort=[1]; IO mode=ap_memory:ce=0
---------------- STG Properties END ------------------

---------------- Datapath Model BEGIN ----------------

<LifeTime>
<method=bitvector/>
m                   (alloca           ) [ 011111111]
specinterface_ln0   (specinterface    ) [ 000000000]
specinterface_ln0   (specinterface    ) [ 000000000]
specinterface_ln0   (specinterface    ) [ 000000000]
C_tile_V            (alloca           ) [ 001111111]
specmemcore_ln1501  (specmemcore      ) [ 000000000]
store_ln1509        (store            ) [ 000000000]
br_ln1509           (br               ) [ 000000000]
m_20                (load             ) [ 000000000]
icmp_ln1509         (icmp             ) [ 001111111]
empty               (speclooptripcount) [ 000000000]
m_21                (add              ) [ 000000000]
br_ln1509           (br               ) [ 000000000]
store_ln1509        (store            ) [ 000000000]
ret_ln1621          (ret              ) [ 000000000]
call_ln0            (call             ) [ 000000000]
empty_235           (wait             ) [ 000000000]
call_ln0            (call             ) [ 000000000]
empty_236           (wait             ) [ 000000000]
empty_237           (wait             ) [ 000000000]
specloopname_ln1509 (specloopname     ) [ 000000000]
call_ln0            (call             ) [ 000000000]
br_ln1509           (br               ) [ 000000000]
</LifeTime>

<model>

<comp_list>
<comp id="0" class="1000" name="relu2">
<pin_list>
<pin id="1" dir="1" index="0" bw="1" slack="0"/>
</pin_list>
<bind>
<StgValue><ssdm name="relu2"/></StgValue>
</bind>
</comp>

<comp id="2" class="1000" name="mlp_out14">
<pin_list>
<pin id="3" dir="1" index="0" bw="1" slack="0"/>
</pin_list>
<bind>
<StgValue><ssdm name="mlp_out14"/></StgValue>
</bind>
</comp>

<comp id="4" class="1000" name="out_w1">
<pin_list>
<pin id="5" dir="1" index="0" bw="1" slack="0"/>
</pin_list>
<bind>
<StgValue><ssdm name="out_w1"/></StgValue>
</bind>
</comp>

<comp id="6" class="1000" name="bias_2_0_V">
<pin_list>
<pin id="7" dir="1" index="0" bw="1" slack="0"/>
</pin_list>
<bind>
<StgValue><ssdm name="bias_2_0_V"/><MemPortTyVec>1 </MemPortTyVec>
</StgValue>
</bind>
</comp>

<comp id="8" class="1001" name="const_8">
<pin_list>
<pin id="9" dir="1" index="0" bw="1" slack="0"/>
</pin_list>
<bind>
<StgValue><ssdm name=""/></StgValue>
</bind>
</comp>

<comp id="10" class="1001" name="const_10">
<pin_list>
<pin id="11" dir="1" index="0" bw="1" slack="2147483647"/>
</pin_list>
<bind>
<StgValue><ssdm name="_ssdm_op_SpecInterface"/></StgValue>
</bind>
</comp>

<comp id="12" class="1001" name="const_12">
<pin_list>
<pin id="13" dir="1" index="0" bw="1" slack="2147483647"/>
</pin_list>
<bind>
<StgValue><ssdm name="empty_9"/></StgValue>
</bind>
</comp>

<comp id="14" class="1001" name="const_14">
<pin_list>
<pin id="15" dir="1" index="0" bw="1" slack="2147483647"/>
</pin_list>
<bind>
<StgValue><ssdm name=""/></StgValue>
</bind>
</comp>

<comp id="16" class="1001" name="const_16">
<pin_list>
<pin id="17" dir="1" index="0" bw="1" slack="2147483647"/>
</pin_list>
<bind>
<StgValue><ssdm name="empty_28"/></StgValue>
</bind>
</comp>

<comp id="18" class="1001" name="const_18">
<pin_list>
<pin id="19" dir="1" index="0" bw="1" slack="2147483647"/>
</pin_list>
<bind>
<StgValue><ssdm name=""/></StgValue>
</bind>
</comp>

<comp id="20" class="1001" name="const_20">
<pin_list>
<pin id="21" dir="1" index="0" bw="1" slack="0"/>
</pin_list>
<bind>
<StgValue><ssdm name=""/></StgValue>
</bind>
</comp>

<comp id="22" class="1001" name="const_22">
<pin_list>
<pin id="23" dir="1" index="0" bw="1" slack="2147483647"/>
</pin_list>
<bind>
<StgValue><ssdm name="_ssdm_op_SpecMemCore"/></StgValue>
</bind>
</comp>

<comp id="24" class="1001" name="const_24">
<pin_list>
<pin id="25" dir="1" index="0" bw="1" slack="2147483647"/>
</pin_list>
<bind>
<StgValue><ssdm name=""/></StgValue>
</bind>
</comp>

<comp id="26" class="1001" name="const_26">
<pin_list>
<pin id="27" dir="1" index="0" bw="1" slack="2147483647"/>
</pin_list>
<bind>
<StgValue><ssdm name=""/></StgValue>
</bind>
</comp>

<comp id="28" class="1001" name="const_28">
<pin_list>
<pin id="29" dir="1" index="0" bw="1" slack="2147483647"/>
</pin_list>
<bind>
<StgValue><ssdm name=""/></StgValue>
</bind>
</comp>

<comp id="30" class="1001" name="const_30">
<pin_list>
<pin id="31" dir="1" index="0" bw="1" slack="0"/>
</pin_list>
<bind>
<StgValue><ssdm name=""/></StgValue>
</bind>
</comp>

<comp id="32" class="1001" name="const_32">
<pin_list>
<pin id="33" dir="1" index="0" bw="1" slack="0"/>
</pin_list>
<bind>
<StgValue><ssdm name=""/></StgValue>
</bind>
</comp>

<comp id="34" class="1001" name="const_34">
<pin_list>
<pin id="35" dir="1" index="0" bw="1" slack="2147483647"/>
</pin_list>
<bind>
<StgValue><ssdm name="_ssdm_op_SpecLoopTripCount"/></StgValue>
</bind>
</comp>

<comp id="36" class="1001" name="const_36">
<pin_list>
<pin id="37" dir="1" index="0" bw="1" slack="2147483647"/>
</pin_list>
<bind>
<StgValue><ssdm name=""/></StgValue>
</bind>
</comp>

<comp id="38" class="1001" name="const_38">
<pin_list>
<pin id="39" dir="1" index="0" bw="1" slack="0"/>
</pin_list>
<bind>
<StgValue><ssdm name=""/></StgValue>
</bind>
</comp>

<comp id="40" class="1001" name="const_40">
<pin_list>
<pin id="41" dir="1" index="0" bw="1" slack="0"/>
</pin_list>
<bind>
<StgValue><ssdm name="Linear_Layer_Pipeline_VITIS_LOOP_1512_2"/></StgValue>
</bind>
</comp>

<comp id="42" class="1001" name="const_42">
<pin_list>
<pin id="43" dir="1" index="0" bw="1" slack="2147483647"/>
</pin_list>
<bind>
<StgValue><ssdm name="_ssdm_op_Wait"/></StgValue>
</bind>
</comp>

<comp id="44" class="1001" name="const_44">
<pin_list>
<pin id="45" dir="1" index="0" bw="1" slack="0"/>
</pin_list>
<bind>
<StgValue><ssdm name="Linear_Layer_Pipeline_VITIS_LOOP_1525_6"/></StgValue>
</bind>
</comp>

<comp id="46" class="1001" name="const_46">
<pin_list>
<pin id="47" dir="1" index="0" bw="1" slack="0"/>
</pin_list>
<bind>
<StgValue><ssdm name="Linear_Layer_Pipeline_VITIS_LOOP_1588_17"/></StgValue>
</bind>
</comp>

<comp id="48" class="1001" name="const_48">
<pin_list>
<pin id="49" dir="1" index="0" bw="1" slack="2147483647"/>
</pin_list>
<bind>
<StgValue><ssdm name="_ssdm_op_SpecLoopName"/></StgValue>
</bind>
</comp>

<comp id="50" class="1001" name="const_50">
<pin_list>
<pin id="51" dir="1" index="0" bw="1" slack="2147483647"/>
</pin_list>
<bind>
<StgValue><ssdm name="empty_23"/></StgValue>
</bind>
</comp>

<comp id="52" class="1004" name="m_fu_52">
<pin_list>
<pin id="53" dir="0" index="0" bw="1" slack="0"/>
<pin id="54" dir="1" index="1" bw="5" slack="0"/>
</pin_list>
<bind>
<opcode="alloca(26) " fcode="alloca"/>
<opset="m/1 "/>
</bind>
</comp>

<comp id="56" class="1004" name="C_tile_V_alloca_fu_56">
<pin_list>
<pin id="57" dir="0" index="0" bw="1" slack="0"/>
<pin id="58" dir="1" index="1" bw="32" slack="2147483647"/>
</pin_list>
<bind>
<opcode="alloca(26) " fcode="alloca"/>
<opset="C_tile_V/1 "/>
</bind>
</comp>

<comp id="60" class="1004" name="grp_Linear_Layer_Pipeline_VITIS_LOOP_1512_2_fu_60">
<pin_list>
<pin id="61" dir="0" index="0" bw="0" slack="0"/>
<pin id="62" dir="0" index="1" bw="32" slack="2147483647"/>
<pin id="63" dir="0" index="2" bw="13" slack="0"/>
<pin id="64" dir="1" index="3" bw="0" slack="2147483647"/>
</pin_list>
<bind>
<opcode="call(48) " fcode="call"/>
<opset="call_ln0/2 "/>
</bind>
</comp>

<comp id="67" class="1004" name="grp_Linear_Layer_Pipeline_VITIS_LOOP_1525_6_fu_67">
<pin_list>
<pin id="68" dir="0" index="0" bw="0" slack="0"/>
<pin id="69" dir="0" index="1" bw="32" slack="2147483647"/>
<pin id="70" dir="0" index="2" bw="8" slack="0"/>
<pin id="71" dir="0" index="3" bw="8" slack="0"/>
<pin id="72" dir="1" index="4" bw="0" slack="2147483647"/>
</pin_list>
<bind>
<opcode="call(48) " fcode="call"/>
<opset="call_ln0/4 "/>
</bind>
</comp>

<comp id="76" class="1004" name="grp_Linear_Layer_Pipeline_VITIS_LOOP_1588_17_fu_76">
<pin_list>
<pin id="77" dir="0" index="0" bw="0" slack="0"/>
<pin id="78" dir="0" index="1" bw="32" slack="2147483647"/>
<pin id="79" dir="0" index="2" bw="8" slack="0"/>
<pin id="80" dir="1" index="3" bw="0" slack="2147483647"/>
</pin_list>
<bind>
<opcode="call(48) " fcode="call"/>
<opset="call_ln0/7 "/>
</bind>
</comp>

<comp id="83" class="1004" name="store_ln1509_store_fu_83">
<pin_list>
<pin id="84" dir="0" index="0" bw="1" slack="0"/>
<pin id="85" dir="0" index="1" bw="5" slack="0"/>
<pin id="86" dir="1" index="2" bw="0" slack="2147483647"/>
</pin_list>
<bind>
<opcode="store(28) " fcode="store"/>
<opset="store_ln1509/1 "/>
</bind>
</comp>

<comp id="88" class="1004" name="m_20_load_fu_88">
<pin_list>
<pin id="89" dir="0" index="0" bw="5" slack="1"/>
<pin id="90" dir="1" index="1" bw="5" slack="0"/>
</pin_list>
<bind>
<opcode="load(27) " fcode="load"/>
<opset="m_20/2 "/>
</bind>
</comp>

<comp id="91" class="1004" name="icmp_ln1509_fu_91">
<pin_list>
<pin id="92" dir="0" index="0" bw="5" slack="0"/>
<pin id="93" dir="0" index="1" bw="5" slack="0"/>
<pin id="94" dir="1" index="2" bw="1" slack="2147483647"/>
</pin_list>
<bind>
<opcode="icmp(45) " fcode="icmp"/>
<opset="icmp_ln1509/2 "/>
</bind>
</comp>

<comp id="97" class="1004" name="m_21_fu_97">
<pin_list>
<pin id="98" dir="0" index="0" bw="5" slack="0"/>
<pin id="99" dir="0" index="1" bw="1" slack="0"/>
<pin id="100" dir="1" index="2" bw="5" slack="0"/>
</pin_list>
<bind>
<opcode="add(8) " fcode="add"/>
<opset="m_21/2 "/>
</bind>
</comp>

<comp id="103" class="1004" name="store_ln1509_store_fu_103">
<pin_list>
<pin id="104" dir="0" index="0" bw="5" slack="0"/>
<pin id="105" dir="0" index="1" bw="5" slack="1"/>
<pin id="106" dir="1" index="2" bw="0" slack="2147483647"/>
</pin_list>
<bind>
<opcode="store(28) " fcode="store"/>
<opset="store_ln1509/2 "/>
</bind>
</comp>

<comp id="108" class="1005" name="m_reg_108">
<pin_list>
<pin id="109" dir="0" index="0" bw="5" slack="0"/>
<pin id="110" dir="1" index="1" bw="5" slack="0"/>
</pin_list>
<bind>
<opset="m "/>
</bind>
</comp>

</comp_list>

<net_list>
<net id="55"><net_src comp="8" pin="0"/><net_sink comp="52" pin=0"/></net>

<net id="59"><net_src comp="20" pin="0"/><net_sink comp="56" pin=0"/></net>

<net id="65"><net_src comp="40" pin="0"/><net_sink comp="60" pin=0"/></net>

<net id="66"><net_src comp="6" pin="0"/><net_sink comp="60" pin=2"/></net>

<net id="73"><net_src comp="44" pin="0"/><net_sink comp="67" pin=0"/></net>

<net id="74"><net_src comp="0" pin="0"/><net_sink comp="67" pin=2"/></net>

<net id="75"><net_src comp="4" pin="0"/><net_sink comp="67" pin=3"/></net>

<net id="81"><net_src comp="46" pin="0"/><net_sink comp="76" pin=0"/></net>

<net id="82"><net_src comp="2" pin="0"/><net_sink comp="76" pin=2"/></net>

<net id="87"><net_src comp="30" pin="0"/><net_sink comp="83" pin=0"/></net>

<net id="95"><net_src comp="88" pin="1"/><net_sink comp="91" pin=0"/></net>

<net id="96"><net_src comp="32" pin="0"/><net_sink comp="91" pin=1"/></net>

<net id="101"><net_src comp="88" pin="1"/><net_sink comp="97" pin=0"/></net>

<net id="102"><net_src comp="38" pin="0"/><net_sink comp="97" pin=1"/></net>

<net id="107"><net_src comp="97" pin="2"/><net_sink comp="103" pin=0"/></net>

<net id="111"><net_src comp="52" pin="1"/><net_sink comp="108" pin=0"/></net>

<net id="112"><net_src comp="108" pin="1"/><net_sink comp="83" pin=1"/></net>

<net id="113"><net_src comp="108" pin="1"/><net_sink comp="88" pin=0"/></net>

<net id="114"><net_src comp="108" pin="1"/><net_sink comp="103" pin=1"/></net>

</net_list>

</model> 
---------------- Datapath Model END ------------------

* FSMD analyzer results:
  - Output states:
	Port: relu2 | {}
	Port: mlp_out14 | {7 8 }
	Port: bias_2_0_V | {}
 - Input state : 
	Port: Linear_Layer<17,64,16,1,1,1,1,1,1,527,16,0,ap_int,ap_int,ap_int > : relu2 | {4 5 }
	Port: Linear_Layer<17,64,16,1,1,1,1,1,1,527,16,0,ap_int,ap_int,ap_int > : mlp_out14 | {}
	Port: Linear_Layer<17,64,16,1,1,1,1,1,1,527,16,0,ap_int,ap_int,ap_int > : out_w1 | {4 5 }
	Port: Linear_Layer<17,64,16,1,1,1,1,1,1,527,16,0,ap_int,ap_int,ap_int > : bias_2_0_V | {2 3 }
  - Chain level:
	State 1
		specmemcore_ln1501 : 1
		store_ln1509 : 1
	State 2
		icmp_ln1509 : 1
		m_21 : 1
		br_ln1509 : 2
		store_ln1509 : 2
	State 3
	State 4
	State 5
	State 6
	State 7
	State 8


============================================================
+ Verbose Summary: Datapath Resource usage 
============================================================

* Functional unit list:
|----------|----------------------------------------------------|---------|---------|---------|---------|
| Operation|                   Functional Unit                  |   DSP   |  Delay  |    FF   |   LUT   |
|----------|----------------------------------------------------|---------|---------|---------|---------|
|          |  grp_Linear_Layer_Pipeline_VITIS_LOOP_1512_2_fu_60 |    0    |  0.387  |    73   |    30   |
|   call   |  grp_Linear_Layer_Pipeline_VITIS_LOOP_1525_6_fu_67 |    16   |  9.4318 |   984   |   458   |
|          | grp_Linear_Layer_Pipeline_VITIS_LOOP_1588_17_fu_76 |    2    |  0.387  |    52   |   253   |
|----------|----------------------------------------------------|---------|---------|---------|---------|
|    add   |                     m_21_fu_97                     |    0    |    0    |    0    |    12   |
|----------|----------------------------------------------------|---------|---------|---------|---------|
|   icmp   |                  icmp_ln1509_fu_91                 |    0    |    0    |    0    |    9    |
|----------|----------------------------------------------------|---------|---------|---------|---------|
|   Total  |                                                    |    18   | 10.2058 |   1109  |   762   |
|----------|----------------------------------------------------|---------|---------|---------|---------|

Memories:
+--------+--------+--------+--------+
|        |  BRAM  |   FF   |   LUT  |
+--------+--------+--------+--------+
|C_tile_V|    1   |    0   |    0   |
+--------+--------+--------+--------+
|  Total |    1   |    0   |    0   |
+--------+--------+--------+--------+

* Register list:
+---------+--------+
|         |   FF   |
+---------+--------+
|m_reg_108|    5   |
+---------+--------+
|  Total  |    5   |
+---------+--------+

* Multiplexer (MUX) list: 
|--------|------|------|------|--------|
|  Comp  |  Pin | Size |  BW  | S x BW |
|--------|------|------|------|--------|
|  Total |      |      |      |    0   |
|--------|------|------|------|--------|



* Summary:
+-----------+--------+--------+--------+--------+--------+
|           |  BRAM  |   DSP  |  Delay |   FF   |   LUT  |
+-----------+--------+--------+--------+--------+--------+
|  Function |    -   |   18   |   10   |  1109  |   762  |
|   Memory  |    1   |    -   |    -   |    0   |    0   |
|Multiplexer|    -   |    -   |    -   |    -   |    -   |
|  Register |    -   |    -   |    -   |    5   |    -   |
+-----------+--------+--------+--------+--------+--------+
|   Total   |    1   |   18   |   10   |  1114  |   762  |
+-----------+--------+--------+--------+--------+--------+
