

================================================================
== Vitis HLS Report for 'MatMul_KV_tiled_11_Pipeline_load_B_VITIS_LOOP_1796_1'
================================================================
* Date:           Tue Jun 23 12:41:23 2026

* Version:        2022.2 (Build 3670227 on Oct 13 2022)
* Project:        ViT_Block
* Solution:       ViT_Block (Vivado IP Flow Target)
* Product family: virtexuplus
* Target device:  xcu250-figd2104-2L-e


================================================================
== Performance Estimates
================================================================
+ Timing: 
    * Summary: 
    +--------+----------+----------+------------+
    |  Clock |  Target  | Estimated| Uncertainty|
    +--------+----------+----------+------------+
    |ap_clk  |  10.00 ns|  2.338 ns|     2.70 ns|
    +--------+----------+----------+------------+

+ Latency: 
    * Summary: 
    +---------+---------+----------+----------+-----+-----+---------+
    |  Latency (cycles) |  Latency (absolute) |  Interval | Pipeline|
    |   min   |   max   |    min   |    max   | min | max |   Type  |
    +---------+---------+----------+----------+-----+-----+---------+
    |      138|      138|  1.380 us|  1.380 us|  138|  138|       no|
    +---------+---------+----------+----------+-----+-----+---------+

    + Detail: 
        * Instance: 
        N/A

        * Loop: 
        +----------------------------+---------+---------+----------+-----------+-----------+------+----------+
        |                            |  Latency (cycles) | Iteration|  Initiation Interval  | Trip |          |
        |          Loop Name         |   min   |   max   |  Latency |  achieved |   target  | Count| Pipelined|
        +----------------------------+---------+---------+----------+-----------+-----------+------+----------+
        |- load_B_VITIS_LOOP_1796_1  |      136|      136|         2|          1|          1|   136|       yes|
        +----------------------------+---------+---------+----------+-----------+-----------+------+----------+

============================================================
+ Verbose Summary: Synthesis Manager
============================================================
InlineROM: 1
ExposeGlobal: 0
============================================================
+ Verbose Summary: CDFG Model
============================================================
IsTopModel: 0
ResetActiveHigh: 1
IsCombinational: 0
IsDatapathOnly: 0
HasWiredReturn: 1
HasMFsm: 2
HasVarLatency: 1
IsPipeline: 0
IsRtlPipelined: 0
IsInstanceOverlapped: 0
IsDontTouch: 0
HasImplIP: 0
IsGatedGlobalClock: 0

+ Individual pipeline summary: 
  * Pipeline-0: initiation interval (II) = 1, depth = 2


============================================================
+ Verbose Summary: Schedule
============================================================
* Number of FSM states : 2
* Pipeline : 1
  Pipeline-0 : II = 1, D = 2, States = { 1 2 }
* Dataflow Pipeline: 0

* FSM state transitions: 
1 --> 2 
2 --> 

* FSM state operations: 

State 1 <SV = 0> <Delay = 1.09>
ST_1 : Operation 5 [1/1] (0.00ns)   --->   "%n = alloca i32 1"   --->   Operation 5 'alloca' 'n' <Predicate = true> <Delay = 0.00>
ST_1 : Operation 6 [1/1] (0.00ns)   --->   "%k = alloca i32 1"   --->   Operation 6 'alloca' 'k' <Predicate = true> <Delay = 0.00>
ST_1 : Operation 7 [1/1] (0.00ns)   --->   "%indvar_flatten = alloca i32 1"   --->   Operation 7 'alloca' 'indvar_flatten' <Predicate = true> <Delay = 0.00>
ST_1 : Operation 8 [1/1] (0.00ns)   --->   "%specinterface_ln0 = specinterface void @_ssdm_op_SpecInterface, i8 %V_1_1, void @empty_9, i32 0, i32 0, void @empty_28, i32 0, i32 0, void @empty_28, void @empty_28, void @empty_28, i32 0, i32 0, i32 0, i32 0, void @empty_28, void @empty_28, i32 4294967295, i32 0"   --->   Operation 8 'specinterface' 'specinterface_ln0' <Predicate = true> <Delay = 0.00>
ST_1 : Operation 9 [1/1] (0.38ns)   --->   "%store_ln0 = store i8 0, i8 %indvar_flatten"   --->   Operation 9 'store' 'store_ln0' <Predicate = true> <Delay = 0.38>
ST_1 : Operation 10 [1/1] (0.38ns)   --->   "%store_ln0 = store i5 0, i5 %k"   --->   Operation 10 'store' 'store_ln0' <Predicate = true> <Delay = 0.38>
ST_1 : Operation 11 [1/1] (0.38ns)   --->   "%store_ln0 = store i4 0, i4 %n"   --->   Operation 11 'store' 'store_ln0' <Predicate = true> <Delay = 0.38>
ST_1 : Operation 12 [1/1] (0.00ns)   --->   "%br_ln0 = br void %VITIS_LOOP_1797_2"   --->   Operation 12 'br' 'br_ln0' <Predicate = true> <Delay = 0.00>
ST_1 : Operation 13 [1/1] (0.00ns)   --->   "%indvar_flatten_load = load i8 %indvar_flatten" [/home/fede/PhD/transformer-hls/hls/include/linear.h:1795]   --->   Operation 13 'load' 'indvar_flatten_load' <Predicate = true> <Delay = 0.00>
ST_1 : Operation 14 [1/1] (0.00ns)   --->   "%specpipeline_ln0 = specpipeline void @_ssdm_op_SpecPipeline, i32 4294967295, i32 0, i32 1, i32 0, void @p_str"   --->   Operation 14 'specpipeline' 'specpipeline_ln0' <Predicate = true> <Delay = 0.00>
ST_1 : Operation 15 [1/1] (0.58ns)   --->   "%icmp_ln1795 = icmp_eq  i8 %indvar_flatten_load, i8 136" [/home/fede/PhD/transformer-hls/hls/include/linear.h:1795]   --->   Operation 15 'icmp' 'icmp_ln1795' <Predicate = true> <Delay = 0.58> <CoreInst = "Cmp">   --->   Core 9 'Cmp' <Latency = 0> <II = 1> <Delay = 0.58> <FuncUnit> <Opcode : 'icmp'> <InPorts = 2> <OutPorts = 1>
ST_1 : Operation 16 [1/1] (0.70ns)   --->   "%add_ln1795_1 = add i8 %indvar_flatten_load, i8 1" [/home/fede/PhD/transformer-hls/hls/include/linear.h:1795]   --->   Operation 16 'add' 'add_ln1795_1' <Predicate = true> <Delay = 0.70> <CoreInst = "Adder">   --->   Core 1 'Adder' <Latency = 0> <II = 1> <Delay = 0.70> <FuncUnit> <Opcode : 'add' 'sub'> <InPorts = 2> <OutPorts = 1>
ST_1 : Operation 17 [1/1] (0.00ns)   --->   "%br_ln1795 = br i1 %icmp_ln1795, void %for.inc68, void %buff_init.preheader.exitStub" [/home/fede/PhD/transformer-hls/hls/include/linear.h:1795]   --->   Operation 17 'br' 'br_ln1795' <Predicate = true> <Delay = 0.00>
ST_1 : Operation 18 [1/1] (0.38ns)   --->   "%store_ln1796 = store i8 %add_ln1795_1, i8 %indvar_flatten" [/home/fede/PhD/transformer-hls/hls/include/linear.h:1796]   --->   Operation 18 'store' 'store_ln1796' <Predicate = (!icmp_ln1795)> <Delay = 0.38>
ST_1 : Operation 40 [1/1] (0.00ns)   --->   "%ret_ln0 = ret"   --->   Operation 40 'ret' 'ret_ln0' <Predicate = (icmp_ln1795)> <Delay = 0.00>

State 2 <SV = 1> <Delay = 2.33>
ST_2 : Operation 19 [1/1] (0.00ns)   --->   "%n_load = load i4 %n" [/home/fede/PhD/transformer-hls/hls/include/linear.h:1796]   --->   Operation 19 'load' 'n_load' <Predicate = true> <Delay = 0.00>
ST_2 : Operation 20 [1/1] (0.00ns)   --->   "%k_load = load i5 %k" [/home/fede/PhD/transformer-hls/hls/include/linear.h:1795]   --->   Operation 20 'load' 'k_load' <Predicate = true> <Delay = 0.00>
ST_2 : Operation 21 [1/1] (0.70ns)   --->   "%add_ln1795 = add i5 %k_load, i5 1" [/home/fede/PhD/transformer-hls/hls/include/linear.h:1795]   --->   Operation 21 'add' 'add_ln1795' <Predicate = true> <Delay = 0.70> <CoreInst = "Adder">   --->   Core 1 'Adder' <Latency = 0> <II = 1> <Delay = 0.70> <FuncUnit> <Opcode : 'add' 'sub'> <InPorts = 2> <OutPorts = 1>
ST_2 : Operation 22 [1/1] (0.00ns)   --->   "%specloopname_ln0 = specloopname void @_ssdm_op_SpecLoopName, void @load_B_VITIS_LOOP_1796_1_str"   --->   Operation 22 'specloopname' 'specloopname_ln0' <Predicate = true> <Delay = 0.00>
ST_2 : Operation 23 [1/1] (0.00ns)   --->   "%empty = speclooptripcount i32 @_ssdm_op_SpecLoopTripCount, i64 136, i64 136, i64 136"   --->   Operation 23 'speclooptripcount' 'empty' <Predicate = true> <Delay = 0.00>
ST_2 : Operation 24 [1/1] (0.65ns)   --->   "%icmp_ln1796 = icmp_eq  i4 %n_load, i4 8" [/home/fede/PhD/transformer-hls/hls/include/linear.h:1796]   --->   Operation 24 'icmp' 'icmp_ln1796' <Predicate = true> <Delay = 0.65> <CoreInst = "Cmp">   --->   Core 9 'Cmp' <Latency = 0> <II = 1> <Delay = 0.65> <FuncUnit> <Opcode : 'icmp'> <InPorts = 2> <OutPorts = 1>
ST_2 : Operation 25 [1/1] (0.35ns)   --->   "%select_ln1795 = select i1 %icmp_ln1796, i4 0, i4 %n_load" [/home/fede/PhD/transformer-hls/hls/include/linear.h:1795]   --->   Operation 25 'select' 'select_ln1795' <Predicate = true> <Delay = 0.35> <CoreInst = "Sel">   --->   Core 73 'Sel' <Latency = 0> <II = 1> <Delay = 0.35> <FuncUnit> <Opcode : 'select'> <InPorts = 3> <OutPorts = 1>
ST_2 : Operation 26 [1/1] (0.27ns)   --->   "%select_ln1795_1 = select i1 %icmp_ln1796, i5 %add_ln1795, i5 %k_load" [/home/fede/PhD/transformer-hls/hls/include/linear.h:1795]   --->   Operation 26 'select' 'select_ln1795_1' <Predicate = true> <Delay = 0.27> <CoreInst = "Sel">   --->   Core 73 'Sel' <Latency = 0> <II = 1> <Delay = 0.27> <FuncUnit> <Opcode : 'select'> <InPorts = 3> <OutPorts = 1>
ST_2 : Operation 27 [1/1] (0.00ns)   --->   "%tmp = bitconcatenate i8 @_ssdm_op_BitConcatenate.i8.i5.i3, i5 %select_ln1795_1, i3 0" [/home/fede/PhD/transformer-hls/hls/include/linear.h:1803]   --->   Operation 27 'bitconcatenate' 'tmp' <Predicate = true> <Delay = 0.00>
ST_2 : Operation 28 [1/1] (0.00ns)   --->   "%specpipeline_ln0 = specpipeline void @_ssdm_op_SpecPipeline, i32 4294967295, i32 0, i32 1, i32 0, void @p_str"   --->   Operation 28 'specpipeline' 'specpipeline_ln0' <Predicate = true> <Delay = 0.00>
ST_2 : Operation 29 [1/1] (0.00ns)   --->   "%zext_ln1803 = zext i4 %select_ln1795" [/home/fede/PhD/transformer-hls/hls/include/linear.h:1803]   --->   Operation 29 'zext' 'zext_ln1803' <Predicate = true> <Delay = 0.00>
ST_2 : Operation 30 [1/1] (0.70ns)   --->   "%add_ln1803 = add i8 %tmp, i8 %zext_ln1803" [/home/fede/PhD/transformer-hls/hls/include/linear.h:1803]   --->   Operation 30 'add' 'add_ln1803' <Predicate = true> <Delay = 0.70> <CoreInst = "Adder">   --->   Core 1 'Adder' <Latency = 0> <II = 1> <Delay = 0.70> <FuncUnit> <Opcode : 'add' 'sub'> <InPorts = 2> <OutPorts = 1>
ST_2 : Operation 31 [1/1] (0.00ns)   --->   "%zext_ln1803_2 = zext i8 %add_ln1803" [/home/fede/PhD/transformer-hls/hls/include/linear.h:1803]   --->   Operation 31 'zext' 'zext_ln1803_2' <Predicate = true> <Delay = 0.00>
ST_2 : Operation 32 [1/1] (0.00ns)   --->   "%buff_B_V_addr = getelementptr i8 %buff_B_V, i64 0, i64 %zext_ln1803_2" [/home/fede/PhD/transformer-hls/hls/include/linear.h:1803]   --->   Operation 32 'getelementptr' 'buff_B_V_addr' <Predicate = true> <Delay = 0.00>
ST_2 : Operation 33 [1/1] (0.00ns)   --->   "%specloopname_ln1796 = specloopname void @_ssdm_op_SpecLoopName, void @empty_25" [/home/fede/PhD/transformer-hls/hls/include/linear.h:1796]   --->   Operation 33 'specloopname' 'specloopname_ln1796' <Predicate = true> <Delay = 0.00>
ST_2 : Operation 34 [1/1] (1.36ns)   --->   "%val_B_V = read i8 @_ssdm_op_Read.ap_fifo.volatile.i8P0A, i8 %V_1_1" [/home/fede/PhD/transformer-hls/hls/include/linear.h:1799]   --->   Operation 34 'read' 'val_B_V' <Predicate = true> <Delay = 1.36> <CoreInst = "FIFO_SRL">   --->   Core 81 'FIFO_SRL' <Latency = 0> <II = 1> <Delay = 1.36> <Storage> <Opcode : 'read' 'write' 'nbread' 'nbwrite'> <Ports = 0> <Width = 8> <Depth = 2> <FIFO>
ST_2 : Operation 35 [1/1] (0.62ns)   --->   "%store_ln1803 = store i8 %val_B_V, i8 %buff_B_V_addr" [/home/fede/PhD/transformer-hls/hls/include/linear.h:1803]   --->   Operation 35 'store' 'store_ln1803' <Predicate = true> <Delay = 0.62> <CoreInst = "RAM_1WnR">   --->   Core 84 'RAM_1WnR' <Latency = 1> <II = 1> <Delay = 0.62> <Storage> <Opcode : 'load' 'store'> <Ports = 17> <Width = 8> <Depth = 136> <RAM>
ST_2 : Operation 36 [1/1] (0.70ns)   --->   "%add_ln1796 = add i4 %select_ln1795, i4 1" [/home/fede/PhD/transformer-hls/hls/include/linear.h:1796]   --->   Operation 36 'add' 'add_ln1796' <Predicate = true> <Delay = 0.70> <CoreInst = "Adder">   --->   Core 1 'Adder' <Latency = 0> <II = 1> <Delay = 0.70> <FuncUnit> <Opcode : 'add' 'sub'> <InPorts = 2> <OutPorts = 1>
ST_2 : Operation 37 [1/1] (0.38ns)   --->   "%store_ln1796 = store i5 %select_ln1795_1, i5 %k" [/home/fede/PhD/transformer-hls/hls/include/linear.h:1796]   --->   Operation 37 'store' 'store_ln1796' <Predicate = true> <Delay = 0.38>
ST_2 : Operation 38 [1/1] (0.38ns)   --->   "%store_ln1796 = store i4 %add_ln1796, i4 %n" [/home/fede/PhD/transformer-hls/hls/include/linear.h:1796]   --->   Operation 38 'store' 'store_ln1796' <Predicate = true> <Delay = 0.38>
ST_2 : Operation 39 [1/1] (0.00ns)   --->   "%br_ln1796 = br void %VITIS_LOOP_1797_2" [/home/fede/PhD/transformer-hls/hls/include/linear.h:1796]   --->   Operation 39 'br' 'br_ln1796' <Predicate = true> <Delay = 0.00>


============================================================
+ Verbose Summary: Timing violations
============================================================
Target clock period: 10ns, clock uncertainty: 2.7ns.

 <State 1>: 1.09ns
The critical path consists of the following:
	'alloca' operation ('indvar_flatten') [5]  (0 ns)
	'load' operation ('indvar_flatten_load', /home/fede/PhD/transformer-hls/hls/include/linear.h:1795) on local variable 'indvar_flatten' [12]  (0 ns)
	'add' operation ('add_ln1795_1', /home/fede/PhD/transformer-hls/hls/include/linear.h:1795) [15]  (0.705 ns)
	'store' operation ('store_ln1796', /home/fede/PhD/transformer-hls/hls/include/linear.h:1796) of variable 'add_ln1795_1', /home/fede/PhD/transformer-hls/hls/include/linear.h:1795 on local variable 'indvar_flatten' [36]  (0.387 ns)

 <State 2>: 2.34ns
The critical path consists of the following:
	'load' operation ('n_load', /home/fede/PhD/transformer-hls/hls/include/linear.h:1796) on local variable 'n' [18]  (0 ns)
	'icmp' operation ('icmp_ln1796', /home/fede/PhD/transformer-hls/hls/include/linear.h:1796) [23]  (0.656 ns)
	'select' operation ('select_ln1795', /home/fede/PhD/transformer-hls/hls/include/linear.h:1795) [24]  (0.351 ns)
	'add' operation ('add_ln1803', /home/fede/PhD/transformer-hls/hls/include/linear.h:1803) [29]  (0.705 ns)
	'getelementptr' operation ('buff_B_V_addr', /home/fede/PhD/transformer-hls/hls/include/linear.h:1803) [31]  (0 ns)
	'store' operation ('store_ln1803', /home/fede/PhD/transformer-hls/hls/include/linear.h:1803) of variable 'val_B.V', /home/fede/PhD/transformer-hls/hls/include/linear.h:1799 on array 'buff_B_V' [34]  (0.626 ns)


============================================================
+ Verbose Summary: Binding
============================================================
N/A
* FSMD analyzer results:
  - Output states:
 - Input state : 
  - Chain level:
	State 1
	State 2


============================================================
+ Verbose Summary: Datapath Resource usage 
============================================================
N/A
