

================================================================
== Vitis HLS Report for 'MatMul_QK_tiled_Pipeline_VITIS_LOOP_1656_1_VITIS_LOOP_1657_2'
================================================================
* Date:           Fri Jun 19 14:57:05 2026

* Version:        2022.2 (Build 3670227 on Oct 13 2022)
* Project:        ViT_Block
* Solution:       ViT_Block (Vivado IP Flow Target)
* Product family: zynquplus
* Target device:  xck26-sfvc784-2LV-c


================================================================
== Performance Estimates
================================================================
+ Timing: 
    * Summary: 
    +--------+----------+----------+------------+
    |  Clock |  Target  | Estimated| Uncertainty|
    +--------+----------+----------+------------+
    |ap_clk  |  10.00 ns|  3.205 ns|     2.70 ns|
    +--------+----------+----------+------------+

+ Latency: 
    * Summary: 
    +---------+---------+----------+----------+-----+-----+---------+
    |  Latency (cycles) |  Latency (absolute) |  Interval | Pipeline|
    |   min   |   max   |    min   |    max   | min | max |   Type  |
    +---------+---------+----------+----------+-----+-----+---------+
    |      138|      138|  1.380 us|  1.380 us|  138|  138|       no|
    +---------+---------+----------+----------+-----+-----+---------+

    + Detail: 
        * Instance: 
        N/A

        * Loop: 
        +---------------------------------------+---------+---------+----------+-----------+-----------+------+----------+
        |                                       |  Latency (cycles) | Iteration|  Initiation Interval  | Trip |          |
        |               Loop Name               |   min   |   max   |  Latency |  achieved |   target  | Count| Pipelined|
        +---------------------------------------+---------+---------+----------+-----------+-----------+------+----------+
        |- VITIS_LOOP_1656_1_VITIS_LOOP_1657_2  |      136|      136|         2|          1|          1|   136|       yes|
        +---------------------------------------+---------+---------+----------+-----------+-----------+------+----------+

============================================================
+ Verbose Summary: Synthesis Manager
============================================================
InlineROM: 1
ExposeGlobal: 0
============================================================
+ Verbose Summary: CDFG Model
============================================================
IsTopModel: 0
ResetActiveHigh: 1
IsCombinational: 0
IsDatapathOnly: 0
HasWiredReturn: 1
HasMFsm: 2
HasVarLatency: 1
IsPipeline: 0
IsRtlPipelined: 0
IsInstanceOverlapped: 0
IsDontTouch: 0
HasImplIP: 0
IsGatedGlobalClock: 0

+ Individual pipeline summary: 
  * Pipeline-0: initiation interval (II) = 1, depth = 2


============================================================
+ Verbose Summary: Schedule
============================================================
* Number of FSM states : 2
* Pipeline : 1
  Pipeline-0 : II = 1, D = 2, States = { 1 2 }
* Dataflow Pipeline: 0

* FSM state transitions: 
1 --> 2 
2 --> 

* FSM state operations: 

State 1 <SV = 0> <Delay = 1.27>
ST_1 : Operation 5 [1/1] (0.00ns)   --->   "%k = alloca i32 1"   --->   Operation 5 'alloca' 'k' <Predicate = true> <Delay = 0.00>
ST_1 : Operation 6 [1/1] (0.00ns)   --->   "%n = alloca i32 1"   --->   Operation 6 'alloca' 'n' <Predicate = true> <Delay = 0.00>
ST_1 : Operation 7 [1/1] (0.00ns)   --->   "%indvar_flatten = alloca i32 1"   --->   Operation 7 'alloca' 'indvar_flatten' <Predicate = true> <Delay = 0.00>
ST_1 : Operation 8 [1/1] (0.00ns)   --->   "%specinterface_ln0 = specinterface void @_ssdm_op_SpecInterface, i8 %K_1_0, void @empty_9, i32 0, i32 0, void @empty_28, i32 0, i32 0, void @empty_28, void @empty_28, void @empty_28, i32 0, i32 0, i32 0, i32 0, void @empty_28, void @empty_28, i32 4294967295, i32 0"   --->   Operation 8 'specinterface' 'specinterface_ln0' <Predicate = true> <Delay = 0.00>
ST_1 : Operation 9 [1/1] (0.42ns)   --->   "%store_ln0 = store i8 0, i8 %indvar_flatten"   --->   Operation 9 'store' 'store_ln0' <Predicate = true> <Delay = 0.42>
ST_1 : Operation 10 [1/1] (0.42ns)   --->   "%store_ln0 = store i5 0, i5 %n"   --->   Operation 10 'store' 'store_ln0' <Predicate = true> <Delay = 0.42>
ST_1 : Operation 11 [1/1] (0.42ns)   --->   "%store_ln0 = store i4 0, i4 %k"   --->   Operation 11 'store' 'store_ln0' <Predicate = true> <Delay = 0.42>
ST_1 : Operation 12 [1/1] (0.00ns)   --->   "%br_ln0 = br void %for.inc"   --->   Operation 12 'br' 'br_ln0' <Predicate = true> <Delay = 0.00>
ST_1 : Operation 13 [1/1] (0.00ns)   --->   "%indvar_flatten_load = load i8 %indvar_flatten" [/home/fede/PhD/transformer-hls/hls/include/linear.h:1656]   --->   Operation 13 'load' 'indvar_flatten_load' <Predicate = true> <Delay = 0.00>
ST_1 : Operation 14 [1/1] (0.84ns)   --->   "%icmp_ln1656 = icmp_eq  i8 %indvar_flatten_load, i8 136" [/home/fede/PhD/transformer-hls/hls/include/linear.h:1656]   --->   Operation 14 'icmp' 'icmp_ln1656' <Predicate = true> <Delay = 0.84> <CoreInst = "Cmp">   --->   Core 9 'Cmp' <Latency = 0> <II = 1> <Delay = 0.84> <FuncUnit> <Opcode : 'icmp'> <InPorts = 2> <OutPorts = 1>
ST_1 : Operation 15 [1/1] (0.76ns)   --->   "%add_ln1656_1 = add i8 %indvar_flatten_load, i8 1" [/home/fede/PhD/transformer-hls/hls/include/linear.h:1656]   --->   Operation 15 'add' 'add_ln1656_1' <Predicate = true> <Delay = 0.76> <CoreInst = "Adder">   --->   Core 1 'Adder' <Latency = 0> <II = 1> <Delay = 0.76> <FuncUnit> <Opcode : 'add' 'sub'> <InPorts = 2> <OutPorts = 1>
ST_1 : Operation 16 [1/1] (0.00ns)   --->   "%br_ln1656 = br i1 %icmp_ln1656, void %for.inc50, void %VITIS_LOOP_1681_5.preheader.exitStub" [/home/fede/PhD/transformer-hls/hls/include/linear.h:1656]   --->   Operation 16 'br' 'br_ln1656' <Predicate = true> <Delay = 0.00>
ST_1 : Operation 17 [1/1] (0.42ns)   --->   "%store_ln1657 = store i8 %add_ln1656_1, i8 %indvar_flatten" [/home/fede/PhD/transformer-hls/hls/include/linear.h:1657]   --->   Operation 17 'store' 'store_ln1657' <Predicate = (!icmp_ln1656)> <Delay = 0.42>
ST_1 : Operation 39 [1/1] (0.00ns)   --->   "%ret_ln0 = ret"   --->   Operation 39 'ret' 'ret_ln0' <Predicate = (icmp_ln1656)> <Delay = 0.00>

State 2 <SV = 1> <Delay = 3.20>
ST_2 : Operation 18 [1/1] (0.00ns)   --->   "%k_load = load i4 %k" [/home/fede/PhD/transformer-hls/hls/include/linear.h:1657]   --->   Operation 18 'load' 'k_load' <Predicate = true> <Delay = 0.00>
ST_2 : Operation 19 [1/1] (0.00ns)   --->   "%n_load = load i5 %n" [/home/fede/PhD/transformer-hls/hls/include/linear.h:1656]   --->   Operation 19 'load' 'n_load' <Predicate = true> <Delay = 0.00>
ST_2 : Operation 20 [1/1] (0.78ns)   --->   "%add_ln1656 = add i5 %n_load, i5 1" [/home/fede/PhD/transformer-hls/hls/include/linear.h:1656]   --->   Operation 20 'add' 'add_ln1656' <Predicate = true> <Delay = 0.78> <CoreInst = "Adder">   --->   Core 1 'Adder' <Latency = 0> <II = 1> <Delay = 0.78> <FuncUnit> <Opcode : 'add' 'sub'> <InPorts = 2> <OutPorts = 1>
ST_2 : Operation 21 [1/1] (0.00ns)   --->   "%specloopname_ln0 = specloopname void @_ssdm_op_SpecLoopName, void @VITIS_LOOP_1656_1_VITIS_LOOP_1657_2_str"   --->   Operation 21 'specloopname' 'specloopname_ln0' <Predicate = true> <Delay = 0.00>
ST_2 : Operation 22 [1/1] (0.00ns)   --->   "%empty = speclooptripcount i32 @_ssdm_op_SpecLoopTripCount, i64 136, i64 136, i64 136"   --->   Operation 22 'speclooptripcount' 'empty' <Predicate = true> <Delay = 0.00>
ST_2 : Operation 23 [1/1] (0.72ns)   --->   "%icmp_ln1657 = icmp_eq  i4 %k_load, i4 8" [/home/fede/PhD/transformer-hls/hls/include/linear.h:1657]   --->   Operation 23 'icmp' 'icmp_ln1657' <Predicate = true> <Delay = 0.72> <CoreInst = "Cmp">   --->   Core 9 'Cmp' <Latency = 0> <II = 1> <Delay = 0.72> <FuncUnit> <Opcode : 'icmp'> <InPorts = 2> <OutPorts = 1>
ST_2 : Operation 24 [1/1] (0.39ns)   --->   "%select_ln1656 = select i1 %icmp_ln1657, i4 0, i4 %k_load" [/home/fede/PhD/transformer-hls/hls/include/linear.h:1656]   --->   Operation 24 'select' 'select_ln1656' <Predicate = true> <Delay = 0.39> <CoreInst = "Sel">   --->   Core 73 'Sel' <Latency = 0> <II = 1> <Delay = 0.39> <FuncUnit> <Opcode : 'select'> <InPorts = 3> <OutPorts = 1>
ST_2 : Operation 25 [1/1] (0.41ns)   --->   "%select_ln1656_1 = select i1 %icmp_ln1657, i5 %add_ln1656, i5 %n_load" [/home/fede/PhD/transformer-hls/hls/include/linear.h:1656]   --->   Operation 25 'select' 'select_ln1656_1' <Predicate = true> <Delay = 0.41> <CoreInst = "Sel">   --->   Core 73 'Sel' <Latency = 0> <II = 1> <Delay = 0.41> <FuncUnit> <Opcode : 'select'> <InPorts = 3> <OutPorts = 1>
ST_2 : Operation 26 [1/1] (0.00ns)   --->   "%tmp = bitconcatenate i8 @_ssdm_op_BitConcatenate.i8.i5.i3, i5 %select_ln1656_1, i3 0" [/home/fede/PhD/transformer-hls/hls/include/linear.h:1670]   --->   Operation 26 'bitconcatenate' 'tmp' <Predicate = true> <Delay = 0.00>
ST_2 : Operation 27 [1/1] (0.00ns)   --->   "%zext_ln1670 = zext i4 %select_ln1656" [/home/fede/PhD/transformer-hls/hls/include/linear.h:1670]   --->   Operation 27 'zext' 'zext_ln1670' <Predicate = true> <Delay = 0.00>
ST_2 : Operation 28 [1/1] (0.76ns)   --->   "%add_ln1670 = add i8 %tmp, i8 %zext_ln1670" [/home/fede/PhD/transformer-hls/hls/include/linear.h:1670]   --->   Operation 28 'add' 'add_ln1670' <Predicate = true> <Delay = 0.76> <CoreInst = "Adder">   --->   Core 1 'Adder' <Latency = 0> <II = 1> <Delay = 0.76> <FuncUnit> <Opcode : 'add' 'sub'> <InPorts = 2> <OutPorts = 1>
ST_2 : Operation 29 [1/1] (0.00ns)   --->   "%zext_ln1670_1 = zext i8 %add_ln1670" [/home/fede/PhD/transformer-hls/hls/include/linear.h:1670]   --->   Operation 29 'zext' 'zext_ln1670_1' <Predicate = true> <Delay = 0.00>
ST_2 : Operation 30 [1/1] (0.00ns)   --->   "%buff_K_V_addr = getelementptr i8 %buff_K_V, i64 0, i64 %zext_ln1670_1" [/home/fede/PhD/transformer-hls/hls/include/linear.h:1670]   --->   Operation 30 'getelementptr' 'buff_K_V_addr' <Predicate = true> <Delay = 0.00>
ST_2 : Operation 31 [1/1] (0.00ns)   --->   "%specpipeline_ln1658 = specpipeline void @_ssdm_op_SpecPipeline, i32 1, i32 0, i32 0, i32 0, void @empty_28" [/home/fede/PhD/transformer-hls/hls/include/linear.h:1658]   --->   Operation 31 'specpipeline' 'specpipeline_ln1658' <Predicate = true> <Delay = 0.00>
ST_2 : Operation 32 [1/1] (0.00ns)   --->   "%specloopname_ln1657 = specloopname void @_ssdm_op_SpecLoopName, void @empty_32" [/home/fede/PhD/transformer-hls/hls/include/linear.h:1657]   --->   Operation 32 'specloopname' 'specloopname_ln1657' <Predicate = true> <Delay = 0.00>
ST_2 : Operation 33 [1/1] (1.83ns)   --->   "%val_K_V = read i8 @_ssdm_op_Read.ap_fifo.volatile.i8P0A, i8 %K_1_0" [/home/fede/PhD/transformer-hls/hls/include/linear.h:1659]   --->   Operation 33 'read' 'val_K_V' <Predicate = true> <Delay = 1.83> <CoreInst = "FIFO_SRL">   --->   Core 81 'FIFO_SRL' <Latency = 0> <II = 1> <Delay = 1.83> <Storage> <Opcode : 'read' 'write' 'nbread' 'nbwrite'> <Ports = 0> <Width = 8> <Depth = 2> <FIFO>
ST_2 : Operation 34 [1/1] (1.23ns)   --->   "%store_ln1670 = store i8 %val_K_V, i8 %buff_K_V_addr" [/home/fede/PhD/transformer-hls/hls/include/linear.h:1670]   --->   Operation 34 'store' 'store_ln1670' <Predicate = true> <Delay = 1.23> <CoreInst = "RAM_1WnR">   --->   Core 84 'RAM_1WnR' <Latency = 1> <II = 1> <Delay = 1.23> <Storage> <Opcode : 'load' 'store'> <Ports = 17> <Width = 8> <Depth = 136> <RAM>
ST_2 : Operation 35 [1/1] (0.79ns)   --->   "%add_ln1657 = add i4 %select_ln1656, i4 1" [/home/fede/PhD/transformer-hls/hls/include/linear.h:1657]   --->   Operation 35 'add' 'add_ln1657' <Predicate = true> <Delay = 0.79> <CoreInst = "Adder">   --->   Core 1 'Adder' <Latency = 0> <II = 1> <Delay = 0.79> <FuncUnit> <Opcode : 'add' 'sub'> <InPorts = 2> <OutPorts = 1>
ST_2 : Operation 36 [1/1] (0.42ns)   --->   "%store_ln1657 = store i5 %select_ln1656_1, i5 %n" [/home/fede/PhD/transformer-hls/hls/include/linear.h:1657]   --->   Operation 36 'store' 'store_ln1657' <Predicate = true> <Delay = 0.42>
ST_2 : Operation 37 [1/1] (0.42ns)   --->   "%store_ln1657 = store i4 %add_ln1657, i4 %k" [/home/fede/PhD/transformer-hls/hls/include/linear.h:1657]   --->   Operation 37 'store' 'store_ln1657' <Predicate = true> <Delay = 0.42>
ST_2 : Operation 38 [1/1] (0.00ns)   --->   "%br_ln1657 = br void %for.inc" [/home/fede/PhD/transformer-hls/hls/include/linear.h:1657]   --->   Operation 38 'br' 'br_ln1657' <Predicate = true> <Delay = 0.00>


============================================================
+ Verbose Summary: Timing violations
============================================================
Target clock period: 10ns, clock uncertainty: 2.7ns.

 <State 1>: 1.28ns
The critical path consists of the following:
	'alloca' operation ('indvar_flatten') [5]  (0 ns)
	'load' operation ('indvar_flatten_load', /home/fede/PhD/transformer-hls/hls/include/linear.h:1656) on local variable 'indvar_flatten' [12]  (0 ns)
	'add' operation ('add_ln1656_1', /home/fede/PhD/transformer-hls/hls/include/linear.h:1656) [14]  (0.765 ns)
	'store' operation ('store_ln1657', /home/fede/PhD/transformer-hls/hls/include/linear.h:1657) of variable 'add_ln1656_1', /home/fede/PhD/transformer-hls/hls/include/linear.h:1656 on local variable 'indvar_flatten' [35]  (0.427 ns)
	blocking operation 0.084 ns on control path)

 <State 2>: 3.21ns
The critical path consists of the following:
	'load' operation ('n_load', /home/fede/PhD/transformer-hls/hls/include/linear.h:1656) on local variable 'n' [18]  (0 ns)
	'add' operation ('add_ln1656', /home/fede/PhD/transformer-hls/hls/include/linear.h:1656) [19]  (0.789 ns)
	'select' operation ('select_ln1656_1', /home/fede/PhD/transformer-hls/hls/include/linear.h:1656) [24]  (0.414 ns)
	'add' operation ('add_ln1670', /home/fede/PhD/transformer-hls/hls/include/linear.h:1670) [27]  (0.765 ns)
	'getelementptr' operation ('buff_K_V_addr', /home/fede/PhD/transformer-hls/hls/include/linear.h:1670) [29]  (0 ns)
	'store' operation ('store_ln1670', /home/fede/PhD/transformer-hls/hls/include/linear.h:1670) of variable 'val_K.V', /home/fede/PhD/transformer-hls/hls/include/linear.h:1659 on array 'buff_K_V' [33]  (1.24 ns)


============================================================
+ Verbose Summary: Binding
============================================================
N/A
* FSMD analyzer results:
  - Output states:
 - Input state : 
  - Chain level:
	State 1
	State 2


============================================================
+ Verbose Summary: Datapath Resource usage 
============================================================
N/A
