

================================================================
== Vitis HLS Report for 'MatMul_QK_tiled_10_Pipeline_VITIS_LOOP_1701_8'
================================================================
* Date:           Tue Jun 23 12:41:23 2026

* Version:        2022.2 (Build 3670227 on Oct 13 2022)
* Project:        ViT_Block
* Solution:       ViT_Block (Vivado IP Flow Target)
* Product family: virtexuplus
* Target device:  xcu250-figd2104-2L-e


================================================================
== Performance Estimates
================================================================
+ Timing: 
    * Summary: 
    +--------+----------+----------+------------+
    |  Clock |  Target  | Estimated| Uncertainty|
    +--------+----------+----------+------------+
    |ap_clk  |  10.00 ns|  4.942 ns|     2.70 ns|
    +--------+----------+----------+------------+

+ Latency: 
    * Summary: 
    +---------+---------+----------+----------+-----+-----+---------+
    |  Latency (cycles) |  Latency (absolute) |  Interval | Pipeline|
    |   min   |   max   |    min   |    max   | min | max |   Type  |
    +---------+---------+----------+----------+-----+-----+---------+
    |       27|       27|  0.270 us|  0.270 us|   27|   27|       no|
    +---------+---------+----------+----------+-----+-----+---------+

    + Detail: 
        * Instance: 
        N/A

        * Loop: 
        +---------------------+---------+---------+----------+-----------+-----------+------+----------+
        |                     |  Latency (cycles) | Iteration|  Initiation Interval  | Trip |          |
        |      Loop Name      |   min   |   max   |  Latency |  achieved |   target  | Count| Pipelined|
        +---------------------+---------+---------+----------+-----------+-----------+------+----------+
        |- VITIS_LOOP_1701_8  |       25|       25|        10|          1|          1|    17|       yes|
        +---------------------+---------+---------+----------+-----------+-----------+------+----------+

============================================================
+ Verbose Summary: Synthesis Manager
============================================================
InlineROM: 1
ExposeGlobal: 0
============================================================
+ Verbose Summary: CDFG Model
============================================================
IsTopModel: 0
ResetActiveHigh: 1
IsCombinational: 0
IsDatapathOnly: 0
HasWiredReturn: 1
HasMFsm: 2
HasVarLatency: 1
IsPipeline: 0
IsRtlPipelined: 0
IsInstanceOverlapped: 0
IsDontTouch: 0
HasImplIP: 0
IsGatedGlobalClock: 0

+ Individual pipeline summary: 
  * Pipeline-0: initiation interval (II) = 1, depth = 10


============================================================
+ Verbose Summary: Schedule
============================================================
* Number of FSM states : 10
* Pipeline : 1
  Pipeline-0 : II = 1, D = 10, States = { 1 2 3 4 5 6 7 8 9 10 }
* Dataflow Pipeline: 0

* FSM state transitions: 
1 --> 2 
2 --> 3 
3 --> 4 
4 --> 5 
5 --> 6 
6 --> 7 
7 --> 8 
8 --> 9 
9 --> 10 
10 --> 

* FSM state operations: 

State 1 <SV = 0> <Delay = 1.09>
ST_1 : Operation 13 [1/1] (0.00ns)   --->   "%token_j = alloca i32 1"   --->   Operation 13 'alloca' 'token_j' <Predicate = true> <Delay = 0.00>
ST_1 : Operation 14 [1/1] (0.00ns)   --->   "%specinterface_ln0 = specinterface void @_ssdm_op_SpecInterface, i8 %A_1, void @empty_9, i32 0, i32 0, void @empty_28, i32 0, i32 0, void @empty_28, void @empty_28, void @empty_28, i32 0, i32 0, i32 0, i32 0, void @empty_28, void @empty_28, i32 4294967295, i32 0"   --->   Operation 14 'specinterface' 'specinterface_ln0' <Predicate = true> <Delay = 0.00>
ST_1 : Operation 15 [1/1] (0.38ns)   --->   "%store_ln0 = store i5 0, i5 %token_j"   --->   Operation 15 'store' 'store_ln0' <Predicate = true> <Delay = 0.38>
ST_1 : Operation 16 [1/1] (0.00ns)   --->   "%br_ln0 = br void %VITIS_LOOP_1704_9"   --->   Operation 16 'br' 'br_ln0' <Predicate = true> <Delay = 0.00>
ST_1 : Operation 17 [1/1] (0.00ns)   --->   "%n = load i5 %token_j" [/home/fede/PhD/transformer-hls/hls/include/linear.h:1701]   --->   Operation 17 'load' 'n' <Predicate = true> <Delay = 0.00>
ST_1 : Operation 18 [1/1] (0.00ns)   --->   "%tile_Q_V_0_addr = getelementptr i8 %tile_Q_V_0, i64 0, i64 7" [/home/fede/PhD/transformer-hls/hls/include/linear.h:1718]   --->   Operation 18 'getelementptr' 'tile_Q_V_0_addr' <Predicate = true> <Delay = 0.00>
ST_1 : Operation 19 [1/1] (0.00ns)   --->   "%tile_Q_V_0_addr_8 = getelementptr i8 %tile_Q_V_0, i64 0, i64 6" [/home/fede/PhD/transformer-hls/hls/include/linear.h:1718]   --->   Operation 19 'getelementptr' 'tile_Q_V_0_addr_8' <Predicate = true> <Delay = 0.00>
ST_1 : Operation 20 [1/1] (0.00ns)   --->   "%tile_Q_V_0_addr_9 = getelementptr i8 %tile_Q_V_0, i64 0, i64 5" [/home/fede/PhD/transformer-hls/hls/include/linear.h:1718]   --->   Operation 20 'getelementptr' 'tile_Q_V_0_addr_9' <Predicate = true> <Delay = 0.00>
ST_1 : Operation 21 [1/1] (0.00ns)   --->   "%tile_Q_V_0_addr_10 = getelementptr i8 %tile_Q_V_0, i64 0, i64 4" [/home/fede/PhD/transformer-hls/hls/include/linear.h:1718]   --->   Operation 21 'getelementptr' 'tile_Q_V_0_addr_10' <Predicate = true> <Delay = 0.00>
ST_1 : Operation 22 [1/1] (0.00ns)   --->   "%tile_Q_V_0_addr_11 = getelementptr i8 %tile_Q_V_0, i64 0, i64 3" [/home/fede/PhD/transformer-hls/hls/include/linear.h:1718]   --->   Operation 22 'getelementptr' 'tile_Q_V_0_addr_11' <Predicate = true> <Delay = 0.00>
ST_1 : Operation 23 [1/1] (0.00ns)   --->   "%tile_Q_V_0_addr_12 = getelementptr i8 %tile_Q_V_0, i64 0, i64 2" [/home/fede/PhD/transformer-hls/hls/include/linear.h:1718]   --->   Operation 23 'getelementptr' 'tile_Q_V_0_addr_12' <Predicate = true> <Delay = 0.00>
ST_1 : Operation 24 [1/1] (0.00ns)   --->   "%tile_Q_V_0_addr_13 = getelementptr i8 %tile_Q_V_0, i64 0, i64 1" [/home/fede/PhD/transformer-hls/hls/include/linear.h:1718]   --->   Operation 24 'getelementptr' 'tile_Q_V_0_addr_13' <Predicate = true> <Delay = 0.00>
ST_1 : Operation 25 [1/1] (0.00ns)   --->   "%tile_Q_V_0_addr_14 = getelementptr i8 %tile_Q_V_0, i64 0, i64 0" [/home/fede/PhD/transformer-hls/hls/include/linear.h:1718]   --->   Operation 25 'getelementptr' 'tile_Q_V_0_addr_14' <Predicate = true> <Delay = 0.00>
ST_1 : Operation 26 [1/1] (0.00ns)   --->   "%specpipeline_ln0 = specpipeline void @_ssdm_op_SpecPipeline, i32 4294967295, i32 0, i32 1, i32 0, void @p_str"   --->   Operation 26 'specpipeline' 'specpipeline_ln0' <Predicate = true> <Delay = 0.00>
ST_1 : Operation 27 [1/1] (0.63ns)   --->   "%icmp_ln1701 = icmp_eq  i5 %n, i5 17" [/home/fede/PhD/transformer-hls/hls/include/linear.h:1701]   --->   Operation 27 'icmp' 'icmp_ln1701' <Predicate = true> <Delay = 0.63> <CoreInst = "Cmp">   --->   Core 9 'Cmp' <Latency = 0> <II = 1> <Delay = 0.63> <FuncUnit> <Opcode : 'icmp'> <InPorts = 2> <OutPorts = 1>
ST_1 : Operation 28 [1/1] (0.00ns)   --->   "%empty = speclooptripcount i32 @_ssdm_op_SpecLoopTripCount, i64 17, i64 17, i64 17"   --->   Operation 28 'speclooptripcount' 'empty' <Predicate = true> <Delay = 0.00>
ST_1 : Operation 29 [1/1] (0.70ns)   --->   "%add_ln1701 = add i5 %n, i5 1" [/home/fede/PhD/transformer-hls/hls/include/linear.h:1701]   --->   Operation 29 'add' 'add_ln1701' <Predicate = true> <Delay = 0.70> <CoreInst = "Adder">   --->   Core 1 'Adder' <Latency = 0> <II = 1> <Delay = 0.70> <FuncUnit> <Opcode : 'add' 'sub'> <InPorts = 2> <OutPorts = 1>
ST_1 : Operation 30 [1/1] (0.00ns)   --->   "%br_ln1701 = br i1 %icmp_ln1701, void %VITIS_LOOP_1704_9.split_ifconv, void %for.inc216.exitStub" [/home/fede/PhD/transformer-hls/hls/include/linear.h:1701]   --->   Operation 30 'br' 'br_ln1701' <Predicate = true> <Delay = 0.00>
ST_1 : Operation 31 [1/1] (0.00ns)   --->   "%tmp_s = bitconcatenate i8 @_ssdm_op_BitConcatenate.i8.i5.i3, i5 %n, i3 0" [/home/fede/PhD/transformer-hls/hls/include/linear.h:1701]   --->   Operation 31 'bitconcatenate' 'tmp_s' <Predicate = (!icmp_ln1701)> <Delay = 0.00>
ST_1 : Operation 32 [1/1] (0.00ns)   --->   "%tmp_24_cast = zext i8 %tmp_s" [/home/fede/PhD/transformer-hls/hls/include/linear.h:1701]   --->   Operation 32 'zext' 'tmp_24_cast' <Predicate = (!icmp_ln1701)> <Delay = 0.00>
ST_1 : Operation 33 [1/1] (0.00ns)   --->   "%buff_K_V_addr_1 = getelementptr i8 %buff_K_V, i64 0, i64 %tmp_24_cast" [/home/fede/PhD/transformer-hls/hls/include/linear.h:1701]   --->   Operation 33 'getelementptr' 'buff_K_V_addr_1' <Predicate = (!icmp_ln1701)> <Delay = 0.00>
ST_1 : Operation 34 [1/1] (0.00ns)   --->   "%tmp_25 = or i8 %tmp_s, i8 1" [/home/fede/PhD/transformer-hls/hls/include/linear.h:1701]   --->   Operation 34 'or' 'tmp_25' <Predicate = (!icmp_ln1701)> <Delay = 0.00>
ST_1 : Operation 35 [1/1] (0.00ns)   --->   "%tmp_25_cast = zext i8 %tmp_25" [/home/fede/PhD/transformer-hls/hls/include/linear.h:1701]   --->   Operation 35 'zext' 'tmp_25_cast' <Predicate = (!icmp_ln1701)> <Delay = 0.00>
ST_1 : Operation 36 [1/1] (0.00ns)   --->   "%buff_K_V_addr_2 = getelementptr i8 %buff_K_V, i64 0, i64 %tmp_25_cast" [/home/fede/PhD/transformer-hls/hls/include/linear.h:1701]   --->   Operation 36 'getelementptr' 'buff_K_V_addr_2' <Predicate = (!icmp_ln1701)> <Delay = 0.00>
ST_1 : Operation 37 [1/1] (0.00ns)   --->   "%tmp_26 = or i8 %tmp_s, i8 2" [/home/fede/PhD/transformer-hls/hls/include/linear.h:1701]   --->   Operation 37 'or' 'tmp_26' <Predicate = (!icmp_ln1701)> <Delay = 0.00>
ST_1 : Operation 38 [1/1] (0.00ns)   --->   "%tmp_26_cast = zext i8 %tmp_26" [/home/fede/PhD/transformer-hls/hls/include/linear.h:1701]   --->   Operation 38 'zext' 'tmp_26_cast' <Predicate = (!icmp_ln1701)> <Delay = 0.00>
ST_1 : Operation 39 [1/1] (0.00ns)   --->   "%buff_K_V_addr_3 = getelementptr i8 %buff_K_V, i64 0, i64 %tmp_26_cast" [/home/fede/PhD/transformer-hls/hls/include/linear.h:1701]   --->   Operation 39 'getelementptr' 'buff_K_V_addr_3' <Predicate = (!icmp_ln1701)> <Delay = 0.00>
ST_1 : Operation 40 [1/1] (0.00ns)   --->   "%tmp_27 = or i8 %tmp_s, i8 3" [/home/fede/PhD/transformer-hls/hls/include/linear.h:1701]   --->   Operation 40 'or' 'tmp_27' <Predicate = (!icmp_ln1701)> <Delay = 0.00>
ST_1 : Operation 41 [1/1] (0.00ns)   --->   "%tmp_27_cast = zext i8 %tmp_27" [/home/fede/PhD/transformer-hls/hls/include/linear.h:1701]   --->   Operation 41 'zext' 'tmp_27_cast' <Predicate = (!icmp_ln1701)> <Delay = 0.00>
ST_1 : Operation 42 [1/1] (0.00ns)   --->   "%buff_K_V_addr_4 = getelementptr i8 %buff_K_V, i64 0, i64 %tmp_27_cast" [/home/fede/PhD/transformer-hls/hls/include/linear.h:1701]   --->   Operation 42 'getelementptr' 'buff_K_V_addr_4' <Predicate = (!icmp_ln1701)> <Delay = 0.00>
ST_1 : Operation 43 [1/1] (0.00ns)   --->   "%tmp_28 = or i8 %tmp_s, i8 4" [/home/fede/PhD/transformer-hls/hls/include/linear.h:1701]   --->   Operation 43 'or' 'tmp_28' <Predicate = (!icmp_ln1701)> <Delay = 0.00>
ST_1 : Operation 44 [1/1] (0.00ns)   --->   "%tmp_28_cast = zext i8 %tmp_28" [/home/fede/PhD/transformer-hls/hls/include/linear.h:1701]   --->   Operation 44 'zext' 'tmp_28_cast' <Predicate = (!icmp_ln1701)> <Delay = 0.00>
ST_1 : Operation 45 [1/1] (0.00ns)   --->   "%buff_K_V_addr_5 = getelementptr i8 %buff_K_V, i64 0, i64 %tmp_28_cast" [/home/fede/PhD/transformer-hls/hls/include/linear.h:1701]   --->   Operation 45 'getelementptr' 'buff_K_V_addr_5' <Predicate = (!icmp_ln1701)> <Delay = 0.00>
ST_1 : Operation 46 [1/1] (0.00ns)   --->   "%tmp_29 = or i8 %tmp_s, i8 5" [/home/fede/PhD/transformer-hls/hls/include/linear.h:1701]   --->   Operation 46 'or' 'tmp_29' <Predicate = (!icmp_ln1701)> <Delay = 0.00>
ST_1 : Operation 47 [1/1] (0.00ns)   --->   "%tmp_29_cast = zext i8 %tmp_29" [/home/fede/PhD/transformer-hls/hls/include/linear.h:1701]   --->   Operation 47 'zext' 'tmp_29_cast' <Predicate = (!icmp_ln1701)> <Delay = 0.00>
ST_1 : Operation 48 [1/1] (0.00ns)   --->   "%buff_K_V_addr_6 = getelementptr i8 %buff_K_V, i64 0, i64 %tmp_29_cast" [/home/fede/PhD/transformer-hls/hls/include/linear.h:1701]   --->   Operation 48 'getelementptr' 'buff_K_V_addr_6' <Predicate = (!icmp_ln1701)> <Delay = 0.00>
ST_1 : Operation 49 [1/1] (0.00ns)   --->   "%tmp_30 = or i8 %tmp_s, i8 6" [/home/fede/PhD/transformer-hls/hls/include/linear.h:1701]   --->   Operation 49 'or' 'tmp_30' <Predicate = (!icmp_ln1701)> <Delay = 0.00>
ST_1 : Operation 50 [1/1] (0.00ns)   --->   "%tmp_30_cast = zext i8 %tmp_30" [/home/fede/PhD/transformer-hls/hls/include/linear.h:1701]   --->   Operation 50 'zext' 'tmp_30_cast' <Predicate = (!icmp_ln1701)> <Delay = 0.00>
ST_1 : Operation 51 [1/1] (0.00ns)   --->   "%buff_K_V_addr_7 = getelementptr i8 %buff_K_V, i64 0, i64 %tmp_30_cast" [/home/fede/PhD/transformer-hls/hls/include/linear.h:1701]   --->   Operation 51 'getelementptr' 'buff_K_V_addr_7' <Predicate = (!icmp_ln1701)> <Delay = 0.00>
ST_1 : Operation 52 [1/1] (0.00ns)   --->   "%tmp_31 = or i8 %tmp_s, i8 7" [/home/fede/PhD/transformer-hls/hls/include/linear.h:1701]   --->   Operation 52 'or' 'tmp_31' <Predicate = (!icmp_ln1701)> <Delay = 0.00>
ST_1 : Operation 53 [1/1] (0.00ns)   --->   "%tmp_31_cast = zext i8 %tmp_31" [/home/fede/PhD/transformer-hls/hls/include/linear.h:1701]   --->   Operation 53 'zext' 'tmp_31_cast' <Predicate = (!icmp_ln1701)> <Delay = 0.00>
ST_1 : Operation 54 [1/1] (0.00ns)   --->   "%buff_K_V_addr = getelementptr i8 %buff_K_V, i64 0, i64 %tmp_31_cast" [/home/fede/PhD/transformer-hls/hls/include/linear.h:1701]   --->   Operation 54 'getelementptr' 'buff_K_V_addr' <Predicate = (!icmp_ln1701)> <Delay = 0.00>
ST_1 : Operation 55 [2/2] (0.62ns)   --->   "%buff_K_V_load = load i8 %buff_K_V_addr_1" [/home/fede/PhD/transformer-hls/hls/include/linear.h:1701]   --->   Operation 55 'load' 'buff_K_V_load' <Predicate = (!icmp_ln1701)> <Delay = 0.62> <CoreInst = "RAM_1WnR">   --->   Core 84 'RAM_1WnR' <Latency = 1> <II = 1> <Delay = 0.62> <Storage> <Opcode : 'load' 'store'> <Ports = 17> <Width = 8> <Depth = 136> <RAM>
ST_1 : Operation 56 [2/2] (0.66ns)   --->   "%tile_Q_V_0_load = load i3 %tile_Q_V_0_addr_14" [/home/fede/PhD/transformer-hls/hls/include/linear.h:1718]   --->   Operation 56 'load' 'tile_Q_V_0_load' <Predicate = (!icmp_ln1701)> <Delay = 0.66> <CoreInst = "RAM_1WnR">   --->   Core 84 'RAM_1WnR' <Latency = 1> <II = 1> <Delay = 0.66> <Storage> <Opcode : 'load' 'store'> <Ports = 17> <Width = 8> <Depth = 8> <RAM>
ST_1 : Operation 57 [2/2] (0.62ns)   --->   "%buff_K_V_load_1 = load i8 %buff_K_V_addr_2" [/home/fede/PhD/transformer-hls/hls/include/linear.h:1701]   --->   Operation 57 'load' 'buff_K_V_load_1' <Predicate = (!icmp_ln1701)> <Delay = 0.62> <CoreInst = "RAM_1WnR">   --->   Core 84 'RAM_1WnR' <Latency = 1> <II = 1> <Delay = 0.62> <Storage> <Opcode : 'load' 'store'> <Ports = 17> <Width = 8> <Depth = 136> <RAM>
ST_1 : Operation 58 [2/2] (0.66ns)   --->   "%tile_Q_V_0_load_1 = load i3 %tile_Q_V_0_addr_13" [/home/fede/PhD/transformer-hls/hls/include/linear.h:1718]   --->   Operation 58 'load' 'tile_Q_V_0_load_1' <Predicate = (!icmp_ln1701)> <Delay = 0.66> <CoreInst = "RAM_1WnR">   --->   Core 84 'RAM_1WnR' <Latency = 1> <II = 1> <Delay = 0.66> <Storage> <Opcode : 'load' 'store'> <Ports = 17> <Width = 8> <Depth = 8> <RAM>
ST_1 : Operation 59 [2/2] (0.62ns)   --->   "%buff_K_V_load_2 = load i8 %buff_K_V_addr_3" [/home/fede/PhD/transformer-hls/hls/include/linear.h:1701]   --->   Operation 59 'load' 'buff_K_V_load_2' <Predicate = (!icmp_ln1701)> <Delay = 0.62> <CoreInst = "RAM_1WnR">   --->   Core 84 'RAM_1WnR' <Latency = 1> <II = 1> <Delay = 0.62> <Storage> <Opcode : 'load' 'store'> <Ports = 17> <Width = 8> <Depth = 136> <RAM>
ST_1 : Operation 60 [2/2] (0.66ns)   --->   "%tile_Q_V_0_load_2 = load i3 %tile_Q_V_0_addr_12" [/home/fede/PhD/transformer-hls/hls/include/linear.h:1718]   --->   Operation 60 'load' 'tile_Q_V_0_load_2' <Predicate = (!icmp_ln1701)> <Delay = 0.66> <CoreInst = "RAM_1WnR">   --->   Core 84 'RAM_1WnR' <Latency = 1> <II = 1> <Delay = 0.66> <Storage> <Opcode : 'load' 'store'> <Ports = 17> <Width = 8> <Depth = 8> <RAM>
ST_1 : Operation 61 [2/2] (0.62ns)   --->   "%buff_K_V_load_3 = load i8 %buff_K_V_addr_4" [/home/fede/PhD/transformer-hls/hls/include/linear.h:1701]   --->   Operation 61 'load' 'buff_K_V_load_3' <Predicate = (!icmp_ln1701)> <Delay = 0.62> <CoreInst = "RAM_1WnR">   --->   Core 84 'RAM_1WnR' <Latency = 1> <II = 1> <Delay = 0.62> <Storage> <Opcode : 'load' 'store'> <Ports = 17> <Width = 8> <Depth = 136> <RAM>
ST_1 : Operation 62 [2/2] (0.66ns)   --->   "%tile_Q_V_0_load_3 = load i3 %tile_Q_V_0_addr_11" [/home/fede/PhD/transformer-hls/hls/include/linear.h:1718]   --->   Operation 62 'load' 'tile_Q_V_0_load_3' <Predicate = (!icmp_ln1701)> <Delay = 0.66> <CoreInst = "RAM_1WnR">   --->   Core 84 'RAM_1WnR' <Latency = 1> <II = 1> <Delay = 0.66> <Storage> <Opcode : 'load' 'store'> <Ports = 17> <Width = 8> <Depth = 8> <RAM>
ST_1 : Operation 63 [2/2] (0.62ns)   --->   "%buff_K_V_load_4 = load i8 %buff_K_V_addr_5" [/home/fede/PhD/transformer-hls/hls/include/linear.h:1701]   --->   Operation 63 'load' 'buff_K_V_load_4' <Predicate = (!icmp_ln1701)> <Delay = 0.62> <CoreInst = "RAM_1WnR">   --->   Core 84 'RAM_1WnR' <Latency = 1> <II = 1> <Delay = 0.62> <Storage> <Opcode : 'load' 'store'> <Ports = 17> <Width = 8> <Depth = 136> <RAM>
ST_1 : Operation 64 [2/2] (0.66ns)   --->   "%tile_Q_V_0_load_4 = load i3 %tile_Q_V_0_addr_10" [/home/fede/PhD/transformer-hls/hls/include/linear.h:1718]   --->   Operation 64 'load' 'tile_Q_V_0_load_4' <Predicate = (!icmp_ln1701)> <Delay = 0.66> <CoreInst = "RAM_1WnR">   --->   Core 84 'RAM_1WnR' <Latency = 1> <II = 1> <Delay = 0.66> <Storage> <Opcode : 'load' 'store'> <Ports = 17> <Width = 8> <Depth = 8> <RAM>
ST_1 : Operation 65 [2/2] (0.62ns)   --->   "%buff_K_V_load_5 = load i8 %buff_K_V_addr_6" [/home/fede/PhD/transformer-hls/hls/include/linear.h:1701]   --->   Operation 65 'load' 'buff_K_V_load_5' <Predicate = (!icmp_ln1701)> <Delay = 0.62> <CoreInst = "RAM_1WnR">   --->   Core 84 'RAM_1WnR' <Latency = 1> <II = 1> <Delay = 0.62> <Storage> <Opcode : 'load' 'store'> <Ports = 17> <Width = 8> <Depth = 136> <RAM>
ST_1 : Operation 66 [2/2] (0.66ns)   --->   "%tile_Q_V_0_load_5 = load i3 %tile_Q_V_0_addr_9" [/home/fede/PhD/transformer-hls/hls/include/linear.h:1718]   --->   Operation 66 'load' 'tile_Q_V_0_load_5' <Predicate = (!icmp_ln1701)> <Delay = 0.66> <CoreInst = "RAM_1WnR">   --->   Core 84 'RAM_1WnR' <Latency = 1> <II = 1> <Delay = 0.66> <Storage> <Opcode : 'load' 'store'> <Ports = 17> <Width = 8> <Depth = 8> <RAM>
ST_1 : Operation 67 [2/2] (0.62ns)   --->   "%buff_K_V_load_6 = load i8 %buff_K_V_addr_7" [/home/fede/PhD/transformer-hls/hls/include/linear.h:1701]   --->   Operation 67 'load' 'buff_K_V_load_6' <Predicate = (!icmp_ln1701)> <Delay = 0.62> <CoreInst = "RAM_1WnR">   --->   Core 84 'RAM_1WnR' <Latency = 1> <II = 1> <Delay = 0.62> <Storage> <Opcode : 'load' 'store'> <Ports = 17> <Width = 8> <Depth = 136> <RAM>
ST_1 : Operation 68 [2/2] (0.66ns)   --->   "%tile_Q_V_0_load_6 = load i3 %tile_Q_V_0_addr_8" [/home/fede/PhD/transformer-hls/hls/include/linear.h:1718]   --->   Operation 68 'load' 'tile_Q_V_0_load_6' <Predicate = (!icmp_ln1701)> <Delay = 0.66> <CoreInst = "RAM_1WnR">   --->   Core 84 'RAM_1WnR' <Latency = 1> <II = 1> <Delay = 0.66> <Storage> <Opcode : 'load' 'store'> <Ports = 17> <Width = 8> <Depth = 8> <RAM>
ST_1 : Operation 69 [2/2] (0.62ns)   --->   "%buff_K_V_load_7 = load i8 %buff_K_V_addr" [/home/fede/PhD/transformer-hls/hls/include/linear.h:1701]   --->   Operation 69 'load' 'buff_K_V_load_7' <Predicate = (!icmp_ln1701)> <Delay = 0.62> <CoreInst = "RAM_1WnR">   --->   Core 84 'RAM_1WnR' <Latency = 1> <II = 1> <Delay = 0.62> <Storage> <Opcode : 'load' 'store'> <Ports = 17> <Width = 8> <Depth = 136> <RAM>
ST_1 : Operation 70 [2/2] (0.66ns)   --->   "%tile_Q_V_0_load_7 = load i3 %tile_Q_V_0_addr" [/home/fede/PhD/transformer-hls/hls/include/linear.h:1718]   --->   Operation 70 'load' 'tile_Q_V_0_load_7' <Predicate = (!icmp_ln1701)> <Delay = 0.66> <CoreInst = "RAM_1WnR">   --->   Core 84 'RAM_1WnR' <Latency = 1> <II = 1> <Delay = 0.66> <Storage> <Opcode : 'load' 'store'> <Ports = 17> <Width = 8> <Depth = 8> <RAM>
ST_1 : Operation 71 [1/1] (0.38ns)   --->   "%store_ln1701 = store i5 %add_ln1701, i5 %token_j" [/home/fede/PhD/transformer-hls/hls/include/linear.h:1701]   --->   Operation 71 'store' 'store_ln1701' <Predicate = (!icmp_ln1701)> <Delay = 0.38>

State 2 <SV = 1> <Delay = 1.66>
ST_2 : Operation 72 [1/2] (0.62ns)   --->   "%buff_K_V_load = load i8 %buff_K_V_addr_1" [/home/fede/PhD/transformer-hls/hls/include/linear.h:1701]   --->   Operation 72 'load' 'buff_K_V_load' <Predicate = true> <Delay = 0.62> <CoreInst = "RAM_1WnR">   --->   Core 84 'RAM_1WnR' <Latency = 1> <II = 1> <Delay = 0.62> <Storage> <Opcode : 'load' 'store'> <Ports = 17> <Width = 8> <Depth = 136> <RAM>
ST_2 : Operation 73 [1/2] (0.66ns)   --->   "%tile_Q_V_0_load = load i3 %tile_Q_V_0_addr_14" [/home/fede/PhD/transformer-hls/hls/include/linear.h:1718]   --->   Operation 73 'load' 'tile_Q_V_0_load' <Predicate = true> <Delay = 0.66> <CoreInst = "RAM_1WnR">   --->   Core 84 'RAM_1WnR' <Latency = 1> <II = 1> <Delay = 0.66> <Storage> <Opcode : 'load' 'store'> <Ports = 17> <Width = 8> <Depth = 8> <RAM>
ST_2 : Operation 74 [1/2] (0.62ns)   --->   "%buff_K_V_load_1 = load i8 %buff_K_V_addr_2" [/home/fede/PhD/transformer-hls/hls/include/linear.h:1701]   --->   Operation 74 'load' 'buff_K_V_load_1' <Predicate = true> <Delay = 0.62> <CoreInst = "RAM_1WnR">   --->   Core 84 'RAM_1WnR' <Latency = 1> <II = 1> <Delay = 0.62> <Storage> <Opcode : 'load' 'store'> <Ports = 17> <Width = 8> <Depth = 136> <RAM>
ST_2 : Operation 75 [1/2] (0.66ns)   --->   "%tile_Q_V_0_load_1 = load i3 %tile_Q_V_0_addr_13" [/home/fede/PhD/transformer-hls/hls/include/linear.h:1718]   --->   Operation 75 'load' 'tile_Q_V_0_load_1' <Predicate = true> <Delay = 0.66> <CoreInst = "RAM_1WnR">   --->   Core 84 'RAM_1WnR' <Latency = 1> <II = 1> <Delay = 0.66> <Storage> <Opcode : 'load' 'store'> <Ports = 17> <Width = 8> <Depth = 8> <RAM>
ST_2 : Operation 76 [1/2] (0.62ns)   --->   "%buff_K_V_load_2 = load i8 %buff_K_V_addr_3" [/home/fede/PhD/transformer-hls/hls/include/linear.h:1701]   --->   Operation 76 'load' 'buff_K_V_load_2' <Predicate = true> <Delay = 0.62> <CoreInst = "RAM_1WnR">   --->   Core 84 'RAM_1WnR' <Latency = 1> <II = 1> <Delay = 0.62> <Storage> <Opcode : 'load' 'store'> <Ports = 17> <Width = 8> <Depth = 136> <RAM>
ST_2 : Operation 77 [1/1] (0.00ns)   --->   "%rhs_2 = sext i8 %buff_K_V_load_2" [/home/fede/PhD/transformer-hls/hls/include/linear.h:1701]   --->   Operation 77 'sext' 'rhs_2' <Predicate = true> <Delay = 0.00>
ST_2 : Operation 78 [1/2] (0.66ns)   --->   "%tile_Q_V_0_load_2 = load i3 %tile_Q_V_0_addr_12" [/home/fede/PhD/transformer-hls/hls/include/linear.h:1718]   --->   Operation 78 'load' 'tile_Q_V_0_load_2' <Predicate = true> <Delay = 0.66> <CoreInst = "RAM_1WnR">   --->   Core 84 'RAM_1WnR' <Latency = 1> <II = 1> <Delay = 0.66> <Storage> <Opcode : 'load' 'store'> <Ports = 17> <Width = 8> <Depth = 8> <RAM>
ST_2 : Operation 79 [1/1] (0.00ns)   --->   "%lhs_21 = sext i8 %tile_Q_V_0_load_2" [/home/fede/PhD/transformer-hls/hls/include/linear.h:1718]   --->   Operation 79 'sext' 'lhs_21' <Predicate = true> <Delay = 0.00>
ST_2 : Operation 80 [3/3] (0.99ns) (grouped into DSP with root node add_ln840)   --->   "%mul_ln1494_2 = mul i16 %lhs_21, i16 %rhs_2"   --->   Operation 80 'mul' 'mul_ln1494_2' <Predicate = true> <Delay = 0.99> <CoreInst = "DSP48">   --->   Core 127 'DSP48' <Latency = 3> <II = 1> <Delay = 0.53> <IPBlock> <Opcode : 'mul' 'add' 'sub' 'select'> <InPorts = 0> <OutPorts = 1> <Sync> <CReg>
ST_2 : Operation 81 [1/2] (0.62ns)   --->   "%buff_K_V_load_3 = load i8 %buff_K_V_addr_4" [/home/fede/PhD/transformer-hls/hls/include/linear.h:1701]   --->   Operation 81 'load' 'buff_K_V_load_3' <Predicate = true> <Delay = 0.62> <CoreInst = "RAM_1WnR">   --->   Core 84 'RAM_1WnR' <Latency = 1> <II = 1> <Delay = 0.62> <Storage> <Opcode : 'load' 'store'> <Ports = 17> <Width = 8> <Depth = 136> <RAM>
ST_2 : Operation 82 [1/2] (0.66ns)   --->   "%tile_Q_V_0_load_3 = load i3 %tile_Q_V_0_addr_11" [/home/fede/PhD/transformer-hls/hls/include/linear.h:1718]   --->   Operation 82 'load' 'tile_Q_V_0_load_3' <Predicate = true> <Delay = 0.66> <CoreInst = "RAM_1WnR">   --->   Core 84 'RAM_1WnR' <Latency = 1> <II = 1> <Delay = 0.66> <Storage> <Opcode : 'load' 'store'> <Ports = 17> <Width = 8> <Depth = 8> <RAM>
ST_2 : Operation 83 [1/2] (0.62ns)   --->   "%buff_K_V_load_4 = load i8 %buff_K_V_addr_5" [/home/fede/PhD/transformer-hls/hls/include/linear.h:1701]   --->   Operation 83 'load' 'buff_K_V_load_4' <Predicate = true> <Delay = 0.62> <CoreInst = "RAM_1WnR">   --->   Core 84 'RAM_1WnR' <Latency = 1> <II = 1> <Delay = 0.62> <Storage> <Opcode : 'load' 'store'> <Ports = 17> <Width = 8> <Depth = 136> <RAM>
ST_2 : Operation 84 [1/2] (0.66ns)   --->   "%tile_Q_V_0_load_4 = load i3 %tile_Q_V_0_addr_10" [/home/fede/PhD/transformer-hls/hls/include/linear.h:1718]   --->   Operation 84 'load' 'tile_Q_V_0_load_4' <Predicate = true> <Delay = 0.66> <CoreInst = "RAM_1WnR">   --->   Core 84 'RAM_1WnR' <Latency = 1> <II = 1> <Delay = 0.66> <Storage> <Opcode : 'load' 'store'> <Ports = 17> <Width = 8> <Depth = 8> <RAM>
ST_2 : Operation 85 [1/2] (0.62ns)   --->   "%buff_K_V_load_5 = load i8 %buff_K_V_addr_6" [/home/fede/PhD/transformer-hls/hls/include/linear.h:1701]   --->   Operation 85 'load' 'buff_K_V_load_5' <Predicate = true> <Delay = 0.62> <CoreInst = "RAM_1WnR">   --->   Core 84 'RAM_1WnR' <Latency = 1> <II = 1> <Delay = 0.62> <Storage> <Opcode : 'load' 'store'> <Ports = 17> <Width = 8> <Depth = 136> <RAM>
ST_2 : Operation 86 [1/2] (0.66ns)   --->   "%tile_Q_V_0_load_5 = load i3 %tile_Q_V_0_addr_9" [/home/fede/PhD/transformer-hls/hls/include/linear.h:1718]   --->   Operation 86 'load' 'tile_Q_V_0_load_5' <Predicate = true> <Delay = 0.66> <CoreInst = "RAM_1WnR">   --->   Core 84 'RAM_1WnR' <Latency = 1> <II = 1> <Delay = 0.66> <Storage> <Opcode : 'load' 'store'> <Ports = 17> <Width = 8> <Depth = 8> <RAM>
ST_2 : Operation 87 [1/2] (0.62ns)   --->   "%buff_K_V_load_6 = load i8 %buff_K_V_addr_7" [/home/fede/PhD/transformer-hls/hls/include/linear.h:1701]   --->   Operation 87 'load' 'buff_K_V_load_6' <Predicate = true> <Delay = 0.62> <CoreInst = "RAM_1WnR">   --->   Core 84 'RAM_1WnR' <Latency = 1> <II = 1> <Delay = 0.62> <Storage> <Opcode : 'load' 'store'> <Ports = 17> <Width = 8> <Depth = 136> <RAM>
ST_2 : Operation 88 [1/1] (0.00ns)   --->   "%rhs_6 = sext i8 %buff_K_V_load_6" [/home/fede/PhD/transformer-hls/hls/include/linear.h:1701]   --->   Operation 88 'sext' 'rhs_6' <Predicate = true> <Delay = 0.00>
ST_2 : Operation 89 [1/2] (0.66ns)   --->   "%tile_Q_V_0_load_6 = load i3 %tile_Q_V_0_addr_8" [/home/fede/PhD/transformer-hls/hls/include/linear.h:1718]   --->   Operation 89 'load' 'tile_Q_V_0_load_6' <Predicate = true> <Delay = 0.66> <CoreInst = "RAM_1WnR">   --->   Core 84 'RAM_1WnR' <Latency = 1> <II = 1> <Delay = 0.66> <Storage> <Opcode : 'load' 'store'> <Ports = 17> <Width = 8> <Depth = 8> <RAM>
ST_2 : Operation 90 [1/1] (0.00ns)   --->   "%lhs_6 = sext i8 %tile_Q_V_0_load_6" [/home/fede/PhD/transformer-hls/hls/include/linear.h:1718]   --->   Operation 90 'sext' 'lhs_6' <Predicate = true> <Delay = 0.00>
ST_2 : Operation 91 [3/3] (0.99ns) (grouped into DSP with root node add_ln840_18)   --->   "%mul_ln1494_6 = mul i16 %lhs_6, i16 %rhs_6"   --->   Operation 91 'mul' 'mul_ln1494_6' <Predicate = true> <Delay = 0.99> <CoreInst = "DSP48">   --->   Core 127 'DSP48' <Latency = 3> <II = 1> <Delay = 0.53> <IPBlock> <Opcode : 'mul' 'add' 'sub' 'select'> <InPorts = 0> <OutPorts = 1> <Sync> <CReg>
ST_2 : Operation 92 [1/2] (0.62ns)   --->   "%buff_K_V_load_7 = load i8 %buff_K_V_addr" [/home/fede/PhD/transformer-hls/hls/include/linear.h:1701]   --->   Operation 92 'load' 'buff_K_V_load_7' <Predicate = true> <Delay = 0.62> <CoreInst = "RAM_1WnR">   --->   Core 84 'RAM_1WnR' <Latency = 1> <II = 1> <Delay = 0.62> <Storage> <Opcode : 'load' 'store'> <Ports = 17> <Width = 8> <Depth = 136> <RAM>
ST_2 : Operation 93 [1/2] (0.66ns)   --->   "%tile_Q_V_0_load_7 = load i3 %tile_Q_V_0_addr" [/home/fede/PhD/transformer-hls/hls/include/linear.h:1718]   --->   Operation 93 'load' 'tile_Q_V_0_load_7' <Predicate = true> <Delay = 0.66> <CoreInst = "RAM_1WnR">   --->   Core 84 'RAM_1WnR' <Latency = 1> <II = 1> <Delay = 0.66> <Storage> <Opcode : 'load' 'store'> <Ports = 17> <Width = 8> <Depth = 8> <RAM>

State 3 <SV = 2> <Delay = 0.99>
ST_3 : Operation 94 [1/1] (0.00ns)   --->   "%rhs_1 = sext i8 %buff_K_V_load_1" [/home/fede/PhD/transformer-hls/hls/include/linear.h:1701]   --->   Operation 94 'sext' 'rhs_1' <Predicate = true> <Delay = 0.00>
ST_3 : Operation 95 [1/1] (0.00ns)   --->   "%lhs_1 = sext i8 %tile_Q_V_0_load_1" [/home/fede/PhD/transformer-hls/hls/include/linear.h:1718]   --->   Operation 95 'sext' 'lhs_1' <Predicate = true> <Delay = 0.00>
ST_3 : Operation 96 [3/3] (0.99ns) (grouped into DSP with root node add_ln840_16)   --->   "%mul_ln1494_1 = mul i16 %lhs_1, i16 %rhs_1"   --->   Operation 96 'mul' 'mul_ln1494_1' <Predicate = true> <Delay = 0.99> <CoreInst = "DSP48">   --->   Core 127 'DSP48' <Latency = 3> <II = 1> <Delay = 0.53> <IPBlock> <Opcode : 'mul' 'add' 'sub' 'select'> <InPorts = 0> <OutPorts = 1> <Sync> <CReg>
ST_3 : Operation 97 [2/3] (0.99ns) (grouped into DSP with root node add_ln840)   --->   "%mul_ln1494_2 = mul i16 %lhs_21, i16 %rhs_2"   --->   Operation 97 'mul' 'mul_ln1494_2' <Predicate = true> <Delay = 0.99> <CoreInst = "DSP48">   --->   Core 127 'DSP48' <Latency = 3> <II = 1> <Delay = 0.53> <IPBlock> <Opcode : 'mul' 'add' 'sub' 'select'> <InPorts = 0> <OutPorts = 1> <Sync> <CReg>
ST_3 : Operation 98 [1/1] (0.00ns)   --->   "%rhs_4 = sext i8 %buff_K_V_load_4" [/home/fede/PhD/transformer-hls/hls/include/linear.h:1701]   --->   Operation 98 'sext' 'rhs_4' <Predicate = true> <Delay = 0.00>
ST_3 : Operation 99 [1/1] (0.00ns)   --->   "%lhs_4 = sext i8 %tile_Q_V_0_load_4" [/home/fede/PhD/transformer-hls/hls/include/linear.h:1718]   --->   Operation 99 'sext' 'lhs_4' <Predicate = true> <Delay = 0.00>
ST_3 : Operation 100 [3/3] (0.99ns) (grouped into DSP with root node add_ln840_19)   --->   "%mul_ln1494_4 = mul i16 %lhs_4, i16 %rhs_4"   --->   Operation 100 'mul' 'mul_ln1494_4' <Predicate = true> <Delay = 0.99> <CoreInst = "DSP48">   --->   Core 127 'DSP48' <Latency = 3> <II = 1> <Delay = 0.53> <IPBlock> <Opcode : 'mul' 'add' 'sub' 'select'> <InPorts = 0> <OutPorts = 1> <Sync> <CReg>
ST_3 : Operation 101 [2/3] (0.99ns) (grouped into DSP with root node add_ln840_18)   --->   "%mul_ln1494_6 = mul i16 %lhs_6, i16 %rhs_6"   --->   Operation 101 'mul' 'mul_ln1494_6' <Predicate = true> <Delay = 0.99> <CoreInst = "DSP48">   --->   Core 127 'DSP48' <Latency = 3> <II = 1> <Delay = 0.53> <IPBlock> <Opcode : 'mul' 'add' 'sub' 'select'> <InPorts = 0> <OutPorts = 1> <Sync> <CReg>

State 4 <SV = 3> <Delay = 2.19>
ST_4 : Operation 102 [1/1] (0.00ns)   --->   "%rhs_0 = sext i8 %buff_K_V_load" [/home/fede/PhD/transformer-hls/hls/include/linear.h:1701]   --->   Operation 102 'sext' 'rhs_0' <Predicate = true> <Delay = 0.00>
ST_4 : Operation 103 [1/1] (0.00ns)   --->   "%lhs_0 = sext i8 %tile_Q_V_0_load" [/home/fede/PhD/transformer-hls/hls/include/linear.h:1718]   --->   Operation 103 'sext' 'lhs_0' <Predicate = true> <Delay = 0.00>
ST_4 : Operation 104 [1/1] (1.55ns)   --->   "%mul_ln1494 = mul i16 %lhs_0, i16 %rhs_0"   --->   Operation 104 'mul' 'mul_ln1494' <Predicate = true> <Delay = 1.55> <CoreInst = "Multiplier">   --->   Core 3 'Multiplier' <Latency = 0> <II = 1> <Delay = 1.55> <FuncUnit> <Opcode : 'mul'> <InPorts = 2> <OutPorts = 1>
ST_4 : Operation 105 [1/1] (0.00ns)   --->   "%mul_ln1494_cast = sext i16 %mul_ln1494"   --->   Operation 105 'sext' 'mul_ln1494_cast' <Predicate = true> <Delay = 0.00>
ST_4 : Operation 106 [2/3] (0.99ns) (grouped into DSP with root node add_ln840_16)   --->   "%mul_ln1494_1 = mul i16 %lhs_1, i16 %rhs_1"   --->   Operation 106 'mul' 'mul_ln1494_1' <Predicate = true> <Delay = 0.99> <CoreInst = "DSP48">   --->   Core 127 'DSP48' <Latency = 3> <II = 1> <Delay = 0.53> <IPBlock> <Opcode : 'mul' 'add' 'sub' 'select'> <InPorts = 0> <OutPorts = 1> <Sync> <CReg>
ST_4 : Operation 107 [1/3] (0.00ns) (grouped into DSP with root node add_ln840)   --->   "%mul_ln1494_2 = mul i16 %lhs_21, i16 %rhs_2"   --->   Operation 107 'mul' 'mul_ln1494_2' <Predicate = true> <Delay = 0.00> <CoreInst = "DSP48">   --->   Core 127 'DSP48' <Latency = 3> <II = 1> <Delay = 0.53> <IPBlock> <Opcode : 'mul' 'add' 'sub' 'select'> <InPorts = 0> <OutPorts = 1> <Sync> <CReg>
ST_4 : Operation 108 [1/1] (0.00ns) (grouped into DSP with root node add_ln840)   --->   "%sext_ln840_1 = sext i16 %mul_ln1494_2"   --->   Operation 108 'sext' 'sext_ln840_1' <Predicate = true> <Delay = 0.00>
ST_4 : Operation 109 [2/2] (0.64ns) (root node of the DSP)   --->   "%add_ln840 = add i17 %mul_ln1494_cast, i17 %sext_ln840_1"   --->   Operation 109 'add' 'add_ln840' <Predicate = true> <Delay = 0.64> <CoreInst = "DSP48">   --->   Core 127 'DSP48' <Latency = 3> <II = 1> <Delay = 0.53> <IPBlock> <Opcode : 'mul' 'add' 'sub' 'select'> <InPorts = 0> <OutPorts = 1> <Sync> <CReg>
ST_4 : Operation 110 [1/1] (0.00ns)   --->   "%rhs_3 = sext i8 %buff_K_V_load_3" [/home/fede/PhD/transformer-hls/hls/include/linear.h:1701]   --->   Operation 110 'sext' 'rhs_3' <Predicate = true> <Delay = 0.00>
ST_4 : Operation 111 [1/1] (0.00ns)   --->   "%lhs_3 = sext i8 %tile_Q_V_0_load_3" [/home/fede/PhD/transformer-hls/hls/include/linear.h:1718]   --->   Operation 111 'sext' 'lhs_3' <Predicate = true> <Delay = 0.00>
ST_4 : Operation 112 [3/3] (0.99ns) (grouped into DSP with root node add_ln840_17)   --->   "%mul_ln1494_3 = mul i16 %lhs_3, i16 %rhs_3"   --->   Operation 112 'mul' 'mul_ln1494_3' <Predicate = true> <Delay = 0.99> <CoreInst = "DSP48">   --->   Core 127 'DSP48' <Latency = 3> <II = 1> <Delay = 0.53> <IPBlock> <Opcode : 'mul' 'add' 'sub' 'select'> <InPorts = 0> <OutPorts = 1> <Sync> <CReg>
ST_4 : Operation 113 [2/3] (0.99ns) (grouped into DSP with root node add_ln840_19)   --->   "%mul_ln1494_4 = mul i16 %lhs_4, i16 %rhs_4"   --->   Operation 113 'mul' 'mul_ln1494_4' <Predicate = true> <Delay = 0.99> <CoreInst = "DSP48">   --->   Core 127 'DSP48' <Latency = 3> <II = 1> <Delay = 0.53> <IPBlock> <Opcode : 'mul' 'add' 'sub' 'select'> <InPorts = 0> <OutPorts = 1> <Sync> <CReg>
ST_4 : Operation 114 [1/1] (0.00ns)   --->   "%rhs_5 = sext i8 %buff_K_V_load_5" [/home/fede/PhD/transformer-hls/hls/include/linear.h:1701]   --->   Operation 114 'sext' 'rhs_5' <Predicate = true> <Delay = 0.00>
ST_4 : Operation 115 [1/1] (0.00ns)   --->   "%lhs_5 = sext i8 %tile_Q_V_0_load_5" [/home/fede/PhD/transformer-hls/hls/include/linear.h:1718]   --->   Operation 115 'sext' 'lhs_5' <Predicate = true> <Delay = 0.00>
ST_4 : Operation 116 [1/1] (1.55ns)   --->   "%mul_ln1494_5 = mul i16 %lhs_5, i16 %rhs_5"   --->   Operation 116 'mul' 'mul_ln1494_5' <Predicate = true> <Delay = 1.55> <CoreInst = "Multiplier">   --->   Core 3 'Multiplier' <Latency = 0> <II = 1> <Delay = 1.55> <FuncUnit> <Opcode : 'mul'> <InPorts = 2> <OutPorts = 1>
ST_4 : Operation 117 [1/1] (0.00ns)   --->   "%mul_ln1494_5_cast = sext i16 %mul_ln1494_5"   --->   Operation 117 'sext' 'mul_ln1494_5_cast' <Predicate = true> <Delay = 0.00>
ST_4 : Operation 118 [1/3] (0.00ns) (grouped into DSP with root node add_ln840_18)   --->   "%mul_ln1494_6 = mul i16 %lhs_6, i16 %rhs_6"   --->   Operation 118 'mul' 'mul_ln1494_6' <Predicate = true> <Delay = 0.00> <CoreInst = "DSP48">   --->   Core 127 'DSP48' <Latency = 3> <II = 1> <Delay = 0.53> <IPBlock> <Opcode : 'mul' 'add' 'sub' 'select'> <InPorts = 0> <OutPorts = 1> <Sync> <CReg>
ST_4 : Operation 119 [1/1] (0.00ns) (grouped into DSP with root node add_ln840_18)   --->   "%sext_ln840_3 = sext i16 %mul_ln1494_6"   --->   Operation 119 'sext' 'sext_ln840_3' <Predicate = true> <Delay = 0.00>
ST_4 : Operation 120 [2/2] (0.64ns) (root node of the DSP)   --->   "%add_ln840_18 = add i17 %mul_ln1494_5_cast, i17 %sext_ln840_3"   --->   Operation 120 'add' 'add_ln840_18' <Predicate = true> <Delay = 0.64> <CoreInst = "DSP48">   --->   Core 127 'DSP48' <Latency = 3> <II = 1> <Delay = 0.53> <IPBlock> <Opcode : 'mul' 'add' 'sub' 'select'> <InPorts = 0> <OutPorts = 1> <Sync> <CReg>

State 5 <SV = 4> <Delay = 1.29>
ST_5 : Operation 121 [1/3] (0.00ns) (grouped into DSP with root node add_ln840_16)   --->   "%mul_ln1494_1 = mul i16 %lhs_1, i16 %rhs_1"   --->   Operation 121 'mul' 'mul_ln1494_1' <Predicate = true> <Delay = 0.00> <CoreInst = "DSP48">   --->   Core 127 'DSP48' <Latency = 3> <II = 1> <Delay = 0.53> <IPBlock> <Opcode : 'mul' 'add' 'sub' 'select'> <InPorts = 0> <OutPorts = 1> <Sync> <CReg>
ST_5 : Operation 122 [1/1] (0.00ns) (grouped into DSP with root node add_ln840_16)   --->   "%sext_ln840 = sext i16 %mul_ln1494_1"   --->   Operation 122 'sext' 'sext_ln840' <Predicate = true> <Delay = 0.00>
ST_5 : Operation 123 [1/2] (0.64ns) (root node of the DSP)   --->   "%add_ln840 = add i17 %mul_ln1494_cast, i17 %sext_ln840_1"   --->   Operation 123 'add' 'add_ln840' <Predicate = true> <Delay = 0.64> <CoreInst = "DSP48">   --->   Core 127 'DSP48' <Latency = 3> <II = 1> <Delay = 0.53> <IPBlock> <Opcode : 'mul' 'add' 'sub' 'select'> <InPorts = 0> <OutPorts = 1> <Sync> <CReg>
ST_5 : Operation 124 [2/2] (0.64ns) (root node of the DSP)   --->   "%add_ln840_16 = add i17 %add_ln840, i17 %sext_ln840"   --->   Operation 124 'add' 'add_ln840_16' <Predicate = true> <Delay = 0.64> <CoreInst = "DSP48">   --->   Core 127 'DSP48' <Latency = 3> <II = 1> <Delay = 0.53> <IPBlock> <Opcode : 'mul' 'add' 'sub' 'select'> <InPorts = 0> <OutPorts = 1> <Sync> <CReg>
ST_5 : Operation 125 [2/3] (0.99ns) (grouped into DSP with root node add_ln840_17)   --->   "%mul_ln1494_3 = mul i16 %lhs_3, i16 %rhs_3"   --->   Operation 125 'mul' 'mul_ln1494_3' <Predicate = true> <Delay = 0.99> <CoreInst = "DSP48">   --->   Core 127 'DSP48' <Latency = 3> <II = 1> <Delay = 0.53> <IPBlock> <Opcode : 'mul' 'add' 'sub' 'select'> <InPorts = 0> <OutPorts = 1> <Sync> <CReg>
ST_5 : Operation 126 [1/3] (0.00ns) (grouped into DSP with root node add_ln840_19)   --->   "%mul_ln1494_4 = mul i16 %lhs_4, i16 %rhs_4"   --->   Operation 126 'mul' 'mul_ln1494_4' <Predicate = true> <Delay = 0.00> <CoreInst = "DSP48">   --->   Core 127 'DSP48' <Latency = 3> <II = 1> <Delay = 0.53> <IPBlock> <Opcode : 'mul' 'add' 'sub' 'select'> <InPorts = 0> <OutPorts = 1> <Sync> <CReg>
ST_5 : Operation 127 [1/1] (0.00ns) (grouped into DSP with root node add_ln840_19)   --->   "%mul_ln1494_4_cast = sext i16 %mul_ln1494_4"   --->   Operation 127 'sext' 'mul_ln1494_4_cast' <Predicate = true> <Delay = 0.00>
ST_5 : Operation 128 [1/2] (0.64ns) (root node of the DSP)   --->   "%add_ln840_18 = add i17 %mul_ln1494_5_cast, i17 %sext_ln840_3"   --->   Operation 128 'add' 'add_ln840_18' <Predicate = true> <Delay = 0.64> <CoreInst = "DSP48">   --->   Core 127 'DSP48' <Latency = 3> <II = 1> <Delay = 0.53> <IPBlock> <Opcode : 'mul' 'add' 'sub' 'select'> <InPorts = 0> <OutPorts = 1> <Sync> <CReg>
ST_5 : Operation 129 [2/2] (0.64ns) (root node of the DSP)   --->   "%add_ln840_19 = add i17 %add_ln840_18, i17 %mul_ln1494_4_cast"   --->   Operation 129 'add' 'add_ln840_19' <Predicate = true> <Delay = 0.64> <CoreInst = "DSP48">   --->   Core 127 'DSP48' <Latency = 3> <II = 1> <Delay = 0.53> <IPBlock> <Opcode : 'mul' 'add' 'sub' 'select'> <InPorts = 0> <OutPorts = 1> <Sync> <CReg>

State 6 <SV = 5> <Delay = 1.29>
ST_6 : Operation 130 [1/2] (0.64ns) (root node of the DSP)   --->   "%add_ln840_16 = add i17 %add_ln840, i17 %sext_ln840"   --->   Operation 130 'add' 'add_ln840_16' <Predicate = true> <Delay = 0.64> <CoreInst = "DSP48">   --->   Core 127 'DSP48' <Latency = 3> <II = 1> <Delay = 0.53> <IPBlock> <Opcode : 'mul' 'add' 'sub' 'select'> <InPorts = 0> <OutPorts = 1> <Sync> <CReg>
ST_6 : Operation 131 [1/1] (0.00ns)   --->   "%add_ln840_16_cast = sext i17 %add_ln840_16"   --->   Operation 131 'sext' 'add_ln840_16_cast' <Predicate = true> <Delay = 0.00>
ST_6 : Operation 132 [1/3] (0.00ns) (grouped into DSP with root node add_ln840_17)   --->   "%mul_ln1494_3 = mul i16 %lhs_3, i16 %rhs_3"   --->   Operation 132 'mul' 'mul_ln1494_3' <Predicate = true> <Delay = 0.00> <CoreInst = "DSP48">   --->   Core 127 'DSP48' <Latency = 3> <II = 1> <Delay = 0.53> <IPBlock> <Opcode : 'mul' 'add' 'sub' 'select'> <InPorts = 0> <OutPorts = 1> <Sync> <CReg>
ST_6 : Operation 133 [1/1] (0.00ns) (grouped into DSP with root node add_ln840_17)   --->   "%sext_ln840_2 = sext i16 %mul_ln1494_3"   --->   Operation 133 'sext' 'sext_ln840_2' <Predicate = true> <Delay = 0.00>
ST_6 : Operation 134 [2/2] (0.64ns) (root node of the DSP)   --->   "%add_ln840_17 = add i18 %add_ln840_16_cast, i18 %sext_ln840_2"   --->   Operation 134 'add' 'add_ln840_17' <Predicate = true> <Delay = 0.64> <CoreInst = "DSP48">   --->   Core 127 'DSP48' <Latency = 3> <II = 1> <Delay = 0.53> <IPBlock> <Opcode : 'mul' 'add' 'sub' 'select'> <InPorts = 0> <OutPorts = 1> <Sync> <CReg>
ST_6 : Operation 135 [1/2] (0.64ns) (root node of the DSP)   --->   "%add_ln840_19 = add i17 %add_ln840_18, i17 %mul_ln1494_4_cast"   --->   Operation 135 'add' 'add_ln840_19' <Predicate = true> <Delay = 0.64> <CoreInst = "DSP48">   --->   Core 127 'DSP48' <Latency = 3> <II = 1> <Delay = 0.53> <IPBlock> <Opcode : 'mul' 'add' 'sub' 'select'> <InPorts = 0> <OutPorts = 1> <Sync> <CReg>

State 7 <SV = 6> <Delay = 4.94>
ST_7 : Operation 136 [1/2] (0.64ns) (root node of the DSP)   --->   "%add_ln840_17 = add i18 %add_ln840_16_cast, i18 %sext_ln840_2"   --->   Operation 136 'add' 'add_ln840_17' <Predicate = true> <Delay = 0.64> <CoreInst = "DSP48">   --->   Core 127 'DSP48' <Latency = 3> <II = 1> <Delay = 0.53> <IPBlock> <Opcode : 'mul' 'add' 'sub' 'select'> <InPorts = 0> <OutPorts = 1> <Sync> <CReg>
ST_7 : Operation 137 [1/1] (0.00ns)   --->   "%sext_ln840_4 = sext i17 %add_ln840_19"   --->   Operation 137 'sext' 'sext_ln840_4' <Predicate = true> <Delay = 0.00>
ST_7 : Operation 138 [1/1] (0.79ns)   --->   "%add_ln840_20 = add i18 %sext_ln840_4, i18 %add_ln840_17"   --->   Operation 138 'add' 'add_ln840_20' <Predicate = true> <Delay = 0.79> <CoreInst = "Adder">   --->   Core 1 'Adder' <Latency = 0> <II = 1> <Delay = 0.79> <FuncUnit> <Opcode : 'add' 'sub'> <InPorts = 2> <OutPorts = 1>
ST_7 : Operation 139 [1/1] (0.00ns)   --->   "%add_ln840_20_cast = sext i18 %add_ln840_20"   --->   Operation 139 'sext' 'add_ln840_20_cast' <Predicate = true> <Delay = 0.00>
ST_7 : Operation 140 [1/1] (0.00ns)   --->   "%rhs_7 = sext i8 %buff_K_V_load_7" [/home/fede/PhD/transformer-hls/hls/include/linear.h:1701]   --->   Operation 140 'sext' 'rhs_7' <Predicate = true> <Delay = 0.00>
ST_7 : Operation 141 [1/1] (0.00ns)   --->   "%lhs_7 = sext i8 %tile_Q_V_0_load_7" [/home/fede/PhD/transformer-hls/hls/include/linear.h:1718]   --->   Operation 141 'sext' 'lhs_7' <Predicate = true> <Delay = 0.00>
ST_7 : Operation 142 [1/1] (1.55ns)   --->   "%mul_ln1494_7 = mul i16 %lhs_7, i16 %rhs_7"   --->   Operation 142 'mul' 'mul_ln1494_7' <Predicate = true> <Delay = 1.55> <CoreInst = "Multiplier">   --->   Core 3 'Multiplier' <Latency = 0> <II = 1> <Delay = 1.55> <FuncUnit> <Opcode : 'mul'> <InPorts = 2> <OutPorts = 1>
ST_7 : Operation 143 [1/1] (0.00ns)   --->   "%sext_ln840_5 = sext i16 %mul_ln1494_7"   --->   Operation 143 'sext' 'sext_ln840_5' <Predicate = true> <Delay = 0.00>
ST_7 : Operation 144 [1/1] (2.39ns) (grouped into DSP with root node prod)   --->   "%add_ln840_21 = add i19 %add_ln840_20_cast, i19 %sext_ln840_5"   --->   Operation 144 'add' 'add_ln840_21' <Predicate = true> <Delay = 2.39> <CoreInst = "DSP48">   --->   Core 127 'DSP48' <Latency = 3> <II = 1> <Delay = 0.53> <IPBlock> <Opcode : 'mul' 'add' 'sub' 'select'> <InPorts = 0> <OutPorts = 1> <Sync> <CReg>
ST_7 : Operation 145 [1/1] (0.00ns) (grouped into DSP with root node prod)   --->   "%sext_ln1408 = sext i19 %add_ln840_21" [/home/fede/PhD/transformer-hls/hls/include/linear.h:1408]   --->   Operation 145 'sext' 'sext_ln1408' <Predicate = true> <Delay = 0.00>
ST_7 : Operation 146 [4/4] (0.99ns) (root node of the DSP)   --->   "%prod = mul i30 %sext_ln1408, i30 607" [/home/fede/PhD/transformer-hls/hls/include/linear.h:1408]   --->   Operation 146 'mul' 'prod' <Predicate = true> <Delay = 0.99> <CoreInst = "DSP48">   --->   Core 127 'DSP48' <Latency = 3> <II = 1> <Delay = 0.53> <IPBlock> <Opcode : 'mul' 'add' 'sub' 'select'> <InPorts = 0> <OutPorts = 1> <Sync> <CReg>

State 8 <SV = 7> <Delay = 0.99>
ST_8 : Operation 147 [3/4] (0.99ns) (root node of the DSP)   --->   "%prod = mul i30 %sext_ln1408, i30 607" [/home/fede/PhD/transformer-hls/hls/include/linear.h:1408]   --->   Operation 147 'mul' 'prod' <Predicate = true> <Delay = 0.99> <CoreInst = "DSP48">   --->   Core 127 'DSP48' <Latency = 3> <II = 1> <Delay = 0.53> <IPBlock> <Opcode : 'mul' 'add' 'sub' 'select'> <InPorts = 0> <OutPorts = 1> <Sync> <CReg>

State 9 <SV = 8> <Delay = 0.99>
ST_9 : Operation 148 [2/4] (0.99ns) (root node of the DSP)   --->   "%prod = mul i30 %sext_ln1408, i30 607" [/home/fede/PhD/transformer-hls/hls/include/linear.h:1408]   --->   Operation 148 'mul' 'prod' <Predicate = true> <Delay = 0.99> <CoreInst = "DSP48">   --->   Core 127 'DSP48' <Latency = 3> <II = 1> <Delay = 0.53> <IPBlock> <Opcode : 'mul' 'add' 'sub' 'select'> <InPorts = 0> <OutPorts = 1> <Sync> <CReg>
ST_9 : Operation 170 [1/1] (0.00ns)   --->   "%ret_ln0 = ret"   --->   Operation 170 'ret' 'ret_ln0' <Predicate = (icmp_ln1701)> <Delay = 0.00>

State 10 <SV = 9> <Delay = 4.18>
ST_10 : Operation 149 [1/1] (0.00ns)   --->   "%specloopname_ln1701 = specloopname void @_ssdm_op_SpecLoopName, void @empty" [/home/fede/PhD/transformer-hls/hls/include/linear.h:1701]   --->   Operation 149 'specloopname' 'specloopname_ln1701' <Predicate = true> <Delay = 0.00>
ST_10 : Operation 150 [1/4] (0.00ns) (root node of the DSP)   --->   "%prod = mul i30 %sext_ln1408, i30 607" [/home/fede/PhD/transformer-hls/hls/include/linear.h:1408]   --->   Operation 150 'mul' 'prod' <Predicate = true> <Delay = 0.00> <CoreInst = "DSP48">   --->   Core 127 'DSP48' <Latency = 3> <II = 1> <Delay = 0.53> <IPBlock> <Opcode : 'mul' 'add' 'sub' 'select'> <InPorts = 0> <OutPorts = 1> <Sync> <CReg>
ST_10 : Operation 151 [1/1] (0.00ns)   --->   "%tmp = bitselect i1 @_ssdm_op_BitSelect.i1.i30.i32, i30 %prod, i32 29"   --->   Operation 151 'bitselect' 'tmp' <Predicate = true> <Delay = 0.00>
ST_10 : Operation 152 [1/1] (0.00ns)   --->   "%trunc_ln1417 = trunc i30 %prod" [/home/fede/PhD/transformer-hls/hls/include/linear.h:1417]   --->   Operation 152 'trunc' 'trunc_ln1417' <Predicate = true> <Delay = 0.00>
ST_10 : Operation 153 [1/1] (0.85ns)   --->   "%ret_V = add i27 %trunc_ln1417, i27 32768"   --->   Operation 153 'add' 'ret_V' <Predicate = true> <Delay = 0.85> <CoreInst = "Adder">   --->   Core 1 'Adder' <Latency = 0> <II = 1> <Delay = 0.85> <FuncUnit> <Opcode : 'add' 'sub'> <InPorts = 2> <OutPorts = 1>
ST_10 : Operation 154 [1/1] (0.00ns)   --->   "%trunc_ln = partselect i11 @_ssdm_op_PartSelect.i11.i27.i32.i32, i27 %ret_V, i32 16, i32 26" [/home/fede/PhD/transformer-hls/hls/include/linear.h:1409]   --->   Operation 154 'partselect' 'trunc_ln' <Predicate = true> <Delay = 0.00>
ST_10 : Operation 155 [1/1] (0.00ns)   --->   "%zext_ln1409 = zext i11 %trunc_ln" [/home/fede/PhD/transformer-hls/hls/include/linear.h:1409]   --->   Operation 155 'zext' 'zext_ln1409' <Predicate = true> <Delay = 0.00>
ST_10 : Operation 156 [1/1] (0.85ns)   --->   "%ret_V_8 = sub i27 32768, i27 %trunc_ln1417"   --->   Operation 156 'sub' 'ret_V_8' <Predicate = true> <Delay = 0.85> <CoreInst = "Adder">   --->   Core 1 'Adder' <Latency = 0> <II = 1> <Delay = 0.85> <FuncUnit> <Opcode : 'add' 'sub'> <InPorts = 2> <OutPorts = 1>
ST_10 : Operation 157 [1/1] (0.00ns)   --->   "%trunc_ln4 = partselect i11 @_ssdm_op_PartSelect.i11.i27.i32.i32, i27 %ret_V_8, i32 16, i32 26" [/home/fede/PhD/transformer-hls/hls/include/linear.h:1420]   --->   Operation 157 'partselect' 'trunc_ln4' <Predicate = true> <Delay = 0.00>
ST_10 : Operation 158 [1/1] (0.00ns)   --->   "%zext_ln1420 = zext i11 %trunc_ln4" [/home/fede/PhD/transformer-hls/hls/include/linear.h:1420]   --->   Operation 158 'zext' 'zext_ln1420' <Predicate = true> <Delay = 0.00>
ST_10 : Operation 159 [1/1] (0.73ns)   --->   "%rq_V = sub i12 0, i12 %zext_ln1420" [/home/fede/PhD/transformer-hls/hls/include/linear.h:1420]   --->   Operation 159 'sub' 'rq_V' <Predicate = true> <Delay = 0.73> <CoreInst = "Adder">   --->   Core 1 'Adder' <Latency = 0> <II = 1> <Delay = 0.73> <FuncUnit> <Opcode : 'add' 'sub'> <InPorts = 2> <OutPorts = 1>
ST_10 : Operation 160 [1/1] (0.29ns)   --->   "%rq_V_7 = select i1 %tmp, i12 %rq_V, i12 %zext_ln1409"   --->   Operation 160 'select' 'rq_V_7' <Predicate = true> <Delay = 0.29> <CoreInst = "Sel">   --->   Core 73 'Sel' <Latency = 0> <II = 1> <Delay = 0.29> <FuncUnit> <Opcode : 'select'> <InPorts = 3> <OutPorts = 1>
ST_10 : Operation 161 [1/1] (0.00ns)   --->   "%tmp_8 = partselect i5 @_ssdm_op_PartSelect.i5.i12.i32.i32, i12 %rq_V_7, i32 7, i32 11"   --->   Operation 161 'partselect' 'tmp_8' <Predicate = true> <Delay = 0.00>
ST_10 : Operation 162 [1/1] (0.63ns)   --->   "%icmp_ln1035 = icmp_sgt  i5 %tmp_8, i5 0"   --->   Operation 162 'icmp' 'icmp_ln1035' <Predicate = true> <Delay = 0.63> <CoreInst = "Cmp">   --->   Core 9 'Cmp' <Latency = 0> <II = 1> <Delay = 0.63> <FuncUnit> <Opcode : 'icmp'> <InPorts = 2> <OutPorts = 1>
ST_10 : Operation 163 [1/1] (0.62ns)   --->   "%icmp_ln1027 = icmp_slt  i12 %rq_V_7, i12 3968"   --->   Operation 163 'icmp' 'icmp_ln1027' <Predicate = true> <Delay = 0.62> <CoreInst = "Cmp">   --->   Core 9 'Cmp' <Latency = 0> <II = 1> <Delay = 0.62> <FuncUnit> <Opcode : 'icmp'> <InPorts = 2> <OutPorts = 1>
ST_10 : Operation 164 [1/1] (0.00ns) (grouped into LUT with out node q_V)   --->   "%trunc_ln1444 = trunc i12 %rq_V_7" [/home/fede/PhD/transformer-hls/hls/include/linear.h:1444]   --->   Operation 164 'trunc' 'trunc_ln1444' <Predicate = true> <Delay = 0.00>
ST_10 : Operation 165 [1/1] (0.00ns) (grouped into LUT with out node q_V)   --->   "%select_ln1444 = select i1 %icmp_ln1035, i8 127, i8 128" [/home/fede/PhD/transformer-hls/hls/include/linear.h:1444]   --->   Operation 165 'select' 'select_ln1444' <Predicate = true> <Delay = 0.00> <CoreInst = "Sel">   --->   Core 73 'Sel' <Latency = 0> <II = 1> <Delay = 0.30> <FuncUnit> <Opcode : 'select'> <InPorts = 3> <OutPorts = 1>
ST_10 : Operation 166 [1/1] (0.00ns) (grouped into LUT with out node q_V)   --->   "%or_ln1444 = or i1 %icmp_ln1035, i1 %icmp_ln1027" [/home/fede/PhD/transformer-hls/hls/include/linear.h:1444]   --->   Operation 166 'or' 'or_ln1444' <Predicate = true> <Delay = 0.00> <CoreInst = "LogicGate">   --->   Core 74 'LogicGate' <Latency = 0> <II = 1> <Delay = 0.12> <FuncUnit> <Opcode : 'and' 'or' 'xor'> <InPorts = 2> <OutPorts = 1>
ST_10 : Operation 167 [1/1] (0.30ns) (out node of the LUT)   --->   "%q_V = select i1 %or_ln1444, i8 %select_ln1444, i8 %trunc_ln1444" [/home/fede/PhD/transformer-hls/hls/include/linear.h:1444]   --->   Operation 167 'select' 'q_V' <Predicate = true> <Delay = 0.30> <CoreInst = "Sel">   --->   Core 73 'Sel' <Latency = 0> <II = 1> <Delay = 0.30> <FuncUnit> <Opcode : 'select'> <InPorts = 3> <OutPorts = 1>
ST_10 : Operation 168 [1/1] (1.36ns)   --->   "%write_ln1756 = write void @_ssdm_op_Write.ap_fifo.volatile.i8P0A, i8 %A_1, i8 %q_V" [/home/fede/PhD/transformer-hls/hls/include/linear.h:1756]   --->   Operation 168 'write' 'write_ln1756' <Predicate = true> <Delay = 1.36> <CoreInst = "FIFO_SRL">   --->   Core 81 'FIFO_SRL' <Latency = 0> <II = 1> <Delay = 1.36> <Storage> <Opcode : 'read' 'write' 'nbread' 'nbwrite'> <Ports = 0> <Width = 8> <Depth = 2> <FIFO>
ST_10 : Operation 169 [1/1] (0.00ns)   --->   "%br_ln1701 = br void %VITIS_LOOP_1704_9" [/home/fede/PhD/transformer-hls/hls/include/linear.h:1701]   --->   Operation 169 'br' 'br_ln1701' <Predicate = true> <Delay = 0.00>


============================================================
+ Verbose Summary: Timing violations
============================================================
Target clock period: 10ns, clock uncertainty: 2.7ns.

 <State 1>: 1.09ns
The critical path consists of the following:
	'alloca' operation ('token_j') [4]  (0 ns)
	'load' operation ('n', /home/fede/PhD/transformer-hls/hls/include/linear.h:1701) on local variable 'token_j' [9]  (0 ns)
	'add' operation ('add_ln1701', /home/fede/PhD/transformer-hls/hls/include/linear.h:1701) [21]  (0.707 ns)
	'store' operation ('store_ln1701', /home/fede/PhD/transformer-hls/hls/include/linear.h:1701) of variable 'add_ln1701', /home/fede/PhD/transformer-hls/hls/include/linear.h:1701 on local variable 'token_j' [127]  (0.387 ns)

 <State 2>: 1.66ns
The critical path consists of the following:
	'load' operation ('tile_Q_V_0_load_2', /home/fede/PhD/transformer-hls/hls/include/linear.h:1718) on array 'tile_Q_V_0' [63]  (0.667 ns)
	'mul' operation of DSP[67] ('mul_ln1494_2') [65]  (0.996 ns)

 <State 3>: 0.996ns
The critical path consists of the following:
	'mul' operation of DSP[68] ('mul_ln1494_1') [59]  (0.996 ns)

 <State 4>: 2.2ns
The critical path consists of the following:
	'mul' operation ('mul_ln1494') [53]  (1.55 ns)
	'add' operation of DSP[67] ('add_ln840') [67]  (0.645 ns)

 <State 5>: 1.29ns
The critical path consists of the following:
	'add' operation of DSP[67] ('add_ln840') [67]  (0.645 ns)
	'add' operation of DSP[68] ('add_ln840_16') [68]  (0.645 ns)

 <State 6>: 1.29ns
The critical path consists of the following:
	'add' operation of DSP[68] ('add_ln840_16') [68]  (0.645 ns)
	'add' operation of DSP[94] ('add_ln840_17') [94]  (0.645 ns)

 <State 7>: 4.94ns
The critical path consists of the following:
	'mul' operation ('mul_ln1494_7') [104]  (1.55 ns)
	'add' operation of DSP[108] ('add_ln840_21') [106]  (2.4 ns)
	'mul' operation of DSP[108] ('prod', /home/fede/PhD/transformer-hls/hls/include/linear.h:1408) [108]  (0.996 ns)

 <State 8>: 0.996ns
The critical path consists of the following:
	'mul' operation of DSP[108] ('prod', /home/fede/PhD/transformer-hls/hls/include/linear.h:1408) [108]  (0.996 ns)

 <State 9>: 0.996ns
The critical path consists of the following:
	'mul' operation of DSP[108] ('prod', /home/fede/PhD/transformer-hls/hls/include/linear.h:1408) [108]  (0.996 ns)

 <State 10>: 4.19ns
The critical path consists of the following:
	'mul' operation of DSP[108] ('prod', /home/fede/PhD/transformer-hls/hls/include/linear.h:1408) [108]  (0 ns)
	'sub' operation ('ret.V') [114]  (0.85 ns)
	'sub' operation ('rq.V', /home/fede/PhD/transformer-hls/hls/include/linear.h:1420) [117]  (0.735 ns)
	'select' operation ('rq.V') [118]  (0.299 ns)
	'icmp' operation ('icmp_ln1035') [120]  (0.637 ns)
	'select' operation ('select_ln1444', /home/fede/PhD/transformer-hls/hls/include/linear.h:1444) [123]  (0 ns)
	'select' operation ('q.V', /home/fede/PhD/transformer-hls/hls/include/linear.h:1444) [125]  (0.303 ns)
	fifo write operation ('write_ln1756', /home/fede/PhD/transformer-hls/hls/include/linear.h:1756) on port 'A_1' (/home/fede/PhD/transformer-hls/hls/include/linear.h:1756) [126]  (1.36 ns)


============================================================
+ Verbose Summary: Binding
============================================================
N/A
* FSMD analyzer results:
  - Output states:
 - Input state : 
  - Chain level:
	State 1
	State 2
	State 3
	State 4
	State 5
	State 6
	State 7
	State 8
	State 9
	State 10


============================================================
+ Verbose Summary: Datapath Resource usage 
============================================================
N/A
