

================================================================
== Vitis HLS Report for 'merge_heads'
================================================================
* Date:           Fri Jun 19 14:57:10 2026

* Version:        2022.2 (Build 3670227 on Oct 13 2022)
* Project:        ViT_Block
* Solution:       ViT_Block (Vivado IP Flow Target)
* Product family: zynquplus
* Target device:  xck26-sfvc784-2LV-c


================================================================
== Performance Estimates
================================================================
+ Timing: 
    * Summary: 
    +--------+----------+----------+------------+
    |  Clock |  Target  | Estimated| Uncertainty|
    +--------+----------+----------+------------+
    |ap_clk  |  10.00 ns|  4.103 ns|     2.70 ns|
    +--------+----------+----------+------------+

+ Latency: 
    * Summary: 
    +---------+---------+----------+----------+-----+-----+---------+
    |  Latency (cycles) |  Latency (absolute) |  Interval | Pipeline|
    |   min   |   max   |    min   |    max   | min | max |   Type  |
    +---------+---------+----------+----------+-----+-----+---------+
    |      274|      274|  2.740 us|  2.740 us|  274|  274|       no|
    +---------+---------+----------+----------+-----+-----+---------+

    + Detail: 
        * Instance: 
        N/A

        * Loop: 
        +------------------------------------------------------+---------+---------+----------+-----------+-----------+------+----------+
        |                                                      |  Latency (cycles) | Iteration|  Initiation Interval  | Trip |          |
        |                       Loop Name                      |   min   |   max   |  Latency |  achieved |   target  | Count| Pipelined|
        +------------------------------------------------------+---------+---------+----------+-----------+-----------+------+----------+
        |- VITIS_LOOP_178_1_VITIS_LOOP_179_2_VITIS_LOOP_180_3  |      272|      272|         2|          1|          1|   272|       yes|
        +------------------------------------------------------+---------+---------+----------+-----------+-----------+------+----------+

============================================================
+ Verbose Summary: Synthesis Manager
============================================================
InlineROM: 1
ExposeGlobal: 0
============================================================
+ Verbose Summary: CDFG Model
============================================================
IsTopModel: 0
ResetActiveHigh: 1
IsCombinational: 2
IsDatapathOnly: 0
HasWiredReturn: 1
HasMFsm: 2
HasVarLatency: 1
IsPipeline: 0
IsRtlPipelined: 0
IsInstanceOverlapped: 0
IsDontTouch: 0
HasImplIP: 0
IsGatedGlobalClock: 0

+ Individual pipeline summary: 
  * Pipeline-0: initiation interval (II) = 1, depth = 2


============================================================
+ Verbose Summary: Schedule
============================================================
* Number of FSM states : 2
* Pipeline : 1
  Pipeline-0 : II = 1, D = 2, States = { 1 2 }
* Dataflow Pipeline: 0

* FSM state transitions: 
1 --> 2 
2 --> 

* FSM state operations: 

State 1 <SV = 0> <Delay = 2.17>
ST_1 : Operation 5 [1/1] (0.00ns)   --->   "%i_02 = alloca i32 1"   --->   Operation 5 'alloca' 'i_02' <Predicate = true> <Delay = 0.00>
ST_1 : Operation 6 [1/1] (0.00ns)   --->   "%h = alloca i32 1"   --->   Operation 6 'alloca' 'h' <Predicate = true> <Delay = 0.00>
ST_1 : Operation 7 [1/1] (0.00ns)   --->   "%indvar_flatten = alloca i32 1"   --->   Operation 7 'alloca' 'indvar_flatten' <Predicate = true> <Delay = 0.00>
ST_1 : Operation 8 [1/1] (0.00ns)   --->   "%indvar_flatten13 = alloca i32 1"   --->   Operation 8 'alloca' 'indvar_flatten13' <Predicate = true> <Delay = 0.00>
ST_1 : Operation 9 [1/1] (0.00ns)   --->   "%specinterface_ln0 = specinterface void @_ssdm_op_SpecInterface, i8 %head_out_1, void @empty_9, i32 0, i32 0, void @empty_28, i32 0, i32 0, void @empty_28, void @empty_28, void @empty_28, i32 0, i32 0, i32 0, i32 0, void @empty_28, void @empty_28, i32 4294967295, i32 0"   --->   Operation 9 'specinterface' 'specinterface_ln0' <Predicate = true> <Delay = 0.00>
ST_1 : Operation 10 [1/1] (0.00ns)   --->   "%specinterface_ln0 = specinterface void @_ssdm_op_SpecInterface, i8 %head_out_0, void @empty_9, i32 0, i32 0, void @empty_28, i32 0, i32 0, void @empty_28, void @empty_28, void @empty_28, i32 0, i32 0, i32 0, i32 0, void @empty_28, void @empty_28, i32 4294967295, i32 0"   --->   Operation 10 'specinterface' 'specinterface_ln0' <Predicate = true> <Delay = 0.00>
ST_1 : Operation 11 [1/1] (0.00ns)   --->   "%specinterface_ln0 = specinterface void @_ssdm_op_SpecInterface, i8 %out_linear4, void @empty_9, i32 0, i32 0, void @empty_28, i32 0, i32 0, void @empty_28, void @empty_28, void @empty_28, i32 0, i32 0, i32 0, i32 0, void @empty_28, void @empty_28, i32 4294967295, i32 0"   --->   Operation 11 'specinterface' 'specinterface_ln0' <Predicate = true> <Delay = 0.00>
ST_1 : Operation 12 [1/1] (0.42ns)   --->   "%store_ln178 = store i9 0, i9 %indvar_flatten13" [/home/fede/PhD/transformer-hls/hls/src/attention/MultiHeadAttention_tiled.cpp:178]   --->   Operation 12 'store' 'store_ln178' <Predicate = true> <Delay = 0.42>
ST_1 : Operation 13 [1/1] (0.42ns)   --->   "%store_ln178 = store i6 0, i6 %indvar_flatten" [/home/fede/PhD/transformer-hls/hls/src/attention/MultiHeadAttention_tiled.cpp:178]   --->   Operation 13 'store' 'store_ln178' <Predicate = true> <Delay = 0.42>
ST_1 : Operation 14 [1/1] (0.42ns)   --->   "%store_ln178 = store i2 0, i2 %h" [/home/fede/PhD/transformer-hls/hls/src/attention/MultiHeadAttention_tiled.cpp:178]   --->   Operation 14 'store' 'store_ln178' <Predicate = true> <Delay = 0.42>
ST_1 : Operation 15 [1/1] (0.42ns)   --->   "%store_ln178 = store i4 0, i4 %i_02" [/home/fede/PhD/transformer-hls/hls/src/attention/MultiHeadAttention_tiled.cpp:178]   --->   Operation 15 'store' 'store_ln178' <Predicate = true> <Delay = 0.42>
ST_1 : Operation 16 [1/1] (0.00ns)   --->   "%br_ln178 = br void %for.inc" [/home/fede/PhD/transformer-hls/hls/src/attention/MultiHeadAttention_tiled.cpp:178]   --->   Operation 16 'br' 'br_ln178' <Predicate = true> <Delay = 0.00>
ST_1 : Operation 17 [1/1] (0.00ns)   --->   "%i_15 = load i4 %i_02" [/home/fede/PhD/transformer-hls/hls/src/attention/MultiHeadAttention_tiled.cpp:180]   --->   Operation 17 'load' 'i_15' <Predicate = true> <Delay = 0.00>
ST_1 : Operation 18 [1/1] (0.00ns)   --->   "%indvar_flatten_load = load i6 %indvar_flatten" [/home/fede/PhD/transformer-hls/hls/src/attention/MultiHeadAttention_tiled.cpp:179]   --->   Operation 18 'load' 'indvar_flatten_load' <Predicate = true> <Delay = 0.00>
ST_1 : Operation 19 [1/1] (0.00ns)   --->   "%indvar_flatten13_load = load i9 %indvar_flatten13" [/home/fede/PhD/transformer-hls/hls/src/attention/MultiHeadAttention_tiled.cpp:178]   --->   Operation 19 'load' 'indvar_flatten13_load' <Predicate = true> <Delay = 0.00>
ST_1 : Operation 20 [1/1] (0.88ns)   --->   "%icmp_ln178 = icmp_eq  i9 %indvar_flatten13_load, i9 272" [/home/fede/PhD/transformer-hls/hls/src/attention/MultiHeadAttention_tiled.cpp:178]   --->   Operation 20 'icmp' 'icmp_ln178' <Predicate = true> <Delay = 0.88> <CoreInst = "Cmp">   --->   Core 9 'Cmp' <Latency = 0> <II = 1> <Delay = 0.88> <FuncUnit> <Opcode : 'icmp'> <InPorts = 2> <OutPorts = 1>
ST_1 : Operation 21 [1/1] (0.77ns)   --->   "%add_ln178 = add i9 %indvar_flatten13_load, i9 1" [/home/fede/PhD/transformer-hls/hls/src/attention/MultiHeadAttention_tiled.cpp:178]   --->   Operation 21 'add' 'add_ln178' <Predicate = true> <Delay = 0.77> <CoreInst = "Adder">   --->   Core 1 'Adder' <Latency = 0> <II = 1> <Delay = 0.77> <FuncUnit> <Opcode : 'add' 'sub'> <InPorts = 2> <OutPorts = 1>
ST_1 : Operation 22 [1/1] (0.00ns)   --->   "%br_ln178 = br i1 %icmp_ln178, void %for.inc12, void %for.end14" [/home/fede/PhD/transformer-hls/hls/src/attention/MultiHeadAttention_tiled.cpp:178]   --->   Operation 22 'br' 'br_ln178' <Predicate = true> <Delay = 0.00>
ST_1 : Operation 23 [1/1] (0.00ns)   --->   "%h_load = load i2 %h"   --->   Operation 23 'load' 'h_load' <Predicate = (!icmp_ln178)> <Delay = 0.00>
ST_1 : Operation 24 [1/1] (0.00ns)   --->   "%specloopname_ln0 = specloopname void @_ssdm_op_SpecLoopName, void @VITIS_LOOP_178_1_VITIS_LOOP_179_2_VITIS_LOOP_180_3_str"   --->   Operation 24 'specloopname' 'specloopname_ln0' <Predicate = (!icmp_ln178)> <Delay = 0.00>
ST_1 : Operation 25 [1/1] (0.00ns)   --->   "%empty_90 = speclooptripcount i32 @_ssdm_op_SpecLoopTripCount, i64 272, i64 272, i64 272"   --->   Operation 25 'speclooptripcount' 'empty_90' <Predicate = (!icmp_ln178)> <Delay = 0.00>
ST_1 : Operation 26 [1/1] (0.78ns)   --->   "%icmp_ln179 = icmp_eq  i6 %indvar_flatten_load, i6 16" [/home/fede/PhD/transformer-hls/hls/src/attention/MultiHeadAttention_tiled.cpp:179]   --->   Operation 26 'icmp' 'icmp_ln179' <Predicate = (!icmp_ln178)> <Delay = 0.78> <CoreInst = "Cmp">   --->   Core 9 'Cmp' <Latency = 0> <II = 1> <Delay = 0.78> <FuncUnit> <Opcode : 'icmp'> <InPorts = 2> <OutPorts = 1>
ST_1 : Operation 27 [1/1] (0.17ns)   --->   "%select_ln178 = select i1 %icmp_ln179, i2 0, i2 %h_load" [/home/fede/PhD/transformer-hls/hls/src/attention/MultiHeadAttention_tiled.cpp:178]   --->   Operation 27 'select' 'select_ln178' <Predicate = (!icmp_ln178)> <Delay = 0.17> <CoreInst = "Sel">   --->   Core 73 'Sel' <Latency = 0> <II = 1> <Delay = 0.17> <FuncUnit> <Opcode : 'select'> <InPorts = 3> <OutPorts = 1>
ST_1 : Operation 28 [1/1] (0.28ns)   --->   "%xor_ln178 = xor i1 %icmp_ln179, i1 1" [/home/fede/PhD/transformer-hls/hls/src/attention/MultiHeadAttention_tiled.cpp:178]   --->   Operation 28 'xor' 'xor_ln178' <Predicate = (!icmp_ln178)> <Delay = 0.28> <CoreInst = "LogicGate">   --->   Core 74 'LogicGate' <Latency = 0> <II = 1> <Delay = 0.28> <FuncUnit> <Opcode : 'and' 'or' 'xor'> <InPorts = 2> <OutPorts = 1>
ST_1 : Operation 29 [1/1] (0.00ns) (grouped into LUT with out node select_ln179)   --->   "%empty_91 = trunc i2 %h_load"   --->   Operation 29 'trunc' 'empty_91' <Predicate = (!icmp_ln178)> <Delay = 0.00>
ST_1 : Operation 30 [1/1] (0.00ns) (grouped into LUT with out node select_ln179)   --->   "%and_ln178 = and i1 %empty_91, i1 %xor_ln178" [/home/fede/PhD/transformer-hls/hls/src/attention/MultiHeadAttention_tiled.cpp:178]   --->   Operation 30 'and' 'and_ln178' <Predicate = (!icmp_ln178)> <Delay = 0.00> <CoreInst = "LogicGate">   --->   Core 74 'LogicGate' <Latency = 0> <II = 1> <Delay = 0.28> <FuncUnit> <Opcode : 'and' 'or' 'xor'> <InPorts = 2> <OutPorts = 1>
ST_1 : Operation 31 [1/1] (0.72ns)   --->   "%icmp_ln180 = icmp_eq  i4 %i_15, i4 8" [/home/fede/PhD/transformer-hls/hls/src/attention/MultiHeadAttention_tiled.cpp:180]   --->   Operation 31 'icmp' 'icmp_ln180' <Predicate = (!icmp_ln178)> <Delay = 0.72> <CoreInst = "Cmp">   --->   Core 9 'Cmp' <Latency = 0> <II = 1> <Delay = 0.72> <FuncUnit> <Opcode : 'icmp'> <InPorts = 2> <OutPorts = 1>
ST_1 : Operation 32 [1/1] (0.28ns)   --->   "%and_ln178_1 = and i1 %icmp_ln180, i1 %xor_ln178" [/home/fede/PhD/transformer-hls/hls/src/attention/MultiHeadAttention_tiled.cpp:178]   --->   Operation 32 'and' 'and_ln178_1' <Predicate = (!icmp_ln178)> <Delay = 0.28> <CoreInst = "LogicGate">   --->   Core 74 'LogicGate' <Latency = 0> <II = 1> <Delay = 0.28> <FuncUnit> <Opcode : 'and' 'or' 'xor'> <InPorts = 2> <OutPorts = 1>
ST_1 : Operation 33 [1/1] (0.54ns)   --->   "%add_ln179 = add i2 %select_ln178, i2 1" [/home/fede/PhD/transformer-hls/hls/src/attention/MultiHeadAttention_tiled.cpp:179]   --->   Operation 33 'add' 'add_ln179' <Predicate = (!icmp_ln178)> <Delay = 0.54> <CoreInst = "Adder">   --->   Core 1 'Adder' <Latency = 0> <II = 1> <Delay = 0.54> <FuncUnit> <Opcode : 'add' 'sub'> <InPorts = 2> <OutPorts = 1>
ST_1 : Operation 34 [1/1] (0.00ns)   --->   "%specloopname_ln0 = specloopname void @_ssdm_op_SpecLoopName, void @VITIS_LOOP_179_2_VITIS_LOOP_180_3_str"   --->   Operation 34 'specloopname' 'specloopname_ln0' <Predicate = (!icmp_ln178)> <Delay = 0.00>
ST_1 : Operation 35 [1/1] (0.00ns) (grouped into LUT with out node select_ln179)   --->   "%empty_92 = trunc i2 %add_ln179" [/home/fede/PhD/transformer-hls/hls/src/attention/MultiHeadAttention_tiled.cpp:179]   --->   Operation 35 'trunc' 'empty_92' <Predicate = (!icmp_ln178)> <Delay = 0.00>
ST_1 : Operation 36 [1/1] (0.28ns) (out node of the LUT)   --->   "%select_ln179 = select i1 %and_ln178_1, i1 %empty_92, i1 %and_ln178" [/home/fede/PhD/transformer-hls/hls/src/attention/MultiHeadAttention_tiled.cpp:179]   --->   Operation 36 'select' 'select_ln179' <Predicate = (!icmp_ln178)> <Delay = 0.28> <CoreInst = "Sel">   --->   Core 73 'Sel' <Latency = 0> <II = 1> <Delay = 0.17> <FuncUnit> <Opcode : 'select'> <InPorts = 3> <OutPorts = 1>
ST_1 : Operation 37 [1/1] (0.17ns)   --->   "%select_ln179_1 = select i1 %and_ln178_1, i2 %add_ln179, i2 %select_ln178" [/home/fede/PhD/transformer-hls/hls/src/attention/MultiHeadAttention_tiled.cpp:179]   --->   Operation 37 'select' 'select_ln179_1' <Predicate = (!icmp_ln178)> <Delay = 0.17> <CoreInst = "Sel">   --->   Core 73 'Sel' <Latency = 0> <II = 1> <Delay = 0.17> <FuncUnit> <Opcode : 'select'> <InPorts = 3> <OutPorts = 1>
ST_1 : Operation 38 [1/1] (0.00ns)   --->   "%specpipeline_ln181 = specpipeline void @_ssdm_op_SpecPipeline, i32 1, i32 0, i32 0, i32 0, void @empty_28" [/home/fede/PhD/transformer-hls/hls/src/attention/MultiHeadAttention_tiled.cpp:181]   --->   Operation 38 'specpipeline' 'specpipeline_ln181' <Predicate = (!icmp_ln178)> <Delay = 0.00>
ST_1 : Operation 39 [1/1] (0.00ns)   --->   "%specloopname_ln180 = specloopname void @_ssdm_op_SpecLoopName, void @empty_21" [/home/fede/PhD/transformer-hls/hls/src/attention/MultiHeadAttention_tiled.cpp:180]   --->   Operation 39 'specloopname' 'specloopname_ln180' <Predicate = (!icmp_ln178)> <Delay = 0.00>
ST_1 : Operation 40 [1/1] (0.00ns)   --->   "%br_ln182 = br i1 %select_ln179, void %V.i.i11.case.0, void %V.i.i11.case.1" [/home/fede/PhD/transformer-hls/hls/src/attention/MultiHeadAttention_tiled.cpp:182]   --->   Operation 40 'br' 'br_ln182' <Predicate = (!icmp_ln178)> <Delay = 0.00>
ST_1 : Operation 41 [1/1] (0.79ns)   --->   "%add_ln180 = add i4 %i_15, i4 1" [/home/fede/PhD/transformer-hls/hls/src/attention/MultiHeadAttention_tiled.cpp:180]   --->   Operation 41 'add' 'add_ln180' <Predicate = (!icmp_ln178)> <Delay = 0.79> <CoreInst = "Adder">   --->   Core 1 'Adder' <Latency = 0> <II = 1> <Delay = 0.79> <FuncUnit> <Opcode : 'add' 'sub'> <InPorts = 2> <OutPorts = 1>
ST_1 : Operation 42 [1/1] (0.00ns) (grouped into LUT with out node i)   --->   "%or_ln180 = or i1 %and_ln178_1, i1 %icmp_ln179" [/home/fede/PhD/transformer-hls/hls/src/attention/MultiHeadAttention_tiled.cpp:180]   --->   Operation 42 'or' 'or_ln180' <Predicate = (!icmp_ln178)> <Delay = 0.00> <CoreInst = "LogicGate">   --->   Core 74 'LogicGate' <Latency = 0> <II = 1> <Delay = 0.28> <FuncUnit> <Opcode : 'and' 'or' 'xor'> <InPorts = 2> <OutPorts = 1>
ST_1 : Operation 43 [1/1] (0.39ns) (out node of the LUT)   --->   "%i = select i1 %or_ln180, i4 1, i4 %add_ln180" [/home/fede/PhD/transformer-hls/hls/src/attention/MultiHeadAttention_tiled.cpp:180]   --->   Operation 43 'select' 'i' <Predicate = (!icmp_ln178)> <Delay = 0.39> <CoreInst = "Sel">   --->   Core 73 'Sel' <Latency = 0> <II = 1> <Delay = 0.39> <FuncUnit> <Opcode : 'select'> <InPorts = 3> <OutPorts = 1>
ST_1 : Operation 44 [1/1] (0.78ns)   --->   "%add_ln179_1 = add i6 %indvar_flatten_load, i6 1" [/home/fede/PhD/transformer-hls/hls/src/attention/MultiHeadAttention_tiled.cpp:179]   --->   Operation 44 'add' 'add_ln179_1' <Predicate = (!icmp_ln178)> <Delay = 0.78> <CoreInst = "Adder">   --->   Core 1 'Adder' <Latency = 0> <II = 1> <Delay = 0.78> <FuncUnit> <Opcode : 'add' 'sub'> <InPorts = 2> <OutPorts = 1>
ST_1 : Operation 45 [1/1] (0.38ns)   --->   "%select_ln179_2 = select i1 %icmp_ln179, i6 1, i6 %add_ln179_1" [/home/fede/PhD/transformer-hls/hls/src/attention/MultiHeadAttention_tiled.cpp:179]   --->   Operation 45 'select' 'select_ln179_2' <Predicate = (!icmp_ln178)> <Delay = 0.38> <CoreInst = "Sel">   --->   Core 73 'Sel' <Latency = 0> <II = 1> <Delay = 0.38> <FuncUnit> <Opcode : 'select'> <InPorts = 3> <OutPorts = 1>
ST_1 : Operation 46 [1/1] (0.42ns)   --->   "%store_ln180 = store i9 %add_ln178, i9 %indvar_flatten13" [/home/fede/PhD/transformer-hls/hls/src/attention/MultiHeadAttention_tiled.cpp:180]   --->   Operation 46 'store' 'store_ln180' <Predicate = (!icmp_ln178)> <Delay = 0.42>
ST_1 : Operation 47 [1/1] (0.42ns)   --->   "%store_ln180 = store i6 %select_ln179_2, i6 %indvar_flatten" [/home/fede/PhD/transformer-hls/hls/src/attention/MultiHeadAttention_tiled.cpp:180]   --->   Operation 47 'store' 'store_ln180' <Predicate = (!icmp_ln178)> <Delay = 0.42>
ST_1 : Operation 48 [1/1] (0.42ns)   --->   "%store_ln180 = store i2 %select_ln179_1, i2 %h" [/home/fede/PhD/transformer-hls/hls/src/attention/MultiHeadAttention_tiled.cpp:180]   --->   Operation 48 'store' 'store_ln180' <Predicate = (!icmp_ln178)> <Delay = 0.42>
ST_1 : Operation 49 [1/1] (0.42ns)   --->   "%store_ln180 = store i4 %i, i4 %i_02" [/home/fede/PhD/transformer-hls/hls/src/attention/MultiHeadAttention_tiled.cpp:180]   --->   Operation 49 'store' 'store_ln180' <Predicate = (!icmp_ln178)> <Delay = 0.42>
ST_1 : Operation 57 [1/1] (0.00ns)   --->   "%ret_ln186 = ret" [/home/fede/PhD/transformer-hls/hls/src/attention/MultiHeadAttention_tiled.cpp:186]   --->   Operation 57 'ret' 'ret_ln186' <Predicate = (icmp_ln178)> <Delay = 0.00>

State 2 <SV = 1> <Delay = 4.10>
ST_2 : Operation 50 [1/1] (1.83ns)   --->   "%head_out_0_read = read i8 @_ssdm_op_Read.ap_fifo.volatile.i8P0A, i8 %head_out_0" [/home/fede/PhD/transformer-hls/hls/src/attention/MultiHeadAttention_tiled.cpp:182]   --->   Operation 50 'read' 'head_out_0_read' <Predicate = (!icmp_ln178 & !select_ln179)> <Delay = 1.83> <CoreInst = "FIFO_SRL">   --->   Core 81 'FIFO_SRL' <Latency = 0> <II = 1> <Delay = 1.83> <Storage> <Opcode : 'read' 'write' 'nbread' 'nbwrite'> <Ports = 0> <Width = 8> <Depth = 2> <FIFO>
ST_2 : Operation 51 [1/1] (0.42ns)   --->   "%br_ln182 = br void %V.i.i11.exit" [/home/fede/PhD/transformer-hls/hls/src/attention/MultiHeadAttention_tiled.cpp:182]   --->   Operation 51 'br' 'br_ln182' <Predicate = (!icmp_ln178 & !select_ln179)> <Delay = 0.42>
ST_2 : Operation 52 [1/1] (1.83ns)   --->   "%head_out_1_read = read i8 @_ssdm_op_Read.ap_fifo.volatile.i8P0A, i8 %head_out_1" [/home/fede/PhD/transformer-hls/hls/src/attention/MultiHeadAttention_tiled.cpp:182]   --->   Operation 52 'read' 'head_out_1_read' <Predicate = (!icmp_ln178 & select_ln179)> <Delay = 1.83> <CoreInst = "FIFO_SRL">   --->   Core 81 'FIFO_SRL' <Latency = 0> <II = 1> <Delay = 1.83> <Storage> <Opcode : 'read' 'write' 'nbread' 'nbwrite'> <Ports = 0> <Width = 8> <Depth = 2> <FIFO>
ST_2 : Operation 53 [1/1] (0.42ns)   --->   "%br_ln182 = br void %V.i.i11.exit" [/home/fede/PhD/transformer-hls/hls/src/attention/MultiHeadAttention_tiled.cpp:182]   --->   Operation 53 'br' 'br_ln182' <Predicate = (!icmp_ln178 & select_ln179)> <Delay = 0.42>
ST_2 : Operation 54 [1/1] (0.00ns)   --->   "%empty = phi i8 %head_out_0_read, void %V.i.i11.case.0, i8 %head_out_1_read, void %V.i.i11.case.1" [/home/fede/PhD/transformer-hls/hls/src/attention/MultiHeadAttention_tiled.cpp:182]   --->   Operation 54 'phi' 'empty' <Predicate = true> <Delay = 0.00>
ST_2 : Operation 55 [1/1] (1.83ns)   --->   "%write_ln182 = write void @_ssdm_op_Write.ap_fifo.volatile.i8P0A, i8 %out_linear4, i8 %empty" [/home/fede/PhD/transformer-hls/hls/src/attention/MultiHeadAttention_tiled.cpp:182]   --->   Operation 55 'write' 'write_ln182' <Predicate = true> <Delay = 1.83> <CoreInst = "FIFO_SRL">   --->   Core 81 'FIFO_SRL' <Latency = 0> <II = 1> <Delay = 1.83> <Storage> <Opcode : 'read' 'write' 'nbread' 'nbwrite'> <Ports = 0> <Width = 8> <Depth = 2> <FIFO>
ST_2 : Operation 56 [1/1] (0.00ns)   --->   "%br_ln180 = br void %for.inc" [/home/fede/PhD/transformer-hls/hls/src/attention/MultiHeadAttention_tiled.cpp:180]   --->   Operation 56 'br' 'br_ln180' <Predicate = true> <Delay = 0.00>


============================================================
+ Verbose Summary: Timing violations
============================================================
Target clock period: 10ns, clock uncertainty: 2.7ns.

 <State 1>: 2.18ns
The critical path consists of the following:
	'alloca' operation ('indvar_flatten') [6]  (0 ns)
	'load' operation ('indvar_flatten_load', /home/fede/PhD/transformer-hls/hls/src/attention/MultiHeadAttention_tiled.cpp:179) on local variable 'indvar_flatten' [18]  (0 ns)
	'icmp' operation ('icmp_ln179', /home/fede/PhD/transformer-hls/hls/src/attention/MultiHeadAttention_tiled.cpp:179) [27]  (0.785 ns)
	'xor' operation ('xor_ln178', /home/fede/PhD/transformer-hls/hls/src/attention/MultiHeadAttention_tiled.cpp:178) [29]  (0.287 ns)
	'and' operation ('and_ln178_1', /home/fede/PhD/transformer-hls/hls/src/attention/MultiHeadAttention_tiled.cpp:178) [33]  (0.287 ns)
	'or' operation ('or_ln180', /home/fede/PhD/transformer-hls/hls/src/attention/MultiHeadAttention_tiled.cpp:180) [52]  (0 ns)
	'select' operation ('i', /home/fede/PhD/transformer-hls/hls/src/attention/MultiHeadAttention_tiled.cpp:180) [53]  (0.391 ns)
	'store' operation ('store_ln180', /home/fede/PhD/transformer-hls/hls/src/attention/MultiHeadAttention_tiled.cpp:180) of variable 'i', /home/fede/PhD/transformer-hls/hls/src/attention/MultiHeadAttention_tiled.cpp:180 on local variable 'i' [59]  (0.427 ns)

 <State 2>: 4.1ns
The critical path consists of the following:
	fifo read operation ('head_out_0_read', /home/fede/PhD/transformer-hls/hls/src/attention/MultiHeadAttention_tiled.cpp:182) on port 'head_out_0' (/home/fede/PhD/transformer-hls/hls/src/attention/MultiHeadAttention_tiled.cpp:182) [43]  (1.84 ns)
	multiplexor before 'phi' operation ('empty', /home/fede/PhD/transformer-hls/hls/src/attention/MultiHeadAttention_tiled.cpp:182) with incoming values : ('head_out_0_read', /home/fede/PhD/transformer-hls/hls/src/attention/MultiHeadAttention_tiled.cpp:182) ('head_out_1_read', /home/fede/PhD/transformer-hls/hls/src/attention/MultiHeadAttention_tiled.cpp:182) [49]  (0.427 ns)
	'phi' operation ('empty', /home/fede/PhD/transformer-hls/hls/src/attention/MultiHeadAttention_tiled.cpp:182) with incoming values : ('head_out_0_read', /home/fede/PhD/transformer-hls/hls/src/attention/MultiHeadAttention_tiled.cpp:182) ('head_out_1_read', /home/fede/PhD/transformer-hls/hls/src/attention/MultiHeadAttention_tiled.cpp:182) [49]  (0 ns)
	fifo write operation ('write_ln182', /home/fede/PhD/transformer-hls/hls/src/attention/MultiHeadAttention_tiled.cpp:182) on port 'out_linear4' (/home/fede/PhD/transformer-hls/hls/src/attention/MultiHeadAttention_tiled.cpp:182) [50]  (1.84 ns)


============================================================
+ Verbose Summary: Binding
============================================================
N/A
* FSMD analyzer results:
  - Output states:
 - Input state : 
  - Chain level:
	State 1
	State 2


============================================================
+ Verbose Summary: Datapath Resource usage 
============================================================
N/A
