

================================================================
== Vitis HLS Report for 'merge_heads'
================================================================
* Date:           Tue Jun 23 12:41:24 2026

* Version:        2022.2 (Build 3670227 on Oct 13 2022)
* Project:        ViT_Block
* Solution:       ViT_Block (Vivado IP Flow Target)
* Product family: virtexuplus
* Target device:  xcu250-figd2104-2L-e


================================================================
== Performance Estimates
================================================================
+ Timing: 
    * Summary: 
    +--------+----------+----------+------------+
    |  Clock |  Target  | Estimated| Uncertainty|
    +--------+----------+----------+------------+
    |ap_clk  |  10.00 ns|  3.117 ns|     2.70 ns|
    +--------+----------+----------+------------+

+ Latency: 
    * Summary: 
    +---------+---------+----------+----------+-----+-----+---------+
    |  Latency (cycles) |  Latency (absolute) |  Interval | Pipeline|
    |   min   |   max   |    min   |    max   | min | max |   Type  |
    +---------+---------+----------+----------+-----+-----+---------+
    |      274|      274|  2.740 us|  2.740 us|  274|  274|       no|
    +---------+---------+----------+----------+-----+-----+---------+

    + Detail: 
        * Instance: 
        N/A

        * Loop: 
        +------------------------------------------------------+---------+---------+----------+-----------+-----------+------+----------+
        |                                                      |  Latency (cycles) | Iteration|  Initiation Interval  | Trip |          |
        |                       Loop Name                      |   min   |   max   |  Latency |  achieved |   target  | Count| Pipelined|
        +------------------------------------------------------+---------+---------+----------+-----------+-----------+------+----------+
        |- VITIS_LOOP_178_1_VITIS_LOOP_179_2_VITIS_LOOP_180_3  |      272|      272|         2|          1|          1|   272|       yes|
        +------------------------------------------------------+---------+---------+----------+-----------+-----------+------+----------+

============================================================
+ Verbose Summary: Synthesis Manager
============================================================
InlineROM: 1
ExposeGlobal: 0
============================================================
+ Verbose Summary: CDFG Model
============================================================
IsTopModel: 0
ResetActiveHigh: 1
IsCombinational: 2
IsDatapathOnly: 0
HasWiredReturn: 1
HasMFsm: 2
HasVarLatency: 1
IsPipeline: 0
IsRtlPipelined: 0
IsInstanceOverlapped: 0
IsDontTouch: 0
HasImplIP: 0
IsGatedGlobalClock: 0

+ Individual pipeline summary: 
  * Pipeline-0: initiation interval (II) = 1, depth = 2


============================================================
+ Verbose Summary: Schedule
============================================================
* Number of FSM states : 2
* Pipeline : 1
  Pipeline-0 : II = 1, D = 2, States = { 1 2 }
* Dataflow Pipeline: 0

* FSM state transitions: 
1 --> 2 
2 --> 

* FSM state operations: 

State 1 <SV = 0> <Delay = 1.99>
ST_1 : Operation 5 [1/1] (0.00ns)   --->   "%i_02 = alloca i32 1"   --->   Operation 5 'alloca' 'i_02' <Predicate = true> <Delay = 0.00>
ST_1 : Operation 6 [1/1] (0.00ns)   --->   "%h = alloca i32 1"   --->   Operation 6 'alloca' 'h' <Predicate = true> <Delay = 0.00>
ST_1 : Operation 7 [1/1] (0.00ns)   --->   "%indvar_flatten = alloca i32 1"   --->   Operation 7 'alloca' 'indvar_flatten' <Predicate = true> <Delay = 0.00>
ST_1 : Operation 8 [1/1] (0.00ns)   --->   "%indvar_flatten13 = alloca i32 1"   --->   Operation 8 'alloca' 'indvar_flatten13' <Predicate = true> <Delay = 0.00>
ST_1 : Operation 9 [1/1] (0.00ns)   --->   "%specinterface_ln0 = specinterface void @_ssdm_op_SpecInterface, i8 %head_out_1, void @empty_9, i32 0, i32 0, void @empty_28, i32 0, i32 0, void @empty_28, void @empty_28, void @empty_28, i32 0, i32 0, i32 0, i32 0, void @empty_28, void @empty_28, i32 4294967295, i32 0"   --->   Operation 9 'specinterface' 'specinterface_ln0' <Predicate = true> <Delay = 0.00>
ST_1 : Operation 10 [1/1] (0.00ns)   --->   "%specinterface_ln0 = specinterface void @_ssdm_op_SpecInterface, i8 %head_out_0, void @empty_9, i32 0, i32 0, void @empty_28, i32 0, i32 0, void @empty_28, void @empty_28, void @empty_28, i32 0, i32 0, i32 0, i32 0, void @empty_28, void @empty_28, i32 4294967295, i32 0"   --->   Operation 10 'specinterface' 'specinterface_ln0' <Predicate = true> <Delay = 0.00>
ST_1 : Operation 11 [1/1] (0.00ns)   --->   "%specinterface_ln0 = specinterface void @_ssdm_op_SpecInterface, i8 %out_linear4, void @empty_9, i32 0, i32 0, void @empty_28, i32 0, i32 0, void @empty_28, void @empty_28, void @empty_28, i32 0, i32 0, i32 0, i32 0, void @empty_28, void @empty_28, i32 4294967295, i32 0"   --->   Operation 11 'specinterface' 'specinterface_ln0' <Predicate = true> <Delay = 0.00>
ST_1 : Operation 12 [1/1] (0.38ns)   --->   "%store_ln178 = store i9 0, i9 %indvar_flatten13" [/home/fede/PhD/transformer-hls/hls/src/attention/MultiHeadAttention_tiled.cpp:178]   --->   Operation 12 'store' 'store_ln178' <Predicate = true> <Delay = 0.38>
ST_1 : Operation 13 [1/1] (0.38ns)   --->   "%store_ln178 = store i6 0, i6 %indvar_flatten" [/home/fede/PhD/transformer-hls/hls/src/attention/MultiHeadAttention_tiled.cpp:178]   --->   Operation 13 'store' 'store_ln178' <Predicate = true> <Delay = 0.38>
ST_1 : Operation 14 [1/1] (0.38ns)   --->   "%store_ln178 = store i2 0, i2 %h" [/home/fede/PhD/transformer-hls/hls/src/attention/MultiHeadAttention_tiled.cpp:178]   --->   Operation 14 'store' 'store_ln178' <Predicate = true> <Delay = 0.38>
ST_1 : Operation 15 [1/1] (0.38ns)   --->   "%store_ln178 = store i4 0, i4 %i_02" [/home/fede/PhD/transformer-hls/hls/src/attention/MultiHeadAttention_tiled.cpp:178]   --->   Operation 15 'store' 'store_ln178' <Predicate = true> <Delay = 0.38>
ST_1 : Operation 16 [1/1] (0.00ns)   --->   "%br_ln178 = br void %for.inc" [/home/fede/PhD/transformer-hls/hls/src/attention/MultiHeadAttention_tiled.cpp:178]   --->   Operation 16 'br' 'br_ln178' <Predicate = true> <Delay = 0.00>
ST_1 : Operation 17 [1/1] (0.00ns)   --->   "%i_15 = load i4 %i_02" [/home/fede/PhD/transformer-hls/hls/src/attention/MultiHeadAttention_tiled.cpp:180]   --->   Operation 17 'load' 'i_15' <Predicate = true> <Delay = 0.00>
ST_1 : Operation 18 [1/1] (0.00ns)   --->   "%indvar_flatten_load = load i6 %indvar_flatten" [/home/fede/PhD/transformer-hls/hls/src/attention/MultiHeadAttention_tiled.cpp:179]   --->   Operation 18 'load' 'indvar_flatten_load' <Predicate = true> <Delay = 0.00>
ST_1 : Operation 19 [1/1] (0.00ns)   --->   "%indvar_flatten13_load = load i9 %indvar_flatten13" [/home/fede/PhD/transformer-hls/hls/src/attention/MultiHeadAttention_tiled.cpp:178]   --->   Operation 19 'load' 'indvar_flatten13_load' <Predicate = true> <Delay = 0.00>
ST_1 : Operation 20 [1/1] (0.59ns)   --->   "%icmp_ln178 = icmp_eq  i9 %indvar_flatten13_load, i9 272" [/home/fede/PhD/transformer-hls/hls/src/attention/MultiHeadAttention_tiled.cpp:178]   --->   Operation 20 'icmp' 'icmp_ln178' <Predicate = true> <Delay = 0.59> <CoreInst = "Cmp">   --->   Core 9 'Cmp' <Latency = 0> <II = 1> <Delay = 0.59> <FuncUnit> <Opcode : 'icmp'> <InPorts = 2> <OutPorts = 1>
ST_1 : Operation 21 [1/1] (0.71ns)   --->   "%add_ln178 = add i9 %indvar_flatten13_load, i9 1" [/home/fede/PhD/transformer-hls/hls/src/attention/MultiHeadAttention_tiled.cpp:178]   --->   Operation 21 'add' 'add_ln178' <Predicate = true> <Delay = 0.71> <CoreInst = "Adder">   --->   Core 1 'Adder' <Latency = 0> <II = 1> <Delay = 0.71> <FuncUnit> <Opcode : 'add' 'sub'> <InPorts = 2> <OutPorts = 1>
ST_1 : Operation 22 [1/1] (0.00ns)   --->   "%br_ln178 = br i1 %icmp_ln178, void %for.inc12, void %for.end14" [/home/fede/PhD/transformer-hls/hls/src/attention/MultiHeadAttention_tiled.cpp:178]   --->   Operation 22 'br' 'br_ln178' <Predicate = true> <Delay = 0.00>
ST_1 : Operation 23 [1/1] (0.00ns)   --->   "%h_load = load i2 %h"   --->   Operation 23 'load' 'h_load' <Predicate = (!icmp_ln178)> <Delay = 0.00>
ST_1 : Operation 24 [1/1] (0.00ns)   --->   "%specloopname_ln0 = specloopname void @_ssdm_op_SpecLoopName, void @VITIS_LOOP_178_1_VITIS_LOOP_179_2_VITIS_LOOP_180_3_str"   --->   Operation 24 'specloopname' 'specloopname_ln0' <Predicate = (!icmp_ln178)> <Delay = 0.00>
ST_1 : Operation 25 [1/1] (0.00ns)   --->   "%empty_90 = speclooptripcount i32 @_ssdm_op_SpecLoopTripCount, i64 272, i64 272, i64 272"   --->   Operation 25 'speclooptripcount' 'empty_90' <Predicate = (!icmp_ln178)> <Delay = 0.00>
ST_1 : Operation 26 [1/1] (0.61ns)   --->   "%icmp_ln179 = icmp_eq  i6 %indvar_flatten_load, i6 16" [/home/fede/PhD/transformer-hls/hls/src/attention/MultiHeadAttention_tiled.cpp:179]   --->   Operation 26 'icmp' 'icmp_ln179' <Predicate = (!icmp_ln178)> <Delay = 0.61> <CoreInst = "Cmp">   --->   Core 9 'Cmp' <Latency = 0> <II = 1> <Delay = 0.61> <FuncUnit> <Opcode : 'icmp'> <InPorts = 2> <OutPorts = 1>
ST_1 : Operation 27 [1/1] (0.27ns)   --->   "%select_ln178 = select i1 %icmp_ln179, i2 0, i2 %h_load" [/home/fede/PhD/transformer-hls/hls/src/attention/MultiHeadAttention_tiled.cpp:178]   --->   Operation 27 'select' 'select_ln178' <Predicate = (!icmp_ln178)> <Delay = 0.27> <CoreInst = "Sel">   --->   Core 73 'Sel' <Latency = 0> <II = 1> <Delay = 0.27> <FuncUnit> <Opcode : 'select'> <InPorts = 3> <OutPorts = 1>
ST_1 : Operation 28 [1/1] (0.12ns)   --->   "%xor_ln178 = xor i1 %icmp_ln179, i1 1" [/home/fede/PhD/transformer-hls/hls/src/attention/MultiHeadAttention_tiled.cpp:178]   --->   Operation 28 'xor' 'xor_ln178' <Predicate = (!icmp_ln178)> <Delay = 0.12> <CoreInst = "LogicGate">   --->   Core 74 'LogicGate' <Latency = 0> <II = 1> <Delay = 0.12> <FuncUnit> <Opcode : 'and' 'or' 'xor'> <InPorts = 2> <OutPorts = 1>
ST_1 : Operation 29 [1/1] (0.00ns) (grouped into LUT with out node select_ln179)   --->   "%empty_91 = trunc i2 %h_load"   --->   Operation 29 'trunc' 'empty_91' <Predicate = (!icmp_ln178)> <Delay = 0.00>
ST_1 : Operation 30 [1/1] (0.00ns) (grouped into LUT with out node select_ln179)   --->   "%and_ln178 = and i1 %empty_91, i1 %xor_ln178" [/home/fede/PhD/transformer-hls/hls/src/attention/MultiHeadAttention_tiled.cpp:178]   --->   Operation 30 'and' 'and_ln178' <Predicate = (!icmp_ln178)> <Delay = 0.00> <CoreInst = "LogicGate">   --->   Core 74 'LogicGate' <Latency = 0> <II = 1> <Delay = 0.12> <FuncUnit> <Opcode : 'and' 'or' 'xor'> <InPorts = 2> <OutPorts = 1>
ST_1 : Operation 31 [1/1] (0.65ns)   --->   "%icmp_ln180 = icmp_eq  i4 %i_15, i4 8" [/home/fede/PhD/transformer-hls/hls/src/attention/MultiHeadAttention_tiled.cpp:180]   --->   Operation 31 'icmp' 'icmp_ln180' <Predicate = (!icmp_ln178)> <Delay = 0.65> <CoreInst = "Cmp">   --->   Core 9 'Cmp' <Latency = 0> <II = 1> <Delay = 0.65> <FuncUnit> <Opcode : 'icmp'> <InPorts = 2> <OutPorts = 1>
ST_1 : Operation 32 [1/1] (0.12ns)   --->   "%and_ln178_1 = and i1 %icmp_ln180, i1 %xor_ln178" [/home/fede/PhD/transformer-hls/hls/src/attention/MultiHeadAttention_tiled.cpp:178]   --->   Operation 32 'and' 'and_ln178_1' <Predicate = (!icmp_ln178)> <Delay = 0.12> <CoreInst = "LogicGate">   --->   Core 74 'LogicGate' <Latency = 0> <II = 1> <Delay = 0.12> <FuncUnit> <Opcode : 'and' 'or' 'xor'> <InPorts = 2> <OutPorts = 1>
ST_1 : Operation 33 [1/1] (0.43ns)   --->   "%add_ln179 = add i2 %select_ln178, i2 1" [/home/fede/PhD/transformer-hls/hls/src/attention/MultiHeadAttention_tiled.cpp:179]   --->   Operation 33 'add' 'add_ln179' <Predicate = (!icmp_ln178)> <Delay = 0.43> <CoreInst = "Adder">   --->   Core 1 'Adder' <Latency = 0> <II = 1> <Delay = 0.43> <FuncUnit> <Opcode : 'add' 'sub'> <InPorts = 2> <OutPorts = 1>
ST_1 : Operation 34 [1/1] (0.00ns)   --->   "%specloopname_ln0 = specloopname void @_ssdm_op_SpecLoopName, void @VITIS_LOOP_179_2_VITIS_LOOP_180_3_str"   --->   Operation 34 'specloopname' 'specloopname_ln0' <Predicate = (!icmp_ln178)> <Delay = 0.00>
ST_1 : Operation 35 [1/1] (0.00ns) (grouped into LUT with out node select_ln179)   --->   "%empty_92 = trunc i2 %add_ln179" [/home/fede/PhD/transformer-hls/hls/src/attention/MultiHeadAttention_tiled.cpp:179]   --->   Operation 35 'trunc' 'empty_92' <Predicate = (!icmp_ln178)> <Delay = 0.00>
ST_1 : Operation 36 [1/1] (0.27ns) (out node of the LUT)   --->   "%select_ln179 = select i1 %and_ln178_1, i1 %empty_92, i1 %and_ln178" [/home/fede/PhD/transformer-hls/hls/src/attention/MultiHeadAttention_tiled.cpp:179]   --->   Operation 36 'select' 'select_ln179' <Predicate = (!icmp_ln178)> <Delay = 0.27> <CoreInst = "Sel">   --->   Core 73 'Sel' <Latency = 0> <II = 1> <Delay = 0.27> <FuncUnit> <Opcode : 'select'> <InPorts = 3> <OutPorts = 1>
ST_1 : Operation 37 [1/1] (0.27ns)   --->   "%select_ln179_1 = select i1 %and_ln178_1, i2 %add_ln179, i2 %select_ln178" [/home/fede/PhD/transformer-hls/hls/src/attention/MultiHeadAttention_tiled.cpp:179]   --->   Operation 37 'select' 'select_ln179_1' <Predicate = (!icmp_ln178)> <Delay = 0.27> <CoreInst = "Sel">   --->   Core 73 'Sel' <Latency = 0> <II = 1> <Delay = 0.27> <FuncUnit> <Opcode : 'select'> <InPorts = 3> <OutPorts = 1>
ST_1 : Operation 38 [1/1] (0.00ns)   --->   "%specpipeline_ln181 = specpipeline void @_ssdm_op_SpecPipeline, i32 1, i32 0, i32 0, i32 0, void @empty_28" [/home/fede/PhD/transformer-hls/hls/src/attention/MultiHeadAttention_tiled.cpp:181]   --->   Operation 38 'specpipeline' 'specpipeline_ln181' <Predicate = (!icmp_ln178)> <Delay = 0.00>
ST_1 : Operation 39 [1/1] (0.00ns)   --->   "%specloopname_ln180 = specloopname void @_ssdm_op_SpecLoopName, void @empty_21" [/home/fede/PhD/transformer-hls/hls/src/attention/MultiHeadAttention_tiled.cpp:180]   --->   Operation 39 'specloopname' 'specloopname_ln180' <Predicate = (!icmp_ln178)> <Delay = 0.00>
ST_1 : Operation 40 [1/1] (0.00ns)   --->   "%br_ln182 = br i1 %select_ln179, void %V.i.i11.case.0, void %V.i.i11.case.1" [/home/fede/PhD/transformer-hls/hls/src/attention/MultiHeadAttention_tiled.cpp:182]   --->   Operation 40 'br' 'br_ln182' <Predicate = (!icmp_ln178)> <Delay = 0.00>
ST_1 : Operation 41 [1/1] (0.70ns)   --->   "%add_ln180 = add i4 %i_15, i4 1" [/home/fede/PhD/transformer-hls/hls/src/attention/MultiHeadAttention_tiled.cpp:180]   --->   Operation 41 'add' 'add_ln180' <Predicate = (!icmp_ln178)> <Delay = 0.70> <CoreInst = "Adder">   --->   Core 1 'Adder' <Latency = 0> <II = 1> <Delay = 0.70> <FuncUnit> <Opcode : 'add' 'sub'> <InPorts = 2> <OutPorts = 1>
ST_1 : Operation 42 [1/1] (0.00ns) (grouped into LUT with out node i)   --->   "%or_ln180 = or i1 %and_ln178_1, i1 %icmp_ln179" [/home/fede/PhD/transformer-hls/hls/src/attention/MultiHeadAttention_tiled.cpp:180]   --->   Operation 42 'or' 'or_ln180' <Predicate = (!icmp_ln178)> <Delay = 0.00> <CoreInst = "LogicGate">   --->   Core 74 'LogicGate' <Latency = 0> <II = 1> <Delay = 0.12> <FuncUnit> <Opcode : 'and' 'or' 'xor'> <InPorts = 2> <OutPorts = 1>
ST_1 : Operation 43 [1/1] (0.35ns) (out node of the LUT)   --->   "%i = select i1 %or_ln180, i4 1, i4 %add_ln180" [/home/fede/PhD/transformer-hls/hls/src/attention/MultiHeadAttention_tiled.cpp:180]   --->   Operation 43 'select' 'i' <Predicate = (!icmp_ln178)> <Delay = 0.35> <CoreInst = "Sel">   --->   Core 73 'Sel' <Latency = 0> <II = 1> <Delay = 0.35> <FuncUnit> <Opcode : 'select'> <InPorts = 3> <OutPorts = 1>
ST_1 : Operation 44 [1/1] (0.70ns)   --->   "%add_ln179_1 = add i6 %indvar_flatten_load, i6 1" [/home/fede/PhD/transformer-hls/hls/src/attention/MultiHeadAttention_tiled.cpp:179]   --->   Operation 44 'add' 'add_ln179_1' <Predicate = (!icmp_ln178)> <Delay = 0.70> <CoreInst = "Adder">   --->   Core 1 'Adder' <Latency = 0> <II = 1> <Delay = 0.70> <FuncUnit> <Opcode : 'add' 'sub'> <InPorts = 2> <OutPorts = 1>
ST_1 : Operation 45 [1/1] (0.29ns)   --->   "%select_ln179_2 = select i1 %icmp_ln179, i6 1, i6 %add_ln179_1" [/home/fede/PhD/transformer-hls/hls/src/attention/MultiHeadAttention_tiled.cpp:179]   --->   Operation 45 'select' 'select_ln179_2' <Predicate = (!icmp_ln178)> <Delay = 0.29> <CoreInst = "Sel">   --->   Core 73 'Sel' <Latency = 0> <II = 1> <Delay = 0.29> <FuncUnit> <Opcode : 'select'> <InPorts = 3> <OutPorts = 1>
ST_1 : Operation 46 [1/1] (0.38ns)   --->   "%store_ln180 = store i9 %add_ln178, i9 %indvar_flatten13" [/home/fede/PhD/transformer-hls/hls/src/attention/MultiHeadAttention_tiled.cpp:180]   --->   Operation 46 'store' 'store_ln180' <Predicate = (!icmp_ln178)> <Delay = 0.38>
ST_1 : Operation 47 [1/1] (0.38ns)   --->   "%store_ln180 = store i6 %select_ln179_2, i6 %indvar_flatten" [/home/fede/PhD/transformer-hls/hls/src/attention/MultiHeadAttention_tiled.cpp:180]   --->   Operation 47 'store' 'store_ln180' <Predicate = (!icmp_ln178)> <Delay = 0.38>
ST_1 : Operation 48 [1/1] (0.38ns)   --->   "%store_ln180 = store i2 %select_ln179_1, i2 %h" [/home/fede/PhD/transformer-hls/hls/src/attention/MultiHeadAttention_tiled.cpp:180]   --->   Operation 48 'store' 'store_ln180' <Predicate = (!icmp_ln178)> <Delay = 0.38>
ST_1 : Operation 49 [1/1] (0.38ns)   --->   "%store_ln180 = store i4 %i, i4 %i_02" [/home/fede/PhD/transformer-hls/hls/src/attention/MultiHeadAttention_tiled.cpp:180]   --->   Operation 49 'store' 'store_ln180' <Predicate = (!icmp_ln178)> <Delay = 0.38>
ST_1 : Operation 57 [1/1] (0.00ns)   --->   "%ret_ln186 = ret" [/home/fede/PhD/transformer-hls/hls/src/attention/MultiHeadAttention_tiled.cpp:186]   --->   Operation 57 'ret' 'ret_ln186' <Predicate = (icmp_ln178)> <Delay = 0.00>

State 2 <SV = 1> <Delay = 3.11>
ST_2 : Operation 50 [1/1] (1.36ns)   --->   "%head_out_0_read = read i8 @_ssdm_op_Read.ap_fifo.volatile.i8P0A, i8 %head_out_0" [/home/fede/PhD/transformer-hls/hls/src/attention/MultiHeadAttention_tiled.cpp:182]   --->   Operation 50 'read' 'head_out_0_read' <Predicate = (!icmp_ln178 & !select_ln179)> <Delay = 1.36> <CoreInst = "FIFO_SRL">   --->   Core 81 'FIFO_SRL' <Latency = 0> <II = 1> <Delay = 1.36> <Storage> <Opcode : 'read' 'write' 'nbread' 'nbwrite'> <Ports = 0> <Width = 8> <Depth = 2> <FIFO>
ST_2 : Operation 51 [1/1] (0.38ns)   --->   "%br_ln182 = br void %V.i.i11.exit" [/home/fede/PhD/transformer-hls/hls/src/attention/MultiHeadAttention_tiled.cpp:182]   --->   Operation 51 'br' 'br_ln182' <Predicate = (!icmp_ln178 & !select_ln179)> <Delay = 0.38>
ST_2 : Operation 52 [1/1] (1.36ns)   --->   "%head_out_1_read = read i8 @_ssdm_op_Read.ap_fifo.volatile.i8P0A, i8 %head_out_1" [/home/fede/PhD/transformer-hls/hls/src/attention/MultiHeadAttention_tiled.cpp:182]   --->   Operation 52 'read' 'head_out_1_read' <Predicate = (!icmp_ln178 & select_ln179)> <Delay = 1.36> <CoreInst = "FIFO_SRL">   --->   Core 81 'FIFO_SRL' <Latency = 0> <II = 1> <Delay = 1.36> <Storage> <Opcode : 'read' 'write' 'nbread' 'nbwrite'> <Ports = 0> <Width = 8> <Depth = 2> <FIFO>
ST_2 : Operation 53 [1/1] (0.38ns)   --->   "%br_ln182 = br void %V.i.i11.exit" [/home/fede/PhD/transformer-hls/hls/src/attention/MultiHeadAttention_tiled.cpp:182]   --->   Operation 53 'br' 'br_ln182' <Predicate = (!icmp_ln178 & select_ln179)> <Delay = 0.38>
ST_2 : Operation 54 [1/1] (0.00ns)   --->   "%empty = phi i8 %head_out_0_read, void %V.i.i11.case.0, i8 %head_out_1_read, void %V.i.i11.case.1" [/home/fede/PhD/transformer-hls/hls/src/attention/MultiHeadAttention_tiled.cpp:182]   --->   Operation 54 'phi' 'empty' <Predicate = true> <Delay = 0.00>
ST_2 : Operation 55 [1/1] (1.36ns)   --->   "%write_ln182 = write void @_ssdm_op_Write.ap_fifo.volatile.i8P0A, i8 %out_linear4, i8 %empty" [/home/fede/PhD/transformer-hls/hls/src/attention/MultiHeadAttention_tiled.cpp:182]   --->   Operation 55 'write' 'write_ln182' <Predicate = true> <Delay = 1.36> <CoreInst = "FIFO_SRL">   --->   Core 81 'FIFO_SRL' <Latency = 0> <II = 1> <Delay = 1.36> <Storage> <Opcode : 'read' 'write' 'nbread' 'nbwrite'> <Ports = 0> <Width = 8> <Depth = 2> <FIFO>
ST_2 : Operation 56 [1/1] (0.00ns)   --->   "%br_ln180 = br void %for.inc" [/home/fede/PhD/transformer-hls/hls/src/attention/MultiHeadAttention_tiled.cpp:180]   --->   Operation 56 'br' 'br_ln180' <Predicate = true> <Delay = 0.00>


============================================================
+ Verbose Summary: Binding
============================================================
STG Binding: 
---------------- STG Properties BEGIN ----------------
- Is combinational: 0
- Is one-state seq: 0
- Is datapath-only: 0
- Is pipelined: 0
- Is top level: 0
Port [ Return ] is wired: 1; IO mode=ap_ctrl_hs:ce=0
Port [ head_out_0]:  wired=1; compound=1; hidden=0; nouse=0; global=0; static=0; extern=0; dir=0; type=3; pingpong=0; private_global=0; IO mode=ap_fifo:ce=0
Port [ head_out_1]:  wired=1; compound=1; hidden=0; nouse=0; global=0; static=0; extern=0; dir=0; type=3; pingpong=0; private_global=0; IO mode=ap_fifo:ce=0
Port [ out_linear4]:  wired=1; compound=1; hidden=0; nouse=0; global=0; static=0; extern=0; dir=1; type=3; pingpong=0; private_global=0; IO mode=ap_fifo:ce=0
---------------- STG Properties END ------------------

---------------- Datapath Model BEGIN ----------------

<LifeTime>
<method=bitvector/>
i_02                  (alloca           ) [ 010]
h                     (alloca           ) [ 010]
indvar_flatten        (alloca           ) [ 010]
indvar_flatten13      (alloca           ) [ 010]
specinterface_ln0     (specinterface    ) [ 000]
specinterface_ln0     (specinterface    ) [ 000]
specinterface_ln0     (specinterface    ) [ 000]
store_ln178           (store            ) [ 000]
store_ln178           (store            ) [ 000]
store_ln178           (store            ) [ 000]
store_ln178           (store            ) [ 000]
br_ln178              (br               ) [ 000]
i_15                  (load             ) [ 000]
indvar_flatten_load   (load             ) [ 000]
indvar_flatten13_load (load             ) [ 000]
icmp_ln178            (icmp             ) [ 011]
add_ln178             (add              ) [ 000]
br_ln178              (br               ) [ 000]
h_load                (load             ) [ 000]
specloopname_ln0      (specloopname     ) [ 000]
empty_90              (speclooptripcount) [ 000]
icmp_ln179            (icmp             ) [ 000]
select_ln178          (select           ) [ 000]
xor_ln178             (xor              ) [ 000]
empty_91              (trunc            ) [ 000]
and_ln178             (and              ) [ 000]
icmp_ln180            (icmp             ) [ 000]
and_ln178_1           (and              ) [ 000]
add_ln179             (add              ) [ 000]
specloopname_ln0      (specloopname     ) [ 000]
empty_92              (trunc            ) [ 000]
select_ln179          (select           ) [ 011]
select_ln179_1        (select           ) [ 000]
specpipeline_ln181    (specpipeline     ) [ 000]
specloopname_ln180    (specloopname     ) [ 000]
br_ln182              (br               ) [ 000]
add_ln180             (add              ) [ 000]
or_ln180              (or               ) [ 000]
i                     (select           ) [ 000]
add_ln179_1           (add              ) [ 000]
select_ln179_2        (select           ) [ 000]
store_ln180           (store            ) [ 000]
store_ln180           (store            ) [ 000]
store_ln180           (store            ) [ 000]
store_ln180           (store            ) [ 000]
head_out_0_read       (read             ) [ 000]
br_ln182              (br               ) [ 000]
head_out_1_read       (read             ) [ 000]
br_ln182              (br               ) [ 000]
empty                 (phi              ) [ 000]
write_ln182           (write            ) [ 000]
br_ln180              (br               ) [ 000]
ret_ln186             (ret              ) [ 000]
</LifeTime>

<model>

<comp_list>
<comp id="0" class="1000" name="head_out_0">
<pin_list>
<pin id="1" dir="1" index="0" bw="1" slack="0"/>
</pin_list>
<bind>
<StgValue><ssdm name="head_out_0"/></StgValue>
</bind>
</comp>

<comp id="2" class="1000" name="head_out_1">
<pin_list>
<pin id="3" dir="1" index="0" bw="1" slack="0"/>
</pin_list>
<bind>
<StgValue><ssdm name="head_out_1"/></StgValue>
</bind>
</comp>

<comp id="4" class="1000" name="out_linear4">
<pin_list>
<pin id="5" dir="1" index="0" bw="1" slack="0"/>
</pin_list>
<bind>
<StgValue><ssdm name="out_linear4"/></StgValue>
</bind>
</comp>

<comp id="6" class="1001" name="const_6">
<pin_list>
<pin id="7" dir="1" index="0" bw="1" slack="0"/>
</pin_list>
<bind>
<StgValue><ssdm name=""/></StgValue>
</bind>
</comp>

<comp id="8" class="1001" name="const_8">
<pin_list>
<pin id="9" dir="1" index="0" bw="1" slack="2147483647"/>
</pin_list>
<bind>
<StgValue><ssdm name="_ssdm_op_SpecInterface"/></StgValue>
</bind>
</comp>

<comp id="10" class="1001" name="const_10">
<pin_list>
<pin id="11" dir="1" index="0" bw="1" slack="2147483647"/>
</pin_list>
<bind>
<StgValue><ssdm name="empty_9"/></StgValue>
</bind>
</comp>

<comp id="12" class="1001" name="const_12">
<pin_list>
<pin id="13" dir="1" index="0" bw="1" slack="2147483647"/>
</pin_list>
<bind>
<StgValue><ssdm name=""/></StgValue>
</bind>
</comp>

<comp id="14" class="1001" name="const_14">
<pin_list>
<pin id="15" dir="1" index="0" bw="1" slack="2147483647"/>
</pin_list>
<bind>
<StgValue><ssdm name="empty_28"/></StgValue>
</bind>
</comp>

<comp id="16" class="1001" name="const_16">
<pin_list>
<pin id="17" dir="1" index="0" bw="1" slack="2147483647"/>
</pin_list>
<bind>
<StgValue><ssdm name=""/></StgValue>
</bind>
</comp>

<comp id="18" class="1001" name="const_18">
<pin_list>
<pin id="19" dir="1" index="0" bw="1" slack="0"/>
</pin_list>
<bind>
<StgValue><ssdm name=""/></StgValue>
</bind>
</comp>

<comp id="20" class="1001" name="const_20">
<pin_list>
<pin id="21" dir="1" index="0" bw="1" slack="0"/>
</pin_list>
<bind>
<StgValue><ssdm name=""/></StgValue>
</bind>
</comp>

<comp id="22" class="1001" name="const_22">
<pin_list>
<pin id="23" dir="1" index="0" bw="1" slack="0"/>
</pin_list>
<bind>
<StgValue><ssdm name=""/></StgValue>
</bind>
</comp>

<comp id="24" class="1001" name="const_24">
<pin_list>
<pin id="25" dir="1" index="0" bw="1" slack="0"/>
</pin_list>
<bind>
<StgValue><ssdm name=""/></StgValue>
</bind>
</comp>

<comp id="26" class="1001" name="const_26">
<pin_list>
<pin id="27" dir="1" index="0" bw="1" slack="0"/>
</pin_list>
<bind>
<StgValue><ssdm name=""/></StgValue>
</bind>
</comp>

<comp id="28" class="1001" name="const_28">
<pin_list>
<pin id="29" dir="1" index="0" bw="1" slack="0"/>
</pin_list>
<bind>
<StgValue><ssdm name=""/></StgValue>
</bind>
</comp>

<comp id="30" class="1001" name="const_30">
<pin_list>
<pin id="31" dir="1" index="0" bw="1" slack="2147483647"/>
</pin_list>
<bind>
<StgValue><ssdm name="_ssdm_op_SpecLoopName"/></StgValue>
</bind>
</comp>

<comp id="32" class="1001" name="const_32">
<pin_list>
<pin id="33" dir="1" index="0" bw="1" slack="2147483647"/>
</pin_list>
<bind>
<StgValue><ssdm name="VITIS_LOOP_178_1_VITIS_LOOP_179_2_VITIS_LOOP_180_3_str"/></StgValue>
</bind>
</comp>

<comp id="34" class="1001" name="const_34">
<pin_list>
<pin id="35" dir="1" index="0" bw="1" slack="2147483647"/>
</pin_list>
<bind>
<StgValue><ssdm name="_ssdm_op_SpecLoopTripCount"/></StgValue>
</bind>
</comp>

<comp id="36" class="1001" name="const_36">
<pin_list>
<pin id="37" dir="1" index="0" bw="1" slack="2147483647"/>
</pin_list>
<bind>
<StgValue><ssdm name=""/></StgValue>
</bind>
</comp>

<comp id="38" class="1001" name="const_38">
<pin_list>
<pin id="39" dir="1" index="0" bw="1" slack="0"/>
</pin_list>
<bind>
<StgValue><ssdm name=""/></StgValue>
</bind>
</comp>

<comp id="40" class="1001" name="const_40">
<pin_list>
<pin id="41" dir="1" index="0" bw="1" slack="0"/>
</pin_list>
<bind>
<StgValue><ssdm name=""/></StgValue>
</bind>
</comp>

<comp id="42" class="1001" name="const_42">
<pin_list>
<pin id="43" dir="1" index="0" bw="1" slack="0"/>
</pin_list>
<bind>
<StgValue><ssdm name=""/></StgValue>
</bind>
</comp>

<comp id="44" class="1001" name="const_44">
<pin_list>
<pin id="45" dir="1" index="0" bw="1" slack="0"/>
</pin_list>
<bind>
<StgValue><ssdm name=""/></StgValue>
</bind>
</comp>

<comp id="46" class="1001" name="const_46">
<pin_list>
<pin id="47" dir="1" index="0" bw="1" slack="2147483647"/>
</pin_list>
<bind>
<StgValue><ssdm name="VITIS_LOOP_179_2_VITIS_LOOP_180_3_str"/></StgValue>
</bind>
</comp>

<comp id="48" class="1001" name="const_48">
<pin_list>
<pin id="49" dir="1" index="0" bw="1" slack="2147483647"/>
</pin_list>
<bind>
<StgValue><ssdm name="_ssdm_op_SpecPipeline"/></StgValue>
</bind>
</comp>

<comp id="50" class="1001" name="const_50">
<pin_list>
<pin id="51" dir="1" index="0" bw="1" slack="2147483647"/>
</pin_list>
<bind>
<StgValue><ssdm name="empty_21"/></StgValue>
</bind>
</comp>

<comp id="52" class="1001" name="const_52">
<pin_list>
<pin id="53" dir="1" index="0" bw="1" slack="0"/>
</pin_list>
<bind>
<StgValue><ssdm name=""/></StgValue>
</bind>
</comp>

<comp id="54" class="1001" name="const_54">
<pin_list>
<pin id="55" dir="1" index="0" bw="1" slack="0"/>
</pin_list>
<bind>
<StgValue><ssdm name=""/></StgValue>
</bind>
</comp>

<comp id="56" class="1001" name="const_56">
<pin_list>
<pin id="57" dir="1" index="0" bw="1" slack="0"/>
</pin_list>
<bind>
<StgValue><ssdm name="_ssdm_op_Read.ap_fifo.volatile.i8P0A"/></StgValue>
</bind>
</comp>

<comp id="58" class="1001" name="const_58">
<pin_list>
<pin id="59" dir="1" index="0" bw="1" slack="0"/>
</pin_list>
<bind>
<StgValue><ssdm name="_ssdm_op_Write.ap_fifo.volatile.i8P0A"/></StgValue>
</bind>
</comp>

<comp id="60" class="1004" name="i_02_fu_60">
<pin_list>
<pin id="61" dir="0" index="0" bw="1" slack="0"/>
<pin id="62" dir="1" index="1" bw="4" slack="0"/>
</pin_list>
<bind>
<opcode="alloca(26) " fcode="alloca"/>
<opset="i_02/1 "/>
</bind>
</comp>

<comp id="64" class="1004" name="h_fu_64">
<pin_list>
<pin id="65" dir="0" index="0" bw="1" slack="0"/>
<pin id="66" dir="1" index="1" bw="2" slack="0"/>
</pin_list>
<bind>
<opcode="alloca(26) " fcode="alloca"/>
<opset="h/1 "/>
</bind>
</comp>

<comp id="68" class="1004" name="indvar_flatten_fu_68">
<pin_list>
<pin id="69" dir="0" index="0" bw="1" slack="0"/>
<pin id="70" dir="1" index="1" bw="6" slack="0"/>
</pin_list>
<bind>
<opcode="alloca(26) " fcode="alloca"/>
<opset="indvar_flatten/1 "/>
</bind>
</comp>

<comp id="72" class="1004" name="indvar_flatten13_fu_72">
<pin_list>
<pin id="73" dir="0" index="0" bw="1" slack="0"/>
<pin id="74" dir="1" index="1" bw="9" slack="0"/>
</pin_list>
<bind>
<opcode="alloca(26) " fcode="alloca"/>
<opset="indvar_flatten13/1 "/>
</bind>
</comp>

<comp id="76" class="1004" name="head_out_0_read_read_fu_76">
<pin_list>
<pin id="77" dir="0" index="0" bw="8" slack="0"/>
<pin id="78" dir="0" index="1" bw="8" slack="0"/>
<pin id="79" dir="1" index="2" bw="8" slack="0"/>
</pin_list>
<bind>
<opcode="read(1150) " fcode="read"/>
<opset="head_out_0_read/2 "/>
</bind>
</comp>

<comp id="82" class="1004" name="head_out_1_read_read_fu_82">
<pin_list>
<pin id="83" dir="0" index="0" bw="8" slack="0"/>
<pin id="84" dir="0" index="1" bw="8" slack="0"/>
<pin id="85" dir="1" index="2" bw="8" slack="0"/>
</pin_list>
<bind>
<opcode="read(1150) " fcode="read"/>
<opset="head_out_1_read/2 "/>
</bind>
</comp>

<comp id="88" class="1004" name="write_ln182_write_fu_88">
<pin_list>
<pin id="89" dir="0" index="0" bw="0" slack="0"/>
<pin id="90" dir="0" index="1" bw="8" slack="0"/>
<pin id="91" dir="0" index="2" bw="8" slack="0"/>
<pin id="92" dir="1" index="3" bw="0" slack="2147483647"/>
</pin_list>
<bind>
<opcode="write(1151) " fcode="write"/>
<opset="write_ln182/2 "/>
</bind>
</comp>

<comp id="95" class="1005" name="empty_reg_95">
<pin_list>
<pin id="96" dir="0" index="0" bw="8" slack="2147483647"/>
<pin id="97" dir="1" index="1" bw="8" slack="2147483647"/>
</pin_list>
<bind>
<opset="empty (phireg) "/>
</bind>
</comp>

<comp id="98" class="1004" name="empty_phi_fu_98">
<pin_list>
<pin id="99" dir="0" index="0" bw="8" slack="0"/>
<pin id="100" dir="0" index="1" bw="0" slack="2147483647"/>
<pin id="101" dir="0" index="2" bw="8" slack="0"/>
<pin id="102" dir="0" index="3" bw="0" slack="2147483647"/>
<pin id="103" dir="1" index="4" bw="8" slack="0"/>
</pin_list>
<bind>
<opcode="phi(47) " fcode="phi"/>
<opset="empty/2 "/>
</bind>
</comp>

<comp id="107" class="1004" name="store_ln178_store_fu_107">
<pin_list>
<pin id="108" dir="0" index="0" bw="1" slack="0"/>
<pin id="109" dir="0" index="1" bw="9" slack="0"/>
<pin id="110" dir="1" index="2" bw="0" slack="2147483647"/>
</pin_list>
<bind>
<opcode="store(28) " fcode="store"/>
<opset="store_ln178/1 "/>
</bind>
</comp>

<comp id="112" class="1004" name="store_ln178_store_fu_112">
<pin_list>
<pin id="113" dir="0" index="0" bw="1" slack="0"/>
<pin id="114" dir="0" index="1" bw="6" slack="0"/>
<pin id="115" dir="1" index="2" bw="0" slack="2147483647"/>
</pin_list>
<bind>
<opcode="store(28) " fcode="store"/>
<opset="store_ln178/1 "/>
</bind>
</comp>

<comp id="117" class="1004" name="store_ln178_store_fu_117">
<pin_list>
<pin id="118" dir="0" index="0" bw="1" slack="0"/>
<pin id="119" dir="0" index="1" bw="2" slack="0"/>
<pin id="120" dir="1" index="2" bw="0" slack="2147483647"/>
</pin_list>
<bind>
<opcode="store(28) " fcode="store"/>
<opset="store_ln178/1 "/>
</bind>
</comp>

<comp id="122" class="1004" name="store_ln178_store_fu_122">
<pin_list>
<pin id="123" dir="0" index="0" bw="1" slack="0"/>
<pin id="124" dir="0" index="1" bw="4" slack="0"/>
<pin id="125" dir="1" index="2" bw="0" slack="2147483647"/>
</pin_list>
<bind>
<opcode="store(28) " fcode="store"/>
<opset="store_ln178/1 "/>
</bind>
</comp>

<comp id="127" class="1004" name="i_15_load_fu_127">
<pin_list>
<pin id="128" dir="0" index="0" bw="4" slack="0"/>
<pin id="129" dir="1" index="1" bw="4" slack="0"/>
</pin_list>
<bind>
<opcode="load(27) " fcode="load"/>
<opset="i_15/1 "/>
</bind>
</comp>

<comp id="130" class="1004" name="indvar_flatten_load_load_fu_130">
<pin_list>
<pin id="131" dir="0" index="0" bw="6" slack="0"/>
<pin id="132" dir="1" index="1" bw="6" slack="0"/>
</pin_list>
<bind>
<opcode="load(27) " fcode="load"/>
<opset="indvar_flatten_load/1 "/>
</bind>
</comp>

<comp id="133" class="1004" name="indvar_flatten13_load_load_fu_133">
<pin_list>
<pin id="134" dir="0" index="0" bw="9" slack="0"/>
<pin id="135" dir="1" index="1" bw="9" slack="0"/>
</pin_list>
<bind>
<opcode="load(27) " fcode="load"/>
<opset="indvar_flatten13_load/1 "/>
</bind>
</comp>

<comp id="136" class="1004" name="icmp_ln178_fu_136">
<pin_list>
<pin id="137" dir="0" index="0" bw="9" slack="0"/>
<pin id="138" dir="0" index="1" bw="9" slack="0"/>
<pin id="139" dir="1" index="2" bw="1" slack="1"/>
</pin_list>
<bind>
<opcode="icmp(45) " fcode="icmp"/>
<opset="icmp_ln178/1 "/>
</bind>
</comp>

<comp id="142" class="1004" name="add_ln178_fu_142">
<pin_list>
<pin id="143" dir="0" index="0" bw="9" slack="0"/>
<pin id="144" dir="0" index="1" bw="1" slack="0"/>
<pin id="145" dir="1" index="2" bw="9" slack="0"/>
</pin_list>
<bind>
<opcode="add(8) " fcode="add"/>
<opset="add_ln178/1 "/>
</bind>
</comp>

<comp id="148" class="1004" name="h_load_load_fu_148">
<pin_list>
<pin id="149" dir="0" index="0" bw="2" slack="0"/>
<pin id="150" dir="1" index="1" bw="2" slack="0"/>
</pin_list>
<bind>
<opcode="load(27) " fcode="load"/>
<opset="h_load/1 "/>
</bind>
</comp>

<comp id="151" class="1004" name="icmp_ln179_fu_151">
<pin_list>
<pin id="152" dir="0" index="0" bw="6" slack="0"/>
<pin id="153" dir="0" index="1" bw="6" slack="0"/>
<pin id="154" dir="1" index="2" bw="1" slack="0"/>
</pin_list>
<bind>
<opcode="icmp(45) " fcode="icmp"/>
<opset="icmp_ln179/1 "/>
</bind>
</comp>

<comp id="157" class="1004" name="select_ln178_fu_157">
<pin_list>
<pin id="158" dir="0" index="0" bw="1" slack="0"/>
<pin id="159" dir="0" index="1" bw="1" slack="0"/>
<pin id="160" dir="0" index="2" bw="2" slack="0"/>
<pin id="161" dir="1" index="3" bw="2" slack="0"/>
</pin_list>
<bind>
<opcode="select(49) " fcode="select"/>
<opset="select_ln178/1 "/>
</bind>
</comp>

<comp id="165" class="1004" name="xor_ln178_fu_165">
<pin_list>
<pin id="166" dir="0" index="0" bw="1" slack="0"/>
<pin id="167" dir="0" index="1" bw="1" slack="0"/>
<pin id="168" dir="1" index="2" bw="1" slack="0"/>
</pin_list>
<bind>
<opcode="xor(25) " fcode="xor"/>
<opset="xor_ln178/1 "/>
</bind>
</comp>

<comp id="171" class="1004" name="empty_91_fu_171">
<pin_list>
<pin id="172" dir="0" index="0" bw="2" slack="0"/>
<pin id="173" dir="1" index="1" bw="1" slack="0"/>
</pin_list>
<bind>
<opcode="trunc(33) " fcode="trunc"/>
<opset="empty_91/1 "/>
</bind>
</comp>

<comp id="175" class="1004" name="and_ln178_fu_175">
<pin_list>
<pin id="176" dir="0" index="0" bw="1" slack="0"/>
<pin id="177" dir="0" index="1" bw="1" slack="0"/>
<pin id="178" dir="1" index="2" bw="1" slack="0"/>
</pin_list>
<bind>
<opcode="and(23) " fcode="and"/>
<opset="and_ln178/1 "/>
</bind>
</comp>

<comp id="181" class="1004" name="icmp_ln180_fu_181">
<pin_list>
<pin id="182" dir="0" index="0" bw="4" slack="0"/>
<pin id="183" dir="0" index="1" bw="4" slack="0"/>
<pin id="184" dir="1" index="2" bw="1" slack="0"/>
</pin_list>
<bind>
<opcode="icmp(45) " fcode="icmp"/>
<opset="icmp_ln180/1 "/>
</bind>
</comp>

<comp id="187" class="1004" name="and_ln178_1_fu_187">
<pin_list>
<pin id="188" dir="0" index="0" bw="1" slack="0"/>
<pin id="189" dir="0" index="1" bw="1" slack="0"/>
<pin id="190" dir="1" index="2" bw="1" slack="0"/>
</pin_list>
<bind>
<opcode="and(23) " fcode="and"/>
<opset="and_ln178_1/1 "/>
</bind>
</comp>

<comp id="193" class="1004" name="add_ln179_fu_193">
<pin_list>
<pin id="194" dir="0" index="0" bw="2" slack="0"/>
<pin id="195" dir="0" index="1" bw="1" slack="0"/>
<pin id="196" dir="1" index="2" bw="2" slack="0"/>
</pin_list>
<bind>
<opcode="add(8) " fcode="add"/>
<opset="add_ln179/1 "/>
</bind>
</comp>

<comp id="199" class="1004" name="empty_92_fu_199">
<pin_list>
<pin id="200" dir="0" index="0" bw="2" slack="0"/>
<pin id="201" dir="1" index="1" bw="1" slack="0"/>
</pin_list>
<bind>
<opcode="trunc(33) " fcode="trunc"/>
<opset="empty_92/1 "/>
</bind>
</comp>

<comp id="203" class="1004" name="select_ln179_fu_203">
<pin_list>
<pin id="204" dir="0" index="0" bw="1" slack="0"/>
<pin id="205" dir="0" index="1" bw="1" slack="0"/>
<pin id="206" dir="0" index="2" bw="1" slack="0"/>
<pin id="207" dir="1" index="3" bw="1" slack="1"/>
</pin_list>
<bind>
<opcode="select(49) " fcode="select"/>
<opset="select_ln179/1 "/>
</bind>
</comp>

<comp id="211" class="1004" name="select_ln179_1_fu_211">
<pin_list>
<pin id="212" dir="0" index="0" bw="1" slack="0"/>
<pin id="213" dir="0" index="1" bw="2" slack="0"/>
<pin id="214" dir="0" index="2" bw="2" slack="0"/>
<pin id="215" dir="1" index="3" bw="2" slack="0"/>
</pin_list>
<bind>
<opcode="select(49) " fcode="select"/>
<opset="select_ln179_1/1 "/>
</bind>
</comp>

<comp id="219" class="1004" name="add_ln180_fu_219">
<pin_list>
<pin id="220" dir="0" index="0" bw="4" slack="0"/>
<pin id="221" dir="0" index="1" bw="1" slack="0"/>
<pin id="222" dir="1" index="2" bw="4" slack="0"/>
</pin_list>
<bind>
<opcode="add(8) " fcode="add"/>
<opset="add_ln180/1 "/>
</bind>
</comp>

<comp id="225" class="1004" name="or_ln180_fu_225">
<pin_list>
<pin id="226" dir="0" index="0" bw="1" slack="0"/>
<pin id="227" dir="0" index="1" bw="1" slack="0"/>
<pin id="228" dir="1" index="2" bw="1" slack="0"/>
</pin_list>
<bind>
<opcode="or(24) " fcode="or"/>
<opset="or_ln180/1 "/>
</bind>
</comp>

<comp id="231" class="1004" name="i_fu_231">
<pin_list>
<pin id="232" dir="0" index="0" bw="1" slack="0"/>
<pin id="233" dir="0" index="1" bw="1" slack="0"/>
<pin id="234" dir="0" index="2" bw="4" slack="0"/>
<pin id="235" dir="1" index="3" bw="4" slack="0"/>
</pin_list>
<bind>
<opcode="select(49) " fcode="select"/>
<opset="i/1 "/>
</bind>
</comp>

<comp id="239" class="1004" name="add_ln179_1_fu_239">
<pin_list>
<pin id="240" dir="0" index="0" bw="6" slack="0"/>
<pin id="241" dir="0" index="1" bw="1" slack="0"/>
<pin id="242" dir="1" index="2" bw="6" slack="0"/>
</pin_list>
<bind>
<opcode="add(8) " fcode="add"/>
<opset="add_ln179_1/1 "/>
</bind>
</comp>

<comp id="245" class="1004" name="select_ln179_2_fu_245">
<pin_list>
<pin id="246" dir="0" index="0" bw="1" slack="0"/>
<pin id="247" dir="0" index="1" bw="1" slack="0"/>
<pin id="248" dir="0" index="2" bw="6" slack="0"/>
<pin id="249" dir="1" index="3" bw="6" slack="0"/>
</pin_list>
<bind>
<opcode="select(49) " fcode="select"/>
<opset="select_ln179_2/1 "/>
</bind>
</comp>

<comp id="253" class="1004" name="store_ln180_store_fu_253">
<pin_list>
<pin id="254" dir="0" index="0" bw="9" slack="0"/>
<pin id="255" dir="0" index="1" bw="9" slack="0"/>
<pin id="256" dir="1" index="2" bw="0" slack="2147483647"/>
</pin_list>
<bind>
<opcode="store(28) " fcode="store"/>
<opset="store_ln180/1 "/>
</bind>
</comp>

<comp id="258" class="1004" name="store_ln180_store_fu_258">
<pin_list>
<pin id="259" dir="0" index="0" bw="6" slack="0"/>
<pin id="260" dir="0" index="1" bw="6" slack="0"/>
<pin id="261" dir="1" index="2" bw="0" slack="2147483647"/>
</pin_list>
<bind>
<opcode="store(28) " fcode="store"/>
<opset="store_ln180/1 "/>
</bind>
</comp>

<comp id="263" class="1004" name="store_ln180_store_fu_263">
<pin_list>
<pin id="264" dir="0" index="0" bw="2" slack="0"/>
<pin id="265" dir="0" index="1" bw="2" slack="0"/>
<pin id="266" dir="1" index="2" bw="0" slack="2147483647"/>
</pin_list>
<bind>
<opcode="store(28) " fcode="store"/>
<opset="store_ln180/1 "/>
</bind>
</comp>

<comp id="268" class="1004" name="store_ln180_store_fu_268">
<pin_list>
<pin id="269" dir="0" index="0" bw="4" slack="0"/>
<pin id="270" dir="0" index="1" bw="4" slack="0"/>
<pin id="271" dir="1" index="2" bw="0" slack="2147483647"/>
</pin_list>
<bind>
<opcode="store(28) " fcode="store"/>
<opset="store_ln180/1 "/>
</bind>
</comp>

<comp id="273" class="1005" name="i_02_reg_273">
<pin_list>
<pin id="274" dir="0" index="0" bw="4" slack="0"/>
<pin id="275" dir="1" index="1" bw="4" slack="0"/>
</pin_list>
<bind>
<opset="i_02 "/>
</bind>
</comp>

<comp id="280" class="1005" name="h_reg_280">
<pin_list>
<pin id="281" dir="0" index="0" bw="2" slack="0"/>
<pin id="282" dir="1" index="1" bw="2" slack="0"/>
</pin_list>
<bind>
<opset="h "/>
</bind>
</comp>

<comp id="287" class="1005" name="indvar_flatten_reg_287">
<pin_list>
<pin id="288" dir="0" index="0" bw="6" slack="0"/>
<pin id="289" dir="1" index="1" bw="6" slack="0"/>
</pin_list>
<bind>
<opset="indvar_flatten "/>
</bind>
</comp>

<comp id="294" class="1005" name="indvar_flatten13_reg_294">
<pin_list>
<pin id="295" dir="0" index="0" bw="9" slack="0"/>
<pin id="296" dir="1" index="1" bw="9" slack="0"/>
</pin_list>
<bind>
<opset="indvar_flatten13 "/>
</bind>
</comp>

<comp id="301" class="1005" name="icmp_ln178_reg_301">
<pin_list>
<pin id="302" dir="0" index="0" bw="1" slack="1"/>
<pin id="303" dir="1" index="1" bw="1" slack="2147483647"/>
</pin_list>
<bind>
<opset="icmp_ln178 "/>
</bind>
</comp>

<comp id="305" class="1005" name="select_ln179_reg_305">
<pin_list>
<pin id="306" dir="0" index="0" bw="1" slack="1"/>
<pin id="307" dir="1" index="1" bw="1" slack="2147483647"/>
</pin_list>
<bind>
<opset="select_ln179 "/>
</bind>
</comp>

</comp_list>

<net_list>
<net id="63"><net_src comp="6" pin="0"/><net_sink comp="60" pin=0"/></net>

<net id="67"><net_src comp="6" pin="0"/><net_sink comp="64" pin=0"/></net>

<net id="71"><net_src comp="6" pin="0"/><net_sink comp="68" pin=0"/></net>

<net id="75"><net_src comp="6" pin="0"/><net_sink comp="72" pin=0"/></net>

<net id="80"><net_src comp="56" pin="0"/><net_sink comp="76" pin=0"/></net>

<net id="81"><net_src comp="0" pin="0"/><net_sink comp="76" pin=1"/></net>

<net id="86"><net_src comp="56" pin="0"/><net_sink comp="82" pin=0"/></net>

<net id="87"><net_src comp="2" pin="0"/><net_sink comp="82" pin=1"/></net>

<net id="93"><net_src comp="58" pin="0"/><net_sink comp="88" pin=0"/></net>

<net id="94"><net_src comp="4" pin="0"/><net_sink comp="88" pin=1"/></net>

<net id="104"><net_src comp="76" pin="2"/><net_sink comp="98" pin=0"/></net>

<net id="105"><net_src comp="82" pin="2"/><net_sink comp="98" pin=2"/></net>

<net id="106"><net_src comp="98" pin="4"/><net_sink comp="88" pin=2"/></net>

<net id="111"><net_src comp="18" pin="0"/><net_sink comp="107" pin=0"/></net>

<net id="116"><net_src comp="20" pin="0"/><net_sink comp="112" pin=0"/></net>

<net id="121"><net_src comp="22" pin="0"/><net_sink comp="117" pin=0"/></net>

<net id="126"><net_src comp="24" pin="0"/><net_sink comp="122" pin=0"/></net>

<net id="140"><net_src comp="133" pin="1"/><net_sink comp="136" pin=0"/></net>

<net id="141"><net_src comp="26" pin="0"/><net_sink comp="136" pin=1"/></net>

<net id="146"><net_src comp="133" pin="1"/><net_sink comp="142" pin=0"/></net>

<net id="147"><net_src comp="28" pin="0"/><net_sink comp="142" pin=1"/></net>

<net id="155"><net_src comp="130" pin="1"/><net_sink comp="151" pin=0"/></net>

<net id="156"><net_src comp="38" pin="0"/><net_sink comp="151" pin=1"/></net>

<net id="162"><net_src comp="151" pin="2"/><net_sink comp="157" pin=0"/></net>

<net id="163"><net_src comp="22" pin="0"/><net_sink comp="157" pin=1"/></net>

<net id="164"><net_src comp="148" pin="1"/><net_sink comp="157" pin=2"/></net>

<net id="169"><net_src comp="151" pin="2"/><net_sink comp="165" pin=0"/></net>

<net id="170"><net_src comp="40" pin="0"/><net_sink comp="165" pin=1"/></net>

<net id="174"><net_src comp="148" pin="1"/><net_sink comp="171" pin=0"/></net>

<net id="179"><net_src comp="171" pin="1"/><net_sink comp="175" pin=0"/></net>

<net id="180"><net_src comp="165" pin="2"/><net_sink comp="175" pin=1"/></net>

<net id="185"><net_src comp="127" pin="1"/><net_sink comp="181" pin=0"/></net>

<net id="186"><net_src comp="42" pin="0"/><net_sink comp="181" pin=1"/></net>

<net id="191"><net_src comp="181" pin="2"/><net_sink comp="187" pin=0"/></net>

<net id="192"><net_src comp="165" pin="2"/><net_sink comp="187" pin=1"/></net>

<net id="197"><net_src comp="157" pin="3"/><net_sink comp="193" pin=0"/></net>

<net id="198"><net_src comp="44" pin="0"/><net_sink comp="193" pin=1"/></net>

<net id="202"><net_src comp="193" pin="2"/><net_sink comp="199" pin=0"/></net>

<net id="208"><net_src comp="187" pin="2"/><net_sink comp="203" pin=0"/></net>

<net id="209"><net_src comp="199" pin="1"/><net_sink comp="203" pin=1"/></net>

<net id="210"><net_src comp="175" pin="2"/><net_sink comp="203" pin=2"/></net>

<net id="216"><net_src comp="187" pin="2"/><net_sink comp="211" pin=0"/></net>

<net id="217"><net_src comp="193" pin="2"/><net_sink comp="211" pin=1"/></net>

<net id="218"><net_src comp="157" pin="3"/><net_sink comp="211" pin=2"/></net>

<net id="223"><net_src comp="127" pin="1"/><net_sink comp="219" pin=0"/></net>

<net id="224"><net_src comp="52" pin="0"/><net_sink comp="219" pin=1"/></net>

<net id="229"><net_src comp="187" pin="2"/><net_sink comp="225" pin=0"/></net>

<net id="230"><net_src comp="151" pin="2"/><net_sink comp="225" pin=1"/></net>

<net id="236"><net_src comp="225" pin="2"/><net_sink comp="231" pin=0"/></net>

<net id="237"><net_src comp="52" pin="0"/><net_sink comp="231" pin=1"/></net>

<net id="238"><net_src comp="219" pin="2"/><net_sink comp="231" pin=2"/></net>

<net id="243"><net_src comp="130" pin="1"/><net_sink comp="239" pin=0"/></net>

<net id="244"><net_src comp="54" pin="0"/><net_sink comp="239" pin=1"/></net>

<net id="250"><net_src comp="151" pin="2"/><net_sink comp="245" pin=0"/></net>

<net id="251"><net_src comp="54" pin="0"/><net_sink comp="245" pin=1"/></net>

<net id="252"><net_src comp="239" pin="2"/><net_sink comp="245" pin=2"/></net>

<net id="257"><net_src comp="142" pin="2"/><net_sink comp="253" pin=0"/></net>

<net id="262"><net_src comp="245" pin="3"/><net_sink comp="258" pin=0"/></net>

<net id="267"><net_src comp="211" pin="3"/><net_sink comp="263" pin=0"/></net>

<net id="272"><net_src comp="231" pin="3"/><net_sink comp="268" pin=0"/></net>

<net id="276"><net_src comp="60" pin="1"/><net_sink comp="273" pin=0"/></net>

<net id="277"><net_src comp="273" pin="1"/><net_sink comp="122" pin=1"/></net>

<net id="278"><net_src comp="273" pin="1"/><net_sink comp="127" pin=0"/></net>

<net id="279"><net_src comp="273" pin="1"/><net_sink comp="268" pin=1"/></net>

<net id="283"><net_src comp="64" pin="1"/><net_sink comp="280" pin=0"/></net>

<net id="284"><net_src comp="280" pin="1"/><net_sink comp="117" pin=1"/></net>

<net id="285"><net_src comp="280" pin="1"/><net_sink comp="148" pin=0"/></net>

<net id="286"><net_src comp="280" pin="1"/><net_sink comp="263" pin=1"/></net>

<net id="290"><net_src comp="68" pin="1"/><net_sink comp="287" pin=0"/></net>

<net id="291"><net_src comp="287" pin="1"/><net_sink comp="112" pin=1"/></net>

<net id="292"><net_src comp="287" pin="1"/><net_sink comp="130" pin=0"/></net>

<net id="293"><net_src comp="287" pin="1"/><net_sink comp="258" pin=1"/></net>

<net id="297"><net_src comp="72" pin="1"/><net_sink comp="294" pin=0"/></net>

<net id="298"><net_src comp="294" pin="1"/><net_sink comp="107" pin=1"/></net>

<net id="299"><net_src comp="294" pin="1"/><net_sink comp="133" pin=0"/></net>

<net id="300"><net_src comp="294" pin="1"/><net_sink comp="253" pin=1"/></net>

<net id="304"><net_src comp="136" pin="2"/><net_sink comp="301" pin=0"/></net>

<net id="308"><net_src comp="203" pin="3"/><net_sink comp="305" pin=0"/></net>

</net_list>

</model> 
---------------- Datapath Model END ------------------

* FSMD analyzer results:
  - Output states:
	Port: out_linear4 | {2 }
 - Input state : 
	Port: merge_heads : head_out_0 | {2 }
	Port: merge_heads : head_out_1 | {2 }
  - Chain level:
	State 1
		store_ln178 : 1
		store_ln178 : 1
		store_ln178 : 1
		store_ln178 : 1
		i_15 : 1
		indvar_flatten_load : 1
		indvar_flatten13_load : 1
		icmp_ln178 : 2
		add_ln178 : 2
		br_ln178 : 3
		h_load : 1
		icmp_ln179 : 2
		select_ln178 : 3
		xor_ln178 : 3
		empty_91 : 2
		and_ln178 : 3
		icmp_ln180 : 2
		and_ln178_1 : 3
		add_ln179 : 4
		empty_92 : 5
		select_ln179 : 6
		select_ln179_1 : 3
		br_ln182 : 7
		add_ln180 : 2
		or_ln180 : 3
		i : 3
		add_ln179_1 : 2
		select_ln179_2 : 3
		store_ln180 : 3
		store_ln180 : 4
		store_ln180 : 4
		store_ln180 : 4
	State 2
		empty : 1
		write_ln182 : 2


============================================================
+ Verbose Summary: Datapath Resource usage 
============================================================

* Functional unit list:
|----------|----------------------------|---------|---------|
| Operation|       Functional Unit      |    FF   |   LUT   |
|----------|----------------------------|---------|---------|
|          |      add_ln178_fu_142      |    0    |    16   |
|    add   |      add_ln179_fu_193      |    0    |    9    |
|          |      add_ln180_fu_219      |    0    |    12   |
|          |     add_ln179_1_fu_239     |    0    |    13   |
|----------|----------------------------|---------|---------|
|          |      icmp_ln178_fu_136     |    0    |    11   |
|   icmp   |      icmp_ln179_fu_151     |    0    |    10   |
|          |      icmp_ln180_fu_181     |    0    |    9    |
|----------|----------------------------|---------|---------|
|          |     select_ln178_fu_157    |    0    |    2    |
|          |     select_ln179_fu_203    |    0    |    2    |
|  select  |    select_ln179_1_fu_211   |    0    |    2    |
|          |          i_fu_231          |    0    |    4    |
|          |    select_ln179_2_fu_245   |    0    |    6    |
|----------|----------------------------|---------|---------|
|    and   |      and_ln178_fu_175      |    0    |    2    |
|          |     and_ln178_1_fu_187     |    0    |    2    |
|----------|----------------------------|---------|---------|
|    xor   |      xor_ln178_fu_165      |    0    |    2    |
|----------|----------------------------|---------|---------|
|    or    |       or_ln180_fu_225      |    0    |    2    |
|----------|----------------------------|---------|---------|
|   read   | head_out_0_read_read_fu_76 |    0    |    0    |
|          | head_out_1_read_read_fu_82 |    0    |    0    |
|----------|----------------------------|---------|---------|
|   write  |   write_ln182_write_fu_88  |    0    |    0    |
|----------|----------------------------|---------|---------|
|   trunc  |       empty_91_fu_171      |    0    |    0    |
|          |       empty_92_fu_199      |    0    |    0    |
|----------|----------------------------|---------|---------|
|   Total  |                            |    0    |   104   |
|----------|----------------------------|---------|---------|

Memories:
N/A

* Register list:
+------------------------+--------+
|                        |   FF   |
+------------------------+--------+
|      empty_reg_95      |    8   |
|        h_reg_280       |    2   |
|      i_02_reg_273      |    4   |
|   icmp_ln178_reg_301   |    1   |
|indvar_flatten13_reg_294|    9   |
| indvar_flatten_reg_287 |    6   |
|  select_ln179_reg_305  |    1   |
+------------------------+--------+
|          Total         |   31   |
+------------------------+--------+

* Multiplexer (MUX) list: 
|--------|------|------|------|--------|
|  Comp  |  Pin | Size |  BW  | S x BW |
|--------|------|------|------|--------|
|  Total |      |      |      |    0   |
|--------|------|------|------|--------|



* Summary:
+-----------+--------+--------+
|           |   FF   |   LUT  |
+-----------+--------+--------+
|  Function |    0   |   104  |
|   Memory  |    -   |    -   |
|Multiplexer|    -   |    -   |
|  Register |   31   |    -   |
+-----------+--------+--------+
|   Total   |   31   |   104  |
+-----------+--------+--------+
