

================================================================
== Vitis HLS Report for 'MLP_tiled_oc'
================================================================
* Date:           Tue Jun 23 12:33:35 2026

* Version:        2022.2 (Build 3670227 on Oct 13 2022)
* Project:        ViT_Block
* Solution:       ViT_Block (Vivado IP Flow Target)
* Product family: virtexuplus
* Target device:  xcu250-figd2104-2L-e


================================================================
== Performance Estimates
================================================================
+ Timing: 
    * Summary: 
    +--------+----------+----------+------------+
    |  Clock |  Target  | Estimated| Uncertainty|
    +--------+----------+----------+------------+
    |ap_clk  |  10.00 ns|  7.300 ns|     2.70 ns|
    +--------+----------+----------+------------+

+ Latency: 
    * Summary: 
    +---------+---------+----------+----------+-----+-----+----------+
    |  Latency (cycles) |  Latency (absolute) |  Interval | Pipeline |
    |   min   |   max   |    min   |    max   | min | max |   Type   |
    +---------+---------+----------+----------+-----+-----+----------+
    |        ?|        ?|         ?|         ?|    ?|    ?|  dataflow|
    +---------+---------+----------+----------+-----+-----+----------+

    + Detail: 
        * Instance: 
        N/A

        * Loop: 
        N/A

============================================================
+ Verbose Summary: Synthesis Manager
============================================================
InlineROM: 1
ExposeGlobal: 0
============================================================
+ Verbose Summary: CDFG Model
============================================================
IsTopModel: 0
ResetActiveHigh: 1
IsCombinational: 2
IsDatapathOnly: 0
HasWiredReturn: 1
HasMFsm: 0
HasVarLatency: 1
IsPipeline: 0
IsRtlPipelined: 0
IsInstanceOverlapped: 0
IsDontTouch: 0
HasImplIP: 0
IsGatedGlobalClock: 0


============================================================
+ Verbose Summary: Schedule
============================================================
* Number of FSM states : 6
* Pipeline : 0
* Dataflow Pipeline: 1
  DF-Pipeline-0: Size = 6, States = { 1 2 3 4 5 6 }

* FSM state transitions: 
1 --> 2 
2 --> 3 
3 --> 4 
4 --> 5 
5 --> 6 
6 --> 

* FSM state operations: 

State 1 <SV = 0> <Delay = 0.00>
ST_1 : Operation 7 [1/1] (0.00ns)   --->   "%in_w_up_read = read i64 @_ssdm_op_Read.ap_auto.i64, i64 %in_w_up"   --->   Operation 7 'read' 'in_w_up_read' <Predicate = true> <Delay = 0.00>
ST_1 : Operation 8 [1/1] (0.00ns)   --->   "%fc1 = alloca i64 1" [/home/fede/PhD/transformer-hls/hls/src/layers/MLP_tiled_oc.cpp:105]   --->   Operation 8 'alloca' 'fc1' <Predicate = true> <Delay = 0.00> <CoreInst = "FIFO_SRL">   --->   Core 81 'FIFO_SRL' <Latency = 0> <II = 1> <Delay = 1.35> <Storage> <Opcode : 'read' 'write' 'nbread' 'nbwrite'> <Ports = 0> <Width = 8> <Depth = 64> <FIFO>
ST_1 : Operation 9 [1/1] (0.00ns)   --->   "%relu = alloca i64 1" [/home/fede/PhD/transformer-hls/hls/src/layers/MLP_tiled_oc.cpp:106]   --->   Operation 9 'alloca' 'relu' <Predicate = true> <Delay = 0.00> <CoreInst = "FIFO_SRL">   --->   Core 81 'FIFO_SRL' <Latency = 0> <II = 1> <Delay = 1.35> <Storage> <Opcode : 'read' 'write' 'nbread' 'nbwrite'> <Ports = 0> <Width = 8> <Depth = 64> <FIFO>
ST_1 : Operation 10 [2/2] (0.00ns)   --->   "%call_ln120 = call void @FC1_tiled_oc_2, i8 %gmem0, i64 %in_w_up_read, i8 %norm_out_113, i8 %fc1, i13 %bias_1_0_V" [/home/fede/PhD/transformer-hls/hls/src/layers/MLP_tiled_oc.cpp:120]   --->   Operation 10 'call' 'call_ln120' <Predicate = true> <Delay = 0.00> <CoreType = "Generic">   --->   Core 0 '' <Latency = 0> <II = 1> <Delay = 1.00> <Generic> <Opcode : >

State 2 <SV = 1> <Delay = 0.00>
ST_2 : Operation 11 [1/2] (0.00ns)   --->   "%call_ln120 = call void @FC1_tiled_oc_2, i8 %gmem0, i64 %in_w_up_read, i8 %norm_out_113, i8 %fc1, i13 %bias_1_0_V" [/home/fede/PhD/transformer-hls/hls/src/layers/MLP_tiled_oc.cpp:120]   --->   Operation 11 'call' 'call_ln120' <Predicate = true> <Delay = 0.00> <CoreType = "Generic">   --->   Core 0 '' <Latency = 0> <II = 1> <Delay = 1.00> <Generic> <Opcode : >

State 3 <SV = 2> <Delay = 0.00>
ST_3 : Operation 12 [2/2] (0.00ns)   --->   "%call_ln121 = call void @Relu_tiled_oc, i8 %fc1, i8 %relu" [/home/fede/PhD/transformer-hls/hls/src/layers/MLP_tiled_oc.cpp:121]   --->   Operation 12 'call' 'call_ln121' <Predicate = true> <Delay = 0.00> <CoreType = "Generic">   --->   Core 0 '' <Latency = 0> <II = 1> <Delay = 1.00> <Generic> <Opcode : >

State 4 <SV = 3> <Delay = 0.00>
ST_4 : Operation 13 [1/2] (0.00ns)   --->   "%call_ln121 = call void @Relu_tiled_oc, i8 %fc1, i8 %relu" [/home/fede/PhD/transformer-hls/hls/src/layers/MLP_tiled_oc.cpp:121]   --->   Operation 13 'call' 'call_ln121' <Predicate = true> <Delay = 0.00> <CoreType = "Generic">   --->   Core 0 '' <Latency = 0> <II = 1> <Delay = 1.00> <Generic> <Opcode : >

State 5 <SV = 4> <Delay = 0.00>
ST_5 : Operation 14 [1/1] (0.00ns)   --->   "%in_w_down_read = read i64 @_ssdm_op_Read.ap_auto.i64, i64 %in_w_down"   --->   Operation 14 'read' 'in_w_down_read' <Predicate = true> <Delay = 0.00>
ST_5 : Operation 15 [2/2] (0.00ns)   --->   "%call_ln125 = call void @FC2_tiled_oc_2, i8 %gmem1, i64 %in_w_down_read, i8 %relu, i8 %mlp_out14, i13 %bias_2_0_V" [/home/fede/PhD/transformer-hls/hls/src/layers/MLP_tiled_oc.cpp:125]   --->   Operation 15 'call' 'call_ln125' <Predicate = true> <Delay = 0.00> <CoreType = "Generic">   --->   Core 0 '' <Latency = 0> <II = 1> <Delay = 1.00> <Generic> <Opcode : >

State 6 <SV = 5> <Delay = 0.00>
ST_6 : Operation 16 [1/1] (0.00ns)   --->   "%specdataflowpipeline_ln101 = specdataflowpipeline void @_ssdm_op_SpecDataflowPipeline, i32 4294967295, i32 0, void @empty_28" [/home/fede/PhD/transformer-hls/hls/src/layers/MLP_tiled_oc.cpp:101]   --->   Operation 16 'specdataflowpipeline' 'specdataflowpipeline_ln101' <Predicate = true> <Delay = 0.00>
ST_6 : Operation 17 [1/1] (0.00ns)   --->   "%specinterface_ln0 = specinterface void @_ssdm_op_SpecInterface, i8 %mlp_out14, void @empty_9, i32 0, i32 0, void @empty_28, i32 0, i32 0, void @empty_28, void @empty_28, void @empty_28, i32 0, i32 0, i32 0, i32 0, void @empty_28, void @empty_28, i32 4294967295, i32 0"   --->   Operation 17 'specinterface' 'specinterface_ln0' <Predicate = true> <Delay = 0.00>
ST_6 : Operation 18 [1/1] (0.00ns)   --->   "%specinterface_ln0 = specinterface void @_ssdm_op_SpecInterface, i8 %norm_out_113, void @empty_9, i32 0, i32 0, void @empty_28, i32 0, i32 0, void @empty_28, void @empty_28, void @empty_28, i32 0, i32 0, i32 0, i32 0, void @empty_28, void @empty_28, i32 4294967295, i32 0"   --->   Operation 18 'specinterface' 'specinterface_ln0' <Predicate = true> <Delay = 0.00>
ST_6 : Operation 19 [1/1] (0.00ns)   --->   "%specinterface_ln0 = specinterface void @_ssdm_op_SpecInterface, i8 %gmem0, void @empty_12, i32 0, i32 0, void @empty_28, i32 0, i32 1024, void @empty_24, void @empty_44, void @empty_28, i32 16, i32 16, i32 64, i32 16, void @empty_28, void @empty_28, i32 4294967295, i32 0"   --->   Operation 19 'specinterface' 'specinterface_ln0' <Predicate = true> <Delay = 0.00>
ST_6 : Operation 20 [1/1] (0.00ns)   --->   "%specinterface_ln0 = specinterface void @_ssdm_op_SpecInterface, i8 %gmem1, void @empty_12, i32 0, i32 0, void @empty_28, i32 0, i32 1024, void @empty_48, void @empty_44, void @empty_28, i32 16, i32 16, i32 64, i32 16, void @empty_28, void @empty_28, i32 4294967295, i32 0"   --->   Operation 20 'specinterface' 'specinterface_ln0' <Predicate = true> <Delay = 0.00>
ST_6 : Operation 21 [1/1] (0.00ns)   --->   "%empty = specchannel i32 @_ssdm_op_SpecChannel, void @fc1_str, i32 1, void @p_str, void @p_str, i32 64, i32 64, i8 %fc1, i8 %fc1"   --->   Operation 21 'specchannel' 'empty' <Predicate = true> <Delay = 0.00>
ST_6 : Operation 22 [1/1] (0.00ns)   --->   "%specinterface_ln0 = specinterface void @_ssdm_op_SpecInterface, i8 %fc1, void @empty_9, i32 0, i32 0, void @empty_28, i32 0, i32 0, void @empty_28, void @empty_28, void @empty_28, i32 0, i32 0, i32 0, i32 0, void @empty_28, void @empty_28, i32 4294967295, i32 0"   --->   Operation 22 'specinterface' 'specinterface_ln0' <Predicate = true> <Delay = 0.00>
ST_6 : Operation 23 [1/1] (0.00ns)   --->   "%empty_234 = specchannel i32 @_ssdm_op_SpecChannel, void @relu_str, i32 1, void @p_str, void @p_str, i32 64, i32 64, i8 %relu, i8 %relu"   --->   Operation 23 'specchannel' 'empty_234' <Predicate = true> <Delay = 0.00>
ST_6 : Operation 24 [1/1] (0.00ns)   --->   "%specinterface_ln0 = specinterface void @_ssdm_op_SpecInterface, i8 %relu, void @empty_9, i32 0, i32 0, void @empty_28, i32 0, i32 0, void @empty_28, void @empty_28, void @empty_28, i32 0, i32 0, i32 0, i32 0, void @empty_28, void @empty_28, i32 4294967295, i32 0"   --->   Operation 24 'specinterface' 'specinterface_ln0' <Predicate = true> <Delay = 0.00>
ST_6 : Operation 25 [1/2] (0.00ns)   --->   "%call_ln125 = call void @FC2_tiled_oc_2, i8 %gmem1, i64 %in_w_down_read, i8 %relu, i8 %mlp_out14, i13 %bias_2_0_V" [/home/fede/PhD/transformer-hls/hls/src/layers/MLP_tiled_oc.cpp:125]   --->   Operation 25 'call' 'call_ln125' <Predicate = true> <Delay = 0.00> <CoreType = "Generic">   --->   Core 0 '' <Latency = 0> <II = 1> <Delay = 1.00> <Generic> <Opcode : >
ST_6 : Operation 26 [1/1] (0.00ns)   --->   "%ret_ln127 = ret" [/home/fede/PhD/transformer-hls/hls/src/layers/MLP_tiled_oc.cpp:127]   --->   Operation 26 'ret' 'ret_ln127' <Predicate = true> <Delay = 0.00>


============================================================
+ Verbose Summary: Timing violations
============================================================
Target clock period: 10ns, clock uncertainty: 2.7ns.

 <State 1>: 0ns
The critical path consists of the following:

 <State 2>: 0ns
The critical path consists of the following:

 <State 3>: 0ns
The critical path consists of the following:

 <State 4>: 0ns
The critical path consists of the following:

 <State 5>: 0ns
The critical path consists of the following:

 <State 6>: 0ns
The critical path consists of the following:


============================================================
+ Verbose Summary: Binding
============================================================
N/A
* FSMD analyzer results:
  - Output states:
 - Input state : 
  - Chain level:
	State 1
	State 2
	State 3
	State 4
	State 5
	State 6


============================================================
+ Verbose Summary: Datapath Resource usage 
============================================================
N/A
