

================================================================
== Vitis HLS Report for 'MultiHeadAttention_tiled'
================================================================
* Date:           Tue Jun 23 12:41:26 2026

* Version:        2022.2 (Build 3670227 on Oct 13 2022)
* Project:        ViT_Block
* Solution:       ViT_Block (Vivado IP Flow Target)
* Product family: virtexuplus
* Target device:  xcu250-figd2104-2L-e


================================================================
== Performance Estimates
================================================================
+ Timing: 
    * Summary: 
    +--------+----------+----------+------------+
    |  Clock |  Target  | Estimated| Uncertainty|
    +--------+----------+----------+------------+
    |ap_clk  |  10.00 ns|  7.300 ns|     2.70 ns|
    +--------+----------+----------+------------+

+ Latency: 
    * Summary: 
    +---------+---------+----------+----------+-----+-----+----------+
    |  Latency (cycles) |  Latency (absolute) |  Interval | Pipeline |
    |   min   |   max   |    min   |    max   | min | max |   Type   |
    +---------+---------+----------+----------+-----+-----+----------+
    |        ?|        ?|         ?|         ?|    ?|    ?|  dataflow|
    +---------+---------+----------+----------+-----+-----+----------+

    + Detail: 
        * Instance: 
        N/A

        * Loop: 
        N/A

============================================================
+ Verbose Summary: Synthesis Manager
============================================================
InlineROM: 1
ExposeGlobal: 0
============================================================
+ Verbose Summary: CDFG Model
============================================================
IsTopModel: 0
ResetActiveHigh: 1
IsCombinational: 2
IsDatapathOnly: 0
HasWiredReturn: 1
HasMFsm: 0
HasVarLatency: 1
IsPipeline: 0
IsRtlPipelined: 0
IsInstanceOverlapped: 0
IsDontTouch: 0
HasImplIP: 0
IsGatedGlobalClock: 0


============================================================
+ Verbose Summary: Schedule
============================================================
* Number of FSM states : 16
* Pipeline : 0
* Dataflow Pipeline: 1
  DF-Pipeline-0: Size = 16, States = { 1 2 3 4 5 6 7 8 9 10 11 12 13 14 15 16 }

* FSM state transitions: 
1 --> 2 
2 --> 3 
3 --> 4 
4 --> 5 
5 --> 6 
6 --> 7 
7 --> 8 
8 --> 9 
9 --> 10 
10 --> 11 
11 --> 12 
12 --> 13 
13 --> 14 
14 --> 15 
15 --> 16 
16 --> 

* FSM state operations: 

State 1 <SV = 0> <Delay = 0.00>
ST_1 : Operation 17 [1/1] (0.00ns)   --->   "%in_v_read = read i64 @_ssdm_op_Read.ap_auto.i64, i64 %in_v"   --->   Operation 17 'read' 'in_v_read' <Predicate = true> <Delay = 0.00>
ST_1 : Operation 18 [1/1] (0.00ns)   --->   "%in_k_read = read i64 @_ssdm_op_Read.ap_auto.i64, i64 %in_k"   --->   Operation 18 'read' 'in_k_read' <Predicate = true> <Delay = 0.00>
ST_1 : Operation 19 [1/1] (0.00ns)   --->   "%in_q_read = read i64 @_ssdm_op_Read.ap_auto.i64, i64 %in_q"   --->   Operation 19 'read' 'in_q_read' <Predicate = true> <Delay = 0.00>
ST_1 : Operation 20 [1/1] (0.00ns)   --->   "%q_lin = alloca i64 1" [/home/fede/PhD/transformer-hls/hls/src/attention/MultiHeadAttention_tiled.cpp:217]   --->   Operation 20 'alloca' 'q_lin' <Predicate = true> <Delay = 0.00> <CoreInst = "FIFO_SRL">   --->   Core 81 'FIFO_SRL' <Latency = 0> <II = 1> <Delay = 1.36> <Storage> <Opcode : 'read' 'write' 'nbread' 'nbwrite'> <Ports = 0> <Width = 8> <Depth = 2> <FIFO>
ST_1 : Operation 21 [1/1] (0.00ns)   --->   "%k_lin = alloca i64 1" [/home/fede/PhD/transformer-hls/hls/src/attention/MultiHeadAttention_tiled.cpp:218]   --->   Operation 21 'alloca' 'k_lin' <Predicate = true> <Delay = 0.00> <CoreInst = "FIFO_SRL">   --->   Core 81 'FIFO_SRL' <Latency = 0> <II = 1> <Delay = 1.36> <Storage> <Opcode : 'read' 'write' 'nbread' 'nbwrite'> <Ports = 0> <Width = 8> <Depth = 2> <FIFO>
ST_1 : Operation 22 [1/1] (0.00ns)   --->   "%v_lin = alloca i64 1" [/home/fede/PhD/transformer-hls/hls/src/attention/MultiHeadAttention_tiled.cpp:219]   --->   Operation 22 'alloca' 'v_lin' <Predicate = true> <Delay = 0.00> <CoreInst = "FIFO_SRL">   --->   Core 81 'FIFO_SRL' <Latency = 0> <II = 1> <Delay = 1.36> <Storage> <Opcode : 'read' 'write' 'nbread' 'nbwrite'> <Ports = 0> <Width = 8> <Depth = 2> <FIFO>
ST_1 : Operation 23 [1/1] (0.00ns)   --->   "%out_linear = alloca i64 1" [/home/fede/PhD/transformer-hls/hls/src/attention/MultiHeadAttention_tiled.cpp:220]   --->   Operation 23 'alloca' 'out_linear' <Predicate = true> <Delay = 0.00> <CoreInst = "FIFO_SRL">   --->   Core 81 'FIFO_SRL' <Latency = 0> <II = 1> <Delay = 1.36> <Storage> <Opcode : 'read' 'write' 'nbread' 'nbwrite'> <Ports = 0> <Width = 8> <Depth = 2> <FIFO>
ST_1 : Operation 24 [1/1] (0.00ns)   --->   "%Q_1_0 = alloca i64 1"   --->   Operation 24 'alloca' 'Q_1_0' <Predicate = true> <Delay = 0.00> <CoreInst = "FIFO_SRL">   --->   Core 81 'FIFO_SRL' <Latency = 0> <II = 1> <Delay = 1.36> <Storage> <Opcode : 'read' 'write' 'nbread' 'nbwrite'> <Ports = 0> <Width = 8> <Depth = 2> <FIFO>
ST_1 : Operation 25 [1/1] (0.00ns)   --->   "%Q_1_1 = alloca i64 1"   --->   Operation 25 'alloca' 'Q_1_1' <Predicate = true> <Delay = 0.00> <CoreInst = "FIFO_SRL">   --->   Core 81 'FIFO_SRL' <Latency = 0> <II = 1> <Delay = 1.36> <Storage> <Opcode : 'read' 'write' 'nbread' 'nbwrite'> <Ports = 0> <Width = 8> <Depth = 2> <FIFO>
ST_1 : Operation 26 [1/1] (0.00ns)   --->   "%K_1_0 = alloca i64 1"   --->   Operation 26 'alloca' 'K_1_0' <Predicate = true> <Delay = 0.00> <CoreInst = "FIFO_SRL">   --->   Core 81 'FIFO_SRL' <Latency = 0> <II = 1> <Delay = 1.36> <Storage> <Opcode : 'read' 'write' 'nbread' 'nbwrite'> <Ports = 0> <Width = 8> <Depth = 2> <FIFO>
ST_1 : Operation 27 [1/1] (0.00ns)   --->   "%K_1_1 = alloca i64 1"   --->   Operation 27 'alloca' 'K_1_1' <Predicate = true> <Delay = 0.00> <CoreInst = "FIFO_SRL">   --->   Core 81 'FIFO_SRL' <Latency = 0> <II = 1> <Delay = 1.36> <Storage> <Opcode : 'read' 'write' 'nbread' 'nbwrite'> <Ports = 0> <Width = 8> <Depth = 2> <FIFO>
ST_1 : Operation 28 [1/1] (0.00ns)   --->   "%V_1_0 = alloca i64 1"   --->   Operation 28 'alloca' 'V_1_0' <Predicate = true> <Delay = 0.00> <CoreInst = "FIFO_SRL">   --->   Core 81 'FIFO_SRL' <Latency = 0> <II = 1> <Delay = 1.36> <Storage> <Opcode : 'read' 'write' 'nbread' 'nbwrite'> <Ports = 0> <Width = 8> <Depth = 2> <FIFO>
ST_1 : Operation 29 [1/1] (0.00ns)   --->   "%V_1_1 = alloca i64 1"   --->   Operation 29 'alloca' 'V_1_1' <Predicate = true> <Delay = 0.00> <CoreInst = "FIFO_SRL">   --->   Core 81 'FIFO_SRL' <Latency = 0> <II = 1> <Delay = 1.36> <Storage> <Opcode : 'read' 'write' 'nbread' 'nbwrite'> <Ports = 0> <Width = 8> <Depth = 2> <FIFO>
ST_1 : Operation 30 [1/1] (0.00ns)   --->   "%A_0 = alloca i64 1"   --->   Operation 30 'alloca' 'A_0' <Predicate = true> <Delay = 0.00> <CoreInst = "FIFO_SRL">   --->   Core 81 'FIFO_SRL' <Latency = 0> <II = 1> <Delay = 1.36> <Storage> <Opcode : 'read' 'write' 'nbread' 'nbwrite'> <Ports = 0> <Width = 8> <Depth = 2> <FIFO>
ST_1 : Operation 31 [1/1] (0.00ns)   --->   "%A_1 = alloca i64 1"   --->   Operation 31 'alloca' 'A_1' <Predicate = true> <Delay = 0.00> <CoreInst = "FIFO_SRL">   --->   Core 81 'FIFO_SRL' <Latency = 0> <II = 1> <Delay = 1.36> <Storage> <Opcode : 'read' 'write' 'nbread' 'nbwrite'> <Ports = 0> <Width = 8> <Depth = 2> <FIFO>
ST_1 : Operation 32 [1/1] (0.00ns)   --->   "%A_s_0 = alloca i64 1"   --->   Operation 32 'alloca' 'A_s_0' <Predicate = true> <Delay = 0.00> <CoreInst = "FIFO_SRL">   --->   Core 81 'FIFO_SRL' <Latency = 0> <II = 1> <Delay = 1.36> <Storage> <Opcode : 'read' 'write' 'nbread' 'nbwrite'> <Ports = 0> <Width = 8> <Depth = 2> <FIFO>
ST_1 : Operation 33 [1/1] (0.00ns)   --->   "%A_s_1 = alloca i64 1"   --->   Operation 33 'alloca' 'A_s_1' <Predicate = true> <Delay = 0.00> <CoreInst = "FIFO_SRL">   --->   Core 81 'FIFO_SRL' <Latency = 0> <II = 1> <Delay = 1.36> <Storage> <Opcode : 'read' 'write' 'nbread' 'nbwrite'> <Ports = 0> <Width = 8> <Depth = 2> <FIFO>
ST_1 : Operation 34 [1/1] (0.00ns)   --->   "%A_sx_0 = alloca i64 1"   --->   Operation 34 'alloca' 'A_sx_0' <Predicate = true> <Delay = 0.00> <CoreInst = "FIFO_SRL">   --->   Core 81 'FIFO_SRL' <Latency = 0> <II = 1> <Delay = 1.36> <Storage> <Opcode : 'read' 'write' 'nbread' 'nbwrite'> <Ports = 0> <Width = 8> <Depth = 2> <FIFO>
ST_1 : Operation 35 [1/1] (0.00ns)   --->   "%A_sx_1 = alloca i64 1"   --->   Operation 35 'alloca' 'A_sx_1' <Predicate = true> <Delay = 0.00> <CoreInst = "FIFO_SRL">   --->   Core 81 'FIFO_SRL' <Latency = 0> <II = 1> <Delay = 1.36> <Storage> <Opcode : 'read' 'write' 'nbread' 'nbwrite'> <Ports = 0> <Width = 8> <Depth = 2> <FIFO>
ST_1 : Operation 36 [1/1] (0.00ns)   --->   "%head_out_0 = alloca i64 1"   --->   Operation 36 'alloca' 'head_out_0' <Predicate = true> <Delay = 0.00> <CoreInst = "FIFO_SRL">   --->   Core 81 'FIFO_SRL' <Latency = 0> <II = 1> <Delay = 1.36> <Storage> <Opcode : 'read' 'write' 'nbread' 'nbwrite'> <Ports = 0> <Width = 8> <Depth = 2> <FIFO>
ST_1 : Operation 37 [1/1] (0.00ns)   --->   "%head_out_1 = alloca i64 1"   --->   Operation 37 'alloca' 'head_out_1' <Predicate = true> <Delay = 0.00> <CoreInst = "FIFO_SRL">   --->   Core 81 'FIFO_SRL' <Latency = 0> <II = 1> <Delay = 1.36> <Storage> <Opcode : 'read' 'write' 'nbread' 'nbwrite'> <Ports = 0> <Width = 8> <Depth = 2> <FIFO>
ST_1 : Operation 38 [2/2] (0.00ns)   --->   "%call_ln245 = call void @Q_linear_tiled, i8 %Q, i64 %in_q_read, i8 %Q_in5, i8 %q_lin, i12 %bias_q_0_V" [/home/fede/PhD/transformer-hls/hls/src/attention/MultiHeadAttention_tiled.cpp:245]   --->   Operation 38 'call' 'call_ln245' <Predicate = true> <Delay = 0.00> <CoreType = "Generic">   --->   Core 0 '' <Latency = 0> <II = 1> <Delay = 1.00> <Generic> <Opcode : >
ST_1 : Operation 39 [2/2] (0.00ns)   --->   "%call_ln246 = call void @K_linear_tiled, i8 %K, i64 %in_k_read, i8 %K_in6, i8 %k_lin, i14 %bias_k_0_V" [/home/fede/PhD/transformer-hls/hls/src/attention/MultiHeadAttention_tiled.cpp:246]   --->   Operation 39 'call' 'call_ln246' <Predicate = true> <Delay = 0.00> <CoreType = "Generic">   --->   Core 0 '' <Latency = 0> <II = 1> <Delay = 1.00> <Generic> <Opcode : >
ST_1 : Operation 40 [2/2] (0.00ns)   --->   "%call_ln247 = call void @V_linear_tiled, i8 %V, i64 %in_v_read, i8 %V_in7, i8 %v_lin, i14 %bias_v_0_V" [/home/fede/PhD/transformer-hls/hls/src/attention/MultiHeadAttention_tiled.cpp:247]   --->   Operation 40 'call' 'call_ln247' <Predicate = true> <Delay = 0.00> <CoreType = "Generic">   --->   Core 0 '' <Latency = 0> <II = 1> <Delay = 1.00> <Generic> <Opcode : >

State 2 <SV = 1> <Delay = 0.00>
ST_2 : Operation 41 [1/2] (0.00ns)   --->   "%call_ln245 = call void @Q_linear_tiled, i8 %Q, i64 %in_q_read, i8 %Q_in5, i8 %q_lin, i12 %bias_q_0_V" [/home/fede/PhD/transformer-hls/hls/src/attention/MultiHeadAttention_tiled.cpp:245]   --->   Operation 41 'call' 'call_ln245' <Predicate = true> <Delay = 0.00> <CoreType = "Generic">   --->   Core 0 '' <Latency = 0> <II = 1> <Delay = 1.00> <Generic> <Opcode : >
ST_2 : Operation 42 [1/2] (0.00ns)   --->   "%call_ln246 = call void @K_linear_tiled, i8 %K, i64 %in_k_read, i8 %K_in6, i8 %k_lin, i14 %bias_k_0_V" [/home/fede/PhD/transformer-hls/hls/src/attention/MultiHeadAttention_tiled.cpp:246]   --->   Operation 42 'call' 'call_ln246' <Predicate = true> <Delay = 0.00> <CoreType = "Generic">   --->   Core 0 '' <Latency = 0> <II = 1> <Delay = 1.00> <Generic> <Opcode : >
ST_2 : Operation 43 [1/2] (0.00ns)   --->   "%call_ln247 = call void @V_linear_tiled, i8 %V, i64 %in_v_read, i8 %V_in7, i8 %v_lin, i14 %bias_v_0_V" [/home/fede/PhD/transformer-hls/hls/src/attention/MultiHeadAttention_tiled.cpp:247]   --->   Operation 43 'call' 'call_ln247' <Predicate = true> <Delay = 0.00> <CoreType = "Generic">   --->   Core 0 '' <Latency = 0> <II = 1> <Delay = 1.00> <Generic> <Opcode : >

State 3 <SV = 2> <Delay = 0.00>
ST_3 : Operation 44 [2/2] (0.00ns)   --->   "%call_ln253 = call void @split_heads, i8 %q_lin, i8 %Q_1_0, i8 %Q_1_1" [/home/fede/PhD/transformer-hls/hls/src/attention/MultiHeadAttention_tiled.cpp:253]   --->   Operation 44 'call' 'call_ln253' <Predicate = true> <Delay = 0.00> <CoreType = "Generic">   --->   Core 0 '' <Latency = 0> <II = 1> <Delay = 1.00> <Generic> <Opcode : >
ST_3 : Operation 45 [2/2] (0.00ns)   --->   "%call_ln254 = call void @split_heads.2, i8 %k_lin, i8 %K_1_0, i8 %K_1_1" [/home/fede/PhD/transformer-hls/hls/src/attention/MultiHeadAttention_tiled.cpp:254]   --->   Operation 45 'call' 'call_ln254' <Predicate = true> <Delay = 0.00> <CoreType = "Generic">   --->   Core 0 '' <Latency = 0> <II = 1> <Delay = 1.00> <Generic> <Opcode : >
ST_3 : Operation 46 [2/2] (0.00ns)   --->   "%call_ln255 = call void @split_heads.3, i8 %v_lin, i8 %V_1_0, i8 %V_1_1" [/home/fede/PhD/transformer-hls/hls/src/attention/MultiHeadAttention_tiled.cpp:255]   --->   Operation 46 'call' 'call_ln255' <Predicate = true> <Delay = 0.00> <CoreType = "Generic">   --->   Core 0 '' <Latency = 0> <II = 1> <Delay = 1.00> <Generic> <Opcode : >

State 4 <SV = 3> <Delay = 0.00>
ST_4 : Operation 47 [1/2] (0.00ns)   --->   "%call_ln253 = call void @split_heads, i8 %q_lin, i8 %Q_1_0, i8 %Q_1_1" [/home/fede/PhD/transformer-hls/hls/src/attention/MultiHeadAttention_tiled.cpp:253]   --->   Operation 47 'call' 'call_ln253' <Predicate = true> <Delay = 0.00> <CoreType = "Generic">   --->   Core 0 '' <Latency = 0> <II = 1> <Delay = 1.00> <Generic> <Opcode : >
ST_4 : Operation 48 [1/2] (0.00ns)   --->   "%call_ln254 = call void @split_heads.2, i8 %k_lin, i8 %K_1_0, i8 %K_1_1" [/home/fede/PhD/transformer-hls/hls/src/attention/MultiHeadAttention_tiled.cpp:254]   --->   Operation 48 'call' 'call_ln254' <Predicate = true> <Delay = 0.00> <CoreType = "Generic">   --->   Core 0 '' <Latency = 0> <II = 1> <Delay = 1.00> <Generic> <Opcode : >
ST_4 : Operation 49 [1/2] (0.00ns)   --->   "%call_ln255 = call void @split_heads.3, i8 %v_lin, i8 %V_1_0, i8 %V_1_1" [/home/fede/PhD/transformer-hls/hls/src/attention/MultiHeadAttention_tiled.cpp:255]   --->   Operation 49 'call' 'call_ln255' <Predicate = true> <Delay = 0.00> <CoreType = "Generic">   --->   Core 0 '' <Latency = 0> <II = 1> <Delay = 1.00> <Generic> <Opcode : >

State 5 <SV = 4> <Delay = 0.00>
ST_5 : Operation 50 [2/2] (0.00ns)   --->   "%call_ln269 = call void @MM_tiled, i8 %Q_1_0, i8 %K_1_0, i8 %A_0" [/home/fede/PhD/transformer-hls/hls/src/attention/MultiHeadAttention_tiled.cpp:269]   --->   Operation 50 'call' 'call_ln269' <Predicate = true> <Delay = 0.00> <CoreType = "Generic">   --->   Core 0 '' <Latency = 0> <II = 1> <Delay = 1.00> <Generic> <Opcode : >
ST_5 : Operation 51 [2/2] (0.00ns)   --->   "%call_ln269 = call void @MM_tiled.4, i8 %Q_1_1, i8 %K_1_1, i8 %A_1" [/home/fede/PhD/transformer-hls/hls/src/attention/MultiHeadAttention_tiled.cpp:269]   --->   Operation 51 'call' 'call_ln269' <Predicate = true> <Delay = 0.00> <CoreType = "Generic">   --->   Core 0 '' <Latency = 0> <II = 1> <Delay = 1.00> <Generic> <Opcode : >

State 6 <SV = 5> <Delay = 0.00>
ST_6 : Operation 52 [1/2] (0.00ns)   --->   "%call_ln269 = call void @MM_tiled, i8 %Q_1_0, i8 %K_1_0, i8 %A_0" [/home/fede/PhD/transformer-hls/hls/src/attention/MultiHeadAttention_tiled.cpp:269]   --->   Operation 52 'call' 'call_ln269' <Predicate = true> <Delay = 0.00> <CoreType = "Generic">   --->   Core 0 '' <Latency = 0> <II = 1> <Delay = 1.00> <Generic> <Opcode : >
ST_6 : Operation 53 [1/2] (0.00ns)   --->   "%call_ln269 = call void @MM_tiled.4, i8 %Q_1_1, i8 %K_1_1, i8 %A_1" [/home/fede/PhD/transformer-hls/hls/src/attention/MultiHeadAttention_tiled.cpp:269]   --->   Operation 53 'call' 'call_ln269' <Predicate = true> <Delay = 0.00> <CoreType = "Generic">   --->   Core 0 '' <Latency = 0> <II = 1> <Delay = 1.00> <Generic> <Opcode : >

State 7 <SV = 6> <Delay = 0.00>
ST_7 : Operation 54 [2/2] (0.00ns)   --->   "%call_ln274 = call void @SOFTMAX_tile, i8 %A_0, i8 %A_s_0, i8 %exp_lut_V" [/home/fede/PhD/transformer-hls/hls/src/attention/MultiHeadAttention_tiled.cpp:274]   --->   Operation 54 'call' 'call_ln274' <Predicate = true> <Delay = 0.00> <CoreType = "Generic">   --->   Core 0 '' <Latency = 0> <II = 1> <Delay = 1.00> <Generic> <Opcode : >
ST_7 : Operation 55 [2/2] (0.00ns)   --->   "%call_ln274 = call void @SOFTMAX_tile.5, i8 %A_1, i8 %A_s_1, i8 %exp_lut_V" [/home/fede/PhD/transformer-hls/hls/src/attention/MultiHeadAttention_tiled.cpp:274]   --->   Operation 55 'call' 'call_ln274' <Predicate = true> <Delay = 0.00> <CoreType = "Generic">   --->   Core 0 '' <Latency = 0> <II = 1> <Delay = 1.00> <Generic> <Opcode : >

State 8 <SV = 7> <Delay = 0.00>
ST_8 : Operation 56 [1/2] (0.00ns)   --->   "%call_ln274 = call void @SOFTMAX_tile, i8 %A_0, i8 %A_s_0, i8 %exp_lut_V" [/home/fede/PhD/transformer-hls/hls/src/attention/MultiHeadAttention_tiled.cpp:274]   --->   Operation 56 'call' 'call_ln274' <Predicate = true> <Delay = 0.00> <CoreType = "Generic">   --->   Core 0 '' <Latency = 0> <II = 1> <Delay = 1.00> <Generic> <Opcode : >
ST_8 : Operation 57 [1/2] (0.00ns)   --->   "%call_ln274 = call void @SOFTMAX_tile.5, i8 %A_1, i8 %A_s_1, i8 %exp_lut_V" [/home/fede/PhD/transformer-hls/hls/src/attention/MultiHeadAttention_tiled.cpp:274]   --->   Operation 57 'call' 'call_ln274' <Predicate = true> <Delay = 0.00> <CoreType = "Generic">   --->   Core 0 '' <Latency = 0> <II = 1> <Delay = 1.00> <Generic> <Opcode : >

State 9 <SV = 8> <Delay = 0.00>
ST_9 : Operation 58 [2/2] (0.00ns)   --->   "%call_ln276 = call void @requant<ap_int<8>, ap_int<8>, 17, 17, 170977, 16, 1>, i8 %A_s_0, i8 %A_sx_0" [/home/fede/PhD/transformer-hls/hls/src/attention/MultiHeadAttention_tiled.cpp:276]   --->   Operation 58 'call' 'call_ln276' <Predicate = true> <Delay = 0.00> <CoreType = "Generic">   --->   Core 0 '' <Latency = 0> <II = 1> <Delay = 1.00> <Generic> <Opcode : >
ST_9 : Operation 59 [2/2] (0.00ns)   --->   "%call_ln276 = call void @requant<ap_int<8>, ap_int<8>, 17, 17, 170977, 16, 1>.6, i8 %A_s_1, i8 %A_sx_1" [/home/fede/PhD/transformer-hls/hls/src/attention/MultiHeadAttention_tiled.cpp:276]   --->   Operation 59 'call' 'call_ln276' <Predicate = true> <Delay = 0.00> <CoreType = "Generic">   --->   Core 0 '' <Latency = 0> <II = 1> <Delay = 1.00> <Generic> <Opcode : >

State 10 <SV = 9> <Delay = 0.00>
ST_10 : Operation 60 [1/2] (0.00ns)   --->   "%call_ln276 = call void @requant<ap_int<8>, ap_int<8>, 17, 17, 170977, 16, 1>, i8 %A_s_0, i8 %A_sx_0" [/home/fede/PhD/transformer-hls/hls/src/attention/MultiHeadAttention_tiled.cpp:276]   --->   Operation 60 'call' 'call_ln276' <Predicate = true> <Delay = 0.00> <CoreType = "Generic">   --->   Core 0 '' <Latency = 0> <II = 1> <Delay = 1.00> <Generic> <Opcode : >
ST_10 : Operation 61 [1/2] (0.00ns)   --->   "%call_ln276 = call void @requant<ap_int<8>, ap_int<8>, 17, 17, 170977, 16, 1>.6, i8 %A_s_1, i8 %A_sx_1" [/home/fede/PhD/transformer-hls/hls/src/attention/MultiHeadAttention_tiled.cpp:276]   --->   Operation 61 'call' 'call_ln276' <Predicate = true> <Delay = 0.00> <CoreType = "Generic">   --->   Core 0 '' <Latency = 0> <II = 1> <Delay = 1.00> <Generic> <Opcode : >

State 11 <SV = 10> <Delay = 0.00>
ST_11 : Operation 62 [2/2] (0.00ns)   --->   "%call_ln284 = call void @MM1_tiled, i8 %A_sx_0, i8 %V_1_0, i8 %head_out_0" [/home/fede/PhD/transformer-hls/hls/src/attention/MultiHeadAttention_tiled.cpp:284]   --->   Operation 62 'call' 'call_ln284' <Predicate = true> <Delay = 0.00> <CoreType = "Generic">   --->   Core 0 '' <Latency = 0> <II = 1> <Delay = 1.00> <Generic> <Opcode : >
ST_11 : Operation 63 [2/2] (0.00ns)   --->   "%call_ln284 = call void @MM1_tiled.7, i8 %A_sx_1, i8 %V_1_1, i8 %head_out_1" [/home/fede/PhD/transformer-hls/hls/src/attention/MultiHeadAttention_tiled.cpp:284]   --->   Operation 63 'call' 'call_ln284' <Predicate = true> <Delay = 0.00> <CoreType = "Generic">   --->   Core 0 '' <Latency = 0> <II = 1> <Delay = 1.00> <Generic> <Opcode : >

State 12 <SV = 11> <Delay = 0.00>
ST_12 : Operation 64 [1/2] (0.00ns)   --->   "%call_ln284 = call void @MM1_tiled, i8 %A_sx_0, i8 %V_1_0, i8 %head_out_0" [/home/fede/PhD/transformer-hls/hls/src/attention/MultiHeadAttention_tiled.cpp:284]   --->   Operation 64 'call' 'call_ln284' <Predicate = true> <Delay = 0.00> <CoreType = "Generic">   --->   Core 0 '' <Latency = 0> <II = 1> <Delay = 1.00> <Generic> <Opcode : >
ST_12 : Operation 65 [1/2] (0.00ns)   --->   "%call_ln284 = call void @MM1_tiled.7, i8 %A_sx_1, i8 %V_1_1, i8 %head_out_1" [/home/fede/PhD/transformer-hls/hls/src/attention/MultiHeadAttention_tiled.cpp:284]   --->   Operation 65 'call' 'call_ln284' <Predicate = true> <Delay = 0.00> <CoreType = "Generic">   --->   Core 0 '' <Latency = 0> <II = 1> <Delay = 1.00> <Generic> <Opcode : >

State 13 <SV = 12> <Delay = 0.00>
ST_13 : Operation 66 [2/2] (0.00ns)   --->   "%call_ln299 = call void @merge_heads, i8 %head_out_0, i8 %head_out_1, i8 %out_linear" [/home/fede/PhD/transformer-hls/hls/src/attention/MultiHeadAttention_tiled.cpp:299]   --->   Operation 66 'call' 'call_ln299' <Predicate = true> <Delay = 0.00> <CoreType = "Generic">   --->   Core 0 '' <Latency = 0> <II = 1> <Delay = 1.00> <Generic> <Opcode : >

State 14 <SV = 13> <Delay = 0.00>
ST_14 : Operation 67 [1/2] (0.00ns)   --->   "%call_ln299 = call void @merge_heads, i8 %head_out_0, i8 %head_out_1, i8 %out_linear" [/home/fede/PhD/transformer-hls/hls/src/attention/MultiHeadAttention_tiled.cpp:299]   --->   Operation 67 'call' 'call_ln299' <Predicate = true> <Delay = 0.00> <CoreType = "Generic">   --->   Core 0 '' <Latency = 0> <II = 1> <Delay = 1.00> <Generic> <Opcode : >

State 15 <SV = 14> <Delay = 0.00>
ST_15 : Operation 68 [1/1] (0.00ns)   --->   "%in_o_read = read i64 @_ssdm_op_Read.ap_auto.i64, i64 %in_o"   --->   Operation 68 'read' 'in_o_read' <Predicate = true> <Delay = 0.00>
ST_15 : Operation 69 [2/2] (0.00ns)   --->   "%call_ln301 = call void @Out_linear_tiled, i8 %Out_r, i64 %in_o_read, i8 %out_linear, i8 %out_mha8, i13 %bias_h_0_V" [/home/fede/PhD/transformer-hls/hls/src/attention/MultiHeadAttention_tiled.cpp:301]   --->   Operation 69 'call' 'call_ln301' <Predicate = true> <Delay = 0.00> <CoreType = "Generic">   --->   Core 0 '' <Latency = 0> <II = 1> <Delay = 1.00> <Generic> <Opcode : >

State 16 <SV = 15> <Delay = 0.00>
ST_16 : Operation 70 [1/1] (0.00ns)   --->   "%specdataflowpipeline_ln215 = specdataflowpipeline void @_ssdm_op_SpecDataflowPipeline, i32 4294967295, i32 0, void @empty_28" [/home/fede/PhD/transformer-hls/hls/src/attention/MultiHeadAttention_tiled.cpp:215]   --->   Operation 70 'specdataflowpipeline' 'specdataflowpipeline_ln215' <Predicate = true> <Delay = 0.00>
ST_16 : Operation 71 [1/1] (0.00ns)   --->   "%specinterface_ln0 = specinterface void @_ssdm_op_SpecInterface, i8 %out_mha8, void @empty_9, i32 0, i32 0, void @empty_28, i32 0, i32 0, void @empty_28, void @empty_28, void @empty_28, i32 0, i32 0, i32 0, i32 0, void @empty_28, void @empty_28, i32 4294967295, i32 0"   --->   Operation 71 'specinterface' 'specinterface_ln0' <Predicate = true> <Delay = 0.00>
ST_16 : Operation 72 [1/1] (0.00ns)   --->   "%specinterface_ln0 = specinterface void @_ssdm_op_SpecInterface, i8 %V_in7, void @empty_9, i32 0, i32 0, void @empty_28, i32 0, i32 0, void @empty_28, void @empty_28, void @empty_28, i32 0, i32 0, i32 0, i32 0, void @empty_28, void @empty_28, i32 4294967295, i32 0"   --->   Operation 72 'specinterface' 'specinterface_ln0' <Predicate = true> <Delay = 0.00>
ST_16 : Operation 73 [1/1] (0.00ns)   --->   "%specinterface_ln0 = specinterface void @_ssdm_op_SpecInterface, i8 %K_in6, void @empty_9, i32 0, i32 0, void @empty_28, i32 0, i32 0, void @empty_28, void @empty_28, void @empty_28, i32 0, i32 0, i32 0, i32 0, void @empty_28, void @empty_28, i32 4294967295, i32 0"   --->   Operation 73 'specinterface' 'specinterface_ln0' <Predicate = true> <Delay = 0.00>
ST_16 : Operation 74 [1/1] (0.00ns)   --->   "%specinterface_ln0 = specinterface void @_ssdm_op_SpecInterface, i8 %Q_in5, void @empty_9, i32 0, i32 0, void @empty_28, i32 0, i32 0, void @empty_28, void @empty_28, void @empty_28, i32 0, i32 0, i32 0, i32 0, void @empty_28, void @empty_28, i32 4294967295, i32 0"   --->   Operation 74 'specinterface' 'specinterface_ln0' <Predicate = true> <Delay = 0.00>
ST_16 : Operation 75 [1/1] (0.00ns)   --->   "%specinterface_ln0 = specinterface void @_ssdm_op_SpecInterface, i8 %Q, void @empty_12, i32 0, i32 0, void @empty_28, i32 0, i32 256, void @empty_30, void @empty_44, void @empty_28, i32 16, i32 16, i32 64, i32 16, void @empty_28, void @empty_28, i32 4294967295, i32 0"   --->   Operation 75 'specinterface' 'specinterface_ln0' <Predicate = true> <Delay = 0.00>
ST_16 : Operation 76 [1/1] (0.00ns)   --->   "%specinterface_ln0 = specinterface void @_ssdm_op_SpecInterface, i8 %K, void @empty_12, i32 0, i32 0, void @empty_28, i32 0, i32 256, void @empty_43, void @empty_44, void @empty_28, i32 16, i32 16, i32 64, i32 16, void @empty_28, void @empty_28, i32 4294967295, i32 0"   --->   Operation 76 'specinterface' 'specinterface_ln0' <Predicate = true> <Delay = 0.00>
ST_16 : Operation 77 [1/1] (0.00ns)   --->   "%specinterface_ln0 = specinterface void @_ssdm_op_SpecInterface, i8 %V, void @empty_12, i32 0, i32 0, void @empty_28, i32 0, i32 256, void @empty_27, void @empty_44, void @empty_28, i32 16, i32 16, i32 64, i32 16, void @empty_28, void @empty_28, i32 4294967295, i32 0"   --->   Operation 77 'specinterface' 'specinterface_ln0' <Predicate = true> <Delay = 0.00>
ST_16 : Operation 78 [1/1] (0.00ns)   --->   "%specinterface_ln0 = specinterface void @_ssdm_op_SpecInterface, i8 %Out_r, void @empty_12, i32 0, i32 0, void @empty_28, i32 0, i32 256, void @empty_2, void @empty_44, void @empty_28, i32 16, i32 16, i32 64, i32 16, void @empty_28, void @empty_28, i32 4294967295, i32 0"   --->   Operation 78 'specinterface' 'specinterface_ln0' <Predicate = true> <Delay = 0.00>
ST_16 : Operation 79 [1/1] (0.00ns)   --->   "%empty = specchannel i32 @_ssdm_op_SpecChannel, void @q_lin_str, i32 1, void @p_str, void @p_str, i32 2, i32 2, i8 %q_lin, i8 %q_lin"   --->   Operation 79 'specchannel' 'empty' <Predicate = true> <Delay = 0.00>
ST_16 : Operation 80 [1/1] (0.00ns)   --->   "%specinterface_ln0 = specinterface void @_ssdm_op_SpecInterface, i8 %q_lin, void @empty_9, i32 0, i32 0, void @empty_28, i32 0, i32 0, void @empty_28, void @empty_28, void @empty_28, i32 0, i32 0, i32 0, i32 0, void @empty_28, void @empty_28, i32 4294967295, i32 0"   --->   Operation 80 'specinterface' 'specinterface_ln0' <Predicate = true> <Delay = 0.00>
ST_16 : Operation 81 [1/1] (0.00ns)   --->   "%empty_197 = specchannel i32 @_ssdm_op_SpecChannel, void @k_lin_str, i32 1, void @p_str, void @p_str, i32 2, i32 2, i8 %k_lin, i8 %k_lin"   --->   Operation 81 'specchannel' 'empty_197' <Predicate = true> <Delay = 0.00>
ST_16 : Operation 82 [1/1] (0.00ns)   --->   "%specinterface_ln0 = specinterface void @_ssdm_op_SpecInterface, i8 %k_lin, void @empty_9, i32 0, i32 0, void @empty_28, i32 0, i32 0, void @empty_28, void @empty_28, void @empty_28, i32 0, i32 0, i32 0, i32 0, void @empty_28, void @empty_28, i32 4294967295, i32 0"   --->   Operation 82 'specinterface' 'specinterface_ln0' <Predicate = true> <Delay = 0.00>
ST_16 : Operation 83 [1/1] (0.00ns)   --->   "%empty_198 = specchannel i32 @_ssdm_op_SpecChannel, void @v_lin_str, i32 1, void @p_str, void @p_str, i32 2, i32 2, i8 %v_lin, i8 %v_lin"   --->   Operation 83 'specchannel' 'empty_198' <Predicate = true> <Delay = 0.00>
ST_16 : Operation 84 [1/1] (0.00ns)   --->   "%specinterface_ln0 = specinterface void @_ssdm_op_SpecInterface, i8 %v_lin, void @empty_9, i32 0, i32 0, void @empty_28, i32 0, i32 0, void @empty_28, void @empty_28, void @empty_28, i32 0, i32 0, i32 0, i32 0, void @empty_28, void @empty_28, i32 4294967295, i32 0"   --->   Operation 84 'specinterface' 'specinterface_ln0' <Predicate = true> <Delay = 0.00>
ST_16 : Operation 85 [1/1] (0.00ns)   --->   "%empty_199 = specchannel i32 @_ssdm_op_SpecChannel, void @out_linear_str, i32 1, void @p_str, void @p_str, i32 2, i32 2, i8 %out_linear, i8 %out_linear"   --->   Operation 85 'specchannel' 'empty_199' <Predicate = true> <Delay = 0.00>
ST_16 : Operation 86 [1/1] (0.00ns)   --->   "%specinterface_ln0 = specinterface void @_ssdm_op_SpecInterface, i8 %out_linear, void @empty_9, i32 0, i32 0, void @empty_28, i32 0, i32 0, void @empty_28, void @empty_28, void @empty_28, i32 0, i32 0, i32 0, i32 0, void @empty_28, void @empty_28, i32 4294967295, i32 0"   --->   Operation 86 'specinterface' 'specinterface_ln0' <Predicate = true> <Delay = 0.00>
ST_16 : Operation 87 [1/1] (0.00ns)   --->   "%empty_200 = specchannel i32 @_ssdm_op_SpecChannel, void @Q_1_0_str, i32 1, void @p_str, void @p_str, i32 2, i32 2, i8 %Q_1_0, i8 %Q_1_0"   --->   Operation 87 'specchannel' 'empty_200' <Predicate = true> <Delay = 0.00>
ST_16 : Operation 88 [1/1] (0.00ns)   --->   "%specinterface_ln0 = specinterface void @_ssdm_op_SpecInterface, i8 %Q_1_0, void @empty_9, i32 0, i32 0, void @empty_28, i32 0, i32 0, void @empty_28, void @empty_28, void @empty_28, i32 0, i32 0, i32 0, i32 0, void @empty_28, void @empty_28, i32 4294967295, i32 0"   --->   Operation 88 'specinterface' 'specinterface_ln0' <Predicate = true> <Delay = 0.00>
ST_16 : Operation 89 [1/1] (0.00ns)   --->   "%empty_201 = specchannel i32 @_ssdm_op_SpecChannel, void @Q_1_1_str, i32 1, void @p_str, void @p_str, i32 2, i32 2, i8 %Q_1_1, i8 %Q_1_1"   --->   Operation 89 'specchannel' 'empty_201' <Predicate = true> <Delay = 0.00>
ST_16 : Operation 90 [1/1] (0.00ns)   --->   "%specinterface_ln0 = specinterface void @_ssdm_op_SpecInterface, i8 %Q_1_1, void @empty_9, i32 0, i32 0, void @empty_28, i32 0, i32 0, void @empty_28, void @empty_28, void @empty_28, i32 0, i32 0, i32 0, i32 0, void @empty_28, void @empty_28, i32 4294967295, i32 0"   --->   Operation 90 'specinterface' 'specinterface_ln0' <Predicate = true> <Delay = 0.00>
ST_16 : Operation 91 [1/1] (0.00ns)   --->   "%empty_202 = specchannel i32 @_ssdm_op_SpecChannel, void @K_1_0_str, i32 1, void @p_str, void @p_str, i32 2, i32 2, i8 %K_1_0, i8 %K_1_0"   --->   Operation 91 'specchannel' 'empty_202' <Predicate = true> <Delay = 0.00>
ST_16 : Operation 92 [1/1] (0.00ns)   --->   "%specinterface_ln0 = specinterface void @_ssdm_op_SpecInterface, i8 %K_1_0, void @empty_9, i32 0, i32 0, void @empty_28, i32 0, i32 0, void @empty_28, void @empty_28, void @empty_28, i32 0, i32 0, i32 0, i32 0, void @empty_28, void @empty_28, i32 4294967295, i32 0"   --->   Operation 92 'specinterface' 'specinterface_ln0' <Predicate = true> <Delay = 0.00>
ST_16 : Operation 93 [1/1] (0.00ns)   --->   "%empty_203 = specchannel i32 @_ssdm_op_SpecChannel, void @K_1_1_str, i32 1, void @p_str, void @p_str, i32 2, i32 2, i8 %K_1_1, i8 %K_1_1"   --->   Operation 93 'specchannel' 'empty_203' <Predicate = true> <Delay = 0.00>
ST_16 : Operation 94 [1/1] (0.00ns)   --->   "%specinterface_ln0 = specinterface void @_ssdm_op_SpecInterface, i8 %K_1_1, void @empty_9, i32 0, i32 0, void @empty_28, i32 0, i32 0, void @empty_28, void @empty_28, void @empty_28, i32 0, i32 0, i32 0, i32 0, void @empty_28, void @empty_28, i32 4294967295, i32 0"   --->   Operation 94 'specinterface' 'specinterface_ln0' <Predicate = true> <Delay = 0.00>
ST_16 : Operation 95 [1/1] (0.00ns)   --->   "%empty_204 = specchannel i32 @_ssdm_op_SpecChannel, void @V_1_0_str, i32 1, void @p_str, void @p_str, i32 2, i32 2, i8 %V_1_0, i8 %V_1_0"   --->   Operation 95 'specchannel' 'empty_204' <Predicate = true> <Delay = 0.00>
ST_16 : Operation 96 [1/1] (0.00ns)   --->   "%specinterface_ln0 = specinterface void @_ssdm_op_SpecInterface, i8 %V_1_0, void @empty_9, i32 0, i32 0, void @empty_28, i32 0, i32 0, void @empty_28, void @empty_28, void @empty_28, i32 0, i32 0, i32 0, i32 0, void @empty_28, void @empty_28, i32 4294967295, i32 0"   --->   Operation 96 'specinterface' 'specinterface_ln0' <Predicate = true> <Delay = 0.00>
ST_16 : Operation 97 [1/1] (0.00ns)   --->   "%empty_205 = specchannel i32 @_ssdm_op_SpecChannel, void @V_1_1_str, i32 1, void @p_str, void @p_str, i32 2, i32 2, i8 %V_1_1, i8 %V_1_1"   --->   Operation 97 'specchannel' 'empty_205' <Predicate = true> <Delay = 0.00>
ST_16 : Operation 98 [1/1] (0.00ns)   --->   "%specinterface_ln0 = specinterface void @_ssdm_op_SpecInterface, i8 %V_1_1, void @empty_9, i32 0, i32 0, void @empty_28, i32 0, i32 0, void @empty_28, void @empty_28, void @empty_28, i32 0, i32 0, i32 0, i32 0, void @empty_28, void @empty_28, i32 4294967295, i32 0"   --->   Operation 98 'specinterface' 'specinterface_ln0' <Predicate = true> <Delay = 0.00>
ST_16 : Operation 99 [1/1] (0.00ns)   --->   "%empty_206 = specchannel i32 @_ssdm_op_SpecChannel, void @A_0_str, i32 1, void @p_str, void @p_str, i32 2, i32 2, i8 %A_0, i8 %A_0"   --->   Operation 99 'specchannel' 'empty_206' <Predicate = true> <Delay = 0.00>
ST_16 : Operation 100 [1/1] (0.00ns)   --->   "%specinterface_ln0 = specinterface void @_ssdm_op_SpecInterface, i8 %A_0, void @empty_9, i32 0, i32 0, void @empty_28, i32 0, i32 0, void @empty_28, void @empty_28, void @empty_28, i32 0, i32 0, i32 0, i32 0, void @empty_28, void @empty_28, i32 4294967295, i32 0"   --->   Operation 100 'specinterface' 'specinterface_ln0' <Predicate = true> <Delay = 0.00>
ST_16 : Operation 101 [1/1] (0.00ns)   --->   "%empty_207 = specchannel i32 @_ssdm_op_SpecChannel, void @A_1_str, i32 1, void @p_str, void @p_str, i32 2, i32 2, i8 %A_1, i8 %A_1"   --->   Operation 101 'specchannel' 'empty_207' <Predicate = true> <Delay = 0.00>
ST_16 : Operation 102 [1/1] (0.00ns)   --->   "%specinterface_ln0 = specinterface void @_ssdm_op_SpecInterface, i8 %A_1, void @empty_9, i32 0, i32 0, void @empty_28, i32 0, i32 0, void @empty_28, void @empty_28, void @empty_28, i32 0, i32 0, i32 0, i32 0, void @empty_28, void @empty_28, i32 4294967295, i32 0"   --->   Operation 102 'specinterface' 'specinterface_ln0' <Predicate = true> <Delay = 0.00>
ST_16 : Operation 103 [1/1] (0.00ns)   --->   "%empty_208 = specchannel i32 @_ssdm_op_SpecChannel, void @A_s_0_str, i32 1, void @p_str, void @p_str, i32 2, i32 2, i8 %A_s_0, i8 %A_s_0"   --->   Operation 103 'specchannel' 'empty_208' <Predicate = true> <Delay = 0.00>
ST_16 : Operation 104 [1/1] (0.00ns)   --->   "%specinterface_ln0 = specinterface void @_ssdm_op_SpecInterface, i8 %A_s_0, void @empty_9, i32 0, i32 0, void @empty_28, i32 0, i32 0, void @empty_28, void @empty_28, void @empty_28, i32 0, i32 0, i32 0, i32 0, void @empty_28, void @empty_28, i32 4294967295, i32 0"   --->   Operation 104 'specinterface' 'specinterface_ln0' <Predicate = true> <Delay = 0.00>
ST_16 : Operation 105 [1/1] (0.00ns)   --->   "%empty_209 = specchannel i32 @_ssdm_op_SpecChannel, void @A_s_1_str, i32 1, void @p_str, void @p_str, i32 2, i32 2, i8 %A_s_1, i8 %A_s_1"   --->   Operation 105 'specchannel' 'empty_209' <Predicate = true> <Delay = 0.00>
ST_16 : Operation 106 [1/1] (0.00ns)   --->   "%specinterface_ln0 = specinterface void @_ssdm_op_SpecInterface, i8 %A_s_1, void @empty_9, i32 0, i32 0, void @empty_28, i32 0, i32 0, void @empty_28, void @empty_28, void @empty_28, i32 0, i32 0, i32 0, i32 0, void @empty_28, void @empty_28, i32 4294967295, i32 0"   --->   Operation 106 'specinterface' 'specinterface_ln0' <Predicate = true> <Delay = 0.00>
ST_16 : Operation 107 [1/1] (0.00ns)   --->   "%empty_210 = specchannel i32 @_ssdm_op_SpecChannel, void @A_sx_0_str, i32 1, void @p_str, void @p_str, i32 2, i32 2, i8 %A_sx_0, i8 %A_sx_0"   --->   Operation 107 'specchannel' 'empty_210' <Predicate = true> <Delay = 0.00>
ST_16 : Operation 108 [1/1] (0.00ns)   --->   "%specinterface_ln0 = specinterface void @_ssdm_op_SpecInterface, i8 %A_sx_0, void @empty_9, i32 0, i32 0, void @empty_28, i32 0, i32 0, void @empty_28, void @empty_28, void @empty_28, i32 0, i32 0, i32 0, i32 0, void @empty_28, void @empty_28, i32 4294967295, i32 0"   --->   Operation 108 'specinterface' 'specinterface_ln0' <Predicate = true> <Delay = 0.00>
ST_16 : Operation 109 [1/1] (0.00ns)   --->   "%empty_211 = specchannel i32 @_ssdm_op_SpecChannel, void @A_sx_1_str, i32 1, void @p_str, void @p_str, i32 2, i32 2, i8 %A_sx_1, i8 %A_sx_1"   --->   Operation 109 'specchannel' 'empty_211' <Predicate = true> <Delay = 0.00>
ST_16 : Operation 110 [1/1] (0.00ns)   --->   "%specinterface_ln0 = specinterface void @_ssdm_op_SpecInterface, i8 %A_sx_1, void @empty_9, i32 0, i32 0, void @empty_28, i32 0, i32 0, void @empty_28, void @empty_28, void @empty_28, i32 0, i32 0, i32 0, i32 0, void @empty_28, void @empty_28, i32 4294967295, i32 0"   --->   Operation 110 'specinterface' 'specinterface_ln0' <Predicate = true> <Delay = 0.00>
ST_16 : Operation 111 [1/1] (0.00ns)   --->   "%empty_212 = specchannel i32 @_ssdm_op_SpecChannel, void @head_out_0_str, i32 1, void @p_str, void @p_str, i32 2, i32 2, i8 %head_out_0, i8 %head_out_0"   --->   Operation 111 'specchannel' 'empty_212' <Predicate = true> <Delay = 0.00>
ST_16 : Operation 112 [1/1] (0.00ns)   --->   "%specinterface_ln0 = specinterface void @_ssdm_op_SpecInterface, i8 %head_out_0, void @empty_9, i32 0, i32 0, void @empty_28, i32 0, i32 0, void @empty_28, void @empty_28, void @empty_28, i32 0, i32 0, i32 0, i32 0, void @empty_28, void @empty_28, i32 4294967295, i32 0"   --->   Operation 112 'specinterface' 'specinterface_ln0' <Predicate = true> <Delay = 0.00>
ST_16 : Operation 113 [1/1] (0.00ns)   --->   "%empty_213 = specchannel i32 @_ssdm_op_SpecChannel, void @head_out_1_str, i32 1, void @p_str, void @p_str, i32 2, i32 2, i8 %head_out_1, i8 %head_out_1"   --->   Operation 113 'specchannel' 'empty_213' <Predicate = true> <Delay = 0.00>
ST_16 : Operation 114 [1/1] (0.00ns)   --->   "%specinterface_ln0 = specinterface void @_ssdm_op_SpecInterface, i8 %head_out_1, void @empty_9, i32 0, i32 0, void @empty_28, i32 0, i32 0, void @empty_28, void @empty_28, void @empty_28, i32 0, i32 0, i32 0, i32 0, void @empty_28, void @empty_28, i32 4294967295, i32 0"   --->   Operation 114 'specinterface' 'specinterface_ln0' <Predicate = true> <Delay = 0.00>
ST_16 : Operation 115 [1/2] (0.00ns)   --->   "%call_ln301 = call void @Out_linear_tiled, i8 %Out_r, i64 %in_o_read, i8 %out_linear, i8 %out_mha8, i13 %bias_h_0_V" [/home/fede/PhD/transformer-hls/hls/src/attention/MultiHeadAttention_tiled.cpp:301]   --->   Operation 115 'call' 'call_ln301' <Predicate = true> <Delay = 0.00> <CoreType = "Generic">   --->   Core 0 '' <Latency = 0> <II = 1> <Delay = 1.00> <Generic> <Opcode : >
ST_16 : Operation 116 [1/1] (0.00ns)   --->   "%ret_ln302 = ret" [/home/fede/PhD/transformer-hls/hls/src/attention/MultiHeadAttention_tiled.cpp:302]   --->   Operation 116 'ret' 'ret_ln302' <Predicate = true> <Delay = 0.00>


============================================================
+ Verbose Summary: Timing violations
============================================================
Target clock period: 10ns, clock uncertainty: 2.7ns.

 <State 1>: 0ns
The critical path consists of the following:

 <State 2>: 0ns
The critical path consists of the following:

 <State 3>: 0ns
The critical path consists of the following:

 <State 4>: 0ns
The critical path consists of the following:

 <State 5>: 0ns
The critical path consists of the following:

 <State 6>: 0ns
The critical path consists of the following:

 <State 7>: 0ns
The critical path consists of the following:

 <State 8>: 0ns
The critical path consists of the following:

 <State 9>: 0ns
The critical path consists of the following:

 <State 10>: 0ns
The critical path consists of the following:

 <State 11>: 0ns
The critical path consists of the following:

 <State 12>: 0ns
The critical path consists of the following:

 <State 13>: 0ns
The critical path consists of the following:

 <State 14>: 0ns
The critical path consists of the following:

 <State 15>: 0ns
The critical path consists of the following:

 <State 16>: 0ns
The critical path consists of the following:


============================================================
+ Verbose Summary: Binding
============================================================
N/A
* FSMD analyzer results:
  - Output states:
 - Input state : 
  - Chain level:
	State 1
	State 2
	State 3
	State 4
	State 5
	State 6
	State 7
	State 8
	State 9
	State 10
	State 11
	State 12
	State 13
	State 14
	State 15
	State 16


============================================================
+ Verbose Summary: Datapath Resource usage 
============================================================
N/A
