

================================================================
== Vitis HLS Report for 'packer_to_packs_1_1_1_ap_int_8_s'
================================================================
* Date:           Tue Jun 23 12:41:36 2026

* Version:        2022.2 (Build 3670227 on Oct 13 2022)
* Project:        ViT_Block
* Solution:       ViT_Block (Vivado IP Flow Target)
* Product family: virtexuplus
* Target device:  xcu250-figd2104-2L-e


================================================================
== Performance Estimates
================================================================
+ Timing: 
    * Summary: 
    +--------+----------+----------+------------+
    |  Clock |  Target  | Estimated| Uncertainty|
    +--------+----------+----------+------------+
    |ap_clk  |  10.00 ns|  2.500 ns|     2.70 ns|
    +--------+----------+----------+------------+

+ Latency: 
    * Summary: 
    +---------+---------+----------+----------+-----+-----+---------+
    |  Latency (cycles) |  Latency (absolute) |  Interval | Pipeline|
    |   min   |   max   |    min   |    max   | min | max |   Type  |
    +---------+---------+----------+----------+-----+-----+---------+
    |        ?|        ?|         ?|         ?|    ?|    ?|       no|
    +---------+---------+----------+----------+-----+-----+---------+

    + Detail: 
        * Instance: 
        N/A

        * Loop: 
        +--------------------+---------+---------+----------+-----------+-----------+------+----------+
        |                    |  Latency (cycles) | Iteration|  Initiation Interval  | Trip |          |
        |      Loop Name     |   min   |   max   |  Latency |  achieved |   target  | Count| Pipelined|
        +--------------------+---------+---------+----------+-----------+-----------+------+----------+
        |- VITIS_LOOP_591_1  |        ?|        ?|         2|          1|          1|     ?|       yes|
        +--------------------+---------+---------+----------+-----------+-----------+------+----------+



================================================================
== Utilization Estimates
================================================================
* Summary: 
+---------------------+---------+-------+---------+---------+------+
|         Name        | BRAM_18K|  DSP  |    FF   |   LUT   | URAM |
+---------------------+---------+-------+---------+---------+------+
|DSP                  |        -|      -|        -|        -|     -|
|Expression           |        -|      -|        0|      283|     -|
|FIFO                 |        -|      -|        -|        -|     -|
|Instance             |        -|      -|        -|        -|     -|
|Memory               |        -|      -|        -|        -|     -|
|Multiplexer          |        -|      -|        -|       82|     -|
|Register             |        -|      -|       89|        -|     -|
+---------------------+---------+-------+---------+---------+------+
|Total                |        0|      0|       89|      365|     0|
+---------------------+---------+-------+---------+---------+------+
|Available SLR        |     1344|   3072|   864000|   432000|   320|
+---------------------+---------+-------+---------+---------+------+
|Utilization SLR (%)  |        0|      0|       ~0|       ~0|     0|
+---------------------+---------+-------+---------+---------+------+
|Available            |     5376|  12288|  3456000|  1728000|  1280|
+---------------------+---------+-------+---------+---------+------+
|Utilization (%)      |        0|      0|       ~0|       ~0|     0|
+---------------------+---------+-------+---------+---------+------+

+ Detail: 
    * Instance: 
    N/A

    * DSP: 
    N/A

    * Memory: 
    N/A

    * FIFO: 
    N/A

    * Expression: 
    +----------------------------------+----------+----+---+----+------------+------------+
    |           Variable Name          | Operation| DSP| FF| LUT| Bitwidth P0| Bitwidth P1|
    +----------------------------------+----------+----+---+----+------------+------------+
    |produced_2_fu_122_p2              |         +|   0|  0|  39|          32|           1|
    |valid_2_fu_142_p2                 |         +|   0|  0|  39|          32|           4|
    |valid_3_fu_116_p2                 |         +|   0|  0|  39|          32|           5|
    |and_ln368_fu_195_p2               |       and|   0|  0|  16|          16|          16|
    |ap_block_pp0_stage0_01001         |       and|   0|  0|   2|           1|           1|
    |ap_condition_238                  |       and|   0|  0|   2|           1|           1|
    |ap_condition_241                  |       and|   0|  0|   2|           1|           1|
    |icmp_ln591_fu_94_p2               |      icmp|   0|  0|  20|          32|           1|
    |icmp_ln593_fu_110_p2              |      icmp|   0|  0|  18|          29|           1|
    |ap_block_state3_pp0_stage0_iter2  |        or|   0|  0|   2|           1|           1|
    |p_Result_s_fu_211_p2              |        or|   0|  0|  16|          16|          16|
    |shl_ln368_1_fu_205_p2             |       shl|   0|  0|  35|          16|          16|
    |shl_ln368_fu_183_p2               |       shl|   0|  0|  35|           8|          16|
    |ap_enable_pp0                     |       xor|   0|  0|   2|           1|           2|
    |xor_ln368_fu_189_p2               |       xor|   0|  0|  16|          16|           2|
    +----------------------------------+----------+----+---+----+------------+------------+
    |Total                             |          |   0|  0| 283|         234|          84|
    +----------------------------------+----------+----+---+----+------------+------------+

    * Multiplexer: 
    +-------------------------+----+-----------+-----+-----------+
    |           Name          | LUT| Input Size| Bits| Total Bits|
    +-------------------------+----+-----------+-----+-----------+
    |ap_done_int              |   9|          2|    1|          2|
    |ap_enable_reg_pp0_iter1  |   9|          2|    1|          2|
    |ap_enable_reg_pp0_iter2  |   9|          2|    1|          2|
    |burst_reads2_blk_n       |   9|          2|    1|          2|
    |out_w1_blk_n             |   9|          2|    1|          2|
    |p_Val2_s_fu_52           |  14|          3|   16|         48|
    |produced_fu_56           |   9|          2|   32|         64|
    |valid_fu_48              |  14|          3|   32|         96|
    +-------------------------+----+-----------+-----+-----------+
    |Total                    |  82|         18|   85|        218|
    +-------------------------+----+-----------+-----+-----------+

    * Register: 
    +-------------------------+----+----+-----+-----------+
    |           Name          | FF | LUT| Bits| Const Bits|
    +-------------------------+----+----+-----+-----------+
    |ap_CS_fsm                |   1|   0|    1|          0|
    |ap_done_reg              |   1|   0|    1|          0|
    |ap_enable_reg_pp0_iter1  |   1|   0|    1|          0|
    |ap_enable_reg_pp0_iter2  |   1|   0|    1|          0|
    |icmp_ln593_reg_248       |   1|   0|    1|          0|
    |p_Val2_s_fu_52           |  16|   0|   16|          0|
    |produced_fu_56           |  32|   0|   32|          0|
    |trunc_ln368_reg_252      |   4|   0|    4|          0|
    |valid_fu_48              |  32|   0|   32|          0|
    +-------------------------+----+----+-----+-----------+
    |Total                    |  89|   0|   89|          0|
    +-------------------------+----+----+-----+-----------+



================================================================
== Interface
================================================================
* Summary: 
+-----------------------+-----+-----+------------+--------------------------------------+--------------+
|       RTL Ports       | Dir | Bits|  Protocol  |             Source Object            |    C Type    |
+-----------------------+-----+-----+------------+--------------------------------------+--------------+
|ap_clk                 |   in|    1|  ap_ctrl_hs|  packer_to_packs<1, 1, 1, ap_int<8> >|  return value|
|ap_rst                 |   in|    1|  ap_ctrl_hs|  packer_to_packs<1, 1, 1, ap_int<8> >|  return value|
|ap_start               |   in|    1|  ap_ctrl_hs|  packer_to_packs<1, 1, 1, ap_int<8> >|  return value|
|ap_done                |  out|    1|  ap_ctrl_hs|  packer_to_packs<1, 1, 1, ap_int<8> >|  return value|
|ap_idle                |  out|    1|  ap_ctrl_hs|  packer_to_packs<1, 1, 1, ap_int<8> >|  return value|
|ap_ready               |  out|    1|  ap_ctrl_hs|  packer_to_packs<1, 1, 1, ap_int<8> >|  return value|
|out_w1_din             |  out|    8|     ap_fifo|                                out_w1|       pointer|
|out_w1_num_data_valid  |   in|    7|     ap_fifo|                                out_w1|       pointer|
|out_w1_fifo_cap        |   in|    7|     ap_fifo|                                out_w1|       pointer|
|out_w1_full_n          |   in|    1|     ap_fifo|                                out_w1|       pointer|
|out_w1_write           |  out|    1|     ap_fifo|                                out_w1|       pointer|
|burst_reads2_dout      |   in|    8|     ap_fifo|                          burst_reads2|       pointer|
|burst_reads2_empty_n   |   in|    1|     ap_fifo|                          burst_reads2|       pointer|
|burst_reads2_read      |  out|    1|     ap_fifo|                          burst_reads2|       pointer|
+-----------------------+-----+-----+------------+--------------------------------------+--------------+

============================================================
+ Verbose Summary: Synthesis Manager
============================================================
InlineROM: 1
ExposeGlobal: 0
============================================================
+ Verbose Summary: CDFG Model
============================================================
IsTopModel: 0
ResetActiveHigh: 1
IsCombinational: 2
IsDatapathOnly: 2
HasWiredReturn: 1
HasMFsm: 2
HasVarLatency: 1
IsPipeline: 0
IsRtlPipelined: 0
IsInstanceOverlapped: 0
IsDontTouch: 0
HasImplIP: 0
IsGatedGlobalClock: 0

+ Individual pipeline summary: 
  * Pipeline-0: initiation interval (II) = 1, depth = 3


============================================================
+ Verbose Summary: Schedule
============================================================
* Number of FSM states : 3
* Pipeline : 1
  Pipeline-0 : II = 1, D = 3, States = { 1 2 3 }
* Dataflow Pipeline: 0

* FSM state transitions: 
1 --> 2 
2 --> 3 
3 --> 

* FSM state operations: 

State 1 <SV = 0> <Delay = 0.41>
ST_1 : Operation 5 [1/1] (0.00ns)   --->   "%valid = alloca i32 1"   --->   Operation 5 'alloca' 'valid' <Predicate = true> <Delay = 0.00>
ST_1 : Operation 6 [1/1] (0.00ns)   --->   "%p_Val2_s = alloca i32 1"   --->   Operation 6 'alloca' 'p_Val2_s' <Predicate = true> <Delay = 0.00>
ST_1 : Operation 7 [1/1] (0.00ns)   --->   "%produced = alloca i32 1"   --->   Operation 7 'alloca' 'produced' <Predicate = true> <Delay = 0.00>
ST_1 : Operation 8 [1/1] (0.00ns)   --->   "%specinterface_ln0 = specinterface void @_ssdm_op_SpecInterface, i8 %burst_reads2, void @empty_9, i32 0, i32 0, void @empty_28, i32 0, i32 0, void @empty_28, void @empty_28, void @empty_28, i32 0, i32 0, i32 0, i32 0, void @empty_28, void @empty_28, i32 4294967295, i32 0"   --->   Operation 8 'specinterface' 'specinterface_ln0' <Predicate = true> <Delay = 0.00>
ST_1 : Operation 9 [1/1] (0.00ns)   --->   "%specinterface_ln0 = specinterface void @_ssdm_op_SpecInterface, i8 %out_w1, void @empty_9, i32 0, i32 0, void @empty_28, i32 0, i32 0, void @empty_28, void @empty_28, void @empty_28, i32 0, i32 0, i32 0, i32 0, void @empty_28, void @empty_28, i32 4294967295, i32 0"   --->   Operation 9 'specinterface' 'specinterface_ln0' <Predicate = true> <Delay = 0.00>
ST_1 : Operation 10 [1/1] (0.38ns)   --->   "%store_ln591 = store i32 0, i32 %produced" [/home/fede/PhD/transformer-hls/hls/include/linear.h:591]   --->   Operation 10 'store' 'store_ln591' <Predicate = true> <Delay = 0.38>
ST_1 : Operation 11 [1/1] (0.41ns)   --->   "%store_ln591 = store i16 0, i16 %p_Val2_s" [/home/fede/PhD/transformer-hls/hls/include/linear.h:591]   --->   Operation 11 'store' 'store_ln591' <Predicate = true> <Delay = 0.41>
ST_1 : Operation 12 [1/1] (0.41ns)   --->   "%store_ln591 = store i32 0, i32 %valid" [/home/fede/PhD/transformer-hls/hls/include/linear.h:591]   --->   Operation 12 'store' 'store_ln591' <Predicate = true> <Delay = 0.41>
ST_1 : Operation 13 [1/1] (0.00ns)   --->   "%br_ln591 = br void %for.cond" [/home/fede/PhD/transformer-hls/hls/include/linear.h:591]   --->   Operation 13 'br' 'br_ln591' <Predicate = true> <Delay = 0.00>

State 2 <SV = 1> <Delay = 1.29>
ST_2 : Operation 14 [1/1] (0.00ns)   --->   "%valid_1 = load i32 %valid"   --->   Operation 14 'load' 'valid_1' <Predicate = true> <Delay = 0.00>
ST_2 : Operation 15 [1/1] (0.00ns)   --->   "%produced_1 = load i32 %produced" [/home/fede/PhD/transformer-hls/hls/include/linear.h:602]   --->   Operation 15 'load' 'produced_1' <Predicate = true> <Delay = 0.00>
ST_2 : Operation 16 [1/1] (0.85ns)   --->   "%icmp_ln591 = icmp_slt  i32 %produced_1, i32 1" [/home/fede/PhD/transformer-hls/hls/include/linear.h:591]   --->   Operation 16 'icmp' 'icmp_ln591' <Predicate = true> <Delay = 0.85> <CoreInst = "Cmp">   --->   Core 9 'Cmp' <Latency = 0> <II = 1> <Delay = 0.85> <FuncUnit> <Opcode : 'icmp'> <InPorts = 2> <OutPorts = 1>
ST_2 : Operation 17 [1/1] (0.00ns)   --->   "%br_ln591 = br i1 %icmp_ln591, void %for.end, void %for.body" [/home/fede/PhD/transformer-hls/hls/include/linear.h:591]   --->   Operation 17 'br' 'br_ln591' <Predicate = true> <Delay = 0.00>
ST_2 : Operation 18 [1/1] (0.00ns)   --->   "%tmp = partselect i29 @_ssdm_op_PartSelect.i29.i32.i32.i32, i32 %valid_1, i32 3, i32 31" [/home/fede/PhD/transformer-hls/hls/include/linear.h:593]   --->   Operation 18 'partselect' 'tmp' <Predicate = (icmp_ln591)> <Delay = 0.00>
ST_2 : Operation 19 [1/1] (0.82ns)   --->   "%icmp_ln593 = icmp_slt  i29 %tmp, i29 1" [/home/fede/PhD/transformer-hls/hls/include/linear.h:593]   --->   Operation 19 'icmp' 'icmp_ln593' <Predicate = (icmp_ln591)> <Delay = 0.82> <CoreInst = "Cmp">   --->   Core 9 'Cmp' <Latency = 0> <II = 1> <Delay = 0.82> <FuncUnit> <Opcode : 'icmp'> <InPorts = 2> <OutPorts = 1>
ST_2 : Operation 20 [1/1] (0.00ns)   --->   "%br_ln593 = br i1 %icmp_ln593, void %_ZrSILi16ELb0EER11ap_int_baseIXT_EXT0_EES2_i.exit, void %if.then" [/home/fede/PhD/transformer-hls/hls/include/linear.h:593]   --->   Operation 20 'br' 'br_ln593' <Predicate = (icmp_ln591)> <Delay = 0.00>
ST_2 : Operation 21 [1/1] (0.88ns)   --->   "%valid_3 = add i32 %valid_1, i32 4294967288" [/home/fede/PhD/transformer-hls/hls/include/linear.h:601]   --->   Operation 21 'add' 'valid_3' <Predicate = (icmp_ln591 & !icmp_ln593)> <Delay = 0.88> <CoreInst = "Adder">   --->   Core 1 'Adder' <Latency = 0> <II = 1> <Delay = 0.88> <FuncUnit> <Opcode : 'add' 'sub'> <InPorts = 2> <OutPorts = 1>
ST_2 : Operation 22 [1/1] (0.88ns)   --->   "%produced_2 = add i32 %produced_1, i32 1" [/home/fede/PhD/transformer-hls/hls/include/linear.h:602]   --->   Operation 22 'add' 'produced_2' <Predicate = (icmp_ln591 & !icmp_ln593)> <Delay = 0.88> <CoreInst = "Adder">   --->   Core 1 'Adder' <Latency = 0> <II = 1> <Delay = 0.88> <FuncUnit> <Opcode : 'add' 'sub'> <InPorts = 2> <OutPorts = 1>
ST_2 : Operation 23 [1/1] (0.38ns)   --->   "%store_ln602 = store i32 %produced_2, i32 %produced" [/home/fede/PhD/transformer-hls/hls/include/linear.h:602]   --->   Operation 23 'store' 'store_ln602' <Predicate = (icmp_ln591 & !icmp_ln593)> <Delay = 0.38>
ST_2 : Operation 24 [1/1] (0.41ns)   --->   "%store_ln601 = store i32 %valid_3, i32 %valid" [/home/fede/PhD/transformer-hls/hls/include/linear.h:601]   --->   Operation 24 'store' 'store_ln601' <Predicate = (icmp_ln591 & !icmp_ln593)> <Delay = 0.41>
ST_2 : Operation 25 [1/1] (0.00ns)   --->   "%trunc_ln368 = trunc i32 %valid_1"   --->   Operation 25 'trunc' 'trunc_ln368' <Predicate = (icmp_ln591 & icmp_ln593)> <Delay = 0.00>
ST_2 : Operation 26 [1/1] (0.88ns)   --->   "%valid_2 = add i32 %valid_1, i32 8" [/home/fede/PhD/transformer-hls/hls/include/linear.h:596]   --->   Operation 26 'add' 'valid_2' <Predicate = (icmp_ln591 & icmp_ln593)> <Delay = 0.88> <CoreInst = "Adder">   --->   Core 1 'Adder' <Latency = 0> <II = 1> <Delay = 0.88> <FuncUnit> <Opcode : 'add' 'sub'> <InPorts = 2> <OutPorts = 1>
ST_2 : Operation 27 [1/1] (0.41ns)   --->   "%store_ln597 = store i32 %valid_2, i32 %valid" [/home/fede/PhD/transformer-hls/hls/include/linear.h:597]   --->   Operation 27 'store' 'store_ln597' <Predicate = (icmp_ln591 & icmp_ln593)> <Delay = 0.41>
ST_2 : Operation 28 [1/1] (0.00ns)   --->   "%br_ln591 = br void %for.cond" [/home/fede/PhD/transformer-hls/hls/include/linear.h:591]   --->   Operation 28 'br' 'br_ln591' <Predicate = (icmp_ln591)> <Delay = 0.00>
ST_2 : Operation 48 [1/1] (0.00ns)   --->   "%ret_ln605 = ret" [/home/fede/PhD/transformer-hls/hls/include/linear.h:605]   --->   Operation 48 'ret' 'ret_ln605' <Predicate = (!icmp_ln591)> <Delay = 0.00>

State 3 <SV = 2> <Delay = 2.50>
ST_3 : Operation 29 [1/1] (0.00ns)   --->   "%specpipeline_ln592 = specpipeline void @_ssdm_op_SpecPipeline, i32 1, i32 0, i32 0, i32 0, void @empty_28" [/home/fede/PhD/transformer-hls/hls/include/linear.h:592]   --->   Operation 29 'specpipeline' 'specpipeline_ln592' <Predicate = true> <Delay = 0.00>
ST_3 : Operation 30 [1/1] (0.00ns)   --->   "%specloopname_ln593 = specloopname void @_ssdm_op_SpecLoopName, void @empty_15" [/home/fede/PhD/transformer-hls/hls/include/linear.h:593]   --->   Operation 30 'specloopname' 'specloopname_ln593' <Predicate = true> <Delay = 0.00>
ST_3 : Operation 31 [1/1] (0.00ns)   --->   "%p_Val2_load = load i16 %p_Val2_s"   --->   Operation 31 'load' 'p_Val2_load' <Predicate = true> <Delay = 0.00>
ST_3 : Operation 32 [1/1] (0.00ns)   --->   "%out_V = trunc i16 %p_Val2_load"   --->   Operation 32 'trunc' 'out_V' <Predicate = (!icmp_ln593)> <Delay = 0.00>
ST_3 : Operation 33 [1/1] (1.35ns)   --->   "%write_ln599 = write void @_ssdm_op_Write.ap_fifo.volatile.i8P0A, i8 %out_w1, i8 %out_V" [/home/fede/PhD/transformer-hls/hls/include/linear.h:599]   --->   Operation 33 'write' 'write_ln599' <Predicate = (!icmp_ln593)> <Delay = 1.35> <CoreInst = "FIFO_SRL">   --->   Core 81 'FIFO_SRL' <Latency = 0> <II = 1> <Delay = 1.35> <Storage> <Opcode : 'read' 'write' 'nbread' 'nbwrite'> <Ports = 0> <Width = 8> <Depth = 64> <FIFO>
ST_3 : Operation 34 [1/1] (0.00ns)   --->   "%buf_V_1 = partselect i8 @_ssdm_op_PartSelect.i8.i16.i32.i32, i16 %p_Val2_load, i32 8, i32 15"   --->   Operation 34 'partselect' 'buf_V_1' <Predicate = (!icmp_ln593)> <Delay = 0.00>
ST_3 : Operation 35 [1/1] (0.00ns)   --->   "%zext_ln998 = zext i8 %buf_V_1"   --->   Operation 35 'zext' 'zext_ln998' <Predicate = (!icmp_ln593)> <Delay = 0.00>
ST_3 : Operation 36 [1/1] (0.41ns)   --->   "%store_ln998 = store i16 %zext_ln998, i16 %p_Val2_s"   --->   Operation 36 'store' 'store_ln998' <Predicate = (!icmp_ln593)> <Delay = 0.41>
ST_3 : Operation 37 [1/1] (0.00ns)   --->   "%br_ln0 = br void %if.end"   --->   Operation 37 'br' 'br_ln0' <Predicate = (!icmp_ln593)> <Delay = 0.00>
ST_3 : Operation 38 [1/1] (1.35ns)   --->   "%beat_V = read i8 @_ssdm_op_Read.ap_fifo.volatile.i8P0A, i8 %burst_reads2" [/home/fede/PhD/transformer-hls/hls/include/linear.h:594]   --->   Operation 38 'read' 'beat_V' <Predicate = (icmp_ln593)> <Delay = 1.35> <CoreInst = "FIFO_SRL">   --->   Core 81 'FIFO_SRL' <Latency = 0> <II = 1> <Delay = 1.35> <Storage> <Opcode : 'read' 'write' 'nbread' 'nbwrite'> <Ports = 0> <Width = 8> <Depth = 64> <FIFO>
ST_3 : Operation 39 [1/1] (0.00ns)   --->   "%zext_ln368 = zext i4 %trunc_ln368"   --->   Operation 39 'zext' 'zext_ln368' <Predicate = (icmp_ln593)> <Delay = 0.00>
ST_3 : Operation 40 [1/1] (0.00ns) (grouped into LUT with out node p_Result_s)   --->   "%shl_ln368 = shl i16 255, i16 %zext_ln368"   --->   Operation 40 'shl' 'shl_ln368' <Predicate = (icmp_ln593)> <Delay = 0.00> <CoreInst = "Shifter">   --->   Core 75 'Shifter' <Latency = 0> <II = 1> <Delay = 0.84> <FuncUnit> <Opcode : 'shl' 'lshr' 'ashr'> <InPorts = 2> <OutPorts = 1>
ST_3 : Operation 41 [1/1] (0.00ns) (grouped into LUT with out node p_Result_s)   --->   "%xor_ln368 = xor i16 %shl_ln368, i16 65535"   --->   Operation 41 'xor' 'xor_ln368' <Predicate = (icmp_ln593)> <Delay = 0.00> <CoreInst = "LogicGate">   --->   Core 74 'LogicGate' <Latency = 0> <II = 1> <Delay = 0.29> <FuncUnit> <Opcode : 'and' 'or' 'xor'> <InPorts = 2> <OutPorts = 1>
ST_3 : Operation 42 [1/1] (0.00ns) (grouped into LUT with out node p_Result_s)   --->   "%and_ln368 = and i16 %p_Val2_load, i16 %xor_ln368"   --->   Operation 42 'and' 'and_ln368' <Predicate = (icmp_ln593)> <Delay = 0.00> <CoreInst = "LogicGate">   --->   Core 74 'LogicGate' <Latency = 0> <II = 1> <Delay = 0.29> <FuncUnit> <Opcode : 'and' 'or' 'xor'> <InPorts = 2> <OutPorts = 1>
ST_3 : Operation 43 [1/1] (0.00ns) (grouped into LUT with out node p_Result_s)   --->   "%zext_ln368_1 = zext i8 %beat_V"   --->   Operation 43 'zext' 'zext_ln368_1' <Predicate = (icmp_ln593)> <Delay = 0.00>
ST_3 : Operation 44 [1/1] (0.00ns) (grouped into LUT with out node p_Result_s)   --->   "%shl_ln368_1 = shl i16 %zext_ln368_1, i16 %zext_ln368"   --->   Operation 44 'shl' 'shl_ln368_1' <Predicate = (icmp_ln593)> <Delay = 0.00> <CoreInst = "Shifter">   --->   Core 75 'Shifter' <Latency = 0> <II = 1> <Delay = 0.84> <FuncUnit> <Opcode : 'shl' 'lshr' 'ashr'> <InPorts = 2> <OutPorts = 1>
ST_3 : Operation 45 [1/1] (0.72ns) (out node of the LUT)   --->   "%p_Result_s = or i16 %and_ln368, i16 %shl_ln368_1"   --->   Operation 45 'or' 'p_Result_s' <Predicate = (icmp_ln593)> <Delay = 0.72> <CoreInst = "LogicGate">   --->   Core 74 'LogicGate' <Latency = 0> <II = 1> <Delay = 0.29> <FuncUnit> <Opcode : 'and' 'or' 'xor'> <InPorts = 2> <OutPorts = 1>
ST_3 : Operation 46 [1/1] (0.41ns)   --->   "%store_ln597 = store i16 %p_Result_s, i16 %p_Val2_s" [/home/fede/PhD/transformer-hls/hls/include/linear.h:597]   --->   Operation 46 'store' 'store_ln597' <Predicate = (icmp_ln593)> <Delay = 0.41>
ST_3 : Operation 47 [1/1] (0.00ns)   --->   "%br_ln597 = br void %if.end" [/home/fede/PhD/transformer-hls/hls/include/linear.h:597]   --->   Operation 47 'br' 'br_ln597' <Predicate = (icmp_ln593)> <Delay = 0.00>


============================================================
+ Verbose Summary: Binding
============================================================
STG Binding: 
---------------- STG Properties BEGIN ----------------
- Is combinational: 0
- Is one-state seq: 0
- Is datapath-only: 0
- Is pipelined: 0
- Is top level: 0
Port [ Return ] is wired: 1; IO mode=ap_ctrl_hs:ce=0
Port [ burst_reads2]:  wired=1; compound=1; hidden=0; nouse=0; global=0; static=0; extern=0; dir=0; type=3; pingpong=0; private_global=0; IO mode=ap_fifo:ce=0
Port [ out_w1]:  wired=1; compound=1; hidden=0; nouse=0; global=0; static=0; extern=0; dir=1; type=3; pingpong=0; private_global=0; IO mode=ap_fifo:ce=0
---------------- STG Properties END ------------------

---------------- Datapath Model BEGIN ----------------

<LifeTime>
<method=bitvector/>
valid              (alloca       ) [ 0110]
p_Val2_s           (alloca       ) [ 0111]
produced           (alloca       ) [ 0110]
specinterface_ln0  (specinterface) [ 0000]
specinterface_ln0  (specinterface) [ 0000]
store_ln591        (store        ) [ 0000]
store_ln591        (store        ) [ 0000]
store_ln591        (store        ) [ 0000]
br_ln591           (br           ) [ 0000]
valid_1            (load         ) [ 0000]
produced_1         (load         ) [ 0000]
icmp_ln591         (icmp         ) [ 0110]
br_ln591           (br           ) [ 0000]
tmp                (partselect   ) [ 0000]
icmp_ln593         (icmp         ) [ 0111]
br_ln593           (br           ) [ 0000]
valid_3            (add          ) [ 0000]
produced_2         (add          ) [ 0000]
store_ln602        (store        ) [ 0000]
store_ln601        (store        ) [ 0000]
trunc_ln368        (trunc        ) [ 0101]
valid_2            (add          ) [ 0000]
store_ln597        (store        ) [ 0000]
br_ln591           (br           ) [ 0000]
specpipeline_ln592 (specpipeline ) [ 0000]
specloopname_ln593 (specloopname ) [ 0000]
p_Val2_load        (load         ) [ 0000]
out_V              (trunc        ) [ 0000]
write_ln599        (write        ) [ 0000]
buf_V_1            (partselect   ) [ 0000]
zext_ln998         (zext         ) [ 0000]
store_ln998        (store        ) [ 0000]
br_ln0             (br           ) [ 0000]
beat_V             (read         ) [ 0000]
zext_ln368         (zext         ) [ 0000]
shl_ln368          (shl          ) [ 0000]
xor_ln368          (xor          ) [ 0000]
and_ln368          (and          ) [ 0000]
zext_ln368_1       (zext         ) [ 0000]
shl_ln368_1        (shl          ) [ 0000]
p_Result_s         (or           ) [ 0000]
store_ln597        (store        ) [ 0000]
br_ln597           (br           ) [ 0000]
ret_ln605          (ret          ) [ 0000]
</LifeTime>

<model>

<comp_list>
<comp id="0" class="1000" name="burst_reads2">
<pin_list>
<pin id="1" dir="1" index="0" bw="1" slack="0"/>
</pin_list>
<bind>
<StgValue><ssdm name="burst_reads2"/></StgValue>
</bind>
</comp>

<comp id="2" class="1000" name="out_w1">
<pin_list>
<pin id="3" dir="1" index="0" bw="1" slack="0"/>
</pin_list>
<bind>
<StgValue><ssdm name="out_w1"/></StgValue>
</bind>
</comp>

<comp id="4" class="1001" name="const_4">
<pin_list>
<pin id="5" dir="1" index="0" bw="1" slack="0"/>
</pin_list>
<bind>
<StgValue><ssdm name=""/></StgValue>
</bind>
</comp>

<comp id="6" class="1001" name="const_6">
<pin_list>
<pin id="7" dir="1" index="0" bw="1" slack="2147483647"/>
</pin_list>
<bind>
<StgValue><ssdm name="_ssdm_op_SpecInterface"/></StgValue>
</bind>
</comp>

<comp id="8" class="1001" name="const_8">
<pin_list>
<pin id="9" dir="1" index="0" bw="1" slack="2147483647"/>
</pin_list>
<bind>
<StgValue><ssdm name="empty_9"/></StgValue>
</bind>
</comp>

<comp id="10" class="1001" name="const_10">
<pin_list>
<pin id="11" dir="1" index="0" bw="1" slack="0"/>
</pin_list>
<bind>
<StgValue><ssdm name=""/></StgValue>
</bind>
</comp>

<comp id="12" class="1001" name="const_12">
<pin_list>
<pin id="13" dir="1" index="0" bw="1" slack="2147483647"/>
</pin_list>
<bind>
<StgValue><ssdm name="empty_28"/></StgValue>
</bind>
</comp>

<comp id="14" class="1001" name="const_14">
<pin_list>
<pin id="15" dir="1" index="0" bw="1" slack="2147483647"/>
</pin_list>
<bind>
<StgValue><ssdm name=""/></StgValue>
</bind>
</comp>

<comp id="16" class="1001" name="const_16">
<pin_list>
<pin id="17" dir="1" index="0" bw="1" slack="0"/>
</pin_list>
<bind>
<StgValue><ssdm name=""/></StgValue>
</bind>
</comp>

<comp id="18" class="1001" name="const_18">
<pin_list>
<pin id="19" dir="1" index="0" bw="1" slack="0"/>
</pin_list>
<bind>
<StgValue><ssdm name="_ssdm_op_PartSelect.i29.i32.i32.i32"/></StgValue>
</bind>
</comp>

<comp id="20" class="1001" name="const_20">
<pin_list>
<pin id="21" dir="1" index="0" bw="1" slack="0"/>
</pin_list>
<bind>
<StgValue><ssdm name=""/></StgValue>
</bind>
</comp>

<comp id="22" class="1001" name="const_22">
<pin_list>
<pin id="23" dir="1" index="0" bw="1" slack="0"/>
</pin_list>
<bind>
<StgValue><ssdm name=""/></StgValue>
</bind>
</comp>

<comp id="24" class="1001" name="const_24">
<pin_list>
<pin id="25" dir="1" index="0" bw="1" slack="0"/>
</pin_list>
<bind>
<StgValue><ssdm name=""/></StgValue>
</bind>
</comp>

<comp id="26" class="1001" name="const_26">
<pin_list>
<pin id="27" dir="1" index="0" bw="1" slack="0"/>
</pin_list>
<bind>
<StgValue><ssdm name=""/></StgValue>
</bind>
</comp>

<comp id="28" class="1001" name="const_28">
<pin_list>
<pin id="29" dir="1" index="0" bw="1" slack="0"/>
</pin_list>
<bind>
<StgValue><ssdm name=""/></StgValue>
</bind>
</comp>

<comp id="30" class="1001" name="const_30">
<pin_list>
<pin id="31" dir="1" index="0" bw="1" slack="2147483647"/>
</pin_list>
<bind>
<StgValue><ssdm name="_ssdm_op_SpecPipeline"/></StgValue>
</bind>
</comp>

<comp id="32" class="1001" name="const_32">
<pin_list>
<pin id="33" dir="1" index="0" bw="1" slack="2147483647"/>
</pin_list>
<bind>
<StgValue><ssdm name="_ssdm_op_SpecLoopName"/></StgValue>
</bind>
</comp>

<comp id="34" class="1001" name="const_34">
<pin_list>
<pin id="35" dir="1" index="0" bw="1" slack="2147483647"/>
</pin_list>
<bind>
<StgValue><ssdm name="empty_15"/></StgValue>
</bind>
</comp>

<comp id="36" class="1001" name="const_36">
<pin_list>
<pin id="37" dir="1" index="0" bw="1" slack="0"/>
</pin_list>
<bind>
<StgValue><ssdm name="_ssdm_op_Write.ap_fifo.volatile.i8P0A"/></StgValue>
</bind>
</comp>

<comp id="38" class="1001" name="const_38">
<pin_list>
<pin id="39" dir="1" index="0" bw="1" slack="0"/>
</pin_list>
<bind>
<StgValue><ssdm name="_ssdm_op_PartSelect.i8.i16.i32.i32"/></StgValue>
</bind>
</comp>

<comp id="40" class="1001" name="const_40">
<pin_list>
<pin id="41" dir="1" index="0" bw="1" slack="0"/>
</pin_list>
<bind>
<StgValue><ssdm name=""/></StgValue>
</bind>
</comp>

<comp id="42" class="1001" name="const_42">
<pin_list>
<pin id="43" dir="1" index="0" bw="1" slack="0"/>
</pin_list>
<bind>
<StgValue><ssdm name="_ssdm_op_Read.ap_fifo.volatile.i8P0A"/></StgValue>
</bind>
</comp>

<comp id="44" class="1001" name="const_44">
<pin_list>
<pin id="45" dir="1" index="0" bw="1" slack="0"/>
</pin_list>
<bind>
<StgValue><ssdm name=""/></StgValue>
</bind>
</comp>

<comp id="46" class="1001" name="const_46">
<pin_list>
<pin id="47" dir="1" index="0" bw="1" slack="0"/>
</pin_list>
<bind>
<StgValue><ssdm name=""/></StgValue>
</bind>
</comp>

<comp id="48" class="1004" name="valid_fu_48">
<pin_list>
<pin id="49" dir="0" index="0" bw="1" slack="0"/>
<pin id="50" dir="1" index="1" bw="32" slack="0"/>
</pin_list>
<bind>
<opcode="alloca(26) " fcode="alloca"/>
<opset="valid/1 "/>
</bind>
</comp>

<comp id="52" class="1004" name="p_Val2_s_fu_52">
<pin_list>
<pin id="53" dir="0" index="0" bw="1" slack="0"/>
<pin id="54" dir="1" index="1" bw="16" slack="0"/>
</pin_list>
<bind>
<opcode="alloca(26) " fcode="alloca"/>
<opset="p_Val2_s/1 "/>
</bind>
</comp>

<comp id="56" class="1004" name="produced_fu_56">
<pin_list>
<pin id="57" dir="0" index="0" bw="1" slack="0"/>
<pin id="58" dir="1" index="1" bw="32" slack="0"/>
</pin_list>
<bind>
<opcode="alloca(26) " fcode="alloca"/>
<opset="produced/1 "/>
</bind>
</comp>

<comp id="60" class="1004" name="write_ln599_write_fu_60">
<pin_list>
<pin id="61" dir="0" index="0" bw="0" slack="0"/>
<pin id="62" dir="0" index="1" bw="8" slack="0"/>
<pin id="63" dir="0" index="2" bw="8" slack="0"/>
<pin id="64" dir="1" index="3" bw="0" slack="2147483647"/>
</pin_list>
<bind>
<opcode="write(1151) " fcode="write"/>
<opset="write_ln599/3 "/>
</bind>
</comp>

<comp id="67" class="1004" name="beat_V_read_fu_67">
<pin_list>
<pin id="68" dir="0" index="0" bw="8" slack="0"/>
<pin id="69" dir="0" index="1" bw="8" slack="0"/>
<pin id="70" dir="1" index="2" bw="8" slack="0"/>
</pin_list>
<bind>
<opcode="read(1150) " fcode="read"/>
<opset="beat_V/3 "/>
</bind>
</comp>

<comp id="73" class="1004" name="store_ln591_store_fu_73">
<pin_list>
<pin id="74" dir="0" index="0" bw="1" slack="0"/>
<pin id="75" dir="0" index="1" bw="32" slack="0"/>
<pin id="76" dir="1" index="2" bw="0" slack="2147483647"/>
</pin_list>
<bind>
<opcode="store(28) " fcode="store"/>
<opset="store_ln591/1 "/>
</bind>
</comp>

<comp id="78" class="1004" name="store_ln591_store_fu_78">
<pin_list>
<pin id="79" dir="0" index="0" bw="1" slack="0"/>
<pin id="80" dir="0" index="1" bw="16" slack="0"/>
<pin id="81" dir="1" index="2" bw="0" slack="2147483647"/>
</pin_list>
<bind>
<opcode="store(28) " fcode="store"/>
<opset="store_ln591/1 "/>
</bind>
</comp>

<comp id="83" class="1004" name="store_ln591_store_fu_83">
<pin_list>
<pin id="84" dir="0" index="0" bw="1" slack="0"/>
<pin id="85" dir="0" index="1" bw="32" slack="0"/>
<pin id="86" dir="1" index="2" bw="0" slack="2147483647"/>
</pin_list>
<bind>
<opcode="store(28) " fcode="store"/>
<opset="store_ln591/1 "/>
</bind>
</comp>

<comp id="88" class="1004" name="valid_1_load_fu_88">
<pin_list>
<pin id="89" dir="0" index="0" bw="32" slack="1"/>
<pin id="90" dir="1" index="1" bw="32" slack="0"/>
</pin_list>
<bind>
<opcode="load(27) " fcode="load"/>
<opset="valid_1/2 "/>
</bind>
</comp>

<comp id="91" class="1004" name="produced_1_load_fu_91">
<pin_list>
<pin id="92" dir="0" index="0" bw="32" slack="1"/>
<pin id="93" dir="1" index="1" bw="32" slack="0"/>
</pin_list>
<bind>
<opcode="load(27) " fcode="load"/>
<opset="produced_1/2 "/>
</bind>
</comp>

<comp id="94" class="1004" name="icmp_ln591_fu_94">
<pin_list>
<pin id="95" dir="0" index="0" bw="32" slack="0"/>
<pin id="96" dir="0" index="1" bw="32" slack="0"/>
<pin id="97" dir="1" index="2" bw="1" slack="2147483647"/>
</pin_list>
<bind>
<opcode="icmp(45) " fcode="icmp"/>
<opset="icmp_ln591/2 "/>
</bind>
</comp>

<comp id="100" class="1004" name="tmp_fu_100">
<pin_list>
<pin id="101" dir="0" index="0" bw="29" slack="0"/>
<pin id="102" dir="0" index="1" bw="32" slack="0"/>
<pin id="103" dir="0" index="2" bw="3" slack="0"/>
<pin id="104" dir="0" index="3" bw="6" slack="0"/>
<pin id="105" dir="1" index="4" bw="29" slack="0"/>
</pin_list>
<bind>
<opcode="partselect(1002) " fcode="partselect"/>
<opset="tmp/2 "/>
</bind>
</comp>

<comp id="110" class="1004" name="icmp_ln593_fu_110">
<pin_list>
<pin id="111" dir="0" index="0" bw="29" slack="0"/>
<pin id="112" dir="0" index="1" bw="29" slack="0"/>
<pin id="113" dir="1" index="2" bw="1" slack="1"/>
</pin_list>
<bind>
<opcode="icmp(45) " fcode="icmp"/>
<opset="icmp_ln593/2 "/>
</bind>
</comp>

<comp id="116" class="1004" name="valid_3_fu_116">
<pin_list>
<pin id="117" dir="0" index="0" bw="32" slack="0"/>
<pin id="118" dir="0" index="1" bw="4" slack="0"/>
<pin id="119" dir="1" index="2" bw="32" slack="0"/>
</pin_list>
<bind>
<opcode="add(8) " fcode="add"/>
<opset="valid_3/2 "/>
</bind>
</comp>

<comp id="122" class="1004" name="produced_2_fu_122">
<pin_list>
<pin id="123" dir="0" index="0" bw="32" slack="0"/>
<pin id="124" dir="0" index="1" bw="1" slack="0"/>
<pin id="125" dir="1" index="2" bw="32" slack="0"/>
</pin_list>
<bind>
<opcode="add(8) " fcode="add"/>
<opset="produced_2/2 "/>
</bind>
</comp>

<comp id="128" class="1004" name="store_ln602_store_fu_128">
<pin_list>
<pin id="129" dir="0" index="0" bw="32" slack="0"/>
<pin id="130" dir="0" index="1" bw="32" slack="1"/>
<pin id="131" dir="1" index="2" bw="0" slack="2147483647"/>
</pin_list>
<bind>
<opcode="store(28) " fcode="store"/>
<opset="store_ln602/2 "/>
</bind>
</comp>

<comp id="133" class="1004" name="store_ln601_store_fu_133">
<pin_list>
<pin id="134" dir="0" index="0" bw="32" slack="0"/>
<pin id="135" dir="0" index="1" bw="32" slack="1"/>
<pin id="136" dir="1" index="2" bw="0" slack="2147483647"/>
</pin_list>
<bind>
<opcode="store(28) " fcode="store"/>
<opset="store_ln601/2 "/>
</bind>
</comp>

<comp id="138" class="1004" name="trunc_ln368_fu_138">
<pin_list>
<pin id="139" dir="0" index="0" bw="32" slack="0"/>
<pin id="140" dir="1" index="1" bw="4" slack="1"/>
</pin_list>
<bind>
<opcode="trunc(33) " fcode="trunc"/>
<opset="trunc_ln368/2 "/>
</bind>
</comp>

<comp id="142" class="1004" name="valid_2_fu_142">
<pin_list>
<pin id="143" dir="0" index="0" bw="32" slack="0"/>
<pin id="144" dir="0" index="1" bw="5" slack="0"/>
<pin id="145" dir="1" index="2" bw="32" slack="0"/>
</pin_list>
<bind>
<opcode="add(8) " fcode="add"/>
<opset="valid_2/2 "/>
</bind>
</comp>

<comp id="148" class="1004" name="store_ln597_store_fu_148">
<pin_list>
<pin id="149" dir="0" index="0" bw="32" slack="0"/>
<pin id="150" dir="0" index="1" bw="32" slack="1"/>
<pin id="151" dir="1" index="2" bw="0" slack="2147483647"/>
</pin_list>
<bind>
<opcode="store(28) " fcode="store"/>
<opset="store_ln597/2 "/>
</bind>
</comp>

<comp id="153" class="1004" name="p_Val2_load_load_fu_153">
<pin_list>
<pin id="154" dir="0" index="0" bw="16" slack="2"/>
<pin id="155" dir="1" index="1" bw="16" slack="0"/>
</pin_list>
<bind>
<opcode="load(27) " fcode="load"/>
<opset="p_Val2_load/3 "/>
</bind>
</comp>

<comp id="156" class="1004" name="out_V_fu_156">
<pin_list>
<pin id="157" dir="0" index="0" bw="16" slack="0"/>
<pin id="158" dir="1" index="1" bw="8" slack="0"/>
</pin_list>
<bind>
<opcode="trunc(33) " fcode="trunc"/>
<opset="out_V/3 "/>
</bind>
</comp>

<comp id="161" class="1004" name="buf_V_1_fu_161">
<pin_list>
<pin id="162" dir="0" index="0" bw="8" slack="0"/>
<pin id="163" dir="0" index="1" bw="16" slack="0"/>
<pin id="164" dir="0" index="2" bw="5" slack="0"/>
<pin id="165" dir="0" index="3" bw="5" slack="0"/>
<pin id="166" dir="1" index="4" bw="8" slack="0"/>
</pin_list>
<bind>
<opcode="partselect(1002) " fcode="partselect"/>
<opset="buf_V_1/3 "/>
</bind>
</comp>

<comp id="171" class="1004" name="zext_ln998_fu_171">
<pin_list>
<pin id="172" dir="0" index="0" bw="8" slack="0"/>
<pin id="173" dir="1" index="1" bw="16" slack="0"/>
</pin_list>
<bind>
<opcode="zext(34) " fcode="zext"/>
<opset="zext_ln998/3 "/>
</bind>
</comp>

<comp id="175" class="1004" name="store_ln998_store_fu_175">
<pin_list>
<pin id="176" dir="0" index="0" bw="8" slack="0"/>
<pin id="177" dir="0" index="1" bw="16" slack="2"/>
<pin id="178" dir="1" index="2" bw="0" slack="2147483647"/>
</pin_list>
<bind>
<opcode="store(28) " fcode="store"/>
<opset="store_ln998/3 "/>
</bind>
</comp>

<comp id="180" class="1004" name="zext_ln368_fu_180">
<pin_list>
<pin id="181" dir="0" index="0" bw="4" slack="1"/>
<pin id="182" dir="1" index="1" bw="16" slack="0"/>
</pin_list>
<bind>
<opcode="zext(34) " fcode="zext"/>
<opset="zext_ln368/3 "/>
</bind>
</comp>

<comp id="183" class="1004" name="shl_ln368_fu_183">
<pin_list>
<pin id="184" dir="0" index="0" bw="9" slack="0"/>
<pin id="185" dir="0" index="1" bw="4" slack="0"/>
<pin id="186" dir="1" index="2" bw="16" slack="0"/>
</pin_list>
<bind>
<opcode="shl(20) " fcode="shl"/>
<opset="shl_ln368/3 "/>
</bind>
</comp>

<comp id="189" class="1004" name="xor_ln368_fu_189">
<pin_list>
<pin id="190" dir="0" index="0" bw="16" slack="0"/>
<pin id="191" dir="0" index="1" bw="16" slack="0"/>
<pin id="192" dir="1" index="2" bw="16" slack="0"/>
</pin_list>
<bind>
<opcode="xor(25) " fcode="xor"/>
<opset="xor_ln368/3 "/>
</bind>
</comp>

<comp id="195" class="1004" name="and_ln368_fu_195">
<pin_list>
<pin id="196" dir="0" index="0" bw="16" slack="0"/>
<pin id="197" dir="0" index="1" bw="16" slack="0"/>
<pin id="198" dir="1" index="2" bw="16" slack="0"/>
</pin_list>
<bind>
<opcode="and(23) " fcode="and"/>
<opset="and_ln368/3 "/>
</bind>
</comp>

<comp id="201" class="1004" name="zext_ln368_1_fu_201">
<pin_list>
<pin id="202" dir="0" index="0" bw="8" slack="0"/>
<pin id="203" dir="1" index="1" bw="16" slack="0"/>
</pin_list>
<bind>
<opcode="zext(34) " fcode="zext"/>
<opset="zext_ln368_1/3 "/>
</bind>
</comp>

<comp id="205" class="1004" name="shl_ln368_1_fu_205">
<pin_list>
<pin id="206" dir="0" index="0" bw="8" slack="0"/>
<pin id="207" dir="0" index="1" bw="4" slack="0"/>
<pin id="208" dir="1" index="2" bw="16" slack="0"/>
</pin_list>
<bind>
<opcode="shl(20) " fcode="shl"/>
<opset="shl_ln368_1/3 "/>
</bind>
</comp>

<comp id="211" class="1004" name="p_Result_s_fu_211">
<pin_list>
<pin id="212" dir="0" index="0" bw="16" slack="0"/>
<pin id="213" dir="0" index="1" bw="16" slack="0"/>
<pin id="214" dir="1" index="2" bw="16" slack="0"/>
</pin_list>
<bind>
<opcode="or(24) " fcode="or"/>
<opset="p_Result_s/3 "/>
</bind>
</comp>

<comp id="217" class="1004" name="store_ln597_store_fu_217">
<pin_list>
<pin id="218" dir="0" index="0" bw="16" slack="0"/>
<pin id="219" dir="0" index="1" bw="16" slack="2"/>
<pin id="220" dir="1" index="2" bw="0" slack="2147483647"/>
</pin_list>
<bind>
<opcode="store(28) " fcode="store"/>
<opset="store_ln597/3 "/>
</bind>
</comp>

<comp id="222" class="1005" name="valid_reg_222">
<pin_list>
<pin id="223" dir="0" index="0" bw="32" slack="0"/>
<pin id="224" dir="1" index="1" bw="32" slack="0"/>
</pin_list>
<bind>
<opset="valid "/>
</bind>
</comp>

<comp id="230" class="1005" name="p_Val2_s_reg_230">
<pin_list>
<pin id="231" dir="0" index="0" bw="16" slack="0"/>
<pin id="232" dir="1" index="1" bw="16" slack="0"/>
</pin_list>
<bind>
<opset="p_Val2_s "/>
</bind>
</comp>

<comp id="238" class="1005" name="produced_reg_238">
<pin_list>
<pin id="239" dir="0" index="0" bw="32" slack="0"/>
<pin id="240" dir="1" index="1" bw="32" slack="0"/>
</pin_list>
<bind>
<opset="produced "/>
</bind>
</comp>

<comp id="248" class="1005" name="icmp_ln593_reg_248">
<pin_list>
<pin id="249" dir="0" index="0" bw="1" slack="1"/>
<pin id="250" dir="1" index="1" bw="1" slack="2147483647"/>
</pin_list>
<bind>
<opset="icmp_ln593 "/>
</bind>
</comp>

<comp id="252" class="1005" name="trunc_ln368_reg_252">
<pin_list>
<pin id="253" dir="0" index="0" bw="4" slack="1"/>
<pin id="254" dir="1" index="1" bw="4" slack="1"/>
</pin_list>
<bind>
<opset="trunc_ln368 "/>
</bind>
</comp>

</comp_list>

<net_list>
<net id="51"><net_src comp="4" pin="0"/><net_sink comp="48" pin=0"/></net>

<net id="55"><net_src comp="4" pin="0"/><net_sink comp="52" pin=0"/></net>

<net id="59"><net_src comp="4" pin="0"/><net_sink comp="56" pin=0"/></net>

<net id="65"><net_src comp="36" pin="0"/><net_sink comp="60" pin=0"/></net>

<net id="66"><net_src comp="2" pin="0"/><net_sink comp="60" pin=1"/></net>

<net id="71"><net_src comp="42" pin="0"/><net_sink comp="67" pin=0"/></net>

<net id="72"><net_src comp="0" pin="0"/><net_sink comp="67" pin=1"/></net>

<net id="77"><net_src comp="10" pin="0"/><net_sink comp="73" pin=0"/></net>

<net id="82"><net_src comp="16" pin="0"/><net_sink comp="78" pin=0"/></net>

<net id="87"><net_src comp="10" pin="0"/><net_sink comp="83" pin=0"/></net>

<net id="98"><net_src comp="91" pin="1"/><net_sink comp="94" pin=0"/></net>

<net id="99"><net_src comp="4" pin="0"/><net_sink comp="94" pin=1"/></net>

<net id="106"><net_src comp="18" pin="0"/><net_sink comp="100" pin=0"/></net>

<net id="107"><net_src comp="88" pin="1"/><net_sink comp="100" pin=1"/></net>

<net id="108"><net_src comp="20" pin="0"/><net_sink comp="100" pin=2"/></net>

<net id="109"><net_src comp="22" pin="0"/><net_sink comp="100" pin=3"/></net>

<net id="114"><net_src comp="100" pin="4"/><net_sink comp="110" pin=0"/></net>

<net id="115"><net_src comp="24" pin="0"/><net_sink comp="110" pin=1"/></net>

<net id="120"><net_src comp="88" pin="1"/><net_sink comp="116" pin=0"/></net>

<net id="121"><net_src comp="26" pin="0"/><net_sink comp="116" pin=1"/></net>

<net id="126"><net_src comp="91" pin="1"/><net_sink comp="122" pin=0"/></net>

<net id="127"><net_src comp="4" pin="0"/><net_sink comp="122" pin=1"/></net>

<net id="132"><net_src comp="122" pin="2"/><net_sink comp="128" pin=0"/></net>

<net id="137"><net_src comp="116" pin="2"/><net_sink comp="133" pin=0"/></net>

<net id="141"><net_src comp="88" pin="1"/><net_sink comp="138" pin=0"/></net>

<net id="146"><net_src comp="88" pin="1"/><net_sink comp="142" pin=0"/></net>

<net id="147"><net_src comp="28" pin="0"/><net_sink comp="142" pin=1"/></net>

<net id="152"><net_src comp="142" pin="2"/><net_sink comp="148" pin=0"/></net>

<net id="159"><net_src comp="153" pin="1"/><net_sink comp="156" pin=0"/></net>

<net id="160"><net_src comp="156" pin="1"/><net_sink comp="60" pin=2"/></net>

<net id="167"><net_src comp="38" pin="0"/><net_sink comp="161" pin=0"/></net>

<net id="168"><net_src comp="153" pin="1"/><net_sink comp="161" pin=1"/></net>

<net id="169"><net_src comp="28" pin="0"/><net_sink comp="161" pin=2"/></net>

<net id="170"><net_src comp="40" pin="0"/><net_sink comp="161" pin=3"/></net>

<net id="174"><net_src comp="161" pin="4"/><net_sink comp="171" pin=0"/></net>

<net id="179"><net_src comp="171" pin="1"/><net_sink comp="175" pin=0"/></net>

<net id="187"><net_src comp="44" pin="0"/><net_sink comp="183" pin=0"/></net>

<net id="188"><net_src comp="180" pin="1"/><net_sink comp="183" pin=1"/></net>

<net id="193"><net_src comp="183" pin="2"/><net_sink comp="189" pin=0"/></net>

<net id="194"><net_src comp="46" pin="0"/><net_sink comp="189" pin=1"/></net>

<net id="199"><net_src comp="153" pin="1"/><net_sink comp="195" pin=0"/></net>

<net id="200"><net_src comp="189" pin="2"/><net_sink comp="195" pin=1"/></net>

<net id="204"><net_src comp="67" pin="2"/><net_sink comp="201" pin=0"/></net>

<net id="209"><net_src comp="201" pin="1"/><net_sink comp="205" pin=0"/></net>

<net id="210"><net_src comp="180" pin="1"/><net_sink comp="205" pin=1"/></net>

<net id="215"><net_src comp="195" pin="2"/><net_sink comp="211" pin=0"/></net>

<net id="216"><net_src comp="205" pin="2"/><net_sink comp="211" pin=1"/></net>

<net id="221"><net_src comp="211" pin="2"/><net_sink comp="217" pin=0"/></net>

<net id="225"><net_src comp="48" pin="1"/><net_sink comp="222" pin=0"/></net>

<net id="226"><net_src comp="222" pin="1"/><net_sink comp="83" pin=1"/></net>

<net id="227"><net_src comp="222" pin="1"/><net_sink comp="88" pin=0"/></net>

<net id="228"><net_src comp="222" pin="1"/><net_sink comp="133" pin=1"/></net>

<net id="229"><net_src comp="222" pin="1"/><net_sink comp="148" pin=1"/></net>

<net id="233"><net_src comp="52" pin="1"/><net_sink comp="230" pin=0"/></net>

<net id="234"><net_src comp="230" pin="1"/><net_sink comp="78" pin=1"/></net>

<net id="235"><net_src comp="230" pin="1"/><net_sink comp="153" pin=0"/></net>

<net id="236"><net_src comp="230" pin="1"/><net_sink comp="175" pin=1"/></net>

<net id="237"><net_src comp="230" pin="1"/><net_sink comp="217" pin=1"/></net>

<net id="241"><net_src comp="56" pin="1"/><net_sink comp="238" pin=0"/></net>

<net id="242"><net_src comp="238" pin="1"/><net_sink comp="73" pin=1"/></net>

<net id="243"><net_src comp="238" pin="1"/><net_sink comp="91" pin=0"/></net>

<net id="244"><net_src comp="238" pin="1"/><net_sink comp="128" pin=1"/></net>

<net id="251"><net_src comp="110" pin="2"/><net_sink comp="248" pin=0"/></net>

<net id="255"><net_src comp="138" pin="1"/><net_sink comp="252" pin=0"/></net>

<net id="256"><net_src comp="252" pin="1"/><net_sink comp="180" pin=0"/></net>

</net_list>

</model> 
---------------- Datapath Model END ------------------

* FSMD analyzer results:
  - Output states:
	Port: out_w1 | {3 }
 - Input state : 
	Port: packer_to_packs<1, 1, 1, ap_int<8> > : burst_reads2 | {3 }
	Port: packer_to_packs<1, 1, 1, ap_int<8> > : out_w1 | {}
  - Chain level:
	State 1
		store_ln591 : 1
		store_ln591 : 1
		store_ln591 : 1
	State 2
		icmp_ln591 : 1
		br_ln591 : 2
		tmp : 1
		icmp_ln593 : 2
		br_ln593 : 3
		valid_3 : 1
		produced_2 : 1
		store_ln602 : 2
		store_ln601 : 2
		trunc_ln368 : 1
		valid_2 : 1
		store_ln597 : 2
	State 3
		out_V : 1
		write_ln599 : 2
		buf_V_1 : 1
		zext_ln998 : 2
		store_ln998 : 3
		shl_ln368 : 1
		xor_ln368 : 2
		and_ln368 : 2
		shl_ln368_1 : 1
		p_Result_s : 2
		store_ln597 : 2


============================================================
+ Verbose Summary: Datapath Resource usage 
============================================================

* Functional unit list:
|----------|-------------------------|---------|---------|
| Operation|     Functional Unit     |    FF   |   LUT   |
|----------|-------------------------|---------|---------|
|          |      valid_3_fu_116     |    0    |    39   |
|    add   |    produced_2_fu_122    |    0    |    39   |
|          |      valid_2_fu_142     |    0    |    39   |
|----------|-------------------------|---------|---------|
|   icmp   |     icmp_ln591_fu_94    |    0    |    20   |
|          |    icmp_ln593_fu_110    |    0    |    18   |
|----------|-------------------------|---------|---------|
|    shl   |     shl_ln368_fu_183    |    0    |    18   |
|          |    shl_ln368_1_fu_205   |    0    |    16   |
|----------|-------------------------|---------|---------|
|    xor   |     xor_ln368_fu_189    |    0    |    16   |
|----------|-------------------------|---------|---------|
|    and   |     and_ln368_fu_195    |    0    |    16   |
|----------|-------------------------|---------|---------|
|    or    |    p_Result_s_fu_211    |    0    |    16   |
|----------|-------------------------|---------|---------|
|   write  | write_ln599_write_fu_60 |    0    |    0    |
|----------|-------------------------|---------|---------|
|   read   |    beat_V_read_fu_67    |    0    |    0    |
|----------|-------------------------|---------|---------|
|partselect|        tmp_fu_100       |    0    |    0    |
|          |      buf_V_1_fu_161     |    0    |    0    |
|----------|-------------------------|---------|---------|
|   trunc  |    trunc_ln368_fu_138   |    0    |    0    |
|          |       out_V_fu_156      |    0    |    0    |
|----------|-------------------------|---------|---------|
|          |    zext_ln998_fu_171    |    0    |    0    |
|   zext   |    zext_ln368_fu_180    |    0    |    0    |
|          |   zext_ln368_1_fu_201   |    0    |    0    |
|----------|-------------------------|---------|---------|
|   Total  |                         |    0    |   237   |
|----------|-------------------------|---------|---------|

Memories:
N/A

* Register list:
+-------------------+--------+
|                   |   FF   |
+-------------------+--------+
| icmp_ln593_reg_248|    1   |
|  p_Val2_s_reg_230 |   16   |
|  produced_reg_238 |   32   |
|trunc_ln368_reg_252|    4   |
|   valid_reg_222   |   32   |
+-------------------+--------+
|       Total       |   85   |
+-------------------+--------+

* Multiplexer (MUX) list: 
|--------|------|------|------|--------|
|  Comp  |  Pin | Size |  BW  | S x BW |
|--------|------|------|------|--------|
|  Total |      |      |      |    0   |
|--------|------|------|------|--------|



* Summary:
+-----------+--------+--------+
|           |   FF   |   LUT  |
+-----------+--------+--------+
|  Function |    0   |   237  |
|   Memory  |    -   |    -   |
|Multiplexer|    -   |    -   |
|  Register |   85   |    -   |
+-----------+--------+--------+
|   Total   |   85   |   237  |
+-----------+--------+--------+
