

================================================================
== Vitis HLS Report for 'packer_to_packs_1_1_1_ap_int_8_s'
================================================================
* Date:           Tue Jun 23 12:41:16 2026

* Version:        2022.2 (Build 3670227 on Oct 13 2022)
* Project:        ViT_Block
* Solution:       ViT_Block (Vivado IP Flow Target)
* Product family: virtexuplus
* Target device:  xcu250-figd2104-2L-e


================================================================
== Performance Estimates
================================================================
+ Timing: 
    * Summary: 
    +--------+----------+----------+------------+
    |  Clock |  Target  | Estimated| Uncertainty|
    +--------+----------+----------+------------+
    |ap_clk  |  10.00 ns|  2.500 ns|     2.70 ns|
    +--------+----------+----------+------------+

+ Latency: 
    * Summary: 
    +---------+---------+----------+----------+-----+-----+---------+
    |  Latency (cycles) |  Latency (absolute) |  Interval | Pipeline|
    |   min   |   max   |    min   |    max   | min | max |   Type  |
    +---------+---------+----------+----------+-----+-----+---------+
    |        ?|        ?|         ?|         ?|    ?|    ?|       no|
    +---------+---------+----------+----------+-----+-----+---------+

    + Detail: 
        * Instance: 
        N/A

        * Loop: 
        +--------------------+---------+---------+----------+-----------+-----------+------+----------+
        |                    |  Latency (cycles) | Iteration|  Initiation Interval  | Trip |          |
        |      Loop Name     |   min   |   max   |  Latency |  achieved |   target  | Count| Pipelined|
        +--------------------+---------+---------+----------+-----------+-----------+------+----------+
        |- VITIS_LOOP_591_1  |        ?|        ?|         2|          1|          1|     ?|       yes|
        +--------------------+---------+---------+----------+-----------+-----------+------+----------+

============================================================
+ Verbose Summary: Synthesis Manager
============================================================
InlineROM: 1
ExposeGlobal: 0
============================================================
+ Verbose Summary: CDFG Model
============================================================
IsTopModel: 0
ResetActiveHigh: 1
IsCombinational: 0
IsDatapathOnly: 0
HasWiredReturn: 1
HasMFsm: 2
HasVarLatency: 1
IsPipeline: 0
IsRtlPipelined: 0
IsInstanceOverlapped: 0
IsDontTouch: 0
HasImplIP: 0
IsGatedGlobalClock: 0

+ Individual pipeline summary: 
  * Pipeline-0: initiation interval (II) = 1, depth = 3


============================================================
+ Verbose Summary: Schedule
============================================================
* Number of FSM states : 3
* Pipeline : 1
  Pipeline-0 : II = 1, D = 3, States = { 1 2 3 }
* Dataflow Pipeline: 0

* FSM state transitions: 
1 --> 2 
2 --> 3 
3 --> 

* FSM state operations: 

State 1 <SV = 0> <Delay = 0.41>
ST_1 : Operation 5 [1/1] (0.00ns)   --->   "%valid = alloca i32 1"   --->   Operation 5 'alloca' 'valid' <Predicate = true> <Delay = 0.00>
ST_1 : Operation 6 [1/1] (0.00ns)   --->   "%p_Val2_s = alloca i32 1"   --->   Operation 6 'alloca' 'p_Val2_s' <Predicate = true> <Delay = 0.00>
ST_1 : Operation 7 [1/1] (0.00ns)   --->   "%produced = alloca i32 1"   --->   Operation 7 'alloca' 'produced' <Predicate = true> <Delay = 0.00>
ST_1 : Operation 8 [1/1] (0.00ns)   --->   "%specinterface_ln0 = specinterface void @_ssdm_op_SpecInterface, i8 %burst_reads2, void @empty_9, i32 0, i32 0, void @empty_28, i32 0, i32 0, void @empty_28, void @empty_28, void @empty_28, i32 0, i32 0, i32 0, i32 0, void @empty_28, void @empty_28, i32 4294967295, i32 0"   --->   Operation 8 'specinterface' 'specinterface_ln0' <Predicate = true> <Delay = 0.00>
ST_1 : Operation 9 [1/1] (0.00ns)   --->   "%specinterface_ln0 = specinterface void @_ssdm_op_SpecInterface, i8 %out_w1, void @empty_9, i32 0, i32 0, void @empty_28, i32 0, i32 0, void @empty_28, void @empty_28, void @empty_28, i32 0, i32 0, i32 0, i32 0, void @empty_28, void @empty_28, i32 4294967295, i32 0"   --->   Operation 9 'specinterface' 'specinterface_ln0' <Predicate = true> <Delay = 0.00>
ST_1 : Operation 10 [1/1] (0.38ns)   --->   "%store_ln591 = store i32 0, i32 %produced" [/home/fede/PhD/transformer-hls/hls/include/linear.h:591]   --->   Operation 10 'store' 'store_ln591' <Predicate = true> <Delay = 0.38>
ST_1 : Operation 11 [1/1] (0.41ns)   --->   "%store_ln591 = store i16 0, i16 %p_Val2_s" [/home/fede/PhD/transformer-hls/hls/include/linear.h:591]   --->   Operation 11 'store' 'store_ln591' <Predicate = true> <Delay = 0.41>
ST_1 : Operation 12 [1/1] (0.41ns)   --->   "%store_ln591 = store i32 0, i32 %valid" [/home/fede/PhD/transformer-hls/hls/include/linear.h:591]   --->   Operation 12 'store' 'store_ln591' <Predicate = true> <Delay = 0.41>
ST_1 : Operation 13 [1/1] (0.00ns)   --->   "%br_ln591 = br void %for.cond" [/home/fede/PhD/transformer-hls/hls/include/linear.h:591]   --->   Operation 13 'br' 'br_ln591' <Predicate = true> <Delay = 0.00>

State 2 <SV = 1> <Delay = 1.29>
ST_2 : Operation 14 [1/1] (0.00ns)   --->   "%valid_1 = load i32 %valid"   --->   Operation 14 'load' 'valid_1' <Predicate = true> <Delay = 0.00>
ST_2 : Operation 15 [1/1] (0.00ns)   --->   "%produced_1 = load i32 %produced" [/home/fede/PhD/transformer-hls/hls/include/linear.h:602]   --->   Operation 15 'load' 'produced_1' <Predicate = true> <Delay = 0.00>
ST_2 : Operation 16 [1/1] (0.85ns)   --->   "%icmp_ln591 = icmp_slt  i32 %produced_1, i32 1" [/home/fede/PhD/transformer-hls/hls/include/linear.h:591]   --->   Operation 16 'icmp' 'icmp_ln591' <Predicate = true> <Delay = 0.85> <CoreInst = "Cmp">   --->   Core 9 'Cmp' <Latency = 0> <II = 1> <Delay = 0.85> <FuncUnit> <Opcode : 'icmp'> <InPorts = 2> <OutPorts = 1>
ST_2 : Operation 17 [1/1] (0.00ns)   --->   "%br_ln591 = br i1 %icmp_ln591, void %for.end, void %for.body" [/home/fede/PhD/transformer-hls/hls/include/linear.h:591]   --->   Operation 17 'br' 'br_ln591' <Predicate = true> <Delay = 0.00>
ST_2 : Operation 18 [1/1] (0.00ns)   --->   "%tmp = partselect i29 @_ssdm_op_PartSelect.i29.i32.i32.i32, i32 %valid_1, i32 3, i32 31" [/home/fede/PhD/transformer-hls/hls/include/linear.h:593]   --->   Operation 18 'partselect' 'tmp' <Predicate = (icmp_ln591)> <Delay = 0.00>
ST_2 : Operation 19 [1/1] (0.82ns)   --->   "%icmp_ln593 = icmp_slt  i29 %tmp, i29 1" [/home/fede/PhD/transformer-hls/hls/include/linear.h:593]   --->   Operation 19 'icmp' 'icmp_ln593' <Predicate = (icmp_ln591)> <Delay = 0.82> <CoreInst = "Cmp">   --->   Core 9 'Cmp' <Latency = 0> <II = 1> <Delay = 0.82> <FuncUnit> <Opcode : 'icmp'> <InPorts = 2> <OutPorts = 1>
ST_2 : Operation 20 [1/1] (0.00ns)   --->   "%br_ln593 = br i1 %icmp_ln593, void %_ZrSILi16ELb0EER11ap_int_baseIXT_EXT0_EES2_i.exit, void %if.then" [/home/fede/PhD/transformer-hls/hls/include/linear.h:593]   --->   Operation 20 'br' 'br_ln593' <Predicate = (icmp_ln591)> <Delay = 0.00>
ST_2 : Operation 21 [1/1] (0.88ns)   --->   "%valid_3 = add i32 %valid_1, i32 4294967288" [/home/fede/PhD/transformer-hls/hls/include/linear.h:601]   --->   Operation 21 'add' 'valid_3' <Predicate = (icmp_ln591 & !icmp_ln593)> <Delay = 0.88> <CoreInst = "Adder">   --->   Core 1 'Adder' <Latency = 0> <II = 1> <Delay = 0.88> <FuncUnit> <Opcode : 'add' 'sub'> <InPorts = 2> <OutPorts = 1>
ST_2 : Operation 22 [1/1] (0.88ns)   --->   "%produced_2 = add i32 %produced_1, i32 1" [/home/fede/PhD/transformer-hls/hls/include/linear.h:602]   --->   Operation 22 'add' 'produced_2' <Predicate = (icmp_ln591 & !icmp_ln593)> <Delay = 0.88> <CoreInst = "Adder">   --->   Core 1 'Adder' <Latency = 0> <II = 1> <Delay = 0.88> <FuncUnit> <Opcode : 'add' 'sub'> <InPorts = 2> <OutPorts = 1>
ST_2 : Operation 23 [1/1] (0.38ns)   --->   "%store_ln602 = store i32 %produced_2, i32 %produced" [/home/fede/PhD/transformer-hls/hls/include/linear.h:602]   --->   Operation 23 'store' 'store_ln602' <Predicate = (icmp_ln591 & !icmp_ln593)> <Delay = 0.38>
ST_2 : Operation 24 [1/1] (0.41ns)   --->   "%store_ln601 = store i32 %valid_3, i32 %valid" [/home/fede/PhD/transformer-hls/hls/include/linear.h:601]   --->   Operation 24 'store' 'store_ln601' <Predicate = (icmp_ln591 & !icmp_ln593)> <Delay = 0.41>
ST_2 : Operation 25 [1/1] (0.00ns)   --->   "%trunc_ln368 = trunc i32 %valid_1"   --->   Operation 25 'trunc' 'trunc_ln368' <Predicate = (icmp_ln591 & icmp_ln593)> <Delay = 0.00>
ST_2 : Operation 26 [1/1] (0.88ns)   --->   "%valid_2 = add i32 %valid_1, i32 8" [/home/fede/PhD/transformer-hls/hls/include/linear.h:596]   --->   Operation 26 'add' 'valid_2' <Predicate = (icmp_ln591 & icmp_ln593)> <Delay = 0.88> <CoreInst = "Adder">   --->   Core 1 'Adder' <Latency = 0> <II = 1> <Delay = 0.88> <FuncUnit> <Opcode : 'add' 'sub'> <InPorts = 2> <OutPorts = 1>
ST_2 : Operation 27 [1/1] (0.41ns)   --->   "%store_ln597 = store i32 %valid_2, i32 %valid" [/home/fede/PhD/transformer-hls/hls/include/linear.h:597]   --->   Operation 27 'store' 'store_ln597' <Predicate = (icmp_ln591 & icmp_ln593)> <Delay = 0.41>
ST_2 : Operation 28 [1/1] (0.00ns)   --->   "%br_ln591 = br void %for.cond" [/home/fede/PhD/transformer-hls/hls/include/linear.h:591]   --->   Operation 28 'br' 'br_ln591' <Predicate = (icmp_ln591)> <Delay = 0.00>
ST_2 : Operation 48 [1/1] (0.00ns)   --->   "%ret_ln605 = ret" [/home/fede/PhD/transformer-hls/hls/include/linear.h:605]   --->   Operation 48 'ret' 'ret_ln605' <Predicate = (!icmp_ln591)> <Delay = 0.00>

State 3 <SV = 2> <Delay = 2.50>
ST_3 : Operation 29 [1/1] (0.00ns)   --->   "%specpipeline_ln592 = specpipeline void @_ssdm_op_SpecPipeline, i32 1, i32 0, i32 0, i32 0, void @empty_28" [/home/fede/PhD/transformer-hls/hls/include/linear.h:592]   --->   Operation 29 'specpipeline' 'specpipeline_ln592' <Predicate = true> <Delay = 0.00>
ST_3 : Operation 30 [1/1] (0.00ns)   --->   "%specloopname_ln593 = specloopname void @_ssdm_op_SpecLoopName, void @empty_15" [/home/fede/PhD/transformer-hls/hls/include/linear.h:593]   --->   Operation 30 'specloopname' 'specloopname_ln593' <Predicate = true> <Delay = 0.00>
ST_3 : Operation 31 [1/1] (0.00ns)   --->   "%p_Val2_load = load i16 %p_Val2_s"   --->   Operation 31 'load' 'p_Val2_load' <Predicate = true> <Delay = 0.00>
ST_3 : Operation 32 [1/1] (0.00ns)   --->   "%out_V = trunc i16 %p_Val2_load"   --->   Operation 32 'trunc' 'out_V' <Predicate = (!icmp_ln593)> <Delay = 0.00>
ST_3 : Operation 33 [1/1] (1.35ns)   --->   "%write_ln599 = write void @_ssdm_op_Write.ap_fifo.volatile.i8P0A, i8 %out_w1, i8 %out_V" [/home/fede/PhD/transformer-hls/hls/include/linear.h:599]   --->   Operation 33 'write' 'write_ln599' <Predicate = (!icmp_ln593)> <Delay = 1.35> <CoreInst = "FIFO_SRL">   --->   Core 81 'FIFO_SRL' <Latency = 0> <II = 1> <Delay = 1.35> <Storage> <Opcode : 'read' 'write' 'nbread' 'nbwrite'> <Ports = 0> <Width = 8> <Depth = 64> <FIFO>
ST_3 : Operation 34 [1/1] (0.00ns)   --->   "%buf_V_1 = partselect i8 @_ssdm_op_PartSelect.i8.i16.i32.i32, i16 %p_Val2_load, i32 8, i32 15"   --->   Operation 34 'partselect' 'buf_V_1' <Predicate = (!icmp_ln593)> <Delay = 0.00>
ST_3 : Operation 35 [1/1] (0.00ns)   --->   "%zext_ln998 = zext i8 %buf_V_1"   --->   Operation 35 'zext' 'zext_ln998' <Predicate = (!icmp_ln593)> <Delay = 0.00>
ST_3 : Operation 36 [1/1] (0.41ns)   --->   "%store_ln998 = store i16 %zext_ln998, i16 %p_Val2_s"   --->   Operation 36 'store' 'store_ln998' <Predicate = (!icmp_ln593)> <Delay = 0.41>
ST_3 : Operation 37 [1/1] (0.00ns)   --->   "%br_ln0 = br void %if.end"   --->   Operation 37 'br' 'br_ln0' <Predicate = (!icmp_ln593)> <Delay = 0.00>
ST_3 : Operation 38 [1/1] (1.35ns)   --->   "%beat_V = read i8 @_ssdm_op_Read.ap_fifo.volatile.i8P0A, i8 %burst_reads2" [/home/fede/PhD/transformer-hls/hls/include/linear.h:594]   --->   Operation 38 'read' 'beat_V' <Predicate = (icmp_ln593)> <Delay = 1.35> <CoreInst = "FIFO_SRL">   --->   Core 81 'FIFO_SRL' <Latency = 0> <II = 1> <Delay = 1.35> <Storage> <Opcode : 'read' 'write' 'nbread' 'nbwrite'> <Ports = 0> <Width = 8> <Depth = 64> <FIFO>
ST_3 : Operation 39 [1/1] (0.00ns)   --->   "%zext_ln368 = zext i4 %trunc_ln368"   --->   Operation 39 'zext' 'zext_ln368' <Predicate = (icmp_ln593)> <Delay = 0.00>
ST_3 : Operation 40 [1/1] (0.00ns) (grouped into LUT with out node p_Result_s)   --->   "%shl_ln368 = shl i16 255, i16 %zext_ln368"   --->   Operation 40 'shl' 'shl_ln368' <Predicate = (icmp_ln593)> <Delay = 0.00> <CoreInst = "Shifter">   --->   Core 75 'Shifter' <Latency = 0> <II = 1> <Delay = 0.72> <FuncUnit> <Opcode : 'shl' 'lshr' 'ashr'> <InPorts = 2> <OutPorts = 1>
ST_3 : Operation 41 [1/1] (0.00ns) (grouped into LUT with out node p_Result_s)   --->   "%xor_ln368 = xor i16 %shl_ln368, i16 65535"   --->   Operation 41 'xor' 'xor_ln368' <Predicate = (icmp_ln593)> <Delay = 0.00> <CoreInst = "LogicGate">   --->   Core 74 'LogicGate' <Latency = 0> <II = 1> <Delay = 0.29> <FuncUnit> <Opcode : 'and' 'or' 'xor'> <InPorts = 2> <OutPorts = 1>
ST_3 : Operation 42 [1/1] (0.00ns) (grouped into LUT with out node p_Result_s)   --->   "%and_ln368 = and i16 %p_Val2_load, i16 %xor_ln368"   --->   Operation 42 'and' 'and_ln368' <Predicate = (icmp_ln593)> <Delay = 0.00> <CoreInst = "LogicGate">   --->   Core 74 'LogicGate' <Latency = 0> <II = 1> <Delay = 0.29> <FuncUnit> <Opcode : 'and' 'or' 'xor'> <InPorts = 2> <OutPorts = 1>
ST_3 : Operation 43 [1/1] (0.00ns) (grouped into LUT with out node p_Result_s)   --->   "%zext_ln368_1 = zext i8 %beat_V"   --->   Operation 43 'zext' 'zext_ln368_1' <Predicate = (icmp_ln593)> <Delay = 0.00>
ST_3 : Operation 44 [1/1] (0.00ns) (grouped into LUT with out node p_Result_s)   --->   "%shl_ln368_1 = shl i16 %zext_ln368_1, i16 %zext_ln368"   --->   Operation 44 'shl' 'shl_ln368_1' <Predicate = (icmp_ln593)> <Delay = 0.00> <CoreInst = "Shifter">   --->   Core 75 'Shifter' <Latency = 0> <II = 1> <Delay = 0.70> <FuncUnit> <Opcode : 'shl' 'lshr' 'ashr'> <InPorts = 2> <OutPorts = 1>
ST_3 : Operation 45 [1/1] (0.72ns) (out node of the LUT)   --->   "%p_Result_s = or i16 %and_ln368, i16 %shl_ln368_1"   --->   Operation 45 'or' 'p_Result_s' <Predicate = (icmp_ln593)> <Delay = 0.72> <CoreInst = "LogicGate">   --->   Core 74 'LogicGate' <Latency = 0> <II = 1> <Delay = 0.29> <FuncUnit> <Opcode : 'and' 'or' 'xor'> <InPorts = 2> <OutPorts = 1>
ST_3 : Operation 46 [1/1] (0.41ns)   --->   "%store_ln597 = store i16 %p_Result_s, i16 %p_Val2_s" [/home/fede/PhD/transformer-hls/hls/include/linear.h:597]   --->   Operation 46 'store' 'store_ln597' <Predicate = (icmp_ln593)> <Delay = 0.41>
ST_3 : Operation 47 [1/1] (0.00ns)   --->   "%br_ln597 = br void %if.end" [/home/fede/PhD/transformer-hls/hls/include/linear.h:597]   --->   Operation 47 'br' 'br_ln597' <Predicate = (icmp_ln593)> <Delay = 0.00>


============================================================
+ Verbose Summary: Timing violations
============================================================
Target clock period: 10ns, clock uncertainty: 2.7ns.

 <State 1>: 0.42ns
The critical path consists of the following:
	'alloca' operation ('__Val2__') [4]  (0 ns)
	'store' operation ('store_ln591', /home/fede/PhD/transformer-hls/hls/include/linear.h:591) of constant 0 on local variable '__Val2__' [9]  (0.42 ns)

 <State 2>: 1.3ns
The critical path consists of the following:
	'load' operation ('valid') on local variable 'valid' [13]  (0 ns)
	'add' operation ('valid', /home/fede/PhD/transformer-hls/hls/include/linear.h:601) [29]  (0.88 ns)
	'store' operation ('store_ln601', /home/fede/PhD/transformer-hls/hls/include/linear.h:601) of variable 'valid', /home/fede/PhD/transformer-hls/hls/include/linear.h:601 on local variable 'valid' [33]  (0.42 ns)

 <State 3>: 2.5ns
The critical path consists of the following:
	fifo read operation ('beat.V', /home/fede/PhD/transformer-hls/hls/include/linear.h:594) on port 'burst_reads2' (/home/fede/PhD/transformer-hls/hls/include/linear.h:594) [36]  (1.36 ns)
	'shl' operation ('shl_ln368_1') [43]  (0 ns)
	'or' operation ('__Result__') [44]  (0.723 ns)
	'store' operation ('store_ln597', /home/fede/PhD/transformer-hls/hls/include/linear.h:597) of variable '__Result__' on local variable '__Val2__' [46]  (0.42 ns)


============================================================
+ Verbose Summary: Binding
============================================================
N/A
* FSMD analyzer results:
  - Output states:
 - Input state : 
  - Chain level:
	State 1
	State 2
	State 3


============================================================
+ Verbose Summary: Datapath Resource usage 
============================================================
N/A
