

================================================================
== Vitis HLS Report for 'Q_linear_tiled'
================================================================
* Date:           Tue Jun 23 12:41:37 2026

* Version:        2022.2 (Build 3670227 on Oct 13 2022)
* Project:        ViT_Block
* Solution:       ViT_Block (Vivado IP Flow Target)
* Product family: virtexuplus
* Target device:  xcu250-figd2104-2L-e


================================================================
== Performance Estimates
================================================================
+ Timing: 
    * Summary: 
    +--------+----------+----------+------------+
    |  Clock |  Target  | Estimated| Uncertainty|
    +--------+----------+----------+------------+
    |ap_clk  |  10.00 ns|  7.300 ns|     2.70 ns|
    +--------+----------+----------+------------+

+ Latency: 
    * Summary: 
    +---------+---------+----------+----------+-----+-----+----------+
    |  Latency (cycles) |  Latency (absolute) |  Interval | Pipeline |
    |   min   |   max   |    min   |    max   | min | max |   Type   |
    +---------+---------+----------+----------+-----+-----+----------+
    |        ?|        ?|         ?|         ?|    ?|    ?|  dataflow|
    +---------+---------+----------+----------+-----+-----+----------+

    + Detail: 
        * Instance: 
        +--------------------------------------------------------------------+-------------------------------------------------------------------+---------+---------+-----------+-----------+------+------+---------+
        |                                                                    |                                                                   |  Latency (cycles) |   Latency (absolute)  |   Interval  | Pipeline|
        |                              Instance                              |                               Module                              |   min   |   max   |    min    |    max    |  min |  max |   Type  |
        +--------------------------------------------------------------------+-------------------------------------------------------------------+---------+---------+-----------+-----------+------+------+---------+
        |WeightTiledStreaming_3_17_16_16_1_1_1_1_1_1_ap_int_8_U0             |WeightTiledStreaming_3_17_16_16_1_1_1_1_1_1_ap_int_8_s             |        ?|        ?|          ?|          ?|     ?|     ?|       no|
        |Linear_Layer_17_16_16_1_1_1_1_1_1_337_16_0_ap_int_ap_int_ap_int_U0  |Linear_Layer_17_16_16_1_1_1_1_1_1_337_16_0_ap_int_ap_int_ap_int_s  |     5288|     5288|  52.880 us|  52.880 us|  5288|  5288|       no|
        +--------------------------------------------------------------------+-------------------------------------------------------------------+---------+---------+-----------+-----------+------+------+---------+

        * Loop: 
        N/A



================================================================
== Utilization Estimates
================================================================
* Summary: 
+---------------------+---------+-------+---------+---------+------+
|         Name        | BRAM_18K|  DSP  |    FF   |   LUT   | URAM |
+---------------------+---------+-------+---------+---------+------+
|DSP                  |        -|      -|        -|        -|     -|
|Expression           |        -|      -|        0|        2|     -|
|FIFO                 |        -|      -|        9|       35|     -|
|Instance             |        1|     17|     1003|     1798|     -|
|Memory               |        -|      -|        -|        -|     -|
|Multiplexer          |        -|      -|        -|        9|     -|
|Register             |        -|      -|        1|        -|     -|
+---------------------+---------+-------+---------+---------+------+
|Total                |        1|     17|     1013|     1844|     0|
+---------------------+---------+-------+---------+---------+------+
|Available SLR        |     1344|   3072|   864000|   432000|   320|
+---------------------+---------+-------+---------+---------+------+
|Utilization SLR (%)  |       ~0|     ~0|       ~0|       ~0|     0|
+---------------------+---------+-------+---------+---------+------+
|Available            |     5376|  12288|  3456000|  1728000|  1280|
+---------------------+---------+-------+---------+---------+------+
|Utilization (%)      |       ~0|     ~0|       ~0|       ~0|     0|
+---------------------+---------+-------+---------+---------+------+

+ Detail: 
    * Instance: 
    +--------------------------------------------------------------------+-------------------------------------------------------------------+---------+----+-----+------+-----+
    |                              Instance                              |                               Module                              | BRAM_18K| DSP|  FF |  LUT | URAM|
    +--------------------------------------------------------------------+-------------------------------------------------------------------+---------+----+-----+------+-----+
    |Linear_Layer_17_16_16_1_1_1_1_1_1_337_16_0_ap_int_ap_int_ap_int_U0  |Linear_Layer_17_16_16_1_1_1_1_1_1_337_16_0_ap_int_ap_int_ap_int_s  |        1|  17|  778|  1024|    0|
    |WeightTiledStreaming_3_17_16_16_1_1_1_1_1_1_ap_int_8_U0             |WeightTiledStreaming_3_17_16_16_1_1_1_1_1_1_ap_int_8_s             |        0|   0|  225|   774|    0|
    +--------------------------------------------------------------------+-------------------------------------------------------------------+---------+----+-----+------+-----+
    |Total                                                               |                                                                   |        1|  17| 1003|  1798|    0|
    +--------------------------------------------------------------------+-------------------------------------------------------------------+---------+----+-----+------+-----+

    * DSP: 
    N/A

    * Memory: 
    N/A

    * FIFO: 
    +---------+---------+---+----+-----+------+-----+---------+
    |   Name  | BRAM_18K| FF| LUT| URAM| Depth| Bits| Size:D*B|
    +---------+---------+---+----+-----+------+-----+---------+
    |out_w_U  |        0|  9|   0|    -|    64|    8|      512|
    +---------+---------+---+----+-----+------+-----+---------+
    |Total    |        0|  9|   0|    0|    64|    8|      512|
    +---------+---------+---+----+-----+------+-----+---------+

    * Expression: 
    +--------------+----------+----+---+----+------------+------------+
    | Variable Name| Operation| DSP| FF| LUT| Bitwidth P0| Bitwidth P1|
    +--------------+----------+----+---+----+------------+------------+
    |ap_idle       |       and|   0|  0|   2|           1|           1|
    +--------------+----------+----+---+----+------------+------------+
    |Total         |          |   0|  0|   2|           1|           1|
    +--------------+----------+----+---+----+------------+------------+

    * Multiplexer: 
    +------------+----+-----------+-----+-----------+
    |    Name    | LUT| Input Size| Bits| Total Bits|
    +------------+----+-----------+-----+-----------+
    |real_start  |   9|          2|    1|          2|
    +------------+----+-----------+-----+-----------+
    |Total       |   9|          2|    1|          2|
    +------------+----+-----------+-----+-----------+

    * Register: 
    +----------------+---+----+-----+-----------+
    |      Name      | FF| LUT| Bits| Const Bits|
    +----------------+---+----+-----+-----------+
    |start_once_reg  |  1|   0|    1|          0|
    +----------------+---+----+-----+-----------+
    |Total           |  1|   0|    1|          0|
    +----------------+---+----+-----+-----------+



================================================================
== Interface
================================================================
* Summary: 
+------------------+-----+-----+------------+----------------+--------------+
|     RTL Ports    | Dir | Bits|  Protocol  |  Source Object |    C Type    |
+------------------+-----+-----+------------+----------------+--------------+
|ap_start          |   in|    1|  ap_ctrl_hs|  Q_linear_tiled|  return value|
|start_full_n      |   in|    1|  ap_ctrl_hs|  Q_linear_tiled|  return value|
|start_out         |  out|    1|  ap_ctrl_hs|  Q_linear_tiled|  return value|
|start_write       |  out|    1|  ap_ctrl_hs|  Q_linear_tiled|  return value|
|ap_clk            |   in|    1|  ap_ctrl_hs|  Q_linear_tiled|  return value|
|ap_rst            |   in|    1|  ap_ctrl_hs|  Q_linear_tiled|  return value|
|ap_done           |  out|    1|  ap_ctrl_hs|  Q_linear_tiled|  return value|
|ap_ready          |  out|    1|  ap_ctrl_hs|  Q_linear_tiled|  return value|
|ap_idle           |  out|    1|  ap_ctrl_hs|  Q_linear_tiled|  return value|
|ap_continue       |   in|    1|  ap_ctrl_hs|  Q_linear_tiled|  return value|
|m_axi_Q_AWVALID   |  out|    1|       m_axi|               Q|       pointer|
|m_axi_Q_AWREADY   |   in|    1|       m_axi|               Q|       pointer|
|m_axi_Q_AWADDR    |  out|   64|       m_axi|               Q|       pointer|
|m_axi_Q_AWID      |  out|    1|       m_axi|               Q|       pointer|
|m_axi_Q_AWLEN     |  out|   32|       m_axi|               Q|       pointer|
|m_axi_Q_AWSIZE    |  out|    3|       m_axi|               Q|       pointer|
|m_axi_Q_AWBURST   |  out|    2|       m_axi|               Q|       pointer|
|m_axi_Q_AWLOCK    |  out|    2|       m_axi|               Q|       pointer|
|m_axi_Q_AWCACHE   |  out|    4|       m_axi|               Q|       pointer|
|m_axi_Q_AWPROT    |  out|    3|       m_axi|               Q|       pointer|
|m_axi_Q_AWQOS     |  out|    4|       m_axi|               Q|       pointer|
|m_axi_Q_AWREGION  |  out|    4|       m_axi|               Q|       pointer|
|m_axi_Q_AWUSER    |  out|    1|       m_axi|               Q|       pointer|
|m_axi_Q_WVALID    |  out|    1|       m_axi|               Q|       pointer|
|m_axi_Q_WREADY    |   in|    1|       m_axi|               Q|       pointer|
|m_axi_Q_WDATA     |  out|    8|       m_axi|               Q|       pointer|
|m_axi_Q_WSTRB     |  out|    1|       m_axi|               Q|       pointer|
|m_axi_Q_WLAST     |  out|    1|       m_axi|               Q|       pointer|
|m_axi_Q_WID       |  out|    1|       m_axi|               Q|       pointer|
|m_axi_Q_WUSER     |  out|    1|       m_axi|               Q|       pointer|
|m_axi_Q_ARVALID   |  out|    1|       m_axi|               Q|       pointer|
|m_axi_Q_ARREADY   |   in|    1|       m_axi|               Q|       pointer|
|m_axi_Q_ARADDR    |  out|   64|       m_axi|               Q|       pointer|
|m_axi_Q_ARID      |  out|    1|       m_axi|               Q|       pointer|
|m_axi_Q_ARLEN     |  out|   32|       m_axi|               Q|       pointer|
|m_axi_Q_ARSIZE    |  out|    3|       m_axi|               Q|       pointer|
|m_axi_Q_ARBURST   |  out|    2|       m_axi|               Q|       pointer|
|m_axi_Q_ARLOCK    |  out|    2|       m_axi|               Q|       pointer|
|m_axi_Q_ARCACHE   |  out|    4|       m_axi|               Q|       pointer|
|m_axi_Q_ARPROT    |  out|    3|       m_axi|               Q|       pointer|
|m_axi_Q_ARQOS     |  out|    4|       m_axi|               Q|       pointer|
|m_axi_Q_ARREGION  |  out|    4|       m_axi|               Q|       pointer|
|m_axi_Q_ARUSER    |  out|    1|       m_axi|               Q|       pointer|
|m_axi_Q_RVALID    |   in|    1|       m_axi|               Q|       pointer|
|m_axi_Q_RREADY    |  out|    1|       m_axi|               Q|       pointer|
|m_axi_Q_RDATA     |   in|    8|       m_axi|               Q|       pointer|
|m_axi_Q_RLAST     |   in|    1|       m_axi|               Q|       pointer|
|m_axi_Q_RID       |   in|    1|       m_axi|               Q|       pointer|
|m_axi_Q_RFIFONUM  |   in|   13|       m_axi|               Q|       pointer|
|m_axi_Q_RUSER     |   in|    1|       m_axi|               Q|       pointer|
|m_axi_Q_RRESP     |   in|    2|       m_axi|               Q|       pointer|
|m_axi_Q_BVALID    |   in|    1|       m_axi|               Q|       pointer|
|m_axi_Q_BREADY    |  out|    1|       m_axi|               Q|       pointer|
|m_axi_Q_BRESP     |   in|    2|       m_axi|               Q|       pointer|
|m_axi_Q_BID       |   in|    1|       m_axi|               Q|       pointer|
|m_axi_Q_BUSER     |   in|    1|       m_axi|               Q|       pointer|
|in_w              |   in|   64|     ap_none|            in_w|        scalar|
|in_w_ap_vld       |   in|    1|     ap_none|            in_w|        scalar|
|Q_in5_dout        |   in|    8|     ap_fifo|           Q_in5|       pointer|
|Q_in5_empty_n     |   in|    1|     ap_fifo|           Q_in5|       pointer|
|Q_in5_read        |  out|    1|     ap_fifo|           Q_in5|       pointer|
|q_lin1_din        |  out|    8|     ap_fifo|          q_lin1|       pointer|
|q_lin1_full_n     |   in|    1|     ap_fifo|          q_lin1|       pointer|
|q_lin1_write      |  out|    1|     ap_fifo|          q_lin1|       pointer|
+------------------+-----+-----+------------+----------------+--------------+

============================================================
+ Verbose Summary: Synthesis Manager
============================================================
InlineROM: 1
ExposeGlobal: 0
============================================================
+ Verbose Summary: CDFG Model
============================================================
IsTopModel: 0
ResetActiveHigh: 1
IsCombinational: 2
IsDatapathOnly: 0
HasWiredReturn: 1
HasMFsm: 0
HasVarLatency: 1
IsPipeline: 0
IsRtlPipelined: 0
IsInstanceOverlapped: 0
IsDontTouch: 0
HasImplIP: 0
IsGatedGlobalClock: 0


============================================================
+ Verbose Summary: Schedule
============================================================
* Number of FSM states : 4
* Pipeline : 0
* Dataflow Pipeline: 1
  DF-Pipeline-0: Size = 4, States = { 1 2 3 4 }

* FSM state transitions: 
1 --> 2 
2 --> 3 
3 --> 4 
4 --> 

* FSM state operations: 

State 1 <SV = 0> <Delay = 0.00>
ST_1 : Operation 5 [1/1] (0.00ns)   --->   "%in_w_read = read i64 @_ssdm_op_Read.ap_auto.i64, i64 %in_w"   --->   Operation 5 'read' 'in_w_read' <Predicate = true> <Delay = 0.00>
ST_1 : Operation 6 [1/1] (0.00ns)   --->   "%out_w = alloca i64 1" [/home/fede/PhD/transformer-hls/hls/src/attention/MultiHeadAttention_tiled.cpp:25]   --->   Operation 6 'alloca' 'out_w' <Predicate = true> <Delay = 0.00> <CoreInst = "FIFO_SRL">   --->   Core 81 'FIFO_SRL' <Latency = 0> <II = 1> <Delay = 1.35> <Storage> <Opcode : 'read' 'write' 'nbread' 'nbwrite'> <Ports = 0> <Width = 8> <Depth = 64> <FIFO>
ST_1 : Operation 7 [2/2] (0.00ns)   --->   "%call_ln39 = call void @WeightTiledStreaming_3<17, 16, 16, 1, 1, 1, 1, 1, 1, ap_int<8> >, i8 %Q, i64 %in_w_read, i8 %out_w" [/home/fede/PhD/transformer-hls/hls/src/attention/MultiHeadAttention_tiled.cpp:39]   --->   Operation 7 'call' 'call_ln39' <Predicate = true> <Delay = 0.00> <CoreType = "Generic">   --->   Core 0 '' <Latency = 0> <II = 1> <Delay = 1.00> <Generic> <Opcode : >

State 2 <SV = 1> <Delay = 0.00>
ST_2 : Operation 8 [1/2] (0.00ns)   --->   "%call_ln39 = call void @WeightTiledStreaming_3<17, 16, 16, 1, 1, 1, 1, 1, 1, ap_int<8> >, i8 %Q, i64 %in_w_read, i8 %out_w" [/home/fede/PhD/transformer-hls/hls/src/attention/MultiHeadAttention_tiled.cpp:39]   --->   Operation 8 'call' 'call_ln39' <Predicate = true> <Delay = 0.00> <CoreType = "Generic">   --->   Core 0 '' <Latency = 0> <II = 1> <Delay = 1.00> <Generic> <Opcode : >

State 3 <SV = 2> <Delay = 0.00>
ST_3 : Operation 9 [2/2] (0.00ns)   --->   "%call_ln45 = call void @Linear_Layer<17,16,16,1,1,1,1,1,1,337,16,0,ap_int,ap_int,ap_int >, i8 %Q_in5, i8 %q_lin1, i8 %out_w, i12 %bias_q_0_V" [/home/fede/PhD/transformer-hls/hls/src/attention/MultiHeadAttention_tiled.cpp:45]   --->   Operation 9 'call' 'call_ln45' <Predicate = true> <Delay = 0.00> <CoreType = "Generic">   --->   Core 0 '' <Latency = 0> <II = 1> <Delay = 1.00> <Generic> <Opcode : >

State 4 <SV = 3> <Delay = 0.00>
ST_4 : Operation 10 [1/1] (0.00ns)   --->   "%specdataflowpipeline_ln23 = specdataflowpipeline void @_ssdm_op_SpecDataflowPipeline, i32 4294967295, i32 0, void @empty_28" [/home/fede/PhD/transformer-hls/hls/src/attention/MultiHeadAttention_tiled.cpp:23]   --->   Operation 10 'specdataflowpipeline' 'specdataflowpipeline_ln23' <Predicate = true> <Delay = 0.00>
ST_4 : Operation 11 [1/1] (0.00ns)   --->   "%specinterface_ln0 = specinterface void @_ssdm_op_SpecInterface, i8 %q_lin1, void @empty_9, i32 0, i32 0, void @empty_28, i32 0, i32 0, void @empty_28, void @empty_28, void @empty_28, i32 0, i32 0, i32 0, i32 0, void @empty_28, void @empty_28, i32 4294967295, i32 0"   --->   Operation 11 'specinterface' 'specinterface_ln0' <Predicate = true> <Delay = 0.00>
ST_4 : Operation 12 [1/1] (0.00ns)   --->   "%specinterface_ln0 = specinterface void @_ssdm_op_SpecInterface, i8 %Q, void @empty_12, i32 0, i32 0, void @empty_28, i32 0, i32 256, void @empty_30, void @empty_44, void @empty_28, i32 16, i32 16, i32 64, i32 16, void @empty_28, void @empty_28, i32 4294967295, i32 0"   --->   Operation 12 'specinterface' 'specinterface_ln0' <Predicate = true> <Delay = 0.00>
ST_4 : Operation 13 [1/1] (0.00ns)   --->   "%specinterface_ln0 = specinterface void @_ssdm_op_SpecInterface, i8 %Q_in5, void @empty_9, i32 0, i32 0, void @empty_28, i32 0, i32 0, void @empty_28, void @empty_28, void @empty_28, i32 0, i32 0, i32 0, i32 0, void @empty_28, void @empty_28, i32 4294967295, i32 0"   --->   Operation 13 'specinterface' 'specinterface_ln0' <Predicate = true> <Delay = 0.00>
ST_4 : Operation 14 [1/1] (0.00ns)   --->   "%empty = specchannel i32 @_ssdm_op_SpecChannel, void @out_w_str, i32 1, void @p_str, void @p_str, i32 64, i32 64, i8 %out_w, i8 %out_w"   --->   Operation 14 'specchannel' 'empty' <Predicate = true> <Delay = 0.00>
ST_4 : Operation 15 [1/1] (0.00ns)   --->   "%specinterface_ln0 = specinterface void @_ssdm_op_SpecInterface, i8 %out_w, void @empty_9, i32 0, i32 0, void @empty_28, i32 0, i32 0, void @empty_28, void @empty_28, void @empty_28, i32 0, i32 0, i32 0, i32 0, void @empty_28, void @empty_28, i32 4294967295, i32 0"   --->   Operation 15 'specinterface' 'specinterface_ln0' <Predicate = true> <Delay = 0.00>
ST_4 : Operation 16 [1/2] (0.00ns)   --->   "%call_ln45 = call void @Linear_Layer<17,16,16,1,1,1,1,1,1,337,16,0,ap_int,ap_int,ap_int >, i8 %Q_in5, i8 %q_lin1, i8 %out_w, i12 %bias_q_0_V" [/home/fede/PhD/transformer-hls/hls/src/attention/MultiHeadAttention_tiled.cpp:45]   --->   Operation 16 'call' 'call_ln45' <Predicate = true> <Delay = 0.00> <CoreType = "Generic">   --->   Core 0 '' <Latency = 0> <II = 1> <Delay = 1.00> <Generic> <Opcode : >
ST_4 : Operation 17 [1/1] (0.00ns)   --->   "%ret_ln48 = ret" [/home/fede/PhD/transformer-hls/hls/src/attention/MultiHeadAttention_tiled.cpp:48]   --->   Operation 17 'ret' 'ret_ln48' <Predicate = true> <Delay = 0.00>


============================================================
+ Verbose Summary: Binding
============================================================
STG Binding: 
---------------- STG Properties BEGIN ----------------
- Is combinational: 0
- Is one-state seq: 0
- Is datapath-only: 0
- Is pipelined: 0
- Is top level: 0
Port [ Return ] is wired: 1; IO mode=ap_ctrl_hs:ce=0
Port [ Q]:  wired=1; compound=1; hidden=0; nouse=0; global=0; static=0; extern=0; dir=0; type=4; pingpong=0; private_global=0; IO mode=m_axi:ce=0
Port [ in_w]:  wired=1; compound=0; hidden=0; nouse=0; global=0; static=0; extern=0; dir=0; type=0; pingpong=0; private_global=0; IO mode=ap_none:ce=0
Port [ Q_in5]:  wired=1; compound=1; hidden=0; nouse=0; global=0; static=0; extern=0; dir=0; type=3; pingpong=0; private_global=0; IO mode=ap_fifo:ce=0
Port [ q_lin1]:  wired=1; compound=1; hidden=0; nouse=0; global=0; static=0; extern=0; dir=1; type=3; pingpong=0; private_global=0; IO mode=ap_fifo:ce=0
Port [ bias_q_0_V]:  wired=0; compound=1; hidden=1; nouse=1; global=1; static=1; extern=0; dir=0; type=1; pingpong=0; private_global=0; MemPort=[1]; IO mode=ap_memory:ce=0
---------------- STG Properties END ------------------

---------------- Datapath Model BEGIN ----------------

<LifeTime>
<method=bitvector/>
in_w_read                 (read                ) [ 00100]
out_w                     (alloca              ) [ 01111]
call_ln39                 (call                ) [ 00000]
specdataflowpipeline_ln23 (specdataflowpipeline) [ 00000]
specinterface_ln0         (specinterface       ) [ 00000]
specinterface_ln0         (specinterface       ) [ 00000]
specinterface_ln0         (specinterface       ) [ 00000]
empty                     (specchannel         ) [ 00000]
specinterface_ln0         (specinterface       ) [ 00000]
call_ln45                 (call                ) [ 00000]
ret_ln48                  (ret                 ) [ 00000]
</LifeTime>

<model>

<comp_list>
<comp id="0" class="1000" name="Q">
<pin_list>
<pin id="1" dir="1" index="0" bw="1" slack="0"/>
</pin_list>
<bind>
<StgValue><ssdm name="Q"/></StgValue>
</bind>
</comp>

<comp id="2" class="1000" name="in_w">
<pin_list>
<pin id="3" dir="1" index="0" bw="1" slack="0"/>
</pin_list>
<bind>
<StgValue><ssdm name="in_w"/></StgValue>
</bind>
</comp>

<comp id="4" class="1000" name="Q_in5">
<pin_list>
<pin id="5" dir="1" index="0" bw="1" slack="0"/>
</pin_list>
<bind>
<StgValue><ssdm name="Q_in5"/></StgValue>
</bind>
</comp>

<comp id="6" class="1000" name="q_lin1">
<pin_list>
<pin id="7" dir="1" index="0" bw="1" slack="0"/>
</pin_list>
<bind>
<StgValue><ssdm name="q_lin1"/></StgValue>
</bind>
</comp>

<comp id="8" class="1000" name="bias_q_0_V">
<pin_list>
<pin id="9" dir="1" index="0" bw="1" slack="0"/>
</pin_list>
<bind>
<StgValue><ssdm name="bias_q_0_V"/><MemPortTyVec>1 </MemPortTyVec>
</StgValue>
</bind>
</comp>

<comp id="10" class="1001" name="const_10">
<pin_list>
<pin id="11" dir="1" index="0" bw="1" slack="0"/>
</pin_list>
<bind>
<StgValue><ssdm name="_ssdm_op_Read.ap_auto.i64"/></StgValue>
</bind>
</comp>

<comp id="12" class="1001" name="const_12">
<pin_list>
<pin id="13" dir="1" index="0" bw="1" slack="0"/>
</pin_list>
<bind>
<StgValue><ssdm name=""/></StgValue>
</bind>
</comp>

<comp id="14" class="1001" name="const_14">
<pin_list>
<pin id="15" dir="1" index="0" bw="1" slack="0"/>
</pin_list>
<bind>
<StgValue><ssdm name="WeightTiledStreaming_3<17, 16, 16, 1, 1, 1, 1, 1, 1, ap_int<8> >"/></StgValue>
</bind>
</comp>

<comp id="16" class="1001" name="const_16">
<pin_list>
<pin id="17" dir="1" index="0" bw="1" slack="0"/>
</pin_list>
<bind>
<StgValue><ssdm name="Linear_Layer<17,16,16,1,1,1,1,1,1,337,16,0,ap_int,ap_int,ap_int >"/></StgValue>
</bind>
</comp>

<comp id="18" class="1001" name="const_18">
<pin_list>
<pin id="19" dir="1" index="0" bw="1" slack="2147483647"/>
</pin_list>
<bind>
<StgValue><ssdm name="_ssdm_op_SpecDataflowPipeline"/></StgValue>
</bind>
</comp>

<comp id="20" class="1001" name="const_20">
<pin_list>
<pin id="21" dir="1" index="0" bw="1" slack="2147483647"/>
</pin_list>
<bind>
<StgValue><ssdm name=""/></StgValue>
</bind>
</comp>

<comp id="22" class="1001" name="const_22">
<pin_list>
<pin id="23" dir="1" index="0" bw="1" slack="2147483647"/>
</pin_list>
<bind>
<StgValue><ssdm name=""/></StgValue>
</bind>
</comp>

<comp id="24" class="1001" name="const_24">
<pin_list>
<pin id="25" dir="1" index="0" bw="1" slack="2147483647"/>
</pin_list>
<bind>
<StgValue><ssdm name="empty_28"/></StgValue>
</bind>
</comp>

<comp id="26" class="1001" name="const_26">
<pin_list>
<pin id="27" dir="1" index="0" bw="1" slack="2147483647"/>
</pin_list>
<bind>
<StgValue><ssdm name="_ssdm_op_SpecInterface"/></StgValue>
</bind>
</comp>

<comp id="28" class="1001" name="const_28">
<pin_list>
<pin id="29" dir="1" index="0" bw="1" slack="2147483647"/>
</pin_list>
<bind>
<StgValue><ssdm name="empty_9"/></StgValue>
</bind>
</comp>

<comp id="30" class="1001" name="const_30">
<pin_list>
<pin id="31" dir="1" index="0" bw="1" slack="2147483647"/>
</pin_list>
<bind>
<StgValue><ssdm name="empty_12"/></StgValue>
</bind>
</comp>

<comp id="32" class="1001" name="const_32">
<pin_list>
<pin id="33" dir="1" index="0" bw="1" slack="2147483647"/>
</pin_list>
<bind>
<StgValue><ssdm name=""/></StgValue>
</bind>
</comp>

<comp id="34" class="1001" name="const_34">
<pin_list>
<pin id="35" dir="1" index="0" bw="1" slack="2147483647"/>
</pin_list>
<bind>
<StgValue><ssdm name="empty_30"/></StgValue>
</bind>
</comp>

<comp id="36" class="1001" name="const_36">
<pin_list>
<pin id="37" dir="1" index="0" bw="1" slack="2147483647"/>
</pin_list>
<bind>
<StgValue><ssdm name="empty_44"/></StgValue>
</bind>
</comp>

<comp id="38" class="1001" name="const_38">
<pin_list>
<pin id="39" dir="1" index="0" bw="1" slack="2147483647"/>
</pin_list>
<bind>
<StgValue><ssdm name=""/></StgValue>
</bind>
</comp>

<comp id="40" class="1001" name="const_40">
<pin_list>
<pin id="41" dir="1" index="0" bw="1" slack="2147483647"/>
</pin_list>
<bind>
<StgValue><ssdm name=""/></StgValue>
</bind>
</comp>

<comp id="42" class="1001" name="const_42">
<pin_list>
<pin id="43" dir="1" index="0" bw="1" slack="2147483647"/>
</pin_list>
<bind>
<StgValue><ssdm name="_ssdm_op_SpecChannel"/></StgValue>
</bind>
</comp>

<comp id="44" class="1001" name="const_44">
<pin_list>
<pin id="45" dir="1" index="0" bw="1" slack="2147483647"/>
</pin_list>
<bind>
<StgValue><ssdm name="out_w_str"/></StgValue>
</bind>
</comp>

<comp id="46" class="1001" name="const_46">
<pin_list>
<pin id="47" dir="1" index="0" bw="1" slack="2147483647"/>
</pin_list>
<bind>
<StgValue><ssdm name=""/></StgValue>
</bind>
</comp>

<comp id="48" class="1001" name="const_48">
<pin_list>
<pin id="49" dir="1" index="0" bw="1" slack="2147483647"/>
</pin_list>
<bind>
<StgValue><ssdm name="p_str"/></StgValue>
</bind>
</comp>

<comp id="50" class="1004" name="out_w_fu_50">
<pin_list>
<pin id="51" dir="0" index="0" bw="1" slack="0"/>
<pin id="52" dir="1" index="1" bw="8" slack="0"/>
</pin_list>
<bind>
<opcode="alloca(26) " fcode="alloca"/>
<opset="out_w/1 "/>
</bind>
</comp>

<comp id="54" class="1004" name="in_w_read_read_fu_54">
<pin_list>
<pin id="55" dir="0" index="0" bw="64" slack="0"/>
<pin id="56" dir="0" index="1" bw="64" slack="0"/>
<pin id="57" dir="1" index="2" bw="64" slack="0"/>
</pin_list>
<bind>
<opcode="read(1150) " fcode="read"/>
<opset="in_w_read/1 "/>
</bind>
</comp>

<comp id="60" class="1004" name="grp_WeightTiledStreaming_3_17_16_16_1_1_1_1_1_1_ap_int_8_s_fu_60">
<pin_list>
<pin id="61" dir="0" index="0" bw="0" slack="0"/>
<pin id="62" dir="0" index="1" bw="8" slack="0"/>
<pin id="63" dir="0" index="2" bw="64" slack="0"/>
<pin id="64" dir="0" index="3" bw="8" slack="0"/>
<pin id="65" dir="1" index="4" bw="0" slack="2147483647"/>
</pin_list>
<bind>
<opcode="call(48) " fcode="call"/>
<opset="call_ln39/1 "/>
</bind>
</comp>

<comp id="69" class="1004" name="grp_Linear_Layer_17_16_16_1_1_1_1_1_1_337_16_0_ap_int_ap_int_ap_int_s_fu_69">
<pin_list>
<pin id="70" dir="0" index="0" bw="0" slack="0"/>
<pin id="71" dir="0" index="1" bw="8" slack="0"/>
<pin id="72" dir="0" index="2" bw="8" slack="0"/>
<pin id="73" dir="0" index="3" bw="8" slack="2"/>
<pin id="74" dir="0" index="4" bw="12" slack="0"/>
<pin id="75" dir="1" index="5" bw="0" slack="2147483647"/>
</pin_list>
<bind>
<opcode="call(48) " fcode="call"/>
<opset="call_ln45/3 "/>
</bind>
</comp>

<comp id="80" class="1005" name="in_w_read_reg_80">
<pin_list>
<pin id="81" dir="0" index="0" bw="64" slack="1"/>
<pin id="82" dir="1" index="1" bw="64" slack="1"/>
</pin_list>
<bind>
<opset="in_w_read "/>
</bind>
</comp>

<comp id="85" class="1005" name="out_w_reg_85">
<pin_list>
<pin id="86" dir="0" index="0" bw="8" slack="0"/>
<pin id="87" dir="1" index="1" bw="8" slack="0"/>
</pin_list>
<bind>
<opset="out_w "/>
</bind>
</comp>

</comp_list>

<net_list>
<net id="53"><net_src comp="12" pin="0"/><net_sink comp="50" pin=0"/></net>

<net id="58"><net_src comp="10" pin="0"/><net_sink comp="54" pin=0"/></net>

<net id="59"><net_src comp="2" pin="0"/><net_sink comp="54" pin=1"/></net>

<net id="66"><net_src comp="14" pin="0"/><net_sink comp="60" pin=0"/></net>

<net id="67"><net_src comp="0" pin="0"/><net_sink comp="60" pin=1"/></net>

<net id="68"><net_src comp="54" pin="2"/><net_sink comp="60" pin=2"/></net>

<net id="76"><net_src comp="16" pin="0"/><net_sink comp="69" pin=0"/></net>

<net id="77"><net_src comp="4" pin="0"/><net_sink comp="69" pin=1"/></net>

<net id="78"><net_src comp="6" pin="0"/><net_sink comp="69" pin=2"/></net>

<net id="79"><net_src comp="8" pin="0"/><net_sink comp="69" pin=4"/></net>

<net id="83"><net_src comp="54" pin="2"/><net_sink comp="80" pin=0"/></net>

<net id="84"><net_src comp="80" pin="1"/><net_sink comp="60" pin=2"/></net>

<net id="88"><net_src comp="50" pin="1"/><net_sink comp="85" pin=0"/></net>

<net id="89"><net_src comp="85" pin="1"/><net_sink comp="60" pin=3"/></net>

<net id="90"><net_src comp="85" pin="1"/><net_sink comp="69" pin=3"/></net>

</net_list>

</model> 
---------------- Datapath Model END ------------------

* FSMD analyzer results:
  - Output states:
	Port: Q | {}
	Port: Q_in5 | {}
	Port: q_lin1 | {3 4 }
	Port: bias_q_0_V | {}
 - Input state : 
	Port: Q_linear_tiled : Q | {1 2 }
	Port: Q_linear_tiled : in_w | {1 }
	Port: Q_linear_tiled : Q_in5 | {3 4 }
	Port: Q_linear_tiled : bias_q_0_V | {3 4 }
  - Chain level:
	State 1
		call_ln39 : 1
	State 2
	State 3
	State 4


============================================================
+ Verbose Summary: Datapath Resource usage 
============================================================

* Functional unit list:
|----------|-----------------------------------------------------------------------------|---------|---------|---------|---------|---------|
| Operation|                               Functional Unit                               |   BRAM  |   DSP   |  Delay  |    FF   |   LUT   |
|----------|-----------------------------------------------------------------------------|---------|---------|---------|---------|---------|
|   call   |       grp_WeightTiledStreaming_3_17_16_16_1_1_1_1_1_1_ap_int_8_s_fu_60      |    0    |    0    |  0.387  |   276   |   395   |
|          | grp_Linear_Layer_17_16_16_1_1_1_1_1_1_337_16_0_ap_int_ap_int_ap_int_s_fu_69 |    1    |    17   | 10.2058 |   1111  |   753   |
|----------|-----------------------------------------------------------------------------|---------|---------|---------|---------|---------|
|   read   |                             in_w_read_read_fu_54                            |    0    |    0    |    0    |    0    |    0    |
|----------|-----------------------------------------------------------------------------|---------|---------|---------|---------|---------|
|   Total  |                                                                             |    1    |    17   | 10.5928 |   1387  |   1148  |
|----------|-----------------------------------------------------------------------------|---------|---------|---------|---------|---------|

Memories:
N/A

* Register list:
+----------------+--------+
|                |   FF   |
+----------------+--------+
|in_w_read_reg_80|   64   |
|  out_w_reg_85  |    8   |
+----------------+--------+
|      Total     |   72   |
+----------------+--------+

* Multiplexer (MUX) list: 
|------------------------------------------------------------------|------|------|------|--------||---------||---------|
|                               Comp                               |  Pin | Size |  BW  | S x BW ||  Delay  ||   LUT   |
|------------------------------------------------------------------|------|------|------|--------||---------||---------|
| grp_WeightTiledStreaming_3_17_16_16_1_1_1_1_1_1_ap_int_8_s_fu_60 |  p2  |   2  |  64  |   128  ||    9    |
|------------------------------------------------------------------|------|------|------|--------||---------||---------|
|                               Total                              |      |      |      |   128  ||  0.387  ||    9    |
|------------------------------------------------------------------|------|------|------|--------||---------||---------|



* Summary:
+-----------+--------+--------+--------+--------+--------+
|           |  BRAM  |   DSP  |  Delay |   FF   |   LUT  |
+-----------+--------+--------+--------+--------+--------+
|  Function |    1   |   17   |   10   |  1387  |  1148  |
|   Memory  |    -   |    -   |    -   |    -   |    -   |
|Multiplexer|    -   |    -   |    0   |    -   |    9   |
|  Register |    -   |    -   |    -   |   72   |    -   |
+-----------+--------+--------+--------+--------+--------+
|   Total   |    1   |   17   |   10   |  1459  |  1157  |
+-----------+--------+--------+--------+--------+--------+
