

================================================================
== Vitis HLS Report for 'Relu_tiled_oc'
================================================================
* Date:           Tue Jun 23 12:33:33 2026

* Version:        2022.2 (Build 3670227 on Oct 13 2022)
* Project:        ViT_Block
* Solution:       ViT_Block (Vivado IP Flow Target)
* Product family: virtexuplus
* Target device:  xcu250-figd2104-2L-e


================================================================
== Performance Estimates
================================================================
+ Timing: 
    * Summary: 
    +--------+----------+----------+------------+
    |  Clock |  Target  | Estimated| Uncertainty|
    +--------+----------+----------+------------+
    |ap_clk  |  10.00 ns|  3.603 ns|     2.70 ns|
    +--------+----------+----------+------------+

+ Latency: 
    * Summary: 
    +---------+---------+-----------+-----------+------+------+---------+
    |  Latency (cycles) |   Latency (absolute)  |   Interval  | Pipeline|
    |   min   |   max   |    min    |    max    |  min |  max |   Type  |
    +---------+---------+-----------+-----------+------+------+---------+
    |     1090|     1090|  10.900 us|  10.900 us|  1090|  1090|       no|
    +---------+---------+-----------+-----------+------+------+---------+

    + Detail: 
        * Instance: 
        N/A

        * Loop: 
        +-------------------------------------+---------+---------+----------+-----------+-----------+------+----------+
        |                                     |  Latency (cycles) | Iteration|  Initiation Interval  | Trip |          |
        |              Loop Name              |   min   |   max   |  Latency |  achieved |   target  | Count| Pipelined|
        +-------------------------------------+---------+---------+----------+-----------+-----------+------+----------+
        |- VITIS_LOOP_502_1_VITIS_LOOP_504_3  |     1088|     1088|         2|          1|          1|  1088|       yes|
        +-------------------------------------+---------+---------+----------+-----------+-----------+------+----------+

============================================================
+ Verbose Summary: Synthesis Manager
============================================================
InlineROM: 1
ExposeGlobal: 0
============================================================
+ Verbose Summary: CDFG Model
============================================================
IsTopModel: 0
ResetActiveHigh: 1
IsCombinational: 2
IsDatapathOnly: 0
HasWiredReturn: 1
HasMFsm: 2
HasVarLatency: 1
IsPipeline: 0
IsRtlPipelined: 0
IsInstanceOverlapped: 0
IsDontTouch: 0
HasImplIP: 0
IsGatedGlobalClock: 0

+ Individual pipeline summary: 
  * Pipeline-0: initiation interval (II) = 1, depth = 2


============================================================
+ Verbose Summary: Schedule
============================================================
* Number of FSM states : 2
* Pipeline : 1
  Pipeline-0 : II = 1, D = 2, States = { 1 2 }
* Dataflow Pipeline: 0

* FSM state transitions: 
1 --> 2 
2 --> 

* FSM state operations: 

State 1 <SV = 0> <Delay = 1.12>
ST_1 : Operation 5 [1/1] (0.00ns)   --->   "%indvar_flatten = alloca i32 1"   --->   Operation 5 'alloca' 'indvar_flatten' <Predicate = true> <Delay = 0.00>
ST_1 : Operation 6 [1/1] (0.00ns)   --->   "%specinterface_ln0 = specinterface void @_ssdm_op_SpecInterface, i8 %relu2, void @empty_9, i32 0, i32 0, void @empty_28, i32 0, i32 0, void @empty_28, void @empty_28, void @empty_28, i32 0, i32 0, i32 0, i32 0, void @empty_28, void @empty_28, i32 4294967295, i32 0"   --->   Operation 6 'specinterface' 'specinterface_ln0' <Predicate = true> <Delay = 0.00>
ST_1 : Operation 7 [1/1] (0.00ns)   --->   "%specinterface_ln0 = specinterface void @_ssdm_op_SpecInterface, i8 %fc11, void @empty_9, i32 0, i32 0, void @empty_28, i32 0, i32 0, void @empty_28, void @empty_28, void @empty_28, i32 0, i32 0, i32 0, i32 0, void @empty_28, void @empty_28, i32 4294967295, i32 0"   --->   Operation 7 'specinterface' 'specinterface_ln0' <Predicate = true> <Delay = 0.00>
ST_1 : Operation 8 [1/1] (0.38ns)   --->   "%store_ln502 = store i11 0, i11 %indvar_flatten" [/home/fede/PhD/transformer-hls/hls/include/activations.h:502]   --->   Operation 8 'store' 'store_ln502' <Predicate = true> <Delay = 0.38>
ST_1 : Operation 9 [1/1] (0.00ns)   --->   "%br_ln502 = br void %for.body12.i" [/home/fede/PhD/transformer-hls/hls/include/activations.h:502]   --->   Operation 9 'br' 'br_ln502' <Predicate = true> <Delay = 0.00>
ST_1 : Operation 10 [1/1] (0.00ns)   --->   "%indvar_flatten_load = load i11 %indvar_flatten" [/home/fede/PhD/transformer-hls/hls/include/activations.h:502]   --->   Operation 10 'load' 'indvar_flatten_load' <Predicate = true> <Delay = 0.00>
ST_1 : Operation 11 [1/1] (0.61ns)   --->   "%icmp_ln502 = icmp_eq  i11 %indvar_flatten_load, i11 1088" [/home/fede/PhD/transformer-hls/hls/include/activations.h:502]   --->   Operation 11 'icmp' 'icmp_ln502' <Predicate = true> <Delay = 0.61> <CoreInst = "Cmp">   --->   Core 9 'Cmp' <Latency = 0> <II = 1> <Delay = 0.61> <FuncUnit> <Opcode : 'icmp'> <InPorts = 2> <OutPorts = 1>
ST_1 : Operation 12 [1/1] (0.73ns)   --->   "%add_ln502 = add i11 %indvar_flatten_load, i11 1" [/home/fede/PhD/transformer-hls/hls/include/activations.h:502]   --->   Operation 12 'add' 'add_ln502' <Predicate = true> <Delay = 0.73> <CoreInst = "Adder">   --->   Core 1 'Adder' <Latency = 0> <II = 1> <Delay = 0.73> <FuncUnit> <Opcode : 'add' 'sub'> <InPorts = 2> <OutPorts = 1>
ST_1 : Operation 13 [1/1] (0.00ns)   --->   "%br_ln502 = br i1 %icmp_ln502, void %for.inc25.i, void %_Z9ReLuTiledILi17ELi64ELi1ELi1E6ap_intILi8EEEvRN3hls6streamI7ap_uintIXmlT2_srT3_5widthEELi0EEES8_.exit" [/home/fede/PhD/transformer-hls/hls/include/activations.h:502]   --->   Operation 13 'br' 'br_ln502' <Predicate = true> <Delay = 0.00>
ST_1 : Operation 14 [1/1] (0.38ns)   --->   "%store_ln504 = store i11 %add_ln502, i11 %indvar_flatten" [/home/fede/PhD/transformer-hls/hls/include/activations.h:504]   --->   Operation 14 'store' 'store_ln504' <Predicate = (!icmp_ln502)> <Delay = 0.38>
ST_1 : Operation 26 [1/1] (0.00ns)   --->   "%ret_ln7 = ret" [/home/fede/PhD/transformer-hls/hls/src/layers/MLP_tiled_oc.cpp:7]   --->   Operation 26 'ret' 'ret_ln7' <Predicate = (icmp_ln502)> <Delay = 0.00>

State 2 <SV = 1> <Delay = 3.60>
ST_2 : Operation 15 [1/1] (0.00ns)   --->   "%specloopname_ln0 = specloopname void @_ssdm_op_SpecLoopName, void @VITIS_LOOP_502_1_VITIS_LOOP_504_3_str"   --->   Operation 15 'specloopname' 'specloopname_ln0' <Predicate = true> <Delay = 0.00>
ST_2 : Operation 16 [1/1] (0.00ns)   --->   "%empty = speclooptripcount i32 @_ssdm_op_SpecLoopTripCount, i64 1088, i64 1088, i64 1088"   --->   Operation 16 'speclooptripcount' 'empty' <Predicate = true> <Delay = 0.00>
ST_2 : Operation 17 [1/1] (0.00ns)   --->   "%specpipeline_ln505 = specpipeline void @_ssdm_op_SpecPipeline, i32 1, i32 0, i32 0, i32 0, void @empty_28" [/home/fede/PhD/transformer-hls/hls/include/activations.h:505]   --->   Operation 17 'specpipeline' 'specpipeline_ln505' <Predicate = true> <Delay = 0.00>
ST_2 : Operation 18 [1/1] (0.00ns)   --->   "%specloopname_ln504 = specloopname void @_ssdm_op_SpecLoopName, void @empty_22" [/home/fede/PhD/transformer-hls/hls/include/activations.h:504]   --->   Operation 18 'specloopname' 'specloopname_ln504' <Predicate = true> <Delay = 0.00>
ST_2 : Operation 19 [1/1] (1.35ns)   --->   "%val_V = read i8 @_ssdm_op_Read.ap_fifo.volatile.i8P0A, i8 %fc11" [/home/fede/PhD/transformer-hls/hls/include/activations.h:507]   --->   Operation 19 'read' 'val_V' <Predicate = true> <Delay = 1.35> <CoreInst = "FIFO_SRL">   --->   Core 81 'FIFO_SRL' <Latency = 0> <II = 1> <Delay = 1.35> <Storage> <Opcode : 'read' 'write' 'nbread' 'nbwrite'> <Ports = 0> <Width = 8> <Depth = 64> <FIFO>
ST_2 : Operation 20 [1/1] (0.00ns)   --->   "%trunc_ln507 = trunc i8 %val_V" [/home/fede/PhD/transformer-hls/hls/include/activations.h:507]   --->   Operation 20 'trunc' 'trunc_ln507' <Predicate = true> <Delay = 0.00>
ST_2 : Operation 21 [1/1] (0.58ns)   --->   "%icmp_ln1035 = icmp_sgt  i8 %val_V, i8 0"   --->   Operation 21 'icmp' 'icmp_ln1035' <Predicate = true> <Delay = 0.58> <CoreInst = "Cmp">   --->   Core 9 'Cmp' <Latency = 0> <II = 1> <Delay = 0.58> <FuncUnit> <Opcode : 'icmp'> <InPorts = 2> <OutPorts = 1>
ST_2 : Operation 22 [1/1] (0.30ns)   --->   "%out_u_V = select i1 %icmp_ln1035, i7 %trunc_ln507, i7 0" [/home/fede/PhD/transformer-hls/hls/include/activations.h:517]   --->   Operation 22 'select' 'out_u_V' <Predicate = true> <Delay = 0.30> <CoreInst = "Sel">   --->   Core 73 'Sel' <Latency = 0> <II = 1> <Delay = 0.30> <FuncUnit> <Opcode : 'select'> <InPorts = 3> <OutPorts = 1>
ST_2 : Operation 23 [1/1] (0.00ns)   --->   "%zext_ln517 = zext i7 %out_u_V" [/home/fede/PhD/transformer-hls/hls/include/activations.h:517]   --->   Operation 23 'zext' 'zext_ln517' <Predicate = true> <Delay = 0.00>
ST_2 : Operation 24 [1/1] (1.35ns)   --->   "%write_ln522 = write void @_ssdm_op_Write.ap_fifo.volatile.i8P0A, i8 %relu2, i8 %zext_ln517" [/home/fede/PhD/transformer-hls/hls/include/activations.h:522]   --->   Operation 24 'write' 'write_ln522' <Predicate = true> <Delay = 1.35> <CoreInst = "FIFO_SRL">   --->   Core 81 'FIFO_SRL' <Latency = 0> <II = 1> <Delay = 1.35> <Storage> <Opcode : 'read' 'write' 'nbread' 'nbwrite'> <Ports = 0> <Width = 8> <Depth = 64> <FIFO>
ST_2 : Operation 25 [1/1] (0.00ns)   --->   "%br_ln504 = br void %for.body12.i" [/home/fede/PhD/transformer-hls/hls/include/activations.h:504]   --->   Operation 25 'br' 'br_ln504' <Predicate = true> <Delay = 0.00>


============================================================
+ Verbose Summary: Binding
============================================================
STG Binding: 
---------------- STG Properties BEGIN ----------------
- Is combinational: 0
- Is one-state seq: 0
- Is datapath-only: 0
- Is pipelined: 0
- Is top level: 0
Port [ Return ] is wired: 1; IO mode=ap_ctrl_hs:ce=0
Port [ fc11]:  wired=1; compound=1; hidden=0; nouse=0; global=0; static=0; extern=0; dir=0; type=3; pingpong=0; private_global=0; IO mode=ap_fifo:ce=0
Port [ relu2]:  wired=1; compound=1; hidden=0; nouse=0; global=0; static=0; extern=0; dir=1; type=3; pingpong=0; private_global=0; IO mode=ap_fifo:ce=0
---------------- STG Properties END ------------------

---------------- Datapath Model BEGIN ----------------

<LifeTime>
<method=bitvector/>
indvar_flatten      (alloca           ) [ 010]
specinterface_ln0   (specinterface    ) [ 000]
specinterface_ln0   (specinterface    ) [ 000]
store_ln502         (store            ) [ 000]
br_ln502            (br               ) [ 000]
indvar_flatten_load (load             ) [ 000]
icmp_ln502          (icmp             ) [ 010]
add_ln502           (add              ) [ 000]
br_ln502            (br               ) [ 000]
store_ln504         (store            ) [ 000]
specloopname_ln0    (specloopname     ) [ 000]
empty               (speclooptripcount) [ 000]
specpipeline_ln505  (specpipeline     ) [ 000]
specloopname_ln504  (specloopname     ) [ 000]
val_V               (read             ) [ 000]
trunc_ln507         (trunc            ) [ 000]
icmp_ln1035         (icmp             ) [ 000]
out_u_V             (select           ) [ 000]
zext_ln517          (zext             ) [ 000]
write_ln522         (write            ) [ 000]
br_ln504            (br               ) [ 000]
ret_ln7             (ret              ) [ 000]
</LifeTime>

<model>

<comp_list>
<comp id="0" class="1000" name="fc11">
<pin_list>
<pin id="1" dir="1" index="0" bw="1" slack="0"/>
</pin_list>
<bind>
<StgValue><ssdm name="fc11"/></StgValue>
</bind>
</comp>

<comp id="2" class="1000" name="relu2">
<pin_list>
<pin id="3" dir="1" index="0" bw="1" slack="0"/>
</pin_list>
<bind>
<StgValue><ssdm name="relu2"/></StgValue>
</bind>
</comp>

<comp id="4" class="1001" name="const_4">
<pin_list>
<pin id="5" dir="1" index="0" bw="1" slack="0"/>
</pin_list>
<bind>
<StgValue><ssdm name=""/></StgValue>
</bind>
</comp>

<comp id="6" class="1001" name="const_6">
<pin_list>
<pin id="7" dir="1" index="0" bw="1" slack="2147483647"/>
</pin_list>
<bind>
<StgValue><ssdm name="_ssdm_op_SpecInterface"/></StgValue>
</bind>
</comp>

<comp id="8" class="1001" name="const_8">
<pin_list>
<pin id="9" dir="1" index="0" bw="1" slack="2147483647"/>
</pin_list>
<bind>
<StgValue><ssdm name="empty_9"/></StgValue>
</bind>
</comp>

<comp id="10" class="1001" name="const_10">
<pin_list>
<pin id="11" dir="1" index="0" bw="1" slack="2147483647"/>
</pin_list>
<bind>
<StgValue><ssdm name=""/></StgValue>
</bind>
</comp>

<comp id="12" class="1001" name="const_12">
<pin_list>
<pin id="13" dir="1" index="0" bw="1" slack="2147483647"/>
</pin_list>
<bind>
<StgValue><ssdm name="empty_28"/></StgValue>
</bind>
</comp>

<comp id="14" class="1001" name="const_14">
<pin_list>
<pin id="15" dir="1" index="0" bw="1" slack="2147483647"/>
</pin_list>
<bind>
<StgValue><ssdm name=""/></StgValue>
</bind>
</comp>

<comp id="16" class="1001" name="const_16">
<pin_list>
<pin id="17" dir="1" index="0" bw="1" slack="0"/>
</pin_list>
<bind>
<StgValue><ssdm name=""/></StgValue>
</bind>
</comp>

<comp id="18" class="1001" name="const_18">
<pin_list>
<pin id="19" dir="1" index="0" bw="1" slack="0"/>
</pin_list>
<bind>
<StgValue><ssdm name=""/></StgValue>
</bind>
</comp>

<comp id="20" class="1001" name="const_20">
<pin_list>
<pin id="21" dir="1" index="0" bw="1" slack="0"/>
</pin_list>
<bind>
<StgValue><ssdm name=""/></StgValue>
</bind>
</comp>

<comp id="22" class="1001" name="const_22">
<pin_list>
<pin id="23" dir="1" index="0" bw="1" slack="2147483647"/>
</pin_list>
<bind>
<StgValue><ssdm name="_ssdm_op_SpecLoopName"/></StgValue>
</bind>
</comp>

<comp id="24" class="1001" name="const_24">
<pin_list>
<pin id="25" dir="1" index="0" bw="1" slack="2147483647"/>
</pin_list>
<bind>
<StgValue><ssdm name="VITIS_LOOP_502_1_VITIS_LOOP_504_3_str"/></StgValue>
</bind>
</comp>

<comp id="26" class="1001" name="const_26">
<pin_list>
<pin id="27" dir="1" index="0" bw="1" slack="2147483647"/>
</pin_list>
<bind>
<StgValue><ssdm name="_ssdm_op_SpecLoopTripCount"/></StgValue>
</bind>
</comp>

<comp id="28" class="1001" name="const_28">
<pin_list>
<pin id="29" dir="1" index="0" bw="1" slack="2147483647"/>
</pin_list>
<bind>
<StgValue><ssdm name=""/></StgValue>
</bind>
</comp>

<comp id="30" class="1001" name="const_30">
<pin_list>
<pin id="31" dir="1" index="0" bw="1" slack="2147483647"/>
</pin_list>
<bind>
<StgValue><ssdm name="_ssdm_op_SpecPipeline"/></StgValue>
</bind>
</comp>

<comp id="32" class="1001" name="const_32">
<pin_list>
<pin id="33" dir="1" index="0" bw="1" slack="2147483647"/>
</pin_list>
<bind>
<StgValue><ssdm name="empty_22"/></StgValue>
</bind>
</comp>

<comp id="34" class="1001" name="const_34">
<pin_list>
<pin id="35" dir="1" index="0" bw="1" slack="0"/>
</pin_list>
<bind>
<StgValue><ssdm name="_ssdm_op_Read.ap_fifo.volatile.i8P0A"/></StgValue>
</bind>
</comp>

<comp id="36" class="1001" name="const_36">
<pin_list>
<pin id="37" dir="1" index="0" bw="1" slack="0"/>
</pin_list>
<bind>
<StgValue><ssdm name=""/></StgValue>
</bind>
</comp>

<comp id="38" class="1001" name="const_38">
<pin_list>
<pin id="39" dir="1" index="0" bw="1" slack="0"/>
</pin_list>
<bind>
<StgValue><ssdm name=""/></StgValue>
</bind>
</comp>

<comp id="40" class="1001" name="const_40">
<pin_list>
<pin id="41" dir="1" index="0" bw="1" slack="0"/>
</pin_list>
<bind>
<StgValue><ssdm name="_ssdm_op_Write.ap_fifo.volatile.i8P0A"/></StgValue>
</bind>
</comp>

<comp id="42" class="1004" name="indvar_flatten_fu_42">
<pin_list>
<pin id="43" dir="0" index="0" bw="1" slack="0"/>
<pin id="44" dir="1" index="1" bw="11" slack="0"/>
</pin_list>
<bind>
<opcode="alloca(26) " fcode="alloca"/>
<opset="indvar_flatten/1 "/>
</bind>
</comp>

<comp id="46" class="1004" name="val_V_read_fu_46">
<pin_list>
<pin id="47" dir="0" index="0" bw="8" slack="0"/>
<pin id="48" dir="0" index="1" bw="8" slack="0"/>
<pin id="49" dir="1" index="2" bw="8" slack="0"/>
</pin_list>
<bind>
<opcode="read(1150) " fcode="read"/>
<opset="val_V/2 "/>
</bind>
</comp>

<comp id="52" class="1004" name="write_ln522_write_fu_52">
<pin_list>
<pin id="53" dir="0" index="0" bw="0" slack="0"/>
<pin id="54" dir="0" index="1" bw="8" slack="0"/>
<pin id="55" dir="0" index="2" bw="7" slack="0"/>
<pin id="56" dir="1" index="3" bw="0" slack="2147483647"/>
</pin_list>
<bind>
<opcode="write(1151) " fcode="write"/>
<opset="write_ln522/2 "/>
</bind>
</comp>

<comp id="59" class="1004" name="store_ln502_store_fu_59">
<pin_list>
<pin id="60" dir="0" index="0" bw="1" slack="0"/>
<pin id="61" dir="0" index="1" bw="11" slack="0"/>
<pin id="62" dir="1" index="2" bw="0" slack="2147483647"/>
</pin_list>
<bind>
<opcode="store(28) " fcode="store"/>
<opset="store_ln502/1 "/>
</bind>
</comp>

<comp id="64" class="1004" name="indvar_flatten_load_load_fu_64">
<pin_list>
<pin id="65" dir="0" index="0" bw="11" slack="0"/>
<pin id="66" dir="1" index="1" bw="11" slack="0"/>
</pin_list>
<bind>
<opcode="load(27) " fcode="load"/>
<opset="indvar_flatten_load/1 "/>
</bind>
</comp>

<comp id="67" class="1004" name="icmp_ln502_fu_67">
<pin_list>
<pin id="68" dir="0" index="0" bw="11" slack="0"/>
<pin id="69" dir="0" index="1" bw="11" slack="0"/>
<pin id="70" dir="1" index="2" bw="1" slack="2147483647"/>
</pin_list>
<bind>
<opcode="icmp(45) " fcode="icmp"/>
<opset="icmp_ln502/1 "/>
</bind>
</comp>

<comp id="73" class="1004" name="add_ln502_fu_73">
<pin_list>
<pin id="74" dir="0" index="0" bw="11" slack="0"/>
<pin id="75" dir="0" index="1" bw="1" slack="0"/>
<pin id="76" dir="1" index="2" bw="11" slack="0"/>
</pin_list>
<bind>
<opcode="add(8) " fcode="add"/>
<opset="add_ln502/1 "/>
</bind>
</comp>

<comp id="79" class="1004" name="store_ln504_store_fu_79">
<pin_list>
<pin id="80" dir="0" index="0" bw="11" slack="0"/>
<pin id="81" dir="0" index="1" bw="11" slack="0"/>
<pin id="82" dir="1" index="2" bw="0" slack="2147483647"/>
</pin_list>
<bind>
<opcode="store(28) " fcode="store"/>
<opset="store_ln504/1 "/>
</bind>
</comp>

<comp id="84" class="1004" name="trunc_ln507_fu_84">
<pin_list>
<pin id="85" dir="0" index="0" bw="8" slack="0"/>
<pin id="86" dir="1" index="1" bw="7" slack="0"/>
</pin_list>
<bind>
<opcode="trunc(33) " fcode="trunc"/>
<opset="trunc_ln507/2 "/>
</bind>
</comp>

<comp id="88" class="1004" name="icmp_ln1035_fu_88">
<pin_list>
<pin id="89" dir="0" index="0" bw="8" slack="0"/>
<pin id="90" dir="0" index="1" bw="1" slack="0"/>
<pin id="91" dir="1" index="2" bw="1" slack="0"/>
</pin_list>
<bind>
<opcode="icmp(45) " fcode="icmp"/>
<opset="icmp_ln1035/2 "/>
</bind>
</comp>

<comp id="94" class="1004" name="out_u_V_fu_94">
<pin_list>
<pin id="95" dir="0" index="0" bw="1" slack="0"/>
<pin id="96" dir="0" index="1" bw="7" slack="0"/>
<pin id="97" dir="0" index="2" bw="1" slack="0"/>
<pin id="98" dir="1" index="3" bw="7" slack="0"/>
</pin_list>
<bind>
<opcode="select(49) " fcode="select"/>
<opset="out_u_V/2 "/>
</bind>
</comp>

<comp id="102" class="1004" name="zext_ln517_fu_102">
<pin_list>
<pin id="103" dir="0" index="0" bw="7" slack="0"/>
<pin id="104" dir="1" index="1" bw="8" slack="0"/>
</pin_list>
<bind>
<opcode="zext(34) " fcode="zext"/>
<opset="zext_ln517/2 "/>
</bind>
</comp>

<comp id="107" class="1005" name="indvar_flatten_reg_107">
<pin_list>
<pin id="108" dir="0" index="0" bw="11" slack="0"/>
<pin id="109" dir="1" index="1" bw="11" slack="0"/>
</pin_list>
<bind>
<opset="indvar_flatten "/>
</bind>
</comp>

</comp_list>

<net_list>
<net id="45"><net_src comp="4" pin="0"/><net_sink comp="42" pin=0"/></net>

<net id="50"><net_src comp="34" pin="0"/><net_sink comp="46" pin=0"/></net>

<net id="51"><net_src comp="0" pin="0"/><net_sink comp="46" pin=1"/></net>

<net id="57"><net_src comp="40" pin="0"/><net_sink comp="52" pin=0"/></net>

<net id="58"><net_src comp="2" pin="0"/><net_sink comp="52" pin=1"/></net>

<net id="63"><net_src comp="16" pin="0"/><net_sink comp="59" pin=0"/></net>

<net id="71"><net_src comp="64" pin="1"/><net_sink comp="67" pin=0"/></net>

<net id="72"><net_src comp="18" pin="0"/><net_sink comp="67" pin=1"/></net>

<net id="77"><net_src comp="64" pin="1"/><net_sink comp="73" pin=0"/></net>

<net id="78"><net_src comp="20" pin="0"/><net_sink comp="73" pin=1"/></net>

<net id="83"><net_src comp="73" pin="2"/><net_sink comp="79" pin=0"/></net>

<net id="87"><net_src comp="46" pin="2"/><net_sink comp="84" pin=0"/></net>

<net id="92"><net_src comp="46" pin="2"/><net_sink comp="88" pin=0"/></net>

<net id="93"><net_src comp="36" pin="0"/><net_sink comp="88" pin=1"/></net>

<net id="99"><net_src comp="88" pin="2"/><net_sink comp="94" pin=0"/></net>

<net id="100"><net_src comp="84" pin="1"/><net_sink comp="94" pin=1"/></net>

<net id="101"><net_src comp="38" pin="0"/><net_sink comp="94" pin=2"/></net>

<net id="105"><net_src comp="94" pin="3"/><net_sink comp="102" pin=0"/></net>

<net id="106"><net_src comp="102" pin="1"/><net_sink comp="52" pin=2"/></net>

<net id="110"><net_src comp="42" pin="1"/><net_sink comp="107" pin=0"/></net>

<net id="111"><net_src comp="107" pin="1"/><net_sink comp="59" pin=1"/></net>

<net id="112"><net_src comp="107" pin="1"/><net_sink comp="64" pin=0"/></net>

<net id="113"><net_src comp="107" pin="1"/><net_sink comp="79" pin=1"/></net>

</net_list>

</model> 
---------------- Datapath Model END ------------------

* FSMD analyzer results:
  - Output states:
	Port: relu2 | {2 }
 - Input state : 
	Port: Relu_tiled_oc : fc11 | {2 }
  - Chain level:
	State 1
		store_ln502 : 1
		indvar_flatten_load : 1
		icmp_ln502 : 2
		add_ln502 : 2
		br_ln502 : 3
		store_ln504 : 3
	State 2
		out_u_V : 1
		zext_ln517 : 2
		write_ln522 : 3


============================================================
+ Verbose Summary: Datapath Resource usage 
============================================================

* Functional unit list:
|----------|-------------------------|---------|---------|
| Operation|     Functional Unit     |    FF   |   LUT   |
|----------|-------------------------|---------|---------|
|   icmp   |     icmp_ln502_fu_67    |    0    |    11   |
|          |    icmp_ln1035_fu_88    |    0    |    11   |
|----------|-------------------------|---------|---------|
|    add   |     add_ln502_fu_73     |    0    |    18   |
|----------|-------------------------|---------|---------|
|  select  |      out_u_V_fu_94      |    0    |    7    |
|----------|-------------------------|---------|---------|
|   read   |     val_V_read_fu_46    |    0    |    0    |
|----------|-------------------------|---------|---------|
|   write  | write_ln522_write_fu_52 |    0    |    0    |
|----------|-------------------------|---------|---------|
|   trunc  |    trunc_ln507_fu_84    |    0    |    0    |
|----------|-------------------------|---------|---------|
|   zext   |    zext_ln517_fu_102    |    0    |    0    |
|----------|-------------------------|---------|---------|
|   Total  |                         |    0    |    47   |
|----------|-------------------------|---------|---------|

Memories:
N/A

* Register list:
+----------------------+--------+
|                      |   FF   |
+----------------------+--------+
|indvar_flatten_reg_107|   11   |
+----------------------+--------+
|         Total        |   11   |
+----------------------+--------+

* Multiplexer (MUX) list: 
|--------|------|------|------|--------|
|  Comp  |  Pin | Size |  BW  | S x BW |
|--------|------|------|------|--------|
|  Total |      |      |      |    0   |
|--------|------|------|------|--------|



* Summary:
+-----------+--------+--------+
|           |   FF   |   LUT  |
+-----------+--------+--------+
|  Function |    0   |   47   |
|   Memory  |    -   |    -   |
|Multiplexer|    -   |    -   |
|  Register |   11   |    -   |
+-----------+--------+--------+
|   Total   |   11   |   47   |
+-----------+--------+--------+
