

================================================================
== Vitis HLS Report for 'Relu_tiled_oc'
================================================================
* Date:           Tue Jun 23 12:33:33 2026

* Version:        2022.2 (Build 3670227 on Oct 13 2022)
* Project:        ViT_Block
* Solution:       ViT_Block (Vivado IP Flow Target)
* Product family: virtexuplus
* Target device:  xcu250-figd2104-2L-e


================================================================
== Performance Estimates
================================================================
+ Timing: 
    * Summary: 
    +--------+----------+----------+------------+
    |  Clock |  Target  | Estimated| Uncertainty|
    +--------+----------+----------+------------+
    |ap_clk  |  10.00 ns|  3.603 ns|     2.70 ns|
    +--------+----------+----------+------------+

+ Latency: 
    * Summary: 
    +---------+---------+-----------+-----------+------+------+---------+
    |  Latency (cycles) |   Latency (absolute)  |   Interval  | Pipeline|
    |   min   |   max   |    min    |    max    |  min |  max |   Type  |
    +---------+---------+-----------+-----------+------+------+---------+
    |     1090|     1090|  10.900 us|  10.900 us|  1090|  1090|       no|
    +---------+---------+-----------+-----------+------+------+---------+

    + Detail: 
        * Instance: 
        N/A

        * Loop: 
        +-------------------------------------+---------+---------+----------+-----------+-----------+------+----------+
        |                                     |  Latency (cycles) | Iteration|  Initiation Interval  | Trip |          |
        |              Loop Name              |   min   |   max   |  Latency |  achieved |   target  | Count| Pipelined|
        +-------------------------------------+---------+---------+----------+-----------+-----------+------+----------+
        |- VITIS_LOOP_502_1_VITIS_LOOP_504_3  |     1088|     1088|         2|          1|          1|  1088|       yes|
        +-------------------------------------+---------+---------+----------+-----------+-----------+------+----------+

============================================================
+ Verbose Summary: Synthesis Manager
============================================================
InlineROM: 1
ExposeGlobal: 0
============================================================
+ Verbose Summary: CDFG Model
============================================================
IsTopModel: 0
ResetActiveHigh: 1
IsCombinational: 2
IsDatapathOnly: 0
HasWiredReturn: 1
HasMFsm: 2
HasVarLatency: 1
IsPipeline: 0
IsRtlPipelined: 0
IsInstanceOverlapped: 0
IsDontTouch: 0
HasImplIP: 0
IsGatedGlobalClock: 0

+ Individual pipeline summary: 
  * Pipeline-0: initiation interval (II) = 1, depth = 2


============================================================
+ Verbose Summary: Schedule
============================================================
* Number of FSM states : 2
* Pipeline : 1
  Pipeline-0 : II = 1, D = 2, States = { 1 2 }
* Dataflow Pipeline: 0

* FSM state transitions: 
1 --> 2 
2 --> 

* FSM state operations: 

State 1 <SV = 0> <Delay = 1.12>
ST_1 : Operation 5 [1/1] (0.00ns)   --->   "%indvar_flatten = alloca i32 1"   --->   Operation 5 'alloca' 'indvar_flatten' <Predicate = true> <Delay = 0.00>
ST_1 : Operation 6 [1/1] (0.00ns)   --->   "%specinterface_ln0 = specinterface void @_ssdm_op_SpecInterface, i8 %relu2, void @empty_9, i32 0, i32 0, void @empty_28, i32 0, i32 0, void @empty_28, void @empty_28, void @empty_28, i32 0, i32 0, i32 0, i32 0, void @empty_28, void @empty_28, i32 4294967295, i32 0"   --->   Operation 6 'specinterface' 'specinterface_ln0' <Predicate = true> <Delay = 0.00>
ST_1 : Operation 7 [1/1] (0.00ns)   --->   "%specinterface_ln0 = specinterface void @_ssdm_op_SpecInterface, i8 %fc11, void @empty_9, i32 0, i32 0, void @empty_28, i32 0, i32 0, void @empty_28, void @empty_28, void @empty_28, i32 0, i32 0, i32 0, i32 0, void @empty_28, void @empty_28, i32 4294967295, i32 0"   --->   Operation 7 'specinterface' 'specinterface_ln0' <Predicate = true> <Delay = 0.00>
ST_1 : Operation 8 [1/1] (0.38ns)   --->   "%store_ln502 = store i11 0, i11 %indvar_flatten" [/home/fede/PhD/transformer-hls/hls/include/activations.h:502]   --->   Operation 8 'store' 'store_ln502' <Predicate = true> <Delay = 0.38>
ST_1 : Operation 9 [1/1] (0.00ns)   --->   "%br_ln502 = br void %for.body12.i" [/home/fede/PhD/transformer-hls/hls/include/activations.h:502]   --->   Operation 9 'br' 'br_ln502' <Predicate = true> <Delay = 0.00>
ST_1 : Operation 10 [1/1] (0.00ns)   --->   "%indvar_flatten_load = load i11 %indvar_flatten" [/home/fede/PhD/transformer-hls/hls/include/activations.h:502]   --->   Operation 10 'load' 'indvar_flatten_load' <Predicate = true> <Delay = 0.00>
ST_1 : Operation 11 [1/1] (0.61ns)   --->   "%icmp_ln502 = icmp_eq  i11 %indvar_flatten_load, i11 1088" [/home/fede/PhD/transformer-hls/hls/include/activations.h:502]   --->   Operation 11 'icmp' 'icmp_ln502' <Predicate = true> <Delay = 0.61> <CoreInst = "Cmp">   --->   Core 9 'Cmp' <Latency = 0> <II = 1> <Delay = 0.61> <FuncUnit> <Opcode : 'icmp'> <InPorts = 2> <OutPorts = 1>
ST_1 : Operation 12 [1/1] (0.73ns)   --->   "%add_ln502 = add i11 %indvar_flatten_load, i11 1" [/home/fede/PhD/transformer-hls/hls/include/activations.h:502]   --->   Operation 12 'add' 'add_ln502' <Predicate = true> <Delay = 0.73> <CoreInst = "Adder">   --->   Core 1 'Adder' <Latency = 0> <II = 1> <Delay = 0.73> <FuncUnit> <Opcode : 'add' 'sub'> <InPorts = 2> <OutPorts = 1>
ST_1 : Operation 13 [1/1] (0.00ns)   --->   "%br_ln502 = br i1 %icmp_ln502, void %for.inc25.i, void %_Z9ReLuTiledILi17ELi64ELi1ELi1E6ap_intILi8EEEvRN3hls6streamI7ap_uintIXmlT2_srT3_5widthEELi0EEES8_.exit" [/home/fede/PhD/transformer-hls/hls/include/activations.h:502]   --->   Operation 13 'br' 'br_ln502' <Predicate = true> <Delay = 0.00>
ST_1 : Operation 14 [1/1] (0.38ns)   --->   "%store_ln504 = store i11 %add_ln502, i11 %indvar_flatten" [/home/fede/PhD/transformer-hls/hls/include/activations.h:504]   --->   Operation 14 'store' 'store_ln504' <Predicate = (!icmp_ln502)> <Delay = 0.38>
ST_1 : Operation 26 [1/1] (0.00ns)   --->   "%ret_ln7 = ret" [/home/fede/PhD/transformer-hls/hls/src/layers/MLP_tiled_oc.cpp:7]   --->   Operation 26 'ret' 'ret_ln7' <Predicate = (icmp_ln502)> <Delay = 0.00>

State 2 <SV = 1> <Delay = 3.60>
ST_2 : Operation 15 [1/1] (0.00ns)   --->   "%specloopname_ln0 = specloopname void @_ssdm_op_SpecLoopName, void @VITIS_LOOP_502_1_VITIS_LOOP_504_3_str"   --->   Operation 15 'specloopname' 'specloopname_ln0' <Predicate = true> <Delay = 0.00>
ST_2 : Operation 16 [1/1] (0.00ns)   --->   "%empty = speclooptripcount i32 @_ssdm_op_SpecLoopTripCount, i64 1088, i64 1088, i64 1088"   --->   Operation 16 'speclooptripcount' 'empty' <Predicate = true> <Delay = 0.00>
ST_2 : Operation 17 [1/1] (0.00ns)   --->   "%specpipeline_ln505 = specpipeline void @_ssdm_op_SpecPipeline, i32 1, i32 0, i32 0, i32 0, void @empty_28" [/home/fede/PhD/transformer-hls/hls/include/activations.h:505]   --->   Operation 17 'specpipeline' 'specpipeline_ln505' <Predicate = true> <Delay = 0.00>
ST_2 : Operation 18 [1/1] (0.00ns)   --->   "%specloopname_ln504 = specloopname void @_ssdm_op_SpecLoopName, void @empty_22" [/home/fede/PhD/transformer-hls/hls/include/activations.h:504]   --->   Operation 18 'specloopname' 'specloopname_ln504' <Predicate = true> <Delay = 0.00>
ST_2 : Operation 19 [1/1] (1.35ns)   --->   "%val_V = read i8 @_ssdm_op_Read.ap_fifo.volatile.i8P0A, i8 %fc11" [/home/fede/PhD/transformer-hls/hls/include/activations.h:507]   --->   Operation 19 'read' 'val_V' <Predicate = true> <Delay = 1.35> <CoreInst = "FIFO_SRL">   --->   Core 81 'FIFO_SRL' <Latency = 0> <II = 1> <Delay = 1.35> <Storage> <Opcode : 'read' 'write' 'nbread' 'nbwrite'> <Ports = 0> <Width = 8> <Depth = 64> <FIFO>
ST_2 : Operation 20 [1/1] (0.00ns)   --->   "%trunc_ln507 = trunc i8 %val_V" [/home/fede/PhD/transformer-hls/hls/include/activations.h:507]   --->   Operation 20 'trunc' 'trunc_ln507' <Predicate = true> <Delay = 0.00>
ST_2 : Operation 21 [1/1] (0.58ns)   --->   "%icmp_ln1035 = icmp_sgt  i8 %val_V, i8 0"   --->   Operation 21 'icmp' 'icmp_ln1035' <Predicate = true> <Delay = 0.58> <CoreInst = "Cmp">   --->   Core 9 'Cmp' <Latency = 0> <II = 1> <Delay = 0.58> <FuncUnit> <Opcode : 'icmp'> <InPorts = 2> <OutPorts = 1>
ST_2 : Operation 22 [1/1] (0.30ns)   --->   "%out_u_V = select i1 %icmp_ln1035, i7 %trunc_ln507, i7 0" [/home/fede/PhD/transformer-hls/hls/include/activations.h:517]   --->   Operation 22 'select' 'out_u_V' <Predicate = true> <Delay = 0.30> <CoreInst = "Sel">   --->   Core 73 'Sel' <Latency = 0> <II = 1> <Delay = 0.30> <FuncUnit> <Opcode : 'select'> <InPorts = 3> <OutPorts = 1>
ST_2 : Operation 23 [1/1] (0.00ns)   --->   "%zext_ln517 = zext i7 %out_u_V" [/home/fede/PhD/transformer-hls/hls/include/activations.h:517]   --->   Operation 23 'zext' 'zext_ln517' <Predicate = true> <Delay = 0.00>
ST_2 : Operation 24 [1/1] (1.35ns)   --->   "%write_ln522 = write void @_ssdm_op_Write.ap_fifo.volatile.i8P0A, i8 %relu2, i8 %zext_ln517" [/home/fede/PhD/transformer-hls/hls/include/activations.h:522]   --->   Operation 24 'write' 'write_ln522' <Predicate = true> <Delay = 1.35> <CoreInst = "FIFO_SRL">   --->   Core 81 'FIFO_SRL' <Latency = 0> <II = 1> <Delay = 1.35> <Storage> <Opcode : 'read' 'write' 'nbread' 'nbwrite'> <Ports = 0> <Width = 8> <Depth = 64> <FIFO>
ST_2 : Operation 25 [1/1] (0.00ns)   --->   "%br_ln504 = br void %for.body12.i" [/home/fede/PhD/transformer-hls/hls/include/activations.h:504]   --->   Operation 25 'br' 'br_ln504' <Predicate = true> <Delay = 0.00>


============================================================
+ Verbose Summary: Timing violations
============================================================
Target clock period: 10ns, clock uncertainty: 2.7ns.

 <State 1>: 1.12ns
The critical path consists of the following:
	'alloca' operation ('indvar_flatten') [3]  (0 ns)
	'load' operation ('indvar_flatten_load', /home/fede/PhD/transformer-hls/hls/include/activations.h:502) on local variable 'indvar_flatten' [9]  (0 ns)
	'add' operation ('add_ln502', /home/fede/PhD/transformer-hls/hls/include/activations.h:502) [11]  (0.735 ns)
	'store' operation ('store_ln504', /home/fede/PhD/transformer-hls/hls/include/activations.h:504) of variable 'add_ln502', /home/fede/PhD/transformer-hls/hls/include/activations.h:502 on local variable 'indvar_flatten' [24]  (0.387 ns)

 <State 2>: 3.6ns
The critical path consists of the following:
	fifo read operation ('val.V', /home/fede/PhD/transformer-hls/hls/include/activations.h:507) on port 'fc11' (/home/fede/PhD/transformer-hls/hls/include/activations.h:507) [18]  (1.36 ns)
	'icmp' operation ('icmp_ln1035') [20]  (0.581 ns)
	'select' operation ('out_u.V', /home/fede/PhD/transformer-hls/hls/include/activations.h:517) [21]  (0.308 ns)
	fifo write operation ('write_ln522', /home/fede/PhD/transformer-hls/hls/include/activations.h:522) on port 'relu2' (/home/fede/PhD/transformer-hls/hls/include/activations.h:522) [23]  (1.36 ns)


============================================================
+ Verbose Summary: Binding
============================================================
N/A
* FSMD analyzer results:
  - Output states:
 - Input state : 
  - Chain level:
	State 1
	State 2


============================================================
+ Verbose Summary: Datapath Resource usage 
============================================================
N/A
