

================================================================
== Vitis HLS Report for 'requant_ap_int_8_ap_int_8_17_17_170977_16_1_s'
================================================================
* Date:           Tue Jun 23 12:41:21 2026

* Version:        2022.2 (Build 3670227 on Oct 13 2022)
* Project:        ViT_Block
* Solution:       ViT_Block (Vivado IP Flow Target)
* Product family: virtexuplus
* Target device:  xcu250-figd2104-2L-e


================================================================
== Performance Estimates
================================================================
+ Timing: 
    * Summary: 
    +--------+----------+----------+------------+
    |  Clock |  Target  | Estimated| Uncertainty|
    +--------+----------+----------+------------+
    |ap_clk  |  10.00 ns|  4.129 ns|     2.70 ns|
    +--------+----------+----------+------------+

+ Latency: 
    * Summary: 
    +---------+---------+----------+----------+-----+-----+---------+
    |  Latency (cycles) |  Latency (absolute) |  Interval | Pipeline|
    |   min   |   max   |    min   |    max   | min | max |   Type  |
    +---------+---------+----------+----------+-----+-----+---------+
    |      294|      294|  2.940 us|  2.940 us|  294|  294|       no|
    +---------+---------+----------+----------+-----+-----+---------+

    + Detail: 
        * Instance: 
        N/A

        * Loop: 
        +-------------------+---------+---------+----------+-----------+-----------+------+----------+
        |                   |  Latency (cycles) | Iteration|  Initiation Interval  | Trip |          |
        |     Loop Name     |   min   |   max   |  Latency |  achieved |   target  | Count| Pipelined|
        +-------------------+---------+---------+----------+-----------+-----------+------+----------+
        |- VITIS_LOOP_72_1  |      292|      292|         5|          1|          1|   289|       yes|
        +-------------------+---------+---------+----------+-----------+-----------+------+----------+

============================================================
+ Verbose Summary: Synthesis Manager
============================================================
InlineROM: 1
ExposeGlobal: 0
============================================================
+ Verbose Summary: CDFG Model
============================================================
IsTopModel: 0
ResetActiveHigh: 1
IsCombinational: 2
IsDatapathOnly: 0
HasWiredReturn: 1
HasMFsm: 2
HasVarLatency: 1
IsPipeline: 0
IsRtlPipelined: 0
IsInstanceOverlapped: 0
IsDontTouch: 0
HasImplIP: 0
IsGatedGlobalClock: 0

+ Individual pipeline summary: 
  * Pipeline-0: initiation interval (II) = 1, depth = 5


============================================================
+ Verbose Summary: Schedule
============================================================
* Number of FSM states : 5
* Pipeline : 1
  Pipeline-0 : II = 1, D = 5, States = { 1 2 3 4 5 }
* Dataflow Pipeline: 0

* FSM state transitions: 
1 --> 2 
2 --> 3 
3 --> 4 
4 --> 5 
5 --> 

* FSM state operations: 

State 1 <SV = 0> <Delay = 1.10>
ST_1 : Operation 8 [1/1] (0.00ns)   --->   "%i = alloca i32 1"   --->   Operation 8 'alloca' 'i' <Predicate = true> <Delay = 0.00>
ST_1 : Operation 9 [1/1] (0.00ns)   --->   "%specinterface_ln0 = specinterface void @_ssdm_op_SpecInterface, i8 %A_sx_0, void @empty_9, i32 0, i32 0, void @empty_28, i32 0, i32 0, void @empty_28, void @empty_28, void @empty_28, i32 0, i32 0, i32 0, i32 0, void @empty_28, void @empty_28, i32 4294967295, i32 0"   --->   Operation 9 'specinterface' 'specinterface_ln0' <Predicate = true> <Delay = 0.00>
ST_1 : Operation 10 [1/1] (0.00ns)   --->   "%specinterface_ln0 = specinterface void @_ssdm_op_SpecInterface, i8 %A_s_0, void @empty_9, i32 0, i32 0, void @empty_28, i32 0, i32 0, void @empty_28, void @empty_28, void @empty_28, i32 0, i32 0, i32 0, i32 0, void @empty_28, void @empty_28, i32 4294967295, i32 0"   --->   Operation 10 'specinterface' 'specinterface_ln0' <Predicate = true> <Delay = 0.00>
ST_1 : Operation 11 [1/1] (0.38ns)   --->   "%store_ln72 = store i9 0, i9 %i" [/home/fede/PhD/transformer-hls/hls/include/activations.h:72]   --->   Operation 11 'store' 'store_ln72' <Predicate = true> <Delay = 0.38>
ST_1 : Operation 12 [1/1] (0.00ns)   --->   "%br_ln72 = br void %for.body4" [/home/fede/PhD/transformer-hls/hls/include/activations.h:72]   --->   Operation 12 'br' 'br_ln72' <Predicate = true> <Delay = 0.00>
ST_1 : Operation 13 [1/1] (0.00ns)   --->   "%i_9 = load i9 %i" [/home/fede/PhD/transformer-hls/hls/include/activations.h:72]   --->   Operation 13 'load' 'i_9' <Predicate = true> <Delay = 0.00>
ST_1 : Operation 14 [1/1] (0.59ns)   --->   "%icmp_ln72 = icmp_eq  i9 %i_9, i9 289" [/home/fede/PhD/transformer-hls/hls/include/activations.h:72]   --->   Operation 14 'icmp' 'icmp_ln72' <Predicate = true> <Delay = 0.59> <CoreInst = "Cmp">   --->   Core 9 'Cmp' <Latency = 0> <II = 1> <Delay = 0.59> <FuncUnit> <Opcode : 'icmp'> <InPorts = 2> <OutPorts = 1>
ST_1 : Operation 15 [1/1] (0.00ns)   --->   "%empty = speclooptripcount i32 @_ssdm_op_SpecLoopTripCount, i64 289, i64 289, i64 289"   --->   Operation 15 'speclooptripcount' 'empty' <Predicate = true> <Delay = 0.00>
ST_1 : Operation 16 [1/1] (0.71ns)   --->   "%i_10 = add i9 %i_9, i9 1" [/home/fede/PhD/transformer-hls/hls/include/activations.h:72]   --->   Operation 16 'add' 'i_10' <Predicate = true> <Delay = 0.71> <CoreInst = "Adder">   --->   Core 1 'Adder' <Latency = 0> <II = 1> <Delay = 0.71> <FuncUnit> <Opcode : 'add' 'sub'> <InPorts = 2> <OutPorts = 1>
ST_1 : Operation 17 [1/1] (0.00ns)   --->   "%br_ln72 = br i1 %icmp_ln72, void %for.body4.split_ifconv, void %for.end24" [/home/fede/PhD/transformer-hls/hls/include/activations.h:72]   --->   Operation 17 'br' 'br_ln72' <Predicate = true> <Delay = 0.00>
ST_1 : Operation 18 [1/1] (0.38ns)   --->   "%store_ln72 = store i9 %i_10, i9 %i" [/home/fede/PhD/transformer-hls/hls/include/activations.h:72]   --->   Operation 18 'store' 'store_ln72' <Predicate = (!icmp_ln72)> <Delay = 0.38>

State 2 <SV = 1> <Delay = 1.90>
ST_2 : Operation 19 [1/1] (1.36ns)   --->   "%val_V = read i8 @_ssdm_op_Read.ap_fifo.volatile.i8P0A, i8 %A_s_0" [/home/fede/PhD/transformer-hls/hls/include/activations.h:75]   --->   Operation 19 'read' 'val_V' <Predicate = true> <Delay = 1.36> <CoreInst = "FIFO_SRL">   --->   Core 81 'FIFO_SRL' <Latency = 0> <II = 1> <Delay = 1.36> <Storage> <Opcode : 'read' 'write' 'nbread' 'nbwrite'> <Ports = 0> <Width = 8> <Depth = 2> <FIFO>
ST_2 : Operation 20 [1/1] (0.00ns)   --->   "%sext_ln83 = sext i8 %val_V" [/home/fede/PhD/transformer-hls/hls/include/activations.h:83]   --->   Operation 20 'sext' 'sext_ln83' <Predicate = true> <Delay = 0.00>
ST_2 : Operation 21 [4/4] (0.53ns) (root node of the DSP)   --->   "%prod_V = mul i27 %sext_ln83, i27 170977" [/home/fede/PhD/transformer-hls/hls/include/activations.h:83]   --->   Operation 21 'mul' 'prod_V' <Predicate = true> <Delay = 0.53> <CoreInst = "DSP48">   --->   Core 127 'DSP48' <Latency = 3> <II = 1> <Delay = 0.53> <IPBlock> <Opcode : 'mul' 'add' 'sub' 'select'> <InPorts = 0> <OutPorts = 1> <Sync> <CReg>

State 3 <SV = 2> <Delay = 0.53>
ST_3 : Operation 22 [3/4] (0.53ns) (root node of the DSP)   --->   "%prod_V = mul i27 %sext_ln83, i27 170977" [/home/fede/PhD/transformer-hls/hls/include/activations.h:83]   --->   Operation 22 'mul' 'prod_V' <Predicate = true> <Delay = 0.53> <CoreInst = "DSP48">   --->   Core 127 'DSP48' <Latency = 3> <II = 1> <Delay = 0.53> <IPBlock> <Opcode : 'mul' 'add' 'sub' 'select'> <InPorts = 0> <OutPorts = 1> <Sync> <CReg>

State 4 <SV = 3> <Delay = 0.53>
ST_4 : Operation 23 [2/4] (0.53ns) (root node of the DSP)   --->   "%prod_V = mul i27 %sext_ln83, i27 170977" [/home/fede/PhD/transformer-hls/hls/include/activations.h:83]   --->   Operation 23 'mul' 'prod_V' <Predicate = true> <Delay = 0.53> <CoreInst = "DSP48">   --->   Core 127 'DSP48' <Latency = 3> <II = 1> <Delay = 0.53> <IPBlock> <Opcode : 'mul' 'add' 'sub' 'select'> <InPorts = 0> <OutPorts = 1> <Sync> <CReg>
ST_4 : Operation 46 [1/1] (0.00ns)   --->   "%ret_ln105 = ret" [/home/fede/PhD/transformer-hls/hls/include/activations.h:105]   --->   Operation 46 'ret' 'ret_ln105' <Predicate = (icmp_ln72)> <Delay = 0.00>

State 5 <SV = 4> <Delay = 4.12>
ST_5 : Operation 24 [1/1] (0.00ns)   --->   "%specpipeline_ln73 = specpipeline void @_ssdm_op_SpecPipeline, i32 1, i32 0, i32 0, i32 0, void @empty_28" [/home/fede/PhD/transformer-hls/hls/include/activations.h:73]   --->   Operation 24 'specpipeline' 'specpipeline_ln73' <Predicate = true> <Delay = 0.00>
ST_5 : Operation 25 [1/1] (0.00ns)   --->   "%specloopname_ln72 = specloopname void @_ssdm_op_SpecLoopName, void @empty_4" [/home/fede/PhD/transformer-hls/hls/include/activations.h:72]   --->   Operation 25 'specloopname' 'specloopname_ln72' <Predicate = true> <Delay = 0.00>
ST_5 : Operation 26 [1/4] (0.00ns) (root node of the DSP)   --->   "%prod_V = mul i27 %sext_ln83, i27 170977" [/home/fede/PhD/transformer-hls/hls/include/activations.h:83]   --->   Operation 26 'mul' 'prod_V' <Predicate = true> <Delay = 0.00> <CoreInst = "DSP48">   --->   Core 127 'DSP48' <Latency = 3> <II = 1> <Delay = 0.53> <IPBlock> <Opcode : 'mul' 'add' 'sub' 'select'> <InPorts = 0> <OutPorts = 1> <Sync> <CReg>
ST_5 : Operation 27 [1/1] (0.00ns)   --->   "%tmp = bitselect i1 @_ssdm_op_BitSelect.i1.i27.i32, i27 %prod_V, i32 26"   --->   Operation 27 'bitselect' 'tmp' <Predicate = true> <Delay = 0.00>
ST_5 : Operation 28 [1/1] (0.00ns)   --->   "%trunc_ln35 = trunc i27 %prod_V" [/home/fede/PhD/transformer-hls/hls/include/activations.h:35]   --->   Operation 28 'trunc' 'trunc_ln35' <Predicate = true> <Delay = 0.00>
ST_5 : Operation 29 [1/1] (0.83ns)   --->   "%ret_V = add i25 %trunc_ln35, i25 32768"   --->   Operation 29 'add' 'ret_V' <Predicate = true> <Delay = 0.83> <CoreInst = "Adder">   --->   Core 1 'Adder' <Latency = 0> <II = 1> <Delay = 0.83> <FuncUnit> <Opcode : 'add' 'sub'> <InPorts = 2> <OutPorts = 1>
ST_5 : Operation 30 [1/1] (0.00ns)   --->   "%trunc_ln4 = partselect i9 @_ssdm_op_PartSelect.i9.i25.i32.i32, i25 %ret_V, i32 16, i32 24" [/home/fede/PhD/transformer-hls/hls/include/activations.h:85]   --->   Operation 30 'partselect' 'trunc_ln4' <Predicate = true> <Delay = 0.00>
ST_5 : Operation 31 [1/1] (0.00ns)   --->   "%zext_ln85 = zext i9 %trunc_ln4" [/home/fede/PhD/transformer-hls/hls/include/activations.h:85]   --->   Operation 31 'zext' 'zext_ln85' <Predicate = true> <Delay = 0.00>
ST_5 : Operation 32 [1/1] (0.83ns)   --->   "%ret_V_2 = sub i25 32768, i25 %trunc_ln35"   --->   Operation 32 'sub' 'ret_V_2' <Predicate = true> <Delay = 0.83> <CoreInst = "Adder">   --->   Core 1 'Adder' <Latency = 0> <II = 1> <Delay = 0.83> <FuncUnit> <Opcode : 'add' 'sub'> <InPorts = 2> <OutPorts = 1>
ST_5 : Operation 33 [1/1] (0.00ns)   --->   "%trunc_ln5 = partselect i9 @_ssdm_op_PartSelect.i9.i25.i32.i32, i25 %ret_V_2, i32 16, i32 24" [/home/fede/PhD/transformer-hls/hls/include/activations.h:38]   --->   Operation 33 'partselect' 'trunc_ln5' <Predicate = true> <Delay = 0.00>
ST_5 : Operation 34 [1/1] (0.00ns)   --->   "%zext_ln38 = zext i9 %trunc_ln5" [/home/fede/PhD/transformer-hls/hls/include/activations.h:38]   --->   Operation 34 'zext' 'zext_ln38' <Predicate = true> <Delay = 0.00>
ST_5 : Operation 35 [1/1] (0.71ns)   --->   "%rq_V = sub i10 0, i10 %zext_ln38" [/home/fede/PhD/transformer-hls/hls/include/activations.h:38]   --->   Operation 35 'sub' 'rq_V' <Predicate = true> <Delay = 0.71> <CoreInst = "Adder">   --->   Core 1 'Adder' <Latency = 0> <II = 1> <Delay = 0.71> <FuncUnit> <Opcode : 'add' 'sub'> <InPorts = 2> <OutPorts = 1>
ST_5 : Operation 36 [1/1] (0.30ns)   --->   "%rq_V_2 = select i1 %tmp, i10 %rq_V, i10 %zext_ln85"   --->   Operation 36 'select' 'rq_V_2' <Predicate = true> <Delay = 0.30> <CoreInst = "Sel">   --->   Core 73 'Sel' <Latency = 0> <II = 1> <Delay = 0.30> <FuncUnit> <Opcode : 'select'> <InPorts = 3> <OutPorts = 1>
ST_5 : Operation 37 [1/1] (0.00ns)   --->   "%tmp_2 = partselect i3 @_ssdm_op_PartSelect.i3.i10.i32.i32, i10 %rq_V_2, i32 7, i32 9"   --->   Operation 37 'partselect' 'tmp_2' <Predicate = true> <Delay = 0.00>
ST_5 : Operation 38 [1/1] (0.49ns)   --->   "%icmp_ln1035 = icmp_sgt  i3 %tmp_2, i3 0"   --->   Operation 38 'icmp' 'icmp_ln1035' <Predicate = true> <Delay = 0.49> <CoreInst = "Cmp">   --->   Core 9 'Cmp' <Latency = 0> <II = 1> <Delay = 0.49> <FuncUnit> <Opcode : 'icmp'> <InPorts = 2> <OutPorts = 1>
ST_5 : Operation 39 [1/1] (0.60ns)   --->   "%icmp_ln1027 = icmp_slt  i10 %rq_V_2, i10 897"   --->   Operation 39 'icmp' 'icmp_ln1027' <Predicate = true> <Delay = 0.60> <CoreInst = "Cmp">   --->   Core 9 'Cmp' <Latency = 0> <II = 1> <Delay = 0.60> <FuncUnit> <Opcode : 'icmp'> <InPorts = 2> <OutPorts = 1>
ST_5 : Operation 40 [1/1] (0.00ns) (grouped into LUT with out node out_val_V)   --->   "%trunc_ln96 = trunc i10 %rq_V_2" [/home/fede/PhD/transformer-hls/hls/include/activations.h:96]   --->   Operation 40 'trunc' 'trunc_ln96' <Predicate = true> <Delay = 0.00>
ST_5 : Operation 41 [1/1] (0.00ns) (grouped into LUT with out node out_val_V)   --->   "%select_ln96 = select i1 %icmp_ln1035, i8 127, i8 129" [/home/fede/PhD/transformer-hls/hls/include/activations.h:96]   --->   Operation 41 'select' 'select_ln96' <Predicate = true> <Delay = 0.00> <CoreInst = "Sel">   --->   Core 73 'Sel' <Latency = 0> <II = 1> <Delay = 0.30> <FuncUnit> <Opcode : 'select'> <InPorts = 3> <OutPorts = 1>
ST_5 : Operation 42 [1/1] (0.00ns) (grouped into LUT with out node out_val_V)   --->   "%or_ln96 = or i1 %icmp_ln1035, i1 %icmp_ln1027" [/home/fede/PhD/transformer-hls/hls/include/activations.h:96]   --->   Operation 42 'or' 'or_ln96' <Predicate = true> <Delay = 0.00> <CoreInst = "LogicGate">   --->   Core 74 'LogicGate' <Latency = 0> <II = 1> <Delay = 0.12> <FuncUnit> <Opcode : 'and' 'or' 'xor'> <InPorts = 2> <OutPorts = 1>
ST_5 : Operation 43 [1/1] (0.30ns) (out node of the LUT)   --->   "%out_val_V = select i1 %or_ln96, i8 %select_ln96, i8 %trunc_ln96" [/home/fede/PhD/transformer-hls/hls/include/activations.h:96]   --->   Operation 43 'select' 'out_val_V' <Predicate = true> <Delay = 0.30> <CoreInst = "Sel">   --->   Core 73 'Sel' <Latency = 0> <II = 1> <Delay = 0.30> <FuncUnit> <Opcode : 'select'> <InPorts = 3> <OutPorts = 1>
ST_5 : Operation 44 [1/1] (1.36ns)   --->   "%write_ln103 = write void @_ssdm_op_Write.ap_fifo.volatile.i8P0A, i8 %A_sx_0, i8 %out_val_V" [/home/fede/PhD/transformer-hls/hls/include/activations.h:103]   --->   Operation 44 'write' 'write_ln103' <Predicate = true> <Delay = 1.36> <CoreInst = "FIFO_SRL">   --->   Core 81 'FIFO_SRL' <Latency = 0> <II = 1> <Delay = 1.36> <Storage> <Opcode : 'read' 'write' 'nbread' 'nbwrite'> <Ports = 0> <Width = 8> <Depth = 2> <FIFO>
ST_5 : Operation 45 [1/1] (0.00ns)   --->   "%br_ln72 = br void %for.body4" [/home/fede/PhD/transformer-hls/hls/include/activations.h:72]   --->   Operation 45 'br' 'br_ln72' <Predicate = true> <Delay = 0.00>


============================================================
+ Verbose Summary: Timing violations
============================================================
Target clock period: 10ns, clock uncertainty: 2.7ns.

 <State 1>: 1.1ns
The critical path consists of the following:
	'alloca' operation ('i') [3]  (0 ns)
	'load' operation ('i', /home/fede/PhD/transformer-hls/hls/include/activations.h:72) on local variable 'i' [9]  (0 ns)
	'add' operation ('i', /home/fede/PhD/transformer-hls/hls/include/activations.h:72) [12]  (0.715 ns)
	'store' operation ('store_ln72', /home/fede/PhD/transformer-hls/hls/include/activations.h:72) of variable 'i', /home/fede/PhD/transformer-hls/hls/include/activations.h:72 on local variable 'i' [38]  (0.387 ns)

 <State 2>: 1.9ns
The critical path consists of the following:
	fifo read operation ('val.V', /home/fede/PhD/transformer-hls/hls/include/activations.h:75) on port 'A_s_0' (/home/fede/PhD/transformer-hls/hls/include/activations.h:75) [17]  (1.36 ns)
	'mul' operation of DSP[19] ('prod.V', /home/fede/PhD/transformer-hls/hls/include/activations.h:83) [19]  (0.535 ns)

 <State 3>: 0.535ns
The critical path consists of the following:
	'mul' operation of DSP[19] ('prod.V', /home/fede/PhD/transformer-hls/hls/include/activations.h:83) [19]  (0.535 ns)

 <State 4>: 0.535ns
The critical path consists of the following:
	'mul' operation of DSP[19] ('prod.V', /home/fede/PhD/transformer-hls/hls/include/activations.h:83) [19]  (0.535 ns)

 <State 5>: 4.13ns
The critical path consists of the following:
	'mul' operation of DSP[19] ('prod.V', /home/fede/PhD/transformer-hls/hls/include/activations.h:83) [19]  (0 ns)
	'sub' operation ('ret.V') [25]  (0.838 ns)
	'sub' operation ('rq.V', /home/fede/PhD/transformer-hls/hls/include/activations.h:38) [28]  (0.715 ns)
	'select' operation ('rq.V') [29]  (0.303 ns)
	'icmp' operation ('icmp_ln1027') [32]  (0.605 ns)
	'or' operation ('or_ln96', /home/fede/PhD/transformer-hls/hls/include/activations.h:96) [35]  (0 ns)
	'select' operation ('out_val.V', /home/fede/PhD/transformer-hls/hls/include/activations.h:96) [36]  (0.303 ns)
	fifo write operation ('write_ln103', /home/fede/PhD/transformer-hls/hls/include/activations.h:103) on port 'A_sx_0' (/home/fede/PhD/transformer-hls/hls/include/activations.h:103) [37]  (1.36 ns)


============================================================
+ Verbose Summary: Binding
============================================================
N/A
* FSMD analyzer results:
  - Output states:
 - Input state : 
  - Chain level:
	State 1
	State 2
	State 3
	State 4
	State 5


============================================================
+ Verbose Summary: Datapath Resource usage 
============================================================
N/A
