

================================================================
== Vitis HLS Report for 'requant_ap_int_8_ap_int_8_17_16_21351_16_1_s'
================================================================
* Date:           Fri Jun 19 14:57:28 2026

* Version:        2022.2 (Build 3670227 on Oct 13 2022)
* Project:        ViT_Block
* Solution:       ViT_Block (Vivado IP Flow Target)
* Product family: zynquplus
* Target device:  xck26-sfvc784-2LV-c


================================================================
== Performance Estimates
================================================================
+ Timing: 
    * Summary: 
    +--------+----------+----------+------------+
    |  Clock |  Target  | Estimated| Uncertainty|
    +--------+----------+----------+------------+
    |ap_clk  |  10.00 ns|  3.805 ns|     2.70 ns|
    +--------+----------+----------+------------+

+ Latency: 
    * Summary: 
    +---------+---------+----------+----------+-----+-----+---------+
    |  Latency (cycles) |  Latency (absolute) |  Interval | Pipeline|
    |   min   |   max   |    min   |    max   | min | max |   Type  |
    +---------+---------+----------+----------+-----+-----+---------+
    |      277|      277|  2.770 us|  2.770 us|  277|  277|       no|
    +---------+---------+----------+----------+-----+-----+---------+

    + Detail: 
        * Instance: 
        N/A

        * Loop: 
        +-------------------+---------+---------+----------+-----------+-----------+------+----------+
        |                   |  Latency (cycles) | Iteration|  Initiation Interval  | Trip |          |
        |     Loop Name     |   min   |   max   |  Latency |  achieved |   target  | Count| Pipelined|
        +-------------------+---------+---------+----------+-----------+-----------+------+----------+
        |- VITIS_LOOP_72_1  |      275|      275|         5|          1|          1|   272|       yes|
        +-------------------+---------+---------+----------+-----------+-----------+------+----------+



================================================================
== Utilization Estimates
================================================================
* Summary: 
+-----------------+---------+------+--------+--------+-----+
|       Name      | BRAM_18K|  DSP |   FF   |   LUT  | URAM|
+-----------------+---------+------+--------+--------+-----+
|DSP              |        -|     1|       -|       -|    -|
|Expression       |        -|     -|       0|     112|    -|
|FIFO             |        -|     -|       -|       -|    -|
|Instance         |        -|     -|       -|       -|    -|
|Memory           |        -|     -|       -|       -|    -|
|Multiplexer      |        -|     -|       -|      54|    -|
|Register         |        -|     -|      18|       -|    -|
+-----------------+---------+------+--------+--------+-----+
|Total            |        0|     1|      18|     166|    0|
+-----------------+---------+------+--------+--------+-----+
|Available        |      288|  1248|  234240|  117120|   64|
+-----------------+---------+------+--------+--------+-----+
|Utilization (%)  |        0|    ~0|      ~0|      ~0|    0|
+-----------------+---------+------+--------+--------+-----+

+ Detail: 
    * Instance: 
    N/A

    * DSP: 
    +-----------------------------+------------------------+-----------+
    |           Instance          |         Module         | Expression|
    +-----------------------------+------------------------+-----------+
    |mul_mul_8s_15ns_24_4_1_U421  |mul_mul_8s_15ns_24_4_1  |    i0 * i1|
    +-----------------------------+------------------------+-----------+

    * Memory: 
    N/A

    * FIFO: 
    N/A

    * Expression: 
    +---------------------------+----------+----+---+----+------------+------------+
    |       Variable Name       | Operation| DSP| FF| LUT| Bitwidth P0| Bitwidth P1|
    +---------------------------+----------+----+---+----+------------+------------+
    |i_14_fu_83_p2              |         +|   0|  0|  16|           9|           1|
    |ret_V_fu_108_p2            |         +|   0|  0|  29|          22|          16|
    |ret_V_4_fu_128_p2          |         -|   0|  0|  29|          16|          22|
    |sub_ln96_fu_148_p2         |         -|   0|  0|  14|           1|           7|
    |ap_condition_109           |       and|   0|  0|   2|           1|           1|
    |icmp_ln72_fu_77_p2         |      icmp|   0|  0|  11|           9|           9|
    |ap_block_pp0_stage0_01001  |        or|   0|  0|   2|           1|           1|
    |out_val_V_fu_154_p3        |    select|   0|  0|   7|           1|           7|
    |ap_enable_pp0              |       xor|   0|  0|   2|           1|           2|
    +---------------------------+----------+----+---+----+------------+------------+
    |Total                      |          |   0|  0| 112|          61|          66|
    +---------------------------+----------+----+---+----+------------+------------+

    * Multiplexer: 
    +-------------------------+----+-----------+-----+-----------+
    |           Name          | LUT| Input Size| Bits| Total Bits|
    +-------------------------+----+-----------+-----+-----------+
    |ap_done_int              |   9|          2|    1|          2|
    |ap_enable_reg_pp0_iter1  |   9|          2|    1|          2|
    |ap_sig_allocacmp_i_13    |   9|          2|    9|         18|
    |i_fu_52                  |   9|          2|    9|         18|
    |res1_blk_n               |   9|          2|    1|          2|
    |res_rq2_blk_n            |   9|          2|    1|          2|
    +-------------------------+----+-----------+-----+-----------+
    |Total                    |  54|         12|   22|         44|
    +-------------------------+----+-----------+-----+-----------+

    * Register: 
    +----------------------------------+---+----+-----+-----------+
    |               Name               | FF| LUT| Bits| Const Bits|
    +----------------------------------+---+----+-----+-----------+
    |ap_CS_fsm                         |  1|   0|    1|          0|
    |ap_done_reg                       |  1|   0|    1|          0|
    |ap_enable_reg_pp0_iter1           |  1|   0|    1|          0|
    |ap_enable_reg_pp0_iter2           |  1|   0|    1|          0|
    |ap_enable_reg_pp0_iter3           |  1|   0|    1|          0|
    |ap_enable_reg_pp0_iter4           |  1|   0|    1|          0|
    |ap_loop_exit_ready_pp0_iter1_reg  |  1|   0|    1|          0|
    |ap_loop_exit_ready_pp0_iter2_reg  |  1|   0|    1|          0|
    |ap_loop_exit_ready_pp0_iter3_reg  |  1|   0|    1|          0|
    |i_fu_52                           |  9|   0|    9|          0|
    +----------------------------------+---+----+-----+-----------+
    |Total                             | 18|   0|   18|          0|
    +----------------------------------+---+----+-----+-----------+



================================================================
== Interface
================================================================
* Summary: 
+------------------------+-----+-----+------------+-----------------------------------------------------+--------------+
|        RTL Ports       | Dir | Bits|  Protocol  |                    Source Object                    |    C Type    |
+------------------------+-----+-----+------------+-----------------------------------------------------+--------------+
|ap_clk                  |   in|    1|  ap_ctrl_hs|  requant<ap_int<8>, ap_int<8>, 17, 16, 21351, 16, 1>|  return value|
|ap_rst                  |   in|    1|  ap_ctrl_hs|  requant<ap_int<8>, ap_int<8>, 17, 16, 21351, 16, 1>|  return value|
|ap_start                |   in|    1|  ap_ctrl_hs|  requant<ap_int<8>, ap_int<8>, 17, 16, 21351, 16, 1>|  return value|
|ap_done                 |  out|    1|  ap_ctrl_hs|  requant<ap_int<8>, ap_int<8>, 17, 16, 21351, 16, 1>|  return value|
|ap_continue             |   in|    1|  ap_ctrl_hs|  requant<ap_int<8>, ap_int<8>, 17, 16, 21351, 16, 1>|  return value|
|ap_idle                 |  out|    1|  ap_ctrl_hs|  requant<ap_int<8>, ap_int<8>, 17, 16, 21351, 16, 1>|  return value|
|ap_ready                |  out|    1|  ap_ctrl_hs|  requant<ap_int<8>, ap_int<8>, 17, 16, 21351, 16, 1>|  return value|
|res1_dout               |   in|    8|     ap_fifo|                                                 res1|       pointer|
|res1_num_data_valid     |   in|   13|     ap_fifo|                                                 res1|       pointer|
|res1_fifo_cap           |   in|   13|     ap_fifo|                                                 res1|       pointer|
|res1_empty_n            |   in|    1|     ap_fifo|                                                 res1|       pointer|
|res1_read               |  out|    1|     ap_fifo|                                                 res1|       pointer|
|res_rq2_din             |  out|    8|     ap_fifo|                                              res_rq2|       pointer|
|res_rq2_num_data_valid  |   in|   13|     ap_fifo|                                              res_rq2|       pointer|
|res_rq2_fifo_cap        |   in|   13|     ap_fifo|                                              res_rq2|       pointer|
|res_rq2_full_n          |   in|    1|     ap_fifo|                                              res_rq2|       pointer|
|res_rq2_write           |  out|    1|     ap_fifo|                                              res_rq2|       pointer|
+------------------------+-----+-----+------------+-----------------------------------------------------+--------------+

============================================================
+ Verbose Summary: Synthesis Manager
============================================================
InlineROM: 1
ExposeGlobal: 0
============================================================
+ Verbose Summary: CDFG Model
============================================================
IsTopModel: 0
ResetActiveHigh: 1
IsCombinational: 2
IsDatapathOnly: 0
HasWiredReturn: 1
HasMFsm: 2
HasVarLatency: 1
IsPipeline: 0
IsRtlPipelined: 0
IsInstanceOverlapped: 0
IsDontTouch: 0
HasImplIP: 0
IsGatedGlobalClock: 0

+ Individual pipeline summary: 
  * Pipeline-0: initiation interval (II) = 1, depth = 5


============================================================
+ Verbose Summary: Schedule
============================================================
* Number of FSM states : 5
* Pipeline : 1
  Pipeline-0 : II = 1, D = 5, States = { 1 2 3 4 5 }
* Dataflow Pipeline: 0

* FSM state transitions: 
1 --> 2 
2 --> 3 
3 --> 4 
4 --> 5 
5 --> 

* FSM state operations: 

State 1 <SV = 0> <Delay = 1.30>
ST_1 : Operation 8 [1/1] (0.00ns)   --->   "%i = alloca i32 1"   --->   Operation 8 'alloca' 'i' <Predicate = true> <Delay = 0.00>
ST_1 : Operation 9 [1/1] (0.00ns)   --->   "%specinterface_ln0 = specinterface void @_ssdm_op_SpecInterface, i8 %res_rq2, void @empty_9, i32 0, i32 0, void @empty_28, i32 0, i32 0, void @empty_28, void @empty_28, void @empty_28, i32 0, i32 0, i32 0, i32 0, void @empty_28, void @empty_28, i32 4294967295, i32 0"   --->   Operation 9 'specinterface' 'specinterface_ln0' <Predicate = true> <Delay = 0.00>
ST_1 : Operation 10 [1/1] (0.00ns)   --->   "%specinterface_ln0 = specinterface void @_ssdm_op_SpecInterface, i8 %res1, void @empty_9, i32 0, i32 0, void @empty_28, i32 0, i32 0, void @empty_28, void @empty_28, void @empty_28, i32 0, i32 0, i32 0, i32 0, void @empty_28, void @empty_28, i32 4294967295, i32 0"   --->   Operation 10 'specinterface' 'specinterface_ln0' <Predicate = true> <Delay = 0.00>
ST_1 : Operation 11 [1/1] (0.42ns)   --->   "%store_ln72 = store i9 0, i9 %i" [/home/fede/PhD/transformer-hls/hls/include/activations.h:72]   --->   Operation 11 'store' 'store_ln72' <Predicate = true> <Delay = 0.42>
ST_1 : Operation 12 [1/1] (0.00ns)   --->   "%br_ln72 = br void %for.body4" [/home/fede/PhD/transformer-hls/hls/include/activations.h:72]   --->   Operation 12 'br' 'br_ln72' <Predicate = true> <Delay = 0.00>
ST_1 : Operation 13 [1/1] (0.00ns)   --->   "%i_13 = load i9 %i" [/home/fede/PhD/transformer-hls/hls/include/activations.h:72]   --->   Operation 13 'load' 'i_13' <Predicate = true> <Delay = 0.00>
ST_1 : Operation 14 [1/1] (0.88ns)   --->   "%icmp_ln72 = icmp_eq  i9 %i_13, i9 272" [/home/fede/PhD/transformer-hls/hls/include/activations.h:72]   --->   Operation 14 'icmp' 'icmp_ln72' <Predicate = true> <Delay = 0.88> <CoreInst = "Cmp">   --->   Core 9 'Cmp' <Latency = 0> <II = 1> <Delay = 0.88> <FuncUnit> <Opcode : 'icmp'> <InPorts = 2> <OutPorts = 1>
ST_1 : Operation 15 [1/1] (0.00ns)   --->   "%empty = speclooptripcount i32 @_ssdm_op_SpecLoopTripCount, i64 272, i64 272, i64 272"   --->   Operation 15 'speclooptripcount' 'empty' <Predicate = true> <Delay = 0.00>
ST_1 : Operation 16 [1/1] (0.77ns)   --->   "%i_14 = add i9 %i_13, i9 1" [/home/fede/PhD/transformer-hls/hls/include/activations.h:72]   --->   Operation 16 'add' 'i_14' <Predicate = true> <Delay = 0.77> <CoreInst = "Adder">   --->   Core 1 'Adder' <Latency = 0> <II = 1> <Delay = 0.77> <FuncUnit> <Opcode : 'add' 'sub'> <InPorts = 2> <OutPorts = 1>
ST_1 : Operation 17 [1/1] (0.00ns)   --->   "%br_ln72 = br i1 %icmp_ln72, void %for.body4.split_ifconv, void %for.end24" [/home/fede/PhD/transformer-hls/hls/include/activations.h:72]   --->   Operation 17 'br' 'br_ln72' <Predicate = true> <Delay = 0.00>
ST_1 : Operation 18 [1/1] (0.42ns)   --->   "%store_ln72 = store i9 %i_14, i9 %i" [/home/fede/PhD/transformer-hls/hls/include/activations.h:72]   --->   Operation 18 'store' 'store_ln72' <Predicate = (!icmp_ln72)> <Delay = 0.42>

State 2 <SV = 1> <Delay = 2.28>
ST_2 : Operation 19 [1/1] (1.75ns)   --->   "%val_V = read i8 @_ssdm_op_Read.ap_fifo.volatile.i8P0A, i8 %res1" [/home/fede/PhD/transformer-hls/hls/include/activations.h:75]   --->   Operation 19 'read' 'val_V' <Predicate = true> <Delay = 1.75> <CoreInst = "FIFO">   --->   Core 78 'FIFO' <Latency = 0> <II = 1> <Delay = 1.75> <Storage> <Opcode : 'read' 'write' 'nbread' 'nbwrite'> <Ports = 0> <Width = 8> <Depth = 3072> <FIFO>
ST_2 : Operation 20 [1/1] (0.00ns)   --->   "%sext_ln83 = sext i8 %val_V" [/home/fede/PhD/transformer-hls/hls/include/activations.h:83]   --->   Operation 20 'sext' 'sext_ln83' <Predicate = true> <Delay = 0.00>
ST_2 : Operation 21 [4/4] (0.53ns) (root node of the DSP)   --->   "%prod_V = mul i24 %sext_ln83, i24 21351" [/home/fede/PhD/transformer-hls/hls/include/activations.h:83]   --->   Operation 21 'mul' 'prod_V' <Predicate = true> <Delay = 0.53> <CoreInst = "DSP48">   --->   Core 127 'DSP48' <Latency = 3> <II = 1> <Delay = 0.53> <IPBlock> <Opcode : 'mul' 'add' 'sub' 'select'> <InPorts = 0> <OutPorts = 1> <Sync> <CReg>

State 3 <SV = 2> <Delay = 0.53>
ST_3 : Operation 22 [3/4] (0.53ns) (root node of the DSP)   --->   "%prod_V = mul i24 %sext_ln83, i24 21351" [/home/fede/PhD/transformer-hls/hls/include/activations.h:83]   --->   Operation 22 'mul' 'prod_V' <Predicate = true> <Delay = 0.53> <CoreInst = "DSP48">   --->   Core 127 'DSP48' <Latency = 3> <II = 1> <Delay = 0.53> <IPBlock> <Opcode : 'mul' 'add' 'sub' 'select'> <InPorts = 0> <OutPorts = 1> <Sync> <CReg>

State 4 <SV = 3> <Delay = 0.53>
ST_4 : Operation 23 [2/4] (0.53ns) (root node of the DSP)   --->   "%prod_V = mul i24 %sext_ln83, i24 21351" [/home/fede/PhD/transformer-hls/hls/include/activations.h:83]   --->   Operation 23 'mul' 'prod_V' <Predicate = true> <Delay = 0.53> <CoreInst = "DSP48">   --->   Core 127 'DSP48' <Latency = 3> <II = 1> <Delay = 0.53> <IPBlock> <Opcode : 'mul' 'add' 'sub' 'select'> <InPorts = 0> <OutPorts = 1> <Sync> <CReg>
ST_4 : Operation 40 [1/1] (0.00ns)   --->   "%ret_ln105 = ret" [/home/fede/PhD/transformer-hls/hls/include/activations.h:105]   --->   Operation 40 'ret' 'ret_ln105' <Predicate = (icmp_ln72)> <Delay = 0.00>

State 5 <SV = 4> <Delay = 3.80>
ST_5 : Operation 24 [1/1] (0.00ns)   --->   "%specpipeline_ln73 = specpipeline void @_ssdm_op_SpecPipeline, i32 1, i32 0, i32 0, i32 0, void @empty_28" [/home/fede/PhD/transformer-hls/hls/include/activations.h:73]   --->   Operation 24 'specpipeline' 'specpipeline_ln73' <Predicate = true> <Delay = 0.00>
ST_5 : Operation 25 [1/1] (0.00ns)   --->   "%specloopname_ln72 = specloopname void @_ssdm_op_SpecLoopName, void @empty_4" [/home/fede/PhD/transformer-hls/hls/include/activations.h:72]   --->   Operation 25 'specloopname' 'specloopname_ln72' <Predicate = true> <Delay = 0.00>
ST_5 : Operation 26 [1/4] (0.00ns) (root node of the DSP)   --->   "%prod_V = mul i24 %sext_ln83, i24 21351" [/home/fede/PhD/transformer-hls/hls/include/activations.h:83]   --->   Operation 26 'mul' 'prod_V' <Predicate = true> <Delay = 0.00> <CoreInst = "DSP48">   --->   Core 127 'DSP48' <Latency = 3> <II = 1> <Delay = 0.53> <IPBlock> <Opcode : 'mul' 'add' 'sub' 'select'> <InPorts = 0> <OutPorts = 1> <Sync> <CReg>
ST_5 : Operation 27 [1/1] (0.00ns)   --->   "%tmp_4 = bitselect i1 @_ssdm_op_BitSelect.i1.i24.i32, i24 %prod_V, i32 23"   --->   Operation 27 'bitselect' 'tmp_4' <Predicate = true> <Delay = 0.00>
ST_5 : Operation 28 [1/1] (0.00ns)   --->   "%trunc_ln35 = trunc i24 %prod_V" [/home/fede/PhD/transformer-hls/hls/include/activations.h:35]   --->   Operation 28 'trunc' 'trunc_ln35' <Predicate = true> <Delay = 0.00>
ST_5 : Operation 29 [1/1] (0.91ns)   --->   "%ret_V = add i22 %trunc_ln35, i22 32768"   --->   Operation 29 'add' 'ret_V' <Predicate = true> <Delay = 0.91> <CoreInst = "Adder">   --->   Core 1 'Adder' <Latency = 0> <II = 1> <Delay = 0.91> <FuncUnit> <Opcode : 'add' 'sub'> <InPorts = 2> <OutPorts = 1>
ST_5 : Operation 30 [1/1] (0.00ns)   --->   "%tmp = partselect i6 @_ssdm_op_PartSelect.i6.i22.i32.i32, i22 %ret_V, i32 16, i32 21" [/home/fede/PhD/transformer-hls/hls/include/activations.h:36]   --->   Operation 30 'partselect' 'tmp' <Predicate = true> <Delay = 0.00>
ST_5 : Operation 31 [1/1] (0.00ns)   --->   "%zext_ln36 = zext i6 %tmp" [/home/fede/PhD/transformer-hls/hls/include/activations.h:36]   --->   Operation 31 'zext' 'zext_ln36' <Predicate = true> <Delay = 0.00>
ST_5 : Operation 32 [1/1] (0.91ns)   --->   "%ret_V_4 = sub i22 32768, i22 %trunc_ln35"   --->   Operation 32 'sub' 'ret_V_4' <Predicate = true> <Delay = 0.91> <CoreInst = "Adder">   --->   Core 1 'Adder' <Latency = 0> <II = 1> <Delay = 0.91> <FuncUnit> <Opcode : 'add' 'sub'> <InPorts = 2> <OutPorts = 1>
ST_5 : Operation 33 [1/1] (0.00ns)   --->   "%tmp_1 = partselect i6 @_ssdm_op_PartSelect.i6.i22.i32.i32, i22 %ret_V_4, i32 16, i32 21" [/home/fede/PhD/transformer-hls/hls/include/activations.h:96]   --->   Operation 33 'partselect' 'tmp_1' <Predicate = true> <Delay = 0.00>
ST_5 : Operation 34 [1/1] (0.00ns)   --->   "%zext_ln96 = zext i6 %tmp_1" [/home/fede/PhD/transformer-hls/hls/include/activations.h:96]   --->   Operation 34 'zext' 'zext_ln96' <Predicate = true> <Delay = 0.00>
ST_5 : Operation 35 [1/1] (0.78ns)   --->   "%sub_ln96 = sub i7 0, i7 %zext_ln96" [/home/fede/PhD/transformer-hls/hls/include/activations.h:96]   --->   Operation 35 'sub' 'sub_ln96' <Predicate = true> <Delay = 0.78> <CoreInst = "Adder">   --->   Core 1 'Adder' <Latency = 0> <II = 1> <Delay = 0.77> <FuncUnit> <Opcode : 'add' 'sub'> <InPorts = 2> <OutPorts = 1>
ST_5 : Operation 36 [1/1] (0.36ns)   --->   "%out_val_V = select i1 %tmp_4, i7 %sub_ln96, i7 %zext_ln36"   --->   Operation 36 'select' 'out_val_V' <Predicate = true> <Delay = 0.36> <CoreInst = "Sel">   --->   Core 73 'Sel' <Latency = 0> <II = 1> <Delay = 0.36> <FuncUnit> <Opcode : 'select'> <InPorts = 3> <OutPorts = 1>
ST_5 : Operation 37 [1/1] (0.00ns)   --->   "%sext_ln76 = sext i7 %out_val_V" [/home/fede/PhD/transformer-hls/hls/include/activations.h:76]   --->   Operation 37 'sext' 'sext_ln76' <Predicate = true> <Delay = 0.00>
ST_5 : Operation 38 [1/1] (1.75ns)   --->   "%write_ln103 = write void @_ssdm_op_Write.ap_fifo.volatile.i8P0A, i8 %res_rq2, i8 %sext_ln76" [/home/fede/PhD/transformer-hls/hls/include/activations.h:103]   --->   Operation 38 'write' 'write_ln103' <Predicate = true> <Delay = 1.75> <CoreInst = "FIFO">   --->   Core 78 'FIFO' <Latency = 0> <II = 1> <Delay = 1.75> <Storage> <Opcode : 'read' 'write' 'nbread' 'nbwrite'> <Ports = 0> <Width = 8> <Depth = 3072> <FIFO>
ST_5 : Operation 39 [1/1] (0.00ns)   --->   "%br_ln72 = br void %for.body4" [/home/fede/PhD/transformer-hls/hls/include/activations.h:72]   --->   Operation 39 'br' 'br_ln72' <Predicate = true> <Delay = 0.00>


============================================================
+ Verbose Summary: Binding
============================================================
STG Binding: 
---------------- STG Properties BEGIN ----------------
- Is combinational: 0
- Is one-state seq: 0
- Is datapath-only: 0
- Is pipelined: 0
- Is top level: 0
Port [ Return ] is wired: 1; IO mode=ap_ctrl_hs:ce=0
Port [ res1]:  wired=1; compound=1; hidden=0; nouse=0; global=0; static=0; extern=0; dir=0; type=3; pingpong=0; private_global=0; IO mode=ap_fifo:ce=0
Port [ res_rq2]:  wired=1; compound=1; hidden=0; nouse=0; global=0; static=0; extern=0; dir=1; type=3; pingpong=0; private_global=0; IO mode=ap_fifo:ce=0
---------------- STG Properties END ------------------

---------------- Datapath Model BEGIN ----------------

<LifeTime>
<method=bitvector/>
i                 (alloca           ) [ 010000]
specinterface_ln0 (specinterface    ) [ 000000]
specinterface_ln0 (specinterface    ) [ 000000]
store_ln72        (store            ) [ 000000]
br_ln72           (br               ) [ 000000]
i_13              (load             ) [ 000000]
icmp_ln72         (icmp             ) [ 011110]
empty             (speclooptripcount) [ 000000]
i_14              (add              ) [ 000000]
br_ln72           (br               ) [ 000000]
store_ln72        (store            ) [ 000000]
val_V             (read             ) [ 000000]
sext_ln83         (sext             ) [ 010111]
specpipeline_ln73 (specpipeline     ) [ 000000]
specloopname_ln72 (specloopname     ) [ 000000]
prod_V            (mul              ) [ 000000]
tmp_4             (bitselect        ) [ 000000]
trunc_ln35        (trunc            ) [ 000000]
ret_V             (add              ) [ 000000]
tmp               (partselect       ) [ 000000]
zext_ln36         (zext             ) [ 000000]
ret_V_4           (sub              ) [ 000000]
tmp_1             (partselect       ) [ 000000]
zext_ln96         (zext             ) [ 000000]
sub_ln96          (sub              ) [ 000000]
out_val_V         (select           ) [ 000000]
sext_ln76         (sext             ) [ 000000]
write_ln103       (write            ) [ 000000]
br_ln72           (br               ) [ 000000]
ret_ln105         (ret              ) [ 000000]
</LifeTime>

<model>

<comp_list>
<comp id="0" class="1000" name="res1">
<pin_list>
<pin id="1" dir="1" index="0" bw="1" slack="0"/>
</pin_list>
<bind>
<StgValue><ssdm name="res1"/></StgValue>
</bind>
</comp>

<comp id="2" class="1000" name="res_rq2">
<pin_list>
<pin id="3" dir="1" index="0" bw="1" slack="0"/>
</pin_list>
<bind>
<StgValue><ssdm name="res_rq2"/></StgValue>
</bind>
</comp>

<comp id="4" class="1001" name="const_4">
<pin_list>
<pin id="5" dir="1" index="0" bw="1" slack="0"/>
</pin_list>
<bind>
<StgValue><ssdm name=""/></StgValue>
</bind>
</comp>

<comp id="6" class="1001" name="const_6">
<pin_list>
<pin id="7" dir="1" index="0" bw="1" slack="2147483647"/>
</pin_list>
<bind>
<StgValue><ssdm name="_ssdm_op_SpecInterface"/></StgValue>
</bind>
</comp>

<comp id="8" class="1001" name="const_8">
<pin_list>
<pin id="9" dir="1" index="0" bw="1" slack="2147483647"/>
</pin_list>
<bind>
<StgValue><ssdm name="empty_9"/></StgValue>
</bind>
</comp>

<comp id="10" class="1001" name="const_10">
<pin_list>
<pin id="11" dir="1" index="0" bw="1" slack="2147483647"/>
</pin_list>
<bind>
<StgValue><ssdm name=""/></StgValue>
</bind>
</comp>

<comp id="12" class="1001" name="const_12">
<pin_list>
<pin id="13" dir="1" index="0" bw="1" slack="2147483647"/>
</pin_list>
<bind>
<StgValue><ssdm name="empty_28"/></StgValue>
</bind>
</comp>

<comp id="14" class="1001" name="const_14">
<pin_list>
<pin id="15" dir="1" index="0" bw="1" slack="2147483647"/>
</pin_list>
<bind>
<StgValue><ssdm name=""/></StgValue>
</bind>
</comp>

<comp id="16" class="1001" name="const_16">
<pin_list>
<pin id="17" dir="1" index="0" bw="1" slack="0"/>
</pin_list>
<bind>
<StgValue><ssdm name=""/></StgValue>
</bind>
</comp>

<comp id="18" class="1001" name="const_18">
<pin_list>
<pin id="19" dir="1" index="0" bw="1" slack="0"/>
</pin_list>
<bind>
<StgValue><ssdm name=""/></StgValue>
</bind>
</comp>

<comp id="20" class="1001" name="const_20">
<pin_list>
<pin id="21" dir="1" index="0" bw="1" slack="2147483647"/>
</pin_list>
<bind>
<StgValue><ssdm name="_ssdm_op_SpecLoopTripCount"/></StgValue>
</bind>
</comp>

<comp id="22" class="1001" name="const_22">
<pin_list>
<pin id="23" dir="1" index="0" bw="1" slack="2147483647"/>
</pin_list>
<bind>
<StgValue><ssdm name=""/></StgValue>
</bind>
</comp>

<comp id="24" class="1001" name="const_24">
<pin_list>
<pin id="25" dir="1" index="0" bw="1" slack="0"/>
</pin_list>
<bind>
<StgValue><ssdm name=""/></StgValue>
</bind>
</comp>

<comp id="26" class="1001" name="const_26">
<pin_list>
<pin id="27" dir="1" index="0" bw="1" slack="0"/>
</pin_list>
<bind>
<StgValue><ssdm name="_ssdm_op_Read.ap_fifo.volatile.i8P0A"/></StgValue>
</bind>
</comp>

<comp id="28" class="1001" name="const_28">
<pin_list>
<pin id="29" dir="1" index="0" bw="1" slack="0"/>
</pin_list>
<bind>
<StgValue><ssdm name=""/></StgValue>
</bind>
</comp>

<comp id="30" class="1001" name="const_30">
<pin_list>
<pin id="31" dir="1" index="0" bw="1" slack="2147483647"/>
</pin_list>
<bind>
<StgValue><ssdm name="_ssdm_op_SpecPipeline"/></StgValue>
</bind>
</comp>

<comp id="32" class="1001" name="const_32">
<pin_list>
<pin id="33" dir="1" index="0" bw="1" slack="2147483647"/>
</pin_list>
<bind>
<StgValue><ssdm name="_ssdm_op_SpecLoopName"/></StgValue>
</bind>
</comp>

<comp id="34" class="1001" name="const_34">
<pin_list>
<pin id="35" dir="1" index="0" bw="1" slack="2147483647"/>
</pin_list>
<bind>
<StgValue><ssdm name="empty_4"/></StgValue>
</bind>
</comp>

<comp id="36" class="1001" name="const_36">
<pin_list>
<pin id="37" dir="1" index="0" bw="1" slack="0"/>
</pin_list>
<bind>
<StgValue><ssdm name="_ssdm_op_BitSelect.i1.i24.i32"/></StgValue>
</bind>
</comp>

<comp id="38" class="1001" name="const_38">
<pin_list>
<pin id="39" dir="1" index="0" bw="1" slack="0"/>
</pin_list>
<bind>
<StgValue><ssdm name=""/></StgValue>
</bind>
</comp>

<comp id="40" class="1001" name="const_40">
<pin_list>
<pin id="41" dir="1" index="0" bw="1" slack="0"/>
</pin_list>
<bind>
<StgValue><ssdm name=""/></StgValue>
</bind>
</comp>

<comp id="42" class="1001" name="const_42">
<pin_list>
<pin id="43" dir="1" index="0" bw="1" slack="0"/>
</pin_list>
<bind>
<StgValue><ssdm name="_ssdm_op_PartSelect.i6.i22.i32.i32"/></StgValue>
</bind>
</comp>

<comp id="44" class="1001" name="const_44">
<pin_list>
<pin id="45" dir="1" index="0" bw="1" slack="0"/>
</pin_list>
<bind>
<StgValue><ssdm name=""/></StgValue>
</bind>
</comp>

<comp id="46" class="1001" name="const_46">
<pin_list>
<pin id="47" dir="1" index="0" bw="1" slack="0"/>
</pin_list>
<bind>
<StgValue><ssdm name=""/></StgValue>
</bind>
</comp>

<comp id="48" class="1001" name="const_48">
<pin_list>
<pin id="49" dir="1" index="0" bw="1" slack="0"/>
</pin_list>
<bind>
<StgValue><ssdm name=""/></StgValue>
</bind>
</comp>

<comp id="50" class="1001" name="const_50">
<pin_list>
<pin id="51" dir="1" index="0" bw="1" slack="0"/>
</pin_list>
<bind>
<StgValue><ssdm name="_ssdm_op_Write.ap_fifo.volatile.i8P0A"/></StgValue>
</bind>
</comp>

<comp id="52" class="1004" name="i_fu_52">
<pin_list>
<pin id="53" dir="0" index="0" bw="1" slack="0"/>
<pin id="54" dir="1" index="1" bw="9" slack="0"/>
</pin_list>
<bind>
<opcode="alloca(26) " fcode="alloca"/>
<opset="i/1 "/>
</bind>
</comp>

<comp id="56" class="1004" name="val_V_read_fu_56">
<pin_list>
<pin id="57" dir="0" index="0" bw="8" slack="0"/>
<pin id="58" dir="0" index="1" bw="8" slack="0"/>
<pin id="59" dir="1" index="2" bw="8" slack="0"/>
</pin_list>
<bind>
<opcode="read(1150) " fcode="read"/>
<opset="val_V/2 "/>
</bind>
</comp>

<comp id="62" class="1004" name="write_ln103_write_fu_62">
<pin_list>
<pin id="63" dir="0" index="0" bw="0" slack="0"/>
<pin id="64" dir="0" index="1" bw="8" slack="0"/>
<pin id="65" dir="0" index="2" bw="7" slack="0"/>
<pin id="66" dir="1" index="3" bw="0" slack="2147483647"/>
</pin_list>
<bind>
<opcode="write(1151) " fcode="write"/>
<opset="write_ln103/5 "/>
</bind>
</comp>

<comp id="69" class="1004" name="store_ln72_store_fu_69">
<pin_list>
<pin id="70" dir="0" index="0" bw="1" slack="0"/>
<pin id="71" dir="0" index="1" bw="9" slack="0"/>
<pin id="72" dir="1" index="2" bw="0" slack="2147483647"/>
</pin_list>
<bind>
<opcode="store(28) " fcode="store"/>
<opset="store_ln72/1 "/>
</bind>
</comp>

<comp id="74" class="1004" name="i_13_load_fu_74">
<pin_list>
<pin id="75" dir="0" index="0" bw="9" slack="0"/>
<pin id="76" dir="1" index="1" bw="9" slack="0"/>
</pin_list>
<bind>
<opcode="load(27) " fcode="load"/>
<opset="i_13/1 "/>
</bind>
</comp>

<comp id="77" class="1004" name="icmp_ln72_fu_77">
<pin_list>
<pin id="78" dir="0" index="0" bw="9" slack="0"/>
<pin id="79" dir="0" index="1" bw="9" slack="0"/>
<pin id="80" dir="1" index="2" bw="1" slack="3"/>
</pin_list>
<bind>
<opcode="icmp(45) " fcode="icmp"/>
<opset="icmp_ln72/1 "/>
</bind>
</comp>

<comp id="83" class="1004" name="i_14_fu_83">
<pin_list>
<pin id="84" dir="0" index="0" bw="9" slack="0"/>
<pin id="85" dir="0" index="1" bw="1" slack="0"/>
<pin id="86" dir="1" index="2" bw="9" slack="0"/>
</pin_list>
<bind>
<opcode="add(8) " fcode="add"/>
<opset="i_14/1 "/>
</bind>
</comp>

<comp id="89" class="1004" name="store_ln72_store_fu_89">
<pin_list>
<pin id="90" dir="0" index="0" bw="9" slack="0"/>
<pin id="91" dir="0" index="1" bw="9" slack="0"/>
<pin id="92" dir="1" index="2" bw="0" slack="2147483647"/>
</pin_list>
<bind>
<opcode="store(28) " fcode="store"/>
<opset="store_ln72/1 "/>
</bind>
</comp>

<comp id="94" class="1004" name="sext_ln83_fu_94">
<pin_list>
<pin id="95" dir="0" index="0" bw="8" slack="0"/>
<pin id="96" dir="1" index="1" bw="24" slack="0"/>
</pin_list>
<bind>
<opcode="sext(35) " fcode="sext"/>
<opset="sext_ln83/2 "/>
</bind>
</comp>

<comp id="98" class="1004" name="tmp_4_fu_98">
<pin_list>
<pin id="99" dir="0" index="0" bw="1" slack="0"/>
<pin id="100" dir="0" index="1" bw="24" slack="0"/>
<pin id="101" dir="0" index="2" bw="6" slack="0"/>
<pin id="102" dir="1" index="3" bw="1" slack="0"/>
</pin_list>
<bind>
<opcode="bitselect(1000) " fcode="bitselect"/>
<opset="tmp_4/5 "/>
</bind>
</comp>

<comp id="105" class="1004" name="trunc_ln35_fu_105">
<pin_list>
<pin id="106" dir="0" index="0" bw="24" slack="0"/>
<pin id="107" dir="1" index="1" bw="22" slack="0"/>
</pin_list>
<bind>
<opcode="trunc(33) " fcode="trunc"/>
<opset="trunc_ln35/5 "/>
</bind>
</comp>

<comp id="108" class="1004" name="ret_V_fu_108">
<pin_list>
<pin id="109" dir="0" index="0" bw="22" slack="0"/>
<pin id="110" dir="0" index="1" bw="17" slack="0"/>
<pin id="111" dir="1" index="2" bw="22" slack="0"/>
</pin_list>
<bind>
<opcode="add(8) " fcode="add"/>
<opset="ret_V/5 "/>
</bind>
</comp>

<comp id="114" class="1004" name="tmp_fu_114">
<pin_list>
<pin id="115" dir="0" index="0" bw="6" slack="0"/>
<pin id="116" dir="0" index="1" bw="22" slack="0"/>
<pin id="117" dir="0" index="2" bw="6" slack="0"/>
<pin id="118" dir="0" index="3" bw="6" slack="0"/>
<pin id="119" dir="1" index="4" bw="6" slack="0"/>
</pin_list>
<bind>
<opcode="partselect(1002) " fcode="partselect"/>
<opset="tmp/5 "/>
</bind>
</comp>

<comp id="124" class="1004" name="zext_ln36_fu_124">
<pin_list>
<pin id="125" dir="0" index="0" bw="6" slack="0"/>
<pin id="126" dir="1" index="1" bw="7" slack="0"/>
</pin_list>
<bind>
<opcode="zext(34) " fcode="zext"/>
<opset="zext_ln36/5 "/>
</bind>
</comp>

<comp id="128" class="1004" name="ret_V_4_fu_128">
<pin_list>
<pin id="129" dir="0" index="0" bw="17" slack="0"/>
<pin id="130" dir="0" index="1" bw="22" slack="0"/>
<pin id="131" dir="1" index="2" bw="22" slack="0"/>
</pin_list>
<bind>
<opcode="sub(10) " fcode="sub"/>
<opset="ret_V_4/5 "/>
</bind>
</comp>

<comp id="134" class="1004" name="tmp_1_fu_134">
<pin_list>
<pin id="135" dir="0" index="0" bw="6" slack="0"/>
<pin id="136" dir="0" index="1" bw="22" slack="0"/>
<pin id="137" dir="0" index="2" bw="6" slack="0"/>
<pin id="138" dir="0" index="3" bw="6" slack="0"/>
<pin id="139" dir="1" index="4" bw="6" slack="0"/>
</pin_list>
<bind>
<opcode="partselect(1002) " fcode="partselect"/>
<opset="tmp_1/5 "/>
</bind>
</comp>

<comp id="144" class="1004" name="zext_ln96_fu_144">
<pin_list>
<pin id="145" dir="0" index="0" bw="6" slack="0"/>
<pin id="146" dir="1" index="1" bw="7" slack="0"/>
</pin_list>
<bind>
<opcode="zext(34) " fcode="zext"/>
<opset="zext_ln96/5 "/>
</bind>
</comp>

<comp id="148" class="1004" name="sub_ln96_fu_148">
<pin_list>
<pin id="149" dir="0" index="0" bw="1" slack="0"/>
<pin id="150" dir="0" index="1" bw="6" slack="0"/>
<pin id="151" dir="1" index="2" bw="7" slack="0"/>
</pin_list>
<bind>
<opcode="sub(10) " fcode="sub"/>
<opset="sub_ln96/5 "/>
</bind>
</comp>

<comp id="154" class="1004" name="out_val_V_fu_154">
<pin_list>
<pin id="155" dir="0" index="0" bw="1" slack="0"/>
<pin id="156" dir="0" index="1" bw="7" slack="0"/>
<pin id="157" dir="0" index="2" bw="7" slack="0"/>
<pin id="158" dir="1" index="3" bw="7" slack="0"/>
</pin_list>
<bind>
<opcode="select(49) " fcode="select"/>
<opset="out_val_V/5 "/>
</bind>
</comp>

<comp id="162" class="1004" name="sext_ln76_fu_162">
<pin_list>
<pin id="163" dir="0" index="0" bw="7" slack="0"/>
<pin id="164" dir="1" index="1" bw="8" slack="0"/>
</pin_list>
<bind>
<opcode="sext(35) " fcode="sext"/>
<opset="sext_ln76/5 "/>
</bind>
</comp>

<comp id="167" class="1007" name="grp_fu_167">
<pin_list>
<pin id="168" dir="0" index="0" bw="8" slack="0"/>
<pin id="169" dir="0" index="1" bw="15" slack="0"/>
<pin id="170" dir="1" index="2" bw="24" slack="0"/>
</pin_list>
<bind>
<opcode="mul(12) " fcode="mul"/>
<opset="prod_V/2 "/>
</bind>
</comp>

<comp id="175" class="1005" name="i_reg_175">
<pin_list>
<pin id="176" dir="0" index="0" bw="9" slack="0"/>
<pin id="177" dir="1" index="1" bw="9" slack="0"/>
</pin_list>
<bind>
<opset="i "/>
</bind>
</comp>

<comp id="182" class="1005" name="icmp_ln72_reg_182">
<pin_list>
<pin id="183" dir="0" index="0" bw="1" slack="3"/>
<pin id="184" dir="1" index="1" bw="1" slack="2147483647"/>
</pin_list>
<bind>
<opset="icmp_ln72 "/>
</bind>
</comp>

<comp id="186" class="1005" name="sext_ln83_reg_186">
<pin_list>
<pin id="187" dir="0" index="0" bw="24" slack="1"/>
<pin id="188" dir="1" index="1" bw="24" slack="1"/>
</pin_list>
<bind>
<opset="sext_ln83 "/>
</bind>
</comp>

</comp_list>

<net_list>
<net id="55"><net_src comp="4" pin="0"/><net_sink comp="52" pin=0"/></net>

<net id="60"><net_src comp="26" pin="0"/><net_sink comp="56" pin=0"/></net>

<net id="61"><net_src comp="0" pin="0"/><net_sink comp="56" pin=1"/></net>

<net id="67"><net_src comp="50" pin="0"/><net_sink comp="62" pin=0"/></net>

<net id="68"><net_src comp="2" pin="0"/><net_sink comp="62" pin=1"/></net>

<net id="73"><net_src comp="16" pin="0"/><net_sink comp="69" pin=0"/></net>

<net id="81"><net_src comp="74" pin="1"/><net_sink comp="77" pin=0"/></net>

<net id="82"><net_src comp="18" pin="0"/><net_sink comp="77" pin=1"/></net>

<net id="87"><net_src comp="74" pin="1"/><net_sink comp="83" pin=0"/></net>

<net id="88"><net_src comp="24" pin="0"/><net_sink comp="83" pin=1"/></net>

<net id="93"><net_src comp="83" pin="2"/><net_sink comp="89" pin=0"/></net>

<net id="97"><net_src comp="56" pin="2"/><net_sink comp="94" pin=0"/></net>

<net id="103"><net_src comp="36" pin="0"/><net_sink comp="98" pin=0"/></net>

<net id="104"><net_src comp="38" pin="0"/><net_sink comp="98" pin=2"/></net>

<net id="112"><net_src comp="105" pin="1"/><net_sink comp="108" pin=0"/></net>

<net id="113"><net_src comp="40" pin="0"/><net_sink comp="108" pin=1"/></net>

<net id="120"><net_src comp="42" pin="0"/><net_sink comp="114" pin=0"/></net>

<net id="121"><net_src comp="108" pin="2"/><net_sink comp="114" pin=1"/></net>

<net id="122"><net_src comp="44" pin="0"/><net_sink comp="114" pin=2"/></net>

<net id="123"><net_src comp="46" pin="0"/><net_sink comp="114" pin=3"/></net>

<net id="127"><net_src comp="114" pin="4"/><net_sink comp="124" pin=0"/></net>

<net id="132"><net_src comp="40" pin="0"/><net_sink comp="128" pin=0"/></net>

<net id="133"><net_src comp="105" pin="1"/><net_sink comp="128" pin=1"/></net>

<net id="140"><net_src comp="42" pin="0"/><net_sink comp="134" pin=0"/></net>

<net id="141"><net_src comp="128" pin="2"/><net_sink comp="134" pin=1"/></net>

<net id="142"><net_src comp="44" pin="0"/><net_sink comp="134" pin=2"/></net>

<net id="143"><net_src comp="46" pin="0"/><net_sink comp="134" pin=3"/></net>

<net id="147"><net_src comp="134" pin="4"/><net_sink comp="144" pin=0"/></net>

<net id="152"><net_src comp="48" pin="0"/><net_sink comp="148" pin=0"/></net>

<net id="153"><net_src comp="144" pin="1"/><net_sink comp="148" pin=1"/></net>

<net id="159"><net_src comp="98" pin="3"/><net_sink comp="154" pin=0"/></net>

<net id="160"><net_src comp="148" pin="2"/><net_sink comp="154" pin=1"/></net>

<net id="161"><net_src comp="124" pin="1"/><net_sink comp="154" pin=2"/></net>

<net id="165"><net_src comp="154" pin="3"/><net_sink comp="162" pin=0"/></net>

<net id="166"><net_src comp="162" pin="1"/><net_sink comp="62" pin=2"/></net>

<net id="171"><net_src comp="94" pin="1"/><net_sink comp="167" pin=0"/></net>

<net id="172"><net_src comp="28" pin="0"/><net_sink comp="167" pin=1"/></net>

<net id="173"><net_src comp="167" pin="2"/><net_sink comp="98" pin=1"/></net>

<net id="174"><net_src comp="167" pin="2"/><net_sink comp="105" pin=0"/></net>

<net id="178"><net_src comp="52" pin="1"/><net_sink comp="175" pin=0"/></net>

<net id="179"><net_src comp="175" pin="1"/><net_sink comp="69" pin=1"/></net>

<net id="180"><net_src comp="175" pin="1"/><net_sink comp="74" pin=0"/></net>

<net id="181"><net_src comp="175" pin="1"/><net_sink comp="89" pin=1"/></net>

<net id="185"><net_src comp="77" pin="2"/><net_sink comp="182" pin=0"/></net>

<net id="189"><net_src comp="94" pin="1"/><net_sink comp="186" pin=0"/></net>

<net id="190"><net_src comp="186" pin="1"/><net_sink comp="167" pin=0"/></net>

</net_list>

</model> 
---------------- Datapath Model END ------------------

* FSMD analyzer results:
  - Output states:
	Port: res_rq2 | {5 }
 - Input state : 
	Port: requant<ap_int<8>, ap_int<8>, 17, 16, 21351, 16, 1> : res1 | {2 }
  - Chain level:
	State 1
		store_ln72 : 1
		i_13 : 1
		icmp_ln72 : 2
		i_14 : 2
		br_ln72 : 3
		store_ln72 : 3
	State 2
		prod_V : 1
	State 3
	State 4
	State 5
		tmp_4 : 1
		trunc_ln35 : 1
		ret_V : 2
		tmp : 3
		zext_ln36 : 4
		ret_V_4 : 2
		tmp_1 : 3
		zext_ln96 : 4
		sub_ln96 : 5
		out_val_V : 6
		sext_ln76 : 7
		write_ln103 : 8


============================================================
+ Verbose Summary: Datapath Resource usage 
============================================================

* Functional unit list:
|----------|-------------------------|---------|---------|---------|
| Operation|     Functional Unit     |   DSP   |    FF   |   LUT   |
|----------|-------------------------|---------|---------|---------|
|    add   |        i_14_fu_83       |    0    |    0    |    16   |
|          |       ret_V_fu_108      |    0    |    0    |    29   |
|----------|-------------------------|---------|---------|---------|
|    sub   |      ret_V_4_fu_128     |    0    |    0    |    29   |
|          |     sub_ln96_fu_148     |    0    |    0    |    13   |
|----------|-------------------------|---------|---------|---------|
|   icmp   |     icmp_ln72_fu_77     |    0    |    0    |    11   |
|----------|-------------------------|---------|---------|---------|
|  select  |     out_val_V_fu_154    |    0    |    0    |    7    |
|----------|-------------------------|---------|---------|---------|
|    mul   |        grp_fu_167       |    1    |    0    |    0    |
|----------|-------------------------|---------|---------|---------|
|   read   |     val_V_read_fu_56    |    0    |    0    |    0    |
|----------|-------------------------|---------|---------|---------|
|   write  | write_ln103_write_fu_62 |    0    |    0    |    0    |
|----------|-------------------------|---------|---------|---------|
|   sext   |     sext_ln83_fu_94     |    0    |    0    |    0    |
|          |     sext_ln76_fu_162    |    0    |    0    |    0    |
|----------|-------------------------|---------|---------|---------|
| bitselect|       tmp_4_fu_98       |    0    |    0    |    0    |
|----------|-------------------------|---------|---------|---------|
|   trunc  |    trunc_ln35_fu_105    |    0    |    0    |    0    |
|----------|-------------------------|---------|---------|---------|
|partselect|        tmp_fu_114       |    0    |    0    |    0    |
|          |       tmp_1_fu_134      |    0    |    0    |    0    |
|----------|-------------------------|---------|---------|---------|
|   zext   |     zext_ln36_fu_124    |    0    |    0    |    0    |
|          |     zext_ln96_fu_144    |    0    |    0    |    0    |
|----------|-------------------------|---------|---------|---------|
|   Total  |                         |    1    |    0    |   105   |
|----------|-------------------------|---------|---------|---------|

Memories:
N/A

* Register list:
+-----------------+--------+
|                 |   FF   |
+-----------------+--------+
|    i_reg_175    |    9   |
|icmp_ln72_reg_182|    1   |
|sext_ln83_reg_186|   24   |
+-----------------+--------+
|      Total      |   34   |
+-----------------+--------+

* Multiplexer (MUX) list: 
|------------|------|------|------|--------||---------||---------|
|    Comp    |  Pin | Size |  BW  | S x BW ||  Delay  ||   LUT   |
|------------|------|------|------|--------||---------||---------|
| grp_fu_167 |  p0  |   2  |   8  |   16   ||    9    |
|------------|------|------|------|--------||---------||---------|
|    Total   |      |      |      |   16   ||  0.427  ||    9    |
|------------|------|------|------|--------||---------||---------|



* Summary:
+-----------+--------+--------+--------+--------+
|           |   DSP  |  Delay |   FF   |   LUT  |
+-----------+--------+--------+--------+--------+
|  Function |    1   |    -   |    0   |   105  |
|   Memory  |    -   |    -   |    -   |    -   |
|Multiplexer|    -   |    0   |    -   |    9   |
|  Register |    -   |    -   |   34   |    -   |
+-----------+--------+--------+--------+--------+
|   Total   |    1   |    0   |   34   |   114  |
+-----------+--------+--------+--------+--------+
