

================================================================
== Vitis HLS Report for 'requant_ap_int_8_ap_int_8_17_17_170977_16_1_6'
================================================================
* Date:           Tue Jun 23 12:33:51 2026

* Version:        2022.2 (Build 3670227 on Oct 13 2022)
* Project:        ViT_Block
* Solution:       ViT_Block (Vivado IP Flow Target)
* Product family: virtexuplus
* Target device:  xcu250-figd2104-2L-e


================================================================
== Performance Estimates
================================================================
+ Timing: 
    * Summary: 
    +--------+----------+----------+------------+
    |  Clock |  Target  | Estimated| Uncertainty|
    +--------+----------+----------+------------+
    |ap_clk  |  10.00 ns|  4.129 ns|     2.70 ns|
    +--------+----------+----------+------------+

+ Latency: 
    * Summary: 
    +---------+---------+----------+----------+-----+-----+---------+
    |  Latency (cycles) |  Latency (absolute) |  Interval | Pipeline|
    |   min   |   max   |    min   |    max   | min | max |   Type  |
    +---------+---------+----------+----------+-----+-----+---------+
    |      294|      294|  2.940 us|  2.940 us|  294|  294|       no|
    +---------+---------+----------+----------+-----+-----+---------+

    + Detail: 
        * Instance: 
        N/A

        * Loop: 
        +-------------------+---------+---------+----------+-----------+-----------+------+----------+
        |                   |  Latency (cycles) | Iteration|  Initiation Interval  | Trip |          |
        |     Loop Name     |   min   |   max   |  Latency |  achieved |   target  | Count| Pipelined|
        +-------------------+---------+---------+----------+-----------+-----------+------+----------+
        |- VITIS_LOOP_72_1  |      292|      292|         5|          1|          1|   289|       yes|
        +-------------------+---------+---------+----------+-----------+-----------+------+----------+



================================================================
== Utilization Estimates
================================================================
* Summary: 
+---------------------+---------+-------+---------+---------+------+
|         Name        | BRAM_18K|  DSP  |    FF   |   LUT   | URAM |
+---------------------+---------+-------+---------+---------+------+
|DSP                  |        -|      1|        -|        -|     -|
|Expression           |        -|      -|        0|      161|     -|
|FIFO                 |        -|      -|        -|        -|     -|
|Instance             |        -|      -|        -|        -|     -|
|Memory               |        -|      -|        -|        -|     -|
|Multiplexer          |        -|      -|        -|       54|     -|
|Register             |        -|      -|       18|        -|     -|
+---------------------+---------+-------+---------+---------+------+
|Total                |        0|      1|       18|      215|     0|
+---------------------+---------+-------+---------+---------+------+
|Available SLR        |     1344|   3072|   864000|   432000|   320|
+---------------------+---------+-------+---------+---------+------+
|Utilization SLR (%)  |        0|     ~0|       ~0|       ~0|     0|
+---------------------+---------+-------+---------+---------+------+
|Available            |     5376|  12288|  3456000|  1728000|  1280|
+---------------------+---------+-------+---------+---------+------+
|Utilization (%)      |        0|     ~0|       ~0|       ~0|     0|
+---------------------+---------+-------+---------+---------+------+

+ Detail: 
    * Instance: 
    N/A

    * DSP: 
    +-----------------------------+------------------------+-----------+
    |           Instance          |         Module         | Expression|
    +-----------------------------+------------------------+-----------+
    |mul_mul_8s_18ns_27_4_1_U287  |mul_mul_8s_18ns_27_4_1  |    i0 * i1|
    +-----------------------------+------------------------+-----------+

    * Memory: 
    N/A

    * FIFO: 
    N/A

    * Expression: 
    +---------------------------+----------+----+---+----+------------+------------+
    |       Variable Name       | Operation| DSP| FF| LUT| Bitwidth P0| Bitwidth P1|
    +---------------------------+----------+----+---+----+------------+------------+
    |i_8_fu_97_p2               |         +|   0|  0|  16|           9|           1|
    |ret_V_fu_122_p2            |         +|   0|  0|  32|          25|          16|
    |ret_V_1_fu_142_p2          |         -|   0|  0|  32|          16|          25|
    |rq_V_fu_162_p2             |         -|   0|  0|  17|           1|          10|
    |ap_condition_109           |       and|   0|  0|   2|           1|           1|
    |icmp_ln1027_fu_192_p2      |      icmp|   0|  0|  11|          10|           8|
    |icmp_ln1035_fu_186_p2      |      icmp|   0|  0|   8|           3|           1|
    |icmp_ln72_fu_91_p2         |      icmp|   0|  0|  11|           9|           9|
    |ap_block_pp0_stage0_01001  |        or|   0|  0|   2|           1|           1|
    |or_ln96_fu_210_p2          |        or|   0|  0|   2|           1|           1|
    |A_sx_1_din                 |    select|   0|  0|   8|           1|           8|
    |rq_V_1_fu_168_p3           |    select|   0|  0|  10|           1|          10|
    |select_ln96_fu_202_p3      |    select|   0|  0|   8|           1|           7|
    |ap_enable_pp0              |       xor|   0|  0|   2|           1|           2|
    +---------------------------+----------+----+---+----+------------+------------+
    |Total                      |          |   0|  0| 161|          80|         100|
    +---------------------------+----------+----+---+----+------------+------------+

    * Multiplexer: 
    +-------------------------+----+-----------+-----+-----------+
    |           Name          | LUT| Input Size| Bits| Total Bits|
    +-------------------------+----+-----------+-----+-----------+
    |A_s_1_blk_n              |   9|          2|    1|          2|
    |A_sx_1_blk_n             |   9|          2|    1|          2|
    |ap_done_int              |   9|          2|    1|          2|
    |ap_enable_reg_pp0_iter1  |   9|          2|    1|          2|
    |ap_sig_allocacmp_i_7     |   9|          2|    9|         18|
    |i_fu_66                  |   9|          2|    9|         18|
    +-------------------------+----+-----------+-----+-----------+
    |Total                    |  54|         12|   22|         44|
    +-------------------------+----+-----------+-----+-----------+

    * Register: 
    +----------------------------------+---+----+-----+-----------+
    |               Name               | FF| LUT| Bits| Const Bits|
    +----------------------------------+---+----+-----+-----------+
    |ap_CS_fsm                         |  1|   0|    1|          0|
    |ap_done_reg                       |  1|   0|    1|          0|
    |ap_enable_reg_pp0_iter1           |  1|   0|    1|          0|
    |ap_enable_reg_pp0_iter2           |  1|   0|    1|          0|
    |ap_enable_reg_pp0_iter3           |  1|   0|    1|          0|
    |ap_enable_reg_pp0_iter4           |  1|   0|    1|          0|
    |ap_loop_exit_ready_pp0_iter1_reg  |  1|   0|    1|          0|
    |ap_loop_exit_ready_pp0_iter2_reg  |  1|   0|    1|          0|
    |ap_loop_exit_ready_pp0_iter3_reg  |  1|   0|    1|          0|
    |i_fu_66                           |  9|   0|    9|          0|
    +----------------------------------+---+----+-----+-----------+
    |Total                             | 18|   0|   18|          0|
    +----------------------------------+---+----+-----+-----------+



================================================================
== Interface
================================================================
* Summary: 
+-----------------------+-----+-----+------------+--------------------------------------------------------+--------------+
|       RTL Ports       | Dir | Bits|  Protocol  |                      Source Object                     |    C Type    |
+-----------------------+-----+-----+------------+--------------------------------------------------------+--------------+
|ap_clk                 |   in|    1|  ap_ctrl_hs|  requant<ap_int<8>, ap_int<8>, 17, 17, 170977, 16, 1>.6|  return value|
|ap_rst                 |   in|    1|  ap_ctrl_hs|  requant<ap_int<8>, ap_int<8>, 17, 17, 170977, 16, 1>.6|  return value|
|ap_start               |   in|    1|  ap_ctrl_hs|  requant<ap_int<8>, ap_int<8>, 17, 17, 170977, 16, 1>.6|  return value|
|ap_done                |  out|    1|  ap_ctrl_hs|  requant<ap_int<8>, ap_int<8>, 17, 17, 170977, 16, 1>.6|  return value|
|ap_continue            |   in|    1|  ap_ctrl_hs|  requant<ap_int<8>, ap_int<8>, 17, 17, 170977, 16, 1>.6|  return value|
|ap_idle                |  out|    1|  ap_ctrl_hs|  requant<ap_int<8>, ap_int<8>, 17, 17, 170977, 16, 1>.6|  return value|
|ap_ready               |  out|    1|  ap_ctrl_hs|  requant<ap_int<8>, ap_int<8>, 17, 17, 170977, 16, 1>.6|  return value|
|A_s_1_dout             |   in|    8|     ap_fifo|                                                   A_s_1|       pointer|
|A_s_1_num_data_valid   |   in|    2|     ap_fifo|                                                   A_s_1|       pointer|
|A_s_1_fifo_cap         |   in|    2|     ap_fifo|                                                   A_s_1|       pointer|
|A_s_1_empty_n          |   in|    1|     ap_fifo|                                                   A_s_1|       pointer|
|A_s_1_read             |  out|    1|     ap_fifo|                                                   A_s_1|       pointer|
|A_sx_1_din             |  out|    8|     ap_fifo|                                                  A_sx_1|       pointer|
|A_sx_1_num_data_valid  |   in|    2|     ap_fifo|                                                  A_sx_1|       pointer|
|A_sx_1_fifo_cap        |   in|    2|     ap_fifo|                                                  A_sx_1|       pointer|
|A_sx_1_full_n          |   in|    1|     ap_fifo|                                                  A_sx_1|       pointer|
|A_sx_1_write           |  out|    1|     ap_fifo|                                                  A_sx_1|       pointer|
+-----------------------+-----+-----+------------+--------------------------------------------------------+--------------+

============================================================
+ Verbose Summary: Synthesis Manager
============================================================
InlineROM: 1
ExposeGlobal: 0
============================================================
+ Verbose Summary: CDFG Model
============================================================
IsTopModel: 0
ResetActiveHigh: 1
IsCombinational: 2
IsDatapathOnly: 0
HasWiredReturn: 1
HasMFsm: 2
HasVarLatency: 1
IsPipeline: 0
IsRtlPipelined: 0
IsInstanceOverlapped: 0
IsDontTouch: 0
HasImplIP: 0
IsGatedGlobalClock: 0

+ Individual pipeline summary: 
  * Pipeline-0: initiation interval (II) = 1, depth = 5


============================================================
+ Verbose Summary: Schedule
============================================================
* Number of FSM states : 5
* Pipeline : 1
  Pipeline-0 : II = 1, D = 5, States = { 1 2 3 4 5 }
* Dataflow Pipeline: 0

* FSM state transitions: 
1 --> 2 
2 --> 3 
3 --> 4 
4 --> 5 
5 --> 

* FSM state operations: 

State 1 <SV = 0> <Delay = 1.10>
ST_1 : Operation 8 [1/1] (0.00ns)   --->   "%i = alloca i32 1"   --->   Operation 8 'alloca' 'i' <Predicate = true> <Delay = 0.00>
ST_1 : Operation 9 [1/1] (0.00ns)   --->   "%specinterface_ln0 = specinterface void @_ssdm_op_SpecInterface, i8 %A_sx_1, void @empty_9, i32 0, i32 0, void @empty_28, i32 0, i32 0, void @empty_28, void @empty_28, void @empty_28, i32 0, i32 0, i32 0, i32 0, void @empty_28, void @empty_28, i32 4294967295, i32 0"   --->   Operation 9 'specinterface' 'specinterface_ln0' <Predicate = true> <Delay = 0.00>
ST_1 : Operation 10 [1/1] (0.00ns)   --->   "%specinterface_ln0 = specinterface void @_ssdm_op_SpecInterface, i8 %A_s_1, void @empty_9, i32 0, i32 0, void @empty_28, i32 0, i32 0, void @empty_28, void @empty_28, void @empty_28, i32 0, i32 0, i32 0, i32 0, void @empty_28, void @empty_28, i32 4294967295, i32 0"   --->   Operation 10 'specinterface' 'specinterface_ln0' <Predicate = true> <Delay = 0.00>
ST_1 : Operation 11 [1/1] (0.38ns)   --->   "%store_ln72 = store i9 0, i9 %i" [/home/fede/PhD/transformer-hls/hls/include/activations.h:72]   --->   Operation 11 'store' 'store_ln72' <Predicate = true> <Delay = 0.38>
ST_1 : Operation 12 [1/1] (0.00ns)   --->   "%br_ln72 = br void %for.body4" [/home/fede/PhD/transformer-hls/hls/include/activations.h:72]   --->   Operation 12 'br' 'br_ln72' <Predicate = true> <Delay = 0.00>
ST_1 : Operation 13 [1/1] (0.00ns)   --->   "%i_7 = load i9 %i" [/home/fede/PhD/transformer-hls/hls/include/activations.h:72]   --->   Operation 13 'load' 'i_7' <Predicate = true> <Delay = 0.00>
ST_1 : Operation 14 [1/1] (0.59ns)   --->   "%icmp_ln72 = icmp_eq  i9 %i_7, i9 289" [/home/fede/PhD/transformer-hls/hls/include/activations.h:72]   --->   Operation 14 'icmp' 'icmp_ln72' <Predicate = true> <Delay = 0.59> <CoreInst = "Cmp">   --->   Core 9 'Cmp' <Latency = 0> <II = 1> <Delay = 0.59> <FuncUnit> <Opcode : 'icmp'> <InPorts = 2> <OutPorts = 1>
ST_1 : Operation 15 [1/1] (0.00ns)   --->   "%empty = speclooptripcount i32 @_ssdm_op_SpecLoopTripCount, i64 289, i64 289, i64 289"   --->   Operation 15 'speclooptripcount' 'empty' <Predicate = true> <Delay = 0.00>
ST_1 : Operation 16 [1/1] (0.71ns)   --->   "%i_8 = add i9 %i_7, i9 1" [/home/fede/PhD/transformer-hls/hls/include/activations.h:72]   --->   Operation 16 'add' 'i_8' <Predicate = true> <Delay = 0.71> <CoreInst = "Adder">   --->   Core 1 'Adder' <Latency = 0> <II = 1> <Delay = 0.71> <FuncUnit> <Opcode : 'add' 'sub'> <InPorts = 2> <OutPorts = 1>
ST_1 : Operation 17 [1/1] (0.00ns)   --->   "%br_ln72 = br i1 %icmp_ln72, void %for.body4.split_ifconv, void %for.end24" [/home/fede/PhD/transformer-hls/hls/include/activations.h:72]   --->   Operation 17 'br' 'br_ln72' <Predicate = true> <Delay = 0.00>
ST_1 : Operation 18 [1/1] (0.38ns)   --->   "%store_ln72 = store i9 %i_8, i9 %i" [/home/fede/PhD/transformer-hls/hls/include/activations.h:72]   --->   Operation 18 'store' 'store_ln72' <Predicate = (!icmp_ln72)> <Delay = 0.38>

State 2 <SV = 1> <Delay = 1.90>
ST_2 : Operation 19 [1/1] (1.36ns)   --->   "%val_V = read i8 @_ssdm_op_Read.ap_fifo.volatile.i8P0A, i8 %A_s_1" [/home/fede/PhD/transformer-hls/hls/include/activations.h:75]   --->   Operation 19 'read' 'val_V' <Predicate = true> <Delay = 1.36> <CoreInst = "FIFO_SRL">   --->   Core 81 'FIFO_SRL' <Latency = 0> <II = 1> <Delay = 1.36> <Storage> <Opcode : 'read' 'write' 'nbread' 'nbwrite'> <Ports = 0> <Width = 8> <Depth = 2> <FIFO>
ST_2 : Operation 20 [1/1] (0.00ns)   --->   "%sext_ln83 = sext i8 %val_V" [/home/fede/PhD/transformer-hls/hls/include/activations.h:83]   --->   Operation 20 'sext' 'sext_ln83' <Predicate = true> <Delay = 0.00>
ST_2 : Operation 21 [4/4] (0.53ns) (root node of the DSP)   --->   "%prod_V = mul i27 %sext_ln83, i27 170977" [/home/fede/PhD/transformer-hls/hls/include/activations.h:83]   --->   Operation 21 'mul' 'prod_V' <Predicate = true> <Delay = 0.53> <CoreInst = "DSP48">   --->   Core 127 'DSP48' <Latency = 3> <II = 1> <Delay = 0.53> <IPBlock> <Opcode : 'mul' 'add' 'sub' 'select'> <InPorts = 0> <OutPorts = 1> <Sync> <CReg>

State 3 <SV = 2> <Delay = 0.53>
ST_3 : Operation 22 [3/4] (0.53ns) (root node of the DSP)   --->   "%prod_V = mul i27 %sext_ln83, i27 170977" [/home/fede/PhD/transformer-hls/hls/include/activations.h:83]   --->   Operation 22 'mul' 'prod_V' <Predicate = true> <Delay = 0.53> <CoreInst = "DSP48">   --->   Core 127 'DSP48' <Latency = 3> <II = 1> <Delay = 0.53> <IPBlock> <Opcode : 'mul' 'add' 'sub' 'select'> <InPorts = 0> <OutPorts = 1> <Sync> <CReg>

State 4 <SV = 3> <Delay = 0.53>
ST_4 : Operation 23 [2/4] (0.53ns) (root node of the DSP)   --->   "%prod_V = mul i27 %sext_ln83, i27 170977" [/home/fede/PhD/transformer-hls/hls/include/activations.h:83]   --->   Operation 23 'mul' 'prod_V' <Predicate = true> <Delay = 0.53> <CoreInst = "DSP48">   --->   Core 127 'DSP48' <Latency = 3> <II = 1> <Delay = 0.53> <IPBlock> <Opcode : 'mul' 'add' 'sub' 'select'> <InPorts = 0> <OutPorts = 1> <Sync> <CReg>
ST_4 : Operation 46 [1/1] (0.00ns)   --->   "%ret_ln105 = ret" [/home/fede/PhD/transformer-hls/hls/include/activations.h:105]   --->   Operation 46 'ret' 'ret_ln105' <Predicate = (icmp_ln72)> <Delay = 0.00>

State 5 <SV = 4> <Delay = 4.12>
ST_5 : Operation 24 [1/1] (0.00ns)   --->   "%specpipeline_ln73 = specpipeline void @_ssdm_op_SpecPipeline, i32 1, i32 0, i32 0, i32 0, void @empty_28" [/home/fede/PhD/transformer-hls/hls/include/activations.h:73]   --->   Operation 24 'specpipeline' 'specpipeline_ln73' <Predicate = true> <Delay = 0.00>
ST_5 : Operation 25 [1/1] (0.00ns)   --->   "%specloopname_ln72 = specloopname void @_ssdm_op_SpecLoopName, void @empty_4" [/home/fede/PhD/transformer-hls/hls/include/activations.h:72]   --->   Operation 25 'specloopname' 'specloopname_ln72' <Predicate = true> <Delay = 0.00>
ST_5 : Operation 26 [1/4] (0.00ns) (root node of the DSP)   --->   "%prod_V = mul i27 %sext_ln83, i27 170977" [/home/fede/PhD/transformer-hls/hls/include/activations.h:83]   --->   Operation 26 'mul' 'prod_V' <Predicate = true> <Delay = 0.00> <CoreInst = "DSP48">   --->   Core 127 'DSP48' <Latency = 3> <II = 1> <Delay = 0.53> <IPBlock> <Opcode : 'mul' 'add' 'sub' 'select'> <InPorts = 0> <OutPorts = 1> <Sync> <CReg>
ST_5 : Operation 27 [1/1] (0.00ns)   --->   "%tmp = bitselect i1 @_ssdm_op_BitSelect.i1.i27.i32, i27 %prod_V, i32 26"   --->   Operation 27 'bitselect' 'tmp' <Predicate = true> <Delay = 0.00>
ST_5 : Operation 28 [1/1] (0.00ns)   --->   "%trunc_ln35 = trunc i27 %prod_V" [/home/fede/PhD/transformer-hls/hls/include/activations.h:35]   --->   Operation 28 'trunc' 'trunc_ln35' <Predicate = true> <Delay = 0.00>
ST_5 : Operation 29 [1/1] (0.83ns)   --->   "%ret_V = add i25 %trunc_ln35, i25 32768"   --->   Operation 29 'add' 'ret_V' <Predicate = true> <Delay = 0.83> <CoreInst = "Adder">   --->   Core 1 'Adder' <Latency = 0> <II = 1> <Delay = 0.83> <FuncUnit> <Opcode : 'add' 'sub'> <InPorts = 2> <OutPorts = 1>
ST_5 : Operation 30 [1/1] (0.00ns)   --->   "%trunc_ln1 = partselect i9 @_ssdm_op_PartSelect.i9.i25.i32.i32, i25 %ret_V, i32 16, i32 24" [/home/fede/PhD/transformer-hls/hls/include/activations.h:85]   --->   Operation 30 'partselect' 'trunc_ln1' <Predicate = true> <Delay = 0.00>
ST_5 : Operation 31 [1/1] (0.00ns)   --->   "%zext_ln85 = zext i9 %trunc_ln1" [/home/fede/PhD/transformer-hls/hls/include/activations.h:85]   --->   Operation 31 'zext' 'zext_ln85' <Predicate = true> <Delay = 0.00>
ST_5 : Operation 32 [1/1] (0.83ns)   --->   "%ret_V_1 = sub i25 32768, i25 %trunc_ln35"   --->   Operation 32 'sub' 'ret_V_1' <Predicate = true> <Delay = 0.83> <CoreInst = "Adder">   --->   Core 1 'Adder' <Latency = 0> <II = 1> <Delay = 0.83> <FuncUnit> <Opcode : 'add' 'sub'> <InPorts = 2> <OutPorts = 1>
ST_5 : Operation 33 [1/1] (0.00ns)   --->   "%trunc_ln2 = partselect i9 @_ssdm_op_PartSelect.i9.i25.i32.i32, i25 %ret_V_1, i32 16, i32 24" [/home/fede/PhD/transformer-hls/hls/include/activations.h:38]   --->   Operation 33 'partselect' 'trunc_ln2' <Predicate = true> <Delay = 0.00>
ST_5 : Operation 34 [1/1] (0.00ns)   --->   "%zext_ln38 = zext i9 %trunc_ln2" [/home/fede/PhD/transformer-hls/hls/include/activations.h:38]   --->   Operation 34 'zext' 'zext_ln38' <Predicate = true> <Delay = 0.00>
ST_5 : Operation 35 [1/1] (0.71ns)   --->   "%rq_V = sub i10 0, i10 %zext_ln38" [/home/fede/PhD/transformer-hls/hls/include/activations.h:38]   --->   Operation 35 'sub' 'rq_V' <Predicate = true> <Delay = 0.71> <CoreInst = "Adder">   --->   Core 1 'Adder' <Latency = 0> <II = 1> <Delay = 0.72> <FuncUnit> <Opcode : 'add' 'sub'> <InPorts = 2> <OutPorts = 1>
ST_5 : Operation 36 [1/1] (0.30ns)   --->   "%rq_V_1 = select i1 %tmp, i10 %rq_V, i10 %zext_ln85"   --->   Operation 36 'select' 'rq_V_1' <Predicate = true> <Delay = 0.30> <CoreInst = "Sel">   --->   Core 73 'Sel' <Latency = 0> <II = 1> <Delay = 0.30> <FuncUnit> <Opcode : 'select'> <InPorts = 3> <OutPorts = 1>
ST_5 : Operation 37 [1/1] (0.00ns)   --->   "%tmp_1 = partselect i3 @_ssdm_op_PartSelect.i3.i10.i32.i32, i10 %rq_V_1, i32 7, i32 9"   --->   Operation 37 'partselect' 'tmp_1' <Predicate = true> <Delay = 0.00>
ST_5 : Operation 38 [1/1] (0.49ns)   --->   "%icmp_ln1035 = icmp_sgt  i3 %tmp_1, i3 0"   --->   Operation 38 'icmp' 'icmp_ln1035' <Predicate = true> <Delay = 0.49> <CoreInst = "Cmp">   --->   Core 9 'Cmp' <Latency = 0> <II = 1> <Delay = 0.49> <FuncUnit> <Opcode : 'icmp'> <InPorts = 2> <OutPorts = 1>
ST_5 : Operation 39 [1/1] (0.60ns)   --->   "%icmp_ln1027 = icmp_slt  i10 %rq_V_1, i10 897"   --->   Operation 39 'icmp' 'icmp_ln1027' <Predicate = true> <Delay = 0.60> <CoreInst = "Cmp">   --->   Core 9 'Cmp' <Latency = 0> <II = 1> <Delay = 0.60> <FuncUnit> <Opcode : 'icmp'> <InPorts = 2> <OutPorts = 1>
ST_5 : Operation 40 [1/1] (0.00ns) (grouped into LUT with out node out_val_V)   --->   "%trunc_ln96 = trunc i10 %rq_V_1" [/home/fede/PhD/transformer-hls/hls/include/activations.h:96]   --->   Operation 40 'trunc' 'trunc_ln96' <Predicate = true> <Delay = 0.00>
ST_5 : Operation 41 [1/1] (0.00ns) (grouped into LUT with out node out_val_V)   --->   "%select_ln96 = select i1 %icmp_ln1035, i8 127, i8 129" [/home/fede/PhD/transformer-hls/hls/include/activations.h:96]   --->   Operation 41 'select' 'select_ln96' <Predicate = true> <Delay = 0.00> <CoreInst = "Sel">   --->   Core 73 'Sel' <Latency = 0> <II = 1> <Delay = 0.30> <FuncUnit> <Opcode : 'select'> <InPorts = 3> <OutPorts = 1>
ST_5 : Operation 42 [1/1] (0.00ns) (grouped into LUT with out node out_val_V)   --->   "%or_ln96 = or i1 %icmp_ln1035, i1 %icmp_ln1027" [/home/fede/PhD/transformer-hls/hls/include/activations.h:96]   --->   Operation 42 'or' 'or_ln96' <Predicate = true> <Delay = 0.00> <CoreInst = "LogicGate">   --->   Core 74 'LogicGate' <Latency = 0> <II = 1> <Delay = 0.12> <FuncUnit> <Opcode : 'and' 'or' 'xor'> <InPorts = 2> <OutPorts = 1>
ST_5 : Operation 43 [1/1] (0.30ns) (out node of the LUT)   --->   "%out_val_V = select i1 %or_ln96, i8 %select_ln96, i8 %trunc_ln96" [/home/fede/PhD/transformer-hls/hls/include/activations.h:96]   --->   Operation 43 'select' 'out_val_V' <Predicate = true> <Delay = 0.30> <CoreInst = "Sel">   --->   Core 73 'Sel' <Latency = 0> <II = 1> <Delay = 0.30> <FuncUnit> <Opcode : 'select'> <InPorts = 3> <OutPorts = 1>
ST_5 : Operation 44 [1/1] (1.36ns)   --->   "%write_ln103 = write void @_ssdm_op_Write.ap_fifo.volatile.i8P0A, i8 %A_sx_1, i8 %out_val_V" [/home/fede/PhD/transformer-hls/hls/include/activations.h:103]   --->   Operation 44 'write' 'write_ln103' <Predicate = true> <Delay = 1.36> <CoreInst = "FIFO_SRL">   --->   Core 81 'FIFO_SRL' <Latency = 0> <II = 1> <Delay = 1.36> <Storage> <Opcode : 'read' 'write' 'nbread' 'nbwrite'> <Ports = 0> <Width = 8> <Depth = 2> <FIFO>
ST_5 : Operation 45 [1/1] (0.00ns)   --->   "%br_ln72 = br void %for.body4" [/home/fede/PhD/transformer-hls/hls/include/activations.h:72]   --->   Operation 45 'br' 'br_ln72' <Predicate = true> <Delay = 0.00>


============================================================
+ Verbose Summary: Binding
============================================================
STG Binding: 
---------------- STG Properties BEGIN ----------------
- Is combinational: 0
- Is one-state seq: 0
- Is datapath-only: 0
- Is pipelined: 0
- Is top level: 0
Port [ Return ] is wired: 1; IO mode=ap_ctrl_hs:ce=0
Port [ A_s_1]:  wired=1; compound=1; hidden=0; nouse=0; global=0; static=0; extern=0; dir=0; type=3; pingpong=0; private_global=0; IO mode=ap_fifo:ce=0
Port [ A_sx_1]:  wired=1; compound=1; hidden=0; nouse=0; global=0; static=0; extern=0; dir=1; type=3; pingpong=0; private_global=0; IO mode=ap_fifo:ce=0
---------------- STG Properties END ------------------

---------------- Datapath Model BEGIN ----------------

<LifeTime>
<method=bitvector/>
i                 (alloca           ) [ 010000]
specinterface_ln0 (specinterface    ) [ 000000]
specinterface_ln0 (specinterface    ) [ 000000]
store_ln72        (store            ) [ 000000]
br_ln72           (br               ) [ 000000]
i_7               (load             ) [ 000000]
icmp_ln72         (icmp             ) [ 011110]
empty             (speclooptripcount) [ 000000]
i_8               (add              ) [ 000000]
br_ln72           (br               ) [ 000000]
store_ln72        (store            ) [ 000000]
val_V             (read             ) [ 000000]
sext_ln83         (sext             ) [ 010111]
specpipeline_ln73 (specpipeline     ) [ 000000]
specloopname_ln72 (specloopname     ) [ 000000]
prod_V            (mul              ) [ 000000]
tmp               (bitselect        ) [ 000000]
trunc_ln35        (trunc            ) [ 000000]
ret_V             (add              ) [ 000000]
trunc_ln1         (partselect       ) [ 000000]
zext_ln85         (zext             ) [ 000000]
ret_V_1           (sub              ) [ 000000]
trunc_ln2         (partselect       ) [ 000000]
zext_ln38         (zext             ) [ 000000]
rq_V              (sub              ) [ 000000]
rq_V_1            (select           ) [ 000000]
tmp_1             (partselect       ) [ 000000]
icmp_ln1035       (icmp             ) [ 000000]
icmp_ln1027       (icmp             ) [ 000000]
trunc_ln96        (trunc            ) [ 000000]
select_ln96       (select           ) [ 000000]
or_ln96           (or               ) [ 000000]
out_val_V         (select           ) [ 000000]
write_ln103       (write            ) [ 000000]
br_ln72           (br               ) [ 000000]
ret_ln105         (ret              ) [ 000000]
</LifeTime>

<model>

<comp_list>
<comp id="0" class="1000" name="A_s_1">
<pin_list>
<pin id="1" dir="1" index="0" bw="1" slack="0"/>
</pin_list>
<bind>
<StgValue><ssdm name="A_s_1"/></StgValue>
</bind>
</comp>

<comp id="2" class="1000" name="A_sx_1">
<pin_list>
<pin id="3" dir="1" index="0" bw="1" slack="0"/>
</pin_list>
<bind>
<StgValue><ssdm name="A_sx_1"/></StgValue>
</bind>
</comp>

<comp id="4" class="1001" name="const_4">
<pin_list>
<pin id="5" dir="1" index="0" bw="1" slack="0"/>
</pin_list>
<bind>
<StgValue><ssdm name=""/></StgValue>
</bind>
</comp>

<comp id="6" class="1001" name="const_6">
<pin_list>
<pin id="7" dir="1" index="0" bw="1" slack="2147483647"/>
</pin_list>
<bind>
<StgValue><ssdm name="_ssdm_op_SpecInterface"/></StgValue>
</bind>
</comp>

<comp id="8" class="1001" name="const_8">
<pin_list>
<pin id="9" dir="1" index="0" bw="1" slack="2147483647"/>
</pin_list>
<bind>
<StgValue><ssdm name="empty_9"/></StgValue>
</bind>
</comp>

<comp id="10" class="1001" name="const_10">
<pin_list>
<pin id="11" dir="1" index="0" bw="1" slack="2147483647"/>
</pin_list>
<bind>
<StgValue><ssdm name=""/></StgValue>
</bind>
</comp>

<comp id="12" class="1001" name="const_12">
<pin_list>
<pin id="13" dir="1" index="0" bw="1" slack="2147483647"/>
</pin_list>
<bind>
<StgValue><ssdm name="empty_28"/></StgValue>
</bind>
</comp>

<comp id="14" class="1001" name="const_14">
<pin_list>
<pin id="15" dir="1" index="0" bw="1" slack="2147483647"/>
</pin_list>
<bind>
<StgValue><ssdm name=""/></StgValue>
</bind>
</comp>

<comp id="16" class="1001" name="const_16">
<pin_list>
<pin id="17" dir="1" index="0" bw="1" slack="0"/>
</pin_list>
<bind>
<StgValue><ssdm name=""/></StgValue>
</bind>
</comp>

<comp id="18" class="1001" name="const_18">
<pin_list>
<pin id="19" dir="1" index="0" bw="1" slack="0"/>
</pin_list>
<bind>
<StgValue><ssdm name=""/></StgValue>
</bind>
</comp>

<comp id="20" class="1001" name="const_20">
<pin_list>
<pin id="21" dir="1" index="0" bw="1" slack="2147483647"/>
</pin_list>
<bind>
<StgValue><ssdm name="_ssdm_op_SpecLoopTripCount"/></StgValue>
</bind>
</comp>

<comp id="22" class="1001" name="const_22">
<pin_list>
<pin id="23" dir="1" index="0" bw="1" slack="2147483647"/>
</pin_list>
<bind>
<StgValue><ssdm name=""/></StgValue>
</bind>
</comp>

<comp id="24" class="1001" name="const_24">
<pin_list>
<pin id="25" dir="1" index="0" bw="1" slack="0"/>
</pin_list>
<bind>
<StgValue><ssdm name=""/></StgValue>
</bind>
</comp>

<comp id="26" class="1001" name="const_26">
<pin_list>
<pin id="27" dir="1" index="0" bw="1" slack="0"/>
</pin_list>
<bind>
<StgValue><ssdm name="_ssdm_op_Read.ap_fifo.volatile.i8P0A"/></StgValue>
</bind>
</comp>

<comp id="28" class="1001" name="const_28">
<pin_list>
<pin id="29" dir="1" index="0" bw="1" slack="0"/>
</pin_list>
<bind>
<StgValue><ssdm name=""/></StgValue>
</bind>
</comp>

<comp id="30" class="1001" name="const_30">
<pin_list>
<pin id="31" dir="1" index="0" bw="1" slack="2147483647"/>
</pin_list>
<bind>
<StgValue><ssdm name="_ssdm_op_SpecPipeline"/></StgValue>
</bind>
</comp>

<comp id="32" class="1001" name="const_32">
<pin_list>
<pin id="33" dir="1" index="0" bw="1" slack="2147483647"/>
</pin_list>
<bind>
<StgValue><ssdm name="_ssdm_op_SpecLoopName"/></StgValue>
</bind>
</comp>

<comp id="34" class="1001" name="const_34">
<pin_list>
<pin id="35" dir="1" index="0" bw="1" slack="2147483647"/>
</pin_list>
<bind>
<StgValue><ssdm name="empty_4"/></StgValue>
</bind>
</comp>

<comp id="36" class="1001" name="const_36">
<pin_list>
<pin id="37" dir="1" index="0" bw="1" slack="0"/>
</pin_list>
<bind>
<StgValue><ssdm name="_ssdm_op_BitSelect.i1.i27.i32"/></StgValue>
</bind>
</comp>

<comp id="38" class="1001" name="const_38">
<pin_list>
<pin id="39" dir="1" index="0" bw="1" slack="0"/>
</pin_list>
<bind>
<StgValue><ssdm name=""/></StgValue>
</bind>
</comp>

<comp id="40" class="1001" name="const_40">
<pin_list>
<pin id="41" dir="1" index="0" bw="1" slack="0"/>
</pin_list>
<bind>
<StgValue><ssdm name=""/></StgValue>
</bind>
</comp>

<comp id="42" class="1001" name="const_42">
<pin_list>
<pin id="43" dir="1" index="0" bw="1" slack="0"/>
</pin_list>
<bind>
<StgValue><ssdm name="_ssdm_op_PartSelect.i9.i25.i32.i32"/></StgValue>
</bind>
</comp>

<comp id="44" class="1001" name="const_44">
<pin_list>
<pin id="45" dir="1" index="0" bw="1" slack="0"/>
</pin_list>
<bind>
<StgValue><ssdm name=""/></StgValue>
</bind>
</comp>

<comp id="46" class="1001" name="const_46">
<pin_list>
<pin id="47" dir="1" index="0" bw="1" slack="0"/>
</pin_list>
<bind>
<StgValue><ssdm name=""/></StgValue>
</bind>
</comp>

<comp id="48" class="1001" name="const_48">
<pin_list>
<pin id="49" dir="1" index="0" bw="1" slack="0"/>
</pin_list>
<bind>
<StgValue><ssdm name=""/></StgValue>
</bind>
</comp>

<comp id="50" class="1001" name="const_50">
<pin_list>
<pin id="51" dir="1" index="0" bw="1" slack="0"/>
</pin_list>
<bind>
<StgValue><ssdm name="_ssdm_op_PartSelect.i3.i10.i32.i32"/></StgValue>
</bind>
</comp>

<comp id="52" class="1001" name="const_52">
<pin_list>
<pin id="53" dir="1" index="0" bw="1" slack="0"/>
</pin_list>
<bind>
<StgValue><ssdm name=""/></StgValue>
</bind>
</comp>

<comp id="54" class="1001" name="const_54">
<pin_list>
<pin id="55" dir="1" index="0" bw="1" slack="0"/>
</pin_list>
<bind>
<StgValue><ssdm name=""/></StgValue>
</bind>
</comp>

<comp id="56" class="1001" name="const_56">
<pin_list>
<pin id="57" dir="1" index="0" bw="1" slack="0"/>
</pin_list>
<bind>
<StgValue><ssdm name=""/></StgValue>
</bind>
</comp>

<comp id="58" class="1001" name="const_58">
<pin_list>
<pin id="59" dir="1" index="0" bw="1" slack="0"/>
</pin_list>
<bind>
<StgValue><ssdm name=""/></StgValue>
</bind>
</comp>

<comp id="60" class="1001" name="const_60">
<pin_list>
<pin id="61" dir="1" index="0" bw="1" slack="0"/>
</pin_list>
<bind>
<StgValue><ssdm name=""/></StgValue>
</bind>
</comp>

<comp id="62" class="1001" name="const_62">
<pin_list>
<pin id="63" dir="1" index="0" bw="1" slack="0"/>
</pin_list>
<bind>
<StgValue><ssdm name=""/></StgValue>
</bind>
</comp>

<comp id="64" class="1001" name="const_64">
<pin_list>
<pin id="65" dir="1" index="0" bw="1" slack="0"/>
</pin_list>
<bind>
<StgValue><ssdm name="_ssdm_op_Write.ap_fifo.volatile.i8P0A"/></StgValue>
</bind>
</comp>

<comp id="66" class="1004" name="i_fu_66">
<pin_list>
<pin id="67" dir="0" index="0" bw="1" slack="0"/>
<pin id="68" dir="1" index="1" bw="9" slack="0"/>
</pin_list>
<bind>
<opcode="alloca(26) " fcode="alloca"/>
<opset="i/1 "/>
</bind>
</comp>

<comp id="70" class="1004" name="val_V_read_fu_70">
<pin_list>
<pin id="71" dir="0" index="0" bw="8" slack="0"/>
<pin id="72" dir="0" index="1" bw="8" slack="0"/>
<pin id="73" dir="1" index="2" bw="8" slack="0"/>
</pin_list>
<bind>
<opcode="read(1150) " fcode="read"/>
<opset="val_V/2 "/>
</bind>
</comp>

<comp id="76" class="1004" name="write_ln103_write_fu_76">
<pin_list>
<pin id="77" dir="0" index="0" bw="0" slack="0"/>
<pin id="78" dir="0" index="1" bw="8" slack="0"/>
<pin id="79" dir="0" index="2" bw="8" slack="0"/>
<pin id="80" dir="1" index="3" bw="0" slack="2147483647"/>
</pin_list>
<bind>
<opcode="write(1151) " fcode="write"/>
<opset="write_ln103/5 "/>
</bind>
</comp>

<comp id="83" class="1004" name="store_ln72_store_fu_83">
<pin_list>
<pin id="84" dir="0" index="0" bw="1" slack="0"/>
<pin id="85" dir="0" index="1" bw="9" slack="0"/>
<pin id="86" dir="1" index="2" bw="0" slack="2147483647"/>
</pin_list>
<bind>
<opcode="store(28) " fcode="store"/>
<opset="store_ln72/1 "/>
</bind>
</comp>

<comp id="88" class="1004" name="i_7_load_fu_88">
<pin_list>
<pin id="89" dir="0" index="0" bw="9" slack="0"/>
<pin id="90" dir="1" index="1" bw="9" slack="0"/>
</pin_list>
<bind>
<opcode="load(27) " fcode="load"/>
<opset="i_7/1 "/>
</bind>
</comp>

<comp id="91" class="1004" name="icmp_ln72_fu_91">
<pin_list>
<pin id="92" dir="0" index="0" bw="9" slack="0"/>
<pin id="93" dir="0" index="1" bw="9" slack="0"/>
<pin id="94" dir="1" index="2" bw="1" slack="3"/>
</pin_list>
<bind>
<opcode="icmp(45) " fcode="icmp"/>
<opset="icmp_ln72/1 "/>
</bind>
</comp>

<comp id="97" class="1004" name="i_8_fu_97">
<pin_list>
<pin id="98" dir="0" index="0" bw="9" slack="0"/>
<pin id="99" dir="0" index="1" bw="1" slack="0"/>
<pin id="100" dir="1" index="2" bw="9" slack="0"/>
</pin_list>
<bind>
<opcode="add(8) " fcode="add"/>
<opset="i_8/1 "/>
</bind>
</comp>

<comp id="103" class="1004" name="store_ln72_store_fu_103">
<pin_list>
<pin id="104" dir="0" index="0" bw="9" slack="0"/>
<pin id="105" dir="0" index="1" bw="9" slack="0"/>
<pin id="106" dir="1" index="2" bw="0" slack="2147483647"/>
</pin_list>
<bind>
<opcode="store(28) " fcode="store"/>
<opset="store_ln72/1 "/>
</bind>
</comp>

<comp id="108" class="1004" name="sext_ln83_fu_108">
<pin_list>
<pin id="109" dir="0" index="0" bw="8" slack="0"/>
<pin id="110" dir="1" index="1" bw="27" slack="0"/>
</pin_list>
<bind>
<opcode="sext(35) " fcode="sext"/>
<opset="sext_ln83/2 "/>
</bind>
</comp>

<comp id="112" class="1004" name="tmp_fu_112">
<pin_list>
<pin id="113" dir="0" index="0" bw="1" slack="0"/>
<pin id="114" dir="0" index="1" bw="27" slack="0"/>
<pin id="115" dir="0" index="2" bw="6" slack="0"/>
<pin id="116" dir="1" index="3" bw="1" slack="0"/>
</pin_list>
<bind>
<opcode="bitselect(1000) " fcode="bitselect"/>
<opset="tmp/5 "/>
</bind>
</comp>

<comp id="119" class="1004" name="trunc_ln35_fu_119">
<pin_list>
<pin id="120" dir="0" index="0" bw="27" slack="0"/>
<pin id="121" dir="1" index="1" bw="25" slack="0"/>
</pin_list>
<bind>
<opcode="trunc(33) " fcode="trunc"/>
<opset="trunc_ln35/5 "/>
</bind>
</comp>

<comp id="122" class="1004" name="ret_V_fu_122">
<pin_list>
<pin id="123" dir="0" index="0" bw="25" slack="0"/>
<pin id="124" dir="0" index="1" bw="17" slack="0"/>
<pin id="125" dir="1" index="2" bw="25" slack="0"/>
</pin_list>
<bind>
<opcode="add(8) " fcode="add"/>
<opset="ret_V/5 "/>
</bind>
</comp>

<comp id="128" class="1004" name="trunc_ln1_fu_128">
<pin_list>
<pin id="129" dir="0" index="0" bw="9" slack="0"/>
<pin id="130" dir="0" index="1" bw="25" slack="0"/>
<pin id="131" dir="0" index="2" bw="6" slack="0"/>
<pin id="132" dir="0" index="3" bw="6" slack="0"/>
<pin id="133" dir="1" index="4" bw="9" slack="0"/>
</pin_list>
<bind>
<opcode="partselect(1002) " fcode="partselect"/>
<opset="trunc_ln1/5 "/>
</bind>
</comp>

<comp id="138" class="1004" name="zext_ln85_fu_138">
<pin_list>
<pin id="139" dir="0" index="0" bw="9" slack="0"/>
<pin id="140" dir="1" index="1" bw="10" slack="0"/>
</pin_list>
<bind>
<opcode="zext(34) " fcode="zext"/>
<opset="zext_ln85/5 "/>
</bind>
</comp>

<comp id="142" class="1004" name="ret_V_1_fu_142">
<pin_list>
<pin id="143" dir="0" index="0" bw="17" slack="0"/>
<pin id="144" dir="0" index="1" bw="25" slack="0"/>
<pin id="145" dir="1" index="2" bw="25" slack="0"/>
</pin_list>
<bind>
<opcode="sub(10) " fcode="sub"/>
<opset="ret_V_1/5 "/>
</bind>
</comp>

<comp id="148" class="1004" name="trunc_ln2_fu_148">
<pin_list>
<pin id="149" dir="0" index="0" bw="9" slack="0"/>
<pin id="150" dir="0" index="1" bw="25" slack="0"/>
<pin id="151" dir="0" index="2" bw="6" slack="0"/>
<pin id="152" dir="0" index="3" bw="6" slack="0"/>
<pin id="153" dir="1" index="4" bw="9" slack="0"/>
</pin_list>
<bind>
<opcode="partselect(1002) " fcode="partselect"/>
<opset="trunc_ln2/5 "/>
</bind>
</comp>

<comp id="158" class="1004" name="zext_ln38_fu_158">
<pin_list>
<pin id="159" dir="0" index="0" bw="9" slack="0"/>
<pin id="160" dir="1" index="1" bw="10" slack="0"/>
</pin_list>
<bind>
<opcode="zext(34) " fcode="zext"/>
<opset="zext_ln38/5 "/>
</bind>
</comp>

<comp id="162" class="1004" name="rq_V_fu_162">
<pin_list>
<pin id="163" dir="0" index="0" bw="1" slack="0"/>
<pin id="164" dir="0" index="1" bw="9" slack="0"/>
<pin id="165" dir="1" index="2" bw="10" slack="0"/>
</pin_list>
<bind>
<opcode="sub(10) " fcode="sub"/>
<opset="rq_V/5 "/>
</bind>
</comp>

<comp id="168" class="1004" name="rq_V_1_fu_168">
<pin_list>
<pin id="169" dir="0" index="0" bw="1" slack="0"/>
<pin id="170" dir="0" index="1" bw="10" slack="0"/>
<pin id="171" dir="0" index="2" bw="10" slack="0"/>
<pin id="172" dir="1" index="3" bw="10" slack="0"/>
</pin_list>
<bind>
<opcode="select(49) " fcode="select"/>
<opset="rq_V_1/5 "/>
</bind>
</comp>

<comp id="176" class="1004" name="tmp_1_fu_176">
<pin_list>
<pin id="177" dir="0" index="0" bw="3" slack="0"/>
<pin id="178" dir="0" index="1" bw="10" slack="0"/>
<pin id="179" dir="0" index="2" bw="4" slack="0"/>
<pin id="180" dir="0" index="3" bw="5" slack="0"/>
<pin id="181" dir="1" index="4" bw="3" slack="0"/>
</pin_list>
<bind>
<opcode="partselect(1002) " fcode="partselect"/>
<opset="tmp_1/5 "/>
</bind>
</comp>

<comp id="186" class="1004" name="icmp_ln1035_fu_186">
<pin_list>
<pin id="187" dir="0" index="0" bw="3" slack="0"/>
<pin id="188" dir="0" index="1" bw="3" slack="0"/>
<pin id="189" dir="1" index="2" bw="1" slack="0"/>
</pin_list>
<bind>
<opcode="icmp(45) " fcode="icmp"/>
<opset="icmp_ln1035/5 "/>
</bind>
</comp>

<comp id="192" class="1004" name="icmp_ln1027_fu_192">
<pin_list>
<pin id="193" dir="0" index="0" bw="10" slack="0"/>
<pin id="194" dir="0" index="1" bw="10" slack="0"/>
<pin id="195" dir="1" index="2" bw="1" slack="0"/>
</pin_list>
<bind>
<opcode="icmp(45) " fcode="icmp"/>
<opset="icmp_ln1027/5 "/>
</bind>
</comp>

<comp id="198" class="1004" name="trunc_ln96_fu_198">
<pin_list>
<pin id="199" dir="0" index="0" bw="10" slack="0"/>
<pin id="200" dir="1" index="1" bw="8" slack="0"/>
</pin_list>
<bind>
<opcode="trunc(33) " fcode="trunc"/>
<opset="trunc_ln96/5 "/>
</bind>
</comp>

<comp id="202" class="1004" name="select_ln96_fu_202">
<pin_list>
<pin id="203" dir="0" index="0" bw="1" slack="0"/>
<pin id="204" dir="0" index="1" bw="8" slack="0"/>
<pin id="205" dir="0" index="2" bw="8" slack="0"/>
<pin id="206" dir="1" index="3" bw="8" slack="0"/>
</pin_list>
<bind>
<opcode="select(49) " fcode="select"/>
<opset="select_ln96/5 "/>
</bind>
</comp>

<comp id="210" class="1004" name="or_ln96_fu_210">
<pin_list>
<pin id="211" dir="0" index="0" bw="1" slack="0"/>
<pin id="212" dir="0" index="1" bw="1" slack="0"/>
<pin id="213" dir="1" index="2" bw="1" slack="0"/>
</pin_list>
<bind>
<opcode="or(24) " fcode="or"/>
<opset="or_ln96/5 "/>
</bind>
</comp>

<comp id="216" class="1004" name="out_val_V_fu_216">
<pin_list>
<pin id="217" dir="0" index="0" bw="1" slack="0"/>
<pin id="218" dir="0" index="1" bw="8" slack="0"/>
<pin id="219" dir="0" index="2" bw="8" slack="0"/>
<pin id="220" dir="1" index="3" bw="8" slack="0"/>
</pin_list>
<bind>
<opcode="select(49) " fcode="select"/>
<opset="out_val_V/5 "/>
</bind>
</comp>

<comp id="225" class="1007" name="grp_fu_225">
<pin_list>
<pin id="226" dir="0" index="0" bw="8" slack="0"/>
<pin id="227" dir="0" index="1" bw="18" slack="0"/>
<pin id="228" dir="1" index="2" bw="27" slack="0"/>
</pin_list>
<bind>
<opcode="mul(12) " fcode="mul"/>
<opset="prod_V/2 "/>
</bind>
</comp>

<comp id="233" class="1005" name="i_reg_233">
<pin_list>
<pin id="234" dir="0" index="0" bw="9" slack="0"/>
<pin id="235" dir="1" index="1" bw="9" slack="0"/>
</pin_list>
<bind>
<opset="i "/>
</bind>
</comp>

<comp id="240" class="1005" name="icmp_ln72_reg_240">
<pin_list>
<pin id="241" dir="0" index="0" bw="1" slack="3"/>
<pin id="242" dir="1" index="1" bw="1" slack="2147483647"/>
</pin_list>
<bind>
<opset="icmp_ln72 "/>
</bind>
</comp>

<comp id="244" class="1005" name="sext_ln83_reg_244">
<pin_list>
<pin id="245" dir="0" index="0" bw="27" slack="1"/>
<pin id="246" dir="1" index="1" bw="27" slack="1"/>
</pin_list>
<bind>
<opset="sext_ln83 "/>
</bind>
</comp>

</comp_list>

<net_list>
<net id="69"><net_src comp="4" pin="0"/><net_sink comp="66" pin=0"/></net>

<net id="74"><net_src comp="26" pin="0"/><net_sink comp="70" pin=0"/></net>

<net id="75"><net_src comp="0" pin="0"/><net_sink comp="70" pin=1"/></net>

<net id="81"><net_src comp="64" pin="0"/><net_sink comp="76" pin=0"/></net>

<net id="82"><net_src comp="2" pin="0"/><net_sink comp="76" pin=1"/></net>

<net id="87"><net_src comp="16" pin="0"/><net_sink comp="83" pin=0"/></net>

<net id="95"><net_src comp="88" pin="1"/><net_sink comp="91" pin=0"/></net>

<net id="96"><net_src comp="18" pin="0"/><net_sink comp="91" pin=1"/></net>

<net id="101"><net_src comp="88" pin="1"/><net_sink comp="97" pin=0"/></net>

<net id="102"><net_src comp="24" pin="0"/><net_sink comp="97" pin=1"/></net>

<net id="107"><net_src comp="97" pin="2"/><net_sink comp="103" pin=0"/></net>

<net id="111"><net_src comp="70" pin="2"/><net_sink comp="108" pin=0"/></net>

<net id="117"><net_src comp="36" pin="0"/><net_sink comp="112" pin=0"/></net>

<net id="118"><net_src comp="38" pin="0"/><net_sink comp="112" pin=2"/></net>

<net id="126"><net_src comp="119" pin="1"/><net_sink comp="122" pin=0"/></net>

<net id="127"><net_src comp="40" pin="0"/><net_sink comp="122" pin=1"/></net>

<net id="134"><net_src comp="42" pin="0"/><net_sink comp="128" pin=0"/></net>

<net id="135"><net_src comp="122" pin="2"/><net_sink comp="128" pin=1"/></net>

<net id="136"><net_src comp="44" pin="0"/><net_sink comp="128" pin=2"/></net>

<net id="137"><net_src comp="46" pin="0"/><net_sink comp="128" pin=3"/></net>

<net id="141"><net_src comp="128" pin="4"/><net_sink comp="138" pin=0"/></net>

<net id="146"><net_src comp="40" pin="0"/><net_sink comp="142" pin=0"/></net>

<net id="147"><net_src comp="119" pin="1"/><net_sink comp="142" pin=1"/></net>

<net id="154"><net_src comp="42" pin="0"/><net_sink comp="148" pin=0"/></net>

<net id="155"><net_src comp="142" pin="2"/><net_sink comp="148" pin=1"/></net>

<net id="156"><net_src comp="44" pin="0"/><net_sink comp="148" pin=2"/></net>

<net id="157"><net_src comp="46" pin="0"/><net_sink comp="148" pin=3"/></net>

<net id="161"><net_src comp="148" pin="4"/><net_sink comp="158" pin=0"/></net>

<net id="166"><net_src comp="48" pin="0"/><net_sink comp="162" pin=0"/></net>

<net id="167"><net_src comp="158" pin="1"/><net_sink comp="162" pin=1"/></net>

<net id="173"><net_src comp="112" pin="3"/><net_sink comp="168" pin=0"/></net>

<net id="174"><net_src comp="162" pin="2"/><net_sink comp="168" pin=1"/></net>

<net id="175"><net_src comp="138" pin="1"/><net_sink comp="168" pin=2"/></net>

<net id="182"><net_src comp="50" pin="0"/><net_sink comp="176" pin=0"/></net>

<net id="183"><net_src comp="168" pin="3"/><net_sink comp="176" pin=1"/></net>

<net id="184"><net_src comp="52" pin="0"/><net_sink comp="176" pin=2"/></net>

<net id="185"><net_src comp="54" pin="0"/><net_sink comp="176" pin=3"/></net>

<net id="190"><net_src comp="176" pin="4"/><net_sink comp="186" pin=0"/></net>

<net id="191"><net_src comp="56" pin="0"/><net_sink comp="186" pin=1"/></net>

<net id="196"><net_src comp="168" pin="3"/><net_sink comp="192" pin=0"/></net>

<net id="197"><net_src comp="58" pin="0"/><net_sink comp="192" pin=1"/></net>

<net id="201"><net_src comp="168" pin="3"/><net_sink comp="198" pin=0"/></net>

<net id="207"><net_src comp="186" pin="2"/><net_sink comp="202" pin=0"/></net>

<net id="208"><net_src comp="60" pin="0"/><net_sink comp="202" pin=1"/></net>

<net id="209"><net_src comp="62" pin="0"/><net_sink comp="202" pin=2"/></net>

<net id="214"><net_src comp="186" pin="2"/><net_sink comp="210" pin=0"/></net>

<net id="215"><net_src comp="192" pin="2"/><net_sink comp="210" pin=1"/></net>

<net id="221"><net_src comp="210" pin="2"/><net_sink comp="216" pin=0"/></net>

<net id="222"><net_src comp="202" pin="3"/><net_sink comp="216" pin=1"/></net>

<net id="223"><net_src comp="198" pin="1"/><net_sink comp="216" pin=2"/></net>

<net id="224"><net_src comp="216" pin="3"/><net_sink comp="76" pin=2"/></net>

<net id="229"><net_src comp="108" pin="1"/><net_sink comp="225" pin=0"/></net>

<net id="230"><net_src comp="28" pin="0"/><net_sink comp="225" pin=1"/></net>

<net id="231"><net_src comp="225" pin="2"/><net_sink comp="112" pin=1"/></net>

<net id="232"><net_src comp="225" pin="2"/><net_sink comp="119" pin=0"/></net>

<net id="236"><net_src comp="66" pin="1"/><net_sink comp="233" pin=0"/></net>

<net id="237"><net_src comp="233" pin="1"/><net_sink comp="83" pin=1"/></net>

<net id="238"><net_src comp="233" pin="1"/><net_sink comp="88" pin=0"/></net>

<net id="239"><net_src comp="233" pin="1"/><net_sink comp="103" pin=1"/></net>

<net id="243"><net_src comp="91" pin="2"/><net_sink comp="240" pin=0"/></net>

<net id="247"><net_src comp="108" pin="1"/><net_sink comp="244" pin=0"/></net>

<net id="248"><net_src comp="244" pin="1"/><net_sink comp="225" pin=0"/></net>

</net_list>

</model> 
---------------- Datapath Model END ------------------

* FSMD analyzer results:
  - Output states:
	Port: A_sx_1 | {5 }
 - Input state : 
	Port: requant<ap_int<8>, ap_int<8>, 17, 17, 170977, 16, 1>.6 : A_s_1 | {2 }
  - Chain level:
	State 1
		store_ln72 : 1
		i_7 : 1
		icmp_ln72 : 2
		i_8 : 2
		br_ln72 : 3
		store_ln72 : 3
	State 2
		prod_V : 1
	State 3
	State 4
	State 5
		tmp : 1
		trunc_ln35 : 1
		ret_V : 2
		trunc_ln1 : 3
		zext_ln85 : 4
		ret_V_1 : 2
		trunc_ln2 : 3
		zext_ln38 : 4
		rq_V : 5
		rq_V_1 : 6
		tmp_1 : 7
		icmp_ln1035 : 8
		icmp_ln1027 : 7
		trunc_ln96 : 7
		select_ln96 : 9
		or_ln96 : 9
		out_val_V : 9
		write_ln103 : 10


============================================================
+ Verbose Summary: Datapath Resource usage 
============================================================

* Functional unit list:
|----------|-------------------------|---------|---------|---------|
| Operation|     Functional Unit     |   DSP   |    FF   |   LUT   |
|----------|-------------------------|---------|---------|---------|
|    add   |        i_8_fu_97        |    0    |    0    |    16   |
|          |       ret_V_fu_122      |    0    |    0    |    32   |
|----------|-------------------------|---------|---------|---------|
|    sub   |      ret_V_1_fu_142     |    0    |    0    |    32   |
|          |       rq_V_fu_162       |    0    |    0    |    16   |
|----------|-------------------------|---------|---------|---------|
|          |     icmp_ln72_fu_91     |    0    |    0    |    11   |
|   icmp   |    icmp_ln1035_fu_186   |    0    |    0    |    8    |
|          |    icmp_ln1027_fu_192   |    0    |    0    |    11   |
|----------|-------------------------|---------|---------|---------|
|          |      rq_V_1_fu_168      |    0    |    0    |    10   |
|  select  |    select_ln96_fu_202   |    0    |    0    |    8    |
|          |     out_val_V_fu_216    |    0    |    0    |    8    |
|----------|-------------------------|---------|---------|---------|
|    or    |      or_ln96_fu_210     |    0    |    0    |    2    |
|----------|-------------------------|---------|---------|---------|
|    mul   |        grp_fu_225       |    1    |    0    |    0    |
|----------|-------------------------|---------|---------|---------|
|   read   |     val_V_read_fu_70    |    0    |    0    |    0    |
|----------|-------------------------|---------|---------|---------|
|   write  | write_ln103_write_fu_76 |    0    |    0    |    0    |
|----------|-------------------------|---------|---------|---------|
|   sext   |     sext_ln83_fu_108    |    0    |    0    |    0    |
|----------|-------------------------|---------|---------|---------|
| bitselect|        tmp_fu_112       |    0    |    0    |    0    |
|----------|-------------------------|---------|---------|---------|
|   trunc  |    trunc_ln35_fu_119    |    0    |    0    |    0    |
|          |    trunc_ln96_fu_198    |    0    |    0    |    0    |
|----------|-------------------------|---------|---------|---------|
|          |     trunc_ln1_fu_128    |    0    |    0    |    0    |
|partselect|     trunc_ln2_fu_148    |    0    |    0    |    0    |
|          |       tmp_1_fu_176      |    0    |    0    |    0    |
|----------|-------------------------|---------|---------|---------|
|   zext   |     zext_ln85_fu_138    |    0    |    0    |    0    |
|          |     zext_ln38_fu_158    |    0    |    0    |    0    |
|----------|-------------------------|---------|---------|---------|
|   Total  |                         |    1    |    0    |   154   |
|----------|-------------------------|---------|---------|---------|

Memories:
N/A

* Register list:
+-----------------+--------+
|                 |   FF   |
+-----------------+--------+
|    i_reg_233    |    9   |
|icmp_ln72_reg_240|    1   |
|sext_ln83_reg_244|   27   |
+-----------------+--------+
|      Total      |   37   |
+-----------------+--------+

* Multiplexer (MUX) list: 
|------------|------|------|------|--------||---------||---------|
|    Comp    |  Pin | Size |  BW  | S x BW ||  Delay  ||   LUT   |
|------------|------|------|------|--------||---------||---------|
| grp_fu_225 |  p0  |   2  |   8  |   16   ||    9    |
|------------|------|------|------|--------||---------||---------|
|    Total   |      |      |      |   16   ||  0.387  ||    9    |
|------------|------|------|------|--------||---------||---------|



* Summary:
+-----------+--------+--------+--------+--------+
|           |   DSP  |  Delay |   FF   |   LUT  |
+-----------+--------+--------+--------+--------+
|  Function |    1   |    -   |    0   |   154  |
|   Memory  |    -   |    -   |    -   |    -   |
|Multiplexer|    -   |    0   |    -   |    9   |
|  Register |    -   |    -   |   37   |    -   |
+-----------+--------+--------+--------+--------+
|   Total   |    1   |    0   |   37   |   163  |
+-----------+--------+--------+--------+--------+
