

================================================================
== Vitis HLS Report for 'requant_ap_int_8_ap_int_8_17_16_84995_16_1_s'
================================================================
* Date:           Tue Jun 23 12:41:32 2026

* Version:        2022.2 (Build 3670227 on Oct 13 2022)
* Project:        ViT_Block
* Solution:       ViT_Block (Vivado IP Flow Target)
* Product family: virtexuplus
* Target device:  xcu250-figd2104-2L-e


================================================================
== Performance Estimates
================================================================
+ Timing: 
    * Summary: 
    +--------+----------+----------+------------+
    |  Clock |  Target  | Estimated| Uncertainty|
    +--------+----------+----------+------------+
    |ap_clk  |  10.00 ns|  3.977 ns|     2.70 ns|
    +--------+----------+----------+------------+

+ Latency: 
    * Summary: 
    +---------+---------+----------+----------+-----+-----+---------+
    |  Latency (cycles) |  Latency (absolute) |  Interval | Pipeline|
    |   min   |   max   |    min   |    max   | min | max |   Type  |
    +---------+---------+----------+----------+-----+-----+---------+
    |      277|      277|  2.770 us|  2.770 us|  277|  277|       no|
    +---------+---------+----------+----------+-----+-----+---------+

    + Detail: 
        * Instance: 
        N/A

        * Loop: 
        +-------------------+---------+---------+----------+-----------+-----------+------+----------+
        |                   |  Latency (cycles) | Iteration|  Initiation Interval  | Trip |          |
        |     Loop Name     |   min   |   max   |  Latency |  achieved |   target  | Count| Pipelined|
        +-------------------+---------+---------+----------+-----------+-----------+------+----------+
        |- VITIS_LOOP_72_1  |      275|      275|         5|          1|          1|   272|       yes|
        +-------------------+---------+---------+----------+-----------+-----------+------+----------+

============================================================
+ Verbose Summary: Synthesis Manager
============================================================
InlineROM: 1
ExposeGlobal: 0
============================================================
+ Verbose Summary: CDFG Model
============================================================
IsTopModel: 0
ResetActiveHigh: 1
IsCombinational: 2
IsDatapathOnly: 0
HasWiredReturn: 1
HasMFsm: 2
HasVarLatency: 1
IsPipeline: 0
IsRtlPipelined: 0
IsInstanceOverlapped: 0
IsDontTouch: 0
HasImplIP: 0
IsGatedGlobalClock: 0

+ Individual pipeline summary: 
  * Pipeline-0: initiation interval (II) = 1, depth = 5


============================================================
+ Verbose Summary: Schedule
============================================================
* Number of FSM states : 5
* Pipeline : 1
  Pipeline-0 : II = 1, D = 5, States = { 1 2 3 4 5 }
* Dataflow Pipeline: 0

* FSM state transitions: 
1 --> 2 
2 --> 3 
3 --> 4 
4 --> 5 
5 --> 

* FSM state operations: 

State 1 <SV = 0> <Delay = 1.10>
ST_1 : Operation 8 [1/1] (0.00ns)   --->   "%i = alloca i32 1"   --->   Operation 8 'alloca' 'i' <Predicate = true> <Delay = 0.00>
ST_1 : Operation 9 [1/1] (0.00ns)   --->   "%specinterface_ln0 = specinterface void @_ssdm_op_SpecInterface, i8 %res_1_rq11, void @empty_9, i32 0, i32 0, void @empty_28, i32 0, i32 0, void @empty_28, void @empty_28, void @empty_28, i32 0, i32 0, i32 0, i32 0, void @empty_28, void @empty_28, i32 4294967295, i32 0"   --->   Operation 9 'specinterface' 'specinterface_ln0' <Predicate = true> <Delay = 0.00>
ST_1 : Operation 10 [1/1] (0.00ns)   --->   "%specinterface_ln0 = specinterface void @_ssdm_op_SpecInterface, i8 %res_110, void @empty_9, i32 0, i32 0, void @empty_28, i32 0, i32 0, void @empty_28, void @empty_28, void @empty_28, i32 0, i32 0, i32 0, i32 0, void @empty_28, void @empty_28, i32 4294967295, i32 0"   --->   Operation 10 'specinterface' 'specinterface_ln0' <Predicate = true> <Delay = 0.00>
ST_1 : Operation 11 [1/1] (0.38ns)   --->   "%store_ln72 = store i9 0, i9 %i" [/home/fede/PhD/transformer-hls/hls/include/activations.h:72]   --->   Operation 11 'store' 'store_ln72' <Predicate = true> <Delay = 0.38>
ST_1 : Operation 12 [1/1] (0.00ns)   --->   "%br_ln72 = br void %for.body4" [/home/fede/PhD/transformer-hls/hls/include/activations.h:72]   --->   Operation 12 'br' 'br_ln72' <Predicate = true> <Delay = 0.00>
ST_1 : Operation 13 [1/1] (0.00ns)   --->   "%i_11 = load i9 %i" [/home/fede/PhD/transformer-hls/hls/include/activations.h:72]   --->   Operation 13 'load' 'i_11' <Predicate = true> <Delay = 0.00>
ST_1 : Operation 14 [1/1] (0.59ns)   --->   "%icmp_ln72 = icmp_eq  i9 %i_11, i9 272" [/home/fede/PhD/transformer-hls/hls/include/activations.h:72]   --->   Operation 14 'icmp' 'icmp_ln72' <Predicate = true> <Delay = 0.59> <CoreInst = "Cmp">   --->   Core 9 'Cmp' <Latency = 0> <II = 1> <Delay = 0.59> <FuncUnit> <Opcode : 'icmp'> <InPorts = 2> <OutPorts = 1>
ST_1 : Operation 15 [1/1] (0.00ns)   --->   "%empty = speclooptripcount i32 @_ssdm_op_SpecLoopTripCount, i64 272, i64 272, i64 272"   --->   Operation 15 'speclooptripcount' 'empty' <Predicate = true> <Delay = 0.00>
ST_1 : Operation 16 [1/1] (0.71ns)   --->   "%i_12 = add i9 %i_11, i9 1" [/home/fede/PhD/transformer-hls/hls/include/activations.h:72]   --->   Operation 16 'add' 'i_12' <Predicate = true> <Delay = 0.71> <CoreInst = "Adder">   --->   Core 1 'Adder' <Latency = 0> <II = 1> <Delay = 0.71> <FuncUnit> <Opcode : 'add' 'sub'> <InPorts = 2> <OutPorts = 1>
ST_1 : Operation 17 [1/1] (0.00ns)   --->   "%br_ln72 = br i1 %icmp_ln72, void %for.body4.split_ifconv, void %for.end24" [/home/fede/PhD/transformer-hls/hls/include/activations.h:72]   --->   Operation 17 'br' 'br_ln72' <Predicate = true> <Delay = 0.00>
ST_1 : Operation 18 [1/1] (0.38ns)   --->   "%store_ln72 = store i9 %i_12, i9 %i" [/home/fede/PhD/transformer-hls/hls/include/activations.h:72]   --->   Operation 18 'store' 'store_ln72' <Predicate = (!icmp_ln72)> <Delay = 0.38>

State 2 <SV = 1> <Delay = 1.77>
ST_2 : Operation 19 [1/1] (1.24ns)   --->   "%val_V = read i8 @_ssdm_op_Read.ap_fifo.volatile.i8P0A, i8 %res_110" [/home/fede/PhD/transformer-hls/hls/include/activations.h:75]   --->   Operation 19 'read' 'val_V' <Predicate = true> <Delay = 1.24> <CoreInst = "FIFO">   --->   Core 78 'FIFO' <Latency = 0> <II = 1> <Delay = 1.24> <Storage> <Opcode : 'read' 'write' 'nbread' 'nbwrite'> <Ports = 0> <Width = 8> <Depth = 3072> <FIFO>
ST_2 : Operation 20 [1/1] (0.00ns)   --->   "%sext_ln83 = sext i8 %val_V" [/home/fede/PhD/transformer-hls/hls/include/activations.h:83]   --->   Operation 20 'sext' 'sext_ln83' <Predicate = true> <Delay = 0.00>
ST_2 : Operation 21 [4/4] (0.53ns) (root node of the DSP)   --->   "%prod_V = mul i26 %sext_ln83, i26 84995" [/home/fede/PhD/transformer-hls/hls/include/activations.h:83]   --->   Operation 21 'mul' 'prod_V' <Predicate = true> <Delay = 0.53> <CoreInst = "DSP48">   --->   Core 127 'DSP48' <Latency = 3> <II = 1> <Delay = 0.53> <IPBlock> <Opcode : 'mul' 'add' 'sub' 'select'> <InPorts = 0> <OutPorts = 1> <Sync> <CReg>

State 3 <SV = 2> <Delay = 0.53>
ST_3 : Operation 22 [3/4] (0.53ns) (root node of the DSP)   --->   "%prod_V = mul i26 %sext_ln83, i26 84995" [/home/fede/PhD/transformer-hls/hls/include/activations.h:83]   --->   Operation 22 'mul' 'prod_V' <Predicate = true> <Delay = 0.53> <CoreInst = "DSP48">   --->   Core 127 'DSP48' <Latency = 3> <II = 1> <Delay = 0.53> <IPBlock> <Opcode : 'mul' 'add' 'sub' 'select'> <InPorts = 0> <OutPorts = 1> <Sync> <CReg>

State 4 <SV = 3> <Delay = 0.53>
ST_4 : Operation 23 [2/4] (0.53ns) (root node of the DSP)   --->   "%prod_V = mul i26 %sext_ln83, i26 84995" [/home/fede/PhD/transformer-hls/hls/include/activations.h:83]   --->   Operation 23 'mul' 'prod_V' <Predicate = true> <Delay = 0.53> <CoreInst = "DSP48">   --->   Core 127 'DSP48' <Latency = 3> <II = 1> <Delay = 0.53> <IPBlock> <Opcode : 'mul' 'add' 'sub' 'select'> <InPorts = 0> <OutPorts = 1> <Sync> <CReg>
ST_4 : Operation 46 [1/1] (0.00ns)   --->   "%ret_ln105 = ret" [/home/fede/PhD/transformer-hls/hls/include/activations.h:105]   --->   Operation 46 'ret' 'ret_ln105' <Predicate = (icmp_ln72)> <Delay = 0.00>

State 5 <SV = 4> <Delay = 3.97>
ST_5 : Operation 24 [1/1] (0.00ns)   --->   "%specpipeline_ln73 = specpipeline void @_ssdm_op_SpecPipeline, i32 1, i32 0, i32 0, i32 0, void @empty_28" [/home/fede/PhD/transformer-hls/hls/include/activations.h:73]   --->   Operation 24 'specpipeline' 'specpipeline_ln73' <Predicate = true> <Delay = 0.00>
ST_5 : Operation 25 [1/1] (0.00ns)   --->   "%specloopname_ln72 = specloopname void @_ssdm_op_SpecLoopName, void @empty_4" [/home/fede/PhD/transformer-hls/hls/include/activations.h:72]   --->   Operation 25 'specloopname' 'specloopname_ln72' <Predicate = true> <Delay = 0.00>
ST_5 : Operation 26 [1/4] (0.00ns) (root node of the DSP)   --->   "%prod_V = mul i26 %sext_ln83, i26 84995" [/home/fede/PhD/transformer-hls/hls/include/activations.h:83]   --->   Operation 26 'mul' 'prod_V' <Predicate = true> <Delay = 0.00> <CoreInst = "DSP48">   --->   Core 127 'DSP48' <Latency = 3> <II = 1> <Delay = 0.53> <IPBlock> <Opcode : 'mul' 'add' 'sub' 'select'> <InPorts = 0> <OutPorts = 1> <Sync> <CReg>
ST_5 : Operation 27 [1/1] (0.00ns)   --->   "%tmp = bitselect i1 @_ssdm_op_BitSelect.i1.i26.i32, i26 %prod_V, i32 25"   --->   Operation 27 'bitselect' 'tmp' <Predicate = true> <Delay = 0.00>
ST_5 : Operation 28 [1/1] (0.00ns)   --->   "%trunc_ln35 = trunc i26 %prod_V" [/home/fede/PhD/transformer-hls/hls/include/activations.h:35]   --->   Operation 28 'trunc' 'trunc_ln35' <Predicate = true> <Delay = 0.00>
ST_5 : Operation 29 [1/1] (0.83ns)   --->   "%ret_V = add i24 %trunc_ln35, i24 32768"   --->   Operation 29 'add' 'ret_V' <Predicate = true> <Delay = 0.83> <CoreInst = "Adder">   --->   Core 1 'Adder' <Latency = 0> <II = 1> <Delay = 0.83> <FuncUnit> <Opcode : 'add' 'sub'> <InPorts = 2> <OutPorts = 1>
ST_5 : Operation 30 [1/1] (0.00ns)   --->   "%trunc_ln7 = partselect i8 @_ssdm_op_PartSelect.i8.i24.i32.i32, i24 %ret_V, i32 16, i32 23" [/home/fede/PhD/transformer-hls/hls/include/activations.h:85]   --->   Operation 30 'partselect' 'trunc_ln7' <Predicate = true> <Delay = 0.00>
ST_5 : Operation 31 [1/1] (0.00ns)   --->   "%zext_ln85 = zext i8 %trunc_ln7" [/home/fede/PhD/transformer-hls/hls/include/activations.h:85]   --->   Operation 31 'zext' 'zext_ln85' <Predicate = true> <Delay = 0.00>
ST_5 : Operation 32 [1/1] (0.83ns)   --->   "%ret_V_3 = sub i24 32768, i24 %trunc_ln35"   --->   Operation 32 'sub' 'ret_V_3' <Predicate = true> <Delay = 0.83> <CoreInst = "Adder">   --->   Core 1 'Adder' <Latency = 0> <II = 1> <Delay = 0.83> <FuncUnit> <Opcode : 'add' 'sub'> <InPorts = 2> <OutPorts = 1>
ST_5 : Operation 33 [1/1] (0.00ns)   --->   "%trunc_ln8 = partselect i8 @_ssdm_op_PartSelect.i8.i24.i32.i32, i24 %ret_V_3, i32 16, i32 23" [/home/fede/PhD/transformer-hls/hls/include/activations.h:38]   --->   Operation 33 'partselect' 'trunc_ln8' <Predicate = true> <Delay = 0.00>
ST_5 : Operation 34 [1/1] (0.00ns)   --->   "%zext_ln38 = zext i8 %trunc_ln8" [/home/fede/PhD/transformer-hls/hls/include/activations.h:38]   --->   Operation 34 'zext' 'zext_ln38' <Predicate = true> <Delay = 0.00>
ST_5 : Operation 35 [1/1] (0.70ns)   --->   "%rq_V = sub i9 0, i9 %zext_ln38" [/home/fede/PhD/transformer-hls/hls/include/activations.h:38]   --->   Operation 35 'sub' 'rq_V' <Predicate = true> <Delay = 0.70> <CoreInst = "Adder">   --->   Core 1 'Adder' <Latency = 0> <II = 1> <Delay = 0.70> <FuncUnit> <Opcode : 'add' 'sub'> <InPorts = 2> <OutPorts = 1>
ST_5 : Operation 36 [1/1] (0.30ns)   --->   "%rq_V_3 = select i1 %tmp, i9 %rq_V, i9 %zext_ln85"   --->   Operation 36 'select' 'rq_V_3' <Predicate = true> <Delay = 0.30> <CoreInst = "Sel">   --->   Core 73 'Sel' <Latency = 0> <II = 1> <Delay = 0.30> <FuncUnit> <Opcode : 'select'> <InPorts = 3> <OutPorts = 1>
ST_5 : Operation 37 [1/1] (0.00ns)   --->   "%tmp_3 = partselect i2 @_ssdm_op_PartSelect.i2.i9.i32.i32, i9 %rq_V_3, i32 7, i32 8"   --->   Operation 37 'partselect' 'tmp_3' <Predicate = true> <Delay = 0.00>
ST_5 : Operation 38 [1/1] (0.34ns)   --->   "%icmp_ln1035 = icmp_eq  i2 %tmp_3, i2 1"   --->   Operation 38 'icmp' 'icmp_ln1035' <Predicate = true> <Delay = 0.34> <CoreInst = "Cmp">   --->   Core 9 'Cmp' <Latency = 0> <II = 1> <Delay = 0.34> <FuncUnit> <Opcode : 'icmp'> <InPorts = 2> <OutPorts = 1>
ST_5 : Operation 39 [1/1] (0.59ns)   --->   "%icmp_ln1027 = icmp_slt  i9 %rq_V_3, i9 385"   --->   Operation 39 'icmp' 'icmp_ln1027' <Predicate = true> <Delay = 0.59> <CoreInst = "Cmp">   --->   Core 9 'Cmp' <Latency = 0> <II = 1> <Delay = 0.59> <FuncUnit> <Opcode : 'icmp'> <InPorts = 2> <OutPorts = 1>
ST_5 : Operation 40 [1/1] (0.00ns) (grouped into LUT with out node out_val_V)   --->   "%trunc_ln96 = trunc i9 %rq_V_3" [/home/fede/PhD/transformer-hls/hls/include/activations.h:96]   --->   Operation 40 'trunc' 'trunc_ln96' <Predicate = true> <Delay = 0.00>
ST_5 : Operation 41 [1/1] (0.00ns) (grouped into LUT with out node out_val_V)   --->   "%select_ln96 = select i1 %icmp_ln1035, i8 127, i8 129" [/home/fede/PhD/transformer-hls/hls/include/activations.h:96]   --->   Operation 41 'select' 'select_ln96' <Predicate = true> <Delay = 0.00> <CoreInst = "Sel">   --->   Core 73 'Sel' <Latency = 0> <II = 1> <Delay = 0.30> <FuncUnit> <Opcode : 'select'> <InPorts = 3> <OutPorts = 1>
ST_5 : Operation 42 [1/1] (0.00ns) (grouped into LUT with out node out_val_V)   --->   "%or_ln96 = or i1 %icmp_ln1035, i1 %icmp_ln1027" [/home/fede/PhD/transformer-hls/hls/include/activations.h:96]   --->   Operation 42 'or' 'or_ln96' <Predicate = true> <Delay = 0.00> <CoreInst = "LogicGate">   --->   Core 74 'LogicGate' <Latency = 0> <II = 1> <Delay = 0.12> <FuncUnit> <Opcode : 'and' 'or' 'xor'> <InPorts = 2> <OutPorts = 1>
ST_5 : Operation 43 [1/1] (0.30ns) (out node of the LUT)   --->   "%out_val_V = select i1 %or_ln96, i8 %select_ln96, i8 %trunc_ln96" [/home/fede/PhD/transformer-hls/hls/include/activations.h:96]   --->   Operation 43 'select' 'out_val_V' <Predicate = true> <Delay = 0.30> <CoreInst = "Sel">   --->   Core 73 'Sel' <Latency = 0> <II = 1> <Delay = 0.30> <FuncUnit> <Opcode : 'select'> <InPorts = 3> <OutPorts = 1>
ST_5 : Operation 44 [1/1] (1.24ns)   --->   "%write_ln103 = write void @_ssdm_op_Write.ap_fifo.volatile.i8P0A, i8 %res_1_rq11, i8 %out_val_V" [/home/fede/PhD/transformer-hls/hls/include/activations.h:103]   --->   Operation 44 'write' 'write_ln103' <Predicate = true> <Delay = 1.24> <CoreInst = "FIFO">   --->   Core 78 'FIFO' <Latency = 0> <II = 1> <Delay = 1.24> <Storage> <Opcode : 'read' 'write' 'nbread' 'nbwrite'> <Ports = 0> <Width = 8> <Depth = 3072> <FIFO>
ST_5 : Operation 45 [1/1] (0.00ns)   --->   "%br_ln72 = br void %for.body4" [/home/fede/PhD/transformer-hls/hls/include/activations.h:72]   --->   Operation 45 'br' 'br_ln72' <Predicate = true> <Delay = 0.00>


============================================================
+ Verbose Summary: Binding
============================================================
STG Binding: 
---------------- STG Properties BEGIN ----------------
- Is combinational: 0
- Is one-state seq: 0
- Is datapath-only: 0
- Is pipelined: 0
- Is top level: 0
Port [ Return ] is wired: 1; IO mode=ap_ctrl_hs:ce=0
Port [ res_110]:  wired=1; compound=1; hidden=0; nouse=0; global=0; static=0; extern=0; dir=0; type=3; pingpong=0; private_global=0; IO mode=ap_fifo:ce=0
Port [ res_1_rq11]:  wired=1; compound=1; hidden=0; nouse=0; global=0; static=0; extern=0; dir=1; type=3; pingpong=0; private_global=0; IO mode=ap_fifo:ce=0
---------------- STG Properties END ------------------

---------------- Datapath Model BEGIN ----------------

<LifeTime>
<method=bitvector/>
i                 (alloca           ) [ 010000]
specinterface_ln0 (specinterface    ) [ 000000]
specinterface_ln0 (specinterface    ) [ 000000]
store_ln72        (store            ) [ 000000]
br_ln72           (br               ) [ 000000]
i_11              (load             ) [ 000000]
icmp_ln72         (icmp             ) [ 011110]
empty             (speclooptripcount) [ 000000]
i_12              (add              ) [ 000000]
br_ln72           (br               ) [ 000000]
store_ln72        (store            ) [ 000000]
val_V             (read             ) [ 000000]
sext_ln83         (sext             ) [ 010111]
specpipeline_ln73 (specpipeline     ) [ 000000]
specloopname_ln72 (specloopname     ) [ 000000]
prod_V            (mul              ) [ 000000]
tmp               (bitselect        ) [ 000000]
trunc_ln35        (trunc            ) [ 000000]
ret_V             (add              ) [ 000000]
trunc_ln7         (partselect       ) [ 000000]
zext_ln85         (zext             ) [ 000000]
ret_V_3           (sub              ) [ 000000]
trunc_ln8         (partselect       ) [ 000000]
zext_ln38         (zext             ) [ 000000]
rq_V              (sub              ) [ 000000]
rq_V_3            (select           ) [ 000000]
tmp_3             (partselect       ) [ 000000]
icmp_ln1035       (icmp             ) [ 000000]
icmp_ln1027       (icmp             ) [ 000000]
trunc_ln96        (trunc            ) [ 000000]
select_ln96       (select           ) [ 000000]
or_ln96           (or               ) [ 000000]
out_val_V         (select           ) [ 000000]
write_ln103       (write            ) [ 000000]
br_ln72           (br               ) [ 000000]
ret_ln105         (ret              ) [ 000000]
</LifeTime>

<model>

<comp_list>
<comp id="0" class="1000" name="res_110">
<pin_list>
<pin id="1" dir="1" index="0" bw="1" slack="0"/>
</pin_list>
<bind>
<StgValue><ssdm name="res_110"/></StgValue>
</bind>
</comp>

<comp id="2" class="1000" name="res_1_rq11">
<pin_list>
<pin id="3" dir="1" index="0" bw="1" slack="0"/>
</pin_list>
<bind>
<StgValue><ssdm name="res_1_rq11"/></StgValue>
</bind>
</comp>

<comp id="4" class="1001" name="const_4">
<pin_list>
<pin id="5" dir="1" index="0" bw="1" slack="0"/>
</pin_list>
<bind>
<StgValue><ssdm name=""/></StgValue>
</bind>
</comp>

<comp id="6" class="1001" name="const_6">
<pin_list>
<pin id="7" dir="1" index="0" bw="1" slack="2147483647"/>
</pin_list>
<bind>
<StgValue><ssdm name="_ssdm_op_SpecInterface"/></StgValue>
</bind>
</comp>

<comp id="8" class="1001" name="const_8">
<pin_list>
<pin id="9" dir="1" index="0" bw="1" slack="2147483647"/>
</pin_list>
<bind>
<StgValue><ssdm name="empty_9"/></StgValue>
</bind>
</comp>

<comp id="10" class="1001" name="const_10">
<pin_list>
<pin id="11" dir="1" index="0" bw="1" slack="2147483647"/>
</pin_list>
<bind>
<StgValue><ssdm name=""/></StgValue>
</bind>
</comp>

<comp id="12" class="1001" name="const_12">
<pin_list>
<pin id="13" dir="1" index="0" bw="1" slack="2147483647"/>
</pin_list>
<bind>
<StgValue><ssdm name="empty_28"/></StgValue>
</bind>
</comp>

<comp id="14" class="1001" name="const_14">
<pin_list>
<pin id="15" dir="1" index="0" bw="1" slack="2147483647"/>
</pin_list>
<bind>
<StgValue><ssdm name=""/></StgValue>
</bind>
</comp>

<comp id="16" class="1001" name="const_16">
<pin_list>
<pin id="17" dir="1" index="0" bw="1" slack="0"/>
</pin_list>
<bind>
<StgValue><ssdm name=""/></StgValue>
</bind>
</comp>

<comp id="18" class="1001" name="const_18">
<pin_list>
<pin id="19" dir="1" index="0" bw="1" slack="0"/>
</pin_list>
<bind>
<StgValue><ssdm name=""/></StgValue>
</bind>
</comp>

<comp id="20" class="1001" name="const_20">
<pin_list>
<pin id="21" dir="1" index="0" bw="1" slack="2147483647"/>
</pin_list>
<bind>
<StgValue><ssdm name="_ssdm_op_SpecLoopTripCount"/></StgValue>
</bind>
</comp>

<comp id="22" class="1001" name="const_22">
<pin_list>
<pin id="23" dir="1" index="0" bw="1" slack="2147483647"/>
</pin_list>
<bind>
<StgValue><ssdm name=""/></StgValue>
</bind>
</comp>

<comp id="24" class="1001" name="const_24">
<pin_list>
<pin id="25" dir="1" index="0" bw="1" slack="0"/>
</pin_list>
<bind>
<StgValue><ssdm name=""/></StgValue>
</bind>
</comp>

<comp id="26" class="1001" name="const_26">
<pin_list>
<pin id="27" dir="1" index="0" bw="1" slack="0"/>
</pin_list>
<bind>
<StgValue><ssdm name="_ssdm_op_Read.ap_fifo.volatile.i8P0A"/></StgValue>
</bind>
</comp>

<comp id="28" class="1001" name="const_28">
<pin_list>
<pin id="29" dir="1" index="0" bw="1" slack="0"/>
</pin_list>
<bind>
<StgValue><ssdm name=""/></StgValue>
</bind>
</comp>

<comp id="30" class="1001" name="const_30">
<pin_list>
<pin id="31" dir="1" index="0" bw="1" slack="2147483647"/>
</pin_list>
<bind>
<StgValue><ssdm name="_ssdm_op_SpecPipeline"/></StgValue>
</bind>
</comp>

<comp id="32" class="1001" name="const_32">
<pin_list>
<pin id="33" dir="1" index="0" bw="1" slack="2147483647"/>
</pin_list>
<bind>
<StgValue><ssdm name="_ssdm_op_SpecLoopName"/></StgValue>
</bind>
</comp>

<comp id="34" class="1001" name="const_34">
<pin_list>
<pin id="35" dir="1" index="0" bw="1" slack="2147483647"/>
</pin_list>
<bind>
<StgValue><ssdm name="empty_4"/></StgValue>
</bind>
</comp>

<comp id="36" class="1001" name="const_36">
<pin_list>
<pin id="37" dir="1" index="0" bw="1" slack="0"/>
</pin_list>
<bind>
<StgValue><ssdm name="_ssdm_op_BitSelect.i1.i26.i32"/></StgValue>
</bind>
</comp>

<comp id="38" class="1001" name="const_38">
<pin_list>
<pin id="39" dir="1" index="0" bw="1" slack="0"/>
</pin_list>
<bind>
<StgValue><ssdm name=""/></StgValue>
</bind>
</comp>

<comp id="40" class="1001" name="const_40">
<pin_list>
<pin id="41" dir="1" index="0" bw="1" slack="0"/>
</pin_list>
<bind>
<StgValue><ssdm name=""/></StgValue>
</bind>
</comp>

<comp id="42" class="1001" name="const_42">
<pin_list>
<pin id="43" dir="1" index="0" bw="1" slack="0"/>
</pin_list>
<bind>
<StgValue><ssdm name="_ssdm_op_PartSelect.i8.i24.i32.i32"/></StgValue>
</bind>
</comp>

<comp id="44" class="1001" name="const_44">
<pin_list>
<pin id="45" dir="1" index="0" bw="1" slack="0"/>
</pin_list>
<bind>
<StgValue><ssdm name=""/></StgValue>
</bind>
</comp>

<comp id="46" class="1001" name="const_46">
<pin_list>
<pin id="47" dir="1" index="0" bw="1" slack="0"/>
</pin_list>
<bind>
<StgValue><ssdm name=""/></StgValue>
</bind>
</comp>

<comp id="48" class="1001" name="const_48">
<pin_list>
<pin id="49" dir="1" index="0" bw="1" slack="0"/>
</pin_list>
<bind>
<StgValue><ssdm name="_ssdm_op_PartSelect.i2.i9.i32.i32"/></StgValue>
</bind>
</comp>

<comp id="50" class="1001" name="const_50">
<pin_list>
<pin id="51" dir="1" index="0" bw="1" slack="0"/>
</pin_list>
<bind>
<StgValue><ssdm name=""/></StgValue>
</bind>
</comp>

<comp id="52" class="1001" name="const_52">
<pin_list>
<pin id="53" dir="1" index="0" bw="1" slack="0"/>
</pin_list>
<bind>
<StgValue><ssdm name=""/></StgValue>
</bind>
</comp>

<comp id="54" class="1001" name="const_54">
<pin_list>
<pin id="55" dir="1" index="0" bw="1" slack="0"/>
</pin_list>
<bind>
<StgValue><ssdm name=""/></StgValue>
</bind>
</comp>

<comp id="56" class="1001" name="const_56">
<pin_list>
<pin id="57" dir="1" index="0" bw="1" slack="0"/>
</pin_list>
<bind>
<StgValue><ssdm name=""/></StgValue>
</bind>
</comp>

<comp id="58" class="1001" name="const_58">
<pin_list>
<pin id="59" dir="1" index="0" bw="1" slack="0"/>
</pin_list>
<bind>
<StgValue><ssdm name=""/></StgValue>
</bind>
</comp>

<comp id="60" class="1001" name="const_60">
<pin_list>
<pin id="61" dir="1" index="0" bw="1" slack="0"/>
</pin_list>
<bind>
<StgValue><ssdm name=""/></StgValue>
</bind>
</comp>

<comp id="62" class="1001" name="const_62">
<pin_list>
<pin id="63" dir="1" index="0" bw="1" slack="0"/>
</pin_list>
<bind>
<StgValue><ssdm name="_ssdm_op_Write.ap_fifo.volatile.i8P0A"/></StgValue>
</bind>
</comp>

<comp id="64" class="1004" name="i_fu_64">
<pin_list>
<pin id="65" dir="0" index="0" bw="1" slack="0"/>
<pin id="66" dir="1" index="1" bw="9" slack="0"/>
</pin_list>
<bind>
<opcode="alloca(26) " fcode="alloca"/>
<opset="i/1 "/>
</bind>
</comp>

<comp id="68" class="1004" name="val_V_read_fu_68">
<pin_list>
<pin id="69" dir="0" index="0" bw="8" slack="0"/>
<pin id="70" dir="0" index="1" bw="8" slack="0"/>
<pin id="71" dir="1" index="2" bw="8" slack="0"/>
</pin_list>
<bind>
<opcode="read(1150) " fcode="read"/>
<opset="val_V/2 "/>
</bind>
</comp>

<comp id="74" class="1004" name="write_ln103_write_fu_74">
<pin_list>
<pin id="75" dir="0" index="0" bw="0" slack="0"/>
<pin id="76" dir="0" index="1" bw="8" slack="0"/>
<pin id="77" dir="0" index="2" bw="8" slack="0"/>
<pin id="78" dir="1" index="3" bw="0" slack="2147483647"/>
</pin_list>
<bind>
<opcode="write(1151) " fcode="write"/>
<opset="write_ln103/5 "/>
</bind>
</comp>

<comp id="81" class="1004" name="store_ln72_store_fu_81">
<pin_list>
<pin id="82" dir="0" index="0" bw="1" slack="0"/>
<pin id="83" dir="0" index="1" bw="9" slack="0"/>
<pin id="84" dir="1" index="2" bw="0" slack="2147483647"/>
</pin_list>
<bind>
<opcode="store(28) " fcode="store"/>
<opset="store_ln72/1 "/>
</bind>
</comp>

<comp id="86" class="1004" name="i_11_load_fu_86">
<pin_list>
<pin id="87" dir="0" index="0" bw="9" slack="0"/>
<pin id="88" dir="1" index="1" bw="9" slack="0"/>
</pin_list>
<bind>
<opcode="load(27) " fcode="load"/>
<opset="i_11/1 "/>
</bind>
</comp>

<comp id="89" class="1004" name="icmp_ln72_fu_89">
<pin_list>
<pin id="90" dir="0" index="0" bw="9" slack="0"/>
<pin id="91" dir="0" index="1" bw="9" slack="0"/>
<pin id="92" dir="1" index="2" bw="1" slack="3"/>
</pin_list>
<bind>
<opcode="icmp(45) " fcode="icmp"/>
<opset="icmp_ln72/1 "/>
</bind>
</comp>

<comp id="95" class="1004" name="i_12_fu_95">
<pin_list>
<pin id="96" dir="0" index="0" bw="9" slack="0"/>
<pin id="97" dir="0" index="1" bw="1" slack="0"/>
<pin id="98" dir="1" index="2" bw="9" slack="0"/>
</pin_list>
<bind>
<opcode="add(8) " fcode="add"/>
<opset="i_12/1 "/>
</bind>
</comp>

<comp id="101" class="1004" name="store_ln72_store_fu_101">
<pin_list>
<pin id="102" dir="0" index="0" bw="9" slack="0"/>
<pin id="103" dir="0" index="1" bw="9" slack="0"/>
<pin id="104" dir="1" index="2" bw="0" slack="2147483647"/>
</pin_list>
<bind>
<opcode="store(28) " fcode="store"/>
<opset="store_ln72/1 "/>
</bind>
</comp>

<comp id="106" class="1004" name="sext_ln83_fu_106">
<pin_list>
<pin id="107" dir="0" index="0" bw="8" slack="0"/>
<pin id="108" dir="1" index="1" bw="26" slack="0"/>
</pin_list>
<bind>
<opcode="sext(35) " fcode="sext"/>
<opset="sext_ln83/2 "/>
</bind>
</comp>

<comp id="110" class="1004" name="tmp_fu_110">
<pin_list>
<pin id="111" dir="0" index="0" bw="1" slack="0"/>
<pin id="112" dir="0" index="1" bw="26" slack="0"/>
<pin id="113" dir="0" index="2" bw="6" slack="0"/>
<pin id="114" dir="1" index="3" bw="1" slack="0"/>
</pin_list>
<bind>
<opcode="bitselect(1000) " fcode="bitselect"/>
<opset="tmp/5 "/>
</bind>
</comp>

<comp id="117" class="1004" name="trunc_ln35_fu_117">
<pin_list>
<pin id="118" dir="0" index="0" bw="26" slack="0"/>
<pin id="119" dir="1" index="1" bw="24" slack="0"/>
</pin_list>
<bind>
<opcode="trunc(33) " fcode="trunc"/>
<opset="trunc_ln35/5 "/>
</bind>
</comp>

<comp id="120" class="1004" name="ret_V_fu_120">
<pin_list>
<pin id="121" dir="0" index="0" bw="24" slack="0"/>
<pin id="122" dir="0" index="1" bw="17" slack="0"/>
<pin id="123" dir="1" index="2" bw="24" slack="0"/>
</pin_list>
<bind>
<opcode="add(8) " fcode="add"/>
<opset="ret_V/5 "/>
</bind>
</comp>

<comp id="126" class="1004" name="trunc_ln7_fu_126">
<pin_list>
<pin id="127" dir="0" index="0" bw="8" slack="0"/>
<pin id="128" dir="0" index="1" bw="24" slack="0"/>
<pin id="129" dir="0" index="2" bw="6" slack="0"/>
<pin id="130" dir="0" index="3" bw="6" slack="0"/>
<pin id="131" dir="1" index="4" bw="8" slack="0"/>
</pin_list>
<bind>
<opcode="partselect(1002) " fcode="partselect"/>
<opset="trunc_ln7/5 "/>
</bind>
</comp>

<comp id="136" class="1004" name="zext_ln85_fu_136">
<pin_list>
<pin id="137" dir="0" index="0" bw="8" slack="0"/>
<pin id="138" dir="1" index="1" bw="9" slack="0"/>
</pin_list>
<bind>
<opcode="zext(34) " fcode="zext"/>
<opset="zext_ln85/5 "/>
</bind>
</comp>

<comp id="140" class="1004" name="ret_V_3_fu_140">
<pin_list>
<pin id="141" dir="0" index="0" bw="17" slack="0"/>
<pin id="142" dir="0" index="1" bw="24" slack="0"/>
<pin id="143" dir="1" index="2" bw="24" slack="0"/>
</pin_list>
<bind>
<opcode="sub(10) " fcode="sub"/>
<opset="ret_V_3/5 "/>
</bind>
</comp>

<comp id="146" class="1004" name="trunc_ln8_fu_146">
<pin_list>
<pin id="147" dir="0" index="0" bw="8" slack="0"/>
<pin id="148" dir="0" index="1" bw="24" slack="0"/>
<pin id="149" dir="0" index="2" bw="6" slack="0"/>
<pin id="150" dir="0" index="3" bw="6" slack="0"/>
<pin id="151" dir="1" index="4" bw="8" slack="0"/>
</pin_list>
<bind>
<opcode="partselect(1002) " fcode="partselect"/>
<opset="trunc_ln8/5 "/>
</bind>
</comp>

<comp id="156" class="1004" name="zext_ln38_fu_156">
<pin_list>
<pin id="157" dir="0" index="0" bw="8" slack="0"/>
<pin id="158" dir="1" index="1" bw="9" slack="0"/>
</pin_list>
<bind>
<opcode="zext(34) " fcode="zext"/>
<opset="zext_ln38/5 "/>
</bind>
</comp>

<comp id="160" class="1004" name="rq_V_fu_160">
<pin_list>
<pin id="161" dir="0" index="0" bw="1" slack="0"/>
<pin id="162" dir="0" index="1" bw="8" slack="0"/>
<pin id="163" dir="1" index="2" bw="9" slack="0"/>
</pin_list>
<bind>
<opcode="sub(10) " fcode="sub"/>
<opset="rq_V/5 "/>
</bind>
</comp>

<comp id="166" class="1004" name="rq_V_3_fu_166">
<pin_list>
<pin id="167" dir="0" index="0" bw="1" slack="0"/>
<pin id="168" dir="0" index="1" bw="9" slack="0"/>
<pin id="169" dir="0" index="2" bw="8" slack="0"/>
<pin id="170" dir="1" index="3" bw="9" slack="0"/>
</pin_list>
<bind>
<opcode="select(49) " fcode="select"/>
<opset="rq_V_3/5 "/>
</bind>
</comp>

<comp id="174" class="1004" name="tmp_3_fu_174">
<pin_list>
<pin id="175" dir="0" index="0" bw="2" slack="0"/>
<pin id="176" dir="0" index="1" bw="9" slack="0"/>
<pin id="177" dir="0" index="2" bw="4" slack="0"/>
<pin id="178" dir="0" index="3" bw="5" slack="0"/>
<pin id="179" dir="1" index="4" bw="2" slack="0"/>
</pin_list>
<bind>
<opcode="partselect(1002) " fcode="partselect"/>
<opset="tmp_3/5 "/>
</bind>
</comp>

<comp id="184" class="1004" name="icmp_ln1035_fu_184">
<pin_list>
<pin id="185" dir="0" index="0" bw="2" slack="0"/>
<pin id="186" dir="0" index="1" bw="1" slack="0"/>
<pin id="187" dir="1" index="2" bw="1" slack="0"/>
</pin_list>
<bind>
<opcode="icmp(45) " fcode="icmp"/>
<opset="icmp_ln1035/5 "/>
</bind>
</comp>

<comp id="190" class="1004" name="icmp_ln1027_fu_190">
<pin_list>
<pin id="191" dir="0" index="0" bw="9" slack="0"/>
<pin id="192" dir="0" index="1" bw="8" slack="0"/>
<pin id="193" dir="1" index="2" bw="1" slack="0"/>
</pin_list>
<bind>
<opcode="icmp(45) " fcode="icmp"/>
<opset="icmp_ln1027/5 "/>
</bind>
</comp>

<comp id="196" class="1004" name="trunc_ln96_fu_196">
<pin_list>
<pin id="197" dir="0" index="0" bw="9" slack="0"/>
<pin id="198" dir="1" index="1" bw="8" slack="0"/>
</pin_list>
<bind>
<opcode="trunc(33) " fcode="trunc"/>
<opset="trunc_ln96/5 "/>
</bind>
</comp>

<comp id="200" class="1004" name="select_ln96_fu_200">
<pin_list>
<pin id="201" dir="0" index="0" bw="1" slack="0"/>
<pin id="202" dir="0" index="1" bw="8" slack="0"/>
<pin id="203" dir="0" index="2" bw="8" slack="0"/>
<pin id="204" dir="1" index="3" bw="8" slack="0"/>
</pin_list>
<bind>
<opcode="select(49) " fcode="select"/>
<opset="select_ln96/5 "/>
</bind>
</comp>

<comp id="208" class="1004" name="or_ln96_fu_208">
<pin_list>
<pin id="209" dir="0" index="0" bw="1" slack="0"/>
<pin id="210" dir="0" index="1" bw="1" slack="0"/>
<pin id="211" dir="1" index="2" bw="1" slack="0"/>
</pin_list>
<bind>
<opcode="or(24) " fcode="or"/>
<opset="or_ln96/5 "/>
</bind>
</comp>

<comp id="214" class="1004" name="out_val_V_fu_214">
<pin_list>
<pin id="215" dir="0" index="0" bw="1" slack="0"/>
<pin id="216" dir="0" index="1" bw="8" slack="0"/>
<pin id="217" dir="0" index="2" bw="8" slack="0"/>
<pin id="218" dir="1" index="3" bw="8" slack="0"/>
</pin_list>
<bind>
<opcode="select(49) " fcode="select"/>
<opset="out_val_V/5 "/>
</bind>
</comp>

<comp id="223" class="1007" name="grp_fu_223">
<pin_list>
<pin id="224" dir="0" index="0" bw="8" slack="0"/>
<pin id="225" dir="0" index="1" bw="17" slack="0"/>
<pin id="226" dir="1" index="2" bw="26" slack="0"/>
</pin_list>
<bind>
<opcode="mul(12) " fcode="mul"/>
<opset="prod_V/2 "/>
</bind>
</comp>

<comp id="231" class="1005" name="i_reg_231">
<pin_list>
<pin id="232" dir="0" index="0" bw="9" slack="0"/>
<pin id="233" dir="1" index="1" bw="9" slack="0"/>
</pin_list>
<bind>
<opset="i "/>
</bind>
</comp>

<comp id="238" class="1005" name="icmp_ln72_reg_238">
<pin_list>
<pin id="239" dir="0" index="0" bw="1" slack="3"/>
<pin id="240" dir="1" index="1" bw="1" slack="2147483647"/>
</pin_list>
<bind>
<opset="icmp_ln72 "/>
</bind>
</comp>

<comp id="242" class="1005" name="sext_ln83_reg_242">
<pin_list>
<pin id="243" dir="0" index="0" bw="26" slack="1"/>
<pin id="244" dir="1" index="1" bw="26" slack="1"/>
</pin_list>
<bind>
<opset="sext_ln83 "/>
</bind>
</comp>

</comp_list>

<net_list>
<net id="67"><net_src comp="4" pin="0"/><net_sink comp="64" pin=0"/></net>

<net id="72"><net_src comp="26" pin="0"/><net_sink comp="68" pin=0"/></net>

<net id="73"><net_src comp="0" pin="0"/><net_sink comp="68" pin=1"/></net>

<net id="79"><net_src comp="62" pin="0"/><net_sink comp="74" pin=0"/></net>

<net id="80"><net_src comp="2" pin="0"/><net_sink comp="74" pin=1"/></net>

<net id="85"><net_src comp="16" pin="0"/><net_sink comp="81" pin=0"/></net>

<net id="93"><net_src comp="86" pin="1"/><net_sink comp="89" pin=0"/></net>

<net id="94"><net_src comp="18" pin="0"/><net_sink comp="89" pin=1"/></net>

<net id="99"><net_src comp="86" pin="1"/><net_sink comp="95" pin=0"/></net>

<net id="100"><net_src comp="24" pin="0"/><net_sink comp="95" pin=1"/></net>

<net id="105"><net_src comp="95" pin="2"/><net_sink comp="101" pin=0"/></net>

<net id="109"><net_src comp="68" pin="2"/><net_sink comp="106" pin=0"/></net>

<net id="115"><net_src comp="36" pin="0"/><net_sink comp="110" pin=0"/></net>

<net id="116"><net_src comp="38" pin="0"/><net_sink comp="110" pin=2"/></net>

<net id="124"><net_src comp="117" pin="1"/><net_sink comp="120" pin=0"/></net>

<net id="125"><net_src comp="40" pin="0"/><net_sink comp="120" pin=1"/></net>

<net id="132"><net_src comp="42" pin="0"/><net_sink comp="126" pin=0"/></net>

<net id="133"><net_src comp="120" pin="2"/><net_sink comp="126" pin=1"/></net>

<net id="134"><net_src comp="44" pin="0"/><net_sink comp="126" pin=2"/></net>

<net id="135"><net_src comp="46" pin="0"/><net_sink comp="126" pin=3"/></net>

<net id="139"><net_src comp="126" pin="4"/><net_sink comp="136" pin=0"/></net>

<net id="144"><net_src comp="40" pin="0"/><net_sink comp="140" pin=0"/></net>

<net id="145"><net_src comp="117" pin="1"/><net_sink comp="140" pin=1"/></net>

<net id="152"><net_src comp="42" pin="0"/><net_sink comp="146" pin=0"/></net>

<net id="153"><net_src comp="140" pin="2"/><net_sink comp="146" pin=1"/></net>

<net id="154"><net_src comp="44" pin="0"/><net_sink comp="146" pin=2"/></net>

<net id="155"><net_src comp="46" pin="0"/><net_sink comp="146" pin=3"/></net>

<net id="159"><net_src comp="146" pin="4"/><net_sink comp="156" pin=0"/></net>

<net id="164"><net_src comp="16" pin="0"/><net_sink comp="160" pin=0"/></net>

<net id="165"><net_src comp="156" pin="1"/><net_sink comp="160" pin=1"/></net>

<net id="171"><net_src comp="110" pin="3"/><net_sink comp="166" pin=0"/></net>

<net id="172"><net_src comp="160" pin="2"/><net_sink comp="166" pin=1"/></net>

<net id="173"><net_src comp="136" pin="1"/><net_sink comp="166" pin=2"/></net>

<net id="180"><net_src comp="48" pin="0"/><net_sink comp="174" pin=0"/></net>

<net id="181"><net_src comp="166" pin="3"/><net_sink comp="174" pin=1"/></net>

<net id="182"><net_src comp="50" pin="0"/><net_sink comp="174" pin=2"/></net>

<net id="183"><net_src comp="52" pin="0"/><net_sink comp="174" pin=3"/></net>

<net id="188"><net_src comp="174" pin="4"/><net_sink comp="184" pin=0"/></net>

<net id="189"><net_src comp="54" pin="0"/><net_sink comp="184" pin=1"/></net>

<net id="194"><net_src comp="166" pin="3"/><net_sink comp="190" pin=0"/></net>

<net id="195"><net_src comp="56" pin="0"/><net_sink comp="190" pin=1"/></net>

<net id="199"><net_src comp="166" pin="3"/><net_sink comp="196" pin=0"/></net>

<net id="205"><net_src comp="184" pin="2"/><net_sink comp="200" pin=0"/></net>

<net id="206"><net_src comp="58" pin="0"/><net_sink comp="200" pin=1"/></net>

<net id="207"><net_src comp="60" pin="0"/><net_sink comp="200" pin=2"/></net>

<net id="212"><net_src comp="184" pin="2"/><net_sink comp="208" pin=0"/></net>

<net id="213"><net_src comp="190" pin="2"/><net_sink comp="208" pin=1"/></net>

<net id="219"><net_src comp="208" pin="2"/><net_sink comp="214" pin=0"/></net>

<net id="220"><net_src comp="200" pin="3"/><net_sink comp="214" pin=1"/></net>

<net id="221"><net_src comp="196" pin="1"/><net_sink comp="214" pin=2"/></net>

<net id="222"><net_src comp="214" pin="3"/><net_sink comp="74" pin=2"/></net>

<net id="227"><net_src comp="106" pin="1"/><net_sink comp="223" pin=0"/></net>

<net id="228"><net_src comp="28" pin="0"/><net_sink comp="223" pin=1"/></net>

<net id="229"><net_src comp="223" pin="2"/><net_sink comp="110" pin=1"/></net>

<net id="230"><net_src comp="223" pin="2"/><net_sink comp="117" pin=0"/></net>

<net id="234"><net_src comp="64" pin="1"/><net_sink comp="231" pin=0"/></net>

<net id="235"><net_src comp="231" pin="1"/><net_sink comp="81" pin=1"/></net>

<net id="236"><net_src comp="231" pin="1"/><net_sink comp="86" pin=0"/></net>

<net id="237"><net_src comp="231" pin="1"/><net_sink comp="101" pin=1"/></net>

<net id="241"><net_src comp="89" pin="2"/><net_sink comp="238" pin=0"/></net>

<net id="245"><net_src comp="106" pin="1"/><net_sink comp="242" pin=0"/></net>

<net id="246"><net_src comp="242" pin="1"/><net_sink comp="223" pin=0"/></net>

</net_list>

</model> 
---------------- Datapath Model END ------------------

* FSMD analyzer results:
  - Output states:
	Port: res_1_rq11 | {5 }
 - Input state : 
	Port: requant<ap_int<8>, ap_int<8>, 17, 16, 84995, 16, 1> : res_110 | {2 }
  - Chain level:
	State 1
		store_ln72 : 1
		i_11 : 1
		icmp_ln72 : 2
		i_12 : 2
		br_ln72 : 3
		store_ln72 : 3
	State 2
		prod_V : 1
	State 3
	State 4
	State 5
		tmp : 1
		trunc_ln35 : 1
		ret_V : 2
		trunc_ln7 : 3
		zext_ln85 : 4
		ret_V_3 : 2
		trunc_ln8 : 3
		zext_ln38 : 4
		rq_V : 5
		rq_V_3 : 6
		tmp_3 : 7
		icmp_ln1035 : 8
		icmp_ln1027 : 7
		trunc_ln96 : 7
		select_ln96 : 9
		or_ln96 : 9
		out_val_V : 9
		write_ln103 : 10


============================================================
+ Verbose Summary: Datapath Resource usage 
============================================================

* Functional unit list:
|----------|-------------------------|---------|---------|---------|
| Operation|     Functional Unit     |   DSP   |    FF   |   LUT   |
|----------|-------------------------|---------|---------|---------|
|    add   |        i_12_fu_95       |    0    |    0    |    16   |
|          |       ret_V_fu_120      |    0    |    0    |    31   |
|----------|-------------------------|---------|---------|---------|
|    sub   |      ret_V_3_fu_140     |    0    |    0    |    31   |
|          |       rq_V_fu_160       |    0    |    0    |    15   |
|----------|-------------------------|---------|---------|---------|
|          |     icmp_ln72_fu_89     |    0    |    0    |    11   |
|   icmp   |    icmp_ln1035_fu_184   |    0    |    0    |    8    |
|          |    icmp_ln1027_fu_190   |    0    |    0    |    11   |
|----------|-------------------------|---------|---------|---------|
|          |      rq_V_3_fu_166      |    0    |    0    |    9    |
|  select  |    select_ln96_fu_200   |    0    |    0    |    8    |
|          |     out_val_V_fu_214    |    0    |    0    |    8    |
|----------|-------------------------|---------|---------|---------|
|    or    |      or_ln96_fu_208     |    0    |    0    |    2    |
|----------|-------------------------|---------|---------|---------|
|    mul   |        grp_fu_223       |    1    |    0    |    0    |
|----------|-------------------------|---------|---------|---------|
|   read   |     val_V_read_fu_68    |    0    |    0    |    0    |
|----------|-------------------------|---------|---------|---------|
|   write  | write_ln103_write_fu_74 |    0    |    0    |    0    |
|----------|-------------------------|---------|---------|---------|
|   sext   |     sext_ln83_fu_106    |    0    |    0    |    0    |
|----------|-------------------------|---------|---------|---------|
| bitselect|        tmp_fu_110       |    0    |    0    |    0    |
|----------|-------------------------|---------|---------|---------|
|   trunc  |    trunc_ln35_fu_117    |    0    |    0    |    0    |
|          |    trunc_ln96_fu_196    |    0    |    0    |    0    |
|----------|-------------------------|---------|---------|---------|
|          |     trunc_ln7_fu_126    |    0    |    0    |    0    |
|partselect|     trunc_ln8_fu_146    |    0    |    0    |    0    |
|          |       tmp_3_fu_174      |    0    |    0    |    0    |
|----------|-------------------------|---------|---------|---------|
|   zext   |     zext_ln85_fu_136    |    0    |    0    |    0    |
|          |     zext_ln38_fu_156    |    0    |    0    |    0    |
|----------|-------------------------|---------|---------|---------|
|   Total  |                         |    1    |    0    |   150   |
|----------|-------------------------|---------|---------|---------|

Memories:
N/A

* Register list:
+-----------------+--------+
|                 |   FF   |
+-----------------+--------+
|    i_reg_231    |    9   |
|icmp_ln72_reg_238|    1   |
|sext_ln83_reg_242|   26   |
+-----------------+--------+
|      Total      |   36   |
+-----------------+--------+

* Multiplexer (MUX) list: 
|------------|------|------|------|--------||---------||---------|
|    Comp    |  Pin | Size |  BW  | S x BW ||  Delay  ||   LUT   |
|------------|------|------|------|--------||---------||---------|
| grp_fu_223 |  p0  |   2  |   8  |   16   ||    9    |
|------------|------|------|------|--------||---------||---------|
|    Total   |      |      |      |   16   ||  0.387  ||    9    |
|------------|------|------|------|--------||---------||---------|



* Summary:
+-----------+--------+--------+--------+--------+
|           |   DSP  |  Delay |   FF   |   LUT  |
+-----------+--------+--------+--------+--------+
|  Function |    1   |    -   |    0   |   150  |
|   Memory  |    -   |    -   |    -   |    -   |
|Multiplexer|    -   |    0   |    -   |    9   |
|  Register |    -   |    -   |   36   |    -   |
+-----------+--------+--------+--------+--------+
|   Total   |    1   |    0   |   36   |   159  |
+-----------+--------+--------+--------+--------+
