

================================================================
== Vitis HLS Report for 'ResidualAddRequantSameScale_17_16_1_33477_16_0_ap_int_8_ap_int_16_s'
================================================================
* Date:           Fri Jun 19 14:57:16 2026

* Version:        2022.2 (Build 3670227 on Oct 13 2022)
* Project:        ViT_Block
* Solution:       ViT_Block (Vivado IP Flow Target)
* Product family: zynquplus
* Target device:  xck26-sfvc784-2LV-c


================================================================
== Performance Estimates
================================================================
+ Timing: 
    * Summary: 
    +--------+----------+----------+------------+
    |  Clock |  Target  | Estimated| Uncertainty|
    +--------+----------+----------+------------+
    |ap_clk  |  10.00 ns|  5.230 ns|     2.70 ns|
    +--------+----------+----------+------------+

+ Latency: 
    * Summary: 
    +---------+---------+----------+----------+-----+-----+---------+
    |  Latency (cycles) |  Latency (absolute) |  Interval | Pipeline|
    |   min   |   max   |    min   |    max   | min | max |   Type  |
    +---------+---------+----------+----------+-----+-----+---------+
    |      277|      277|  2.770 us|  2.770 us|  277|  277|       no|
    +---------+---------+----------+----------+-----+-----+---------+

    + Detail: 
        * Instance: 
        N/A

        * Loop: 
        +--------------------+---------+---------+----------+-----------+-----------+------+----------+
        |                    |  Latency (cycles) | Iteration|  Initiation Interval  | Trip |          |
        |      Loop Name     |   min   |   max   |  Latency |  achieved |   target  | Count| Pipelined|
        +--------------------+---------+---------+----------+-----------+-----------+------+----------+
        |- VITIS_LOOP_802_1  |      275|      275|         5|          1|          1|   272|       yes|
        +--------------------+---------+---------+----------+-----------+-----------+------+----------+

============================================================
+ Verbose Summary: Synthesis Manager
============================================================
InlineROM: 1
ExposeGlobal: 0
============================================================
+ Verbose Summary: CDFG Model
============================================================
IsTopModel: 0
ResetActiveHigh: 1
IsCombinational: 2
IsDatapathOnly: 0
HasWiredReturn: 1
HasMFsm: 2
HasVarLatency: 1
IsPipeline: 0
IsRtlPipelined: 0
IsInstanceOverlapped: 0
IsDontTouch: 0
HasImplIP: 0
IsGatedGlobalClock: 0

+ Individual pipeline summary: 
  * Pipeline-0: initiation interval (II) = 1, depth = 5


============================================================
+ Verbose Summary: Schedule
============================================================
* Number of FSM states : 5
* Pipeline : 1
  Pipeline-0 : II = 1, D = 5, States = { 1 2 3 4 5 }
* Dataflow Pipeline: 0

* FSM state transitions: 
1 --> 2 
2 --> 3 
3 --> 4 
4 --> 5 
5 --> 

* FSM state operations: 

State 1 <SV = 0> <Delay = 1.30>
ST_1 : Operation 8 [1/1] (0.00ns)   --->   "%i = alloca i32 1"   --->   Operation 8 'alloca' 'i' <Predicate = true> <Delay = 0.00>
ST_1 : Operation 9 [1/1] (0.00ns)   --->   "%specinterface_ln0 = specinterface void @_ssdm_op_SpecInterface, i8 %mlp_out14, void @empty_9, i32 0, i32 0, void @empty_28, i32 0, i32 0, void @empty_28, void @empty_28, void @empty_28, i32 0, i32 0, i32 0, i32 0, void @empty_28, void @empty_28, i32 4294967295, i32 0"   --->   Operation 9 'specinterface' 'specinterface_ln0' <Predicate = true> <Delay = 0.00>
ST_1 : Operation 10 [1/1] (0.00ns)   --->   "%specinterface_ln0 = specinterface void @_ssdm_op_SpecInterface, i8 %res_1_rq11, void @empty_9, i32 0, i32 0, void @empty_28, i32 0, i32 0, void @empty_28, void @empty_28, void @empty_28, i32 0, i32 0, i32 0, i32 0, void @empty_28, void @empty_28, i32 4294967295, i32 0"   --->   Operation 10 'specinterface' 'specinterface_ln0' <Predicate = true> <Delay = 0.00>
ST_1 : Operation 11 [1/1] (0.00ns)   --->   "%specinterface_ln0 = specinterface void @_ssdm_op_SpecInterface, i8 %output_stream2, void @empty_9, i32 0, i32 0, void @empty_28, i32 0, i32 0, void @empty_28, void @empty_28, void @empty_28, i32 0, i32 0, i32 0, i32 0, void @empty_28, void @empty_28, i32 4294967295, i32 0"   --->   Operation 11 'specinterface' 'specinterface_ln0' <Predicate = true> <Delay = 0.00>
ST_1 : Operation 12 [1/1] (0.42ns)   --->   "%store_ln802 = store i9 0, i9 %i" [/home/fede/PhD/transformer-hls/hls/include/activations.h:802]   --->   Operation 12 'store' 'store_ln802' <Predicate = true> <Delay = 0.42>
ST_1 : Operation 13 [1/1] (0.00ns)   --->   "%br_ln802 = br void %for.body4" [/home/fede/PhD/transformer-hls/hls/include/activations.h:802]   --->   Operation 13 'br' 'br_ln802' <Predicate = true> <Delay = 0.00>
ST_1 : Operation 14 [1/1] (0.00ns)   --->   "%i_24 = load i9 %i" [/home/fede/PhD/transformer-hls/hls/include/activations.h:802]   --->   Operation 14 'load' 'i_24' <Predicate = true> <Delay = 0.00>
ST_1 : Operation 15 [1/1] (0.88ns)   --->   "%icmp_ln802 = icmp_eq  i9 %i_24, i9 272" [/home/fede/PhD/transformer-hls/hls/include/activations.h:802]   --->   Operation 15 'icmp' 'icmp_ln802' <Predicate = true> <Delay = 0.88> <CoreInst = "Cmp">   --->   Core 9 'Cmp' <Latency = 0> <II = 1> <Delay = 0.88> <FuncUnit> <Opcode : 'icmp'> <InPorts = 2> <OutPorts = 1>
ST_1 : Operation 16 [1/1] (0.00ns)   --->   "%empty = speclooptripcount i32 @_ssdm_op_SpecLoopTripCount, i64 272, i64 272, i64 272"   --->   Operation 16 'speclooptripcount' 'empty' <Predicate = true> <Delay = 0.00>
ST_1 : Operation 17 [1/1] (0.77ns)   --->   "%i_25 = add i9 %i_24, i9 1" [/home/fede/PhD/transformer-hls/hls/include/activations.h:802]   --->   Operation 17 'add' 'i_25' <Predicate = true> <Delay = 0.77> <CoreInst = "Adder">   --->   Core 1 'Adder' <Latency = 0> <II = 1> <Delay = 0.77> <FuncUnit> <Opcode : 'add' 'sub'> <InPorts = 2> <OutPorts = 1>
ST_1 : Operation 18 [1/1] (0.00ns)   --->   "%br_ln802 = br i1 %icmp_ln802, void %for.body4.split_ifconv, void %for.end25" [/home/fede/PhD/transformer-hls/hls/include/activations.h:802]   --->   Operation 18 'br' 'br_ln802' <Predicate = true> <Delay = 0.00>
ST_1 : Operation 19 [1/1] (0.42ns)   --->   "%store_ln802 = store i9 %i_25, i9 %i" [/home/fede/PhD/transformer-hls/hls/include/activations.h:802]   --->   Operation 19 'store' 'store_ln802' <Predicate = (!icmp_ln802)> <Delay = 0.42>

State 2 <SV = 1> <Delay = 5.23>
ST_2 : Operation 20 [1/1] (1.83ns)   --->   "%val_0_V = read i8 @_ssdm_op_Read.ap_fifo.volatile.i8P0A, i8 %mlp_out14" [/home/fede/PhD/transformer-hls/hls/include/activations.h:805]   --->   Operation 20 'read' 'val_0_V' <Predicate = true> <Delay = 1.83> <CoreInst = "FIFO_SRL">   --->   Core 81 'FIFO_SRL' <Latency = 0> <II = 1> <Delay = 1.83> <Storage> <Opcode : 'read' 'write' 'nbread' 'nbwrite'> <Ports = 0> <Width = 8> <Depth = 2> <FIFO>
ST_2 : Operation 21 [1/1] (1.75ns)   --->   "%val_1_V = read i8 @_ssdm_op_Read.ap_fifo.volatile.i8P0A, i8 %res_1_rq11" [/home/fede/PhD/transformer-hls/hls/include/activations.h:806]   --->   Operation 21 'read' 'val_1_V' <Predicate = true> <Delay = 1.75> <CoreInst = "FIFO">   --->   Core 78 'FIFO' <Latency = 0> <II = 1> <Delay = 1.75> <Storage> <Opcode : 'read' 'write' 'nbread' 'nbwrite'> <Ports = 0> <Width = 8> <Depth = 3072> <FIFO>
ST_2 : Operation 22 [1/1] (0.00ns)   --->   "%sext_ln826 = sext i8 %val_0_V" [/home/fede/PhD/transformer-hls/hls/include/activations.h:826]   --->   Operation 22 'sext' 'sext_ln826' <Predicate = true> <Delay = 0.00>
ST_2 : Operation 23 [1/1] (0.00ns)   --->   "%sext_ln826_2 = sext i8 %val_1_V" [/home/fede/PhD/transformer-hls/hls/include/activations.h:826]   --->   Operation 23 'sext' 'sext_ln826_2' <Predicate = true> <Delay = 0.00>
ST_2 : Operation 24 [1/1] (2.39ns) (grouped into DSP with root node prod_V)   --->   "%sum_V = add i9 %sext_ln826_2, i9 %sext_ln826" [/home/fede/PhD/transformer-hls/hls/include/activations.h:826]   --->   Operation 24 'add' 'sum_V' <Predicate = true> <Delay = 2.39> <CoreInst = "DSP48">   --->   Core 127 'DSP48' <Latency = 3> <II = 1> <Delay = 0.53> <IPBlock> <Opcode : 'mul' 'add' 'sub' 'select'> <InPorts = 0> <OutPorts = 1> <Sync> <CReg>
ST_2 : Operation 25 [1/1] (0.00ns) (grouped into DSP with root node prod_V)   --->   "%sext_ln744 = sext i9 %sum_V" [/home/fede/PhD/transformer-hls/hls/include/activations.h:744]   --->   Operation 25 'sext' 'sext_ln744' <Predicate = true> <Delay = 0.00>
ST_2 : Operation 26 [4/4] (0.99ns) (root node of the DSP)   --->   "%prod_V = mul i26 %sext_ln744, i26 33477" [/home/fede/PhD/transformer-hls/hls/include/activations.h:744]   --->   Operation 26 'mul' 'prod_V' <Predicate = true> <Delay = 0.99> <CoreInst = "DSP48">   --->   Core 127 'DSP48' <Latency = 3> <II = 1> <Delay = 0.53> <IPBlock> <Opcode : 'mul' 'add' 'sub' 'select'> <InPorts = 0> <OutPorts = 1> <Sync> <CReg>

State 3 <SV = 2> <Delay = 0.99>
ST_3 : Operation 27 [3/4] (0.99ns) (root node of the DSP)   --->   "%prod_V = mul i26 %sext_ln744, i26 33477" [/home/fede/PhD/transformer-hls/hls/include/activations.h:744]   --->   Operation 27 'mul' 'prod_V' <Predicate = true> <Delay = 0.99> <CoreInst = "DSP48">   --->   Core 127 'DSP48' <Latency = 3> <II = 1> <Delay = 0.53> <IPBlock> <Opcode : 'mul' 'add' 'sub' 'select'> <InPorts = 0> <OutPorts = 1> <Sync> <CReg>

State 4 <SV = 3> <Delay = 0.99>
ST_4 : Operation 28 [2/4] (0.99ns) (root node of the DSP)   --->   "%prod_V = mul i26 %sext_ln744, i26 33477" [/home/fede/PhD/transformer-hls/hls/include/activations.h:744]   --->   Operation 28 'mul' 'prod_V' <Predicate = true> <Delay = 0.99> <CoreInst = "DSP48">   --->   Core 127 'DSP48' <Latency = 3> <II = 1> <Delay = 0.53> <IPBlock> <Opcode : 'mul' 'add' 'sub' 'select'> <InPorts = 0> <OutPorts = 1> <Sync> <CReg>
ST_4 : Operation 51 [1/1] (0.00ns)   --->   "%ret_ln847 = ret" [/home/fede/PhD/transformer-hls/hls/include/activations.h:847]   --->   Operation 51 'ret' 'ret_ln847' <Predicate = (icmp_ln802)> <Delay = 0.00>

State 5 <SV = 4> <Delay = 5.20>
ST_5 : Operation 29 [1/1] (0.00ns)   --->   "%specpipeline_ln803 = specpipeline void @_ssdm_op_SpecPipeline, i32 1, i32 0, i32 0, i32 0, void @empty_28" [/home/fede/PhD/transformer-hls/hls/include/activations.h:803]   --->   Operation 29 'specpipeline' 'specpipeline_ln803' <Predicate = true> <Delay = 0.00>
ST_5 : Operation 30 [1/1] (0.00ns)   --->   "%specloopname_ln802 = specloopname void @_ssdm_op_SpecLoopName, void @empty_45" [/home/fede/PhD/transformer-hls/hls/include/activations.h:802]   --->   Operation 30 'specloopname' 'specloopname_ln802' <Predicate = true> <Delay = 0.00>
ST_5 : Operation 31 [1/4] (0.00ns) (root node of the DSP)   --->   "%prod_V = mul i26 %sext_ln744, i26 33477" [/home/fede/PhD/transformer-hls/hls/include/activations.h:744]   --->   Operation 31 'mul' 'prod_V' <Predicate = true> <Delay = 0.00> <CoreInst = "DSP48">   --->   Core 127 'DSP48' <Latency = 3> <II = 1> <Delay = 0.53> <IPBlock> <Opcode : 'mul' 'add' 'sub' 'select'> <InPorts = 0> <OutPorts = 1> <Sync> <CReg>
ST_5 : Operation 32 [1/1] (0.00ns)   --->   "%tmp = bitselect i1 @_ssdm_op_BitSelect.i1.i26.i32, i26 %prod_V, i32 25"   --->   Operation 32 'bitselect' 'tmp' <Predicate = true> <Delay = 0.00>
ST_5 : Operation 33 [1/1] (0.00ns)   --->   "%trunc_ln753 = trunc i26 %prod_V" [/home/fede/PhD/transformer-hls/hls/include/activations.h:753]   --->   Operation 33 'trunc' 'trunc_ln753' <Predicate = true> <Delay = 0.00>
ST_5 : Operation 34 [1/1] (0.93ns)   --->   "%ret_V = add i24 %trunc_ln753, i24 32768"   --->   Operation 34 'add' 'ret_V' <Predicate = true> <Delay = 0.93> <CoreInst = "Adder">   --->   Core 1 'Adder' <Latency = 0> <II = 1> <Delay = 0.93> <FuncUnit> <Opcode : 'add' 'sub'> <InPorts = 2> <OutPorts = 1>
ST_5 : Operation 35 [1/1] (0.00ns)   --->   "%trunc_ln = partselect i8 @_ssdm_op_PartSelect.i8.i24.i32.i32, i24 %ret_V, i32 16, i32 23" [/home/fede/PhD/transformer-hls/hls/include/activations.h:745]   --->   Operation 35 'partselect' 'trunc_ln' <Predicate = true> <Delay = 0.00>
ST_5 : Operation 36 [1/1] (0.00ns)   --->   "%zext_ln745 = zext i8 %trunc_ln" [/home/fede/PhD/transformer-hls/hls/include/activations.h:745]   --->   Operation 36 'zext' 'zext_ln745' <Predicate = true> <Delay = 0.00>
ST_5 : Operation 37 [1/1] (0.93ns)   --->   "%ret_V_6 = sub i24 32768, i24 %trunc_ln753"   --->   Operation 37 'sub' 'ret_V_6' <Predicate = true> <Delay = 0.93> <CoreInst = "Adder">   --->   Core 1 'Adder' <Latency = 0> <II = 1> <Delay = 0.93> <FuncUnit> <Opcode : 'add' 'sub'> <InPorts = 2> <OutPorts = 1>
ST_5 : Operation 38 [1/1] (0.00ns)   --->   "%trunc_ln2 = partselect i8 @_ssdm_op_PartSelect.i8.i24.i32.i32, i24 %ret_V_6, i32 16, i32 23" [/home/fede/PhD/transformer-hls/hls/include/activations.h:756]   --->   Operation 38 'partselect' 'trunc_ln2' <Predicate = true> <Delay = 0.00>
ST_5 : Operation 39 [1/1] (0.00ns)   --->   "%zext_ln756 = zext i8 %trunc_ln2" [/home/fede/PhD/transformer-hls/hls/include/activations.h:756]   --->   Operation 39 'zext' 'zext_ln756' <Predicate = true> <Delay = 0.00>
ST_5 : Operation 40 [1/1] (0.76ns)   --->   "%rq_V = sub i9 0, i9 %zext_ln756" [/home/fede/PhD/transformer-hls/hls/include/activations.h:756]   --->   Operation 40 'sub' 'rq_V' <Predicate = true> <Delay = 0.76> <CoreInst = "Adder">   --->   Core 1 'Adder' <Latency = 0> <II = 1> <Delay = 0.76> <FuncUnit> <Opcode : 'add' 'sub'> <InPorts = 2> <OutPorts = 1>
ST_5 : Operation 41 [1/1] (0.39ns)   --->   "%rq_V_5 = select i1 %tmp, i9 %rq_V, i9 %zext_ln745"   --->   Operation 41 'select' 'rq_V_5' <Predicate = true> <Delay = 0.39> <CoreInst = "Sel">   --->   Core 73 'Sel' <Latency = 0> <II = 1> <Delay = 0.39> <FuncUnit> <Opcode : 'select'> <InPorts = 3> <OutPorts = 1>
ST_5 : Operation 42 [1/1] (0.00ns)   --->   "%tmp_6 = partselect i2 @_ssdm_op_PartSelect.i2.i9.i32.i32, i9 %rq_V_5, i32 7, i32 8"   --->   Operation 42 'partselect' 'tmp_6' <Predicate = true> <Delay = 0.00>
ST_5 : Operation 43 [1/1] (0.44ns)   --->   "%icmp_ln1035 = icmp_eq  i2 %tmp_6, i2 1"   --->   Operation 43 'icmp' 'icmp_ln1035' <Predicate = true> <Delay = 0.44> <CoreInst = "Cmp">   --->   Core 9 'Cmp' <Latency = 0> <II = 1> <Delay = 0.44> <FuncUnit> <Opcode : 'icmp'> <InPorts = 2> <OutPorts = 1>
ST_5 : Operation 44 [1/1] (0.88ns)   --->   "%icmp_ln1027 = icmp_slt  i9 %rq_V_5, i9 384"   --->   Operation 44 'icmp' 'icmp_ln1027' <Predicate = true> <Delay = 0.88> <CoreInst = "Cmp">   --->   Core 9 'Cmp' <Latency = 0> <II = 1> <Delay = 0.88> <FuncUnit> <Opcode : 'icmp'> <InPorts = 2> <OutPorts = 1>
ST_5 : Operation 45 [1/1] (0.00ns) (grouped into LUT with out node q_V)   --->   "%trunc_ln780 = trunc i9 %rq_V_5" [/home/fede/PhD/transformer-hls/hls/include/activations.h:780]   --->   Operation 45 'trunc' 'trunc_ln780' <Predicate = true> <Delay = 0.00>
ST_5 : Operation 46 [1/1] (0.00ns) (grouped into LUT with out node q_V)   --->   "%select_ln780 = select i1 %icmp_ln1035, i8 127, i8 128" [/home/fede/PhD/transformer-hls/hls/include/activations.h:780]   --->   Operation 46 'select' 'select_ln780' <Predicate = true> <Delay = 0.00> <CoreInst = "Sel">   --->   Core 73 'Sel' <Latency = 0> <II = 1> <Delay = 0.39> <FuncUnit> <Opcode : 'select'> <InPorts = 3> <OutPorts = 1>
ST_5 : Operation 47 [1/1] (0.00ns) (grouped into LUT with out node q_V)   --->   "%or_ln780 = or i1 %icmp_ln1035, i1 %icmp_ln1027" [/home/fede/PhD/transformer-hls/hls/include/activations.h:780]   --->   Operation 47 'or' 'or_ln780' <Predicate = true> <Delay = 0.00> <CoreInst = "LogicGate">   --->   Core 74 'LogicGate' <Latency = 0> <II = 1> <Delay = 0.28> <FuncUnit> <Opcode : 'and' 'or' 'xor'> <InPorts = 2> <OutPorts = 1>
ST_5 : Operation 48 [1/1] (0.39ns) (out node of the LUT)   --->   "%q_V = select i1 %or_ln780, i8 %select_ln780, i8 %trunc_ln780" [/home/fede/PhD/transformer-hls/hls/include/activations.h:780]   --->   Operation 48 'select' 'q_V' <Predicate = true> <Delay = 0.39> <CoreInst = "Sel">   --->   Core 73 'Sel' <Latency = 0> <II = 1> <Delay = 0.39> <FuncUnit> <Opcode : 'select'> <InPorts = 3> <OutPorts = 1>
ST_5 : Operation 49 [1/1] (1.83ns)   --->   "%write_ln845 = write void @_ssdm_op_Write.ap_fifo.volatile.i8P0A, i8 %output_stream2, i8 %q_V" [/home/fede/PhD/transformer-hls/hls/include/activations.h:845]   --->   Operation 49 'write' 'write_ln845' <Predicate = true> <Delay = 1.83> <CoreInst = "FIFO_SRL">   --->   Core 81 'FIFO_SRL' <Latency = 0> <II = 1> <Delay = 1.83> <Storage> <Opcode : 'read' 'write' 'nbread' 'nbwrite'> <Ports = 0> <Width = 8> <Depth = 2> <FIFO>
ST_5 : Operation 50 [1/1] (0.00ns)   --->   "%br_ln802 = br void %for.body4" [/home/fede/PhD/transformer-hls/hls/include/activations.h:802]   --->   Operation 50 'br' 'br_ln802' <Predicate = true> <Delay = 0.00>


============================================================
+ Verbose Summary: Timing violations
============================================================
Target clock period: 10ns, clock uncertainty: 2.7ns.

 <State 1>: 1.31ns
The critical path consists of the following:
	'alloca' operation ('i') [4]  (0 ns)
	'load' operation ('i', /home/fede/PhD/transformer-hls/hls/include/activations.h:802) on local variable 'i' [11]  (0 ns)
	'add' operation ('i', /home/fede/PhD/transformer-hls/hls/include/activations.h:802) [14]  (0.776 ns)
	'store' operation ('store_ln802', /home/fede/PhD/transformer-hls/hls/include/activations.h:802) of variable 'i', /home/fede/PhD/transformer-hls/hls/include/activations.h:802 on local variable 'i' [44]  (0.427 ns)
	blocking operation 0.105 ns on control path)

 <State 2>: 5.23ns
The critical path consists of the following:
	fifo read operation ('val_0.V', /home/fede/PhD/transformer-hls/hls/include/activations.h:805) on port 'mlp_out14' (/home/fede/PhD/transformer-hls/hls/include/activations.h:805) [19]  (1.84 ns)
	'add' operation of DSP[25] ('sum.V', /home/fede/PhD/transformer-hls/hls/include/activations.h:826) [23]  (2.4 ns)
	'mul' operation of DSP[25] ('prod.V', /home/fede/PhD/transformer-hls/hls/include/activations.h:744) [25]  (0.996 ns)

 <State 3>: 0.996ns
The critical path consists of the following:
	'mul' operation of DSP[25] ('prod.V', /home/fede/PhD/transformer-hls/hls/include/activations.h:744) [25]  (0.996 ns)

 <State 4>: 0.996ns
The critical path consists of the following:
	'mul' operation of DSP[25] ('prod.V', /home/fede/PhD/transformer-hls/hls/include/activations.h:744) [25]  (0.996 ns)

 <State 5>: 5.21ns
The critical path consists of the following:
	'mul' operation of DSP[25] ('prod.V', /home/fede/PhD/transformer-hls/hls/include/activations.h:744) [25]  (0 ns)
	'sub' operation ('ret.V') [31]  (0.934 ns)
	'sub' operation ('rq.V', /home/fede/PhD/transformer-hls/hls/include/activations.h:756) [34]  (0.765 ns)
	'select' operation ('rq.V') [35]  (0.398 ns)
	'icmp' operation ('icmp_ln1027') [38]  (0.881 ns)
	'or' operation ('or_ln780', /home/fede/PhD/transformer-hls/hls/include/activations.h:780) [41]  (0 ns)
	'select' operation ('q.V', /home/fede/PhD/transformer-hls/hls/include/activations.h:780) [42]  (0.393 ns)
	fifo write operation ('write_ln845', /home/fede/PhD/transformer-hls/hls/include/activations.h:845) on port 'output_stream2' (/home/fede/PhD/transformer-hls/hls/include/activations.h:845) [43]  (1.84 ns)


============================================================
+ Verbose Summary: Binding
============================================================
N/A
* FSMD analyzer results:
  - Output states:
 - Input state : 
  - Chain level:
	State 1
	State 2
	State 3
	State 4
	State 5


============================================================
+ Verbose Summary: Datapath Resource usage 
============================================================
N/A
