

================================================================
== Vitis HLS Report for 'ResidualAddRequantSameScale_17_16_1_52909_16_0_ap_int_8_ap_int_16_s'
================================================================
* Date:           Fri Jun 19 14:57:12 2026

* Version:        2022.2 (Build 3670227 on Oct 13 2022)
* Project:        ViT_Block
* Solution:       ViT_Block (Vivado IP Flow Target)
* Product family: zynquplus
* Target device:  xck26-sfvc784-2LV-c


================================================================
== Performance Estimates
================================================================
+ Timing: 
    * Summary: 
    +--------+----------+----------+------------+
    |  Clock |  Target  | Estimated| Uncertainty|
    +--------+----------+----------+------------+
    |ap_clk  |  10.00 ns|  5.230 ns|     2.70 ns|
    +--------+----------+----------+------------+

+ Latency: 
    * Summary: 
    +---------+---------+----------+----------+-----+-----+---------+
    |  Latency (cycles) |  Latency (absolute) |  Interval | Pipeline|
    |   min   |   max   |    min   |    max   | min | max |   Type  |
    +---------+---------+----------+----------+-----+-----+---------+
    |      277|      277|  2.770 us|  2.770 us|  277|  277|       no|
    +---------+---------+----------+----------+-----+-----+---------+

    + Detail: 
        * Instance: 
        N/A

        * Loop: 
        +--------------------+---------+---------+----------+-----------+-----------+------+----------+
        |                    |  Latency (cycles) | Iteration|  Initiation Interval  | Trip |          |
        |      Loop Name     |   min   |   max   |  Latency |  achieved |   target  | Count| Pipelined|
        +--------------------+---------+---------+----------+-----------+-----------+------+----------+
        |- VITIS_LOOP_802_1  |      275|      275|         5|          1|          1|   272|       yes|
        +--------------------+---------+---------+----------+-----------+-----------+------+----------+

============================================================
+ Verbose Summary: Synthesis Manager
============================================================
InlineROM: 1
ExposeGlobal: 0
============================================================
+ Verbose Summary: CDFG Model
============================================================
IsTopModel: 0
ResetActiveHigh: 1
IsCombinational: 2
IsDatapathOnly: 0
HasWiredReturn: 1
HasMFsm: 2
HasVarLatency: 1
IsPipeline: 0
IsRtlPipelined: 0
IsInstanceOverlapped: 0
IsDontTouch: 0
HasImplIP: 0
IsGatedGlobalClock: 0

+ Individual pipeline summary: 
  * Pipeline-0: initiation interval (II) = 1, depth = 5


============================================================
+ Verbose Summary: Schedule
============================================================
* Number of FSM states : 5
* Pipeline : 1
  Pipeline-0 : II = 1, D = 5, States = { 1 2 3 4 5 }
* Dataflow Pipeline: 0

* FSM state transitions: 
1 --> 2 
2 --> 3 
3 --> 4 
4 --> 5 
5 --> 

* FSM state operations: 

State 1 <SV = 0> <Delay = 1.30>
ST_1 : Operation 8 [1/1] (0.00ns)   --->   "%i = alloca i32 1"   --->   Operation 8 'alloca' 'i' <Predicate = true> <Delay = 0.00>
ST_1 : Operation 9 [1/1] (0.00ns)   --->   "%specinterface_ln0 = specinterface void @_ssdm_op_SpecInterface, i8 %out_res_09, void @empty_9, i32 0, i32 0, void @empty_28, i32 0, i32 0, void @empty_28, void @empty_28, void @empty_28, i32 0, i32 0, i32 0, i32 0, void @empty_28, void @empty_28, i32 4294967295, i32 0"   --->   Operation 9 'specinterface' 'specinterface_ln0' <Predicate = true> <Delay = 0.00>
ST_1 : Operation 10 [1/1] (0.00ns)   --->   "%specinterface_ln0 = specinterface void @_ssdm_op_SpecInterface, i8 %out_mha8, void @empty_9, i32 0, i32 0, void @empty_28, i32 0, i32 0, void @empty_28, void @empty_28, void @empty_28, i32 0, i32 0, i32 0, i32 0, void @empty_28, void @empty_28, i32 4294967295, i32 0"   --->   Operation 10 'specinterface' 'specinterface_ln0' <Predicate = true> <Delay = 0.00>
ST_1 : Operation 11 [1/1] (0.00ns)   --->   "%specinterface_ln0 = specinterface void @_ssdm_op_SpecInterface, i8 %res_rq2, void @empty_9, i32 0, i32 0, void @empty_28, i32 0, i32 0, void @empty_28, void @empty_28, void @empty_28, i32 0, i32 0, i32 0, i32 0, void @empty_28, void @empty_28, i32 4294967295, i32 0"   --->   Operation 11 'specinterface' 'specinterface_ln0' <Predicate = true> <Delay = 0.00>
ST_1 : Operation 12 [1/1] (0.42ns)   --->   "%store_ln802 = store i9 0, i9 %i" [/home/fede/PhD/transformer-hls/hls/include/activations.h:802]   --->   Operation 12 'store' 'store_ln802' <Predicate = true> <Delay = 0.42>
ST_1 : Operation 13 [1/1] (0.00ns)   --->   "%br_ln802 = br void %for.body4" [/home/fede/PhD/transformer-hls/hls/include/activations.h:802]   --->   Operation 13 'br' 'br_ln802' <Predicate = true> <Delay = 0.00>
ST_1 : Operation 14 [1/1] (0.00ns)   --->   "%i_22 = load i9 %i" [/home/fede/PhD/transformer-hls/hls/include/activations.h:802]   --->   Operation 14 'load' 'i_22' <Predicate = true> <Delay = 0.00>
ST_1 : Operation 15 [1/1] (0.88ns)   --->   "%icmp_ln802 = icmp_eq  i9 %i_22, i9 272" [/home/fede/PhD/transformer-hls/hls/include/activations.h:802]   --->   Operation 15 'icmp' 'icmp_ln802' <Predicate = true> <Delay = 0.88> <CoreInst = "Cmp">   --->   Core 9 'Cmp' <Latency = 0> <II = 1> <Delay = 0.88> <FuncUnit> <Opcode : 'icmp'> <InPorts = 2> <OutPorts = 1>
ST_1 : Operation 16 [1/1] (0.00ns)   --->   "%empty = speclooptripcount i32 @_ssdm_op_SpecLoopTripCount, i64 272, i64 272, i64 272"   --->   Operation 16 'speclooptripcount' 'empty' <Predicate = true> <Delay = 0.00>
ST_1 : Operation 17 [1/1] (0.77ns)   --->   "%i_23 = add i9 %i_22, i9 1" [/home/fede/PhD/transformer-hls/hls/include/activations.h:802]   --->   Operation 17 'add' 'i_23' <Predicate = true> <Delay = 0.77> <CoreInst = "Adder">   --->   Core 1 'Adder' <Latency = 0> <II = 1> <Delay = 0.77> <FuncUnit> <Opcode : 'add' 'sub'> <InPorts = 2> <OutPorts = 1>
ST_1 : Operation 18 [1/1] (0.00ns)   --->   "%br_ln802 = br i1 %icmp_ln802, void %for.body4.split_ifconv, void %for.end25" [/home/fede/PhD/transformer-hls/hls/include/activations.h:802]   --->   Operation 18 'br' 'br_ln802' <Predicate = true> <Delay = 0.00>
ST_1 : Operation 19 [1/1] (0.42ns)   --->   "%store_ln802 = store i9 %i_23, i9 %i" [/home/fede/PhD/transformer-hls/hls/include/activations.h:802]   --->   Operation 19 'store' 'store_ln802' <Predicate = (!icmp_ln802)> <Delay = 0.42>

State 2 <SV = 1> <Delay = 5.23>
ST_2 : Operation 20 [1/1] (1.83ns)   --->   "%val_0_V = read i8 @_ssdm_op_Read.ap_fifo.volatile.i8P0A, i8 %out_mha8" [/home/fede/PhD/transformer-hls/hls/include/activations.h:805]   --->   Operation 20 'read' 'val_0_V' <Predicate = true> <Delay = 1.83> <CoreInst = "FIFO_SRL">   --->   Core 81 'FIFO_SRL' <Latency = 0> <II = 1> <Delay = 1.83> <Storage> <Opcode : 'read' 'write' 'nbread' 'nbwrite'> <Ports = 0> <Width = 8> <Depth = 2> <FIFO>
ST_2 : Operation 21 [1/1] (1.75ns)   --->   "%val_1_V = read i8 @_ssdm_op_Read.ap_fifo.volatile.i8P0A, i8 %res_rq2" [/home/fede/PhD/transformer-hls/hls/include/activations.h:806]   --->   Operation 21 'read' 'val_1_V' <Predicate = true> <Delay = 1.75> <CoreInst = "FIFO">   --->   Core 78 'FIFO' <Latency = 0> <II = 1> <Delay = 1.75> <Storage> <Opcode : 'read' 'write' 'nbread' 'nbwrite'> <Ports = 0> <Width = 8> <Depth = 3072> <FIFO>
ST_2 : Operation 22 [1/1] (0.00ns)   --->   "%sext_ln826 = sext i8 %val_0_V" [/home/fede/PhD/transformer-hls/hls/include/activations.h:826]   --->   Operation 22 'sext' 'sext_ln826' <Predicate = true> <Delay = 0.00>
ST_2 : Operation 23 [1/1] (0.00ns)   --->   "%sext_ln826_1 = sext i8 %val_1_V" [/home/fede/PhD/transformer-hls/hls/include/activations.h:826]   --->   Operation 23 'sext' 'sext_ln826_1' <Predicate = true> <Delay = 0.00>
ST_2 : Operation 24 [1/1] (2.39ns) (grouped into DSP with root node prod_V)   --->   "%sum_V = add i9 %sext_ln826_1, i9 %sext_ln826" [/home/fede/PhD/transformer-hls/hls/include/activations.h:826]   --->   Operation 24 'add' 'sum_V' <Predicate = true> <Delay = 2.39> <CoreInst = "DSP48">   --->   Core 127 'DSP48' <Latency = 3> <II = 1> <Delay = 0.53> <IPBlock> <Opcode : 'mul' 'add' 'sub' 'select'> <InPorts = 0> <OutPorts = 1> <Sync> <CReg>
ST_2 : Operation 25 [1/1] (0.00ns) (grouped into DSP with root node prod_V)   --->   "%sext_ln744 = sext i9 %sum_V" [/home/fede/PhD/transformer-hls/hls/include/activations.h:744]   --->   Operation 25 'sext' 'sext_ln744' <Predicate = true> <Delay = 0.00>
ST_2 : Operation 26 [4/4] (0.99ns) (root node of the DSP)   --->   "%prod_V = mul i26 %sext_ln744, i26 52909" [/home/fede/PhD/transformer-hls/hls/include/activations.h:744]   --->   Operation 26 'mul' 'prod_V' <Predicate = true> <Delay = 0.99> <CoreInst = "DSP48">   --->   Core 127 'DSP48' <Latency = 3> <II = 1> <Delay = 0.53> <IPBlock> <Opcode : 'mul' 'add' 'sub' 'select'> <InPorts = 0> <OutPorts = 1> <Sync> <CReg>

State 3 <SV = 2> <Delay = 0.99>
ST_3 : Operation 27 [3/4] (0.99ns) (root node of the DSP)   --->   "%prod_V = mul i26 %sext_ln744, i26 52909" [/home/fede/PhD/transformer-hls/hls/include/activations.h:744]   --->   Operation 27 'mul' 'prod_V' <Predicate = true> <Delay = 0.99> <CoreInst = "DSP48">   --->   Core 127 'DSP48' <Latency = 3> <II = 1> <Delay = 0.53> <IPBlock> <Opcode : 'mul' 'add' 'sub' 'select'> <InPorts = 0> <OutPorts = 1> <Sync> <CReg>

State 4 <SV = 3> <Delay = 0.99>
ST_4 : Operation 28 [2/4] (0.99ns) (root node of the DSP)   --->   "%prod_V = mul i26 %sext_ln744, i26 52909" [/home/fede/PhD/transformer-hls/hls/include/activations.h:744]   --->   Operation 28 'mul' 'prod_V' <Predicate = true> <Delay = 0.99> <CoreInst = "DSP48">   --->   Core 127 'DSP48' <Latency = 3> <II = 1> <Delay = 0.53> <IPBlock> <Opcode : 'mul' 'add' 'sub' 'select'> <InPorts = 0> <OutPorts = 1> <Sync> <CReg>
ST_4 : Operation 51 [1/1] (0.00ns)   --->   "%ret_ln847 = ret" [/home/fede/PhD/transformer-hls/hls/include/activations.h:847]   --->   Operation 51 'ret' 'ret_ln847' <Predicate = (icmp_ln802)> <Delay = 0.00>

State 5 <SV = 4> <Delay = 5.20>
ST_5 : Operation 29 [1/1] (0.00ns)   --->   "%specpipeline_ln803 = specpipeline void @_ssdm_op_SpecPipeline, i32 1, i32 0, i32 0, i32 0, void @empty_28" [/home/fede/PhD/transformer-hls/hls/include/activations.h:803]   --->   Operation 29 'specpipeline' 'specpipeline_ln803' <Predicate = true> <Delay = 0.00>
ST_5 : Operation 30 [1/1] (0.00ns)   --->   "%specloopname_ln802 = specloopname void @_ssdm_op_SpecLoopName, void @empty_45" [/home/fede/PhD/transformer-hls/hls/include/activations.h:802]   --->   Operation 30 'specloopname' 'specloopname_ln802' <Predicate = true> <Delay = 0.00>
ST_5 : Operation 31 [1/4] (0.00ns) (root node of the DSP)   --->   "%prod_V = mul i26 %sext_ln744, i26 52909" [/home/fede/PhD/transformer-hls/hls/include/activations.h:744]   --->   Operation 31 'mul' 'prod_V' <Predicate = true> <Delay = 0.00> <CoreInst = "DSP48">   --->   Core 127 'DSP48' <Latency = 3> <II = 1> <Delay = 0.53> <IPBlock> <Opcode : 'mul' 'add' 'sub' 'select'> <InPorts = 0> <OutPorts = 1> <Sync> <CReg>
ST_5 : Operation 32 [1/1] (0.00ns)   --->   "%tmp = bitselect i1 @_ssdm_op_BitSelect.i1.i26.i32, i26 %prod_V, i32 25"   --->   Operation 32 'bitselect' 'tmp' <Predicate = true> <Delay = 0.00>
ST_5 : Operation 33 [1/1] (0.00ns)   --->   "%trunc_ln753 = trunc i26 %prod_V" [/home/fede/PhD/transformer-hls/hls/include/activations.h:753]   --->   Operation 33 'trunc' 'trunc_ln753' <Predicate = true> <Delay = 0.00>
ST_5 : Operation 34 [1/1] (0.93ns)   --->   "%ret_V = add i24 %trunc_ln753, i24 32768"   --->   Operation 34 'add' 'ret_V' <Predicate = true> <Delay = 0.93> <CoreInst = "Adder">   --->   Core 1 'Adder' <Latency = 0> <II = 1> <Delay = 0.93> <FuncUnit> <Opcode : 'add' 'sub'> <InPorts = 2> <OutPorts = 1>
ST_5 : Operation 35 [1/1] (0.00ns)   --->   "%trunc_ln = partselect i8 @_ssdm_op_PartSelect.i8.i24.i32.i32, i24 %ret_V, i32 16, i32 23" [/home/fede/PhD/transformer-hls/hls/include/activations.h:745]   --->   Operation 35 'partselect' 'trunc_ln' <Predicate = true> <Delay = 0.00>
ST_5 : Operation 36 [1/1] (0.00ns)   --->   "%zext_ln745 = zext i8 %trunc_ln" [/home/fede/PhD/transformer-hls/hls/include/activations.h:745]   --->   Operation 36 'zext' 'zext_ln745' <Predicate = true> <Delay = 0.00>
ST_5 : Operation 37 [1/1] (0.93ns)   --->   "%ret_V_5 = sub i24 32768, i24 %trunc_ln753"   --->   Operation 37 'sub' 'ret_V_5' <Predicate = true> <Delay = 0.93> <CoreInst = "Adder">   --->   Core 1 'Adder' <Latency = 0> <II = 1> <Delay = 0.93> <FuncUnit> <Opcode : 'add' 'sub'> <InPorts = 2> <OutPorts = 1>
ST_5 : Operation 38 [1/1] (0.00ns)   --->   "%trunc_ln1 = partselect i8 @_ssdm_op_PartSelect.i8.i24.i32.i32, i24 %ret_V_5, i32 16, i32 23" [/home/fede/PhD/transformer-hls/hls/include/activations.h:756]   --->   Operation 38 'partselect' 'trunc_ln1' <Predicate = true> <Delay = 0.00>
ST_5 : Operation 39 [1/1] (0.00ns)   --->   "%zext_ln756 = zext i8 %trunc_ln1" [/home/fede/PhD/transformer-hls/hls/include/activations.h:756]   --->   Operation 39 'zext' 'zext_ln756' <Predicate = true> <Delay = 0.00>
ST_5 : Operation 40 [1/1] (0.76ns)   --->   "%rq_V = sub i9 0, i9 %zext_ln756" [/home/fede/PhD/transformer-hls/hls/include/activations.h:756]   --->   Operation 40 'sub' 'rq_V' <Predicate = true> <Delay = 0.76> <CoreInst = "Adder">   --->   Core 1 'Adder' <Latency = 0> <II = 1> <Delay = 0.76> <FuncUnit> <Opcode : 'add' 'sub'> <InPorts = 2> <OutPorts = 1>
ST_5 : Operation 41 [1/1] (0.39ns)   --->   "%rq_V_4 = select i1 %tmp, i9 %rq_V, i9 %zext_ln745"   --->   Operation 41 'select' 'rq_V_4' <Predicate = true> <Delay = 0.39> <CoreInst = "Sel">   --->   Core 73 'Sel' <Latency = 0> <II = 1> <Delay = 0.39> <FuncUnit> <Opcode : 'select'> <InPorts = 3> <OutPorts = 1>
ST_5 : Operation 42 [1/1] (0.00ns)   --->   "%tmp_5 = partselect i2 @_ssdm_op_PartSelect.i2.i9.i32.i32, i9 %rq_V_4, i32 7, i32 8"   --->   Operation 42 'partselect' 'tmp_5' <Predicate = true> <Delay = 0.00>
ST_5 : Operation 43 [1/1] (0.44ns)   --->   "%icmp_ln1035 = icmp_eq  i2 %tmp_5, i2 1"   --->   Operation 43 'icmp' 'icmp_ln1035' <Predicate = true> <Delay = 0.44> <CoreInst = "Cmp">   --->   Core 9 'Cmp' <Latency = 0> <II = 1> <Delay = 0.44> <FuncUnit> <Opcode : 'icmp'> <InPorts = 2> <OutPorts = 1>
ST_5 : Operation 44 [1/1] (0.88ns)   --->   "%icmp_ln1027 = icmp_slt  i9 %rq_V_4, i9 384"   --->   Operation 44 'icmp' 'icmp_ln1027' <Predicate = true> <Delay = 0.88> <CoreInst = "Cmp">   --->   Core 9 'Cmp' <Latency = 0> <II = 1> <Delay = 0.88> <FuncUnit> <Opcode : 'icmp'> <InPorts = 2> <OutPorts = 1>
ST_5 : Operation 45 [1/1] (0.00ns) (grouped into LUT with out node q_V)   --->   "%trunc_ln780 = trunc i9 %rq_V_4" [/home/fede/PhD/transformer-hls/hls/include/activations.h:780]   --->   Operation 45 'trunc' 'trunc_ln780' <Predicate = true> <Delay = 0.00>
ST_5 : Operation 46 [1/1] (0.00ns) (grouped into LUT with out node q_V)   --->   "%select_ln780 = select i1 %icmp_ln1035, i8 127, i8 128" [/home/fede/PhD/transformer-hls/hls/include/activations.h:780]   --->   Operation 46 'select' 'select_ln780' <Predicate = true> <Delay = 0.00> <CoreInst = "Sel">   --->   Core 73 'Sel' <Latency = 0> <II = 1> <Delay = 0.39> <FuncUnit> <Opcode : 'select'> <InPorts = 3> <OutPorts = 1>
ST_5 : Operation 47 [1/1] (0.00ns) (grouped into LUT with out node q_V)   --->   "%or_ln780 = or i1 %icmp_ln1035, i1 %icmp_ln1027" [/home/fede/PhD/transformer-hls/hls/include/activations.h:780]   --->   Operation 47 'or' 'or_ln780' <Predicate = true> <Delay = 0.00> <CoreInst = "LogicGate">   --->   Core 74 'LogicGate' <Latency = 0> <II = 1> <Delay = 0.28> <FuncUnit> <Opcode : 'and' 'or' 'xor'> <InPorts = 2> <OutPorts = 1>
ST_5 : Operation 48 [1/1] (0.39ns) (out node of the LUT)   --->   "%q_V = select i1 %or_ln780, i8 %select_ln780, i8 %trunc_ln780" [/home/fede/PhD/transformer-hls/hls/include/activations.h:780]   --->   Operation 48 'select' 'q_V' <Predicate = true> <Delay = 0.39> <CoreInst = "Sel">   --->   Core 73 'Sel' <Latency = 0> <II = 1> <Delay = 0.39> <FuncUnit> <Opcode : 'select'> <InPorts = 3> <OutPorts = 1>
ST_5 : Operation 49 [1/1] (1.83ns)   --->   "%write_ln845 = write void @_ssdm_op_Write.ap_fifo.volatile.i8P0A, i8 %out_res_09, i8 %q_V" [/home/fede/PhD/transformer-hls/hls/include/activations.h:845]   --->   Operation 49 'write' 'write_ln845' <Predicate = true> <Delay = 1.83> <CoreInst = "FIFO_SRL">   --->   Core 81 'FIFO_SRL' <Latency = 0> <II = 1> <Delay = 1.83> <Storage> <Opcode : 'read' 'write' 'nbread' 'nbwrite'> <Ports = 0> <Width = 8> <Depth = 2> <FIFO>
ST_5 : Operation 50 [1/1] (0.00ns)   --->   "%br_ln802 = br void %for.body4" [/home/fede/PhD/transformer-hls/hls/include/activations.h:802]   --->   Operation 50 'br' 'br_ln802' <Predicate = true> <Delay = 0.00>


============================================================
+ Verbose Summary: Binding
============================================================
STG Binding: 
---------------- STG Properties BEGIN ----------------
- Is combinational: 0
- Is one-state seq: 0
- Is datapath-only: 0
- Is pipelined: 0
- Is top level: 0
Port [ Return ] is wired: 1; IO mode=ap_ctrl_hs:ce=0
Port [ out_mha8]:  wired=1; compound=1; hidden=0; nouse=0; global=0; static=0; extern=0; dir=0; type=3; pingpong=0; private_global=0; IO mode=ap_fifo:ce=0
Port [ res_rq2]:  wired=1; compound=1; hidden=0; nouse=0; global=0; static=0; extern=0; dir=0; type=3; pingpong=0; private_global=0; IO mode=ap_fifo:ce=0
Port [ out_res_09]:  wired=1; compound=1; hidden=0; nouse=0; global=0; static=0; extern=0; dir=1; type=3; pingpong=0; private_global=0; IO mode=ap_fifo:ce=0
---------------- STG Properties END ------------------

---------------- Datapath Model BEGIN ----------------

<LifeTime>
<method=bitvector/>
i                  (alloca           ) [ 010000]
specinterface_ln0  (specinterface    ) [ 000000]
specinterface_ln0  (specinterface    ) [ 000000]
specinterface_ln0  (specinterface    ) [ 000000]
store_ln802        (store            ) [ 000000]
br_ln802           (br               ) [ 000000]
i_22               (load             ) [ 000000]
icmp_ln802         (icmp             ) [ 011110]
empty              (speclooptripcount) [ 000000]
i_23               (add              ) [ 000000]
br_ln802           (br               ) [ 000000]
store_ln802        (store            ) [ 000000]
val_0_V            (read             ) [ 000000]
val_1_V            (read             ) [ 000000]
sext_ln826         (sext             ) [ 000000]
sext_ln826_1       (sext             ) [ 000000]
sum_V              (add              ) [ 000000]
sext_ln744         (sext             ) [ 010111]
specpipeline_ln803 (specpipeline     ) [ 000000]
specloopname_ln802 (specloopname     ) [ 000000]
prod_V             (mul              ) [ 000000]
tmp                (bitselect        ) [ 000000]
trunc_ln753        (trunc            ) [ 000000]
ret_V              (add              ) [ 000000]
trunc_ln           (partselect       ) [ 000000]
zext_ln745         (zext             ) [ 000000]
ret_V_5            (sub              ) [ 000000]
trunc_ln1          (partselect       ) [ 000000]
zext_ln756         (zext             ) [ 000000]
rq_V               (sub              ) [ 000000]
rq_V_4             (select           ) [ 000000]
tmp_5              (partselect       ) [ 000000]
icmp_ln1035        (icmp             ) [ 000000]
icmp_ln1027        (icmp             ) [ 000000]
trunc_ln780        (trunc            ) [ 000000]
select_ln780       (select           ) [ 000000]
or_ln780           (or               ) [ 000000]
q_V                (select           ) [ 000000]
write_ln845        (write            ) [ 000000]
br_ln802           (br               ) [ 000000]
ret_ln847          (ret              ) [ 000000]
</LifeTime>

<model>

<comp_list>
<comp id="0" class="1000" name="out_mha8">
<pin_list>
<pin id="1" dir="1" index="0" bw="1" slack="0"/>
</pin_list>
<bind>
<StgValue><ssdm name="out_mha8"/></StgValue>
</bind>
</comp>

<comp id="2" class="1000" name="res_rq2">
<pin_list>
<pin id="3" dir="1" index="0" bw="1" slack="0"/>
</pin_list>
<bind>
<StgValue><ssdm name="res_rq2"/></StgValue>
</bind>
</comp>

<comp id="4" class="1000" name="out_res_09">
<pin_list>
<pin id="5" dir="1" index="0" bw="1" slack="0"/>
</pin_list>
<bind>
<StgValue><ssdm name="out_res_09"/></StgValue>
</bind>
</comp>

<comp id="6" class="1001" name="const_6">
<pin_list>
<pin id="7" dir="1" index="0" bw="1" slack="0"/>
</pin_list>
<bind>
<StgValue><ssdm name=""/></StgValue>
</bind>
</comp>

<comp id="8" class="1001" name="const_8">
<pin_list>
<pin id="9" dir="1" index="0" bw="1" slack="2147483647"/>
</pin_list>
<bind>
<StgValue><ssdm name="_ssdm_op_SpecInterface"/></StgValue>
</bind>
</comp>

<comp id="10" class="1001" name="const_10">
<pin_list>
<pin id="11" dir="1" index="0" bw="1" slack="2147483647"/>
</pin_list>
<bind>
<StgValue><ssdm name="empty_9"/></StgValue>
</bind>
</comp>

<comp id="12" class="1001" name="const_12">
<pin_list>
<pin id="13" dir="1" index="0" bw="1" slack="2147483647"/>
</pin_list>
<bind>
<StgValue><ssdm name=""/></StgValue>
</bind>
</comp>

<comp id="14" class="1001" name="const_14">
<pin_list>
<pin id="15" dir="1" index="0" bw="1" slack="2147483647"/>
</pin_list>
<bind>
<StgValue><ssdm name="empty_28"/></StgValue>
</bind>
</comp>

<comp id="16" class="1001" name="const_16">
<pin_list>
<pin id="17" dir="1" index="0" bw="1" slack="2147483647"/>
</pin_list>
<bind>
<StgValue><ssdm name=""/></StgValue>
</bind>
</comp>

<comp id="18" class="1001" name="const_18">
<pin_list>
<pin id="19" dir="1" index="0" bw="1" slack="0"/>
</pin_list>
<bind>
<StgValue><ssdm name=""/></StgValue>
</bind>
</comp>

<comp id="20" class="1001" name="const_20">
<pin_list>
<pin id="21" dir="1" index="0" bw="1" slack="0"/>
</pin_list>
<bind>
<StgValue><ssdm name=""/></StgValue>
</bind>
</comp>

<comp id="22" class="1001" name="const_22">
<pin_list>
<pin id="23" dir="1" index="0" bw="1" slack="2147483647"/>
</pin_list>
<bind>
<StgValue><ssdm name="_ssdm_op_SpecLoopTripCount"/></StgValue>
</bind>
</comp>

<comp id="24" class="1001" name="const_24">
<pin_list>
<pin id="25" dir="1" index="0" bw="1" slack="2147483647"/>
</pin_list>
<bind>
<StgValue><ssdm name=""/></StgValue>
</bind>
</comp>

<comp id="26" class="1001" name="const_26">
<pin_list>
<pin id="27" dir="1" index="0" bw="1" slack="0"/>
</pin_list>
<bind>
<StgValue><ssdm name=""/></StgValue>
</bind>
</comp>

<comp id="28" class="1001" name="const_28">
<pin_list>
<pin id="29" dir="1" index="0" bw="1" slack="0"/>
</pin_list>
<bind>
<StgValue><ssdm name="_ssdm_op_Read.ap_fifo.volatile.i8P0A"/></StgValue>
</bind>
</comp>

<comp id="30" class="1001" name="const_30">
<pin_list>
<pin id="31" dir="1" index="0" bw="1" slack="0"/>
</pin_list>
<bind>
<StgValue><ssdm name=""/></StgValue>
</bind>
</comp>

<comp id="32" class="1001" name="const_32">
<pin_list>
<pin id="33" dir="1" index="0" bw="1" slack="2147483647"/>
</pin_list>
<bind>
<StgValue><ssdm name="_ssdm_op_SpecPipeline"/></StgValue>
</bind>
</comp>

<comp id="34" class="1001" name="const_34">
<pin_list>
<pin id="35" dir="1" index="0" bw="1" slack="2147483647"/>
</pin_list>
<bind>
<StgValue><ssdm name="_ssdm_op_SpecLoopName"/></StgValue>
</bind>
</comp>

<comp id="36" class="1001" name="const_36">
<pin_list>
<pin id="37" dir="1" index="0" bw="1" slack="2147483647"/>
</pin_list>
<bind>
<StgValue><ssdm name="empty_45"/></StgValue>
</bind>
</comp>

<comp id="38" class="1001" name="const_38">
<pin_list>
<pin id="39" dir="1" index="0" bw="1" slack="0"/>
</pin_list>
<bind>
<StgValue><ssdm name="_ssdm_op_BitSelect.i1.i26.i32"/></StgValue>
</bind>
</comp>

<comp id="40" class="1001" name="const_40">
<pin_list>
<pin id="41" dir="1" index="0" bw="1" slack="0"/>
</pin_list>
<bind>
<StgValue><ssdm name=""/></StgValue>
</bind>
</comp>

<comp id="42" class="1001" name="const_42">
<pin_list>
<pin id="43" dir="1" index="0" bw="1" slack="0"/>
</pin_list>
<bind>
<StgValue><ssdm name=""/></StgValue>
</bind>
</comp>

<comp id="44" class="1001" name="const_44">
<pin_list>
<pin id="45" dir="1" index="0" bw="1" slack="0"/>
</pin_list>
<bind>
<StgValue><ssdm name="_ssdm_op_PartSelect.i8.i24.i32.i32"/></StgValue>
</bind>
</comp>

<comp id="46" class="1001" name="const_46">
<pin_list>
<pin id="47" dir="1" index="0" bw="1" slack="0"/>
</pin_list>
<bind>
<StgValue><ssdm name=""/></StgValue>
</bind>
</comp>

<comp id="48" class="1001" name="const_48">
<pin_list>
<pin id="49" dir="1" index="0" bw="1" slack="0"/>
</pin_list>
<bind>
<StgValue><ssdm name=""/></StgValue>
</bind>
</comp>

<comp id="50" class="1001" name="const_50">
<pin_list>
<pin id="51" dir="1" index="0" bw="1" slack="0"/>
</pin_list>
<bind>
<StgValue><ssdm name="_ssdm_op_PartSelect.i2.i9.i32.i32"/></StgValue>
</bind>
</comp>

<comp id="52" class="1001" name="const_52">
<pin_list>
<pin id="53" dir="1" index="0" bw="1" slack="0"/>
</pin_list>
<bind>
<StgValue><ssdm name=""/></StgValue>
</bind>
</comp>

<comp id="54" class="1001" name="const_54">
<pin_list>
<pin id="55" dir="1" index="0" bw="1" slack="0"/>
</pin_list>
<bind>
<StgValue><ssdm name=""/></StgValue>
</bind>
</comp>

<comp id="56" class="1001" name="const_56">
<pin_list>
<pin id="57" dir="1" index="0" bw="1" slack="0"/>
</pin_list>
<bind>
<StgValue><ssdm name=""/></StgValue>
</bind>
</comp>

<comp id="58" class="1001" name="const_58">
<pin_list>
<pin id="59" dir="1" index="0" bw="1" slack="0"/>
</pin_list>
<bind>
<StgValue><ssdm name=""/></StgValue>
</bind>
</comp>

<comp id="60" class="1001" name="const_60">
<pin_list>
<pin id="61" dir="1" index="0" bw="1" slack="0"/>
</pin_list>
<bind>
<StgValue><ssdm name=""/></StgValue>
</bind>
</comp>

<comp id="62" class="1001" name="const_62">
<pin_list>
<pin id="63" dir="1" index="0" bw="1" slack="0"/>
</pin_list>
<bind>
<StgValue><ssdm name=""/></StgValue>
</bind>
</comp>

<comp id="64" class="1001" name="const_64">
<pin_list>
<pin id="65" dir="1" index="0" bw="1" slack="0"/>
</pin_list>
<bind>
<StgValue><ssdm name="_ssdm_op_Write.ap_fifo.volatile.i8P0A"/></StgValue>
</bind>
</comp>

<comp id="66" class="1004" name="i_fu_66">
<pin_list>
<pin id="67" dir="0" index="0" bw="1" slack="0"/>
<pin id="68" dir="1" index="1" bw="9" slack="0"/>
</pin_list>
<bind>
<opcode="alloca(26) " fcode="alloca"/>
<opset="i/1 "/>
</bind>
</comp>

<comp id="70" class="1004" name="val_0_V_read_fu_70">
<pin_list>
<pin id="71" dir="0" index="0" bw="8" slack="0"/>
<pin id="72" dir="0" index="1" bw="8" slack="0"/>
<pin id="73" dir="1" index="2" bw="8" slack="0"/>
</pin_list>
<bind>
<opcode="read(1150) " fcode="read"/>
<opset="val_0_V/2 "/>
</bind>
</comp>

<comp id="76" class="1004" name="val_1_V_read_fu_76">
<pin_list>
<pin id="77" dir="0" index="0" bw="8" slack="0"/>
<pin id="78" dir="0" index="1" bw="8" slack="0"/>
<pin id="79" dir="1" index="2" bw="8" slack="0"/>
</pin_list>
<bind>
<opcode="read(1150) " fcode="read"/>
<opset="val_1_V/2 "/>
</bind>
</comp>

<comp id="82" class="1004" name="write_ln845_write_fu_82">
<pin_list>
<pin id="83" dir="0" index="0" bw="0" slack="0"/>
<pin id="84" dir="0" index="1" bw="8" slack="0"/>
<pin id="85" dir="0" index="2" bw="8" slack="0"/>
<pin id="86" dir="1" index="3" bw="0" slack="2147483647"/>
</pin_list>
<bind>
<opcode="write(1151) " fcode="write"/>
<opset="write_ln845/5 "/>
</bind>
</comp>

<comp id="89" class="1004" name="store_ln802_store_fu_89">
<pin_list>
<pin id="90" dir="0" index="0" bw="1" slack="0"/>
<pin id="91" dir="0" index="1" bw="9" slack="0"/>
<pin id="92" dir="1" index="2" bw="0" slack="2147483647"/>
</pin_list>
<bind>
<opcode="store(28) " fcode="store"/>
<opset="store_ln802/1 "/>
</bind>
</comp>

<comp id="94" class="1004" name="i_22_load_fu_94">
<pin_list>
<pin id="95" dir="0" index="0" bw="9" slack="0"/>
<pin id="96" dir="1" index="1" bw="9" slack="0"/>
</pin_list>
<bind>
<opcode="load(27) " fcode="load"/>
<opset="i_22/1 "/>
</bind>
</comp>

<comp id="97" class="1004" name="icmp_ln802_fu_97">
<pin_list>
<pin id="98" dir="0" index="0" bw="9" slack="0"/>
<pin id="99" dir="0" index="1" bw="9" slack="0"/>
<pin id="100" dir="1" index="2" bw="1" slack="3"/>
</pin_list>
<bind>
<opcode="icmp(45) " fcode="icmp"/>
<opset="icmp_ln802/1 "/>
</bind>
</comp>

<comp id="103" class="1004" name="i_23_fu_103">
<pin_list>
<pin id="104" dir="0" index="0" bw="9" slack="0"/>
<pin id="105" dir="0" index="1" bw="1" slack="0"/>
<pin id="106" dir="1" index="2" bw="9" slack="0"/>
</pin_list>
<bind>
<opcode="add(8) " fcode="add"/>
<opset="i_23/1 "/>
</bind>
</comp>

<comp id="109" class="1004" name="store_ln802_store_fu_109">
<pin_list>
<pin id="110" dir="0" index="0" bw="9" slack="0"/>
<pin id="111" dir="0" index="1" bw="9" slack="0"/>
<pin id="112" dir="1" index="2" bw="0" slack="2147483647"/>
</pin_list>
<bind>
<opcode="store(28) " fcode="store"/>
<opset="store_ln802/1 "/>
</bind>
</comp>

<comp id="114" class="1004" name="sext_ln826_fu_114">
<pin_list>
<pin id="115" dir="0" index="0" bw="8" slack="0"/>
<pin id="116" dir="1" index="1" bw="9" slack="0"/>
</pin_list>
<bind>
<opcode="sext(35) " fcode="sext"/>
<opset="sext_ln826/2 "/>
</bind>
</comp>

<comp id="118" class="1004" name="sext_ln826_1_fu_118">
<pin_list>
<pin id="119" dir="0" index="0" bw="8" slack="0"/>
<pin id="120" dir="1" index="1" bw="9" slack="0"/>
</pin_list>
<bind>
<opcode="sext(35) " fcode="sext"/>
<opset="sext_ln826_1/2 "/>
</bind>
</comp>

<comp id="122" class="1004" name="tmp_fu_122">
<pin_list>
<pin id="123" dir="0" index="0" bw="1" slack="0"/>
<pin id="124" dir="0" index="1" bw="26" slack="0"/>
<pin id="125" dir="0" index="2" bw="6" slack="0"/>
<pin id="126" dir="1" index="3" bw="1" slack="0"/>
</pin_list>
<bind>
<opcode="bitselect(1000) " fcode="bitselect"/>
<opset="tmp/5 "/>
</bind>
</comp>

<comp id="129" class="1004" name="trunc_ln753_fu_129">
<pin_list>
<pin id="130" dir="0" index="0" bw="26" slack="0"/>
<pin id="131" dir="1" index="1" bw="24" slack="0"/>
</pin_list>
<bind>
<opcode="trunc(33) " fcode="trunc"/>
<opset="trunc_ln753/5 "/>
</bind>
</comp>

<comp id="132" class="1004" name="ret_V_fu_132">
<pin_list>
<pin id="133" dir="0" index="0" bw="24" slack="0"/>
<pin id="134" dir="0" index="1" bw="17" slack="0"/>
<pin id="135" dir="1" index="2" bw="24" slack="0"/>
</pin_list>
<bind>
<opcode="add(8) " fcode="add"/>
<opset="ret_V/5 "/>
</bind>
</comp>

<comp id="138" class="1004" name="trunc_ln_fu_138">
<pin_list>
<pin id="139" dir="0" index="0" bw="8" slack="0"/>
<pin id="140" dir="0" index="1" bw="24" slack="0"/>
<pin id="141" dir="0" index="2" bw="6" slack="0"/>
<pin id="142" dir="0" index="3" bw="6" slack="0"/>
<pin id="143" dir="1" index="4" bw="8" slack="0"/>
</pin_list>
<bind>
<opcode="partselect(1002) " fcode="partselect"/>
<opset="trunc_ln/5 "/>
</bind>
</comp>

<comp id="148" class="1004" name="zext_ln745_fu_148">
<pin_list>
<pin id="149" dir="0" index="0" bw="8" slack="0"/>
<pin id="150" dir="1" index="1" bw="9" slack="0"/>
</pin_list>
<bind>
<opcode="zext(34) " fcode="zext"/>
<opset="zext_ln745/5 "/>
</bind>
</comp>

<comp id="152" class="1004" name="ret_V_5_fu_152">
<pin_list>
<pin id="153" dir="0" index="0" bw="17" slack="0"/>
<pin id="154" dir="0" index="1" bw="24" slack="0"/>
<pin id="155" dir="1" index="2" bw="24" slack="0"/>
</pin_list>
<bind>
<opcode="sub(10) " fcode="sub"/>
<opset="ret_V_5/5 "/>
</bind>
</comp>

<comp id="158" class="1004" name="trunc_ln1_fu_158">
<pin_list>
<pin id="159" dir="0" index="0" bw="8" slack="0"/>
<pin id="160" dir="0" index="1" bw="24" slack="0"/>
<pin id="161" dir="0" index="2" bw="6" slack="0"/>
<pin id="162" dir="0" index="3" bw="6" slack="0"/>
<pin id="163" dir="1" index="4" bw="8" slack="0"/>
</pin_list>
<bind>
<opcode="partselect(1002) " fcode="partselect"/>
<opset="trunc_ln1/5 "/>
</bind>
</comp>

<comp id="168" class="1004" name="zext_ln756_fu_168">
<pin_list>
<pin id="169" dir="0" index="0" bw="8" slack="0"/>
<pin id="170" dir="1" index="1" bw="9" slack="0"/>
</pin_list>
<bind>
<opcode="zext(34) " fcode="zext"/>
<opset="zext_ln756/5 "/>
</bind>
</comp>

<comp id="172" class="1004" name="rq_V_fu_172">
<pin_list>
<pin id="173" dir="0" index="0" bw="1" slack="0"/>
<pin id="174" dir="0" index="1" bw="8" slack="0"/>
<pin id="175" dir="1" index="2" bw="9" slack="0"/>
</pin_list>
<bind>
<opcode="sub(10) " fcode="sub"/>
<opset="rq_V/5 "/>
</bind>
</comp>

<comp id="178" class="1004" name="rq_V_4_fu_178">
<pin_list>
<pin id="179" dir="0" index="0" bw="1" slack="0"/>
<pin id="180" dir="0" index="1" bw="9" slack="0"/>
<pin id="181" dir="0" index="2" bw="8" slack="0"/>
<pin id="182" dir="1" index="3" bw="9" slack="0"/>
</pin_list>
<bind>
<opcode="select(49) " fcode="select"/>
<opset="rq_V_4/5 "/>
</bind>
</comp>

<comp id="186" class="1004" name="tmp_5_fu_186">
<pin_list>
<pin id="187" dir="0" index="0" bw="2" slack="0"/>
<pin id="188" dir="0" index="1" bw="9" slack="0"/>
<pin id="189" dir="0" index="2" bw="4" slack="0"/>
<pin id="190" dir="0" index="3" bw="5" slack="0"/>
<pin id="191" dir="1" index="4" bw="2" slack="0"/>
</pin_list>
<bind>
<opcode="partselect(1002) " fcode="partselect"/>
<opset="tmp_5/5 "/>
</bind>
</comp>

<comp id="196" class="1004" name="icmp_ln1035_fu_196">
<pin_list>
<pin id="197" dir="0" index="0" bw="2" slack="0"/>
<pin id="198" dir="0" index="1" bw="1" slack="0"/>
<pin id="199" dir="1" index="2" bw="1" slack="0"/>
</pin_list>
<bind>
<opcode="icmp(45) " fcode="icmp"/>
<opset="icmp_ln1035/5 "/>
</bind>
</comp>

<comp id="202" class="1004" name="icmp_ln1027_fu_202">
<pin_list>
<pin id="203" dir="0" index="0" bw="9" slack="0"/>
<pin id="204" dir="0" index="1" bw="8" slack="0"/>
<pin id="205" dir="1" index="2" bw="1" slack="0"/>
</pin_list>
<bind>
<opcode="icmp(45) " fcode="icmp"/>
<opset="icmp_ln1027/5 "/>
</bind>
</comp>

<comp id="208" class="1004" name="trunc_ln780_fu_208">
<pin_list>
<pin id="209" dir="0" index="0" bw="9" slack="0"/>
<pin id="210" dir="1" index="1" bw="8" slack="0"/>
</pin_list>
<bind>
<opcode="trunc(33) " fcode="trunc"/>
<opset="trunc_ln780/5 "/>
</bind>
</comp>

<comp id="212" class="1004" name="select_ln780_fu_212">
<pin_list>
<pin id="213" dir="0" index="0" bw="1" slack="0"/>
<pin id="214" dir="0" index="1" bw="8" slack="0"/>
<pin id="215" dir="0" index="2" bw="8" slack="0"/>
<pin id="216" dir="1" index="3" bw="8" slack="0"/>
</pin_list>
<bind>
<opcode="select(49) " fcode="select"/>
<opset="select_ln780/5 "/>
</bind>
</comp>

<comp id="220" class="1004" name="or_ln780_fu_220">
<pin_list>
<pin id="221" dir="0" index="0" bw="1" slack="0"/>
<pin id="222" dir="0" index="1" bw="1" slack="0"/>
<pin id="223" dir="1" index="2" bw="1" slack="0"/>
</pin_list>
<bind>
<opcode="or(24) " fcode="or"/>
<opset="or_ln780/5 "/>
</bind>
</comp>

<comp id="226" class="1004" name="q_V_fu_226">
<pin_list>
<pin id="227" dir="0" index="0" bw="1" slack="0"/>
<pin id="228" dir="0" index="1" bw="8" slack="0"/>
<pin id="229" dir="0" index="2" bw="8" slack="0"/>
<pin id="230" dir="1" index="3" bw="8" slack="0"/>
</pin_list>
<bind>
<opcode="select(49) " fcode="select"/>
<opset="q_V/5 "/>
</bind>
</comp>

<comp id="235" class="1007" name="grp_fu_235">
<pin_list>
<pin id="236" dir="0" index="0" bw="8" slack="0"/>
<pin id="237" dir="0" index="1" bw="8" slack="0"/>
<pin id="238" dir="0" index="2" bw="16" slack="0"/>
<pin id="239" dir="1" index="3" bw="26" slack="0"/>
</pin_list>
<bind>
<opcode="addmul(1170) " fcode="addmul"/>
<opset="sum_V/2 sext_ln744/2 prod_V/2 "/>
</bind>
</comp>

<comp id="245" class="1005" name="i_reg_245">
<pin_list>
<pin id="246" dir="0" index="0" bw="9" slack="0"/>
<pin id="247" dir="1" index="1" bw="9" slack="0"/>
</pin_list>
<bind>
<opset="i "/>
</bind>
</comp>

<comp id="252" class="1005" name="icmp_ln802_reg_252">
<pin_list>
<pin id="253" dir="0" index="0" bw="1" slack="3"/>
<pin id="254" dir="1" index="1" bw="1" slack="2147483647"/>
</pin_list>
<bind>
<opset="icmp_ln802 "/>
</bind>
</comp>

</comp_list>

<net_list>
<net id="69"><net_src comp="6" pin="0"/><net_sink comp="66" pin=0"/></net>

<net id="74"><net_src comp="28" pin="0"/><net_sink comp="70" pin=0"/></net>

<net id="75"><net_src comp="0" pin="0"/><net_sink comp="70" pin=1"/></net>

<net id="80"><net_src comp="28" pin="0"/><net_sink comp="76" pin=0"/></net>

<net id="81"><net_src comp="2" pin="0"/><net_sink comp="76" pin=1"/></net>

<net id="87"><net_src comp="64" pin="0"/><net_sink comp="82" pin=0"/></net>

<net id="88"><net_src comp="4" pin="0"/><net_sink comp="82" pin=1"/></net>

<net id="93"><net_src comp="18" pin="0"/><net_sink comp="89" pin=0"/></net>

<net id="101"><net_src comp="94" pin="1"/><net_sink comp="97" pin=0"/></net>

<net id="102"><net_src comp="20" pin="0"/><net_sink comp="97" pin=1"/></net>

<net id="107"><net_src comp="94" pin="1"/><net_sink comp="103" pin=0"/></net>

<net id="108"><net_src comp="26" pin="0"/><net_sink comp="103" pin=1"/></net>

<net id="113"><net_src comp="103" pin="2"/><net_sink comp="109" pin=0"/></net>

<net id="117"><net_src comp="70" pin="2"/><net_sink comp="114" pin=0"/></net>

<net id="121"><net_src comp="76" pin="2"/><net_sink comp="118" pin=0"/></net>

<net id="127"><net_src comp="38" pin="0"/><net_sink comp="122" pin=0"/></net>

<net id="128"><net_src comp="40" pin="0"/><net_sink comp="122" pin=2"/></net>

<net id="136"><net_src comp="129" pin="1"/><net_sink comp="132" pin=0"/></net>

<net id="137"><net_src comp="42" pin="0"/><net_sink comp="132" pin=1"/></net>

<net id="144"><net_src comp="44" pin="0"/><net_sink comp="138" pin=0"/></net>

<net id="145"><net_src comp="132" pin="2"/><net_sink comp="138" pin=1"/></net>

<net id="146"><net_src comp="46" pin="0"/><net_sink comp="138" pin=2"/></net>

<net id="147"><net_src comp="48" pin="0"/><net_sink comp="138" pin=3"/></net>

<net id="151"><net_src comp="138" pin="4"/><net_sink comp="148" pin=0"/></net>

<net id="156"><net_src comp="42" pin="0"/><net_sink comp="152" pin=0"/></net>

<net id="157"><net_src comp="129" pin="1"/><net_sink comp="152" pin=1"/></net>

<net id="164"><net_src comp="44" pin="0"/><net_sink comp="158" pin=0"/></net>

<net id="165"><net_src comp="152" pin="2"/><net_sink comp="158" pin=1"/></net>

<net id="166"><net_src comp="46" pin="0"/><net_sink comp="158" pin=2"/></net>

<net id="167"><net_src comp="48" pin="0"/><net_sink comp="158" pin=3"/></net>

<net id="171"><net_src comp="158" pin="4"/><net_sink comp="168" pin=0"/></net>

<net id="176"><net_src comp="18" pin="0"/><net_sink comp="172" pin=0"/></net>

<net id="177"><net_src comp="168" pin="1"/><net_sink comp="172" pin=1"/></net>

<net id="183"><net_src comp="122" pin="3"/><net_sink comp="178" pin=0"/></net>

<net id="184"><net_src comp="172" pin="2"/><net_sink comp="178" pin=1"/></net>

<net id="185"><net_src comp="148" pin="1"/><net_sink comp="178" pin=2"/></net>

<net id="192"><net_src comp="50" pin="0"/><net_sink comp="186" pin=0"/></net>

<net id="193"><net_src comp="178" pin="3"/><net_sink comp="186" pin=1"/></net>

<net id="194"><net_src comp="52" pin="0"/><net_sink comp="186" pin=2"/></net>

<net id="195"><net_src comp="54" pin="0"/><net_sink comp="186" pin=3"/></net>

<net id="200"><net_src comp="186" pin="4"/><net_sink comp="196" pin=0"/></net>

<net id="201"><net_src comp="56" pin="0"/><net_sink comp="196" pin=1"/></net>

<net id="206"><net_src comp="178" pin="3"/><net_sink comp="202" pin=0"/></net>

<net id="207"><net_src comp="58" pin="0"/><net_sink comp="202" pin=1"/></net>

<net id="211"><net_src comp="178" pin="3"/><net_sink comp="208" pin=0"/></net>

<net id="217"><net_src comp="196" pin="2"/><net_sink comp="212" pin=0"/></net>

<net id="218"><net_src comp="60" pin="0"/><net_sink comp="212" pin=1"/></net>

<net id="219"><net_src comp="62" pin="0"/><net_sink comp="212" pin=2"/></net>

<net id="224"><net_src comp="196" pin="2"/><net_sink comp="220" pin=0"/></net>

<net id="225"><net_src comp="202" pin="2"/><net_sink comp="220" pin=1"/></net>

<net id="231"><net_src comp="220" pin="2"/><net_sink comp="226" pin=0"/></net>

<net id="232"><net_src comp="212" pin="3"/><net_sink comp="226" pin=1"/></net>

<net id="233"><net_src comp="208" pin="1"/><net_sink comp="226" pin=2"/></net>

<net id="234"><net_src comp="226" pin="3"/><net_sink comp="82" pin=2"/></net>

<net id="240"><net_src comp="118" pin="1"/><net_sink comp="235" pin=0"/></net>

<net id="241"><net_src comp="114" pin="1"/><net_sink comp="235" pin=1"/></net>

<net id="242"><net_src comp="30" pin="0"/><net_sink comp="235" pin=2"/></net>

<net id="243"><net_src comp="235" pin="3"/><net_sink comp="122" pin=1"/></net>

<net id="244"><net_src comp="235" pin="3"/><net_sink comp="129" pin=0"/></net>

<net id="248"><net_src comp="66" pin="1"/><net_sink comp="245" pin=0"/></net>

<net id="249"><net_src comp="245" pin="1"/><net_sink comp="89" pin=1"/></net>

<net id="250"><net_src comp="245" pin="1"/><net_sink comp="94" pin=0"/></net>

<net id="251"><net_src comp="245" pin="1"/><net_sink comp="109" pin=1"/></net>

<net id="255"><net_src comp="97" pin="2"/><net_sink comp="252" pin=0"/></net>

</net_list>

</model> 
---------------- Datapath Model END ------------------

* FSMD analyzer results:
  - Output states:
	Port: out_res_09 | {5 }
 - Input state : 
	Port: ResidualAddRequantSameScale<17, 16, 1, 52909, 16, 0, ap_int<8>, ap_int<16> > : out_mha8 | {2 }
	Port: ResidualAddRequantSameScale<17, 16, 1, 52909, 16, 0, ap_int<8>, ap_int<16> > : res_rq2 | {2 }
  - Chain level:
	State 1
		store_ln802 : 1
		i_22 : 1
		icmp_ln802 : 2
		i_23 : 2
		br_ln802 : 3
		store_ln802 : 3
	State 2
		sum_V : 1
		sext_ln744 : 2
		prod_V : 3
	State 3
	State 4
	State 5
		tmp : 1
		trunc_ln753 : 1
		ret_V : 2
		trunc_ln : 3
		zext_ln745 : 4
		ret_V_5 : 2
		trunc_ln1 : 3
		zext_ln756 : 4
		rq_V : 5
		rq_V_4 : 6
		tmp_5 : 7
		icmp_ln1035 : 8
		icmp_ln1027 : 7
		trunc_ln780 : 7
		select_ln780 : 9
		or_ln780 : 9
		q_V : 9
		write_ln845 : 10


============================================================
+ Verbose Summary: Datapath Resource usage 
============================================================

* Functional unit list:
|----------|-------------------------|---------|---------|---------|
| Operation|     Functional Unit     |   DSP   |    FF   |   LUT   |
|----------|-------------------------|---------|---------|---------|
|    add   |       i_23_fu_103       |    0    |    0    |    16   |
|          |       ret_V_fu_132      |    0    |    0    |    31   |
|----------|-------------------------|---------|---------|---------|
|    sub   |      ret_V_5_fu_152     |    0    |    0    |    31   |
|          |       rq_V_fu_172       |    0    |    0    |    15   |
|----------|-------------------------|---------|---------|---------|
|          |     icmp_ln802_fu_97    |    0    |    0    |    11   |
|   icmp   |    icmp_ln1035_fu_196   |    0    |    0    |    8    |
|          |    icmp_ln1027_fu_202   |    0    |    0    |    11   |
|----------|-------------------------|---------|---------|---------|
|          |      rq_V_4_fu_178      |    0    |    0    |    9    |
|  select  |   select_ln780_fu_212   |    0    |    0    |    8    |
|          |        q_V_fu_226       |    0    |    0    |    8    |
|----------|-------------------------|---------|---------|---------|
|    or    |     or_ln780_fu_220     |    0    |    0    |    2    |
|----------|-------------------------|---------|---------|---------|
|  addmul  |        grp_fu_235       |    1    |    0    |    0    |
|----------|-------------------------|---------|---------|---------|
|   read   |    val_0_V_read_fu_70   |    0    |    0    |    0    |
|          |    val_1_V_read_fu_76   |    0    |    0    |    0    |
|----------|-------------------------|---------|---------|---------|
|   write  | write_ln845_write_fu_82 |    0    |    0    |    0    |
|----------|-------------------------|---------|---------|---------|
|   sext   |    sext_ln826_fu_114    |    0    |    0    |    0    |
|          |   sext_ln826_1_fu_118   |    0    |    0    |    0    |
|----------|-------------------------|---------|---------|---------|
| bitselect|        tmp_fu_122       |    0    |    0    |    0    |
|----------|-------------------------|---------|---------|---------|
|   trunc  |    trunc_ln753_fu_129   |    0    |    0    |    0    |
|          |    trunc_ln780_fu_208   |    0    |    0    |    0    |
|----------|-------------------------|---------|---------|---------|
|          |     trunc_ln_fu_138     |    0    |    0    |    0    |
|partselect|     trunc_ln1_fu_158    |    0    |    0    |    0    |
|          |       tmp_5_fu_186      |    0    |    0    |    0    |
|----------|-------------------------|---------|---------|---------|
|   zext   |    zext_ln745_fu_148    |    0    |    0    |    0    |
|          |    zext_ln756_fu_168    |    0    |    0    |    0    |
|----------|-------------------------|---------|---------|---------|
|   Total  |                         |    1    |    0    |   150   |
|----------|-------------------------|---------|---------|---------|

Memories:
N/A

* Register list:
+------------------+--------+
|                  |   FF   |
+------------------+--------+
|     i_reg_245    |    9   |
|icmp_ln802_reg_252|    1   |
+------------------+--------+
|       Total      |   10   |
+------------------+--------+

* Multiplexer (MUX) list: 
|--------|------|------|------|--------|
|  Comp  |  Pin | Size |  BW  | S x BW |
|--------|------|------|------|--------|
|  Total |      |      |      |    0   |
|--------|------|------|------|--------|



* Summary:
+-----------+--------+--------+--------+
|           |   DSP  |   FF   |   LUT  |
+-----------+--------+--------+--------+
|  Function |    1   |    0   |   150  |
|   Memory  |    -   |    -   |    -   |
|Multiplexer|    -   |    -   |    -   |
|  Register |    -   |   10   |    -   |
+-----------+--------+--------+--------+
|   Total   |    1   |   10   |   150  |
+-----------+--------+--------+--------+
