/home/fede/PhD/transformer-hls/runs/mnist_vit_block_20260619_144418_0b8dc3f6/build/ViT_Block/ViT_Block/.autopilot/db/vit_params.pp.0.cpp:1471:7: warning: Added loop label VITIS_LOOP_1211_1:   [xilinx-label-all-loops]
      for (i = 0; i < __N - 1; ++i) {
      ^~~
      VITIS_LOOP_1211_1: 
/home/fede/PhD/transformer-hls/runs/mnist_vit_block_20260619_144418_0b8dc3f6/build/ViT_Block/ViT_Block/.autopilot/db/vit_params.pp.0.cpp:1471:7: note: FIX-IT applied suggested code changes
/home/fede/PhD/transformer-hls/runs/mnist_vit_block_20260619_144418_0b8dc3f6/build/ViT_Block/ViT_Block/.autopilot/db/vit_params.pp.0.cpp:2445:5: warning: Added loop label VITIS_LOOP_676_1:   [xilinx-label-all-loops]
    for (unsigned i = low; i != high; ++i) {
    ^~~
    VITIS_LOOP_676_1: 
/home/fede/PhD/transformer-hls/runs/mnist_vit_block_20260619_144418_0b8dc3f6/build/ViT_Block/ViT_Block/.autopilot/db/vit_params.pp.0.cpp:2445:5: note: FIX-IT applied suggested code changes
/home/fede/PhD/transformer-hls/runs/mnist_vit_block_20260619_144418_0b8dc3f6/build/ViT_Block/ViT_Block/.autopilot/db/vit_params.pp.0.cpp:2459:5: warning: Added loop label VITIS_LOOP_690_1:   [xilinx-label-all-loops]
    for (unsigned i = low; i != high; ++i) {
    ^~~
    VITIS_LOOP_690_1: 
/home/fede/PhD/transformer-hls/runs/mnist_vit_block_20260619_144418_0b8dc3f6/build/ViT_Block/ViT_Block/.autopilot/db/vit_params.pp.0.cpp:2459:5: note: FIX-IT applied suggested code changes
/home/fede/PhD/transformer-hls/runs/mnist_vit_block_20260619_144418_0b8dc3f6/build/ViT_Block/ViT_Block/.autopilot/db/vit_params.pp.0.cpp:2473:5: warning: Added loop label VITIS_LOOP_704_1:   [xilinx-label-all-loops]
    for (unsigned i = low; i != high; ++i) {
    ^~~
    VITIS_LOOP_704_1: 
/home/fede/PhD/transformer-hls/runs/mnist_vit_block_20260619_144418_0b8dc3f6/build/ViT_Block/ViT_Block/.autopilot/db/vit_params.pp.0.cpp:2473:5: note: FIX-IT applied suggested code changes
/home/fede/PhD/transformer-hls/runs/mnist_vit_block_20260619_144418_0b8dc3f6/build/ViT_Block/ViT_Block/.autopilot/db/vit_params.pp.0.cpp:4072:7: warning: Added loop label VITIS_LOOP_1245_1:   [xilinx-label-all-loops]
      for (i = 0; i < __N - 1; ++i) {
      ^~~
      VITIS_LOOP_1245_1: 
/home/fede/PhD/transformer-hls/runs/mnist_vit_block_20260619_144418_0b8dc3f6/build/ViT_Block/ViT_Block/.autopilot/db/vit_params.pp.0.cpp:4072:7: note: FIX-IT applied suggested code changes
