

================================================================
== Vitis HLS Report for 'ViT_Block'
================================================================
* Date:           Tue Jun 23 12:41:54 2026

* Version:        2022.2 (Build 3670227 on Oct 13 2022)
* Project:        ViT_Block
* Solution:       ViT_Block (Vivado IP Flow Target)
* Product family: virtexuplus
* Target device:  xcu250-figd2104-2L-e


================================================================
== Performance Estimates
================================================================
+ Timing: 
    * Summary: 
    +--------+----------+----------+------------+
    |  Clock |  Target  | Estimated| Uncertainty|
    +--------+----------+----------+------------+
    |ap_clk  |  10.00 ns|  7.300 ns|     2.70 ns|
    +--------+----------+----------+------------+

+ Latency: 
    * Summary: 
    +---------+---------+----------+----------+-----+-----+----------+
    |  Latency (cycles) |  Latency (absolute) |  Interval | Pipeline |
    |   min   |   max   |    min   |    max   | min | max |   Type   |
    +---------+---------+----------+----------+-----+-----+----------+
    |        ?|        ?|         ?|         ?|    ?|    ?|  dataflow|
    +---------+---------+----------+----------+-----+-----+----------+

    + Detail: 
        * Instance: 
        +-------------------+----------------+---------+---------+----------+----------+-----+-----+----------+
        |                   |                |  Latency (cycles) |  Latency (absolute) |  Interval | Pipeline |
        |      Instance     |     Module     |   min   |   max   |    min   |    max   | min | max |   Type   |
        +-------------------+----------------+---------+---------+----------+----------+-----+-----+----------+
        |axis_to_apuint_U0  |axis_to_apuint  |      274|      274|  2.740 us|  2.740 us|  274|  274|        no|
        |ViT_Block_Core_U0  |ViT_Block_Core  |        ?|        ?|         ?|         ?|    ?|    ?|  dataflow|
        |apuint_to_axis_U0  |apuint_to_axis  |      275|      275|  2.750 us|  2.750 us|  275|  275|        no|
        +-------------------+----------------+---------+---------+----------+----------+-----+-----+----------+

        * Loop: 
        N/A



================================================================
== Utilization Estimates
================================================================
* Summary: 
+---------------------+---------+-------+---------+---------+------+
|         Name        | BRAM_18K|  DSP  |    FF   |   LUT   | URAM |
+---------------------+---------+-------+---------+---------+------+
|DSP                  |        -|      -|        -|        -|     -|
|Expression           |        -|      -|        0|       12|     -|
|FIFO                 |        -|      -|       40|       30|     -|
|Instance             |       13|    196|    68573|    70576|     0|
|Memory               |        -|      -|        -|        -|     -|
|Multiplexer          |        -|      -|        -|       18|     -|
|Register             |        -|      -|        2|        -|     -|
+---------------------+---------+-------+---------+---------+------+
|Total                |       13|    196|    68615|    70636|     0|
+---------------------+---------+-------+---------+---------+------+
|Available SLR        |     1344|   3072|   864000|   432000|   320|
+---------------------+---------+-------+---------+---------+------+
|Utilization SLR (%)  |       ~0|      6|        7|       16|     0|
+---------------------+---------+-------+---------+---------+------+
|Available            |     5376|  12288|  3456000|  1728000|  1280|
+---------------------+---------+-------+---------+---------+------+
|Utilization (%)      |       ~0|      1|        1|        4|     0|
+---------------------+---------+-------+---------+---------+------+

+ Detail: 
    * Instance: 
    +-------------------+----------------+---------+-----+-------+-------+-----+
    |      Instance     |     Module     | BRAM_18K| DSP |   FF  |  LUT  | URAM|
    +-------------------+----------------+---------+-----+-------+-------+-----+
    |K_m_axi_U          |K_m_axi         |        0|    0|    655|    953|    0|
    |Out_r_m_axi_U      |Out_r_m_axi     |        0|    0|    655|    953|    0|
    |Q_m_axi_U          |Q_m_axi         |        0|    0|    655|    953|    0|
    |V_m_axi_U          |V_m_axi         |        0|    0|    655|    953|    0|
    |ViT_Block_Core_U0  |ViT_Block_Core  |       13|  196|  64152|  63861|    0|
    |apuint_to_axis_U0  |apuint_to_axis  |        0|    0|     15|    100|    0|
    |axis_to_apuint_U0  |axis_to_apuint  |        0|    0|     20|     89|    0|
    |control_s_axi_U    |control_s_axi   |        0|    0|    456|    808|    0|
    |gmem0_m_axi_U      |gmem0_m_axi     |        0|    0|    655|    953|    0|
    |gmem1_m_axi_U      |gmem1_m_axi     |        0|    0|    655|    953|    0|
    +-------------------+----------------+---------+-----+-------+-------+-----+
    |Total              |                |       13|  196|  68573|  70576|    0|
    +-------------------+----------------+---------+-----+-------+-------+-----+

    * DSP: 
    N/A

    * Memory: 
    N/A

    * FIFO: 
    +-----------------+---------+----+----+-----+------+-----+---------+
    |       Name      | BRAM_18K| FF | LUT| URAM| Depth| Bits| Size:D*B|
    +-----------------+---------+----+----+-----+------+-----+---------+
    |input_stream_U   |        0|  20|   0|    -|     2|    8|       16|
    |output_stream_U  |        0|  20|   0|    -|     2|    8|       16|
    +-----------------+---------+----+----+-----+------+-----+---------+
    |Total            |        0|  40|   0|    0|     4|   16|       32|
    +-----------------+---------+----+----+-----+------+-----+---------+

    * Expression: 
    +------------------------------------+----------+----+---+----+------------+------------+
    |            Variable Name           | Operation| DSP| FF| LUT| Bitwidth P0| Bitwidth P1|
    +------------------------------------+----------+----+---+----+------------+------------+
    |ViT_Block_Core_U0_ap_start          |       and|   0|  0|   2|           1|           1|
    |ap_idle                             |       and|   0|  0|   2|           1|           1|
    |ap_sync_ready                       |       and|   0|  0|   2|           1|           1|
    |axis_to_apuint_U0_ap_start          |       and|   0|  0|   2|           1|           1|
    |ap_sync_ViT_Block_Core_U0_ap_ready  |        or|   0|  0|   2|           1|           1|
    |ap_sync_axis_to_apuint_U0_ap_ready  |        or|   0|  0|   2|           1|           1|
    +------------------------------------+----------+----+---+----+------------+------------+
    |Total                               |          |   0|  0|  12|           6|           6|
    +------------------------------------+----------+----+---+----+------------+------------+

    * Multiplexer: 
    +----------------------------------------+----+-----------+-----+-----------+
    |                  Name                  | LUT| Input Size| Bits| Total Bits|
    +----------------------------------------+----+-----------+-----+-----------+
    |ap_sync_reg_ViT_Block_Core_U0_ap_ready  |   9|          2|    1|          2|
    |ap_sync_reg_axis_to_apuint_U0_ap_ready  |   9|          2|    1|          2|
    +----------------------------------------+----+-----------+-----+-----------+
    |Total                                   |  18|          4|    2|          4|
    +----------------------------------------+----+-----------+-----+-----------+

    * Register: 
    +----------------------------------------+---+----+-----+-----------+
    |                  Name                  | FF| LUT| Bits| Const Bits|
    +----------------------------------------+---+----+-----+-----------+
    |ap_sync_reg_ViT_Block_Core_U0_ap_ready  |  1|   0|    1|          0|
    |ap_sync_reg_axis_to_apuint_U0_ap_ready  |  1|   0|    1|          0|
    +----------------------------------------+---+----+-----+-----------+
    |Total                                   |  2|   0|    2|          0|
    +----------------------------------------+---+----+-----+-----------+



================================================================
== Interface
================================================================
* Summary: 
+-----------------------+-----+-----+------------+----------------+--------------+
|       RTL Ports       | Dir | Bits|  Protocol  |  Source Object |    C Type    |
+-----------------------+-----+-----+------------+----------------+--------------+
|s_axi_control_AWVALID  |   in|    1|       s_axi|         control|        scalar|
|s_axi_control_AWREADY  |  out|    1|       s_axi|         control|        scalar|
|s_axi_control_AWADDR   |   in|    7|       s_axi|         control|        scalar|
|s_axi_control_WVALID   |   in|    1|       s_axi|         control|        scalar|
|s_axi_control_WREADY   |  out|    1|       s_axi|         control|        scalar|
|s_axi_control_WDATA    |   in|   32|       s_axi|         control|        scalar|
|s_axi_control_WSTRB    |   in|    4|       s_axi|         control|        scalar|
|s_axi_control_ARVALID  |   in|    1|       s_axi|         control|        scalar|
|s_axi_control_ARREADY  |  out|    1|       s_axi|         control|        scalar|
|s_axi_control_ARADDR   |   in|    7|       s_axi|         control|        scalar|
|s_axi_control_RVALID   |  out|    1|       s_axi|         control|        scalar|
|s_axi_control_RREADY   |   in|    1|       s_axi|         control|        scalar|
|s_axi_control_RDATA    |  out|   32|       s_axi|         control|        scalar|
|s_axi_control_RRESP    |  out|    2|       s_axi|         control|        scalar|
|s_axi_control_BVALID   |  out|    1|       s_axi|         control|        scalar|
|s_axi_control_BREADY   |   in|    1|       s_axi|         control|        scalar|
|s_axi_control_BRESP    |  out|    2|       s_axi|         control|        scalar|
|ap_clk                 |   in|    1|  ap_ctrl_hs|       ViT_Block|  return value|
|ap_rst_n               |   in|    1|  ap_ctrl_hs|       ViT_Block|  return value|
|interrupt              |  out|    1|  ap_ctrl_hs|       ViT_Block|  return value|
|m_axi_K_AWVALID        |  out|    1|       m_axi|               K|       pointer|
|m_axi_K_AWREADY        |   in|    1|       m_axi|               K|       pointer|
|m_axi_K_AWADDR         |  out|   64|       m_axi|               K|       pointer|
|m_axi_K_AWID           |  out|    1|       m_axi|               K|       pointer|
|m_axi_K_AWLEN          |  out|    8|       m_axi|               K|       pointer|
|m_axi_K_AWSIZE         |  out|    3|       m_axi|               K|       pointer|
|m_axi_K_AWBURST        |  out|    2|       m_axi|               K|       pointer|
|m_axi_K_AWLOCK         |  out|    2|       m_axi|               K|       pointer|
|m_axi_K_AWCACHE        |  out|    4|       m_axi|               K|       pointer|
|m_axi_K_AWPROT         |  out|    3|       m_axi|               K|       pointer|
|m_axi_K_AWQOS          |  out|    4|       m_axi|               K|       pointer|
|m_axi_K_AWREGION       |  out|    4|       m_axi|               K|       pointer|
|m_axi_K_AWUSER         |  out|    1|       m_axi|               K|       pointer|
|m_axi_K_WVALID         |  out|    1|       m_axi|               K|       pointer|
|m_axi_K_WREADY         |   in|    1|       m_axi|               K|       pointer|
|m_axi_K_WDATA          |  out|   32|       m_axi|               K|       pointer|
|m_axi_K_WSTRB          |  out|    4|       m_axi|               K|       pointer|
|m_axi_K_WLAST          |  out|    1|       m_axi|               K|       pointer|
|m_axi_K_WID            |  out|    1|       m_axi|               K|       pointer|
|m_axi_K_WUSER          |  out|    1|       m_axi|               K|       pointer|
|m_axi_K_ARVALID        |  out|    1|       m_axi|               K|       pointer|
|m_axi_K_ARREADY        |   in|    1|       m_axi|               K|       pointer|
|m_axi_K_ARADDR         |  out|   64|       m_axi|               K|       pointer|
|m_axi_K_ARID           |  out|    1|       m_axi|               K|       pointer|
|m_axi_K_ARLEN          |  out|    8|       m_axi|               K|       pointer|
|m_axi_K_ARSIZE         |  out|    3|       m_axi|               K|       pointer|
|m_axi_K_ARBURST        |  out|    2|       m_axi|               K|       pointer|
|m_axi_K_ARLOCK         |  out|    2|       m_axi|               K|       pointer|
|m_axi_K_ARCACHE        |  out|    4|       m_axi|               K|       pointer|
|m_axi_K_ARPROT         |  out|    3|       m_axi|               K|       pointer|
|m_axi_K_ARQOS          |  out|    4|       m_axi|               K|       pointer|
|m_axi_K_ARREGION       |  out|    4|       m_axi|               K|       pointer|
|m_axi_K_ARUSER         |  out|    1|       m_axi|               K|       pointer|
|m_axi_K_RVALID         |   in|    1|       m_axi|               K|       pointer|
|m_axi_K_RREADY         |  out|    1|       m_axi|               K|       pointer|
|m_axi_K_RDATA          |   in|   32|       m_axi|               K|       pointer|
|m_axi_K_RLAST          |   in|    1|       m_axi|               K|       pointer|
|m_axi_K_RID            |   in|    1|       m_axi|               K|       pointer|
|m_axi_K_RUSER          |   in|    1|       m_axi|               K|       pointer|
|m_axi_K_RRESP          |   in|    2|       m_axi|               K|       pointer|
|m_axi_K_BVALID         |   in|    1|       m_axi|               K|       pointer|
|m_axi_K_BREADY         |  out|    1|       m_axi|               K|       pointer|
|m_axi_K_BRESP          |   in|    2|       m_axi|               K|       pointer|
|m_axi_K_BID            |   in|    1|       m_axi|               K|       pointer|
|m_axi_K_BUSER          |   in|    1|       m_axi|               K|       pointer|
|m_axi_Out_r_AWVALID    |  out|    1|       m_axi|           Out_r|       pointer|
|m_axi_Out_r_AWREADY    |   in|    1|       m_axi|           Out_r|       pointer|
|m_axi_Out_r_AWADDR     |  out|   64|       m_axi|           Out_r|       pointer|
|m_axi_Out_r_AWID       |  out|    1|       m_axi|           Out_r|       pointer|
|m_axi_Out_r_AWLEN      |  out|    8|       m_axi|           Out_r|       pointer|
|m_axi_Out_r_AWSIZE     |  out|    3|       m_axi|           Out_r|       pointer|
|m_axi_Out_r_AWBURST    |  out|    2|       m_axi|           Out_r|       pointer|
|m_axi_Out_r_AWLOCK     |  out|    2|       m_axi|           Out_r|       pointer|
|m_axi_Out_r_AWCACHE    |  out|    4|       m_axi|           Out_r|       pointer|
|m_axi_Out_r_AWPROT     |  out|    3|       m_axi|           Out_r|       pointer|
|m_axi_Out_r_AWQOS      |  out|    4|       m_axi|           Out_r|       pointer|
|m_axi_Out_r_AWREGION   |  out|    4|       m_axi|           Out_r|       pointer|
|m_axi_Out_r_AWUSER     |  out|    1|       m_axi|           Out_r|       pointer|
|m_axi_Out_r_WVALID     |  out|    1|       m_axi|           Out_r|       pointer|
|m_axi_Out_r_WREADY     |   in|    1|       m_axi|           Out_r|       pointer|
|m_axi_Out_r_WDATA      |  out|   32|       m_axi|           Out_r|       pointer|
|m_axi_Out_r_WSTRB      |  out|    4|       m_axi|           Out_r|       pointer|
|m_axi_Out_r_WLAST      |  out|    1|       m_axi|           Out_r|       pointer|
|m_axi_Out_r_WID        |  out|    1|       m_axi|           Out_r|       pointer|
|m_axi_Out_r_WUSER      |  out|    1|       m_axi|           Out_r|       pointer|
|m_axi_Out_r_ARVALID    |  out|    1|       m_axi|           Out_r|       pointer|
|m_axi_Out_r_ARREADY    |   in|    1|       m_axi|           Out_r|       pointer|
|m_axi_Out_r_ARADDR     |  out|   64|       m_axi|           Out_r|       pointer|
|m_axi_Out_r_ARID       |  out|    1|       m_axi|           Out_r|       pointer|
|m_axi_Out_r_ARLEN      |  out|    8|       m_axi|           Out_r|       pointer|
|m_axi_Out_r_ARSIZE     |  out|    3|       m_axi|           Out_r|       pointer|
|m_axi_Out_r_ARBURST    |  out|    2|       m_axi|           Out_r|       pointer|
|m_axi_Out_r_ARLOCK     |  out|    2|       m_axi|           Out_r|       pointer|
|m_axi_Out_r_ARCACHE    |  out|    4|       m_axi|           Out_r|       pointer|
|m_axi_Out_r_ARPROT     |  out|    3|       m_axi|           Out_r|       pointer|
|m_axi_Out_r_ARQOS      |  out|    4|       m_axi|           Out_r|       pointer|
|m_axi_Out_r_ARREGION   |  out|    4|       m_axi|           Out_r|       pointer|
|m_axi_Out_r_ARUSER     |  out|    1|       m_axi|           Out_r|       pointer|
|m_axi_Out_r_RVALID     |   in|    1|       m_axi|           Out_r|       pointer|
|m_axi_Out_r_RREADY     |  out|    1|       m_axi|           Out_r|       pointer|
|m_axi_Out_r_RDATA      |   in|   32|       m_axi|           Out_r|       pointer|
|m_axi_Out_r_RLAST      |   in|    1|       m_axi|           Out_r|       pointer|
|m_axi_Out_r_RID        |   in|    1|       m_axi|           Out_r|       pointer|
|m_axi_Out_r_RUSER      |   in|    1|       m_axi|           Out_r|       pointer|
|m_axi_Out_r_RRESP      |   in|    2|       m_axi|           Out_r|       pointer|
|m_axi_Out_r_BVALID     |   in|    1|       m_axi|           Out_r|       pointer|
|m_axi_Out_r_BREADY     |  out|    1|       m_axi|           Out_r|       pointer|
|m_axi_Out_r_BRESP      |   in|    2|       m_axi|           Out_r|       pointer|
|m_axi_Out_r_BID        |   in|    1|       m_axi|           Out_r|       pointer|
|m_axi_Out_r_BUSER      |   in|    1|       m_axi|           Out_r|       pointer|
|m_axi_Q_AWVALID        |  out|    1|       m_axi|               Q|       pointer|
|m_axi_Q_AWREADY        |   in|    1|       m_axi|               Q|       pointer|
|m_axi_Q_AWADDR         |  out|   64|       m_axi|               Q|       pointer|
|m_axi_Q_AWID           |  out|    1|       m_axi|               Q|       pointer|
|m_axi_Q_AWLEN          |  out|    8|       m_axi|               Q|       pointer|
|m_axi_Q_AWSIZE         |  out|    3|       m_axi|               Q|       pointer|
|m_axi_Q_AWBURST        |  out|    2|       m_axi|               Q|       pointer|
|m_axi_Q_AWLOCK         |  out|    2|       m_axi|               Q|       pointer|
|m_axi_Q_AWCACHE        |  out|    4|       m_axi|               Q|       pointer|
|m_axi_Q_AWPROT         |  out|    3|       m_axi|               Q|       pointer|
|m_axi_Q_AWQOS          |  out|    4|       m_axi|               Q|       pointer|
|m_axi_Q_AWREGION       |  out|    4|       m_axi|               Q|       pointer|
|m_axi_Q_AWUSER         |  out|    1|       m_axi|               Q|       pointer|
|m_axi_Q_WVALID         |  out|    1|       m_axi|               Q|       pointer|
|m_axi_Q_WREADY         |   in|    1|       m_axi|               Q|       pointer|
|m_axi_Q_WDATA          |  out|   32|       m_axi|               Q|       pointer|
|m_axi_Q_WSTRB          |  out|    4|       m_axi|               Q|       pointer|
|m_axi_Q_WLAST          |  out|    1|       m_axi|               Q|       pointer|
|m_axi_Q_WID            |  out|    1|       m_axi|               Q|       pointer|
|m_axi_Q_WUSER          |  out|    1|       m_axi|               Q|       pointer|
|m_axi_Q_ARVALID        |  out|    1|       m_axi|               Q|       pointer|
|m_axi_Q_ARREADY        |   in|    1|       m_axi|               Q|       pointer|
|m_axi_Q_ARADDR         |  out|   64|       m_axi|               Q|       pointer|
|m_axi_Q_ARID           |  out|    1|       m_axi|               Q|       pointer|
|m_axi_Q_ARLEN          |  out|    8|       m_axi|               Q|       pointer|
|m_axi_Q_ARSIZE         |  out|    3|       m_axi|               Q|       pointer|
|m_axi_Q_ARBURST        |  out|    2|       m_axi|               Q|       pointer|
|m_axi_Q_ARLOCK         |  out|    2|       m_axi|               Q|       pointer|
|m_axi_Q_ARCACHE        |  out|    4|       m_axi|               Q|       pointer|
|m_axi_Q_ARPROT         |  out|    3|       m_axi|               Q|       pointer|
|m_axi_Q_ARQOS          |  out|    4|       m_axi|               Q|       pointer|
|m_axi_Q_ARREGION       |  out|    4|       m_axi|               Q|       pointer|
|m_axi_Q_ARUSER         |  out|    1|       m_axi|               Q|       pointer|
|m_axi_Q_RVALID         |   in|    1|       m_axi|               Q|       pointer|
|m_axi_Q_RREADY         |  out|    1|       m_axi|               Q|       pointer|
|m_axi_Q_RDATA          |   in|   32|       m_axi|               Q|       pointer|
|m_axi_Q_RLAST          |   in|    1|       m_axi|               Q|       pointer|
|m_axi_Q_RID            |   in|    1|       m_axi|               Q|       pointer|
|m_axi_Q_RUSER          |   in|    1|       m_axi|               Q|       pointer|
|m_axi_Q_RRESP          |   in|    2|       m_axi|               Q|       pointer|
|m_axi_Q_BVALID         |   in|    1|       m_axi|               Q|       pointer|
|m_axi_Q_BREADY         |  out|    1|       m_axi|               Q|       pointer|
|m_axi_Q_BRESP          |   in|    2|       m_axi|               Q|       pointer|
|m_axi_Q_BID            |   in|    1|       m_axi|               Q|       pointer|
|m_axi_Q_BUSER          |   in|    1|       m_axi|               Q|       pointer|
|m_axi_V_AWVALID        |  out|    1|       m_axi|               V|       pointer|
|m_axi_V_AWREADY        |   in|    1|       m_axi|               V|       pointer|
|m_axi_V_AWADDR         |  out|   64|       m_axi|               V|       pointer|
|m_axi_V_AWID           |  out|    1|       m_axi|               V|       pointer|
|m_axi_V_AWLEN          |  out|    8|       m_axi|               V|       pointer|
|m_axi_V_AWSIZE         |  out|    3|       m_axi|               V|       pointer|
|m_axi_V_AWBURST        |  out|    2|       m_axi|               V|       pointer|
|m_axi_V_AWLOCK         |  out|    2|       m_axi|               V|       pointer|
|m_axi_V_AWCACHE        |  out|    4|       m_axi|               V|       pointer|
|m_axi_V_AWPROT         |  out|    3|       m_axi|               V|       pointer|
|m_axi_V_AWQOS          |  out|    4|       m_axi|               V|       pointer|
|m_axi_V_AWREGION       |  out|    4|       m_axi|               V|       pointer|
|m_axi_V_AWUSER         |  out|    1|       m_axi|               V|       pointer|
|m_axi_V_WVALID         |  out|    1|       m_axi|               V|       pointer|
|m_axi_V_WREADY         |   in|    1|       m_axi|               V|       pointer|
|m_axi_V_WDATA          |  out|   32|       m_axi|               V|       pointer|
|m_axi_V_WSTRB          |  out|    4|       m_axi|               V|       pointer|
|m_axi_V_WLAST          |  out|    1|       m_axi|               V|       pointer|
|m_axi_V_WID            |  out|    1|       m_axi|               V|       pointer|
|m_axi_V_WUSER          |  out|    1|       m_axi|               V|       pointer|
|m_axi_V_ARVALID        |  out|    1|       m_axi|               V|       pointer|
|m_axi_V_ARREADY        |   in|    1|       m_axi|               V|       pointer|
|m_axi_V_ARADDR         |  out|   64|       m_axi|               V|       pointer|
|m_axi_V_ARID           |  out|    1|       m_axi|               V|       pointer|
|m_axi_V_ARLEN          |  out|    8|       m_axi|               V|       pointer|
|m_axi_V_ARSIZE         |  out|    3|       m_axi|               V|       pointer|
|m_axi_V_ARBURST        |  out|    2|       m_axi|               V|       pointer|
|m_axi_V_ARLOCK         |  out|    2|       m_axi|               V|       pointer|
|m_axi_V_ARCACHE        |  out|    4|       m_axi|               V|       pointer|
|m_axi_V_ARPROT         |  out|    3|       m_axi|               V|       pointer|
|m_axi_V_ARQOS          |  out|    4|       m_axi|               V|       pointer|
|m_axi_V_ARREGION       |  out|    4|       m_axi|               V|       pointer|
|m_axi_V_ARUSER         |  out|    1|       m_axi|               V|       pointer|
|m_axi_V_RVALID         |   in|    1|       m_axi|               V|       pointer|
|m_axi_V_RREADY         |  out|    1|       m_axi|               V|       pointer|
|m_axi_V_RDATA          |   in|   32|       m_axi|               V|       pointer|
|m_axi_V_RLAST          |   in|    1|       m_axi|               V|       pointer|
|m_axi_V_RID            |   in|    1|       m_axi|               V|       pointer|
|m_axi_V_RUSER          |   in|    1|       m_axi|               V|       pointer|
|m_axi_V_RRESP          |   in|    2|       m_axi|               V|       pointer|
|m_axi_V_BVALID         |   in|    1|       m_axi|               V|       pointer|
|m_axi_V_BREADY         |  out|    1|       m_axi|               V|       pointer|
|m_axi_V_BRESP          |   in|    2|       m_axi|               V|       pointer|
|m_axi_V_BID            |   in|    1|       m_axi|               V|       pointer|
|m_axi_V_BUSER          |   in|    1|       m_axi|               V|       pointer|
|m_axi_gmem0_AWVALID    |  out|    1|       m_axi|           gmem0|       pointer|
|m_axi_gmem0_AWREADY    |   in|    1|       m_axi|           gmem0|       pointer|
|m_axi_gmem0_AWADDR     |  out|   64|       m_axi|           gmem0|       pointer|
|m_axi_gmem0_AWID       |  out|    1|       m_axi|           gmem0|       pointer|
|m_axi_gmem0_AWLEN      |  out|    8|       m_axi|           gmem0|       pointer|
|m_axi_gmem0_AWSIZE     |  out|    3|       m_axi|           gmem0|       pointer|
|m_axi_gmem0_AWBURST    |  out|    2|       m_axi|           gmem0|       pointer|
|m_axi_gmem0_AWLOCK     |  out|    2|       m_axi|           gmem0|       pointer|
|m_axi_gmem0_AWCACHE    |  out|    4|       m_axi|           gmem0|       pointer|
|m_axi_gmem0_AWPROT     |  out|    3|       m_axi|           gmem0|       pointer|
|m_axi_gmem0_AWQOS      |  out|    4|       m_axi|           gmem0|       pointer|
|m_axi_gmem0_AWREGION   |  out|    4|       m_axi|           gmem0|       pointer|
|m_axi_gmem0_AWUSER     |  out|    1|       m_axi|           gmem0|       pointer|
|m_axi_gmem0_WVALID     |  out|    1|       m_axi|           gmem0|       pointer|
|m_axi_gmem0_WREADY     |   in|    1|       m_axi|           gmem0|       pointer|
|m_axi_gmem0_WDATA      |  out|   32|       m_axi|           gmem0|       pointer|
|m_axi_gmem0_WSTRB      |  out|    4|       m_axi|           gmem0|       pointer|
|m_axi_gmem0_WLAST      |  out|    1|       m_axi|           gmem0|       pointer|
|m_axi_gmem0_WID        |  out|    1|       m_axi|           gmem0|       pointer|
|m_axi_gmem0_WUSER      |  out|    1|       m_axi|           gmem0|       pointer|
|m_axi_gmem0_ARVALID    |  out|    1|       m_axi|           gmem0|       pointer|
|m_axi_gmem0_ARREADY    |   in|    1|       m_axi|           gmem0|       pointer|
|m_axi_gmem0_ARADDR     |  out|   64|       m_axi|           gmem0|       pointer|
|m_axi_gmem0_ARID       |  out|    1|       m_axi|           gmem0|       pointer|
|m_axi_gmem0_ARLEN      |  out|    8|       m_axi|           gmem0|       pointer|
|m_axi_gmem0_ARSIZE     |  out|    3|       m_axi|           gmem0|       pointer|
|m_axi_gmem0_ARBURST    |  out|    2|       m_axi|           gmem0|       pointer|
|m_axi_gmem0_ARLOCK     |  out|    2|       m_axi|           gmem0|       pointer|
|m_axi_gmem0_ARCACHE    |  out|    4|       m_axi|           gmem0|       pointer|
|m_axi_gmem0_ARPROT     |  out|    3|       m_axi|           gmem0|       pointer|
|m_axi_gmem0_ARQOS      |  out|    4|       m_axi|           gmem0|       pointer|
|m_axi_gmem0_ARREGION   |  out|    4|       m_axi|           gmem0|       pointer|
|m_axi_gmem0_ARUSER     |  out|    1|       m_axi|           gmem0|       pointer|
|m_axi_gmem0_RVALID     |   in|    1|       m_axi|           gmem0|       pointer|
|m_axi_gmem0_RREADY     |  out|    1|       m_axi|           gmem0|       pointer|
|m_axi_gmem0_RDATA      |   in|   32|       m_axi|           gmem0|       pointer|
|m_axi_gmem0_RLAST      |   in|    1|       m_axi|           gmem0|       pointer|
|m_axi_gmem0_RID        |   in|    1|       m_axi|           gmem0|       pointer|
|m_axi_gmem0_RUSER      |   in|    1|       m_axi|           gmem0|       pointer|
|m_axi_gmem0_RRESP      |   in|    2|       m_axi|           gmem0|       pointer|
|m_axi_gmem0_BVALID     |   in|    1|       m_axi|           gmem0|       pointer|
|m_axi_gmem0_BREADY     |  out|    1|       m_axi|           gmem0|       pointer|
|m_axi_gmem0_BRESP      |   in|    2|       m_axi|           gmem0|       pointer|
|m_axi_gmem0_BID        |   in|    1|       m_axi|           gmem0|       pointer|
|m_axi_gmem0_BUSER      |   in|    1|       m_axi|           gmem0|       pointer|
|m_axi_gmem1_AWVALID    |  out|    1|       m_axi|           gmem1|       pointer|
|m_axi_gmem1_AWREADY    |   in|    1|       m_axi|           gmem1|       pointer|
|m_axi_gmem1_AWADDR     |  out|   64|       m_axi|           gmem1|       pointer|
|m_axi_gmem1_AWID       |  out|    1|       m_axi|           gmem1|       pointer|
|m_axi_gmem1_AWLEN      |  out|    8|       m_axi|           gmem1|       pointer|
|m_axi_gmem1_AWSIZE     |  out|    3|       m_axi|           gmem1|       pointer|
|m_axi_gmem1_AWBURST    |  out|    2|       m_axi|           gmem1|       pointer|
|m_axi_gmem1_AWLOCK     |  out|    2|       m_axi|           gmem1|       pointer|
|m_axi_gmem1_AWCACHE    |  out|    4|       m_axi|           gmem1|       pointer|
|m_axi_gmem1_AWPROT     |  out|    3|       m_axi|           gmem1|       pointer|
|m_axi_gmem1_AWQOS      |  out|    4|       m_axi|           gmem1|       pointer|
|m_axi_gmem1_AWREGION   |  out|    4|       m_axi|           gmem1|       pointer|
|m_axi_gmem1_AWUSER     |  out|    1|       m_axi|           gmem1|       pointer|
|m_axi_gmem1_WVALID     |  out|    1|       m_axi|           gmem1|       pointer|
|m_axi_gmem1_WREADY     |   in|    1|       m_axi|           gmem1|       pointer|
|m_axi_gmem1_WDATA      |  out|   32|       m_axi|           gmem1|       pointer|
|m_axi_gmem1_WSTRB      |  out|    4|       m_axi|           gmem1|       pointer|
|m_axi_gmem1_WLAST      |  out|    1|       m_axi|           gmem1|       pointer|
|m_axi_gmem1_WID        |  out|    1|       m_axi|           gmem1|       pointer|
|m_axi_gmem1_WUSER      |  out|    1|       m_axi|           gmem1|       pointer|
|m_axi_gmem1_ARVALID    |  out|    1|       m_axi|           gmem1|       pointer|
|m_axi_gmem1_ARREADY    |   in|    1|       m_axi|           gmem1|       pointer|
|m_axi_gmem1_ARADDR     |  out|   64|       m_axi|           gmem1|       pointer|
|m_axi_gmem1_ARID       |  out|    1|       m_axi|           gmem1|       pointer|
|m_axi_gmem1_ARLEN      |  out|    8|       m_axi|           gmem1|       pointer|
|m_axi_gmem1_ARSIZE     |  out|    3|       m_axi|           gmem1|       pointer|
|m_axi_gmem1_ARBURST    |  out|    2|       m_axi|           gmem1|       pointer|
|m_axi_gmem1_ARLOCK     |  out|    2|       m_axi|           gmem1|       pointer|
|m_axi_gmem1_ARCACHE    |  out|    4|       m_axi|           gmem1|       pointer|
|m_axi_gmem1_ARPROT     |  out|    3|       m_axi|           gmem1|       pointer|
|m_axi_gmem1_ARQOS      |  out|    4|       m_axi|           gmem1|       pointer|
|m_axi_gmem1_ARREGION   |  out|    4|       m_axi|           gmem1|       pointer|
|m_axi_gmem1_ARUSER     |  out|    1|       m_axi|           gmem1|       pointer|
|m_axi_gmem1_RVALID     |   in|    1|       m_axi|           gmem1|       pointer|
|m_axi_gmem1_RREADY     |  out|    1|       m_axi|           gmem1|       pointer|
|m_axi_gmem1_RDATA      |   in|   32|       m_axi|           gmem1|       pointer|
|m_axi_gmem1_RLAST      |   in|    1|       m_axi|           gmem1|       pointer|
|m_axi_gmem1_RID        |   in|    1|       m_axi|           gmem1|       pointer|
|m_axi_gmem1_RUSER      |   in|    1|       m_axi|           gmem1|       pointer|
|m_axi_gmem1_RRESP      |   in|    2|       m_axi|           gmem1|       pointer|
|m_axi_gmem1_BVALID     |   in|    1|       m_axi|           gmem1|       pointer|
|m_axi_gmem1_BREADY     |  out|    1|       m_axi|           gmem1|       pointer|
|m_axi_gmem1_BRESP      |   in|    2|       m_axi|           gmem1|       pointer|
|m_axi_gmem1_BID        |   in|    1|       m_axi|           gmem1|       pointer|
|m_axi_gmem1_BUSER      |   in|    1|       m_axi|           gmem1|       pointer|
|in_r_TDATA             |   in|    8|        axis|   in_r_V_data_V|       pointer|
|in_r_TKEEP             |   in|    1|        axis|   in_r_V_keep_V|       pointer|
|in_r_TSTRB             |   in|    1|        axis|   in_r_V_strb_V|       pointer|
|in_r_TLAST             |   in|    1|        axis|   in_r_V_last_V|       pointer|
|in_r_TVALID            |   in|    1|        axis|   in_r_V_last_V|       pointer|
|in_r_TREADY            |  out|    1|        axis|   in_r_V_last_V|       pointer|
|out_r_TDATA            |  out|    8|        axis|  out_r_V_data_V|       pointer|
|out_r_TKEEP            |  out|    1|        axis|  out_r_V_keep_V|       pointer|
|out_r_TSTRB            |  out|    1|        axis|  out_r_V_strb_V|       pointer|
|out_r_TLAST            |  out|    1|        axis|  out_r_V_last_V|       pointer|
|out_r_TVALID           |  out|    1|        axis|  out_r_V_last_V|       pointer|
|out_r_TREADY           |   in|    1|        axis|  out_r_V_last_V|       pointer|
+-----------------------+-----+-----+------------+----------------+--------------+

============================================================
+ Verbose Summary: Synthesis Manager
============================================================
InlineROM: 1
ExposeGlobal: 0
============================================================
+ Verbose Summary: CDFG Model
============================================================
IsTopModel: 1
ResetActiveHigh: 1
IsCombinational: 2
IsDatapathOnly: 2
HasWiredReturn: 1
HasMFsm: 0
HasVarLatency: 1
IsPipeline: 0
IsRtlPipelined: 0
IsInstanceOverlapped: 0
IsDontTouch: 0
HasImplIP: 0
IsGatedGlobalClock: 0


============================================================
+ Verbose Summary: Schedule
============================================================
* Number of FSM states : 8
* Pipeline : 0
* Dataflow Pipeline: 1
  DF-Pipeline-0: Size = 8, States = { 1 2 3 4 5 6 7 8 }

* FSM state transitions: 
1 --> 2 
2 --> 3 
3 --> 4 
4 --> 5 
5 --> 6 
6 --> 7 
7 --> 8 
8 --> 

* FSM state operations: 

State 1 <SV = 0> <Delay = 0.00>
ST_1 : Operation 9 [1/1] (0.00ns)   --->   "%input_stream = alloca i64 1" [/home/fede/PhD/transformer-hls/hls/src/model/ViT_Block.cpp:539]   --->   Operation 9 'alloca' 'input_stream' <Predicate = true> <Delay = 0.00> <CoreInst = "FIFO_SRL">   --->   Core 81 'FIFO_SRL' <Latency = 0> <II = 1> <Delay = 1.36> <Storage> <Opcode : 'read' 'write' 'nbread' 'nbwrite'> <Ports = 0> <Width = 8> <Depth = 2> <FIFO>
ST_1 : Operation 10 [1/1] (0.00ns)   --->   "%output_stream = alloca i64 1" [/home/fede/PhD/transformer-hls/hls/src/model/ViT_Block.cpp:540]   --->   Operation 10 'alloca' 'output_stream' <Predicate = true> <Delay = 0.00> <CoreInst = "FIFO_SRL">   --->   Core 81 'FIFO_SRL' <Latency = 0> <II = 1> <Delay = 1.36> <Storage> <Opcode : 'read' 'write' 'nbread' 'nbwrite'> <Ports = 0> <Width = 8> <Depth = 2> <FIFO>

State 2 <SV = 1> <Delay = 0.00>
ST_2 : Operation 11 [2/2] (0.00ns)   --->   "%call_ln543 = call void @axis_to_apuint, i8 %in_r_V_data_V, i1 %in_r_V_keep_V, i1 %in_r_V_strb_V, i1 %in_r_V_last_V, i8 %input_stream" [/home/fede/PhD/transformer-hls/hls/src/model/ViT_Block.cpp:543]   --->   Operation 11 'call' 'call_ln543' <Predicate = true> <Delay = 0.00> <CoreType = "Generic">   --->   Core 0 '' <Latency = 0> <II = 1> <Delay = 1.00> <Generic> <Opcode : >

State 3 <SV = 2> <Delay = 0.00>
ST_3 : Operation 12 [1/2] (0.00ns)   --->   "%call_ln543 = call void @axis_to_apuint, i8 %in_r_V_data_V, i1 %in_r_V_keep_V, i1 %in_r_V_strb_V, i1 %in_r_V_last_V, i8 %input_stream" [/home/fede/PhD/transformer-hls/hls/src/model/ViT_Block.cpp:543]   --->   Operation 12 'call' 'call_ln543' <Predicate = true> <Delay = 0.00> <CoreType = "Generic">   --->   Core 0 '' <Latency = 0> <II = 1> <Delay = 1.00> <Generic> <Opcode : >

State 4 <SV = 3> <Delay = 1.00>
ST_4 : Operation 13 [1/1] (1.00ns)   --->   "%in_w_down_read = read i64 @_ssdm_op_Read.s_axilite.i64, i64 %in_w_down"   --->   Operation 13 'read' 'in_w_down_read' <Predicate = true> <Delay = 1.00> <CoreInst = "s_axilite">   --->   Core 122 's_axilite' <Latency = 0> <II = 1> <Delay = 1.00> <Adapter> <Opcode : 'read' 'write'>
ST_4 : Operation 14 [1/1] (1.00ns)   --->   "%in_w_up_read = read i64 @_ssdm_op_Read.s_axilite.i64, i64 %in_w_up"   --->   Operation 14 'read' 'in_w_up_read' <Predicate = true> <Delay = 1.00> <CoreInst = "s_axilite">   --->   Core 122 's_axilite' <Latency = 0> <II = 1> <Delay = 1.00> <Adapter> <Opcode : 'read' 'write'>
ST_4 : Operation 15 [1/1] (1.00ns)   --->   "%in_o_read = read i64 @_ssdm_op_Read.s_axilite.i64, i64 %in_o"   --->   Operation 15 'read' 'in_o_read' <Predicate = true> <Delay = 1.00> <CoreInst = "s_axilite">   --->   Core 122 's_axilite' <Latency = 0> <II = 1> <Delay = 1.00> <Adapter> <Opcode : 'read' 'write'>
ST_4 : Operation 16 [1/1] (1.00ns)   --->   "%in_v_read = read i64 @_ssdm_op_Read.s_axilite.i64, i64 %in_v"   --->   Operation 16 'read' 'in_v_read' <Predicate = true> <Delay = 1.00> <CoreInst = "s_axilite">   --->   Core 122 's_axilite' <Latency = 0> <II = 1> <Delay = 1.00> <Adapter> <Opcode : 'read' 'write'>
ST_4 : Operation 17 [1/1] (1.00ns)   --->   "%in_k_read = read i64 @_ssdm_op_Read.s_axilite.i64, i64 %in_k"   --->   Operation 17 'read' 'in_k_read' <Predicate = true> <Delay = 1.00> <CoreInst = "s_axilite">   --->   Core 122 's_axilite' <Latency = 0> <II = 1> <Delay = 1.00> <Adapter> <Opcode : 'read' 'write'>
ST_4 : Operation 18 [1/1] (1.00ns)   --->   "%in_q_read = read i64 @_ssdm_op_Read.s_axilite.i64, i64 %in_q"   --->   Operation 18 'read' 'in_q_read' <Predicate = true> <Delay = 1.00> <CoreInst = "s_axilite">   --->   Core 122 's_axilite' <Latency = 0> <II = 1> <Delay = 1.00> <Adapter> <Opcode : 'read' 'write'>
ST_4 : Operation 19 [2/2] (0.00ns)   --->   "%call_ln545 = call void @ViT_Block_Core, i8 %input_stream, i8 %output_stream, i8 %Q, i64 %in_q_read, i8 %K, i64 %in_k_read, i8 %V, i64 %in_v_read, i8 %Out_r, i64 %in_o_read, i8 %gmem0, i64 %in_w_up_read, i8 %gmem1, i64 %in_w_down_read, i15 %bn0_mul_1, i22 %bn0_add_1, i12 %bias_q_0_V, i14 %bias_k_0_V, i14 %bias_v_0_V, i8 %exp_lut_V, i13 %bias_h_0_V, i17 %bn1_mul_1, i24 %bn1_add_1, i13 %bias_1_0_V, i13 %bias_2_0_V" [/home/fede/PhD/transformer-hls/hls/src/model/ViT_Block.cpp:545]   --->   Operation 19 'call' 'call_ln545' <Predicate = true> <Delay = 0.00> <CoreType = "Generic">   --->   Core 0 '' <Latency = 0> <II = 1> <Delay = 1.00> <Generic> <Opcode : >

State 5 <SV = 4> <Delay = 0.00>
ST_5 : Operation 20 [1/2] (0.00ns)   --->   "%call_ln545 = call void @ViT_Block_Core, i8 %input_stream, i8 %output_stream, i8 %Q, i64 %in_q_read, i8 %K, i64 %in_k_read, i8 %V, i64 %in_v_read, i8 %Out_r, i64 %in_o_read, i8 %gmem0, i64 %in_w_up_read, i8 %gmem1, i64 %in_w_down_read, i15 %bn0_mul_1, i22 %bn0_add_1, i12 %bias_q_0_V, i14 %bias_k_0_V, i14 %bias_v_0_V, i8 %exp_lut_V, i13 %bias_h_0_V, i17 %bn1_mul_1, i24 %bn1_add_1, i13 %bias_1_0_V, i13 %bias_2_0_V" [/home/fede/PhD/transformer-hls/hls/src/model/ViT_Block.cpp:545]   --->   Operation 20 'call' 'call_ln545' <Predicate = true> <Delay = 0.00> <CoreType = "Generic">   --->   Core 0 '' <Latency = 0> <II = 1> <Delay = 1.00> <Generic> <Opcode : >

State 6 <SV = 5> <Delay = 0.00>
ST_6 : Operation 21 [2/2] (0.00ns)   --->   "%call_ln547 = call void @apuint_to_axis, i8 %output_stream, i8 %out_r_V_data_V, i1 %out_r_V_keep_V, i1 %out_r_V_strb_V, i1 %out_r_V_last_V" [/home/fede/PhD/transformer-hls/hls/src/model/ViT_Block.cpp:547]   --->   Operation 21 'call' 'call_ln547' <Predicate = true> <Delay = 0.00> <CoreType = "Generic">   --->   Core 0 '' <Latency = 0> <II = 1> <Delay = 1.00> <Generic> <Opcode : >

State 7 <SV = 6> <Delay = 0.00>
ST_7 : Operation 22 [1/2] (0.00ns)   --->   "%call_ln547 = call void @apuint_to_axis, i8 %output_stream, i8 %out_r_V_data_V, i1 %out_r_V_keep_V, i1 %out_r_V_strb_V, i1 %out_r_V_last_V" [/home/fede/PhD/transformer-hls/hls/src/model/ViT_Block.cpp:547]   --->   Operation 22 'call' 'call_ln547' <Predicate = true> <Delay = 0.00> <CoreType = "Generic">   --->   Core 0 '' <Latency = 0> <II = 1> <Delay = 1.00> <Generic> <Opcode : >

State 8 <SV = 7> <Delay = 0.00>
ST_8 : Operation 23 [1/1] (0.00ns)   --->   "%specdataflowpipeline_ln537 = specdataflowpipeline void @_ssdm_op_SpecDataflowPipeline, i32 4294967295, i32 0, void @empty_28" [/home/fede/PhD/transformer-hls/hls/src/model/ViT_Block.cpp:537]   --->   Operation 23 'specdataflowpipeline' 'specdataflowpipeline_ln537' <Predicate = true> <Delay = 0.00>
ST_8 : Operation 24 [1/1] (0.00ns)   --->   "%spectopmodule_ln502 = spectopmodule void @_ssdm_op_SpecTopModule, void @empty_13" [/home/fede/PhD/transformer-hls/hls/src/model/ViT_Block.cpp:502]   --->   Operation 24 'spectopmodule' 'spectopmodule_ln502' <Predicate = true> <Delay = 0.00>
ST_8 : Operation 25 [1/1] (0.00ns)   --->   "%specinterface_ln0 = specinterface void @_ssdm_op_SpecInterface, i8 %Q, void @empty_12, i32 0, i32 0, void @empty_28, i32 0, i32 256, void @empty_30, void @empty_44, void @empty_28, i32 16, i32 16, i32 64, i32 16, void @empty_28, void @empty_28, i32 4294967295, i32 0"   --->   Operation 25 'specinterface' 'specinterface_ln0' <Predicate = true> <Delay = 0.00>
ST_8 : Operation 26 [1/1] (0.00ns)   --->   "%specbitsmap_ln0 = specbitsmap void @_ssdm_op_SpecBitsMap, i8 %Q"   --->   Operation 26 'specbitsmap' 'specbitsmap_ln0' <Predicate = true> <Delay = 0.00>
ST_8 : Operation 27 [1/1] (0.00ns)   --->   "%specinterface_ln0 = specinterface void @_ssdm_op_SpecInterface, i8 %K, void @empty_12, i32 0, i32 0, void @empty_28, i32 0, i32 256, void @empty_43, void @empty_44, void @empty_28, i32 16, i32 16, i32 64, i32 16, void @empty_28, void @empty_28, i32 4294967295, i32 0"   --->   Operation 27 'specinterface' 'specinterface_ln0' <Predicate = true> <Delay = 0.00>
ST_8 : Operation 28 [1/1] (0.00ns)   --->   "%specbitsmap_ln0 = specbitsmap void @_ssdm_op_SpecBitsMap, i8 %K"   --->   Operation 28 'specbitsmap' 'specbitsmap_ln0' <Predicate = true> <Delay = 0.00>
ST_8 : Operation 29 [1/1] (0.00ns)   --->   "%specinterface_ln0 = specinterface void @_ssdm_op_SpecInterface, i8 %V, void @empty_12, i32 0, i32 0, void @empty_28, i32 0, i32 256, void @empty_27, void @empty_44, void @empty_28, i32 16, i32 16, i32 64, i32 16, void @empty_28, void @empty_28, i32 4294967295, i32 0"   --->   Operation 29 'specinterface' 'specinterface_ln0' <Predicate = true> <Delay = 0.00>
ST_8 : Operation 30 [1/1] (0.00ns)   --->   "%specbitsmap_ln0 = specbitsmap void @_ssdm_op_SpecBitsMap, i8 %V"   --->   Operation 30 'specbitsmap' 'specbitsmap_ln0' <Predicate = true> <Delay = 0.00>
ST_8 : Operation 31 [1/1] (0.00ns)   --->   "%specinterface_ln0 = specinterface void @_ssdm_op_SpecInterface, i8 %Out_r, void @empty_12, i32 0, i32 0, void @empty_28, i32 0, i32 256, void @empty_2, void @empty_44, void @empty_28, i32 16, i32 16, i32 64, i32 16, void @empty_28, void @empty_28, i32 4294967295, i32 0"   --->   Operation 31 'specinterface' 'specinterface_ln0' <Predicate = true> <Delay = 0.00>
ST_8 : Operation 32 [1/1] (0.00ns)   --->   "%specbitsmap_ln0 = specbitsmap void @_ssdm_op_SpecBitsMap, i8 %Out_r"   --->   Operation 32 'specbitsmap' 'specbitsmap_ln0' <Predicate = true> <Delay = 0.00>
ST_8 : Operation 33 [1/1] (0.00ns)   --->   "%specinterface_ln0 = specinterface void @_ssdm_op_SpecInterface, i8 %gmem0, void @empty_12, i32 0, i32 0, void @empty_28, i32 0, i32 1024, void @empty_24, void @empty_44, void @empty_28, i32 16, i32 16, i32 64, i32 16, void @empty_28, void @empty_28, i32 4294967295, i32 0"   --->   Operation 33 'specinterface' 'specinterface_ln0' <Predicate = true> <Delay = 0.00>
ST_8 : Operation 34 [1/1] (0.00ns)   --->   "%specbitsmap_ln0 = specbitsmap void @_ssdm_op_SpecBitsMap, i8 %gmem0"   --->   Operation 34 'specbitsmap' 'specbitsmap_ln0' <Predicate = true> <Delay = 0.00>
ST_8 : Operation 35 [1/1] (0.00ns)   --->   "%specinterface_ln0 = specinterface void @_ssdm_op_SpecInterface, i8 %gmem1, void @empty_12, i32 0, i32 0, void @empty_28, i32 0, i32 1024, void @empty_48, void @empty_44, void @empty_28, i32 16, i32 16, i32 64, i32 16, void @empty_28, void @empty_28, i32 4294967295, i32 0"   --->   Operation 35 'specinterface' 'specinterface_ln0' <Predicate = true> <Delay = 0.00>
ST_8 : Operation 36 [1/1] (0.00ns)   --->   "%specbitsmap_ln0 = specbitsmap void @_ssdm_op_SpecBitsMap, i8 %gmem1"   --->   Operation 36 'specbitsmap' 'specbitsmap_ln0' <Predicate = true> <Delay = 0.00>
ST_8 : Operation 37 [1/1] (0.00ns)   --->   "%specinterface_ln0 = specinterface void @_ssdm_op_SpecInterface, i8 %in_r_V_data_V, i1 %in_r_V_keep_V, i1 %in_r_V_strb_V, i1 %in_r_V_last_V, void @empty_0, i32 1, i32 1, void @empty_1, i32 0, i32 0, void @empty_28, void @empty_28, void @empty_28, i32 0, i32 0, i32 0, i32 0, void @empty_28, void @empty_28, i32 4294967295, i32 0"   --->   Operation 37 'specinterface' 'specinterface_ln0' <Predicate = true> <Delay = 0.00>
ST_8 : Operation 38 [1/1] (0.00ns)   --->   "%specbitsmap_ln0 = specbitsmap void @_ssdm_op_SpecBitsMap, i8 %in_r_V_data_V"   --->   Operation 38 'specbitsmap' 'specbitsmap_ln0' <Predicate = true> <Delay = 0.00>
ST_8 : Operation 39 [1/1] (0.00ns)   --->   "%specbitsmap_ln0 = specbitsmap void @_ssdm_op_SpecBitsMap, i1 %in_r_V_keep_V"   --->   Operation 39 'specbitsmap' 'specbitsmap_ln0' <Predicate = true> <Delay = 0.00>
ST_8 : Operation 40 [1/1] (0.00ns)   --->   "%specbitsmap_ln0 = specbitsmap void @_ssdm_op_SpecBitsMap, i1 %in_r_V_strb_V"   --->   Operation 40 'specbitsmap' 'specbitsmap_ln0' <Predicate = true> <Delay = 0.00>
ST_8 : Operation 41 [1/1] (0.00ns)   --->   "%specbitsmap_ln0 = specbitsmap void @_ssdm_op_SpecBitsMap, i1 %in_r_V_last_V"   --->   Operation 41 'specbitsmap' 'specbitsmap_ln0' <Predicate = true> <Delay = 0.00>
ST_8 : Operation 42 [1/1] (0.00ns)   --->   "%specinterface_ln0 = specinterface void @_ssdm_op_SpecInterface, i8 %out_r_V_data_V, i1 %out_r_V_keep_V, i1 %out_r_V_strb_V, i1 %out_r_V_last_V, void @empty_0, i32 1, i32 1, void @empty_1, i32 0, i32 0, void @empty_28, void @empty_28, void @empty_28, i32 0, i32 0, i32 0, i32 0, void @empty_28, void @empty_28, i32 4294967295, i32 0"   --->   Operation 42 'specinterface' 'specinterface_ln0' <Predicate = true> <Delay = 0.00>
ST_8 : Operation 43 [1/1] (0.00ns)   --->   "%specbitsmap_ln0 = specbitsmap void @_ssdm_op_SpecBitsMap, i8 %out_r_V_data_V"   --->   Operation 43 'specbitsmap' 'specbitsmap_ln0' <Predicate = true> <Delay = 0.00>
ST_8 : Operation 44 [1/1] (0.00ns)   --->   "%specbitsmap_ln0 = specbitsmap void @_ssdm_op_SpecBitsMap, i1 %out_r_V_keep_V"   --->   Operation 44 'specbitsmap' 'specbitsmap_ln0' <Predicate = true> <Delay = 0.00>
ST_8 : Operation 45 [1/1] (0.00ns)   --->   "%specbitsmap_ln0 = specbitsmap void @_ssdm_op_SpecBitsMap, i1 %out_r_V_strb_V"   --->   Operation 45 'specbitsmap' 'specbitsmap_ln0' <Predicate = true> <Delay = 0.00>
ST_8 : Operation 46 [1/1] (0.00ns)   --->   "%specbitsmap_ln0 = specbitsmap void @_ssdm_op_SpecBitsMap, i1 %out_r_V_last_V"   --->   Operation 46 'specbitsmap' 'specbitsmap_ln0' <Predicate = true> <Delay = 0.00>
ST_8 : Operation 47 [1/1] (0.00ns)   --->   "%specinterface_ln0 = specinterface void @_ssdm_op_SpecInterface, i64 %in_q, void @empty_49, i32 0, i32 0, void @empty_28, i32 0, i32 0, void @empty_20, void @empty_5, void @empty_28, i32 0, i32 0, i32 0, i32 0, void @empty_28, void @empty_6, i32 4294967295, i32 0"   --->   Operation 47 'specinterface' 'specinterface_ln0' <Predicate = true> <Delay = 0.00>
ST_8 : Operation 48 [1/1] (0.00ns)   --->   "%specinterface_ln0 = specinterface void @_ssdm_op_SpecInterface, i64 %in_q, void @empty_17, i32 0, i32 0, void @empty_28, i32 0, i32 0, void @empty_28, void @empty_28, void @empty_28, i32 0, i32 0, i32 0, i32 0, void @empty_28, void @empty_6, i32 4294967295, i32 0"   --->   Operation 48 'specinterface' 'specinterface_ln0' <Predicate = true> <Delay = 0.00>
ST_8 : Operation 49 [1/1] (0.00ns)   --->   "%specinterface_ln0 = specinterface void @_ssdm_op_SpecInterface, i64 %in_k, void @empty_49, i32 0, i32 0, void @empty_28, i32 0, i32 0, void @empty_20, void @empty_16, void @empty_28, i32 0, i32 0, i32 0, i32 0, void @empty_28, void @empty_6, i32 4294967295, i32 0"   --->   Operation 49 'specinterface' 'specinterface_ln0' <Predicate = true> <Delay = 0.00>
ST_8 : Operation 50 [1/1] (0.00ns)   --->   "%specinterface_ln0 = specinterface void @_ssdm_op_SpecInterface, i64 %in_k, void @empty_17, i32 0, i32 0, void @empty_28, i32 0, i32 0, void @empty_28, void @empty_28, void @empty_28, i32 0, i32 0, i32 0, i32 0, void @empty_28, void @empty_6, i32 4294967295, i32 0"   --->   Operation 50 'specinterface' 'specinterface_ln0' <Predicate = true> <Delay = 0.00>
ST_8 : Operation 51 [1/1] (0.00ns)   --->   "%specinterface_ln0 = specinterface void @_ssdm_op_SpecInterface, i64 %in_v, void @empty_49, i32 0, i32 0, void @empty_28, i32 0, i32 0, void @empty_20, void @empty_8, void @empty_28, i32 0, i32 0, i32 0, i32 0, void @empty_28, void @empty_6, i32 4294967295, i32 0"   --->   Operation 51 'specinterface' 'specinterface_ln0' <Predicate = true> <Delay = 0.00>
ST_8 : Operation 52 [1/1] (0.00ns)   --->   "%specinterface_ln0 = specinterface void @_ssdm_op_SpecInterface, i64 %in_v, void @empty_17, i32 0, i32 0, void @empty_28, i32 0, i32 0, void @empty_28, void @empty_28, void @empty_28, i32 0, i32 0, i32 0, i32 0, void @empty_28, void @empty_6, i32 4294967295, i32 0"   --->   Operation 52 'specinterface' 'specinterface_ln0' <Predicate = true> <Delay = 0.00>
ST_8 : Operation 53 [1/1] (0.00ns)   --->   "%specinterface_ln0 = specinterface void @_ssdm_op_SpecInterface, i64 %in_o, void @empty_49, i32 0, i32 0, void @empty_28, i32 0, i32 0, void @empty_20, void @empty_47, void @empty_28, i32 0, i32 0, i32 0, i32 0, void @empty_28, void @empty_6, i32 4294967295, i32 0"   --->   Operation 53 'specinterface' 'specinterface_ln0' <Predicate = true> <Delay = 0.00>
ST_8 : Operation 54 [1/1] (0.00ns)   --->   "%specinterface_ln0 = specinterface void @_ssdm_op_SpecInterface, i64 %in_o, void @empty_17, i32 0, i32 0, void @empty_28, i32 0, i32 0, void @empty_28, void @empty_28, void @empty_28, i32 0, i32 0, i32 0, i32 0, void @empty_28, void @empty_6, i32 4294967295, i32 0"   --->   Operation 54 'specinterface' 'specinterface_ln0' <Predicate = true> <Delay = 0.00>
ST_8 : Operation 55 [1/1] (0.00ns)   --->   "%specinterface_ln0 = specinterface void @_ssdm_op_SpecInterface, i64 %in_w_up, void @empty_49, i32 0, i32 0, void @empty_28, i32 0, i32 0, void @empty_20, void @empty_14, void @empty_28, i32 0, i32 0, i32 0, i32 0, void @empty_28, void @empty_6, i32 4294967295, i32 0"   --->   Operation 55 'specinterface' 'specinterface_ln0' <Predicate = true> <Delay = 0.00>
ST_8 : Operation 56 [1/1] (0.00ns)   --->   "%specinterface_ln0 = specinterface void @_ssdm_op_SpecInterface, i64 %in_w_up, void @empty_17, i32 0, i32 0, void @empty_28, i32 0, i32 0, void @empty_28, void @empty_28, void @empty_28, i32 0, i32 0, i32 0, i32 0, void @empty_28, void @empty_6, i32 4294967295, i32 0"   --->   Operation 56 'specinterface' 'specinterface_ln0' <Predicate = true> <Delay = 0.00>
ST_8 : Operation 57 [1/1] (0.00ns)   --->   "%specinterface_ln0 = specinterface void @_ssdm_op_SpecInterface, i64 %in_w_down, void @empty_49, i32 0, i32 0, void @empty_28, i32 0, i32 0, void @empty_20, void @empty_18, void @empty_28, i32 0, i32 0, i32 0, i32 0, void @empty_28, void @empty_6, i32 4294967295, i32 0"   --->   Operation 57 'specinterface' 'specinterface_ln0' <Predicate = true> <Delay = 0.00>
ST_8 : Operation 58 [1/1] (0.00ns)   --->   "%specinterface_ln0 = specinterface void @_ssdm_op_SpecInterface, i64 %in_w_down, void @empty_17, i32 0, i32 0, void @empty_28, i32 0, i32 0, void @empty_28, void @empty_28, void @empty_28, i32 0, i32 0, i32 0, i32 0, void @empty_28, void @empty_6, i32 4294967295, i32 0"   --->   Operation 58 'specinterface' 'specinterface_ln0' <Predicate = true> <Delay = 0.00>
ST_8 : Operation 59 [1/1] (0.00ns)   --->   "%specinterface_ln0 = specinterface void @_ssdm_op_SpecInterface, i32 0, void @empty_49, i32 0, i32 0, void @empty_28, i32 0, i32 0, void @empty_20, void @empty_28, void @empty_28, i32 0, i32 0, i32 0, i32 0, void @empty_28, void @empty_28, i32 4294967295, i32 0"   --->   Operation 59 'specinterface' 'specinterface_ln0' <Predicate = true> <Delay = 0.00>
ST_8 : Operation 60 [1/1] (0.00ns)   --->   "%empty = specchannel i32 @_ssdm_op_SpecChannel, void @input_stream_str, i32 1, void @p_str, void @p_str, i32 2, i32 2, i8 %input_stream, i8 %input_stream"   --->   Operation 60 'specchannel' 'empty' <Predicate = true> <Delay = 0.00>
ST_8 : Operation 61 [1/1] (0.00ns)   --->   "%specinterface_ln0 = specinterface void @_ssdm_op_SpecInterface, i8 %input_stream, void @empty_9, i32 0, i32 0, void @empty_28, i32 0, i32 0, void @empty_28, void @empty_28, void @empty_28, i32 0, i32 0, i32 0, i32 0, void @empty_28, void @empty_28, i32 4294967295, i32 0"   --->   Operation 61 'specinterface' 'specinterface_ln0' <Predicate = true> <Delay = 0.00>
ST_8 : Operation 62 [1/1] (0.00ns)   --->   "%empty_196 = specchannel i32 @_ssdm_op_SpecChannel, void @output_stream_str, i32 1, void @p_str, void @p_str, i32 2, i32 2, i8 %output_stream, i8 %output_stream"   --->   Operation 62 'specchannel' 'empty_196' <Predicate = true> <Delay = 0.00>
ST_8 : Operation 63 [1/1] (0.00ns)   --->   "%specinterface_ln0 = specinterface void @_ssdm_op_SpecInterface, i8 %output_stream, void @empty_9, i32 0, i32 0, void @empty_28, i32 0, i32 0, void @empty_28, void @empty_28, void @empty_28, i32 0, i32 0, i32 0, i32 0, void @empty_28, void @empty_28, i32 4294967295, i32 0"   --->   Operation 63 'specinterface' 'specinterface_ln0' <Predicate = true> <Delay = 0.00>
ST_8 : Operation 64 [1/1] (0.00ns)   --->   "%specaxissidechannel_ln550 = specaxissidechannel void @_ssdm_op_SpecAXISSideChannel, i8 %out_r_V_data_V, i1 %out_r_V_keep_V, i1 %out_r_V_strb_V, i1 0, i1 %out_r_V_last_V, i1 0, i1 0, void @empty_35" [/home/fede/PhD/transformer-hls/hls/src/model/ViT_Block.cpp:550]   --->   Operation 64 'specaxissidechannel' 'specaxissidechannel_ln550' <Predicate = true> <Delay = 0.00>
ST_8 : Operation 65 [1/1] (0.00ns)   --->   "%specaxissidechannel_ln550 = specaxissidechannel void @_ssdm_op_SpecAXISSideChannel, i8 %in_r_V_data_V, i1 %in_r_V_keep_V, i1 %in_r_V_strb_V, i1 0, i1 %in_r_V_last_V, i1 0, i1 0, void @empty_7" [/home/fede/PhD/transformer-hls/hls/src/model/ViT_Block.cpp:550]   --->   Operation 65 'specaxissidechannel' 'specaxissidechannel_ln550' <Predicate = true> <Delay = 0.00>
ST_8 : Operation 66 [1/1] (0.00ns)   --->   "%ret_ln550 = ret" [/home/fede/PhD/transformer-hls/hls/src/model/ViT_Block.cpp:550]   --->   Operation 66 'ret' 'ret_ln550' <Predicate = true> <Delay = 0.00>


============================================================
+ Verbose Summary: Binding
============================================================
STG Binding: 
---------------- STG Properties BEGIN ----------------
- Is combinational: 0
- Is one-state seq: 0
- Is datapath-only: 0
- Is pipelined: 0
- Is top level: 1
Port [ Return ] is wired: 1; IO mode=ap_ctrl_hs:ce=0
Port [ Q]:  wired=1; compound=1; hidden=0; nouse=0; global=0; static=0; extern=0; dir=0; type=4; pingpong=0; private_global=0; IO mode=m_axi:ce=0
Port [ K]:  wired=1; compound=1; hidden=0; nouse=0; global=0; static=0; extern=0; dir=0; type=4; pingpong=0; private_global=0; IO mode=m_axi:ce=0
Port [ V]:  wired=1; compound=1; hidden=0; nouse=0; global=0; static=0; extern=0; dir=0; type=4; pingpong=0; private_global=0; IO mode=m_axi:ce=0
Port [ Out_r]:  wired=1; compound=1; hidden=0; nouse=0; global=0; static=0; extern=0; dir=0; type=4; pingpong=0; private_global=0; IO mode=m_axi:ce=0
Port [ gmem0]:  wired=1; compound=1; hidden=0; nouse=0; global=0; static=0; extern=0; dir=0; type=4; pingpong=0; private_global=0; IO mode=m_axi:ce=0
Port [ gmem1]:  wired=1; compound=1; hidden=0; nouse=0; global=0; static=0; extern=0; dir=0; type=4; pingpong=0; private_global=0; IO mode=m_axi:ce=0
Port [ in_r_V_data_V]:  wired=1; compound=1; hidden=0; nouse=0; global=0; static=0; extern=0; dir=0; type=0; pingpong=0; private_global=0; IO mode=axis:ce=0
Port [ in_r_V_keep_V]:  wired=1; compound=1; hidden=0; nouse=0; global=0; static=0; extern=0; dir=0; type=0; pingpong=0; private_global=0; IO mode=axis:ce=0
Port [ in_r_V_strb_V]:  wired=1; compound=1; hidden=0; nouse=0; global=0; static=0; extern=0; dir=0; type=0; pingpong=0; private_global=0; IO mode=axis:ce=0
Port [ in_r_V_last_V]:  wired=1; compound=1; hidden=0; nouse=0; global=0; static=0; extern=0; dir=0; type=0; pingpong=0; private_global=0; IO mode=axis:ce=0
Port [ out_r_V_data_V]:  wired=1; compound=1; hidden=0; nouse=0; global=0; static=0; extern=0; dir=1; type=0; pingpong=0; private_global=0; IO mode=axis:ce=0
Port [ out_r_V_keep_V]:  wired=1; compound=1; hidden=0; nouse=0; global=0; static=0; extern=0; dir=1; type=0; pingpong=0; private_global=0; IO mode=axis:ce=0
Port [ out_r_V_strb_V]:  wired=1; compound=1; hidden=0; nouse=0; global=0; static=0; extern=0; dir=1; type=0; pingpong=0; private_global=0; IO mode=axis:ce=0
Port [ out_r_V_last_V]:  wired=1; compound=1; hidden=0; nouse=0; global=0; static=0; extern=0; dir=1; type=0; pingpong=0; private_global=0; IO mode=axis:ce=0
Port [ in_q]:  wired=1; compound=0; hidden=0; nouse=0; global=0; static=0; extern=0; dir=0; type=0; pingpong=0; private_global=0; IO mode=ap_none:ce=0
Port [ in_k]:  wired=1; compound=0; hidden=0; nouse=0; global=0; static=0; extern=0; dir=0; type=0; pingpong=0; private_global=0; IO mode=ap_none:ce=0
Port [ in_v]:  wired=1; compound=0; hidden=0; nouse=0; global=0; static=0; extern=0; dir=0; type=0; pingpong=0; private_global=0; IO mode=ap_none:ce=0
Port [ in_o]:  wired=1; compound=0; hidden=0; nouse=0; global=0; static=0; extern=0; dir=0; type=0; pingpong=0; private_global=0; IO mode=ap_none:ce=0
Port [ in_w_up]:  wired=1; compound=0; hidden=0; nouse=0; global=0; static=0; extern=0; dir=0; type=0; pingpong=0; private_global=0; IO mode=ap_none:ce=0
Port [ in_w_down]:  wired=1; compound=0; hidden=0; nouse=0; global=0; static=0; extern=0; dir=0; type=0; pingpong=0; private_global=0; IO mode=ap_none:ce=0
Port [ bn0_mul_1]:  wired=0; compound=1; hidden=1; nouse=1; global=1; static=1; extern=0; dir=0; type=1; pingpong=0; private_global=0; MemPort=[1]; IO mode=ap_memory:ce=0
Port [ bn0_add_1]:  wired=0; compound=1; hidden=1; nouse=1; global=1; static=1; extern=0; dir=0; type=1; pingpong=0; private_global=0; MemPort=[1]; IO mode=ap_memory:ce=0
Port [ bias_q_0_V]:  wired=0; compound=1; hidden=1; nouse=1; global=1; static=1; extern=0; dir=0; type=1; pingpong=0; private_global=0; MemPort=[1]; IO mode=ap_memory:ce=0
Port [ bias_k_0_V]:  wired=0; compound=1; hidden=1; nouse=1; global=1; static=1; extern=0; dir=0; type=1; pingpong=0; private_global=0; MemPort=[1]; IO mode=ap_memory:ce=0
Port [ bias_v_0_V]:  wired=0; compound=1; hidden=1; nouse=1; global=1; static=1; extern=0; dir=0; type=1; pingpong=0; private_global=0; MemPort=[1]; IO mode=ap_memory:ce=0
Port [ exp_lut_V]:  wired=0; compound=1; hidden=1; nouse=1; global=1; static=1; extern=0; dir=0; type=1; pingpong=0; private_global=0; MemPort=[1]; IO mode=ap_memory:ce=0
Port [ bias_h_0_V]:  wired=0; compound=1; hidden=1; nouse=1; global=1; static=1; extern=0; dir=0; type=1; pingpong=0; private_global=0; MemPort=[1]; IO mode=ap_memory:ce=0
Port [ bn1_mul_1]:  wired=0; compound=1; hidden=1; nouse=1; global=1; static=1; extern=0; dir=0; type=1; pingpong=0; private_global=0; MemPort=[1]; IO mode=ap_memory:ce=0
Port [ bn1_add_1]:  wired=0; compound=1; hidden=1; nouse=1; global=1; static=1; extern=0; dir=0; type=1; pingpong=0; private_global=0; MemPort=[1]; IO mode=ap_memory:ce=0
Port [ bias_1_0_V]:  wired=0; compound=1; hidden=1; nouse=1; global=1; static=1; extern=0; dir=0; type=1; pingpong=0; private_global=0; MemPort=[1]; IO mode=ap_memory:ce=0
Port [ bias_2_0_V]:  wired=0; compound=1; hidden=1; nouse=1; global=1; static=1; extern=0; dir=0; type=1; pingpong=0; private_global=0; MemPort=[1]; IO mode=ap_memory:ce=0
---------------- STG Properties END ------------------

---------------- Datapath Model BEGIN ----------------

<LifeTime>
<method=bitvector/>
input_stream               (alloca              ) [ 001111111]
output_stream              (alloca              ) [ 001111111]
call_ln543                 (call                ) [ 000000000]
in_w_down_read             (read                ) [ 000001000]
in_w_up_read               (read                ) [ 000001000]
in_o_read                  (read                ) [ 000001000]
in_v_read                  (read                ) [ 000001000]
in_k_read                  (read                ) [ 000001000]
in_q_read                  (read                ) [ 000001000]
call_ln545                 (call                ) [ 000000000]
call_ln547                 (call                ) [ 000000000]
specdataflowpipeline_ln537 (specdataflowpipeline) [ 000000000]
spectopmodule_ln502        (spectopmodule       ) [ 000000000]
specinterface_ln0          (specinterface       ) [ 000000000]
specbitsmap_ln0            (specbitsmap         ) [ 000000000]
specinterface_ln0          (specinterface       ) [ 000000000]
specbitsmap_ln0            (specbitsmap         ) [ 000000000]
specinterface_ln0          (specinterface       ) [ 000000000]
specbitsmap_ln0            (specbitsmap         ) [ 000000000]
specinterface_ln0          (specinterface       ) [ 000000000]
specbitsmap_ln0            (specbitsmap         ) [ 000000000]
specinterface_ln0          (specinterface       ) [ 000000000]
specbitsmap_ln0            (specbitsmap         ) [ 000000000]
specinterface_ln0          (specinterface       ) [ 000000000]
specbitsmap_ln0            (specbitsmap         ) [ 000000000]
specinterface_ln0          (specinterface       ) [ 000000000]
specbitsmap_ln0            (specbitsmap         ) [ 000000000]
specbitsmap_ln0            (specbitsmap         ) [ 000000000]
specbitsmap_ln0            (specbitsmap         ) [ 000000000]
specbitsmap_ln0            (specbitsmap         ) [ 000000000]
specinterface_ln0          (specinterface       ) [ 000000000]
specbitsmap_ln0            (specbitsmap         ) [ 000000000]
specbitsmap_ln0            (specbitsmap         ) [ 000000000]
specbitsmap_ln0            (specbitsmap         ) [ 000000000]
specbitsmap_ln0            (specbitsmap         ) [ 000000000]
specinterface_ln0          (specinterface       ) [ 000000000]
specinterface_ln0          (specinterface       ) [ 000000000]
specinterface_ln0          (specinterface       ) [ 000000000]
specinterface_ln0          (specinterface       ) [ 000000000]
specinterface_ln0          (specinterface       ) [ 000000000]
specinterface_ln0          (specinterface       ) [ 000000000]
specinterface_ln0          (specinterface       ) [ 000000000]
specinterface_ln0          (specinterface       ) [ 000000000]
specinterface_ln0          (specinterface       ) [ 000000000]
specinterface_ln0          (specinterface       ) [ 000000000]
specinterface_ln0          (specinterface       ) [ 000000000]
specinterface_ln0          (specinterface       ) [ 000000000]
specinterface_ln0          (specinterface       ) [ 000000000]
empty                      (specchannel         ) [ 000000000]
specinterface_ln0          (specinterface       ) [ 000000000]
empty_196                  (specchannel         ) [ 000000000]
specinterface_ln0          (specinterface       ) [ 000000000]
specaxissidechannel_ln550  (specaxissidechannel ) [ 000000000]
specaxissidechannel_ln550  (specaxissidechannel ) [ 000000000]
ret_ln550                  (ret                 ) [ 000000000]
</LifeTime>

<model>

<comp_list>
<comp id="0" class="1000" name="Q">
<pin_list>
<pin id="1" dir="1" index="0" bw="1" slack="0"/>
</pin_list>
<bind>
<StgValue><ssdm name="Q"/></StgValue>
</bind>
</comp>

<comp id="2" class="1000" name="K">
<pin_list>
<pin id="3" dir="1" index="0" bw="1" slack="0"/>
</pin_list>
<bind>
<StgValue><ssdm name="K"/></StgValue>
</bind>
</comp>

<comp id="4" class="1000" name="V">
<pin_list>
<pin id="5" dir="1" index="0" bw="1" slack="0"/>
</pin_list>
<bind>
<StgValue><ssdm name="V"/></StgValue>
</bind>
</comp>

<comp id="6" class="1000" name="Out_r">
<pin_list>
<pin id="7" dir="1" index="0" bw="1" slack="0"/>
</pin_list>
<bind>
<StgValue><ssdm name="Out_r"/></StgValue>
</bind>
</comp>

<comp id="8" class="1000" name="gmem0">
<pin_list>
<pin id="9" dir="1" index="0" bw="1" slack="0"/>
</pin_list>
<bind>
<StgValue><ssdm name="gmem0"/></StgValue>
</bind>
</comp>

<comp id="10" class="1000" name="gmem1">
<pin_list>
<pin id="11" dir="1" index="0" bw="1" slack="0"/>
</pin_list>
<bind>
<StgValue><ssdm name="gmem1"/></StgValue>
</bind>
</comp>

<comp id="12" class="1000" name="in_r_V_data_V">
<pin_list>
<pin id="13" dir="1" index="0" bw="1" slack="0"/>
</pin_list>
<bind>
<StgValue><ssdm name="in_r_V_data_V"/></StgValue>
</bind>
</comp>

<comp id="14" class="1000" name="in_r_V_keep_V">
<pin_list>
<pin id="15" dir="1" index="0" bw="1" slack="0"/>
</pin_list>
<bind>
<StgValue><ssdm name="in_r_V_keep_V"/></StgValue>
</bind>
</comp>

<comp id="16" class="1000" name="in_r_V_strb_V">
<pin_list>
<pin id="17" dir="1" index="0" bw="1" slack="0"/>
</pin_list>
<bind>
<StgValue><ssdm name="in_r_V_strb_V"/></StgValue>
</bind>
</comp>

<comp id="18" class="1000" name="in_r_V_last_V">
<pin_list>
<pin id="19" dir="1" index="0" bw="1" slack="0"/>
</pin_list>
<bind>
<StgValue><ssdm name="in_r_V_last_V"/></StgValue>
</bind>
</comp>

<comp id="20" class="1000" name="out_r_V_data_V">
<pin_list>
<pin id="21" dir="1" index="0" bw="1" slack="0"/>
</pin_list>
<bind>
<StgValue><ssdm name="out_r_V_data_V"/></StgValue>
</bind>
</comp>

<comp id="22" class="1000" name="out_r_V_keep_V">
<pin_list>
<pin id="23" dir="1" index="0" bw="1" slack="0"/>
</pin_list>
<bind>
<StgValue><ssdm name="out_r_V_keep_V"/></StgValue>
</bind>
</comp>

<comp id="24" class="1000" name="out_r_V_strb_V">
<pin_list>
<pin id="25" dir="1" index="0" bw="1" slack="0"/>
</pin_list>
<bind>
<StgValue><ssdm name="out_r_V_strb_V"/></StgValue>
</bind>
</comp>

<comp id="26" class="1000" name="out_r_V_last_V">
<pin_list>
<pin id="27" dir="1" index="0" bw="1" slack="0"/>
</pin_list>
<bind>
<StgValue><ssdm name="out_r_V_last_V"/></StgValue>
</bind>
</comp>

<comp id="28" class="1000" name="in_q">
<pin_list>
<pin id="29" dir="1" index="0" bw="1" slack="0"/>
</pin_list>
<bind>
<StgValue><ssdm name="in_q"/></StgValue>
</bind>
</comp>

<comp id="30" class="1000" name="in_k">
<pin_list>
<pin id="31" dir="1" index="0" bw="1" slack="0"/>
</pin_list>
<bind>
<StgValue><ssdm name="in_k"/></StgValue>
</bind>
</comp>

<comp id="32" class="1000" name="in_v">
<pin_list>
<pin id="33" dir="1" index="0" bw="1" slack="0"/>
</pin_list>
<bind>
<StgValue><ssdm name="in_v"/></StgValue>
</bind>
</comp>

<comp id="34" class="1000" name="in_o">
<pin_list>
<pin id="35" dir="1" index="0" bw="1" slack="0"/>
</pin_list>
<bind>
<StgValue><ssdm name="in_o"/></StgValue>
</bind>
</comp>

<comp id="36" class="1000" name="in_w_up">
<pin_list>
<pin id="37" dir="1" index="0" bw="1" slack="0"/>
</pin_list>
<bind>
<StgValue><ssdm name="in_w_up"/></StgValue>
</bind>
</comp>

<comp id="38" class="1000" name="in_w_down">
<pin_list>
<pin id="39" dir="1" index="0" bw="1" slack="0"/>
</pin_list>
<bind>
<StgValue><ssdm name="in_w_down"/></StgValue>
</bind>
</comp>

<comp id="40" class="1000" name="bn0_mul_1">
<pin_list>
<pin id="41" dir="1" index="0" bw="1" slack="0"/>
</pin_list>
<bind>
<StgValue><ssdm name="bn0_mul_1"/><MemPortTyVec>1 </MemPortTyVec>
</StgValue>
</bind>
</comp>

<comp id="42" class="1000" name="bn0_add_1">
<pin_list>
<pin id="43" dir="1" index="0" bw="1" slack="0"/>
</pin_list>
<bind>
<StgValue><ssdm name="bn0_add_1"/><MemPortTyVec>1 </MemPortTyVec>
</StgValue>
</bind>
</comp>

<comp id="44" class="1000" name="bias_q_0_V">
<pin_list>
<pin id="45" dir="1" index="0" bw="1" slack="0"/>
</pin_list>
<bind>
<StgValue><ssdm name="bias_q_0_V"/><MemPortTyVec>1 </MemPortTyVec>
</StgValue>
</bind>
</comp>

<comp id="46" class="1000" name="bias_k_0_V">
<pin_list>
<pin id="47" dir="1" index="0" bw="1" slack="0"/>
</pin_list>
<bind>
<StgValue><ssdm name="bias_k_0_V"/><MemPortTyVec>1 </MemPortTyVec>
</StgValue>
</bind>
</comp>

<comp id="48" class="1000" name="bias_v_0_V">
<pin_list>
<pin id="49" dir="1" index="0" bw="1" slack="0"/>
</pin_list>
<bind>
<StgValue><ssdm name="bias_v_0_V"/><MemPortTyVec>1 </MemPortTyVec>
</StgValue>
</bind>
</comp>

<comp id="50" class="1000" name="exp_lut_V">
<pin_list>
<pin id="51" dir="1" index="0" bw="1" slack="0"/>
</pin_list>
<bind>
<StgValue><ssdm name="exp_lut_V"/><MemPortTyVec>1 </MemPortTyVec>
</StgValue>
</bind>
</comp>

<comp id="52" class="1000" name="bias_h_0_V">
<pin_list>
<pin id="53" dir="1" index="0" bw="1" slack="0"/>
</pin_list>
<bind>
<StgValue><ssdm name="bias_h_0_V"/><MemPortTyVec>1 </MemPortTyVec>
</StgValue>
</bind>
</comp>

<comp id="54" class="1000" name="bn1_mul_1">
<pin_list>
<pin id="55" dir="1" index="0" bw="1" slack="0"/>
</pin_list>
<bind>
<StgValue><ssdm name="bn1_mul_1"/><MemPortTyVec>1 </MemPortTyVec>
</StgValue>
</bind>
</comp>

<comp id="56" class="1000" name="bn1_add_1">
<pin_list>
<pin id="57" dir="1" index="0" bw="1" slack="0"/>
</pin_list>
<bind>
<StgValue><ssdm name="bn1_add_1"/><MemPortTyVec>1 </MemPortTyVec>
</StgValue>
</bind>
</comp>

<comp id="58" class="1000" name="bias_1_0_V">
<pin_list>
<pin id="59" dir="1" index="0" bw="1" slack="0"/>
</pin_list>
<bind>
<StgValue><ssdm name="bias_1_0_V"/><MemPortTyVec>1 </MemPortTyVec>
</StgValue>
</bind>
</comp>

<comp id="60" class="1000" name="bias_2_0_V">
<pin_list>
<pin id="61" dir="1" index="0" bw="1" slack="0"/>
</pin_list>
<bind>
<StgValue><ssdm name="bias_2_0_V"/><MemPortTyVec>1 </MemPortTyVec>
</StgValue>
</bind>
</comp>

<comp id="62" class="1001" name="const_62">
<pin_list>
<pin id="63" dir="1" index="0" bw="1" slack="0"/>
</pin_list>
<bind>
<StgValue><ssdm name=""/></StgValue>
</bind>
</comp>

<comp id="64" class="1001" name="const_64">
<pin_list>
<pin id="65" dir="1" index="0" bw="1" slack="0"/>
</pin_list>
<bind>
<StgValue><ssdm name="axis_to_apuint"/></StgValue>
</bind>
</comp>

<comp id="66" class="1001" name="const_66">
<pin_list>
<pin id="67" dir="1" index="0" bw="1" slack="0"/>
</pin_list>
<bind>
<StgValue><ssdm name="_ssdm_op_Read.s_axilite.i64"/></StgValue>
</bind>
</comp>

<comp id="68" class="1001" name="const_68">
<pin_list>
<pin id="69" dir="1" index="0" bw="1" slack="0"/>
</pin_list>
<bind>
<StgValue><ssdm name="ViT_Block_Core"/></StgValue>
</bind>
</comp>

<comp id="70" class="1001" name="const_70">
<pin_list>
<pin id="71" dir="1" index="0" bw="1" slack="0"/>
</pin_list>
<bind>
<StgValue><ssdm name="apuint_to_axis"/></StgValue>
</bind>
</comp>

<comp id="72" class="1001" name="const_72">
<pin_list>
<pin id="73" dir="1" index="0" bw="1" slack="2147483647"/>
</pin_list>
<bind>
<StgValue><ssdm name="_ssdm_op_SpecDataflowPipeline"/></StgValue>
</bind>
</comp>

<comp id="74" class="1001" name="const_74">
<pin_list>
<pin id="75" dir="1" index="0" bw="1" slack="2147483647"/>
</pin_list>
<bind>
<StgValue><ssdm name=""/></StgValue>
</bind>
</comp>

<comp id="76" class="1001" name="const_76">
<pin_list>
<pin id="77" dir="1" index="0" bw="1" slack="2147483647"/>
</pin_list>
<bind>
<StgValue><ssdm name=""/></StgValue>
</bind>
</comp>

<comp id="78" class="1001" name="const_78">
<pin_list>
<pin id="79" dir="1" index="0" bw="1" slack="2147483647"/>
</pin_list>
<bind>
<StgValue><ssdm name="empty_28"/></StgValue>
</bind>
</comp>

<comp id="80" class="1001" name="const_80">
<pin_list>
<pin id="81" dir="1" index="0" bw="1" slack="2147483647"/>
</pin_list>
<bind>
<StgValue><ssdm name="_ssdm_op_SpecTopModule"/></StgValue>
</bind>
</comp>

<comp id="82" class="1001" name="const_82">
<pin_list>
<pin id="83" dir="1" index="0" bw="1" slack="2147483647"/>
</pin_list>
<bind>
<StgValue><ssdm name="empty_13"/></StgValue>
</bind>
</comp>

<comp id="84" class="1001" name="const_84">
<pin_list>
<pin id="85" dir="1" index="0" bw="1" slack="2147483647"/>
</pin_list>
<bind>
<StgValue><ssdm name="_ssdm_op_SpecInterface"/></StgValue>
</bind>
</comp>

<comp id="86" class="1001" name="const_86">
<pin_list>
<pin id="87" dir="1" index="0" bw="1" slack="2147483647"/>
</pin_list>
<bind>
<StgValue><ssdm name="empty_12"/></StgValue>
</bind>
</comp>

<comp id="88" class="1001" name="const_88">
<pin_list>
<pin id="89" dir="1" index="0" bw="1" slack="2147483647"/>
</pin_list>
<bind>
<StgValue><ssdm name=""/></StgValue>
</bind>
</comp>

<comp id="90" class="1001" name="const_90">
<pin_list>
<pin id="91" dir="1" index="0" bw="1" slack="2147483647"/>
</pin_list>
<bind>
<StgValue><ssdm name="empty_30"/></StgValue>
</bind>
</comp>

<comp id="92" class="1001" name="const_92">
<pin_list>
<pin id="93" dir="1" index="0" bw="1" slack="2147483647"/>
</pin_list>
<bind>
<StgValue><ssdm name="empty_44"/></StgValue>
</bind>
</comp>

<comp id="94" class="1001" name="const_94">
<pin_list>
<pin id="95" dir="1" index="0" bw="1" slack="2147483647"/>
</pin_list>
<bind>
<StgValue><ssdm name=""/></StgValue>
</bind>
</comp>

<comp id="96" class="1001" name="const_96">
<pin_list>
<pin id="97" dir="1" index="0" bw="1" slack="2147483647"/>
</pin_list>
<bind>
<StgValue><ssdm name=""/></StgValue>
</bind>
</comp>

<comp id="98" class="1001" name="const_98">
<pin_list>
<pin id="99" dir="1" index="0" bw="1" slack="2147483647"/>
</pin_list>
<bind>
<StgValue><ssdm name="_ssdm_op_SpecBitsMap"/></StgValue>
</bind>
</comp>

<comp id="100" class="1001" name="const_100">
<pin_list>
<pin id="101" dir="1" index="0" bw="1" slack="2147483647"/>
</pin_list>
<bind>
<StgValue><ssdm name="empty_43"/></StgValue>
</bind>
</comp>

<comp id="102" class="1001" name="const_102">
<pin_list>
<pin id="103" dir="1" index="0" bw="1" slack="2147483647"/>
</pin_list>
<bind>
<StgValue><ssdm name="empty_27"/></StgValue>
</bind>
</comp>

<comp id="104" class="1001" name="const_104">
<pin_list>
<pin id="105" dir="1" index="0" bw="1" slack="2147483647"/>
</pin_list>
<bind>
<StgValue><ssdm name="empty_2"/></StgValue>
</bind>
</comp>

<comp id="106" class="1001" name="const_106">
<pin_list>
<pin id="107" dir="1" index="0" bw="1" slack="2147483647"/>
</pin_list>
<bind>
<StgValue><ssdm name=""/></StgValue>
</bind>
</comp>

<comp id="108" class="1001" name="const_108">
<pin_list>
<pin id="109" dir="1" index="0" bw="1" slack="2147483647"/>
</pin_list>
<bind>
<StgValue><ssdm name="empty_24"/></StgValue>
</bind>
</comp>

<comp id="110" class="1001" name="const_110">
<pin_list>
<pin id="111" dir="1" index="0" bw="1" slack="2147483647"/>
</pin_list>
<bind>
<StgValue><ssdm name="empty_48"/></StgValue>
</bind>
</comp>

<comp id="112" class="1001" name="const_112">
<pin_list>
<pin id="113" dir="1" index="0" bw="1" slack="2147483647"/>
</pin_list>
<bind>
<StgValue><ssdm name="empty_0"/></StgValue>
</bind>
</comp>

<comp id="114" class="1001" name="const_114">
<pin_list>
<pin id="115" dir="1" index="0" bw="1" slack="2147483647"/>
</pin_list>
<bind>
<StgValue><ssdm name=""/></StgValue>
</bind>
</comp>

<comp id="116" class="1001" name="const_116">
<pin_list>
<pin id="117" dir="1" index="0" bw="1" slack="2147483647"/>
</pin_list>
<bind>
<StgValue><ssdm name="empty_1"/></StgValue>
</bind>
</comp>

<comp id="118" class="1001" name="const_118">
<pin_list>
<pin id="119" dir="1" index="0" bw="1" slack="2147483647"/>
</pin_list>
<bind>
<StgValue><ssdm name="empty_49"/></StgValue>
</bind>
</comp>

<comp id="120" class="1001" name="const_120">
<pin_list>
<pin id="121" dir="1" index="0" bw="1" slack="2147483647"/>
</pin_list>
<bind>
<StgValue><ssdm name="empty_20"/></StgValue>
</bind>
</comp>

<comp id="122" class="1001" name="const_122">
<pin_list>
<pin id="123" dir="1" index="0" bw="1" slack="2147483647"/>
</pin_list>
<bind>
<StgValue><ssdm name="empty_5"/></StgValue>
</bind>
</comp>

<comp id="124" class="1001" name="const_124">
<pin_list>
<pin id="125" dir="1" index="0" bw="1" slack="2147483647"/>
</pin_list>
<bind>
<StgValue><ssdm name="empty_6"/></StgValue>
</bind>
</comp>

<comp id="126" class="1001" name="const_126">
<pin_list>
<pin id="127" dir="1" index="0" bw="1" slack="2147483647"/>
</pin_list>
<bind>
<StgValue><ssdm name="empty_17"/></StgValue>
</bind>
</comp>

<comp id="128" class="1001" name="const_128">
<pin_list>
<pin id="129" dir="1" index="0" bw="1" slack="2147483647"/>
</pin_list>
<bind>
<StgValue><ssdm name="empty_16"/></StgValue>
</bind>
</comp>

<comp id="130" class="1001" name="const_130">
<pin_list>
<pin id="131" dir="1" index="0" bw="1" slack="2147483647"/>
</pin_list>
<bind>
<StgValue><ssdm name="empty_8"/></StgValue>
</bind>
</comp>

<comp id="132" class="1001" name="const_132">
<pin_list>
<pin id="133" dir="1" index="0" bw="1" slack="2147483647"/>
</pin_list>
<bind>
<StgValue><ssdm name="empty_47"/></StgValue>
</bind>
</comp>

<comp id="134" class="1001" name="const_134">
<pin_list>
<pin id="135" dir="1" index="0" bw="1" slack="2147483647"/>
</pin_list>
<bind>
<StgValue><ssdm name="empty_14"/></StgValue>
</bind>
</comp>

<comp id="136" class="1001" name="const_136">
<pin_list>
<pin id="137" dir="1" index="0" bw="1" slack="2147483647"/>
</pin_list>
<bind>
<StgValue><ssdm name="empty_18"/></StgValue>
</bind>
</comp>

<comp id="138" class="1001" name="const_138">
<pin_list>
<pin id="139" dir="1" index="0" bw="1" slack="2147483647"/>
</pin_list>
<bind>
<StgValue><ssdm name="_ssdm_op_SpecChannel"/></StgValue>
</bind>
</comp>

<comp id="140" class="1001" name="const_140">
<pin_list>
<pin id="141" dir="1" index="0" bw="1" slack="2147483647"/>
</pin_list>
<bind>
<StgValue><ssdm name="input_stream_str"/></StgValue>
</bind>
</comp>

<comp id="142" class="1001" name="const_142">
<pin_list>
<pin id="143" dir="1" index="0" bw="1" slack="2147483647"/>
</pin_list>
<bind>
<StgValue><ssdm name="p_str"/></StgValue>
</bind>
</comp>

<comp id="144" class="1001" name="const_144">
<pin_list>
<pin id="145" dir="1" index="0" bw="1" slack="2147483647"/>
</pin_list>
<bind>
<StgValue><ssdm name=""/></StgValue>
</bind>
</comp>

<comp id="146" class="1001" name="const_146">
<pin_list>
<pin id="147" dir="1" index="0" bw="1" slack="2147483647"/>
</pin_list>
<bind>
<StgValue><ssdm name="empty_9"/></StgValue>
</bind>
</comp>

<comp id="148" class="1001" name="const_148">
<pin_list>
<pin id="149" dir="1" index="0" bw="1" slack="2147483647"/>
</pin_list>
<bind>
<StgValue><ssdm name="output_stream_str"/></StgValue>
</bind>
</comp>

<comp id="150" class="1001" name="const_150">
<pin_list>
<pin id="151" dir="1" index="0" bw="1" slack="2147483647"/>
</pin_list>
<bind>
<StgValue><ssdm name="_ssdm_op_SpecAXISSideChannel"/></StgValue>
</bind>
</comp>

<comp id="152" class="1001" name="const_152">
<pin_list>
<pin id="153" dir="1" index="0" bw="1" slack="2147483647"/>
</pin_list>
<bind>
<StgValue><ssdm name=""/></StgValue>
</bind>
</comp>

<comp id="154" class="1001" name="const_154">
<pin_list>
<pin id="155" dir="1" index="0" bw="1" slack="2147483647"/>
</pin_list>
<bind>
<StgValue><ssdm name="empty_35"/></StgValue>
</bind>
</comp>

<comp id="156" class="1001" name="const_156">
<pin_list>
<pin id="157" dir="1" index="0" bw="1" slack="2147483647"/>
</pin_list>
<bind>
<StgValue><ssdm name="empty_7"/></StgValue>
</bind>
</comp>

<comp id="158" class="1004" name="input_stream_fu_158">
<pin_list>
<pin id="159" dir="0" index="0" bw="1" slack="0"/>
<pin id="160" dir="1" index="1" bw="8" slack="1"/>
</pin_list>
<bind>
<opcode="alloca(26) " fcode="alloca"/>
<opset="input_stream/1 "/>
</bind>
</comp>

<comp id="162" class="1004" name="output_stream_fu_162">
<pin_list>
<pin id="163" dir="0" index="0" bw="1" slack="0"/>
<pin id="164" dir="1" index="1" bw="8" slack="3"/>
</pin_list>
<bind>
<opcode="alloca(26) " fcode="alloca"/>
<opset="output_stream/1 "/>
</bind>
</comp>

<comp id="166" class="1004" name="in_w_down_read_read_fu_166">
<pin_list>
<pin id="167" dir="0" index="0" bw="64" slack="0"/>
<pin id="168" dir="0" index="1" bw="64" slack="0"/>
<pin id="169" dir="1" index="2" bw="64" slack="0"/>
</pin_list>
<bind>
<opcode="read(1150) " fcode="read"/>
<opset="in_w_down_read/4 "/>
</bind>
</comp>

<comp id="172" class="1004" name="in_w_up_read_read_fu_172">
<pin_list>
<pin id="173" dir="0" index="0" bw="64" slack="0"/>
<pin id="174" dir="0" index="1" bw="64" slack="0"/>
<pin id="175" dir="1" index="2" bw="64" slack="0"/>
</pin_list>
<bind>
<opcode="read(1150) " fcode="read"/>
<opset="in_w_up_read/4 "/>
</bind>
</comp>

<comp id="178" class="1004" name="in_o_read_read_fu_178">
<pin_list>
<pin id="179" dir="0" index="0" bw="64" slack="0"/>
<pin id="180" dir="0" index="1" bw="64" slack="0"/>
<pin id="181" dir="1" index="2" bw="64" slack="0"/>
</pin_list>
<bind>
<opcode="read(1150) " fcode="read"/>
<opset="in_o_read/4 "/>
</bind>
</comp>

<comp id="184" class="1004" name="in_v_read_read_fu_184">
<pin_list>
<pin id="185" dir="0" index="0" bw="64" slack="0"/>
<pin id="186" dir="0" index="1" bw="64" slack="0"/>
<pin id="187" dir="1" index="2" bw="64" slack="0"/>
</pin_list>
<bind>
<opcode="read(1150) " fcode="read"/>
<opset="in_v_read/4 "/>
</bind>
</comp>

<comp id="190" class="1004" name="in_k_read_read_fu_190">
<pin_list>
<pin id="191" dir="0" index="0" bw="64" slack="0"/>
<pin id="192" dir="0" index="1" bw="64" slack="0"/>
<pin id="193" dir="1" index="2" bw="64" slack="0"/>
</pin_list>
<bind>
<opcode="read(1150) " fcode="read"/>
<opset="in_k_read/4 "/>
</bind>
</comp>

<comp id="196" class="1004" name="in_q_read_read_fu_196">
<pin_list>
<pin id="197" dir="0" index="0" bw="64" slack="0"/>
<pin id="198" dir="0" index="1" bw="64" slack="0"/>
<pin id="199" dir="1" index="2" bw="64" slack="0"/>
</pin_list>
<bind>
<opcode="read(1150) " fcode="read"/>
<opset="in_q_read/4 "/>
</bind>
</comp>

<comp id="202" class="1004" name="grp_axis_to_apuint_fu_202">
<pin_list>
<pin id="203" dir="0" index="0" bw="0" slack="0"/>
<pin id="204" dir="0" index="1" bw="8" slack="0"/>
<pin id="205" dir="0" index="2" bw="1" slack="0"/>
<pin id="206" dir="0" index="3" bw="1" slack="0"/>
<pin id="207" dir="0" index="4" bw="1" slack="0"/>
<pin id="208" dir="0" index="5" bw="8" slack="1"/>
<pin id="209" dir="1" index="6" bw="0" slack="2147483647"/>
</pin_list>
<bind>
<opcode="call(48) " fcode="call"/>
<opset="call_ln543/2 "/>
</bind>
</comp>

<comp id="215" class="1004" name="grp_ViT_Block_Core_fu_215">
<pin_list>
<pin id="216" dir="0" index="0" bw="0" slack="0"/>
<pin id="217" dir="0" index="1" bw="8" slack="3"/>
<pin id="218" dir="0" index="2" bw="8" slack="3"/>
<pin id="219" dir="0" index="3" bw="8" slack="0"/>
<pin id="220" dir="0" index="4" bw="64" slack="0"/>
<pin id="221" dir="0" index="5" bw="8" slack="0"/>
<pin id="222" dir="0" index="6" bw="64" slack="0"/>
<pin id="223" dir="0" index="7" bw="8" slack="0"/>
<pin id="224" dir="0" index="8" bw="64" slack="0"/>
<pin id="225" dir="0" index="9" bw="8" slack="0"/>
<pin id="226" dir="0" index="10" bw="64" slack="0"/>
<pin id="227" dir="0" index="11" bw="8" slack="0"/>
<pin id="228" dir="0" index="12" bw="64" slack="0"/>
<pin id="229" dir="0" index="13" bw="8" slack="0"/>
<pin id="230" dir="0" index="14" bw="64" slack="0"/>
<pin id="231" dir="0" index="15" bw="15" slack="0"/>
<pin id="232" dir="0" index="16" bw="22" slack="0"/>
<pin id="233" dir="0" index="17" bw="12" slack="0"/>
<pin id="234" dir="0" index="18" bw="14" slack="0"/>
<pin id="235" dir="0" index="19" bw="14" slack="0"/>
<pin id="236" dir="0" index="20" bw="8" slack="0"/>
<pin id="237" dir="0" index="21" bw="13" slack="0"/>
<pin id="238" dir="0" index="22" bw="17" slack="0"/>
<pin id="239" dir="0" index="23" bw="24" slack="0"/>
<pin id="240" dir="0" index="24" bw="13" slack="0"/>
<pin id="241" dir="0" index="25" bw="13" slack="0"/>
<pin id="242" dir="1" index="26" bw="0" slack="2147483647"/>
</pin_list>
<bind>
<opcode="call(48) " fcode="call"/>
<opset="call_ln545/4 "/>
</bind>
</comp>

<comp id="267" class="1004" name="grp_apuint_to_axis_fu_267">
<pin_list>
<pin id="268" dir="0" index="0" bw="0" slack="0"/>
<pin id="269" dir="0" index="1" bw="8" slack="5"/>
<pin id="270" dir="0" index="2" bw="8" slack="0"/>
<pin id="271" dir="0" index="3" bw="1" slack="0"/>
<pin id="272" dir="0" index="4" bw="1" slack="0"/>
<pin id="273" dir="0" index="5" bw="1" slack="0"/>
<pin id="274" dir="1" index="6" bw="0" slack="2147483647"/>
</pin_list>
<bind>
<opcode="call(48) " fcode="call"/>
<opset="call_ln547/6 "/>
</bind>
</comp>

<comp id="280" class="1005" name="input_stream_reg_280">
<pin_list>
<pin id="281" dir="0" index="0" bw="8" slack="1"/>
<pin id="282" dir="1" index="1" bw="8" slack="1"/>
</pin_list>
<bind>
<opset="input_stream "/>
</bind>
</comp>

<comp id="286" class="1005" name="output_stream_reg_286">
<pin_list>
<pin id="287" dir="0" index="0" bw="8" slack="3"/>
<pin id="288" dir="1" index="1" bw="8" slack="3"/>
</pin_list>
<bind>
<opset="output_stream "/>
</bind>
</comp>

<comp id="292" class="1005" name="in_w_down_read_reg_292">
<pin_list>
<pin id="293" dir="0" index="0" bw="64" slack="1"/>
<pin id="294" dir="1" index="1" bw="64" slack="1"/>
</pin_list>
<bind>
<opset="in_w_down_read "/>
</bind>
</comp>

<comp id="297" class="1005" name="in_w_up_read_reg_297">
<pin_list>
<pin id="298" dir="0" index="0" bw="64" slack="1"/>
<pin id="299" dir="1" index="1" bw="64" slack="1"/>
</pin_list>
<bind>
<opset="in_w_up_read "/>
</bind>
</comp>

<comp id="302" class="1005" name="in_o_read_reg_302">
<pin_list>
<pin id="303" dir="0" index="0" bw="64" slack="1"/>
<pin id="304" dir="1" index="1" bw="64" slack="1"/>
</pin_list>
<bind>
<opset="in_o_read "/>
</bind>
</comp>

<comp id="307" class="1005" name="in_v_read_reg_307">
<pin_list>
<pin id="308" dir="0" index="0" bw="64" slack="1"/>
<pin id="309" dir="1" index="1" bw="64" slack="1"/>
</pin_list>
<bind>
<opset="in_v_read "/>
</bind>
</comp>

<comp id="312" class="1005" name="in_k_read_reg_312">
<pin_list>
<pin id="313" dir="0" index="0" bw="64" slack="1"/>
<pin id="314" dir="1" index="1" bw="64" slack="1"/>
</pin_list>
<bind>
<opset="in_k_read "/>
</bind>
</comp>

<comp id="317" class="1005" name="in_q_read_reg_317">
<pin_list>
<pin id="318" dir="0" index="0" bw="64" slack="1"/>
<pin id="319" dir="1" index="1" bw="64" slack="1"/>
</pin_list>
<bind>
<opset="in_q_read "/>
</bind>
</comp>

</comp_list>

<net_list>
<net id="161"><net_src comp="62" pin="0"/><net_sink comp="158" pin=0"/></net>

<net id="165"><net_src comp="62" pin="0"/><net_sink comp="162" pin=0"/></net>

<net id="170"><net_src comp="66" pin="0"/><net_sink comp="166" pin=0"/></net>

<net id="171"><net_src comp="38" pin="0"/><net_sink comp="166" pin=1"/></net>

<net id="176"><net_src comp="66" pin="0"/><net_sink comp="172" pin=0"/></net>

<net id="177"><net_src comp="36" pin="0"/><net_sink comp="172" pin=1"/></net>

<net id="182"><net_src comp="66" pin="0"/><net_sink comp="178" pin=0"/></net>

<net id="183"><net_src comp="34" pin="0"/><net_sink comp="178" pin=1"/></net>

<net id="188"><net_src comp="66" pin="0"/><net_sink comp="184" pin=0"/></net>

<net id="189"><net_src comp="32" pin="0"/><net_sink comp="184" pin=1"/></net>

<net id="194"><net_src comp="66" pin="0"/><net_sink comp="190" pin=0"/></net>

<net id="195"><net_src comp="30" pin="0"/><net_sink comp="190" pin=1"/></net>

<net id="200"><net_src comp="66" pin="0"/><net_sink comp="196" pin=0"/></net>

<net id="201"><net_src comp="28" pin="0"/><net_sink comp="196" pin=1"/></net>

<net id="210"><net_src comp="64" pin="0"/><net_sink comp="202" pin=0"/></net>

<net id="211"><net_src comp="12" pin="0"/><net_sink comp="202" pin=1"/></net>

<net id="212"><net_src comp="14" pin="0"/><net_sink comp="202" pin=2"/></net>

<net id="213"><net_src comp="16" pin="0"/><net_sink comp="202" pin=3"/></net>

<net id="214"><net_src comp="18" pin="0"/><net_sink comp="202" pin=4"/></net>

<net id="243"><net_src comp="68" pin="0"/><net_sink comp="215" pin=0"/></net>

<net id="244"><net_src comp="0" pin="0"/><net_sink comp="215" pin=3"/></net>

<net id="245"><net_src comp="196" pin="2"/><net_sink comp="215" pin=4"/></net>

<net id="246"><net_src comp="2" pin="0"/><net_sink comp="215" pin=5"/></net>

<net id="247"><net_src comp="190" pin="2"/><net_sink comp="215" pin=6"/></net>

<net id="248"><net_src comp="4" pin="0"/><net_sink comp="215" pin=7"/></net>

<net id="249"><net_src comp="184" pin="2"/><net_sink comp="215" pin=8"/></net>

<net id="250"><net_src comp="6" pin="0"/><net_sink comp="215" pin=9"/></net>

<net id="251"><net_src comp="178" pin="2"/><net_sink comp="215" pin=10"/></net>

<net id="252"><net_src comp="8" pin="0"/><net_sink comp="215" pin=11"/></net>

<net id="253"><net_src comp="172" pin="2"/><net_sink comp="215" pin=12"/></net>

<net id="254"><net_src comp="10" pin="0"/><net_sink comp="215" pin=13"/></net>

<net id="255"><net_src comp="166" pin="2"/><net_sink comp="215" pin=14"/></net>

<net id="256"><net_src comp="40" pin="0"/><net_sink comp="215" pin=15"/></net>

<net id="257"><net_src comp="42" pin="0"/><net_sink comp="215" pin=16"/></net>

<net id="258"><net_src comp="44" pin="0"/><net_sink comp="215" pin=17"/></net>

<net id="259"><net_src comp="46" pin="0"/><net_sink comp="215" pin=18"/></net>

<net id="260"><net_src comp="48" pin="0"/><net_sink comp="215" pin=19"/></net>

<net id="261"><net_src comp="50" pin="0"/><net_sink comp="215" pin=20"/></net>

<net id="262"><net_src comp="52" pin="0"/><net_sink comp="215" pin=21"/></net>

<net id="263"><net_src comp="54" pin="0"/><net_sink comp="215" pin=22"/></net>

<net id="264"><net_src comp="56" pin="0"/><net_sink comp="215" pin=23"/></net>

<net id="265"><net_src comp="58" pin="0"/><net_sink comp="215" pin=24"/></net>

<net id="266"><net_src comp="60" pin="0"/><net_sink comp="215" pin=25"/></net>

<net id="275"><net_src comp="70" pin="0"/><net_sink comp="267" pin=0"/></net>

<net id="276"><net_src comp="20" pin="0"/><net_sink comp="267" pin=2"/></net>

<net id="277"><net_src comp="22" pin="0"/><net_sink comp="267" pin=3"/></net>

<net id="278"><net_src comp="24" pin="0"/><net_sink comp="267" pin=4"/></net>

<net id="279"><net_src comp="26" pin="0"/><net_sink comp="267" pin=5"/></net>

<net id="283"><net_src comp="158" pin="1"/><net_sink comp="280" pin=0"/></net>

<net id="284"><net_src comp="280" pin="1"/><net_sink comp="202" pin=5"/></net>

<net id="285"><net_src comp="280" pin="1"/><net_sink comp="215" pin=1"/></net>

<net id="289"><net_src comp="162" pin="1"/><net_sink comp="286" pin=0"/></net>

<net id="290"><net_src comp="286" pin="1"/><net_sink comp="215" pin=2"/></net>

<net id="291"><net_src comp="286" pin="1"/><net_sink comp="267" pin=1"/></net>

<net id="295"><net_src comp="166" pin="2"/><net_sink comp="292" pin=0"/></net>

<net id="296"><net_src comp="292" pin="1"/><net_sink comp="215" pin=14"/></net>

<net id="300"><net_src comp="172" pin="2"/><net_sink comp="297" pin=0"/></net>

<net id="301"><net_src comp="297" pin="1"/><net_sink comp="215" pin=12"/></net>

<net id="305"><net_src comp="178" pin="2"/><net_sink comp="302" pin=0"/></net>

<net id="306"><net_src comp="302" pin="1"/><net_sink comp="215" pin=10"/></net>

<net id="310"><net_src comp="184" pin="2"/><net_sink comp="307" pin=0"/></net>

<net id="311"><net_src comp="307" pin="1"/><net_sink comp="215" pin=8"/></net>

<net id="315"><net_src comp="190" pin="2"/><net_sink comp="312" pin=0"/></net>

<net id="316"><net_src comp="312" pin="1"/><net_sink comp="215" pin=6"/></net>

<net id="320"><net_src comp="196" pin="2"/><net_sink comp="317" pin=0"/></net>

<net id="321"><net_src comp="317" pin="1"/><net_sink comp="215" pin=4"/></net>

</net_list>

</model> 
---------------- Datapath Model END ------------------

* FSMD analyzer results:
  - Output states:
	Port: out_r_V_data_V | {6 7 }
	Port: out_r_V_keep_V | {6 7 }
	Port: out_r_V_strb_V | {6 7 }
	Port: out_r_V_last_V | {6 7 }
 - Input state : 
	Port: ViT_Block : Q | {4 5 }
	Port: ViT_Block : K | {4 5 }
	Port: ViT_Block : V | {4 5 }
	Port: ViT_Block : Out_r | {4 5 }
	Port: ViT_Block : gmem0 | {4 5 }
	Port: ViT_Block : gmem1 | {4 5 }
	Port: ViT_Block : in_r_V_data_V | {2 3 }
	Port: ViT_Block : in_r_V_keep_V | {2 3 }
	Port: ViT_Block : in_r_V_strb_V | {2 3 }
	Port: ViT_Block : in_r_V_last_V | {2 3 }
	Port: ViT_Block : in_q | {4 }
	Port: ViT_Block : in_k | {4 }
	Port: ViT_Block : in_v | {4 }
	Port: ViT_Block : in_o | {4 }
	Port: ViT_Block : in_w_up | {4 }
	Port: ViT_Block : in_w_down | {4 }
	Port: ViT_Block : bn0_mul_1 | {4 5 }
	Port: ViT_Block : bn0_add_1 | {4 5 }
	Port: ViT_Block : bias_q_0_V | {4 5 }
	Port: ViT_Block : bias_k_0_V | {4 5 }
	Port: ViT_Block : bias_v_0_V | {4 5 }
	Port: ViT_Block : exp_lut_V | {4 5 }
	Port: ViT_Block : bias_h_0_V | {4 5 }
	Port: ViT_Block : bn1_mul_1 | {4 5 }
	Port: ViT_Block : bn1_add_1 | {4 5 }
	Port: ViT_Block : bias_1_0_V | {4 5 }
	Port: ViT_Block : bias_2_0_V | {4 5 }
  - Chain level:
	State 1
	State 2
	State 3
	State 4
	State 5
	State 6
	State 7
	State 8


============================================================
+ Verbose Summary: Datapath Resource usage 
============================================================

* Functional unit list:
|----------|----------------------------|---------|---------|---------|---------|---------|---------|
| Operation|       Functional Unit      |   BRAM  |   DSP   |  Delay  |    FF   |   LUT   |   URAM  |
|----------|----------------------------|---------|---------|---------|---------|---------|---------|
|          |  grp_axis_to_apuint_fu_202 |    0    |    0    |    0    |    17   |    27   |    0    |
|   call   |  grp_ViT_Block_Core_fu_215 |    6    |   196   |  162.75 |  68742  |  55576  |    0    |
|          |  grp_apuint_to_axis_fu_267 |    0    |    0    |  0.387  |    19   |    47   |    0    |
|----------|----------------------------|---------|---------|---------|---------|---------|---------|
|          | in_w_down_read_read_fu_166 |    0    |    0    |    0    |    0    |    0    |    0    |
|          |  in_w_up_read_read_fu_172  |    0    |    0    |    0    |    0    |    0    |    0    |
|   read   |    in_o_read_read_fu_178   |    0    |    0    |    0    |    0    |    0    |    0    |
|          |    in_v_read_read_fu_184   |    0    |    0    |    0    |    0    |    0    |    0    |
|          |    in_k_read_read_fu_190   |    0    |    0    |    0    |    0    |    0    |    0    |
|          |    in_q_read_read_fu_196   |    0    |    0    |    0    |    0    |    0    |    0    |
|----------|----------------------------|---------|---------|---------|---------|---------|---------|
|   Total  |                            |    6    |   196   | 163.137 |  68778  |  55650  |    0    |
|----------|----------------------------|---------|---------|---------|---------|---------|---------|

Memories:
+----------+--------+--------+--------+
|          |  BRAM  |   FF   |   LUT  |
+----------+--------+--------+--------+
|bias_1_0_V|    0   |   16   |   17   |
|bias_2_0_V|    0   |   16   |   17   |
|bias_h_0_V|    0   |   16   |   17   |
|bias_k_0_V|    0   |   16   |   17   |
|bias_q_0_V|    0   |   16   |   17   |
|bias_v_0_V|    0   |   16   |   17   |
| bn0_add_1|    0   |   32   |   33   |
| bn0_mul_1|    0   |   16   |   17   |
| bn1_add_1|    0   |   32   |   33   |
| bn1_mul_1|    0   |   32   |   33   |
| exp_lut_V|    0   |    8   |    9   |
+----------+--------+--------+--------+
|   Total  |    0   |   216  |   227  |
+----------+--------+--------+--------+

* Register list:
+----------------------+--------+
|                      |   FF   |
+----------------------+--------+
|   in_k_read_reg_312  |   64   |
|   in_o_read_reg_302  |   64   |
|   in_q_read_reg_317  |   64   |
|   in_v_read_reg_307  |   64   |
|in_w_down_read_reg_292|   64   |
| in_w_up_read_reg_297 |   64   |
| input_stream_reg_280 |    8   |
| output_stream_reg_286|    8   |
+----------------------+--------+
|         Total        |   400  |
+----------------------+--------+

* Multiplexer (MUX) list: 
|---------------------------|------|------|------|--------||---------||---------|
|            Comp           |  Pin | Size |  BW  | S x BW ||  Delay  ||   LUT   |
|---------------------------|------|------|------|--------||---------||---------|
| grp_ViT_Block_Core_fu_215 |  p4  |   2  |  64  |   128  ||    9    |
| grp_ViT_Block_Core_fu_215 |  p6  |   2  |  64  |   128  ||    9    |
| grp_ViT_Block_Core_fu_215 |  p8  |   2  |  64  |   128  ||    9    |
| grp_ViT_Block_Core_fu_215 |  p10 |   2  |  64  |   128  ||    9    |
| grp_ViT_Block_Core_fu_215 |  p12 |   2  |  64  |   128  ||    9    |
| grp_ViT_Block_Core_fu_215 |  p14 |   2  |  64  |   128  ||    9    |
|---------------------------|------|------|------|--------||---------||---------|
|           Total           |      |      |      |   768  ||  2.322  ||    54   |
|---------------------------|------|------|------|--------||---------||---------|



* Summary:
+-----------+--------+--------+--------+--------+--------+--------+
|           |  BRAM  |   DSP  |  Delay |   FF   |   LUT  |  URAM  |
+-----------+--------+--------+--------+--------+--------+--------+
|  Function |    6   |   196  |   163  |  68778 |  55650 |    0   |
|   Memory  |    0   |    -   |    -   |   216  |   227  |    -   |
|Multiplexer|    -   |    -   |    2   |    -   |   54   |    -   |
|  Register |    -   |    -   |    -   |   400  |    -   |    -   |
+-----------+--------+--------+--------+--------+--------+--------+
|   Total   |    6   |   196  |   165  |  69394 |  55931 |    0   |
+-----------+--------+--------+--------+--------+--------+--------+
