

================================================================
== Vitis HLS Report for 'ViT_Block'
================================================================
* Date:           Tue Jun 23 12:41:34 2026

* Version:        2022.2 (Build 3670227 on Oct 13 2022)
* Project:        ViT_Block
* Solution:       ViT_Block (Vivado IP Flow Target)
* Product family: virtexuplus
* Target device:  xcu250-figd2104-2L-e


================================================================
== Performance Estimates
================================================================
+ Timing: 
    * Summary: 
    +--------+----------+----------+------------+
    |  Clock |  Target  | Estimated| Uncertainty|
    +--------+----------+----------+------------+
    |ap_clk  |  10.00 ns|  7.300 ns|     2.70 ns|
    +--------+----------+----------+------------+

+ Latency: 
    * Summary: 
    +---------+---------+----------+----------+-----+-----+----------+
    |  Latency (cycles) |  Latency (absolute) |  Interval | Pipeline |
    |   min   |   max   |    min   |    max   | min | max |   Type   |
    +---------+---------+----------+----------+-----+-----+----------+
    |        ?|        ?|         ?|         ?|    ?|    ?|  dataflow|
    +---------+---------+----------+----------+-----+-----+----------+

    + Detail: 
        * Instance: 
        N/A

        * Loop: 
        N/A

============================================================
+ Verbose Summary: Synthesis Manager
============================================================
InlineROM: 1
ExposeGlobal: 0
============================================================
+ Verbose Summary: CDFG Model
============================================================
IsTopModel: 1
ResetActiveHigh: 1
IsCombinational: 2
IsDatapathOnly: 0
HasWiredReturn: 1
HasMFsm: 0
HasVarLatency: 1
IsPipeline: 0
IsRtlPipelined: 0
IsInstanceOverlapped: 0
IsDontTouch: 0
HasImplIP: 0
IsGatedGlobalClock: 0


============================================================
+ Verbose Summary: Schedule
============================================================
* Number of FSM states : 8
* Pipeline : 0
* Dataflow Pipeline: 1
  DF-Pipeline-0: Size = 8, States = { 1 2 3 4 5 6 7 8 }

* FSM state transitions: 
1 --> 2 
2 --> 3 
3 --> 4 
4 --> 5 
5 --> 6 
6 --> 7 
7 --> 8 
8 --> 

* FSM state operations: 

State 1 <SV = 0> <Delay = 0.00>
ST_1 : Operation 9 [1/1] (0.00ns)   --->   "%input_stream = alloca i64 1" [/home/fede/PhD/transformer-hls/hls/src/model/ViT_Block.cpp:539]   --->   Operation 9 'alloca' 'input_stream' <Predicate = true> <Delay = 0.00> <CoreInst = "FIFO_SRL">   --->   Core 81 'FIFO_SRL' <Latency = 0> <II = 1> <Delay = 1.36> <Storage> <Opcode : 'read' 'write' 'nbread' 'nbwrite'> <Ports = 0> <Width = 8> <Depth = 2> <FIFO>
ST_1 : Operation 10 [1/1] (0.00ns)   --->   "%output_stream = alloca i64 1" [/home/fede/PhD/transformer-hls/hls/src/model/ViT_Block.cpp:540]   --->   Operation 10 'alloca' 'output_stream' <Predicate = true> <Delay = 0.00> <CoreInst = "FIFO_SRL">   --->   Core 81 'FIFO_SRL' <Latency = 0> <II = 1> <Delay = 1.36> <Storage> <Opcode : 'read' 'write' 'nbread' 'nbwrite'> <Ports = 0> <Width = 8> <Depth = 2> <FIFO>

State 2 <SV = 1> <Delay = 0.00>
ST_2 : Operation 11 [2/2] (0.00ns)   --->   "%call_ln543 = call void @axis_to_apuint, i8 %in_r_V_data_V, i1 %in_r_V_keep_V, i1 %in_r_V_strb_V, i1 %in_r_V_last_V, i8 %input_stream" [/home/fede/PhD/transformer-hls/hls/src/model/ViT_Block.cpp:543]   --->   Operation 11 'call' 'call_ln543' <Predicate = true> <Delay = 0.00> <CoreType = "Generic">   --->   Core 0 '' <Latency = 0> <II = 1> <Delay = 1.00> <Generic> <Opcode : >

State 3 <SV = 2> <Delay = 0.00>
ST_3 : Operation 12 [1/2] (0.00ns)   --->   "%call_ln543 = call void @axis_to_apuint, i8 %in_r_V_data_V, i1 %in_r_V_keep_V, i1 %in_r_V_strb_V, i1 %in_r_V_last_V, i8 %input_stream" [/home/fede/PhD/transformer-hls/hls/src/model/ViT_Block.cpp:543]   --->   Operation 12 'call' 'call_ln543' <Predicate = true> <Delay = 0.00> <CoreType = "Generic">   --->   Core 0 '' <Latency = 0> <II = 1> <Delay = 1.00> <Generic> <Opcode : >

State 4 <SV = 3> <Delay = 1.00>
ST_4 : Operation 13 [1/1] (1.00ns)   --->   "%in_w_down_read = read i64 @_ssdm_op_Read.s_axilite.i64, i64 %in_w_down"   --->   Operation 13 'read' 'in_w_down_read' <Predicate = true> <Delay = 1.00> <CoreInst = "s_axilite">   --->   Core 122 's_axilite' <Latency = 0> <II = 1> <Delay = 1.00> <Adapter> <Opcode : 'read' 'write'>
ST_4 : Operation 14 [1/1] (1.00ns)   --->   "%in_w_up_read = read i64 @_ssdm_op_Read.s_axilite.i64, i64 %in_w_up"   --->   Operation 14 'read' 'in_w_up_read' <Predicate = true> <Delay = 1.00> <CoreInst = "s_axilite">   --->   Core 122 's_axilite' <Latency = 0> <II = 1> <Delay = 1.00> <Adapter> <Opcode : 'read' 'write'>
ST_4 : Operation 15 [1/1] (1.00ns)   --->   "%in_o_read = read i64 @_ssdm_op_Read.s_axilite.i64, i64 %in_o"   --->   Operation 15 'read' 'in_o_read' <Predicate = true> <Delay = 1.00> <CoreInst = "s_axilite">   --->   Core 122 's_axilite' <Latency = 0> <II = 1> <Delay = 1.00> <Adapter> <Opcode : 'read' 'write'>
ST_4 : Operation 16 [1/1] (1.00ns)   --->   "%in_v_read = read i64 @_ssdm_op_Read.s_axilite.i64, i64 %in_v"   --->   Operation 16 'read' 'in_v_read' <Predicate = true> <Delay = 1.00> <CoreInst = "s_axilite">   --->   Core 122 's_axilite' <Latency = 0> <II = 1> <Delay = 1.00> <Adapter> <Opcode : 'read' 'write'>
ST_4 : Operation 17 [1/1] (1.00ns)   --->   "%in_k_read = read i64 @_ssdm_op_Read.s_axilite.i64, i64 %in_k"   --->   Operation 17 'read' 'in_k_read' <Predicate = true> <Delay = 1.00> <CoreInst = "s_axilite">   --->   Core 122 's_axilite' <Latency = 0> <II = 1> <Delay = 1.00> <Adapter> <Opcode : 'read' 'write'>
ST_4 : Operation 18 [1/1] (1.00ns)   --->   "%in_q_read = read i64 @_ssdm_op_Read.s_axilite.i64, i64 %in_q"   --->   Operation 18 'read' 'in_q_read' <Predicate = true> <Delay = 1.00> <CoreInst = "s_axilite">   --->   Core 122 's_axilite' <Latency = 0> <II = 1> <Delay = 1.00> <Adapter> <Opcode : 'read' 'write'>
ST_4 : Operation 19 [2/2] (0.00ns)   --->   "%call_ln545 = call void @ViT_Block_Core, i8 %input_stream, i8 %output_stream, i8 %Q, i64 %in_q_read, i8 %K, i64 %in_k_read, i8 %V, i64 %in_v_read, i8 %Out_r, i64 %in_o_read, i8 %gmem0, i64 %in_w_up_read, i8 %gmem1, i64 %in_w_down_read, i15 %bn0_mul_1, i22 %bn0_add_1, i12 %bias_q_0_V, i14 %bias_k_0_V, i14 %bias_v_0_V, i8 %exp_lut_V, i13 %bias_h_0_V, i17 %bn1_mul_1, i24 %bn1_add_1, i13 %bias_1_0_V, i13 %bias_2_0_V" [/home/fede/PhD/transformer-hls/hls/src/model/ViT_Block.cpp:545]   --->   Operation 19 'call' 'call_ln545' <Predicate = true> <Delay = 0.00> <CoreType = "Generic">   --->   Core 0 '' <Latency = 0> <II = 1> <Delay = 1.00> <Generic> <Opcode : >

State 5 <SV = 4> <Delay = 0.00>
ST_5 : Operation 20 [1/2] (0.00ns)   --->   "%call_ln545 = call void @ViT_Block_Core, i8 %input_stream, i8 %output_stream, i8 %Q, i64 %in_q_read, i8 %K, i64 %in_k_read, i8 %V, i64 %in_v_read, i8 %Out_r, i64 %in_o_read, i8 %gmem0, i64 %in_w_up_read, i8 %gmem1, i64 %in_w_down_read, i15 %bn0_mul_1, i22 %bn0_add_1, i12 %bias_q_0_V, i14 %bias_k_0_V, i14 %bias_v_0_V, i8 %exp_lut_V, i13 %bias_h_0_V, i17 %bn1_mul_1, i24 %bn1_add_1, i13 %bias_1_0_V, i13 %bias_2_0_V" [/home/fede/PhD/transformer-hls/hls/src/model/ViT_Block.cpp:545]   --->   Operation 20 'call' 'call_ln545' <Predicate = true> <Delay = 0.00> <CoreType = "Generic">   --->   Core 0 '' <Latency = 0> <II = 1> <Delay = 1.00> <Generic> <Opcode : >

State 6 <SV = 5> <Delay = 0.00>
ST_6 : Operation 21 [2/2] (0.00ns)   --->   "%call_ln547 = call void @apuint_to_axis, i8 %output_stream, i8 %out_r_V_data_V, i1 %out_r_V_keep_V, i1 %out_r_V_strb_V, i1 %out_r_V_last_V" [/home/fede/PhD/transformer-hls/hls/src/model/ViT_Block.cpp:547]   --->   Operation 21 'call' 'call_ln547' <Predicate = true> <Delay = 0.00> <CoreType = "Generic">   --->   Core 0 '' <Latency = 0> <II = 1> <Delay = 1.00> <Generic> <Opcode : >

State 7 <SV = 6> <Delay = 0.00>
ST_7 : Operation 22 [1/2] (0.00ns)   --->   "%call_ln547 = call void @apuint_to_axis, i8 %output_stream, i8 %out_r_V_data_V, i1 %out_r_V_keep_V, i1 %out_r_V_strb_V, i1 %out_r_V_last_V" [/home/fede/PhD/transformer-hls/hls/src/model/ViT_Block.cpp:547]   --->   Operation 22 'call' 'call_ln547' <Predicate = true> <Delay = 0.00> <CoreType = "Generic">   --->   Core 0 '' <Latency = 0> <II = 1> <Delay = 1.00> <Generic> <Opcode : >

State 8 <SV = 7> <Delay = 0.00>
ST_8 : Operation 23 [1/1] (0.00ns)   --->   "%specdataflowpipeline_ln537 = specdataflowpipeline void @_ssdm_op_SpecDataflowPipeline, i32 4294967295, i32 0, void @empty_28" [/home/fede/PhD/transformer-hls/hls/src/model/ViT_Block.cpp:537]   --->   Operation 23 'specdataflowpipeline' 'specdataflowpipeline_ln537' <Predicate = true> <Delay = 0.00>
ST_8 : Operation 24 [1/1] (0.00ns)   --->   "%spectopmodule_ln502 = spectopmodule void @_ssdm_op_SpecTopModule, void @empty_13" [/home/fede/PhD/transformer-hls/hls/src/model/ViT_Block.cpp:502]   --->   Operation 24 'spectopmodule' 'spectopmodule_ln502' <Predicate = true> <Delay = 0.00>
ST_8 : Operation 25 [1/1] (0.00ns)   --->   "%specinterface_ln0 = specinterface void @_ssdm_op_SpecInterface, i8 %Q, void @empty_12, i32 0, i32 0, void @empty_28, i32 0, i32 256, void @empty_30, void @empty_44, void @empty_28, i32 16, i32 16, i32 64, i32 16, void @empty_28, void @empty_28, i32 4294967295, i32 0"   --->   Operation 25 'specinterface' 'specinterface_ln0' <Predicate = true> <Delay = 0.00>
ST_8 : Operation 26 [1/1] (0.00ns)   --->   "%specbitsmap_ln0 = specbitsmap void @_ssdm_op_SpecBitsMap, i8 %Q"   --->   Operation 26 'specbitsmap' 'specbitsmap_ln0' <Predicate = true> <Delay = 0.00>
ST_8 : Operation 27 [1/1] (0.00ns)   --->   "%specinterface_ln0 = specinterface void @_ssdm_op_SpecInterface, i8 %K, void @empty_12, i32 0, i32 0, void @empty_28, i32 0, i32 256, void @empty_43, void @empty_44, void @empty_28, i32 16, i32 16, i32 64, i32 16, void @empty_28, void @empty_28, i32 4294967295, i32 0"   --->   Operation 27 'specinterface' 'specinterface_ln0' <Predicate = true> <Delay = 0.00>
ST_8 : Operation 28 [1/1] (0.00ns)   --->   "%specbitsmap_ln0 = specbitsmap void @_ssdm_op_SpecBitsMap, i8 %K"   --->   Operation 28 'specbitsmap' 'specbitsmap_ln0' <Predicate = true> <Delay = 0.00>
ST_8 : Operation 29 [1/1] (0.00ns)   --->   "%specinterface_ln0 = specinterface void @_ssdm_op_SpecInterface, i8 %V, void @empty_12, i32 0, i32 0, void @empty_28, i32 0, i32 256, void @empty_27, void @empty_44, void @empty_28, i32 16, i32 16, i32 64, i32 16, void @empty_28, void @empty_28, i32 4294967295, i32 0"   --->   Operation 29 'specinterface' 'specinterface_ln0' <Predicate = true> <Delay = 0.00>
ST_8 : Operation 30 [1/1] (0.00ns)   --->   "%specbitsmap_ln0 = specbitsmap void @_ssdm_op_SpecBitsMap, i8 %V"   --->   Operation 30 'specbitsmap' 'specbitsmap_ln0' <Predicate = true> <Delay = 0.00>
ST_8 : Operation 31 [1/1] (0.00ns)   --->   "%specinterface_ln0 = specinterface void @_ssdm_op_SpecInterface, i8 %Out_r, void @empty_12, i32 0, i32 0, void @empty_28, i32 0, i32 256, void @empty_2, void @empty_44, void @empty_28, i32 16, i32 16, i32 64, i32 16, void @empty_28, void @empty_28, i32 4294967295, i32 0"   --->   Operation 31 'specinterface' 'specinterface_ln0' <Predicate = true> <Delay = 0.00>
ST_8 : Operation 32 [1/1] (0.00ns)   --->   "%specbitsmap_ln0 = specbitsmap void @_ssdm_op_SpecBitsMap, i8 %Out_r"   --->   Operation 32 'specbitsmap' 'specbitsmap_ln0' <Predicate = true> <Delay = 0.00>
ST_8 : Operation 33 [1/1] (0.00ns)   --->   "%specinterface_ln0 = specinterface void @_ssdm_op_SpecInterface, i8 %gmem0, void @empty_12, i32 0, i32 0, void @empty_28, i32 0, i32 1024, void @empty_24, void @empty_44, void @empty_28, i32 16, i32 16, i32 64, i32 16, void @empty_28, void @empty_28, i32 4294967295, i32 0"   --->   Operation 33 'specinterface' 'specinterface_ln0' <Predicate = true> <Delay = 0.00>
ST_8 : Operation 34 [1/1] (0.00ns)   --->   "%specbitsmap_ln0 = specbitsmap void @_ssdm_op_SpecBitsMap, i8 %gmem0"   --->   Operation 34 'specbitsmap' 'specbitsmap_ln0' <Predicate = true> <Delay = 0.00>
ST_8 : Operation 35 [1/1] (0.00ns)   --->   "%specinterface_ln0 = specinterface void @_ssdm_op_SpecInterface, i8 %gmem1, void @empty_12, i32 0, i32 0, void @empty_28, i32 0, i32 1024, void @empty_48, void @empty_44, void @empty_28, i32 16, i32 16, i32 64, i32 16, void @empty_28, void @empty_28, i32 4294967295, i32 0"   --->   Operation 35 'specinterface' 'specinterface_ln0' <Predicate = true> <Delay = 0.00>
ST_8 : Operation 36 [1/1] (0.00ns)   --->   "%specbitsmap_ln0 = specbitsmap void @_ssdm_op_SpecBitsMap, i8 %gmem1"   --->   Operation 36 'specbitsmap' 'specbitsmap_ln0' <Predicate = true> <Delay = 0.00>
ST_8 : Operation 37 [1/1] (0.00ns)   --->   "%specinterface_ln0 = specinterface void @_ssdm_op_SpecInterface, i8 %in_r_V_data_V, i1 %in_r_V_keep_V, i1 %in_r_V_strb_V, i1 %in_r_V_last_V, void @empty_0, i32 1, i32 1, void @empty_1, i32 0, i32 0, void @empty_28, void @empty_28, void @empty_28, i32 0, i32 0, i32 0, i32 0, void @empty_28, void @empty_28, i32 4294967295, i32 0"   --->   Operation 37 'specinterface' 'specinterface_ln0' <Predicate = true> <Delay = 0.00>
ST_8 : Operation 38 [1/1] (0.00ns)   --->   "%specbitsmap_ln0 = specbitsmap void @_ssdm_op_SpecBitsMap, i8 %in_r_V_data_V"   --->   Operation 38 'specbitsmap' 'specbitsmap_ln0' <Predicate = true> <Delay = 0.00>
ST_8 : Operation 39 [1/1] (0.00ns)   --->   "%specbitsmap_ln0 = specbitsmap void @_ssdm_op_SpecBitsMap, i1 %in_r_V_keep_V"   --->   Operation 39 'specbitsmap' 'specbitsmap_ln0' <Predicate = true> <Delay = 0.00>
ST_8 : Operation 40 [1/1] (0.00ns)   --->   "%specbitsmap_ln0 = specbitsmap void @_ssdm_op_SpecBitsMap, i1 %in_r_V_strb_V"   --->   Operation 40 'specbitsmap' 'specbitsmap_ln0' <Predicate = true> <Delay = 0.00>
ST_8 : Operation 41 [1/1] (0.00ns)   --->   "%specbitsmap_ln0 = specbitsmap void @_ssdm_op_SpecBitsMap, i1 %in_r_V_last_V"   --->   Operation 41 'specbitsmap' 'specbitsmap_ln0' <Predicate = true> <Delay = 0.00>
ST_8 : Operation 42 [1/1] (0.00ns)   --->   "%specinterface_ln0 = specinterface void @_ssdm_op_SpecInterface, i8 %out_r_V_data_V, i1 %out_r_V_keep_V, i1 %out_r_V_strb_V, i1 %out_r_V_last_V, void @empty_0, i32 1, i32 1, void @empty_1, i32 0, i32 0, void @empty_28, void @empty_28, void @empty_28, i32 0, i32 0, i32 0, i32 0, void @empty_28, void @empty_28, i32 4294967295, i32 0"   --->   Operation 42 'specinterface' 'specinterface_ln0' <Predicate = true> <Delay = 0.00>
ST_8 : Operation 43 [1/1] (0.00ns)   --->   "%specbitsmap_ln0 = specbitsmap void @_ssdm_op_SpecBitsMap, i8 %out_r_V_data_V"   --->   Operation 43 'specbitsmap' 'specbitsmap_ln0' <Predicate = true> <Delay = 0.00>
ST_8 : Operation 44 [1/1] (0.00ns)   --->   "%specbitsmap_ln0 = specbitsmap void @_ssdm_op_SpecBitsMap, i1 %out_r_V_keep_V"   --->   Operation 44 'specbitsmap' 'specbitsmap_ln0' <Predicate = true> <Delay = 0.00>
ST_8 : Operation 45 [1/1] (0.00ns)   --->   "%specbitsmap_ln0 = specbitsmap void @_ssdm_op_SpecBitsMap, i1 %out_r_V_strb_V"   --->   Operation 45 'specbitsmap' 'specbitsmap_ln0' <Predicate = true> <Delay = 0.00>
ST_8 : Operation 46 [1/1] (0.00ns)   --->   "%specbitsmap_ln0 = specbitsmap void @_ssdm_op_SpecBitsMap, i1 %out_r_V_last_V"   --->   Operation 46 'specbitsmap' 'specbitsmap_ln0' <Predicate = true> <Delay = 0.00>
ST_8 : Operation 47 [1/1] (0.00ns)   --->   "%specinterface_ln0 = specinterface void @_ssdm_op_SpecInterface, i64 %in_q, void @empty_49, i32 0, i32 0, void @empty_28, i32 0, i32 0, void @empty_20, void @empty_5, void @empty_28, i32 0, i32 0, i32 0, i32 0, void @empty_28, void @empty_6, i32 4294967295, i32 0"   --->   Operation 47 'specinterface' 'specinterface_ln0' <Predicate = true> <Delay = 0.00>
ST_8 : Operation 48 [1/1] (0.00ns)   --->   "%specinterface_ln0 = specinterface void @_ssdm_op_SpecInterface, i64 %in_q, void @empty_17, i32 0, i32 0, void @empty_28, i32 0, i32 0, void @empty_28, void @empty_28, void @empty_28, i32 0, i32 0, i32 0, i32 0, void @empty_28, void @empty_6, i32 4294967295, i32 0"   --->   Operation 48 'specinterface' 'specinterface_ln0' <Predicate = true> <Delay = 0.00>
ST_8 : Operation 49 [1/1] (0.00ns)   --->   "%specinterface_ln0 = specinterface void @_ssdm_op_SpecInterface, i64 %in_k, void @empty_49, i32 0, i32 0, void @empty_28, i32 0, i32 0, void @empty_20, void @empty_16, void @empty_28, i32 0, i32 0, i32 0, i32 0, void @empty_28, void @empty_6, i32 4294967295, i32 0"   --->   Operation 49 'specinterface' 'specinterface_ln0' <Predicate = true> <Delay = 0.00>
ST_8 : Operation 50 [1/1] (0.00ns)   --->   "%specinterface_ln0 = specinterface void @_ssdm_op_SpecInterface, i64 %in_k, void @empty_17, i32 0, i32 0, void @empty_28, i32 0, i32 0, void @empty_28, void @empty_28, void @empty_28, i32 0, i32 0, i32 0, i32 0, void @empty_28, void @empty_6, i32 4294967295, i32 0"   --->   Operation 50 'specinterface' 'specinterface_ln0' <Predicate = true> <Delay = 0.00>
ST_8 : Operation 51 [1/1] (0.00ns)   --->   "%specinterface_ln0 = specinterface void @_ssdm_op_SpecInterface, i64 %in_v, void @empty_49, i32 0, i32 0, void @empty_28, i32 0, i32 0, void @empty_20, void @empty_8, void @empty_28, i32 0, i32 0, i32 0, i32 0, void @empty_28, void @empty_6, i32 4294967295, i32 0"   --->   Operation 51 'specinterface' 'specinterface_ln0' <Predicate = true> <Delay = 0.00>
ST_8 : Operation 52 [1/1] (0.00ns)   --->   "%specinterface_ln0 = specinterface void @_ssdm_op_SpecInterface, i64 %in_v, void @empty_17, i32 0, i32 0, void @empty_28, i32 0, i32 0, void @empty_28, void @empty_28, void @empty_28, i32 0, i32 0, i32 0, i32 0, void @empty_28, void @empty_6, i32 4294967295, i32 0"   --->   Operation 52 'specinterface' 'specinterface_ln0' <Predicate = true> <Delay = 0.00>
ST_8 : Operation 53 [1/1] (0.00ns)   --->   "%specinterface_ln0 = specinterface void @_ssdm_op_SpecInterface, i64 %in_o, void @empty_49, i32 0, i32 0, void @empty_28, i32 0, i32 0, void @empty_20, void @empty_47, void @empty_28, i32 0, i32 0, i32 0, i32 0, void @empty_28, void @empty_6, i32 4294967295, i32 0"   --->   Operation 53 'specinterface' 'specinterface_ln0' <Predicate = true> <Delay = 0.00>
ST_8 : Operation 54 [1/1] (0.00ns)   --->   "%specinterface_ln0 = specinterface void @_ssdm_op_SpecInterface, i64 %in_o, void @empty_17, i32 0, i32 0, void @empty_28, i32 0, i32 0, void @empty_28, void @empty_28, void @empty_28, i32 0, i32 0, i32 0, i32 0, void @empty_28, void @empty_6, i32 4294967295, i32 0"   --->   Operation 54 'specinterface' 'specinterface_ln0' <Predicate = true> <Delay = 0.00>
ST_8 : Operation 55 [1/1] (0.00ns)   --->   "%specinterface_ln0 = specinterface void @_ssdm_op_SpecInterface, i64 %in_w_up, void @empty_49, i32 0, i32 0, void @empty_28, i32 0, i32 0, void @empty_20, void @empty_14, void @empty_28, i32 0, i32 0, i32 0, i32 0, void @empty_28, void @empty_6, i32 4294967295, i32 0"   --->   Operation 55 'specinterface' 'specinterface_ln0' <Predicate = true> <Delay = 0.00>
ST_8 : Operation 56 [1/1] (0.00ns)   --->   "%specinterface_ln0 = specinterface void @_ssdm_op_SpecInterface, i64 %in_w_up, void @empty_17, i32 0, i32 0, void @empty_28, i32 0, i32 0, void @empty_28, void @empty_28, void @empty_28, i32 0, i32 0, i32 0, i32 0, void @empty_28, void @empty_6, i32 4294967295, i32 0"   --->   Operation 56 'specinterface' 'specinterface_ln0' <Predicate = true> <Delay = 0.00>
ST_8 : Operation 57 [1/1] (0.00ns)   --->   "%specinterface_ln0 = specinterface void @_ssdm_op_SpecInterface, i64 %in_w_down, void @empty_49, i32 0, i32 0, void @empty_28, i32 0, i32 0, void @empty_20, void @empty_18, void @empty_28, i32 0, i32 0, i32 0, i32 0, void @empty_28, void @empty_6, i32 4294967295, i32 0"   --->   Operation 57 'specinterface' 'specinterface_ln0' <Predicate = true> <Delay = 0.00>
ST_8 : Operation 58 [1/1] (0.00ns)   --->   "%specinterface_ln0 = specinterface void @_ssdm_op_SpecInterface, i64 %in_w_down, void @empty_17, i32 0, i32 0, void @empty_28, i32 0, i32 0, void @empty_28, void @empty_28, void @empty_28, i32 0, i32 0, i32 0, i32 0, void @empty_28, void @empty_6, i32 4294967295, i32 0"   --->   Operation 58 'specinterface' 'specinterface_ln0' <Predicate = true> <Delay = 0.00>
ST_8 : Operation 59 [1/1] (0.00ns)   --->   "%specinterface_ln0 = specinterface void @_ssdm_op_SpecInterface, i32 0, void @empty_49, i32 0, i32 0, void @empty_28, i32 0, i32 0, void @empty_20, void @empty_28, void @empty_28, i32 0, i32 0, i32 0, i32 0, void @empty_28, void @empty_28, i32 4294967295, i32 0"   --->   Operation 59 'specinterface' 'specinterface_ln0' <Predicate = true> <Delay = 0.00>
ST_8 : Operation 60 [1/1] (0.00ns)   --->   "%empty = specchannel i32 @_ssdm_op_SpecChannel, void @input_stream_str, i32 1, void @p_str, void @p_str, i32 2, i32 2, i8 %input_stream, i8 %input_stream"   --->   Operation 60 'specchannel' 'empty' <Predicate = true> <Delay = 0.00>
ST_8 : Operation 61 [1/1] (0.00ns)   --->   "%specinterface_ln0 = specinterface void @_ssdm_op_SpecInterface, i8 %input_stream, void @empty_9, i32 0, i32 0, void @empty_28, i32 0, i32 0, void @empty_28, void @empty_28, void @empty_28, i32 0, i32 0, i32 0, i32 0, void @empty_28, void @empty_28, i32 4294967295, i32 0"   --->   Operation 61 'specinterface' 'specinterface_ln0' <Predicate = true> <Delay = 0.00>
ST_8 : Operation 62 [1/1] (0.00ns)   --->   "%empty_196 = specchannel i32 @_ssdm_op_SpecChannel, void @output_stream_str, i32 1, void @p_str, void @p_str, i32 2, i32 2, i8 %output_stream, i8 %output_stream"   --->   Operation 62 'specchannel' 'empty_196' <Predicate = true> <Delay = 0.00>
ST_8 : Operation 63 [1/1] (0.00ns)   --->   "%specinterface_ln0 = specinterface void @_ssdm_op_SpecInterface, i8 %output_stream, void @empty_9, i32 0, i32 0, void @empty_28, i32 0, i32 0, void @empty_28, void @empty_28, void @empty_28, i32 0, i32 0, i32 0, i32 0, void @empty_28, void @empty_28, i32 4294967295, i32 0"   --->   Operation 63 'specinterface' 'specinterface_ln0' <Predicate = true> <Delay = 0.00>
ST_8 : Operation 64 [1/1] (0.00ns)   --->   "%specaxissidechannel_ln550 = specaxissidechannel void @_ssdm_op_SpecAXISSideChannel, i8 %out_r_V_data_V, i1 %out_r_V_keep_V, i1 %out_r_V_strb_V, i1 0, i1 %out_r_V_last_V, i1 0, i1 0, void @empty_35" [/home/fede/PhD/transformer-hls/hls/src/model/ViT_Block.cpp:550]   --->   Operation 64 'specaxissidechannel' 'specaxissidechannel_ln550' <Predicate = true> <Delay = 0.00>
ST_8 : Operation 65 [1/1] (0.00ns)   --->   "%specaxissidechannel_ln550 = specaxissidechannel void @_ssdm_op_SpecAXISSideChannel, i8 %in_r_V_data_V, i1 %in_r_V_keep_V, i1 %in_r_V_strb_V, i1 0, i1 %in_r_V_last_V, i1 0, i1 0, void @empty_7" [/home/fede/PhD/transformer-hls/hls/src/model/ViT_Block.cpp:550]   --->   Operation 65 'specaxissidechannel' 'specaxissidechannel_ln550' <Predicate = true> <Delay = 0.00>
ST_8 : Operation 66 [1/1] (0.00ns)   --->   "%ret_ln550 = ret" [/home/fede/PhD/transformer-hls/hls/src/model/ViT_Block.cpp:550]   --->   Operation 66 'ret' 'ret_ln550' <Predicate = true> <Delay = 0.00>


============================================================
+ Verbose Summary: Timing violations
============================================================
Target clock period: 10ns, clock uncertainty: 2.7ns.

 <State 1>: 0ns
The critical path consists of the following:

 <State 2>: 0ns
The critical path consists of the following:

 <State 3>: 0ns
The critical path consists of the following:

 <State 4>: 1ns
The critical path consists of the following:
	s_axi read operation ('in_w_down_read') on port 'in_w_down' [69]  (1 ns)

 <State 5>: 0ns
The critical path consists of the following:

 <State 6>: 0ns
The critical path consists of the following:

 <State 7>: 0ns
The critical path consists of the following:

 <State 8>: 0ns
The critical path consists of the following:


============================================================
+ Verbose Summary: Binding
============================================================
N/A
* FSMD analyzer results:
  - Output states:
 - Input state : 
  - Chain level:
	State 1
	State 2
	State 3
	State 4
	State 5
	State 6
	State 7
	State 8


============================================================
+ Verbose Summary: Datapath Resource usage 
============================================================
N/A
