

================================================================
== Vitis HLS Report for 'WeightTiledStreaming_3_17_64_16_1_1_1_1_1_1_ap_int_8_s'
================================================================
* Date:           Tue Jun 23 12:33:33 2026

* Version:        2022.2 (Build 3670227 on Oct 13 2022)
* Project:        ViT_Block
* Solution:       ViT_Block (Vivado IP Flow Target)
* Product family: virtexuplus
* Target device:  xcu250-figd2104-2L-e


================================================================
== Performance Estimates
================================================================
+ Timing: 
    * Summary: 
    +--------+----------+----------+------------+
    |  Clock |  Target  | Estimated| Uncertainty|
    +--------+----------+----------+------------+
    |ap_clk  |  10.00 ns|  7.300 ns|     2.70 ns|
    +--------+----------+----------+------------+

+ Latency: 
    * Summary: 
    +---------+---------+----------+----------+-----+-----+---------+
    |  Latency (cycles) |  Latency (absolute) |  Interval | Pipeline|
    |   min   |   max   |    min   |    max   | min | max |   Type  |
    +---------+---------+----------+----------+-----+-----+---------+
    |        ?|        ?|         ?|         ?|    ?|    ?|       no|
    +---------+---------+----------+----------+-----+-----+---------+

    + Detail: 
        * Instance: 
        +---------------------------------------------+----------------------------------+---------+---------+-----------+-----------+-----+-----+---------+
        |                                             |                                  |  Latency (cycles) |   Latency (absolute)  |  Interval | Pipeline|
        |                   Instance                  |              Module              |   min   |   max   |    min    |    max    | min | max |   Type  |
        +---------------------------------------------+----------------------------------+---------+---------+-----------+-----------+-----+-----+---------+
        |grp_burst_read_beats_1_ap_int_8_s_fu_114     |burst_read_beats_1_ap_int_8_s     |        8|        8|  80.000 ns|  80.000 ns|    8|    8|       no|
        |grp_packer_to_packs_1_1_1_ap_int_8_s_fu_122  |packer_to_packs_1_1_1_ap_int_8_s  |        ?|        ?|          ?|          ?|    ?|    ?|       no|
        +---------------------------------------------+----------------------------------+---------+---------+-----------+-----------+-----+-----+---------+

        * Loop: 
        +------------------------+---------+---------+----------+-----------+-----------+------+----------+
        |                        |  Latency (cycles) | Iteration|  Initiation Interval  | Trip |          |
        |        Loop Name       |   min   |   max   |  Latency |  achieved |   target  | Count| Pipelined|
        +------------------------+---------+---------+----------+-----------+-----------+------+----------+
        |- VITIS_LOOP_1237_1     |        ?|        ?|         ?|          -|          -|    17|        no|
        | + VITIS_LOOP_1238_2    |        ?|        ?|         ?|          -|          -|    64|        no|
        |  ++ VITIS_LOOP_1239_3  |        ?|        ?|         ?|          -|          -|    16|        no|
        +------------------------+---------+---------+----------+-----------+-----------+------+----------+

============================================================
+ Verbose Summary: Synthesis Manager
============================================================
InlineROM: 1
ExposeGlobal: 0
============================================================
+ Verbose Summary: CDFG Model
============================================================
IsTopModel: 0
ResetActiveHigh: 1
IsCombinational: 2
IsDatapathOnly: 0
HasWiredReturn: 1
HasMFsm: 0
HasVarLatency: 1
IsPipeline: 0
IsRtlPipelined: 0
IsInstanceOverlapped: 0
IsDontTouch: 0
HasImplIP: 0
IsGatedGlobalClock: 0


============================================================
+ Verbose Summary: Schedule
============================================================
* Number of FSM states : 8
* Pipeline : 0
* Dataflow Pipeline: 0

* FSM state transitions: 
1 --> 2 
2 --> 3 
3 --> 4 2 
4 --> 5 3 
5 --> 6 
6 --> 7 
7 --> 8 
8 --> 4 

* FSM state operations: 

State 1 <SV = 0> <Delay = 0.38>
ST_1 : Operation 9 [1/1] (0.00ns)   --->   "%m = alloca i32 1"   --->   Operation 9 'alloca' 'm' <Predicate = true> <Delay = 0.00>
ST_1 : Operation 10 [1/1] (0.00ns)   --->   "%specinterface_ln0 = specinterface void @_ssdm_op_SpecInterface, i8 %out_w1, void @empty_9, i32 0, i32 0, void @empty_28, i32 0, i32 0, void @empty_28, void @empty_28, void @empty_28, i32 0, i32 0, i32 0, i32 0, void @empty_28, void @empty_28, i32 4294967295, i32 0"   --->   Operation 10 'specinterface' 'specinterface_ln0' <Predicate = true> <Delay = 0.00>
ST_1 : Operation 11 [1/1] (0.00ns)   --->   "%specinterface_ln0 = specinterface void @_ssdm_op_SpecInterface, i8 %gmem1, void @empty_12, i32 0, i32 0, void @empty_28, i32 0, i32 1024, void @empty_48, void @empty_44, void @empty_28, i32 16, i32 16, i32 64, i32 16, void @empty_28, void @empty_28, i32 4294967295, i32 0"   --->   Operation 11 'specinterface' 'specinterface_ln0' <Predicate = true> <Delay = 0.00>
ST_1 : Operation 12 [1/1] (0.00ns)   --->   "%W_ddr_tile_read = read i64 @_ssdm_op_Read.ap_auto.i64, i64 %W_ddr_tile"   --->   Operation 12 'read' 'W_ddr_tile_read' <Predicate = true> <Delay = 0.00>
ST_1 : Operation 13 [1/1] (0.00ns)   --->   "%burst_reads = alloca i64 1" [/home/fede/PhD/transformer-hls/hls/include/linear.h:1225]   --->   Operation 13 'alloca' 'burst_reads' <Predicate = true> <Delay = 0.00> <CoreInst = "FIFO_SRL">   --->   Core 81 'FIFO_SRL' <Latency = 0> <II = 1> <Delay = 1.35> <Storage> <Opcode : 'read' 'write' 'nbread' 'nbwrite'> <Ports = 0> <Width = 8> <Depth = 64> <FIFO>
ST_1 : Operation 14 [1/1] (0.00ns)   --->   "%empty = specchannel i32 @_ssdm_op_SpecChannel, void @burst_reads_str, i32 1, void @p_str, void @p_str, i32 64, i32 64, i8 %burst_reads, i8 %burst_reads"   --->   Operation 14 'specchannel' 'empty' <Predicate = true> <Delay = 0.00>
ST_1 : Operation 15 [1/1] (0.00ns)   --->   "%specinterface_ln0 = specinterface void @_ssdm_op_SpecInterface, i8 %burst_reads, void @empty_9, i32 0, i32 0, void @empty_28, i32 0, i32 0, void @empty_28, void @empty_28, void @empty_28, i32 0, i32 0, i32 0, i32 0, void @empty_28, void @empty_28, i32 4294967295, i32 0"   --->   Operation 15 'specinterface' 'specinterface_ln0' <Predicate = true> <Delay = 0.00>
ST_1 : Operation 16 [1/1] (0.38ns)   --->   "%store_ln1237 = store i5 0, i5 %m" [/home/fede/PhD/transformer-hls/hls/include/linear.h:1237]   --->   Operation 16 'store' 'store_ln1237' <Predicate = true> <Delay = 0.38>
ST_1 : Operation 17 [1/1] (0.00ns)   --->   "%br_ln1237 = br void %VITIS_LOOP_1238_2" [/home/fede/PhD/transformer-hls/hls/include/linear.h:1237]   --->   Operation 17 'br' 'br_ln1237' <Predicate = true> <Delay = 0.00>

State 2 <SV = 1> <Delay = 0.70>
ST_2 : Operation 18 [1/1] (0.00ns)   --->   "%m_1 = load i5 %m" [/home/fede/PhD/transformer-hls/hls/include/linear.h:1237]   --->   Operation 18 'load' 'm_1' <Predicate = true> <Delay = 0.00>
ST_2 : Operation 19 [1/1] (0.63ns)   --->   "%icmp_ln1237 = icmp_eq  i5 %m_1, i5 17" [/home/fede/PhD/transformer-hls/hls/include/linear.h:1237]   --->   Operation 19 'icmp' 'icmp_ln1237' <Predicate = true> <Delay = 0.63> <CoreInst = "Cmp">   --->   Core 9 'Cmp' <Latency = 0> <II = 1> <Delay = 0.63> <FuncUnit> <Opcode : 'icmp'> <InPorts = 2> <OutPorts = 1>
ST_2 : Operation 20 [1/1] (0.00ns)   --->   "%empty_159 = speclooptripcount i32 @_ssdm_op_SpecLoopTripCount, i64 17, i64 17, i64 17"   --->   Operation 20 'speclooptripcount' 'empty_159' <Predicate = true> <Delay = 0.00>
ST_2 : Operation 21 [1/1] (0.70ns)   --->   "%m_2 = add i5 %m_1, i5 1" [/home/fede/PhD/transformer-hls/hls/include/linear.h:1237]   --->   Operation 21 'add' 'm_2' <Predicate = true> <Delay = 0.70> <CoreInst = "Adder">   --->   Core 1 'Adder' <Latency = 0> <II = 1> <Delay = 0.70> <FuncUnit> <Opcode : 'add' 'sub'> <InPorts = 2> <OutPorts = 1>
ST_2 : Operation 22 [1/1] (0.00ns)   --->   "%br_ln1237 = br i1 %icmp_ln1237, void %VITIS_LOOP_1238_2.split, void %for.end17" [/home/fede/PhD/transformer-hls/hls/include/linear.h:1237]   --->   Operation 22 'br' 'br_ln1237' <Predicate = true> <Delay = 0.00>
ST_2 : Operation 23 [1/1] (0.00ns)   --->   "%specloopname_ln1237 = specloopname void @_ssdm_op_SpecLoopName, void @empty_46" [/home/fede/PhD/transformer-hls/hls/include/linear.h:1237]   --->   Operation 23 'specloopname' 'specloopname_ln1237' <Predicate = (!icmp_ln1237)> <Delay = 0.00>
ST_2 : Operation 24 [1/1] (0.38ns)   --->   "%br_ln1238 = br void %VITIS_LOOP_1239_3" [/home/fede/PhD/transformer-hls/hls/include/linear.h:1238]   --->   Operation 24 'br' 'br_ln1238' <Predicate = (!icmp_ln1237)> <Delay = 0.38>
ST_2 : Operation 25 [1/1] (0.00ns)   --->   "%ret_ln1253 = ret" [/home/fede/PhD/transformer-hls/hls/include/linear.h:1253]   --->   Operation 25 'ret' 'ret_ln1253' <Predicate = (icmp_ln1237)> <Delay = 0.00>

State 3 <SV = 2> <Delay = 0.98>
ST_3 : Operation 26 [1/1] (0.00ns)   --->   "%k = phi i7 %add_ln1238, void %for.inc12, i7 0, void %VITIS_LOOP_1238_2.split" [/home/fede/PhD/transformer-hls/hls/include/linear.h:1238]   --->   Operation 26 'phi' 'k' <Predicate = true> <Delay = 0.00>
ST_3 : Operation 27 [1/1] (0.59ns)   --->   "%icmp_ln1238 = icmp_eq  i7 %k, i7 64" [/home/fede/PhD/transformer-hls/hls/include/linear.h:1238]   --->   Operation 27 'icmp' 'icmp_ln1238' <Predicate = true> <Delay = 0.59> <CoreInst = "Cmp">   --->   Core 9 'Cmp' <Latency = 0> <II = 1> <Delay = 0.59> <FuncUnit> <Opcode : 'icmp'> <InPorts = 2> <OutPorts = 1>
ST_3 : Operation 28 [1/1] (0.00ns)   --->   "%empty_160 = speclooptripcount i32 @_ssdm_op_SpecLoopTripCount, i64 64, i64 64, i64 64"   --->   Operation 28 'speclooptripcount' 'empty_160' <Predicate = true> <Delay = 0.00>
ST_3 : Operation 29 [1/1] (0.70ns)   --->   "%add_ln1238 = add i7 %k, i7 1" [/home/fede/PhD/transformer-hls/hls/include/linear.h:1238]   --->   Operation 29 'add' 'add_ln1238' <Predicate = true> <Delay = 0.70> <CoreInst = "Adder">   --->   Core 1 'Adder' <Latency = 0> <II = 1> <Delay = 0.70> <FuncUnit> <Opcode : 'add' 'sub'> <InPorts = 2> <OutPorts = 1>
ST_3 : Operation 30 [1/1] (0.00ns)   --->   "%br_ln1238 = br i1 %icmp_ln1238, void %VITIS_LOOP_1239_3.split, void %for.inc15" [/home/fede/PhD/transformer-hls/hls/include/linear.h:1238]   --->   Operation 30 'br' 'br_ln1238' <Predicate = true> <Delay = 0.00>
ST_3 : Operation 31 [1/1] (0.00ns)   --->   "%specloopname_ln1238 = specloopname void @_ssdm_op_SpecLoopName, void @empty_36" [/home/fede/PhD/transformer-hls/hls/include/linear.h:1238]   --->   Operation 31 'specloopname' 'specloopname_ln1238' <Predicate = (!icmp_ln1238)> <Delay = 0.00>
ST_3 : Operation 32 [1/1] (0.00ns)   --->   "%empty_161 = trunc i7 %k" [/home/fede/PhD/transformer-hls/hls/include/linear.h:1238]   --->   Operation 32 'trunc' 'empty_161' <Predicate = (!icmp_ln1238)> <Delay = 0.00>
ST_3 : Operation 33 [1/1] (0.00ns)   --->   "%tmp_2 = bitconcatenate i10 @_ssdm_op_BitConcatenate.i10.i6.i4, i6 %empty_161, i4 0" [/home/fede/PhD/transformer-hls/hls/include/linear.h:1238]   --->   Operation 33 'bitconcatenate' 'tmp_2' <Predicate = (!icmp_ln1238)> <Delay = 0.00>
ST_3 : Operation 34 [1/1] (0.00ns)   --->   "%zext_ln1239 = zext i10 %tmp_2" [/home/fede/PhD/transformer-hls/hls/include/linear.h:1239]   --->   Operation 34 'zext' 'zext_ln1239' <Predicate = (!icmp_ln1238)> <Delay = 0.00>
ST_3 : Operation 35 [1/1] (0.38ns)   --->   "%br_ln1239 = br void %for.inc" [/home/fede/PhD/transformer-hls/hls/include/linear.h:1239]   --->   Operation 35 'br' 'br_ln1239' <Predicate = (!icmp_ln1238)> <Delay = 0.38>
ST_3 : Operation 36 [1/1] (0.38ns)   --->   "%store_ln1237 = store i5 %m_2, i5 %m" [/home/fede/PhD/transformer-hls/hls/include/linear.h:1237]   --->   Operation 36 'store' 'store_ln1237' <Predicate = (icmp_ln1238)> <Delay = 0.38>
ST_3 : Operation 37 [1/1] (0.00ns)   --->   "%br_ln1237 = br void %VITIS_LOOP_1238_2" [/home/fede/PhD/transformer-hls/hls/include/linear.h:1237]   --->   Operation 37 'br' 'br_ln1237' <Predicate = (icmp_ln1238)> <Delay = 0.00>

State 4 <SV = 3> <Delay = 1.87>
ST_4 : Operation 38 [1/1] (0.00ns)   --->   "%n_tile = phi i5 %add_ln1239, void %for.inc.split, i5 0, void %VITIS_LOOP_1239_3.split" [/home/fede/PhD/transformer-hls/hls/include/linear.h:1239]   --->   Operation 38 'phi' 'n_tile' <Predicate = true> <Delay = 0.00>
ST_4 : Operation 39 [1/1] (0.00ns)   --->   "%zext_ln1239_1 = zext i5 %n_tile" [/home/fede/PhD/transformer-hls/hls/include/linear.h:1239]   --->   Operation 39 'zext' 'zext_ln1239_1' <Predicate = true> <Delay = 0.00>
ST_4 : Operation 40 [1/1] (0.63ns)   --->   "%icmp_ln1239 = icmp_eq  i5 %n_tile, i5 16" [/home/fede/PhD/transformer-hls/hls/include/linear.h:1239]   --->   Operation 40 'icmp' 'icmp_ln1239' <Predicate = true> <Delay = 0.63> <CoreInst = "Cmp">   --->   Core 9 'Cmp' <Latency = 0> <II = 1> <Delay = 0.63> <FuncUnit> <Opcode : 'icmp'> <InPorts = 2> <OutPorts = 1>
ST_4 : Operation 41 [1/1] (0.00ns)   --->   "%empty_162 = speclooptripcount i32 @_ssdm_op_SpecLoopTripCount, i64 16, i64 16, i64 16"   --->   Operation 41 'speclooptripcount' 'empty_162' <Predicate = true> <Delay = 0.00>
ST_4 : Operation 42 [1/1] (0.70ns)   --->   "%add_ln1239 = add i5 %n_tile, i5 1" [/home/fede/PhD/transformer-hls/hls/include/linear.h:1239]   --->   Operation 42 'add' 'add_ln1239' <Predicate = true> <Delay = 0.70> <CoreInst = "Adder">   --->   Core 1 'Adder' <Latency = 0> <II = 1> <Delay = 0.70> <FuncUnit> <Opcode : 'add' 'sub'> <InPorts = 2> <OutPorts = 1>
ST_4 : Operation 43 [1/1] (0.00ns)   --->   "%br_ln1239 = br i1 %icmp_ln1239, void %for.inc.split, void %for.inc12" [/home/fede/PhD/transformer-hls/hls/include/linear.h:1239]   --->   Operation 43 'br' 'br_ln1239' <Predicate = true> <Delay = 0.00>
ST_4 : Operation 44 [1/1] (0.72ns)   --->   "%add_ln1243_1 = add i11 %zext_ln1239, i11 %zext_ln1239_1" [/home/fede/PhD/transformer-hls/hls/include/linear.h:1243]   --->   Operation 44 'add' 'add_ln1243_1' <Predicate = (!icmp_ln1239)> <Delay = 0.72> <CoreInst = "Adder">   --->   Core 1 'Adder' <Latency = 0> <II = 1> <Delay = 0.72> <FuncUnit> <Opcode : 'add' 'sub'> <InPorts = 2> <OutPorts = 1>
ST_4 : Operation 45 [1/1] (0.00ns)   --->   "%zext_ln1243 = zext i11 %add_ln1243_1" [/home/fede/PhD/transformer-hls/hls/include/linear.h:1243]   --->   Operation 45 'zext' 'zext_ln1243' <Predicate = (!icmp_ln1239)> <Delay = 0.00>
ST_4 : Operation 46 [1/1] (1.14ns)   --->   "%add_ln1243 = add i64 %zext_ln1243, i64 %W_ddr_tile_read" [/home/fede/PhD/transformer-hls/hls/include/linear.h:1243]   --->   Operation 46 'add' 'add_ln1243' <Predicate = (!icmp_ln1239)> <Delay = 1.14> <CoreInst = "Adder">   --->   Core 1 'Adder' <Latency = 0> <II = 1> <Delay = 1.14> <FuncUnit> <Opcode : 'add' 'sub'> <InPorts = 2> <OutPorts = 1>
ST_4 : Operation 47 [1/1] (0.00ns)   --->   "%br_ln1238 = br void %VITIS_LOOP_1239_3" [/home/fede/PhD/transformer-hls/hls/include/linear.h:1238]   --->   Operation 47 'br' 'br_ln1238' <Predicate = (icmp_ln1239)> <Delay = 0.00>

State 5 <SV = 4> <Delay = 7.30>
ST_5 : Operation 48 [2/2] (7.30ns)   --->   "%call_ln1245 = call void @burst_read_beats<1, ap_int<8> >, i8 %gmem1, i64 %add_ln1243, i8 %burst_reads" [/home/fede/PhD/transformer-hls/hls/include/linear.h:1245]   --->   Operation 48 'call' 'call_ln1245' <Predicate = true> <Delay = 7.30> <CoreType = "Generic">   --->   Core 0 '' <Latency = 0> <II = 1> <Delay = 1.00> <Generic> <Opcode : >

State 6 <SV = 5> <Delay = 0.00>
ST_6 : Operation 49 [1/2] (0.00ns)   --->   "%call_ln1245 = call void @burst_read_beats<1, ap_int<8> >, i8 %gmem1, i64 %add_ln1243, i8 %burst_reads" [/home/fede/PhD/transformer-hls/hls/include/linear.h:1245]   --->   Operation 49 'call' 'call_ln1245' <Predicate = true> <Delay = 0.00> <CoreType = "Generic">   --->   Core 0 '' <Latency = 0> <II = 1> <Delay = 1.00> <Generic> <Opcode : >

State 7 <SV = 6> <Delay = 0.00>
ST_7 : Operation 50 [2/2] (0.00ns)   --->   "%call_ln1246 = call void @packer_to_packs<1, 1, 1, ap_int<8> >, i8 %burst_reads, i8 %out_w1" [/home/fede/PhD/transformer-hls/hls/include/linear.h:1246]   --->   Operation 50 'call' 'call_ln1246' <Predicate = true> <Delay = 0.00> <CoreType = "Generic">   --->   Core 0 '' <Latency = 0> <II = 1> <Delay = 1.00> <Generic> <Opcode : >

State 8 <SV = 7> <Delay = 0.00>
ST_8 : Operation 51 [1/1] (0.00ns)   --->   "%specloopname_ln1240 = specloopname void @_ssdm_op_SpecLoopName, void @empty_29" [/home/fede/PhD/transformer-hls/hls/include/linear.h:1240]   --->   Operation 51 'specloopname' 'specloopname_ln1240' <Predicate = true> <Delay = 0.00>
ST_8 : Operation 52 [1/2] (0.00ns)   --->   "%call_ln1246 = call void @packer_to_packs<1, 1, 1, ap_int<8> >, i8 %burst_reads, i8 %out_w1" [/home/fede/PhD/transformer-hls/hls/include/linear.h:1246]   --->   Operation 52 'call' 'call_ln1246' <Predicate = true> <Delay = 0.00> <CoreType = "Generic">   --->   Core 0 '' <Latency = 0> <II = 1> <Delay = 1.00> <Generic> <Opcode : >
ST_8 : Operation 53 [1/1] (0.00ns)   --->   "%br_ln1239 = br void %for.inc" [/home/fede/PhD/transformer-hls/hls/include/linear.h:1239]   --->   Operation 53 'br' 'br_ln1239' <Predicate = true> <Delay = 0.00>


============================================================
+ Verbose Summary: Binding
============================================================
STG Binding: 
---------------- STG Properties BEGIN ----------------
- Is combinational: 0
- Is one-state seq: 0
- Is datapath-only: 0
- Is pipelined: 0
- Is top level: 0
Port [ Return ] is wired: 1; IO mode=ap_ctrl_hs:ce=0
Port [ gmem1]:  wired=1; compound=1; hidden=0; nouse=0; global=0; static=0; extern=0; dir=0; type=4; pingpong=0; private_global=0; IO mode=m_axi:ce=0
Port [ W_ddr_tile]:  wired=1; compound=0; hidden=0; nouse=0; global=0; static=0; extern=0; dir=0; type=0; pingpong=0; private_global=0; IO mode=ap_none:ce=0
Port [ out_w1]:  wired=1; compound=1; hidden=0; nouse=0; global=0; static=0; extern=0; dir=1; type=3; pingpong=0; private_global=0; IO mode=ap_fifo:ce=0
---------------- STG Properties END ------------------

---------------- Datapath Model BEGIN ----------------

<LifeTime>
<method=bitvector/>
m                   (alloca           ) [ 011111111]
specinterface_ln0   (specinterface    ) [ 000000000]
specinterface_ln0   (specinterface    ) [ 000000000]
W_ddr_tile_read     (read             ) [ 001111111]
burst_reads         (alloca           ) [ 011111111]
empty               (specchannel      ) [ 000000000]
specinterface_ln0   (specinterface    ) [ 000000000]
store_ln1237        (store            ) [ 000000000]
br_ln1237           (br               ) [ 000000000]
m_1                 (load             ) [ 000000000]
icmp_ln1237         (icmp             ) [ 001111111]
empty_159           (speclooptripcount) [ 000000000]
m_2                 (add              ) [ 000111111]
br_ln1237           (br               ) [ 000000000]
specloopname_ln1237 (specloopname     ) [ 000000000]
br_ln1238           (br               ) [ 001111111]
ret_ln1253          (ret              ) [ 000000000]
k                   (phi              ) [ 000100000]
icmp_ln1238         (icmp             ) [ 001111111]
empty_160           (speclooptripcount) [ 000000000]
add_ln1238          (add              ) [ 001111111]
br_ln1238           (br               ) [ 000000000]
specloopname_ln1238 (specloopname     ) [ 000000000]
empty_161           (trunc            ) [ 000000000]
tmp_2               (bitconcatenate   ) [ 000000000]
zext_ln1239         (zext             ) [ 000011111]
br_ln1239           (br               ) [ 001111111]
store_ln1237        (store            ) [ 000000000]
br_ln1237           (br               ) [ 000000000]
n_tile              (phi              ) [ 000010000]
zext_ln1239_1       (zext             ) [ 000000000]
icmp_ln1239         (icmp             ) [ 001111111]
empty_162           (speclooptripcount) [ 000000000]
add_ln1239          (add              ) [ 001111111]
br_ln1239           (br               ) [ 000000000]
add_ln1243_1        (add              ) [ 000000000]
zext_ln1243         (zext             ) [ 000000000]
add_ln1243          (add              ) [ 000001100]
br_ln1238           (br               ) [ 001111111]
call_ln1245         (call             ) [ 000000000]
specloopname_ln1240 (specloopname     ) [ 000000000]
call_ln1246         (call             ) [ 000000000]
br_ln1239           (br               ) [ 001111111]
</LifeTime>

<model>

<comp_list>
<comp id="0" class="1000" name="gmem1">
<pin_list>
<pin id="1" dir="1" index="0" bw="1" slack="0"/>
</pin_list>
<bind>
<StgValue><ssdm name="gmem1"/></StgValue>
</bind>
</comp>

<comp id="2" class="1000" name="W_ddr_tile">
<pin_list>
<pin id="3" dir="1" index="0" bw="1" slack="0"/>
</pin_list>
<bind>
<StgValue><ssdm name="W_ddr_tile"/></StgValue>
</bind>
</comp>

<comp id="4" class="1000" name="out_w1">
<pin_list>
<pin id="5" dir="1" index="0" bw="1" slack="0"/>
</pin_list>
<bind>
<StgValue><ssdm name="out_w1"/></StgValue>
</bind>
</comp>

<comp id="6" class="1001" name="const_6">
<pin_list>
<pin id="7" dir="1" index="0" bw="1" slack="0"/>
</pin_list>
<bind>
<StgValue><ssdm name=""/></StgValue>
</bind>
</comp>

<comp id="8" class="1001" name="const_8">
<pin_list>
<pin id="9" dir="1" index="0" bw="1" slack="2147483647"/>
</pin_list>
<bind>
<StgValue><ssdm name="_ssdm_op_SpecInterface"/></StgValue>
</bind>
</comp>

<comp id="10" class="1001" name="const_10">
<pin_list>
<pin id="11" dir="1" index="0" bw="1" slack="2147483647"/>
</pin_list>
<bind>
<StgValue><ssdm name="empty_9"/></StgValue>
</bind>
</comp>

<comp id="12" class="1001" name="const_12">
<pin_list>
<pin id="13" dir="1" index="0" bw="1" slack="2147483647"/>
</pin_list>
<bind>
<StgValue><ssdm name=""/></StgValue>
</bind>
</comp>

<comp id="14" class="1001" name="const_14">
<pin_list>
<pin id="15" dir="1" index="0" bw="1" slack="2147483647"/>
</pin_list>
<bind>
<StgValue><ssdm name="empty_28"/></StgValue>
</bind>
</comp>

<comp id="16" class="1001" name="const_16">
<pin_list>
<pin id="17" dir="1" index="0" bw="1" slack="2147483647"/>
</pin_list>
<bind>
<StgValue><ssdm name=""/></StgValue>
</bind>
</comp>

<comp id="18" class="1001" name="const_18">
<pin_list>
<pin id="19" dir="1" index="0" bw="1" slack="2147483647"/>
</pin_list>
<bind>
<StgValue><ssdm name="empty_12"/></StgValue>
</bind>
</comp>

<comp id="20" class="1001" name="const_20">
<pin_list>
<pin id="21" dir="1" index="0" bw="1" slack="2147483647"/>
</pin_list>
<bind>
<StgValue><ssdm name=""/></StgValue>
</bind>
</comp>

<comp id="22" class="1001" name="const_22">
<pin_list>
<pin id="23" dir="1" index="0" bw="1" slack="2147483647"/>
</pin_list>
<bind>
<StgValue><ssdm name="empty_48"/></StgValue>
</bind>
</comp>

<comp id="24" class="1001" name="const_24">
<pin_list>
<pin id="25" dir="1" index="0" bw="1" slack="2147483647"/>
</pin_list>
<bind>
<StgValue><ssdm name="empty_44"/></StgValue>
</bind>
</comp>

<comp id="26" class="1001" name="const_26">
<pin_list>
<pin id="27" dir="1" index="0" bw="1" slack="2147483647"/>
</pin_list>
<bind>
<StgValue><ssdm name=""/></StgValue>
</bind>
</comp>

<comp id="28" class="1001" name="const_28">
<pin_list>
<pin id="29" dir="1" index="0" bw="1" slack="2147483647"/>
</pin_list>
<bind>
<StgValue><ssdm name=""/></StgValue>
</bind>
</comp>

<comp id="30" class="1001" name="const_30">
<pin_list>
<pin id="31" dir="1" index="0" bw="1" slack="0"/>
</pin_list>
<bind>
<StgValue><ssdm name="_ssdm_op_Read.ap_auto.i64"/></StgValue>
</bind>
</comp>

<comp id="32" class="1001" name="const_32">
<pin_list>
<pin id="33" dir="1" index="0" bw="1" slack="0"/>
</pin_list>
<bind>
<StgValue><ssdm name=""/></StgValue>
</bind>
</comp>

<comp id="34" class="1001" name="const_34">
<pin_list>
<pin id="35" dir="1" index="0" bw="1" slack="2147483647"/>
</pin_list>
<bind>
<StgValue><ssdm name="_ssdm_op_SpecChannel"/></StgValue>
</bind>
</comp>

<comp id="36" class="1001" name="const_36">
<pin_list>
<pin id="37" dir="1" index="0" bw="1" slack="2147483647"/>
</pin_list>
<bind>
<StgValue><ssdm name="burst_reads_str"/></StgValue>
</bind>
</comp>

<comp id="38" class="1001" name="const_38">
<pin_list>
<pin id="39" dir="1" index="0" bw="1" slack="2147483647"/>
</pin_list>
<bind>
<StgValue><ssdm name="p_str"/></StgValue>
</bind>
</comp>

<comp id="40" class="1001" name="const_40">
<pin_list>
<pin id="41" dir="1" index="0" bw="1" slack="0"/>
</pin_list>
<bind>
<StgValue><ssdm name=""/></StgValue>
</bind>
</comp>

<comp id="42" class="1001" name="const_42">
<pin_list>
<pin id="43" dir="1" index="0" bw="1" slack="0"/>
</pin_list>
<bind>
<StgValue><ssdm name=""/></StgValue>
</bind>
</comp>

<comp id="44" class="1001" name="const_44">
<pin_list>
<pin id="45" dir="1" index="0" bw="1" slack="2147483647"/>
</pin_list>
<bind>
<StgValue><ssdm name="_ssdm_op_SpecLoopTripCount"/></StgValue>
</bind>
</comp>

<comp id="46" class="1001" name="const_46">
<pin_list>
<pin id="47" dir="1" index="0" bw="1" slack="2147483647"/>
</pin_list>
<bind>
<StgValue><ssdm name=""/></StgValue>
</bind>
</comp>

<comp id="48" class="1001" name="const_48">
<pin_list>
<pin id="49" dir="1" index="0" bw="1" slack="0"/>
</pin_list>
<bind>
<StgValue><ssdm name=""/></StgValue>
</bind>
</comp>

<comp id="50" class="1001" name="const_50">
<pin_list>
<pin id="51" dir="1" index="0" bw="1" slack="2147483647"/>
</pin_list>
<bind>
<StgValue><ssdm name="_ssdm_op_SpecLoopName"/></StgValue>
</bind>
</comp>

<comp id="52" class="1001" name="const_52">
<pin_list>
<pin id="53" dir="1" index="0" bw="1" slack="2147483647"/>
</pin_list>
<bind>
<StgValue><ssdm name="empty_46"/></StgValue>
</bind>
</comp>

<comp id="54" class="1001" name="const_54">
<pin_list>
<pin id="55" dir="1" index="0" bw="1" slack="1"/>
</pin_list>
<bind>
<StgValue><ssdm name=""/></StgValue>
</bind>
</comp>

<comp id="56" class="1001" name="const_56">
<pin_list>
<pin id="57" dir="1" index="0" bw="1" slack="0"/>
</pin_list>
<bind>
<StgValue><ssdm name=""/></StgValue>
</bind>
</comp>

<comp id="58" class="1001" name="const_58">
<pin_list>
<pin id="59" dir="1" index="0" bw="1" slack="2147483647"/>
</pin_list>
<bind>
<StgValue><ssdm name=""/></StgValue>
</bind>
</comp>

<comp id="60" class="1001" name="const_60">
<pin_list>
<pin id="61" dir="1" index="0" bw="1" slack="0"/>
</pin_list>
<bind>
<StgValue><ssdm name=""/></StgValue>
</bind>
</comp>

<comp id="62" class="1001" name="const_62">
<pin_list>
<pin id="63" dir="1" index="0" bw="1" slack="2147483647"/>
</pin_list>
<bind>
<StgValue><ssdm name="empty_36"/></StgValue>
</bind>
</comp>

<comp id="64" class="1001" name="const_64">
<pin_list>
<pin id="65" dir="1" index="0" bw="1" slack="0"/>
</pin_list>
<bind>
<StgValue><ssdm name="_ssdm_op_BitConcatenate.i10.i6.i4"/></StgValue>
</bind>
</comp>

<comp id="66" class="1001" name="const_66">
<pin_list>
<pin id="67" dir="1" index="0" bw="1" slack="0"/>
</pin_list>
<bind>
<StgValue><ssdm name=""/></StgValue>
</bind>
</comp>

<comp id="68" class="1001" name="const_68">
<pin_list>
<pin id="69" dir="1" index="0" bw="1" slack="0"/>
</pin_list>
<bind>
<StgValue><ssdm name=""/></StgValue>
</bind>
</comp>

<comp id="70" class="1001" name="const_70">
<pin_list>
<pin id="71" dir="1" index="0" bw="1" slack="2147483647"/>
</pin_list>
<bind>
<StgValue><ssdm name=""/></StgValue>
</bind>
</comp>

<comp id="72" class="1001" name="const_72">
<pin_list>
<pin id="73" dir="1" index="0" bw="1" slack="0"/>
</pin_list>
<bind>
<StgValue><ssdm name="burst_read_beats<1, ap_int<8> >"/></StgValue>
</bind>
</comp>

<comp id="74" class="1001" name="const_74">
<pin_list>
<pin id="75" dir="1" index="0" bw="1" slack="0"/>
</pin_list>
<bind>
<StgValue><ssdm name="packer_to_packs<1, 1, 1, ap_int<8> >"/></StgValue>
</bind>
</comp>

<comp id="76" class="1001" name="const_76">
<pin_list>
<pin id="77" dir="1" index="0" bw="1" slack="2147483647"/>
</pin_list>
<bind>
<StgValue><ssdm name="empty_29"/></StgValue>
</bind>
</comp>

<comp id="78" class="1004" name="m_fu_78">
<pin_list>
<pin id="79" dir="0" index="0" bw="1" slack="0"/>
<pin id="80" dir="1" index="1" bw="5" slack="0"/>
</pin_list>
<bind>
<opcode="alloca(26) " fcode="alloca"/>
<opset="m/1 "/>
</bind>
</comp>

<comp id="82" class="1004" name="burst_reads_fu_82">
<pin_list>
<pin id="83" dir="0" index="0" bw="1" slack="0"/>
<pin id="84" dir="1" index="1" bw="8" slack="0"/>
</pin_list>
<bind>
<opcode="alloca(26) " fcode="alloca"/>
<opset="burst_reads/1 "/>
</bind>
</comp>

<comp id="86" class="1004" name="W_ddr_tile_read_read_fu_86">
<pin_list>
<pin id="87" dir="0" index="0" bw="64" slack="0"/>
<pin id="88" dir="0" index="1" bw="64" slack="0"/>
<pin id="89" dir="1" index="2" bw="64" slack="3"/>
</pin_list>
<bind>
<opcode="read(1150) " fcode="read"/>
<opset="W_ddr_tile_read/1 "/>
</bind>
</comp>

<comp id="92" class="1005" name="k_reg_92">
<pin_list>
<pin id="93" dir="0" index="0" bw="7" slack="1"/>
<pin id="94" dir="1" index="1" bw="7" slack="1"/>
</pin_list>
<bind>
<opset="k (phireg) "/>
</bind>
</comp>

<comp id="96" class="1004" name="k_phi_fu_96">
<pin_list>
<pin id="97" dir="0" index="0" bw="7" slack="0"/>
<pin id="98" dir="0" index="1" bw="0" slack="2147483647"/>
<pin id="99" dir="0" index="2" bw="1" slack="1"/>
<pin id="100" dir="0" index="3" bw="0" slack="2147483647"/>
<pin id="101" dir="1" index="4" bw="7" slack="0"/>
</pin_list>
<bind>
<opcode="phi(47) " fcode="phi"/>
<opset="k/3 "/>
</bind>
</comp>

<comp id="103" class="1005" name="n_tile_reg_103">
<pin_list>
<pin id="104" dir="0" index="0" bw="5" slack="1"/>
<pin id="105" dir="1" index="1" bw="5" slack="1"/>
</pin_list>
<bind>
<opset="n_tile (phireg) "/>
</bind>
</comp>

<comp id="107" class="1004" name="n_tile_phi_fu_107">
<pin_list>
<pin id="108" dir="0" index="0" bw="5" slack="0"/>
<pin id="109" dir="0" index="1" bw="0" slack="2147483647"/>
<pin id="110" dir="0" index="2" bw="1" slack="1"/>
<pin id="111" dir="0" index="3" bw="0" slack="2147483647"/>
<pin id="112" dir="1" index="4" bw="5" slack="0"/>
</pin_list>
<bind>
<opcode="phi(47) " fcode="phi"/>
<opset="n_tile/4 "/>
</bind>
</comp>

<comp id="114" class="1004" name="grp_burst_read_beats_1_ap_int_8_s_fu_114">
<pin_list>
<pin id="115" dir="0" index="0" bw="0" slack="0"/>
<pin id="116" dir="0" index="1" bw="8" slack="0"/>
<pin id="117" dir="0" index="2" bw="64" slack="1"/>
<pin id="118" dir="0" index="3" bw="8" slack="4"/>
<pin id="119" dir="1" index="4" bw="0" slack="2147483647"/>
</pin_list>
<bind>
<opcode="call(48) " fcode="call"/>
<opset="call_ln1245/5 "/>
</bind>
</comp>

<comp id="122" class="1004" name="grp_packer_to_packs_1_1_1_ap_int_8_s_fu_122">
<pin_list>
<pin id="123" dir="0" index="0" bw="0" slack="0"/>
<pin id="124" dir="0" index="1" bw="8" slack="6"/>
<pin id="125" dir="0" index="2" bw="8" slack="0"/>
<pin id="126" dir="1" index="3" bw="0" slack="2147483647"/>
</pin_list>
<bind>
<opcode="call(48) " fcode="call"/>
<opset="call_ln1246/7 "/>
</bind>
</comp>

<comp id="129" class="1004" name="store_ln1237_store_fu_129">
<pin_list>
<pin id="130" dir="0" index="0" bw="1" slack="0"/>
<pin id="131" dir="0" index="1" bw="5" slack="0"/>
<pin id="132" dir="1" index="2" bw="0" slack="2147483647"/>
</pin_list>
<bind>
<opcode="store(28) " fcode="store"/>
<opset="store_ln1237/1 "/>
</bind>
</comp>

<comp id="134" class="1004" name="m_1_load_fu_134">
<pin_list>
<pin id="135" dir="0" index="0" bw="5" slack="1"/>
<pin id="136" dir="1" index="1" bw="5" slack="0"/>
</pin_list>
<bind>
<opcode="load(27) " fcode="load"/>
<opset="m_1/2 "/>
</bind>
</comp>

<comp id="137" class="1004" name="icmp_ln1237_fu_137">
<pin_list>
<pin id="138" dir="0" index="0" bw="5" slack="0"/>
<pin id="139" dir="0" index="1" bw="5" slack="0"/>
<pin id="140" dir="1" index="2" bw="1" slack="2147483647"/>
</pin_list>
<bind>
<opcode="icmp(45) " fcode="icmp"/>
<opset="icmp_ln1237/2 "/>
</bind>
</comp>

<comp id="143" class="1004" name="m_2_fu_143">
<pin_list>
<pin id="144" dir="0" index="0" bw="5" slack="0"/>
<pin id="145" dir="0" index="1" bw="1" slack="0"/>
<pin id="146" dir="1" index="2" bw="5" slack="1"/>
</pin_list>
<bind>
<opcode="add(8) " fcode="add"/>
<opset="m_2/2 "/>
</bind>
</comp>

<comp id="149" class="1004" name="icmp_ln1238_fu_149">
<pin_list>
<pin id="150" dir="0" index="0" bw="7" slack="0"/>
<pin id="151" dir="0" index="1" bw="7" slack="0"/>
<pin id="152" dir="1" index="2" bw="1" slack="2147483647"/>
</pin_list>
<bind>
<opcode="icmp(45) " fcode="icmp"/>
<opset="icmp_ln1238/3 "/>
</bind>
</comp>

<comp id="155" class="1004" name="add_ln1238_fu_155">
<pin_list>
<pin id="156" dir="0" index="0" bw="7" slack="0"/>
<pin id="157" dir="0" index="1" bw="1" slack="0"/>
<pin id="158" dir="1" index="2" bw="7" slack="0"/>
</pin_list>
<bind>
<opcode="add(8) " fcode="add"/>
<opset="add_ln1238/3 "/>
</bind>
</comp>

<comp id="161" class="1004" name="empty_161_fu_161">
<pin_list>
<pin id="162" dir="0" index="0" bw="7" slack="0"/>
<pin id="163" dir="1" index="1" bw="6" slack="0"/>
</pin_list>
<bind>
<opcode="trunc(33) " fcode="trunc"/>
<opset="empty_161/3 "/>
</bind>
</comp>

<comp id="165" class="1004" name="tmp_2_fu_165">
<pin_list>
<pin id="166" dir="0" index="0" bw="10" slack="0"/>
<pin id="167" dir="0" index="1" bw="6" slack="0"/>
<pin id="168" dir="0" index="2" bw="1" slack="0"/>
<pin id="169" dir="1" index="3" bw="10" slack="0"/>
</pin_list>
<bind>
<opcode="bitconcatenate(1004) " fcode="bitconcatenate"/>
<opset="tmp_2/3 "/>
</bind>
</comp>

<comp id="173" class="1004" name="zext_ln1239_fu_173">
<pin_list>
<pin id="174" dir="0" index="0" bw="10" slack="0"/>
<pin id="175" dir="1" index="1" bw="11" slack="1"/>
</pin_list>
<bind>
<opcode="zext(34) " fcode="zext"/>
<opset="zext_ln1239/3 "/>
</bind>
</comp>

<comp id="177" class="1004" name="store_ln1237_store_fu_177">
<pin_list>
<pin id="178" dir="0" index="0" bw="5" slack="1"/>
<pin id="179" dir="0" index="1" bw="5" slack="2"/>
<pin id="180" dir="1" index="2" bw="0" slack="2147483647"/>
</pin_list>
<bind>
<opcode="store(28) " fcode="store"/>
<opset="store_ln1237/3 "/>
</bind>
</comp>

<comp id="181" class="1004" name="zext_ln1239_1_fu_181">
<pin_list>
<pin id="182" dir="0" index="0" bw="5" slack="0"/>
<pin id="183" dir="1" index="1" bw="11" slack="0"/>
</pin_list>
<bind>
<opcode="zext(34) " fcode="zext"/>
<opset="zext_ln1239_1/4 "/>
</bind>
</comp>

<comp id="185" class="1004" name="icmp_ln1239_fu_185">
<pin_list>
<pin id="186" dir="0" index="0" bw="5" slack="0"/>
<pin id="187" dir="0" index="1" bw="5" slack="0"/>
<pin id="188" dir="1" index="2" bw="1" slack="2147483647"/>
</pin_list>
<bind>
<opcode="icmp(45) " fcode="icmp"/>
<opset="icmp_ln1239/4 "/>
</bind>
</comp>

<comp id="191" class="1004" name="add_ln1239_fu_191">
<pin_list>
<pin id="192" dir="0" index="0" bw="5" slack="0"/>
<pin id="193" dir="0" index="1" bw="1" slack="0"/>
<pin id="194" dir="1" index="2" bw="5" slack="0"/>
</pin_list>
<bind>
<opcode="add(8) " fcode="add"/>
<opset="add_ln1239/4 "/>
</bind>
</comp>

<comp id="197" class="1004" name="add_ln1243_1_fu_197">
<pin_list>
<pin id="198" dir="0" index="0" bw="10" slack="1"/>
<pin id="199" dir="0" index="1" bw="5" slack="0"/>
<pin id="200" dir="1" index="2" bw="11" slack="0"/>
</pin_list>
<bind>
<opcode="add(8) " fcode="add"/>
<opset="add_ln1243_1/4 "/>
</bind>
</comp>

<comp id="202" class="1004" name="zext_ln1243_fu_202">
<pin_list>
<pin id="203" dir="0" index="0" bw="11" slack="0"/>
<pin id="204" dir="1" index="1" bw="64" slack="0"/>
</pin_list>
<bind>
<opcode="zext(34) " fcode="zext"/>
<opset="zext_ln1243/4 "/>
</bind>
</comp>

<comp id="206" class="1004" name="add_ln1243_fu_206">
<pin_list>
<pin id="207" dir="0" index="0" bw="11" slack="0"/>
<pin id="208" dir="0" index="1" bw="64" slack="3"/>
<pin id="209" dir="1" index="2" bw="64" slack="1"/>
</pin_list>
<bind>
<opcode="add(8) " fcode="add"/>
<opset="add_ln1243/4 "/>
</bind>
</comp>

<comp id="211" class="1005" name="m_reg_211">
<pin_list>
<pin id="212" dir="0" index="0" bw="5" slack="0"/>
<pin id="213" dir="1" index="1" bw="5" slack="0"/>
</pin_list>
<bind>
<opset="m "/>
</bind>
</comp>

<comp id="218" class="1005" name="W_ddr_tile_read_reg_218">
<pin_list>
<pin id="219" dir="0" index="0" bw="64" slack="3"/>
<pin id="220" dir="1" index="1" bw="64" slack="3"/>
</pin_list>
<bind>
<opset="W_ddr_tile_read "/>
</bind>
</comp>

<comp id="223" class="1005" name="burst_reads_reg_223">
<pin_list>
<pin id="224" dir="0" index="0" bw="8" slack="0"/>
<pin id="225" dir="1" index="1" bw="8" slack="4"/>
</pin_list>
<bind>
<opset="burst_reads "/>
</bind>
</comp>

<comp id="232" class="1005" name="m_2_reg_232">
<pin_list>
<pin id="233" dir="0" index="0" bw="5" slack="1"/>
<pin id="234" dir="1" index="1" bw="5" slack="1"/>
</pin_list>
<bind>
<opset="m_2 "/>
</bind>
</comp>

<comp id="240" class="1005" name="add_ln1238_reg_240">
<pin_list>
<pin id="241" dir="0" index="0" bw="7" slack="0"/>
<pin id="242" dir="1" index="1" bw="7" slack="0"/>
</pin_list>
<bind>
<opset="add_ln1238 "/>
</bind>
</comp>

<comp id="245" class="1005" name="zext_ln1239_reg_245">
<pin_list>
<pin id="246" dir="0" index="0" bw="11" slack="1"/>
<pin id="247" dir="1" index="1" bw="11" slack="1"/>
</pin_list>
<bind>
<opset="zext_ln1239 "/>
</bind>
</comp>

<comp id="253" class="1005" name="add_ln1239_reg_253">
<pin_list>
<pin id="254" dir="0" index="0" bw="5" slack="0"/>
<pin id="255" dir="1" index="1" bw="5" slack="0"/>
</pin_list>
<bind>
<opset="add_ln1239 "/>
</bind>
</comp>

<comp id="258" class="1005" name="add_ln1243_reg_258">
<pin_list>
<pin id="259" dir="0" index="0" bw="64" slack="1"/>
<pin id="260" dir="1" index="1" bw="64" slack="1"/>
</pin_list>
<bind>
<opset="add_ln1243 "/>
</bind>
</comp>

</comp_list>

<net_list>
<net id="81"><net_src comp="6" pin="0"/><net_sink comp="78" pin=0"/></net>

<net id="85"><net_src comp="32" pin="0"/><net_sink comp="82" pin=0"/></net>

<net id="90"><net_src comp="30" pin="0"/><net_sink comp="86" pin=0"/></net>

<net id="91"><net_src comp="2" pin="0"/><net_sink comp="86" pin=1"/></net>

<net id="95"><net_src comp="54" pin="0"/><net_sink comp="92" pin=0"/></net>

<net id="102"><net_src comp="92" pin="1"/><net_sink comp="96" pin=2"/></net>

<net id="106"><net_src comp="40" pin="0"/><net_sink comp="103" pin=0"/></net>

<net id="113"><net_src comp="103" pin="1"/><net_sink comp="107" pin=2"/></net>

<net id="120"><net_src comp="72" pin="0"/><net_sink comp="114" pin=0"/></net>

<net id="121"><net_src comp="0" pin="0"/><net_sink comp="114" pin=1"/></net>

<net id="127"><net_src comp="74" pin="0"/><net_sink comp="122" pin=0"/></net>

<net id="128"><net_src comp="4" pin="0"/><net_sink comp="122" pin=2"/></net>

<net id="133"><net_src comp="40" pin="0"/><net_sink comp="129" pin=0"/></net>

<net id="141"><net_src comp="134" pin="1"/><net_sink comp="137" pin=0"/></net>

<net id="142"><net_src comp="42" pin="0"/><net_sink comp="137" pin=1"/></net>

<net id="147"><net_src comp="134" pin="1"/><net_sink comp="143" pin=0"/></net>

<net id="148"><net_src comp="48" pin="0"/><net_sink comp="143" pin=1"/></net>

<net id="153"><net_src comp="96" pin="4"/><net_sink comp="149" pin=0"/></net>

<net id="154"><net_src comp="56" pin="0"/><net_sink comp="149" pin=1"/></net>

<net id="159"><net_src comp="96" pin="4"/><net_sink comp="155" pin=0"/></net>

<net id="160"><net_src comp="60" pin="0"/><net_sink comp="155" pin=1"/></net>

<net id="164"><net_src comp="96" pin="4"/><net_sink comp="161" pin=0"/></net>

<net id="170"><net_src comp="64" pin="0"/><net_sink comp="165" pin=0"/></net>

<net id="171"><net_src comp="161" pin="1"/><net_sink comp="165" pin=1"/></net>

<net id="172"><net_src comp="66" pin="0"/><net_sink comp="165" pin=2"/></net>

<net id="176"><net_src comp="165" pin="3"/><net_sink comp="173" pin=0"/></net>

<net id="184"><net_src comp="107" pin="4"/><net_sink comp="181" pin=0"/></net>

<net id="189"><net_src comp="107" pin="4"/><net_sink comp="185" pin=0"/></net>

<net id="190"><net_src comp="68" pin="0"/><net_sink comp="185" pin=1"/></net>

<net id="195"><net_src comp="107" pin="4"/><net_sink comp="191" pin=0"/></net>

<net id="196"><net_src comp="48" pin="0"/><net_sink comp="191" pin=1"/></net>

<net id="201"><net_src comp="181" pin="1"/><net_sink comp="197" pin=1"/></net>

<net id="205"><net_src comp="197" pin="2"/><net_sink comp="202" pin=0"/></net>

<net id="210"><net_src comp="202" pin="1"/><net_sink comp="206" pin=0"/></net>

<net id="214"><net_src comp="78" pin="1"/><net_sink comp="211" pin=0"/></net>

<net id="215"><net_src comp="211" pin="1"/><net_sink comp="129" pin=1"/></net>

<net id="216"><net_src comp="211" pin="1"/><net_sink comp="134" pin=0"/></net>

<net id="217"><net_src comp="211" pin="1"/><net_sink comp="177" pin=1"/></net>

<net id="221"><net_src comp="86" pin="2"/><net_sink comp="218" pin=0"/></net>

<net id="222"><net_src comp="218" pin="1"/><net_sink comp="206" pin=1"/></net>

<net id="226"><net_src comp="82" pin="1"/><net_sink comp="223" pin=0"/></net>

<net id="227"><net_src comp="223" pin="1"/><net_sink comp="114" pin=3"/></net>

<net id="228"><net_src comp="223" pin="1"/><net_sink comp="122" pin=1"/></net>

<net id="235"><net_src comp="143" pin="2"/><net_sink comp="232" pin=0"/></net>

<net id="236"><net_src comp="232" pin="1"/><net_sink comp="177" pin=0"/></net>

<net id="243"><net_src comp="155" pin="2"/><net_sink comp="240" pin=0"/></net>

<net id="244"><net_src comp="240" pin="1"/><net_sink comp="96" pin=0"/></net>

<net id="248"><net_src comp="173" pin="1"/><net_sink comp="245" pin=0"/></net>

<net id="249"><net_src comp="245" pin="1"/><net_sink comp="197" pin=0"/></net>

<net id="256"><net_src comp="191" pin="2"/><net_sink comp="253" pin=0"/></net>

<net id="257"><net_src comp="253" pin="1"/><net_sink comp="107" pin=0"/></net>

<net id="261"><net_src comp="206" pin="2"/><net_sink comp="258" pin=0"/></net>

<net id="262"><net_src comp="258" pin="1"/><net_sink comp="114" pin=2"/></net>

</net_list>

</model> 
---------------- Datapath Model END ------------------

* FSMD analyzer results:
  - Output states:
	Port: out_w1 | {7 8 }
 - Input state : 
	Port: WeightTiledStreaming_3<17, 64, 16, 1, 1, 1, 1, 1, 1, ap_int<8> > : gmem1 | {5 6 }
	Port: WeightTiledStreaming_3<17, 64, 16, 1, 1, 1, 1, 1, 1, ap_int<8> > : W_ddr_tile | {1 }
  - Chain level:
	State 1
		empty : 1
		specinterface_ln0 : 1
		store_ln1237 : 1
	State 2
		icmp_ln1237 : 1
		m_2 : 1
		br_ln1237 : 2
	State 3
		icmp_ln1238 : 1
		add_ln1238 : 1
		br_ln1238 : 2
		empty_161 : 1
		tmp_2 : 2
		zext_ln1239 : 3
	State 4
		zext_ln1239_1 : 1
		icmp_ln1239 : 1
		add_ln1239 : 1
		br_ln1239 : 2
		add_ln1243_1 : 2
		zext_ln1243 : 3
		add_ln1243 : 4
	State 5
	State 6
	State 7
	State 8


============================================================
+ Verbose Summary: Datapath Resource usage 
============================================================

* Functional unit list:
|----------|---------------------------------------------|---------|---------|---------|
| Operation|               Functional Unit               |  Delay  |    FF   |   LUT   |
|----------|---------------------------------------------|---------|---------|---------|
|   call   |   grp_burst_read_beats_1_ap_int_8_s_fu_114  |  0.387  |    16   |    9    |
|          | grp_packer_to_packs_1_1_1_ap_int_8_s_fu_122 |    0    |    85   |   237   |
|----------|---------------------------------------------|---------|---------|---------|
|          |                  m_2_fu_143                 |    0    |    0    |    12   |
|          |              add_ln1238_fu_155              |    0    |    0    |    14   |
|    add   |              add_ln1239_fu_191              |    0    |    0    |    12   |
|          |             add_ln1243_1_fu_197             |    0    |    0    |    17   |
|          |              add_ln1243_fu_206              |    0    |    0    |    71   |
|----------|---------------------------------------------|---------|---------|---------|
|          |              icmp_ln1237_fu_137             |    0    |    0    |    9    |
|   icmp   |              icmp_ln1238_fu_149             |    0    |    0    |    10   |
|          |              icmp_ln1239_fu_185             |    0    |    0    |    9    |
|----------|---------------------------------------------|---------|---------|---------|
|   read   |          W_ddr_tile_read_read_fu_86         |    0    |    0    |    0    |
|----------|---------------------------------------------|---------|---------|---------|
|   trunc  |               empty_161_fu_161              |    0    |    0    |    0    |
|----------|---------------------------------------------|---------|---------|---------|
|bitconcatenate|                 tmp_2_fu_165                |    0    |    0    |    0    |
|----------|---------------------------------------------|---------|---------|---------|
|          |              zext_ln1239_fu_173             |    0    |    0    |    0    |
|   zext   |             zext_ln1239_1_fu_181            |    0    |    0    |    0    |
|          |              zext_ln1243_fu_202             |    0    |    0    |    0    |
|----------|---------------------------------------------|---------|---------|---------|
|   Total  |                                             |  0.387  |   101   |   400   |
|----------|---------------------------------------------|---------|---------|---------|

Memories:
N/A

* Register list:
+-----------------------+--------+
|                       |   FF   |
+-----------------------+--------+
|W_ddr_tile_read_reg_218|   64   |
|   add_ln1238_reg_240  |    7   |
|   add_ln1239_reg_253  |    5   |
|   add_ln1243_reg_258  |   64   |
|  burst_reads_reg_223  |    8   |
|        k_reg_92       |    7   |
|      m_2_reg_232      |    5   |
|       m_reg_211       |    5   |
|     n_tile_reg_103    |    5   |
|  zext_ln1239_reg_245  |   11   |
+-----------------------+--------+
|         Total         |   181  |
+-----------------------+--------+

* Multiplexer (MUX) list: 
|--------|------|------|------|--------|
|  Comp  |  Pin | Size |  BW  | S x BW |
|--------|------|------|------|--------|
|  Total |      |      |      |    0   |
|--------|------|------|------|--------|



* Summary:
+-----------+--------+--------+--------+
|           |  Delay |   FF   |   LUT  |
+-----------+--------+--------+--------+
|  Function |    0   |   101  |   400  |
|   Memory  |    -   |    -   |    -   |
|Multiplexer|    -   |    -   |    -   |
|  Register |    -   |   181  |    -   |
+-----------+--------+--------+--------+
|   Total   |    0   |   282  |   400  |
+-----------+--------+--------+--------+
