

================================================================
== Vitis HLS Report for 'WeightTiledStreaming_3_17_16_16_1_1_1_1_1_1_ap_int_8_9'
================================================================
* Date:           Tue Jun 23 12:41:18 2026

* Version:        2022.2 (Build 3670227 on Oct 13 2022)
* Project:        ViT_Block
* Solution:       ViT_Block (Vivado IP Flow Target)
* Product family: virtexuplus
* Target device:  xcu250-figd2104-2L-e


================================================================
== Performance Estimates
================================================================
+ Timing: 
    * Summary: 
    +--------+----------+----------+------------+
    |  Clock |  Target  | Estimated| Uncertainty|
    +--------+----------+----------+------------+
    |ap_clk  |  10.00 ns|  7.300 ns|     2.70 ns|
    +--------+----------+----------+------------+

+ Latency: 
    * Summary: 
    +---------+---------+----------+----------+-----+-----+---------+
    |  Latency (cycles) |  Latency (absolute) |  Interval | Pipeline|
    |   min   |   max   |    min   |    max   | min | max |   Type  |
    +---------+---------+----------+----------+-----+-----+---------+
    |        ?|        ?|         ?|         ?|    ?|    ?|       no|
    +---------+---------+----------+----------+-----+-----+---------+

    + Detail: 
        * Instance: 
        +---------------------------------------------+----------------------------------+---------+---------+-----------+-----------+-----+-----+---------+
        |                                             |                                  |  Latency (cycles) |   Latency (absolute)  |  Interval | Pipeline|
        |                   Instance                  |              Module              |   min   |   max   |    min    |    max    | min | max |   Type  |
        +---------------------------------------------+----------------------------------+---------+---------+-----------+-----------+-----+-----+---------+
        |grp_burst_read_beats_1_ap_int_8_s_fu_106     |burst_read_beats_1_ap_int_8_s     |        8|        8|  80.000 ns|  80.000 ns|    8|    8|       no|
        |grp_packer_to_packs_1_1_1_ap_int_8_s_fu_114  |packer_to_packs_1_1_1_ap_int_8_s  |        ?|        ?|          ?|          ?|    ?|    ?|       no|
        +---------------------------------------------+----------------------------------+---------+---------+-----------+-----------+-----+-----+---------+

        * Loop: 
        +------------------------+---------+---------+----------+-----------+-----------+------+----------+
        |                        |  Latency (cycles) | Iteration|  Initiation Interval  | Trip |          |
        |        Loop Name       |   min   |   max   |  Latency |  achieved |   target  | Count| Pipelined|
        +------------------------+---------+---------+----------+-----------+-----------+------+----------+
        |- VITIS_LOOP_1237_1     |        ?|        ?|         ?|          -|          -|    17|        no|
        | + VITIS_LOOP_1238_2    |        ?|        ?|         ?|          -|          -|    16|        no|
        |  ++ VITIS_LOOP_1239_3  |        ?|        ?|         ?|          -|          -|    16|        no|
        +------------------------+---------+---------+----------+-----------+-----------+------+----------+

============================================================
+ Verbose Summary: Synthesis Manager
============================================================
InlineROM: 1
ExposeGlobal: 0
============================================================
+ Verbose Summary: CDFG Model
============================================================
IsTopModel: 0
ResetActiveHigh: 1
IsCombinational: 2
IsDatapathOnly: 0
HasWiredReturn: 1
HasMFsm: 0
HasVarLatency: 1
IsPipeline: 0
IsRtlPipelined: 0
IsInstanceOverlapped: 0
IsDontTouch: 0
HasImplIP: 0
IsGatedGlobalClock: 0


============================================================
+ Verbose Summary: Schedule
============================================================
* Number of FSM states : 8
* Pipeline : 0
* Dataflow Pipeline: 0

* FSM state transitions: 
1 --> 2 
2 --> 3 
3 --> 4 2 
4 --> 5 3 
5 --> 6 
6 --> 7 
7 --> 8 
8 --> 4 

* FSM state operations: 

State 1 <SV = 0> <Delay = 0.38>
ST_1 : Operation 9 [1/1] (0.00ns)   --->   "%m = alloca i32 1"   --->   Operation 9 'alloca' 'm' <Predicate = true> <Delay = 0.00>
ST_1 : Operation 10 [1/1] (0.00ns)   --->   "%specinterface_ln0 = specinterface void @_ssdm_op_SpecInterface, i8 %out_w1, void @empty_9, i32 0, i32 0, void @empty_28, i32 0, i32 0, void @empty_28, void @empty_28, void @empty_28, i32 0, i32 0, i32 0, i32 0, void @empty_28, void @empty_28, i32 4294967295, i32 0"   --->   Operation 10 'specinterface' 'specinterface_ln0' <Predicate = true> <Delay = 0.00>
ST_1 : Operation 11 [1/1] (0.00ns)   --->   "%specinterface_ln0 = specinterface void @_ssdm_op_SpecInterface, i8 %V, void @empty_12, i32 0, i32 0, void @empty_28, i32 0, i32 256, void @empty_27, void @empty_44, void @empty_28, i32 16, i32 16, i32 64, i32 16, void @empty_28, void @empty_28, i32 4294967295, i32 0"   --->   Operation 11 'specinterface' 'specinterface_ln0' <Predicate = true> <Delay = 0.00>
ST_1 : Operation 12 [1/1] (0.00ns)   --->   "%W_ddr_tile_read = read i64 @_ssdm_op_Read.ap_auto.i64, i64 %W_ddr_tile"   --->   Operation 12 'read' 'W_ddr_tile_read' <Predicate = true> <Delay = 0.00>
ST_1 : Operation 13 [1/1] (0.00ns)   --->   "%burst_reads = alloca i64 1" [/home/fede/PhD/transformer-hls/hls/include/linear.h:1225]   --->   Operation 13 'alloca' 'burst_reads' <Predicate = true> <Delay = 0.00> <CoreInst = "FIFO_SRL">   --->   Core 81 'FIFO_SRL' <Latency = 0> <II = 1> <Delay = 1.35> <Storage> <Opcode : 'read' 'write' 'nbread' 'nbwrite'> <Ports = 0> <Width = 8> <Depth = 64> <FIFO>
ST_1 : Operation 14 [1/1] (0.00ns)   --->   "%empty = specchannel i32 @_ssdm_op_SpecChannel, void @burst_reads_str, i32 1, void @p_str, void @p_str, i32 64, i32 64, i8 %burst_reads, i8 %burst_reads"   --->   Operation 14 'specchannel' 'empty' <Predicate = true> <Delay = 0.00>
ST_1 : Operation 15 [1/1] (0.00ns)   --->   "%specinterface_ln0 = specinterface void @_ssdm_op_SpecInterface, i8 %burst_reads, void @empty_9, i32 0, i32 0, void @empty_28, i32 0, i32 0, void @empty_28, void @empty_28, void @empty_28, i32 0, i32 0, i32 0, i32 0, void @empty_28, void @empty_28, i32 4294967295, i32 0"   --->   Operation 15 'specinterface' 'specinterface_ln0' <Predicate = true> <Delay = 0.00>
ST_1 : Operation 16 [1/1] (0.38ns)   --->   "%store_ln1237 = store i5 0, i5 %m" [/home/fede/PhD/transformer-hls/hls/include/linear.h:1237]   --->   Operation 16 'store' 'store_ln1237' <Predicate = true> <Delay = 0.38>
ST_1 : Operation 17 [1/1] (0.00ns)   --->   "%br_ln1237 = br void %VITIS_LOOP_1238_2" [/home/fede/PhD/transformer-hls/hls/include/linear.h:1237]   --->   Operation 17 'br' 'br_ln1237' <Predicate = true> <Delay = 0.00>

State 2 <SV = 1> <Delay = 0.70>
ST_2 : Operation 18 [1/1] (0.00ns)   --->   "%m_5 = load i5 %m" [/home/fede/PhD/transformer-hls/hls/include/linear.h:1237]   --->   Operation 18 'load' 'm_5' <Predicate = true> <Delay = 0.00>
ST_2 : Operation 19 [1/1] (0.63ns)   --->   "%icmp_ln1237 = icmp_eq  i5 %m_5, i5 17" [/home/fede/PhD/transformer-hls/hls/include/linear.h:1237]   --->   Operation 19 'icmp' 'icmp_ln1237' <Predicate = true> <Delay = 0.63> <CoreInst = "Cmp">   --->   Core 9 'Cmp' <Latency = 0> <II = 1> <Delay = 0.63> <FuncUnit> <Opcode : 'icmp'> <InPorts = 2> <OutPorts = 1>
ST_2 : Operation 20 [1/1] (0.00ns)   --->   "%empty_167 = speclooptripcount i32 @_ssdm_op_SpecLoopTripCount, i64 17, i64 17, i64 17"   --->   Operation 20 'speclooptripcount' 'empty_167' <Predicate = true> <Delay = 0.00>
ST_2 : Operation 21 [1/1] (0.70ns)   --->   "%m_6 = add i5 %m_5, i5 1" [/home/fede/PhD/transformer-hls/hls/include/linear.h:1237]   --->   Operation 21 'add' 'm_6' <Predicate = true> <Delay = 0.70> <CoreInst = "Adder">   --->   Core 1 'Adder' <Latency = 0> <II = 1> <Delay = 0.70> <FuncUnit> <Opcode : 'add' 'sub'> <InPorts = 2> <OutPorts = 1>
ST_2 : Operation 22 [1/1] (0.00ns)   --->   "%br_ln1237 = br i1 %icmp_ln1237, void %VITIS_LOOP_1238_2.split, void %for.end17" [/home/fede/PhD/transformer-hls/hls/include/linear.h:1237]   --->   Operation 22 'br' 'br_ln1237' <Predicate = true> <Delay = 0.00>
ST_2 : Operation 23 [1/1] (0.00ns)   --->   "%specloopname_ln1237 = specloopname void @_ssdm_op_SpecLoopName, void @empty_46" [/home/fede/PhD/transformer-hls/hls/include/linear.h:1237]   --->   Operation 23 'specloopname' 'specloopname_ln1237' <Predicate = (!icmp_ln1237)> <Delay = 0.00>
ST_2 : Operation 24 [1/1] (0.38ns)   --->   "%br_ln1238 = br void %VITIS_LOOP_1239_3" [/home/fede/PhD/transformer-hls/hls/include/linear.h:1238]   --->   Operation 24 'br' 'br_ln1238' <Predicate = (!icmp_ln1237)> <Delay = 0.38>
ST_2 : Operation 25 [1/1] (0.00ns)   --->   "%ret_ln1253 = ret" [/home/fede/PhD/transformer-hls/hls/include/linear.h:1253]   --->   Operation 25 'ret' 'ret_ln1253' <Predicate = (icmp_ln1237)> <Delay = 0.00>

State 3 <SV = 2> <Delay = 1.02>
ST_3 : Operation 26 [1/1] (0.00ns)   --->   "%k = phi i5 %add_ln1238, void %for.inc12, i5 0, void %VITIS_LOOP_1238_2.split" [/home/fede/PhD/transformer-hls/hls/include/linear.h:1238]   --->   Operation 26 'phi' 'k' <Predicate = true> <Delay = 0.00>
ST_3 : Operation 27 [1/1] (0.63ns)   --->   "%icmp_ln1238 = icmp_eq  i5 %k, i5 16" [/home/fede/PhD/transformer-hls/hls/include/linear.h:1238]   --->   Operation 27 'icmp' 'icmp_ln1238' <Predicate = true> <Delay = 0.63> <CoreInst = "Cmp">   --->   Core 9 'Cmp' <Latency = 0> <II = 1> <Delay = 0.63> <FuncUnit> <Opcode : 'icmp'> <InPorts = 2> <OutPorts = 1>
ST_3 : Operation 28 [1/1] (0.00ns)   --->   "%empty_168 = speclooptripcount i32 @_ssdm_op_SpecLoopTripCount, i64 16, i64 16, i64 16"   --->   Operation 28 'speclooptripcount' 'empty_168' <Predicate = true> <Delay = 0.00>
ST_3 : Operation 29 [1/1] (0.70ns)   --->   "%add_ln1238 = add i5 %k, i5 1" [/home/fede/PhD/transformer-hls/hls/include/linear.h:1238]   --->   Operation 29 'add' 'add_ln1238' <Predicate = true> <Delay = 0.70> <CoreInst = "Adder">   --->   Core 1 'Adder' <Latency = 0> <II = 1> <Delay = 0.70> <FuncUnit> <Opcode : 'add' 'sub'> <InPorts = 2> <OutPorts = 1>
ST_3 : Operation 30 [1/1] (0.00ns)   --->   "%br_ln1238 = br i1 %icmp_ln1238, void %VITIS_LOOP_1239_3.split, void %for.inc15" [/home/fede/PhD/transformer-hls/hls/include/linear.h:1238]   --->   Operation 30 'br' 'br_ln1238' <Predicate = true> <Delay = 0.00>
ST_3 : Operation 31 [1/1] (0.00ns)   --->   "%specloopname_ln1238 = specloopname void @_ssdm_op_SpecLoopName, void @empty_36" [/home/fede/PhD/transformer-hls/hls/include/linear.h:1238]   --->   Operation 31 'specloopname' 'specloopname_ln1238' <Predicate = (!icmp_ln1238)> <Delay = 0.00>
ST_3 : Operation 32 [1/1] (0.00ns)   --->   "%empty_169 = trunc i5 %k" [/home/fede/PhD/transformer-hls/hls/include/linear.h:1238]   --->   Operation 32 'trunc' 'empty_169' <Predicate = (!icmp_ln1238)> <Delay = 0.00>
ST_3 : Operation 33 [1/1] (0.00ns)   --->   "%tmp_4 = bitconcatenate i8 @_ssdm_op_BitConcatenate.i8.i4.i4, i4 %empty_169, i4 0" [/home/fede/PhD/transformer-hls/hls/include/linear.h:1238]   --->   Operation 33 'bitconcatenate' 'tmp_4' <Predicate = (!icmp_ln1238)> <Delay = 0.00>
ST_3 : Operation 34 [1/1] (0.00ns)   --->   "%zext_ln1239 = zext i8 %tmp_4" [/home/fede/PhD/transformer-hls/hls/include/linear.h:1239]   --->   Operation 34 'zext' 'zext_ln1239' <Predicate = (!icmp_ln1238)> <Delay = 0.00>
ST_3 : Operation 35 [1/1] (0.38ns)   --->   "%br_ln1239 = br void %for.inc" [/home/fede/PhD/transformer-hls/hls/include/linear.h:1239]   --->   Operation 35 'br' 'br_ln1239' <Predicate = (!icmp_ln1238)> <Delay = 0.38>
ST_3 : Operation 36 [1/1] (0.38ns)   --->   "%store_ln1237 = store i5 %m_6, i5 %m" [/home/fede/PhD/transformer-hls/hls/include/linear.h:1237]   --->   Operation 36 'store' 'store_ln1237' <Predicate = (icmp_ln1238)> <Delay = 0.38>
ST_3 : Operation 37 [1/1] (0.00ns)   --->   "%br_ln1237 = br void %VITIS_LOOP_1238_2" [/home/fede/PhD/transformer-hls/hls/include/linear.h:1237]   --->   Operation 37 'br' 'br_ln1237' <Predicate = (icmp_ln1238)> <Delay = 0.00>

State 4 <SV = 3> <Delay = 1.85>
ST_4 : Operation 38 [1/1] (0.00ns)   --->   "%n_tile = phi i5 %add_ln1239, void %for.inc.split, i5 0, void %VITIS_LOOP_1239_3.split" [/home/fede/PhD/transformer-hls/hls/include/linear.h:1239]   --->   Operation 38 'phi' 'n_tile' <Predicate = true> <Delay = 0.00>
ST_4 : Operation 39 [1/1] (0.00ns)   --->   "%zext_ln1239_3 = zext i5 %n_tile" [/home/fede/PhD/transformer-hls/hls/include/linear.h:1239]   --->   Operation 39 'zext' 'zext_ln1239_3' <Predicate = true> <Delay = 0.00>
ST_4 : Operation 40 [1/1] (0.63ns)   --->   "%icmp_ln1239 = icmp_eq  i5 %n_tile, i5 16" [/home/fede/PhD/transformer-hls/hls/include/linear.h:1239]   --->   Operation 40 'icmp' 'icmp_ln1239' <Predicate = true> <Delay = 0.63> <CoreInst = "Cmp">   --->   Core 9 'Cmp' <Latency = 0> <II = 1> <Delay = 0.63> <FuncUnit> <Opcode : 'icmp'> <InPorts = 2> <OutPorts = 1>
ST_4 : Operation 41 [1/1] (0.00ns)   --->   "%empty_170 = speclooptripcount i32 @_ssdm_op_SpecLoopTripCount, i64 16, i64 16, i64 16"   --->   Operation 41 'speclooptripcount' 'empty_170' <Predicate = true> <Delay = 0.00>
ST_4 : Operation 42 [1/1] (0.70ns)   --->   "%add_ln1239 = add i5 %n_tile, i5 1" [/home/fede/PhD/transformer-hls/hls/include/linear.h:1239]   --->   Operation 42 'add' 'add_ln1239' <Predicate = true> <Delay = 0.70> <CoreInst = "Adder">   --->   Core 1 'Adder' <Latency = 0> <II = 1> <Delay = 0.70> <FuncUnit> <Opcode : 'add' 'sub'> <InPorts = 2> <OutPorts = 1>
ST_4 : Operation 43 [1/1] (0.00ns)   --->   "%br_ln1239 = br i1 %icmp_ln1239, void %for.inc.split, void %for.inc12" [/home/fede/PhD/transformer-hls/hls/include/linear.h:1239]   --->   Operation 43 'br' 'br_ln1239' <Predicate = true> <Delay = 0.00>
ST_4 : Operation 44 [1/1] (0.70ns)   --->   "%add_ln1243_3 = add i9 %zext_ln1239, i9 %zext_ln1239_3" [/home/fede/PhD/transformer-hls/hls/include/linear.h:1243]   --->   Operation 44 'add' 'add_ln1243_3' <Predicate = (!icmp_ln1239)> <Delay = 0.70> <CoreInst = "Adder">   --->   Core 1 'Adder' <Latency = 0> <II = 1> <Delay = 0.70> <FuncUnit> <Opcode : 'add' 'sub'> <InPorts = 2> <OutPorts = 1>
ST_4 : Operation 45 [1/1] (0.00ns)   --->   "%zext_ln1243 = zext i9 %add_ln1243_3" [/home/fede/PhD/transformer-hls/hls/include/linear.h:1243]   --->   Operation 45 'zext' 'zext_ln1243' <Predicate = (!icmp_ln1239)> <Delay = 0.00>
ST_4 : Operation 46 [1/1] (1.14ns)   --->   "%add_ln1243 = add i64 %zext_ln1243, i64 %W_ddr_tile_read" [/home/fede/PhD/transformer-hls/hls/include/linear.h:1243]   --->   Operation 46 'add' 'add_ln1243' <Predicate = (!icmp_ln1239)> <Delay = 1.14> <CoreInst = "Adder">   --->   Core 1 'Adder' <Latency = 0> <II = 1> <Delay = 1.14> <FuncUnit> <Opcode : 'add' 'sub'> <InPorts = 2> <OutPorts = 1>
ST_4 : Operation 47 [1/1] (0.00ns)   --->   "%br_ln1238 = br void %VITIS_LOOP_1239_3" [/home/fede/PhD/transformer-hls/hls/include/linear.h:1238]   --->   Operation 47 'br' 'br_ln1238' <Predicate = (icmp_ln1239)> <Delay = 0.00>

State 5 <SV = 4> <Delay = 7.30>
ST_5 : Operation 48 [2/2] (7.30ns)   --->   "%call_ln1245 = call void @burst_read_beats<1, ap_int<8> >, i8 %V, i64 %add_ln1243, i8 %burst_reads" [/home/fede/PhD/transformer-hls/hls/include/linear.h:1245]   --->   Operation 48 'call' 'call_ln1245' <Predicate = true> <Delay = 7.30> <CoreType = "Generic">   --->   Core 0 '' <Latency = 0> <II = 1> <Delay = 1.00> <Generic> <Opcode : >

State 6 <SV = 5> <Delay = 0.00>
ST_6 : Operation 49 [1/2] (0.00ns)   --->   "%call_ln1245 = call void @burst_read_beats<1, ap_int<8> >, i8 %V, i64 %add_ln1243, i8 %burst_reads" [/home/fede/PhD/transformer-hls/hls/include/linear.h:1245]   --->   Operation 49 'call' 'call_ln1245' <Predicate = true> <Delay = 0.00> <CoreType = "Generic">   --->   Core 0 '' <Latency = 0> <II = 1> <Delay = 1.00> <Generic> <Opcode : >

State 7 <SV = 6> <Delay = 0.00>
ST_7 : Operation 50 [2/2] (0.00ns)   --->   "%call_ln1246 = call void @packer_to_packs<1, 1, 1, ap_int<8> >, i8 %burst_reads, i8 %out_w1" [/home/fede/PhD/transformer-hls/hls/include/linear.h:1246]   --->   Operation 50 'call' 'call_ln1246' <Predicate = true> <Delay = 0.00> <CoreType = "Generic">   --->   Core 0 '' <Latency = 0> <II = 1> <Delay = 1.00> <Generic> <Opcode : >

State 8 <SV = 7> <Delay = 0.00>
ST_8 : Operation 51 [1/1] (0.00ns)   --->   "%specloopname_ln1240 = specloopname void @_ssdm_op_SpecLoopName, void @empty_29" [/home/fede/PhD/transformer-hls/hls/include/linear.h:1240]   --->   Operation 51 'specloopname' 'specloopname_ln1240' <Predicate = true> <Delay = 0.00>
ST_8 : Operation 52 [1/2] (0.00ns)   --->   "%call_ln1246 = call void @packer_to_packs<1, 1, 1, ap_int<8> >, i8 %burst_reads, i8 %out_w1" [/home/fede/PhD/transformer-hls/hls/include/linear.h:1246]   --->   Operation 52 'call' 'call_ln1246' <Predicate = true> <Delay = 0.00> <CoreType = "Generic">   --->   Core 0 '' <Latency = 0> <II = 1> <Delay = 1.00> <Generic> <Opcode : >
ST_8 : Operation 53 [1/1] (0.00ns)   --->   "%br_ln1239 = br void %for.inc" [/home/fede/PhD/transformer-hls/hls/include/linear.h:1239]   --->   Operation 53 'br' 'br_ln1239' <Predicate = true> <Delay = 0.00>


============================================================
+ Verbose Summary: Binding
============================================================
STG Binding: 
---------------- STG Properties BEGIN ----------------
- Is combinational: 0
- Is one-state seq: 0
- Is datapath-only: 0
- Is pipelined: 0
- Is top level: 0
Port [ Return ] is wired: 1; IO mode=ap_ctrl_hs:ce=0
Port [ V]:  wired=1; compound=1; hidden=0; nouse=0; global=0; static=0; extern=0; dir=0; type=4; pingpong=0; private_global=0; IO mode=m_axi:ce=0
Port [ W_ddr_tile]:  wired=1; compound=0; hidden=0; nouse=0; global=0; static=0; extern=0; dir=0; type=0; pingpong=0; private_global=0; IO mode=ap_none:ce=0
Port [ out_w1]:  wired=1; compound=1; hidden=0; nouse=0; global=0; static=0; extern=0; dir=1; type=3; pingpong=0; private_global=0; IO mode=ap_fifo:ce=0
---------------- STG Properties END ------------------

---------------- Datapath Model BEGIN ----------------

<LifeTime>
<method=bitvector/>
m                   (alloca           ) [ 011111111]
specinterface_ln0   (specinterface    ) [ 000000000]
specinterface_ln0   (specinterface    ) [ 000000000]
W_ddr_tile_read     (read             ) [ 001111111]
burst_reads         (alloca           ) [ 011111111]
empty               (specchannel      ) [ 000000000]
specinterface_ln0   (specinterface    ) [ 000000000]
store_ln1237        (store            ) [ 000000000]
br_ln1237           (br               ) [ 000000000]
m_5                 (load             ) [ 000000000]
icmp_ln1237         (icmp             ) [ 001111111]
empty_167           (speclooptripcount) [ 000000000]
m_6                 (add              ) [ 000111111]
br_ln1237           (br               ) [ 000000000]
specloopname_ln1237 (specloopname     ) [ 000000000]
br_ln1238           (br               ) [ 001111111]
ret_ln1253          (ret              ) [ 000000000]
k                   (phi              ) [ 000100000]
icmp_ln1238         (icmp             ) [ 001111111]
empty_168           (speclooptripcount) [ 000000000]
add_ln1238          (add              ) [ 001111111]
br_ln1238           (br               ) [ 000000000]
specloopname_ln1238 (specloopname     ) [ 000000000]
empty_169           (trunc            ) [ 000000000]
tmp_4               (bitconcatenate   ) [ 000000000]
zext_ln1239         (zext             ) [ 000011111]
br_ln1239           (br               ) [ 001111111]
store_ln1237        (store            ) [ 000000000]
br_ln1237           (br               ) [ 000000000]
n_tile              (phi              ) [ 000010000]
zext_ln1239_3       (zext             ) [ 000000000]
icmp_ln1239         (icmp             ) [ 001111111]
empty_170           (speclooptripcount) [ 000000000]
add_ln1239          (add              ) [ 001111111]
br_ln1239           (br               ) [ 000000000]
add_ln1243_3        (add              ) [ 000000000]
zext_ln1243         (zext             ) [ 000000000]
add_ln1243          (add              ) [ 000001100]
br_ln1238           (br               ) [ 001111111]
call_ln1245         (call             ) [ 000000000]
specloopname_ln1240 (specloopname     ) [ 000000000]
call_ln1246         (call             ) [ 000000000]
br_ln1239           (br               ) [ 001111111]
</LifeTime>

<model>

<comp_list>
<comp id="0" class="1000" name="V">
<pin_list>
<pin id="1" dir="1" index="0" bw="1" slack="0"/>
</pin_list>
<bind>
<StgValue><ssdm name="V"/></StgValue>
</bind>
</comp>

<comp id="2" class="1000" name="W_ddr_tile">
<pin_list>
<pin id="3" dir="1" index="0" bw="1" slack="0"/>
</pin_list>
<bind>
<StgValue><ssdm name="W_ddr_tile"/></StgValue>
</bind>
</comp>

<comp id="4" class="1000" name="out_w1">
<pin_list>
<pin id="5" dir="1" index="0" bw="1" slack="0"/>
</pin_list>
<bind>
<StgValue><ssdm name="out_w1"/></StgValue>
</bind>
</comp>

<comp id="6" class="1001" name="const_6">
<pin_list>
<pin id="7" dir="1" index="0" bw="1" slack="0"/>
</pin_list>
<bind>
<StgValue><ssdm name=""/></StgValue>
</bind>
</comp>

<comp id="8" class="1001" name="const_8">
<pin_list>
<pin id="9" dir="1" index="0" bw="1" slack="2147483647"/>
</pin_list>
<bind>
<StgValue><ssdm name="_ssdm_op_SpecInterface"/></StgValue>
</bind>
</comp>

<comp id="10" class="1001" name="const_10">
<pin_list>
<pin id="11" dir="1" index="0" bw="1" slack="2147483647"/>
</pin_list>
<bind>
<StgValue><ssdm name="empty_9"/></StgValue>
</bind>
</comp>

<comp id="12" class="1001" name="const_12">
<pin_list>
<pin id="13" dir="1" index="0" bw="1" slack="2147483647"/>
</pin_list>
<bind>
<StgValue><ssdm name=""/></StgValue>
</bind>
</comp>

<comp id="14" class="1001" name="const_14">
<pin_list>
<pin id="15" dir="1" index="0" bw="1" slack="2147483647"/>
</pin_list>
<bind>
<StgValue><ssdm name="empty_28"/></StgValue>
</bind>
</comp>

<comp id="16" class="1001" name="const_16">
<pin_list>
<pin id="17" dir="1" index="0" bw="1" slack="2147483647"/>
</pin_list>
<bind>
<StgValue><ssdm name=""/></StgValue>
</bind>
</comp>

<comp id="18" class="1001" name="const_18">
<pin_list>
<pin id="19" dir="1" index="0" bw="1" slack="2147483647"/>
</pin_list>
<bind>
<StgValue><ssdm name="empty_12"/></StgValue>
</bind>
</comp>

<comp id="20" class="1001" name="const_20">
<pin_list>
<pin id="21" dir="1" index="0" bw="1" slack="2147483647"/>
</pin_list>
<bind>
<StgValue><ssdm name=""/></StgValue>
</bind>
</comp>

<comp id="22" class="1001" name="const_22">
<pin_list>
<pin id="23" dir="1" index="0" bw="1" slack="2147483647"/>
</pin_list>
<bind>
<StgValue><ssdm name="empty_27"/></StgValue>
</bind>
</comp>

<comp id="24" class="1001" name="const_24">
<pin_list>
<pin id="25" dir="1" index="0" bw="1" slack="2147483647"/>
</pin_list>
<bind>
<StgValue><ssdm name="empty_44"/></StgValue>
</bind>
</comp>

<comp id="26" class="1001" name="const_26">
<pin_list>
<pin id="27" dir="1" index="0" bw="1" slack="2147483647"/>
</pin_list>
<bind>
<StgValue><ssdm name=""/></StgValue>
</bind>
</comp>

<comp id="28" class="1001" name="const_28">
<pin_list>
<pin id="29" dir="1" index="0" bw="1" slack="2147483647"/>
</pin_list>
<bind>
<StgValue><ssdm name=""/></StgValue>
</bind>
</comp>

<comp id="30" class="1001" name="const_30">
<pin_list>
<pin id="31" dir="1" index="0" bw="1" slack="0"/>
</pin_list>
<bind>
<StgValue><ssdm name="_ssdm_op_Read.ap_auto.i64"/></StgValue>
</bind>
</comp>

<comp id="32" class="1001" name="const_32">
<pin_list>
<pin id="33" dir="1" index="0" bw="1" slack="0"/>
</pin_list>
<bind>
<StgValue><ssdm name=""/></StgValue>
</bind>
</comp>

<comp id="34" class="1001" name="const_34">
<pin_list>
<pin id="35" dir="1" index="0" bw="1" slack="2147483647"/>
</pin_list>
<bind>
<StgValue><ssdm name="_ssdm_op_SpecChannel"/></StgValue>
</bind>
</comp>

<comp id="36" class="1001" name="const_36">
<pin_list>
<pin id="37" dir="1" index="0" bw="1" slack="2147483647"/>
</pin_list>
<bind>
<StgValue><ssdm name="burst_reads_str"/></StgValue>
</bind>
</comp>

<comp id="38" class="1001" name="const_38">
<pin_list>
<pin id="39" dir="1" index="0" bw="1" slack="2147483647"/>
</pin_list>
<bind>
<StgValue><ssdm name="p_str"/></StgValue>
</bind>
</comp>

<comp id="40" class="1001" name="const_40">
<pin_list>
<pin id="41" dir="1" index="0" bw="1" slack="0"/>
</pin_list>
<bind>
<StgValue><ssdm name=""/></StgValue>
</bind>
</comp>

<comp id="42" class="1001" name="const_42">
<pin_list>
<pin id="43" dir="1" index="0" bw="1" slack="0"/>
</pin_list>
<bind>
<StgValue><ssdm name=""/></StgValue>
</bind>
</comp>

<comp id="44" class="1001" name="const_44">
<pin_list>
<pin id="45" dir="1" index="0" bw="1" slack="2147483647"/>
</pin_list>
<bind>
<StgValue><ssdm name="_ssdm_op_SpecLoopTripCount"/></StgValue>
</bind>
</comp>

<comp id="46" class="1001" name="const_46">
<pin_list>
<pin id="47" dir="1" index="0" bw="1" slack="2147483647"/>
</pin_list>
<bind>
<StgValue><ssdm name=""/></StgValue>
</bind>
</comp>

<comp id="48" class="1001" name="const_48">
<pin_list>
<pin id="49" dir="1" index="0" bw="1" slack="0"/>
</pin_list>
<bind>
<StgValue><ssdm name=""/></StgValue>
</bind>
</comp>

<comp id="50" class="1001" name="const_50">
<pin_list>
<pin id="51" dir="1" index="0" bw="1" slack="2147483647"/>
</pin_list>
<bind>
<StgValue><ssdm name="_ssdm_op_SpecLoopName"/></StgValue>
</bind>
</comp>

<comp id="52" class="1001" name="const_52">
<pin_list>
<pin id="53" dir="1" index="0" bw="1" slack="2147483647"/>
</pin_list>
<bind>
<StgValue><ssdm name="empty_46"/></StgValue>
</bind>
</comp>

<comp id="54" class="1001" name="const_54">
<pin_list>
<pin id="55" dir="1" index="0" bw="1" slack="0"/>
</pin_list>
<bind>
<StgValue><ssdm name=""/></StgValue>
</bind>
</comp>

<comp id="56" class="1001" name="const_56">
<pin_list>
<pin id="57" dir="1" index="0" bw="1" slack="2147483647"/>
</pin_list>
<bind>
<StgValue><ssdm name=""/></StgValue>
</bind>
</comp>

<comp id="58" class="1001" name="const_58">
<pin_list>
<pin id="59" dir="1" index="0" bw="1" slack="2147483647"/>
</pin_list>
<bind>
<StgValue><ssdm name="empty_36"/></StgValue>
</bind>
</comp>

<comp id="60" class="1001" name="const_60">
<pin_list>
<pin id="61" dir="1" index="0" bw="1" slack="0"/>
</pin_list>
<bind>
<StgValue><ssdm name="_ssdm_op_BitConcatenate.i8.i4.i4"/></StgValue>
</bind>
</comp>

<comp id="62" class="1001" name="const_62">
<pin_list>
<pin id="63" dir="1" index="0" bw="1" slack="0"/>
</pin_list>
<bind>
<StgValue><ssdm name=""/></StgValue>
</bind>
</comp>

<comp id="64" class="1001" name="const_64">
<pin_list>
<pin id="65" dir="1" index="0" bw="1" slack="0"/>
</pin_list>
<bind>
<StgValue><ssdm name="burst_read_beats<1, ap_int<8> >"/></StgValue>
</bind>
</comp>

<comp id="66" class="1001" name="const_66">
<pin_list>
<pin id="67" dir="1" index="0" bw="1" slack="0"/>
</pin_list>
<bind>
<StgValue><ssdm name="packer_to_packs<1, 1, 1, ap_int<8> >"/></StgValue>
</bind>
</comp>

<comp id="68" class="1001" name="const_68">
<pin_list>
<pin id="69" dir="1" index="0" bw="1" slack="2147483647"/>
</pin_list>
<bind>
<StgValue><ssdm name="empty_29"/></StgValue>
</bind>
</comp>

<comp id="70" class="1004" name="m_fu_70">
<pin_list>
<pin id="71" dir="0" index="0" bw="1" slack="0"/>
<pin id="72" dir="1" index="1" bw="5" slack="0"/>
</pin_list>
<bind>
<opcode="alloca(26) " fcode="alloca"/>
<opset="m/1 "/>
</bind>
</comp>

<comp id="74" class="1004" name="burst_reads_fu_74">
<pin_list>
<pin id="75" dir="0" index="0" bw="1" slack="0"/>
<pin id="76" dir="1" index="1" bw="8" slack="0"/>
</pin_list>
<bind>
<opcode="alloca(26) " fcode="alloca"/>
<opset="burst_reads/1 "/>
</bind>
</comp>

<comp id="78" class="1004" name="W_ddr_tile_read_read_fu_78">
<pin_list>
<pin id="79" dir="0" index="0" bw="64" slack="0"/>
<pin id="80" dir="0" index="1" bw="64" slack="0"/>
<pin id="81" dir="1" index="2" bw="64" slack="3"/>
</pin_list>
<bind>
<opcode="read(1150) " fcode="read"/>
<opset="W_ddr_tile_read/1 "/>
</bind>
</comp>

<comp id="84" class="1005" name="k_reg_84">
<pin_list>
<pin id="85" dir="0" index="0" bw="5" slack="1"/>
<pin id="86" dir="1" index="1" bw="5" slack="1"/>
</pin_list>
<bind>
<opset="k (phireg) "/>
</bind>
</comp>

<comp id="88" class="1004" name="k_phi_fu_88">
<pin_list>
<pin id="89" dir="0" index="0" bw="5" slack="0"/>
<pin id="90" dir="0" index="1" bw="0" slack="2147483647"/>
<pin id="91" dir="0" index="2" bw="1" slack="1"/>
<pin id="92" dir="0" index="3" bw="0" slack="2147483647"/>
<pin id="93" dir="1" index="4" bw="5" slack="0"/>
</pin_list>
<bind>
<opcode="phi(47) " fcode="phi"/>
<opset="k/3 "/>
</bind>
</comp>

<comp id="95" class="1005" name="n_tile_reg_95">
<pin_list>
<pin id="96" dir="0" index="0" bw="5" slack="1"/>
<pin id="97" dir="1" index="1" bw="5" slack="1"/>
</pin_list>
<bind>
<opset="n_tile (phireg) "/>
</bind>
</comp>

<comp id="99" class="1004" name="n_tile_phi_fu_99">
<pin_list>
<pin id="100" dir="0" index="0" bw="5" slack="0"/>
<pin id="101" dir="0" index="1" bw="0" slack="2147483647"/>
<pin id="102" dir="0" index="2" bw="1" slack="1"/>
<pin id="103" dir="0" index="3" bw="0" slack="2147483647"/>
<pin id="104" dir="1" index="4" bw="5" slack="0"/>
</pin_list>
<bind>
<opcode="phi(47) " fcode="phi"/>
<opset="n_tile/4 "/>
</bind>
</comp>

<comp id="106" class="1004" name="grp_burst_read_beats_1_ap_int_8_s_fu_106">
<pin_list>
<pin id="107" dir="0" index="0" bw="0" slack="0"/>
<pin id="108" dir="0" index="1" bw="8" slack="0"/>
<pin id="109" dir="0" index="2" bw="64" slack="1"/>
<pin id="110" dir="0" index="3" bw="8" slack="4"/>
<pin id="111" dir="1" index="4" bw="0" slack="2147483647"/>
</pin_list>
<bind>
<opcode="call(48) " fcode="call"/>
<opset="call_ln1245/5 "/>
</bind>
</comp>

<comp id="114" class="1004" name="grp_packer_to_packs_1_1_1_ap_int_8_s_fu_114">
<pin_list>
<pin id="115" dir="0" index="0" bw="0" slack="0"/>
<pin id="116" dir="0" index="1" bw="8" slack="6"/>
<pin id="117" dir="0" index="2" bw="8" slack="0"/>
<pin id="118" dir="1" index="3" bw="0" slack="2147483647"/>
</pin_list>
<bind>
<opcode="call(48) " fcode="call"/>
<opset="call_ln1246/7 "/>
</bind>
</comp>

<comp id="121" class="1004" name="store_ln1237_store_fu_121">
<pin_list>
<pin id="122" dir="0" index="0" bw="1" slack="0"/>
<pin id="123" dir="0" index="1" bw="5" slack="0"/>
<pin id="124" dir="1" index="2" bw="0" slack="2147483647"/>
</pin_list>
<bind>
<opcode="store(28) " fcode="store"/>
<opset="store_ln1237/1 "/>
</bind>
</comp>

<comp id="126" class="1004" name="m_5_load_fu_126">
<pin_list>
<pin id="127" dir="0" index="0" bw="5" slack="1"/>
<pin id="128" dir="1" index="1" bw="5" slack="0"/>
</pin_list>
<bind>
<opcode="load(27) " fcode="load"/>
<opset="m_5/2 "/>
</bind>
</comp>

<comp id="129" class="1004" name="icmp_ln1237_fu_129">
<pin_list>
<pin id="130" dir="0" index="0" bw="5" slack="0"/>
<pin id="131" dir="0" index="1" bw="5" slack="0"/>
<pin id="132" dir="1" index="2" bw="1" slack="2147483647"/>
</pin_list>
<bind>
<opcode="icmp(45) " fcode="icmp"/>
<opset="icmp_ln1237/2 "/>
</bind>
</comp>

<comp id="135" class="1004" name="m_6_fu_135">
<pin_list>
<pin id="136" dir="0" index="0" bw="5" slack="0"/>
<pin id="137" dir="0" index="1" bw="1" slack="0"/>
<pin id="138" dir="1" index="2" bw="5" slack="1"/>
</pin_list>
<bind>
<opcode="add(8) " fcode="add"/>
<opset="m_6/2 "/>
</bind>
</comp>

<comp id="141" class="1004" name="icmp_ln1238_fu_141">
<pin_list>
<pin id="142" dir="0" index="0" bw="5" slack="0"/>
<pin id="143" dir="0" index="1" bw="5" slack="0"/>
<pin id="144" dir="1" index="2" bw="1" slack="2147483647"/>
</pin_list>
<bind>
<opcode="icmp(45) " fcode="icmp"/>
<opset="icmp_ln1238/3 "/>
</bind>
</comp>

<comp id="147" class="1004" name="add_ln1238_fu_147">
<pin_list>
<pin id="148" dir="0" index="0" bw="5" slack="0"/>
<pin id="149" dir="0" index="1" bw="1" slack="0"/>
<pin id="150" dir="1" index="2" bw="5" slack="0"/>
</pin_list>
<bind>
<opcode="add(8) " fcode="add"/>
<opset="add_ln1238/3 "/>
</bind>
</comp>

<comp id="153" class="1004" name="empty_169_fu_153">
<pin_list>
<pin id="154" dir="0" index="0" bw="5" slack="0"/>
<pin id="155" dir="1" index="1" bw="4" slack="0"/>
</pin_list>
<bind>
<opcode="trunc(33) " fcode="trunc"/>
<opset="empty_169/3 "/>
</bind>
</comp>

<comp id="157" class="1004" name="tmp_4_fu_157">
<pin_list>
<pin id="158" dir="0" index="0" bw="8" slack="0"/>
<pin id="159" dir="0" index="1" bw="4" slack="0"/>
<pin id="160" dir="0" index="2" bw="1" slack="0"/>
<pin id="161" dir="1" index="3" bw="8" slack="0"/>
</pin_list>
<bind>
<opcode="bitconcatenate(1004) " fcode="bitconcatenate"/>
<opset="tmp_4/3 "/>
</bind>
</comp>

<comp id="165" class="1004" name="zext_ln1239_fu_165">
<pin_list>
<pin id="166" dir="0" index="0" bw="8" slack="0"/>
<pin id="167" dir="1" index="1" bw="9" slack="1"/>
</pin_list>
<bind>
<opcode="zext(34) " fcode="zext"/>
<opset="zext_ln1239/3 "/>
</bind>
</comp>

<comp id="169" class="1004" name="store_ln1237_store_fu_169">
<pin_list>
<pin id="170" dir="0" index="0" bw="5" slack="1"/>
<pin id="171" dir="0" index="1" bw="5" slack="2"/>
<pin id="172" dir="1" index="2" bw="0" slack="2147483647"/>
</pin_list>
<bind>
<opcode="store(28) " fcode="store"/>
<opset="store_ln1237/3 "/>
</bind>
</comp>

<comp id="173" class="1004" name="zext_ln1239_3_fu_173">
<pin_list>
<pin id="174" dir="0" index="0" bw="5" slack="0"/>
<pin id="175" dir="1" index="1" bw="9" slack="0"/>
</pin_list>
<bind>
<opcode="zext(34) " fcode="zext"/>
<opset="zext_ln1239_3/4 "/>
</bind>
</comp>

<comp id="177" class="1004" name="icmp_ln1239_fu_177">
<pin_list>
<pin id="178" dir="0" index="0" bw="5" slack="0"/>
<pin id="179" dir="0" index="1" bw="5" slack="0"/>
<pin id="180" dir="1" index="2" bw="1" slack="2147483647"/>
</pin_list>
<bind>
<opcode="icmp(45) " fcode="icmp"/>
<opset="icmp_ln1239/4 "/>
</bind>
</comp>

<comp id="183" class="1004" name="add_ln1239_fu_183">
<pin_list>
<pin id="184" dir="0" index="0" bw="5" slack="0"/>
<pin id="185" dir="0" index="1" bw="1" slack="0"/>
<pin id="186" dir="1" index="2" bw="5" slack="0"/>
</pin_list>
<bind>
<opcode="add(8) " fcode="add"/>
<opset="add_ln1239/4 "/>
</bind>
</comp>

<comp id="189" class="1004" name="add_ln1243_3_fu_189">
<pin_list>
<pin id="190" dir="0" index="0" bw="8" slack="1"/>
<pin id="191" dir="0" index="1" bw="5" slack="0"/>
<pin id="192" dir="1" index="2" bw="9" slack="0"/>
</pin_list>
<bind>
<opcode="add(8) " fcode="add"/>
<opset="add_ln1243_3/4 "/>
</bind>
</comp>

<comp id="194" class="1004" name="zext_ln1243_fu_194">
<pin_list>
<pin id="195" dir="0" index="0" bw="9" slack="0"/>
<pin id="196" dir="1" index="1" bw="64" slack="0"/>
</pin_list>
<bind>
<opcode="zext(34) " fcode="zext"/>
<opset="zext_ln1243/4 "/>
</bind>
</comp>

<comp id="198" class="1004" name="add_ln1243_fu_198">
<pin_list>
<pin id="199" dir="0" index="0" bw="9" slack="0"/>
<pin id="200" dir="0" index="1" bw="64" slack="3"/>
<pin id="201" dir="1" index="2" bw="64" slack="1"/>
</pin_list>
<bind>
<opcode="add(8) " fcode="add"/>
<opset="add_ln1243/4 "/>
</bind>
</comp>

<comp id="203" class="1005" name="m_reg_203">
<pin_list>
<pin id="204" dir="0" index="0" bw="5" slack="0"/>
<pin id="205" dir="1" index="1" bw="5" slack="0"/>
</pin_list>
<bind>
<opset="m "/>
</bind>
</comp>

<comp id="210" class="1005" name="W_ddr_tile_read_reg_210">
<pin_list>
<pin id="211" dir="0" index="0" bw="64" slack="3"/>
<pin id="212" dir="1" index="1" bw="64" slack="3"/>
</pin_list>
<bind>
<opset="W_ddr_tile_read "/>
</bind>
</comp>

<comp id="215" class="1005" name="burst_reads_reg_215">
<pin_list>
<pin id="216" dir="0" index="0" bw="8" slack="0"/>
<pin id="217" dir="1" index="1" bw="8" slack="4"/>
</pin_list>
<bind>
<opset="burst_reads "/>
</bind>
</comp>

<comp id="224" class="1005" name="m_6_reg_224">
<pin_list>
<pin id="225" dir="0" index="0" bw="5" slack="1"/>
<pin id="226" dir="1" index="1" bw="5" slack="1"/>
</pin_list>
<bind>
<opset="m_6 "/>
</bind>
</comp>

<comp id="232" class="1005" name="add_ln1238_reg_232">
<pin_list>
<pin id="233" dir="0" index="0" bw="5" slack="0"/>
<pin id="234" dir="1" index="1" bw="5" slack="0"/>
</pin_list>
<bind>
<opset="add_ln1238 "/>
</bind>
</comp>

<comp id="237" class="1005" name="zext_ln1239_reg_237">
<pin_list>
<pin id="238" dir="0" index="0" bw="9" slack="1"/>
<pin id="239" dir="1" index="1" bw="9" slack="1"/>
</pin_list>
<bind>
<opset="zext_ln1239 "/>
</bind>
</comp>

<comp id="245" class="1005" name="add_ln1239_reg_245">
<pin_list>
<pin id="246" dir="0" index="0" bw="5" slack="0"/>
<pin id="247" dir="1" index="1" bw="5" slack="0"/>
</pin_list>
<bind>
<opset="add_ln1239 "/>
</bind>
</comp>

<comp id="250" class="1005" name="add_ln1243_reg_250">
<pin_list>
<pin id="251" dir="0" index="0" bw="64" slack="1"/>
<pin id="252" dir="1" index="1" bw="64" slack="1"/>
</pin_list>
<bind>
<opset="add_ln1243 "/>
</bind>
</comp>

</comp_list>

<net_list>
<net id="73"><net_src comp="6" pin="0"/><net_sink comp="70" pin=0"/></net>

<net id="77"><net_src comp="32" pin="0"/><net_sink comp="74" pin=0"/></net>

<net id="82"><net_src comp="30" pin="0"/><net_sink comp="78" pin=0"/></net>

<net id="83"><net_src comp="2" pin="0"/><net_sink comp="78" pin=1"/></net>

<net id="87"><net_src comp="40" pin="0"/><net_sink comp="84" pin=0"/></net>

<net id="94"><net_src comp="84" pin="1"/><net_sink comp="88" pin=2"/></net>

<net id="98"><net_src comp="40" pin="0"/><net_sink comp="95" pin=0"/></net>

<net id="105"><net_src comp="95" pin="1"/><net_sink comp="99" pin=2"/></net>

<net id="112"><net_src comp="64" pin="0"/><net_sink comp="106" pin=0"/></net>

<net id="113"><net_src comp="0" pin="0"/><net_sink comp="106" pin=1"/></net>

<net id="119"><net_src comp="66" pin="0"/><net_sink comp="114" pin=0"/></net>

<net id="120"><net_src comp="4" pin="0"/><net_sink comp="114" pin=2"/></net>

<net id="125"><net_src comp="40" pin="0"/><net_sink comp="121" pin=0"/></net>

<net id="133"><net_src comp="126" pin="1"/><net_sink comp="129" pin=0"/></net>

<net id="134"><net_src comp="42" pin="0"/><net_sink comp="129" pin=1"/></net>

<net id="139"><net_src comp="126" pin="1"/><net_sink comp="135" pin=0"/></net>

<net id="140"><net_src comp="48" pin="0"/><net_sink comp="135" pin=1"/></net>

<net id="145"><net_src comp="88" pin="4"/><net_sink comp="141" pin=0"/></net>

<net id="146"><net_src comp="54" pin="0"/><net_sink comp="141" pin=1"/></net>

<net id="151"><net_src comp="88" pin="4"/><net_sink comp="147" pin=0"/></net>

<net id="152"><net_src comp="48" pin="0"/><net_sink comp="147" pin=1"/></net>

<net id="156"><net_src comp="88" pin="4"/><net_sink comp="153" pin=0"/></net>

<net id="162"><net_src comp="60" pin="0"/><net_sink comp="157" pin=0"/></net>

<net id="163"><net_src comp="153" pin="1"/><net_sink comp="157" pin=1"/></net>

<net id="164"><net_src comp="62" pin="0"/><net_sink comp="157" pin=2"/></net>

<net id="168"><net_src comp="157" pin="3"/><net_sink comp="165" pin=0"/></net>

<net id="176"><net_src comp="99" pin="4"/><net_sink comp="173" pin=0"/></net>

<net id="181"><net_src comp="99" pin="4"/><net_sink comp="177" pin=0"/></net>

<net id="182"><net_src comp="54" pin="0"/><net_sink comp="177" pin=1"/></net>

<net id="187"><net_src comp="99" pin="4"/><net_sink comp="183" pin=0"/></net>

<net id="188"><net_src comp="48" pin="0"/><net_sink comp="183" pin=1"/></net>

<net id="193"><net_src comp="173" pin="1"/><net_sink comp="189" pin=1"/></net>

<net id="197"><net_src comp="189" pin="2"/><net_sink comp="194" pin=0"/></net>

<net id="202"><net_src comp="194" pin="1"/><net_sink comp="198" pin=0"/></net>

<net id="206"><net_src comp="70" pin="1"/><net_sink comp="203" pin=0"/></net>

<net id="207"><net_src comp="203" pin="1"/><net_sink comp="121" pin=1"/></net>

<net id="208"><net_src comp="203" pin="1"/><net_sink comp="126" pin=0"/></net>

<net id="209"><net_src comp="203" pin="1"/><net_sink comp="169" pin=1"/></net>

<net id="213"><net_src comp="78" pin="2"/><net_sink comp="210" pin=0"/></net>

<net id="214"><net_src comp="210" pin="1"/><net_sink comp="198" pin=1"/></net>

<net id="218"><net_src comp="74" pin="1"/><net_sink comp="215" pin=0"/></net>

<net id="219"><net_src comp="215" pin="1"/><net_sink comp="106" pin=3"/></net>

<net id="220"><net_src comp="215" pin="1"/><net_sink comp="114" pin=1"/></net>

<net id="227"><net_src comp="135" pin="2"/><net_sink comp="224" pin=0"/></net>

<net id="228"><net_src comp="224" pin="1"/><net_sink comp="169" pin=0"/></net>

<net id="235"><net_src comp="147" pin="2"/><net_sink comp="232" pin=0"/></net>

<net id="236"><net_src comp="232" pin="1"/><net_sink comp="88" pin=0"/></net>

<net id="240"><net_src comp="165" pin="1"/><net_sink comp="237" pin=0"/></net>

<net id="241"><net_src comp="237" pin="1"/><net_sink comp="189" pin=0"/></net>

<net id="248"><net_src comp="183" pin="2"/><net_sink comp="245" pin=0"/></net>

<net id="249"><net_src comp="245" pin="1"/><net_sink comp="99" pin=0"/></net>

<net id="253"><net_src comp="198" pin="2"/><net_sink comp="250" pin=0"/></net>

<net id="254"><net_src comp="250" pin="1"/><net_sink comp="106" pin=2"/></net>

</net_list>

</model> 
---------------- Datapath Model END ------------------

* FSMD analyzer results:
  - Output states:
	Port: out_w1 | {7 8 }
 - Input state : 
	Port: WeightTiledStreaming_3<17, 16, 16, 1, 1, 1, 1, 1, 1, ap_int<8> >.9 : V | {5 6 }
	Port: WeightTiledStreaming_3<17, 16, 16, 1, 1, 1, 1, 1, 1, ap_int<8> >.9 : W_ddr_tile | {1 }
  - Chain level:
	State 1
		empty : 1
		specinterface_ln0 : 1
		store_ln1237 : 1
	State 2
		icmp_ln1237 : 1
		m_6 : 1
		br_ln1237 : 2
	State 3
		icmp_ln1238 : 1
		add_ln1238 : 1
		br_ln1238 : 2
		empty_169 : 1
		tmp_4 : 2
		zext_ln1239 : 3
	State 4
		zext_ln1239_3 : 1
		icmp_ln1239 : 1
		add_ln1239 : 1
		br_ln1239 : 2
		add_ln1243_3 : 2
		zext_ln1243 : 3
		add_ln1243 : 4
	State 5
	State 6
	State 7
	State 8


============================================================
+ Verbose Summary: Datapath Resource usage 
============================================================

* Functional unit list:
|----------|---------------------------------------------|---------|---------|---------|
| Operation|               Functional Unit               |  Delay  |    FF   |   LUT   |
|----------|---------------------------------------------|---------|---------|---------|
|   call   |   grp_burst_read_beats_1_ap_int_8_s_fu_106  |  0.387  |    16   |    9    |
|          | grp_packer_to_packs_1_1_1_ap_int_8_s_fu_114 |    0    |    85   |   237   |
|----------|---------------------------------------------|---------|---------|---------|
|          |                  m_6_fu_135                 |    0    |    0    |    12   |
|          |              add_ln1238_fu_147              |    0    |    0    |    12   |
|    add   |              add_ln1239_fu_183              |    0    |    0    |    12   |
|          |             add_ln1243_3_fu_189             |    0    |    0    |    15   |
|          |              add_ln1243_fu_198              |    0    |    0    |    71   |
|----------|---------------------------------------------|---------|---------|---------|
|          |              icmp_ln1237_fu_129             |    0    |    0    |    9    |
|   icmp   |              icmp_ln1238_fu_141             |    0    |    0    |    9    |
|          |              icmp_ln1239_fu_177             |    0    |    0    |    9    |
|----------|---------------------------------------------|---------|---------|---------|
|   read   |          W_ddr_tile_read_read_fu_78         |    0    |    0    |    0    |
|----------|---------------------------------------------|---------|---------|---------|
|   trunc  |               empty_169_fu_153              |    0    |    0    |    0    |
|----------|---------------------------------------------|---------|---------|---------|
|bitconcatenate|                 tmp_4_fu_157                |    0    |    0    |    0    |
|----------|---------------------------------------------|---------|---------|---------|
|          |              zext_ln1239_fu_165             |    0    |    0    |    0    |
|   zext   |             zext_ln1239_3_fu_173            |    0    |    0    |    0    |
|          |              zext_ln1243_fu_194             |    0    |    0    |    0    |
|----------|---------------------------------------------|---------|---------|---------|
|   Total  |                                             |  0.387  |   101   |   395   |
|----------|---------------------------------------------|---------|---------|---------|

Memories:
N/A

* Register list:
+-----------------------+--------+
|                       |   FF   |
+-----------------------+--------+
|W_ddr_tile_read_reg_210|   64   |
|   add_ln1238_reg_232  |    5   |
|   add_ln1239_reg_245  |    5   |
|   add_ln1243_reg_250  |   64   |
|  burst_reads_reg_215  |    8   |
|        k_reg_84       |    5   |
|      m_6_reg_224      |    5   |
|       m_reg_203       |    5   |
|     n_tile_reg_95     |    5   |
|  zext_ln1239_reg_237  |    9   |
+-----------------------+--------+
|         Total         |   175  |
+-----------------------+--------+

* Multiplexer (MUX) list: 
|--------|------|------|------|--------|
|  Comp  |  Pin | Size |  BW  | S x BW |
|--------|------|------|------|--------|
|  Total |      |      |      |    0   |
|--------|------|------|------|--------|



* Summary:
+-----------+--------+--------+--------+
|           |  Delay |   FF   |   LUT  |
+-----------+--------+--------+--------+
|  Function |    0   |   101  |   395  |
|   Memory  |    -   |    -   |    -   |
|Multiplexer|    -   |    -   |    -   |
|  Register |    -   |   175  |    -   |
+-----------+--------+--------+--------+
|   Total   |    0   |   276  |   395  |
+-----------+--------+--------+--------+
