

================================================================
== Vitis HLS Report for 'WeightTiledStreaming_3_17_16_64_1_1_1_1_1_1_ap_int_8_s'
================================================================
* Date:           Tue Jun 23 12:33:29 2026

* Version:        2022.2 (Build 3670227 on Oct 13 2022)
* Project:        ViT_Block
* Solution:       ViT_Block (Vivado IP Flow Target)
* Product family: virtexuplus
* Target device:  xcu250-figd2104-2L-e


================================================================
== Performance Estimates
================================================================
+ Timing: 
    * Summary: 
    +--------+----------+----------+------------+
    |  Clock |  Target  | Estimated| Uncertainty|
    +--------+----------+----------+------------+
    |ap_clk  |  10.00 ns|  7.300 ns|     2.70 ns|
    +--------+----------+----------+------------+

+ Latency: 
    * Summary: 
    +---------+---------+----------+----------+-----+-----+---------+
    |  Latency (cycles) |  Latency (absolute) |  Interval | Pipeline|
    |   min   |   max   |    min   |    max   | min | max |   Type  |
    +---------+---------+----------+----------+-----+-----+---------+
    |        ?|        ?|         ?|         ?|    ?|    ?|       no|
    +---------+---------+----------+----------+-----+-----+---------+

    + Detail: 
        * Instance: 
        N/A

        * Loop: 
        +------------------------+---------+---------+----------+-----------+-----------+------+----------+
        |                        |  Latency (cycles) | Iteration|  Initiation Interval  | Trip |          |
        |        Loop Name       |   min   |   max   |  Latency |  achieved |   target  | Count| Pipelined|
        +------------------------+---------+---------+----------+-----------+-----------+------+----------+
        |- VITIS_LOOP_1237_1     |        ?|        ?|         ?|          -|          -|    17|        no|
        | + VITIS_LOOP_1238_2    |        ?|        ?|         ?|          -|          -|    16|        no|
        |  ++ VITIS_LOOP_1239_3  |        ?|        ?|         ?|          -|          -|    64|        no|
        +------------------------+---------+---------+----------+-----------+-----------+------+----------+

============================================================
+ Verbose Summary: Synthesis Manager
============================================================
InlineROM: 1
ExposeGlobal: 0
============================================================
+ Verbose Summary: CDFG Model
============================================================
IsTopModel: 0
ResetActiveHigh: 1
IsCombinational: 2
IsDatapathOnly: 0
HasWiredReturn: 1
HasMFsm: 0
HasVarLatency: 1
IsPipeline: 0
IsRtlPipelined: 0
IsInstanceOverlapped: 0
IsDontTouch: 0
HasImplIP: 0
IsGatedGlobalClock: 0


============================================================
+ Verbose Summary: Schedule
============================================================
* Number of FSM states : 8
* Pipeline : 0
* Dataflow Pipeline: 0

* FSM state transitions: 
1 --> 2 
2 --> 3 
3 --> 4 2 
4 --> 5 3 
5 --> 6 
6 --> 7 
7 --> 8 
8 --> 4 

* FSM state operations: 

State 1 <SV = 0> <Delay = 0.38>
ST_1 : Operation 9 [1/1] (0.00ns)   --->   "%m = alloca i32 1"   --->   Operation 9 'alloca' 'm' <Predicate = true> <Delay = 0.00>
ST_1 : Operation 10 [1/1] (0.00ns)   --->   "%specinterface_ln0 = specinterface void @_ssdm_op_SpecInterface, i8 %out_w1, void @empty_9, i32 0, i32 0, void @empty_28, i32 0, i32 0, void @empty_28, void @empty_28, void @empty_28, i32 0, i32 0, i32 0, i32 0, void @empty_28, void @empty_28, i32 4294967295, i32 0"   --->   Operation 10 'specinterface' 'specinterface_ln0' <Predicate = true> <Delay = 0.00>
ST_1 : Operation 11 [1/1] (0.00ns)   --->   "%specinterface_ln0 = specinterface void @_ssdm_op_SpecInterface, i8 %gmem0, void @empty_12, i32 0, i32 0, void @empty_28, i32 0, i32 1024, void @empty_24, void @empty_44, void @empty_28, i32 16, i32 16, i32 64, i32 16, void @empty_28, void @empty_28, i32 4294967295, i32 0"   --->   Operation 11 'specinterface' 'specinterface_ln0' <Predicate = true> <Delay = 0.00>
ST_1 : Operation 12 [1/1] (0.00ns)   --->   "%W_ddr_tile_read = read i64 @_ssdm_op_Read.ap_auto.i64, i64 %W_ddr_tile"   --->   Operation 12 'read' 'W_ddr_tile_read' <Predicate = true> <Delay = 0.00>
ST_1 : Operation 13 [1/1] (0.00ns)   --->   "%burst_reads = alloca i64 1" [/home/fede/PhD/transformer-hls/hls/include/linear.h:1225]   --->   Operation 13 'alloca' 'burst_reads' <Predicate = true> <Delay = 0.00> <CoreInst = "FIFO_SRL">   --->   Core 81 'FIFO_SRL' <Latency = 0> <II = 1> <Delay = 1.35> <Storage> <Opcode : 'read' 'write' 'nbread' 'nbwrite'> <Ports = 0> <Width = 8> <Depth = 64> <FIFO>
ST_1 : Operation 14 [1/1] (0.00ns)   --->   "%empty = specchannel i32 @_ssdm_op_SpecChannel, void @burst_reads_str, i32 1, void @p_str, void @p_str, i32 64, i32 64, i8 %burst_reads, i8 %burst_reads"   --->   Operation 14 'specchannel' 'empty' <Predicate = true> <Delay = 0.00>
ST_1 : Operation 15 [1/1] (0.00ns)   --->   "%specinterface_ln0 = specinterface void @_ssdm_op_SpecInterface, i8 %burst_reads, void @empty_9, i32 0, i32 0, void @empty_28, i32 0, i32 0, void @empty_28, void @empty_28, void @empty_28, i32 0, i32 0, i32 0, i32 0, void @empty_28, void @empty_28, i32 4294967295, i32 0"   --->   Operation 15 'specinterface' 'specinterface_ln0' <Predicate = true> <Delay = 0.00>
ST_1 : Operation 16 [1/1] (0.38ns)   --->   "%store_ln1237 = store i5 0, i5 %m" [/home/fede/PhD/transformer-hls/hls/include/linear.h:1237]   --->   Operation 16 'store' 'store_ln1237' <Predicate = true> <Delay = 0.38>
ST_1 : Operation 17 [1/1] (0.00ns)   --->   "%br_ln1237 = br void %VITIS_LOOP_1238_2" [/home/fede/PhD/transformer-hls/hls/include/linear.h:1237]   --->   Operation 17 'br' 'br_ln1237' <Predicate = true> <Delay = 0.00>

State 2 <SV = 1> <Delay = 0.70>
ST_2 : Operation 18 [1/1] (0.00ns)   --->   "%m_3 = load i5 %m" [/home/fede/PhD/transformer-hls/hls/include/linear.h:1237]   --->   Operation 18 'load' 'm_3' <Predicate = true> <Delay = 0.00>
ST_2 : Operation 19 [1/1] (0.63ns)   --->   "%icmp_ln1237 = icmp_eq  i5 %m_3, i5 17" [/home/fede/PhD/transformer-hls/hls/include/linear.h:1237]   --->   Operation 19 'icmp' 'icmp_ln1237' <Predicate = true> <Delay = 0.63> <CoreInst = "Cmp">   --->   Core 9 'Cmp' <Latency = 0> <II = 1> <Delay = 0.63> <FuncUnit> <Opcode : 'icmp'> <InPorts = 2> <OutPorts = 1>
ST_2 : Operation 20 [1/1] (0.00ns)   --->   "%empty_163 = speclooptripcount i32 @_ssdm_op_SpecLoopTripCount, i64 17, i64 17, i64 17"   --->   Operation 20 'speclooptripcount' 'empty_163' <Predicate = true> <Delay = 0.00>
ST_2 : Operation 21 [1/1] (0.70ns)   --->   "%m_4 = add i5 %m_3, i5 1" [/home/fede/PhD/transformer-hls/hls/include/linear.h:1237]   --->   Operation 21 'add' 'm_4' <Predicate = true> <Delay = 0.70> <CoreInst = "Adder">   --->   Core 1 'Adder' <Latency = 0> <II = 1> <Delay = 0.70> <FuncUnit> <Opcode : 'add' 'sub'> <InPorts = 2> <OutPorts = 1>
ST_2 : Operation 22 [1/1] (0.00ns)   --->   "%br_ln1237 = br i1 %icmp_ln1237, void %VITIS_LOOP_1238_2.split, void %for.end17" [/home/fede/PhD/transformer-hls/hls/include/linear.h:1237]   --->   Operation 22 'br' 'br_ln1237' <Predicate = true> <Delay = 0.00>
ST_2 : Operation 23 [1/1] (0.00ns)   --->   "%specloopname_ln1237 = specloopname void @_ssdm_op_SpecLoopName, void @empty_46" [/home/fede/PhD/transformer-hls/hls/include/linear.h:1237]   --->   Operation 23 'specloopname' 'specloopname_ln1237' <Predicate = (!icmp_ln1237)> <Delay = 0.00>
ST_2 : Operation 24 [1/1] (0.38ns)   --->   "%br_ln1238 = br void %VITIS_LOOP_1239_3" [/home/fede/PhD/transformer-hls/hls/include/linear.h:1238]   --->   Operation 24 'br' 'br_ln1238' <Predicate = (!icmp_ln1237)> <Delay = 0.38>
ST_2 : Operation 25 [1/1] (0.00ns)   --->   "%ret_ln1253 = ret" [/home/fede/PhD/transformer-hls/hls/include/linear.h:1253]   --->   Operation 25 'ret' 'ret_ln1253' <Predicate = (icmp_ln1237)> <Delay = 0.00>

State 3 <SV = 2> <Delay = 1.02>
ST_3 : Operation 26 [1/1] (0.00ns)   --->   "%k = phi i5 %add_ln1238, void %for.inc12, i5 0, void %VITIS_LOOP_1238_2.split" [/home/fede/PhD/transformer-hls/hls/include/linear.h:1238]   --->   Operation 26 'phi' 'k' <Predicate = true> <Delay = 0.00>
ST_3 : Operation 27 [1/1] (0.63ns)   --->   "%icmp_ln1238 = icmp_eq  i5 %k, i5 16" [/home/fede/PhD/transformer-hls/hls/include/linear.h:1238]   --->   Operation 27 'icmp' 'icmp_ln1238' <Predicate = true> <Delay = 0.63> <CoreInst = "Cmp">   --->   Core 9 'Cmp' <Latency = 0> <II = 1> <Delay = 0.63> <FuncUnit> <Opcode : 'icmp'> <InPorts = 2> <OutPorts = 1>
ST_3 : Operation 28 [1/1] (0.00ns)   --->   "%empty_164 = speclooptripcount i32 @_ssdm_op_SpecLoopTripCount, i64 16, i64 16, i64 16"   --->   Operation 28 'speclooptripcount' 'empty_164' <Predicate = true> <Delay = 0.00>
ST_3 : Operation 29 [1/1] (0.70ns)   --->   "%add_ln1238 = add i5 %k, i5 1" [/home/fede/PhD/transformer-hls/hls/include/linear.h:1238]   --->   Operation 29 'add' 'add_ln1238' <Predicate = true> <Delay = 0.70> <CoreInst = "Adder">   --->   Core 1 'Adder' <Latency = 0> <II = 1> <Delay = 0.70> <FuncUnit> <Opcode : 'add' 'sub'> <InPorts = 2> <OutPorts = 1>
ST_3 : Operation 30 [1/1] (0.00ns)   --->   "%br_ln1238 = br i1 %icmp_ln1238, void %VITIS_LOOP_1239_3.split, void %for.inc15" [/home/fede/PhD/transformer-hls/hls/include/linear.h:1238]   --->   Operation 30 'br' 'br_ln1238' <Predicate = true> <Delay = 0.00>
ST_3 : Operation 31 [1/1] (0.00ns)   --->   "%specloopname_ln1238 = specloopname void @_ssdm_op_SpecLoopName, void @empty_36" [/home/fede/PhD/transformer-hls/hls/include/linear.h:1238]   --->   Operation 31 'specloopname' 'specloopname_ln1238' <Predicate = (!icmp_ln1238)> <Delay = 0.00>
ST_3 : Operation 32 [1/1] (0.00ns)   --->   "%empty_165 = trunc i5 %k" [/home/fede/PhD/transformer-hls/hls/include/linear.h:1238]   --->   Operation 32 'trunc' 'empty_165' <Predicate = (!icmp_ln1238)> <Delay = 0.00>
ST_3 : Operation 33 [1/1] (0.00ns)   --->   "%tmp_3 = bitconcatenate i10 @_ssdm_op_BitConcatenate.i10.i4.i6, i4 %empty_165, i6 0" [/home/fede/PhD/transformer-hls/hls/include/linear.h:1238]   --->   Operation 33 'bitconcatenate' 'tmp_3' <Predicate = (!icmp_ln1238)> <Delay = 0.00>
ST_3 : Operation 34 [1/1] (0.00ns)   --->   "%zext_ln1239 = zext i10 %tmp_3" [/home/fede/PhD/transformer-hls/hls/include/linear.h:1239]   --->   Operation 34 'zext' 'zext_ln1239' <Predicate = (!icmp_ln1238)> <Delay = 0.00>
ST_3 : Operation 35 [1/1] (0.38ns)   --->   "%br_ln1239 = br void %for.inc" [/home/fede/PhD/transformer-hls/hls/include/linear.h:1239]   --->   Operation 35 'br' 'br_ln1239' <Predicate = (!icmp_ln1238)> <Delay = 0.38>
ST_3 : Operation 36 [1/1] (0.38ns)   --->   "%store_ln1237 = store i5 %m_4, i5 %m" [/home/fede/PhD/transformer-hls/hls/include/linear.h:1237]   --->   Operation 36 'store' 'store_ln1237' <Predicate = (icmp_ln1238)> <Delay = 0.38>
ST_3 : Operation 37 [1/1] (0.00ns)   --->   "%br_ln1237 = br void %VITIS_LOOP_1238_2" [/home/fede/PhD/transformer-hls/hls/include/linear.h:1237]   --->   Operation 37 'br' 'br_ln1237' <Predicate = (icmp_ln1238)> <Delay = 0.00>

State 4 <SV = 3> <Delay = 1.87>
ST_4 : Operation 38 [1/1] (0.00ns)   --->   "%n_tile = phi i7 %add_ln1239, void %for.inc.split, i7 0, void %VITIS_LOOP_1239_3.split" [/home/fede/PhD/transformer-hls/hls/include/linear.h:1239]   --->   Operation 38 'phi' 'n_tile' <Predicate = true> <Delay = 0.00>
ST_4 : Operation 39 [1/1] (0.00ns)   --->   "%zext_ln1239_2 = zext i7 %n_tile" [/home/fede/PhD/transformer-hls/hls/include/linear.h:1239]   --->   Operation 39 'zext' 'zext_ln1239_2' <Predicate = true> <Delay = 0.00>
ST_4 : Operation 40 [1/1] (0.59ns)   --->   "%icmp_ln1239 = icmp_eq  i7 %n_tile, i7 64" [/home/fede/PhD/transformer-hls/hls/include/linear.h:1239]   --->   Operation 40 'icmp' 'icmp_ln1239' <Predicate = true> <Delay = 0.59> <CoreInst = "Cmp">   --->   Core 9 'Cmp' <Latency = 0> <II = 1> <Delay = 0.59> <FuncUnit> <Opcode : 'icmp'> <InPorts = 2> <OutPorts = 1>
ST_4 : Operation 41 [1/1] (0.00ns)   --->   "%empty_166 = speclooptripcount i32 @_ssdm_op_SpecLoopTripCount, i64 64, i64 64, i64 64"   --->   Operation 41 'speclooptripcount' 'empty_166' <Predicate = true> <Delay = 0.00>
ST_4 : Operation 42 [1/1] (0.70ns)   --->   "%add_ln1239 = add i7 %n_tile, i7 1" [/home/fede/PhD/transformer-hls/hls/include/linear.h:1239]   --->   Operation 42 'add' 'add_ln1239' <Predicate = true> <Delay = 0.70> <CoreInst = "Adder">   --->   Core 1 'Adder' <Latency = 0> <II = 1> <Delay = 0.70> <FuncUnit> <Opcode : 'add' 'sub'> <InPorts = 2> <OutPorts = 1>
ST_4 : Operation 43 [1/1] (0.00ns)   --->   "%br_ln1239 = br i1 %icmp_ln1239, void %for.inc.split, void %for.inc12" [/home/fede/PhD/transformer-hls/hls/include/linear.h:1239]   --->   Operation 43 'br' 'br_ln1239' <Predicate = true> <Delay = 0.00>
ST_4 : Operation 44 [1/1] (0.72ns)   --->   "%add_ln1243_2 = add i11 %zext_ln1239, i11 %zext_ln1239_2" [/home/fede/PhD/transformer-hls/hls/include/linear.h:1243]   --->   Operation 44 'add' 'add_ln1243_2' <Predicate = (!icmp_ln1239)> <Delay = 0.72> <CoreInst = "Adder">   --->   Core 1 'Adder' <Latency = 0> <II = 1> <Delay = 0.72> <FuncUnit> <Opcode : 'add' 'sub'> <InPorts = 2> <OutPorts = 1>
ST_4 : Operation 45 [1/1] (0.00ns)   --->   "%zext_ln1243 = zext i11 %add_ln1243_2" [/home/fede/PhD/transformer-hls/hls/include/linear.h:1243]   --->   Operation 45 'zext' 'zext_ln1243' <Predicate = (!icmp_ln1239)> <Delay = 0.00>
ST_4 : Operation 46 [1/1] (1.14ns)   --->   "%add_ln1243 = add i64 %zext_ln1243, i64 %W_ddr_tile_read" [/home/fede/PhD/transformer-hls/hls/include/linear.h:1243]   --->   Operation 46 'add' 'add_ln1243' <Predicate = (!icmp_ln1239)> <Delay = 1.14> <CoreInst = "Adder">   --->   Core 1 'Adder' <Latency = 0> <II = 1> <Delay = 1.14> <FuncUnit> <Opcode : 'add' 'sub'> <InPorts = 2> <OutPorts = 1>
ST_4 : Operation 47 [1/1] (0.00ns)   --->   "%br_ln1238 = br void %VITIS_LOOP_1239_3" [/home/fede/PhD/transformer-hls/hls/include/linear.h:1238]   --->   Operation 47 'br' 'br_ln1238' <Predicate = (icmp_ln1239)> <Delay = 0.00>

State 5 <SV = 4> <Delay = 7.30>
ST_5 : Operation 48 [2/2] (7.30ns)   --->   "%call_ln1245 = call void @burst_read_beats<1, ap_int<8> >, i8 %gmem0, i64 %add_ln1243, i8 %burst_reads" [/home/fede/PhD/transformer-hls/hls/include/linear.h:1245]   --->   Operation 48 'call' 'call_ln1245' <Predicate = true> <Delay = 7.30> <CoreType = "Generic">   --->   Core 0 '' <Latency = 0> <II = 1> <Delay = 1.00> <Generic> <Opcode : >

State 6 <SV = 5> <Delay = 0.00>
ST_6 : Operation 49 [1/2] (0.00ns)   --->   "%call_ln1245 = call void @burst_read_beats<1, ap_int<8> >, i8 %gmem0, i64 %add_ln1243, i8 %burst_reads" [/home/fede/PhD/transformer-hls/hls/include/linear.h:1245]   --->   Operation 49 'call' 'call_ln1245' <Predicate = true> <Delay = 0.00> <CoreType = "Generic">   --->   Core 0 '' <Latency = 0> <II = 1> <Delay = 1.00> <Generic> <Opcode : >

State 7 <SV = 6> <Delay = 0.00>
ST_7 : Operation 50 [2/2] (0.00ns)   --->   "%call_ln1246 = call void @packer_to_packs<1, 1, 1, ap_int<8> >, i8 %burst_reads, i8 %out_w1" [/home/fede/PhD/transformer-hls/hls/include/linear.h:1246]   --->   Operation 50 'call' 'call_ln1246' <Predicate = true> <Delay = 0.00> <CoreType = "Generic">   --->   Core 0 '' <Latency = 0> <II = 1> <Delay = 1.00> <Generic> <Opcode : >

State 8 <SV = 7> <Delay = 0.00>
ST_8 : Operation 51 [1/1] (0.00ns)   --->   "%specloopname_ln1240 = specloopname void @_ssdm_op_SpecLoopName, void @empty_29" [/home/fede/PhD/transformer-hls/hls/include/linear.h:1240]   --->   Operation 51 'specloopname' 'specloopname_ln1240' <Predicate = true> <Delay = 0.00>
ST_8 : Operation 52 [1/2] (0.00ns)   --->   "%call_ln1246 = call void @packer_to_packs<1, 1, 1, ap_int<8> >, i8 %burst_reads, i8 %out_w1" [/home/fede/PhD/transformer-hls/hls/include/linear.h:1246]   --->   Operation 52 'call' 'call_ln1246' <Predicate = true> <Delay = 0.00> <CoreType = "Generic">   --->   Core 0 '' <Latency = 0> <II = 1> <Delay = 1.00> <Generic> <Opcode : >
ST_8 : Operation 53 [1/1] (0.00ns)   --->   "%br_ln1239 = br void %for.inc" [/home/fede/PhD/transformer-hls/hls/include/linear.h:1239]   --->   Operation 53 'br' 'br_ln1239' <Predicate = true> <Delay = 0.00>


============================================================
+ Verbose Summary: Timing violations
============================================================
Target clock period: 10ns, clock uncertainty: 2.7ns.

 <State 1>: 0.387ns
The critical path consists of the following:
	'alloca' operation ('m') [4]  (0 ns)
	'store' operation ('store_ln1237', /home/fede/PhD/transformer-hls/hls/include/linear.h:1237) of constant 0 on local variable 'm' [11]  (0.387 ns)

 <State 2>: 0.707ns
The critical path consists of the following:
	'load' operation ('m', /home/fede/PhD/transformer-hls/hls/include/linear.h:1237) on local variable 'm' [14]  (0 ns)
	'add' operation ('m', /home/fede/PhD/transformer-hls/hls/include/linear.h:1237) [17]  (0.707 ns)

 <State 3>: 1.02ns
The critical path consists of the following:
	'phi' operation ('k', /home/fede/PhD/transformer-hls/hls/include/linear.h:1238) with incoming values : ('add_ln1238', /home/fede/PhD/transformer-hls/hls/include/linear.h:1238) [23]  (0 ns)
	'add' operation ('add_ln1238', /home/fede/PhD/transformer-hls/hls/include/linear.h:1238) [26]  (0.707 ns)
	blocking operation 0.317 ns on control path)

 <State 4>: 1.87ns
The critical path consists of the following:
	'phi' operation ('n_tile', /home/fede/PhD/transformer-hls/hls/include/linear.h:1239) with incoming values : ('add_ln1239', /home/fede/PhD/transformer-hls/hls/include/linear.h:1239) [35]  (0 ns)
	'add' operation ('add_ln1243_2', /home/fede/PhD/transformer-hls/hls/include/linear.h:1243) [43]  (0.725 ns)
	'add' operation ('add_ln1243', /home/fede/PhD/transformer-hls/hls/include/linear.h:1243) [45]  (1.15 ns)

 <State 5>: 7.3ns
The critical path consists of the following:
	'call' operation ('call_ln1245', /home/fede/PhD/transformer-hls/hls/include/linear.h:1245) to 'burst_read_beats<1, ap_int<8> >' [46]  (7.3 ns)

 <State 6>: 0ns
The critical path consists of the following:

 <State 7>: 0ns
The critical path consists of the following:

 <State 8>: 0ns
The critical path consists of the following:


============================================================
+ Verbose Summary: Binding
============================================================
N/A
* FSMD analyzer results:
  - Output states:
 - Input state : 
  - Chain level:
	State 1
	State 2
	State 3
	State 4
	State 5
	State 6
	State 7
	State 8


============================================================
+ Verbose Summary: Datapath Resource usage 
============================================================
N/A
