INFO: [SIM 2] *************** CSIM start ***************
INFO: [SIM 4] CSIM will launch GCC as the compiler.
   Compiling ../../../../../../../hls/tb/tb_vit_block.cpp in debug mode
   Compiling ../../../../../../../hls/src/model/ViT_Block.cpp in debug mode
   Compiling ../../../../../../../hls/src/attention/MultiHeadAttention_tiled.cpp in debug mode
   Compiling ../../../../../../../hls/src/layers/MM_tiled.cpp in debug mode
   Compiling ../../../../../../../hls/src/layers/MLP_tiled_oc.cpp in debug mode
   Compiling ../../../../../generated/hls/src/parameters/vit_params.cpp in debug mode
   Generating csim.exe
Starting ViT_Block simulation...
Configuration:
  TOKENS       = 17
  EMBED        = 16
  HIDDEN       = 64
  IO_PACK      = 1
  BUS_ELEMS    = 1
  INPUT_WORDS  = 272
  OUTPUT_WORDS = 272
  Q_BEATS      = 256
  K_BEATS      = 256
  V_BEATS      = 256
  O_BEATS      = 256
  W_UP_BEATS   = 1024
  W_DOWN_BEATS = 1024
  Weight Inizialization = 
  Input Stream Inizialization = 
Calling ViT_Block...
Reading output...
29
17
19
-31
54
0
-31
-39
11
9
-79
58
58
42
26
32
21
11
16
-42
57
4
-33
-34
1
3
-78
48
52
34
20
24
22
20
11
-29
49
3
-35
-39
12
8
-68
50
53
34
18
23
18
27
12
-32
51
1
-34
-39
6
2
-76
52
54
37
18
25
32
8
21
-33
59
10
-33
-44
13
3
-73
51
60
32
26
20
27
13
16
-41
45
-5
-40
-34
18
-4
-79
48
74
34
27
11
30
10
21
-33
51
-3
-33
-36
12
7
-65
43
47
38
23
32
17
15
21
-39
63
3
-41
-43
16
-1
-76
49
63
33
25
15
19
24
6
-35
53
-7
-30
-33
17
0
-75
52
59
39
25
26
8
31
12
-32
57
7
-30
-34
9
-1
-72
53
55
37
17
18
21
16
19
-32
57
8
-29
-34
12
3
-82
54
53
38
18
31
12
24
10
-35
55
-2
-35
-32
13
1
-72
53
53
41
18
23
44
1
25
-18
55
-7
-31
-47
20
11
-61
56
56
19
39
39
17
28
25
-40
62
15
-41
-53
0
26
-77
37
52
27
23
15
19
16
3
-34
53
20
-49
-52
26
12
-59
37
55
27
32
-12
19
30
12
-33
42
5
-30
-43
1
-5
-69
56
59
27
16
21
52
-27
46
-30
58
2
-28
-49
23
10
-46
53
61
9
42
31
TLAST received at word 271
ViT_Block simulation completed.
Elapsed host simulation time: 35.3512 ms
INFO [HLS SIM]: The maximum depth reached by any hls::stream() instance in the design is 17408
INFO: [SIM 1] CSim done with 0 errors.
INFO: [SIM 3] *************** CSIM finish ***************
