remark: /home/fede/PhD/transformer-hls/hls/include/normalizations.hpp:209:30: Inlining function 'RoundShiftSigned<ap_int<48>, 16>::apply(ap_int<48>)' into 'void BATCHNORM_tiled_quantized<17, 192, 1, 16, ap_int<8>, ap_int<8> >(hls::stream<ap_uint<(1) * (ap_int<8>::width)>, 0>&, hls::stream<ap_uint<(1) * (ap_int<8>::width)>, 0>&, int const*, int const*)'
remark: /home/fede/PhD/transformer-hls/hls/include/linear.h:1598:41: Inlining function 'ap_int<8> requant_scalar<ap_int<32>, ap_int<8>, 98, 16, 0>(ap_int<32>)' into 'void Linear_Layer<17, 192, 192, 1, 1, 1, 1, 1, 1, 98, 16, 0, ap_int<8>, ap_int<8>, ap_int<32> >(hls::stream<ap_uint<(1) * (ap_int<8>::width)>, 0>&, hls::stream<ap_uint<(1) * (ap_int<8>::width)>, 0>&, hls::stream<ap_uint<((1) * (1)) * (ap_int<8>::width)>, 0>&, ap_int<32> const*)'
remark: /home/fede/PhD/transformer-hls/hls/include/linear.h:1598:41: Inlining function 'ap_int<8> requant_scalar<ap_int<32>, ap_int<8>, 165, 16, 0>(ap_int<32>)' into 'void Linear_Layer<17, 192, 192, 1, 1, 1, 1, 1, 1, 165, 16, 0, ap_int<8>, ap_int<8>, ap_int<32> >(hls::stream<ap_uint<(1) * (ap_int<8>::width)>, 0>&, hls::stream<ap_uint<(1) * (ap_int<8>::width)>, 0>&, hls::stream<ap_uint<((1) * (1)) * (ap_int<8>::width)>, 0>&, ap_int<32> const*)'
remark: /home/fede/PhD/transformer-hls/hls/include/linear.h:1598:41: Inlining function 'ap_int<8> requant_scalar<ap_int<32>, ap_int<8>, 200, 16, 0>(ap_int<32>)' into 'void Linear_Layer<17, 192, 192, 1, 1, 1, 1, 1, 1, 200, 16, 0, ap_int<8>, ap_int<8>, ap_int<32> >(hls::stream<ap_uint<(1) * (ap_int<8>::width)>, 0>&, hls::stream<ap_uint<(1) * (ap_int<8>::width)>, 0>&, hls::stream<ap_uint<((1) * (1)) * (ap_int<8>::width)>, 0>&, ap_int<32> const*)'
remark: /home/fede/PhD/transformer-hls/hls/include/linear.h:1742:37: Inlining function 'ap_int<8> requant_scalar<ap_int<32>, ap_int<8>, 137, 16, 0>(ap_int<32>)' into 'void MatMul_QK_tiled<17, 48, 17, 1, 1, 1, 1, 1, 137, 16, 0, ap_int<8>, ap_int<32> >(hls::stream<ap_uint<(1) * (ap_int<8>::width)>, 0>&, hls::stream<ap_uint<(1) * (ap_int<8>::width)>, 0>&, hls::stream<ap_uint<(1) * (ap_int<8>::width)>, 0>&)'
remark: /home/fede/PhD/transformer-hls/hls/include/activations.h:646:40: Inlining function 'ap_uint<8> exp_lut_lookup_int_16<64>(ap_int<16>)' into 'void SoftmaxTiledStreaming<17, 17, 1, 1, 1, ap_int<8>, ap_int<32>, 64>(hls::stream<ap_uint<(1) * (ap_int<8>::width)>, 0>&, hls::stream<ap_uint<(1) * (ap_int<8>::width)>, 0>&)'
remark: /home/fede/PhD/transformer-hls/hls/include/activations.h:620:36: Inlining function 'ap_uint<8> exp_lut_lookup_int_16<64>(ap_int<16>)' into 'void SoftmaxTiledStreaming<17, 17, 1, 1, 1, ap_int<8>, ap_int<32>, 64>(hls::stream<ap_uint<(1) * (ap_int<8>::width)>, 0>&, hls::stream<ap_uint<(1) * (ap_int<8>::width)>, 0>&)'
remark: /home/fede/PhD/transformer-hls/hls/include/activations.h:85:26: Inlining function 'RoundShiftSigned<ap_int<40>, 16>::apply(ap_int<40>)' into 'void requant<ap_int<8>, ap_int<8>, 17, 17, 151241, 16, 1>(hls::stream<ap_uint<(ap_int<8>::width) * (1)>, 0>&, hls::stream<ap_uint<(ap_int<8>::width) * (1)>, 0>&)'
remark: /home/fede/PhD/transformer-hls/hls/include/linear.h:1877:37: Inlining function 'ap_int<8> requant_scalar<ap_int<32>, ap_int<8>, 382, 16, 0>(ap_int<32>)' into 'void MatMul_KV_tiled<17, 17, 48, 1, 1, 1, 1, 1, 382, 16, 0, ap_int<8>, ap_int<32> >(hls::stream<ap_uint<(1) * (ap_int<8>::width)>, 0>&, hls::stream<ap_uint<(1) * (ap_int<8>::width)>, 0>&, hls::stream<ap_uint<(1) * (ap_int<8>::width)>, 0>&)'
remark: /home/fede/PhD/transformer-hls/hls/include/linear.h:1598:41: Inlining function 'ap_int<8> requant_scalar<ap_int<32>, ap_int<8>, 241, 16, 0>(ap_int<32>)' into 'void Linear_Layer<17, 192, 192, 1, 1, 1, 1, 1, 1, 241, 16, 0, ap_int<8>, ap_int<8>, ap_int<32> >(hls::stream<ap_uint<(1) * (ap_int<8>::width)>, 0>&, hls::stream<ap_uint<(1) * (ap_int<8>::width)>, 0>&, hls::stream<ap_uint<((1) * (1)) * (ap_int<8>::width)>, 0>&, ap_int<32> const*)'
remark: /home/fede/PhD/transformer-hls/hls/include/activations.h:85:26: Inlining function 'RoundShiftSigned<ap_int<40>, 16>::apply(ap_int<40>)' into 'void requant<ap_int<8>, ap_int<8>, 17, 192, 23553, 16, 1>(hls::stream<ap_uint<(ap_int<8>::width) * (1)>, 0>&, hls::stream<ap_uint<(ap_int<8>::width) * (1)>, 0>&)'
remark: /home/fede/PhD/transformer-hls/hls/include/activations.h:828:25: Inlining function 'ap_int<8> requant_scalar_act<ap_int<16>, ap_int<8>, 43293, 16, 0>(ap_int<16>)' into 'void ResidualAddRequantSameScale<17, 192, 1, 43293, 16, 0, ap_int<8>, ap_int<16> >(hls::stream<ap_uint<(1) * (ap_int<8>::width)>, 0>&, hls::stream<ap_uint<(1) * (ap_int<8>::width)>, 0>&, hls::stream<ap_uint<(1) * (ap_int<8>::width)>, 0>&)'
remark: /home/fede/PhD/transformer-hls/hls/include/linear.h:1598:41: Inlining function 'ap_int<8> requant_scalar<ap_int<32>, ap_int<8>, 169, 16, 0>(ap_int<32>)' into 'void Linear_Layer<17, 192, 768, 1, 1, 1, 1, 1, 1, 169, 16, 0, ap_int<8>, ap_int<8>, ap_int<32> >(hls::stream<ap_uint<(1) * (ap_int<8>::width)>, 0>&, hls::stream<ap_uint<(1) * (ap_int<8>::width)>, 0>&, hls::stream<ap_uint<((1) * (1)) * (ap_int<8>::width)>, 0>&, ap_int<32> const*)'
remark: /home/fede/PhD/transformer-hls/hls/include/linear.h:1598:41: Inlining function 'ap_int<8> requant_scalar<ap_int<32>, ap_int<8>, 261, 16, 0>(ap_int<32>)' into 'void Linear_Layer<17, 768, 192, 1, 1, 1, 1, 1, 1, 261, 16, 0, ap_int<8>, ap_int<8>, ap_int<32> >(hls::stream<ap_uint<(1) * (ap_int<8>::width)>, 0>&, hls::stream<ap_uint<(1) * (ap_int<8>::width)>, 0>&, hls::stream<ap_uint<((1) * (1)) * (ap_int<8>::width)>, 0>&, ap_int<32> const*)'
remark: /home/fede/PhD/transformer-hls/hls/include/activations.h:85:26: Inlining function 'RoundShiftSigned<ap_int<40>, 16>::apply(ap_int<40>)' into 'void requant<ap_int<8>, ap_int<8>, 17, 192, 68366, 16, 1>(hls::stream<ap_uint<(ap_int<8>::width) * (1)>, 0>&, hls::stream<ap_uint<(ap_int<8>::width) * (1)>, 0>&)'
remark: /home/fede/PhD/transformer-hls/hls/include/activations.h:828:25: Inlining function 'ap_int<8> requant_scalar_act<ap_int<16>, ap_int<8>, 36296, 16, 0>(ap_int<16>)' into 'void ResidualAddRequantSameScale<17, 192, 1, 36296, 16, 0, ap_int<8>, ap_int<16> >(hls::stream<ap_uint<(1) * (ap_int<8>::width)>, 0>&, hls::stream<ap_uint<(1) * (ap_int<8>::width)>, 0>&, hls::stream<ap_uint<(1) * (ap_int<8>::width)>, 0>&)'
remark: /home/fede/PhD/transformer-hls/hls/include/activations.h:809:27: Loop 'VITIS_LOOP_809_2' is marked as complete unroll implied by the pipeline pragma
remark: /home/fede/PhD/transformer-hls/hls/include/activations.h:78:26: Loop 'VITIS_LOOP_78_2' is marked as complete unroll implied by the pipeline pragma
remark: /home/fede/PhD/transformer-hls/hls/include/activations.h:510:27: Loop 'VITIS_LOOP_510_4' is marked as complete unroll implied by the pipeline pragma
remark: /home/fede/PhD/transformer-hls/hls/include/activations.h:809:27: Loop 'VITIS_LOOP_809_2' is marked as complete unroll implied by the pipeline pragma
remark: /home/fede/PhD/transformer-hls/hls/include/activations.h:78:26: Loop 'VITIS_LOOP_78_2' is marked as complete unroll implied by the pipeline pragma
remark: /home/fede/PhD/transformer-hls/hls/include/linear.h:1838:21: Loop 'VITIS_LOOP_1838_7' is marked as complete unroll implied by the pipeline pragma
remark: /home/fede/PhD/transformer-hls/hls/include/linear.h:1855:22: Loop 'VITIS_LOOP_1855_12' is marked as complete unroll implied by the pipeline pragma
remark: /home/fede/PhD/transformer-hls/hls/include/linear.h:1856:53: Loop 'VITIS_LOOP_1856_13' is marked as complete unroll implied by the pipeline pragma
remark: /home/fede/PhD/transformer-hls/hls/include/linear.h:1872:41: Loop 'VITIS_LOOP_1872_16' is marked as complete unroll implied by the pipeline pragma
remark: /home/fede/PhD/transformer-hls/hls/include/activations.h:78:26: Loop 'VITIS_LOOP_78_2' is marked as complete unroll implied by the pipeline pragma
remark: /home/fede/PhD/transformer-hls/hls/include/activations.h:581:39: Loop 'VITIS_LOOP_581_6' is marked as complete unroll implied by the pipeline pragma
remark: /home/fede/PhD/transformer-hls/hls/include/activations.h:637:40: Loop 'VITIS_LOOP_637_13' is marked as complete unroll implied by the pipeline pragma
remark: /home/fede/PhD/transformer-hls/hls/include/linear.h:1686:36: Loop 'VITIS_LOOP_1686_7' is marked as complete unroll implied by the pipeline pragma
remark: /home/fede/PhD/transformer-hls/hls/include/linear.h:1716:22: Loop 'VITIS_LOOP_1716_14' is marked as complete unroll implied by the pipeline pragma
remark: /home/fede/PhD/transformer-hls/hls/include/linear.h:1720:49: Loop 'VITIS_LOOP_1720_15' is marked as complete unroll implied by the pipeline pragma
remark: /home/fede/PhD/transformer-hls/hls/include/linear.h:1738:41: Loop 'VITIS_LOOP_1738_18' is marked as complete unroll implied by the pipeline pragma
remark: /home/fede/PhD/transformer-hls/hls/include/linear.h:1661:32: Loop 'VITIS_LOOP_1661_3' is marked as complete unroll implied by the pipeline pragma
remark: /home/fede/PhD/transformer-hls/hls/include/normalizations.hpp:192:31: Loop 'VITIS_LOOP_192_3' is marked as complete unroll implied by the pipeline pragma
remark: /home/fede/PhD/transformer-hls/hls/include/activations.h:797:0: Unrolling loop 'VITIS_LOOP_809_2' (/home/fede/PhD/transformer-hls/hls/include/activations.h:809:27) in function 'ResidualAddRequantSameScale<17, 192, 1, 36296, 16, 0, ap_int<8>, ap_int<16> >' completely with a factor of 1
remark: /home/fede/PhD/transformer-hls/hls/include/activations.h:64:0: Unrolling loop 'VITIS_LOOP_78_2' (/home/fede/PhD/transformer-hls/hls/include/activations.h:78:26) in function 'requant<ap_int<8>, ap_int<8>, 17, 192, 68366, 16, 1>' completely with a factor of 1
remark: /home/fede/PhD/transformer-hls/hls/include/linear.h:1483:0: Unrolling loop 'VITIS_LOOP_1516_5' (/home/fede/PhD/transformer-hls/hls/include/linear.h:1516:40) in function 'Linear_Layer<17, 768, 192, 1, 1, 1, 1, 1, 1, 261, 16, 0, ap_int<8>, ap_int<8>, ap_int<32> >' completely with a factor of 1
remark: /home/fede/PhD/transformer-hls/hls/include/linear.h:1483:0: Unrolling loop 'buff_init_simd' (/home/fede/PhD/transformer-hls/hls/include/linear.h:1532:37) in function 'Linear_Layer<17, 768, 192, 1, 1, 1, 1, 1, 1, 261, 16, 0, ap_int<8>, ap_int<8>, ap_int<32> >' completely with a factor of 1
remark: /home/fede/PhD/transformer-hls/hls/include/linear.h:1483:0: Unrolling loop 'VITIS_LOOP_1553_13' (/home/fede/PhD/transformer-hls/hls/include/linear.h:1553:22) in function 'Linear_Layer<17, 768, 192, 1, 1, 1, 1, 1, 1, 261, 16, 0, ap_int<8>, ap_int<8>, ap_int<32> >' completely with a factor of 1
remark: /home/fede/PhD/transformer-hls/hls/include/linear.h:1483:0: Unrolling loop 'VITIS_LOOP_1558_14' (/home/fede/PhD/transformer-hls/hls/include/linear.h:1558:49) in function 'Linear_Layer<17, 768, 192, 1, 1, 1, 1, 1, 1, 261, 16, 0, ap_int<8>, ap_int<8>, ap_int<32> >' completely with a factor of 1
remark: /home/fede/PhD/transformer-hls/hls/include/linear.h:1483:0: Unrolling loop 'VITIS_LOOP_1562_15' (/home/fede/PhD/transformer-hls/hls/include/linear.h:1562:53) in function 'Linear_Layer<17, 768, 192, 1, 1, 1, 1, 1, 1, 261, 16, 0, ap_int<8>, ap_int<8>, ap_int<32> >' completely with a factor of 1
remark: /home/fede/PhD/transformer-hls/hls/include/linear.h:1483:0: Unrolling loop 'VITIS_LOOP_1577_16' (/home/fede/PhD/transformer-hls/hls/include/linear.h:1577:49) in function 'Linear_Layer<17, 768, 192, 1, 1, 1, 1, 1, 1, 261, 16, 0, ap_int<8>, ap_int<8>, ap_int<32> >' completely with a factor of 1
remark: /home/fede/PhD/transformer-hls/hls/include/linear.h:1483:0: Unrolling loop 'VITIS_LOOP_1593_20' (/home/fede/PhD/transformer-hls/hls/include/linear.h:1593:45) in function 'Linear_Layer<17, 768, 192, 1, 1, 1, 1, 1, 1, 261, 16, 0, ap_int<8>, ap_int<8>, ap_int<32> >' completely with a factor of 1
remark: /home/fede/PhD/transformer-hls/hls/include/activations.h:499:0: Unrolling loop 'VITIS_LOOP_510_4' (/home/fede/PhD/transformer-hls/hls/include/activations.h:510:27) in function 'ReLuTiled<17, 768, 1, 1, ap_int<8> >' completely with a factor of 1
remark: /home/fede/PhD/transformer-hls/hls/include/linear.h:1483:0: Unrolling loop 'VITIS_LOOP_1516_5' (/home/fede/PhD/transformer-hls/hls/include/linear.h:1516:40) in function 'Linear_Layer<17, 192, 768, 1, 1, 1, 1, 1, 1, 169, 16, 0, ap_int<8>, ap_int<8>, ap_int<32> >' completely with a factor of 1
remark: /home/fede/PhD/transformer-hls/hls/include/linear.h:1483:0: Unrolling loop 'buff_init_simd' (/home/fede/PhD/transformer-hls/hls/include/linear.h:1532:37) in function 'Linear_Layer<17, 192, 768, 1, 1, 1, 1, 1, 1, 169, 16, 0, ap_int<8>, ap_int<8>, ap_int<32> >' completely with a factor of 1
remark: /home/fede/PhD/transformer-hls/hls/include/linear.h:1483:0: Unrolling loop 'VITIS_LOOP_1553_13' (/home/fede/PhD/transformer-hls/hls/include/linear.h:1553:22) in function 'Linear_Layer<17, 192, 768, 1, 1, 1, 1, 1, 1, 169, 16, 0, ap_int<8>, ap_int<8>, ap_int<32> >' completely with a factor of 1
remark: /home/fede/PhD/transformer-hls/hls/include/linear.h:1483:0: Unrolling loop 'VITIS_LOOP_1558_14' (/home/fede/PhD/transformer-hls/hls/include/linear.h:1558:49) in function 'Linear_Layer<17, 192, 768, 1, 1, 1, 1, 1, 1, 169, 16, 0, ap_int<8>, ap_int<8>, ap_int<32> >' completely with a factor of 1
remark: /home/fede/PhD/transformer-hls/hls/include/linear.h:1483:0: Unrolling loop 'VITIS_LOOP_1562_15' (/home/fede/PhD/transformer-hls/hls/include/linear.h:1562:53) in function 'Linear_Layer<17, 192, 768, 1, 1, 1, 1, 1, 1, 169, 16, 0, ap_int<8>, ap_int<8>, ap_int<32> >' completely with a factor of 1
remark: /home/fede/PhD/transformer-hls/hls/include/linear.h:1483:0: Unrolling loop 'VITIS_LOOP_1577_16' (/home/fede/PhD/transformer-hls/hls/include/linear.h:1577:49) in function 'Linear_Layer<17, 192, 768, 1, 1, 1, 1, 1, 1, 169, 16, 0, ap_int<8>, ap_int<8>, ap_int<32> >' completely with a factor of 1
remark: /home/fede/PhD/transformer-hls/hls/include/linear.h:1483:0: Unrolling loop 'VITIS_LOOP_1593_20' (/home/fede/PhD/transformer-hls/hls/include/linear.h:1593:45) in function 'Linear_Layer<17, 192, 768, 1, 1, 1, 1, 1, 1, 169, 16, 0, ap_int<8>, ap_int<8>, ap_int<32> >' completely with a factor of 1
remark: /home/fede/PhD/transformer-hls/hls/include/activations.h:797:0: Unrolling loop 'VITIS_LOOP_809_2' (/home/fede/PhD/transformer-hls/hls/include/activations.h:809:27) in function 'ResidualAddRequantSameScale<17, 192, 1, 43293, 16, 0, ap_int<8>, ap_int<16> >' completely with a factor of 1
remark: /home/fede/PhD/transformer-hls/hls/include/activations.h:64:0: Unrolling loop 'VITIS_LOOP_78_2' (/home/fede/PhD/transformer-hls/hls/include/activations.h:78:26) in function 'requant<ap_int<8>, ap_int<8>, 17, 192, 23553, 16, 1>' completely with a factor of 1
remark: /home/fede/PhD/transformer-hls/hls/src/attention/MultiHeadAttention_tiled.cpp:212:0: Unrolling loop 'head_split' (/home/fede/PhD/transformer-hls/hls/src/attention/MultiHeadAttention_tiled.cpp:262:5) in function 'MultiHeadAttention_tiled' completely with a factor of 4
remark: /home/fede/PhD/transformer-hls/hls/include/linear.h:1483:0: Unrolling loop 'VITIS_LOOP_1516_5' (/home/fede/PhD/transformer-hls/hls/include/linear.h:1516:40) in function 'Linear_Layer<17, 192, 192, 1, 1, 1, 1, 1, 1, 241, 16, 0, ap_int<8>, ap_int<8>, ap_int<32> >' completely with a factor of 1
remark: /home/fede/PhD/transformer-hls/hls/include/linear.h:1483:0: Unrolling loop 'buff_init_simd' (/home/fede/PhD/transformer-hls/hls/include/linear.h:1532:37) in function 'Linear_Layer<17, 192, 192, 1, 1, 1, 1, 1, 1, 241, 16, 0, ap_int<8>, ap_int<8>, ap_int<32> >' completely with a factor of 1
remark: /home/fede/PhD/transformer-hls/hls/include/linear.h:1483:0: Unrolling loop 'VITIS_LOOP_1553_13' (/home/fede/PhD/transformer-hls/hls/include/linear.h:1553:22) in function 'Linear_Layer<17, 192, 192, 1, 1, 1, 1, 1, 1, 241, 16, 0, ap_int<8>, ap_int<8>, ap_int<32> >' completely with a factor of 1
remark: /home/fede/PhD/transformer-hls/hls/include/linear.h:1483:0: Unrolling loop 'VITIS_LOOP_1558_14' (/home/fede/PhD/transformer-hls/hls/include/linear.h:1558:49) in function 'Linear_Layer<17, 192, 192, 1, 1, 1, 1, 1, 1, 241, 16, 0, ap_int<8>, ap_int<8>, ap_int<32> >' completely with a factor of 1
remark: /home/fede/PhD/transformer-hls/hls/include/linear.h:1483:0: Unrolling loop 'VITIS_LOOP_1562_15' (/home/fede/PhD/transformer-hls/hls/include/linear.h:1562:53) in function 'Linear_Layer<17, 192, 192, 1, 1, 1, 1, 1, 1, 241, 16, 0, ap_int<8>, ap_int<8>, ap_int<32> >' completely with a factor of 1
remark: /home/fede/PhD/transformer-hls/hls/include/linear.h:1483:0: Unrolling loop 'VITIS_LOOP_1577_16' (/home/fede/PhD/transformer-hls/hls/include/linear.h:1577:49) in function 'Linear_Layer<17, 192, 192, 1, 1, 1, 1, 1, 1, 241, 16, 0, ap_int<8>, ap_int<8>, ap_int<32> >' completely with a factor of 1
remark: /home/fede/PhD/transformer-hls/hls/include/linear.h:1483:0: Unrolling loop 'VITIS_LOOP_1593_20' (/home/fede/PhD/transformer-hls/hls/include/linear.h:1593:45) in function 'Linear_Layer<17, 192, 192, 1, 1, 1, 1, 1, 1, 241, 16, 0, ap_int<8>, ap_int<8>, ap_int<32> >' completely with a factor of 1
remark: /home/fede/PhD/transformer-hls/hls/include/linear.h:1777:0: Unrolling loop 'buff_init_simd' (/home/fede/PhD/transformer-hls/hls/include/linear.h:1820:33) in function 'MatMul_KV_tiled<17, 17, 48, 1, 1, 1, 1, 1, 382, 16, 0, ap_int<8>, ap_int<32> >' completely with a factor of 1
remark: /home/fede/PhD/transformer-hls/hls/include/linear.h:1777:0: Unrolling loop 'VITIS_LOOP_1838_7' (/home/fede/PhD/transformer-hls/hls/include/linear.h:1838:21) in function 'MatMul_KV_tiled<17, 17, 48, 1, 1, 1, 1, 1, 382, 16, 0, ap_int<8>, ap_int<32> >' completely with a factor of 1
remark: /home/fede/PhD/transformer-hls/hls/include/linear.h:1777:0: Unrolling loop 'VITIS_LOOP_1855_12' (/home/fede/PhD/transformer-hls/hls/include/linear.h:1855:22) in function 'MatMul_KV_tiled<17, 17, 48, 1, 1, 1, 1, 1, 382, 16, 0, ap_int<8>, ap_int<32> >' completely with a factor of 1
remark: /home/fede/PhD/transformer-hls/hls/include/linear.h:1777:0: Unrolling loop 'VITIS_LOOP_1856_13' (/home/fede/PhD/transformer-hls/hls/include/linear.h:1856:53) in function 'MatMul_KV_tiled<17, 17, 48, 1, 1, 1, 1, 1, 382, 16, 0, ap_int<8>, ap_int<32> >' completely with a factor of 1
remark: /home/fede/PhD/transformer-hls/hls/include/linear.h:1777:0: Unrolling loop 'VITIS_LOOP_1872_16' (/home/fede/PhD/transformer-hls/hls/include/linear.h:1872:41) in function 'MatMul_KV_tiled<17, 17, 48, 1, 1, 1, 1, 1, 382, 16, 0, ap_int<8>, ap_int<32> >' completely with a factor of 1
remark: /home/fede/PhD/transformer-hls/hls/include/linear.h:1777:0: Unrolling loop 'VITIS_LOOP_1800_4' (/home/fede/PhD/transformer-hls/hls/include/linear.h:1800:40) in function 'MatMul_KV_tiled<17, 17, 48, 1, 1, 1, 1, 1, 382, 16, 0, ap_int<8>, ap_int<32> >' completely with a factor of 1
remark: /home/fede/PhD/transformer-hls/hls/include/activations.h:64:0: Unrolling loop 'VITIS_LOOP_78_2' (/home/fede/PhD/transformer-hls/hls/include/activations.h:78:26) in function 'requant<ap_int<8>, ap_int<8>, 17, 17, 151241, 16, 1>' completely with a factor of 1
remark: /home/fede/PhD/transformer-hls/hls/include/activations.h:541:0: Unrolling loop 'VITIS_LOOP_565_2' (/home/fede/PhD/transformer-hls/hls/include/activations.h:565:27) in function 'SoftmaxTiledStreaming<17, 17, 1, 1, 1, ap_int<8>, ap_int<32>, 64>' completely with a factor of 1
remark: /home/fede/PhD/transformer-hls/hls/include/activations.h:541:0: Unrolling loop 'VITIS_LOOP_581_6' (/home/fede/PhD/transformer-hls/hls/include/activations.h:581:39) in function 'SoftmaxTiledStreaming<17, 17, 1, 1, 1, ap_int<8>, ap_int<32>, 64>' completely with a factor of 1
remark: /home/fede/PhD/transformer-hls/hls/include/activations.h:541:0: Unrolling loop 'VITIS_LOOP_637_13' (/home/fede/PhD/transformer-hls/hls/include/activations.h:637:40) in function 'SoftmaxTiledStreaming<17, 17, 1, 1, 1, ap_int<8>, ap_int<32>, 64>' completely with a factor of 1
remark: /home/fede/PhD/transformer-hls/hls/include/linear.h:1638:0: Unrolling loop 'VITIS_LOOP_1686_7' (/home/fede/PhD/transformer-hls/hls/include/linear.h:1686:36) in function 'MatMul_QK_tiled<17, 48, 17, 1, 1, 1, 1, 1, 137, 16, 0, ap_int<8>, ap_int<32> >' completely with a factor of 1
remark: /home/fede/PhD/transformer-hls/hls/include/linear.h:1638:0: Unrolling loop 'VITIS_LOOP_1716_14' (/home/fede/PhD/transformer-hls/hls/include/linear.h:1716:22) in function 'MatMul_QK_tiled<17, 48, 17, 1, 1, 1, 1, 1, 137, 16, 0, ap_int<8>, ap_int<32> >' completely with a factor of 1
remark: /home/fede/PhD/transformer-hls/hls/include/linear.h:1638:0: Unrolling loop 'VITIS_LOOP_1720_15' (/home/fede/PhD/transformer-hls/hls/include/linear.h:1720:49) in function 'MatMul_QK_tiled<17, 48, 17, 1, 1, 1, 1, 1, 137, 16, 0, ap_int<8>, ap_int<32> >' completely with a factor of 1
remark: /home/fede/PhD/transformer-hls/hls/include/linear.h:1638:0: Unrolling loop 'VITIS_LOOP_1738_18' (/home/fede/PhD/transformer-hls/hls/include/linear.h:1738:41) in function 'MatMul_QK_tiled<17, 48, 17, 1, 1, 1, 1, 1, 137, 16, 0, ap_int<8>, ap_int<32> >' completely with a factor of 1
remark: /home/fede/PhD/transformer-hls/hls/include/linear.h:1638:0: Unrolling loop 'VITIS_LOOP_1661_3' (/home/fede/PhD/transformer-hls/hls/include/linear.h:1661:32) in function 'MatMul_QK_tiled<17, 48, 17, 1, 1, 1, 1, 1, 137, 16, 0, ap_int<8>, ap_int<32> >' completely with a factor of 1
remark: /home/fede/PhD/transformer-hls/hls/include/linear.h:1483:0: Unrolling loop 'VITIS_LOOP_1516_5' (/home/fede/PhD/transformer-hls/hls/include/linear.h:1516:40) in function 'Linear_Layer<17, 192, 192, 1, 1, 1, 1, 1, 1, 200, 16, 0, ap_int<8>, ap_int<8>, ap_int<32> >' completely with a factor of 1
remark: /home/fede/PhD/transformer-hls/hls/include/linear.h:1483:0: Unrolling loop 'buff_init_simd' (/home/fede/PhD/transformer-hls/hls/include/linear.h:1532:37) in function 'Linear_Layer<17, 192, 192, 1, 1, 1, 1, 1, 1, 200, 16, 0, ap_int<8>, ap_int<8>, ap_int<32> >' completely with a factor of 1
remark: /home/fede/PhD/transformer-hls/hls/include/linear.h:1483:0: Unrolling loop 'VITIS_LOOP_1553_13' (/home/fede/PhD/transformer-hls/hls/include/linear.h:1553:22) in function 'Linear_Layer<17, 192, 192, 1, 1, 1, 1, 1, 1, 200, 16, 0, ap_int<8>, ap_int<8>, ap_int<32> >' completely with a factor of 1
remark: /home/fede/PhD/transformer-hls/hls/include/linear.h:1483:0: Unrolling loop 'VITIS_LOOP_1558_14' (/home/fede/PhD/transformer-hls/hls/include/linear.h:1558:49) in function 'Linear_Layer<17, 192, 192, 1, 1, 1, 1, 1, 1, 200, 16, 0, ap_int<8>, ap_int<8>, ap_int<32> >' completely with a factor of 1
remark: /home/fede/PhD/transformer-hls/hls/include/linear.h:1483:0: Unrolling loop 'VITIS_LOOP_1562_15' (/home/fede/PhD/transformer-hls/hls/include/linear.h:1562:53) in function 'Linear_Layer<17, 192, 192, 1, 1, 1, 1, 1, 1, 200, 16, 0, ap_int<8>, ap_int<8>, ap_int<32> >' completely with a factor of 1
remark: /home/fede/PhD/transformer-hls/hls/include/linear.h:1483:0: Unrolling loop 'VITIS_LOOP_1577_16' (/home/fede/PhD/transformer-hls/hls/include/linear.h:1577:49) in function 'Linear_Layer<17, 192, 192, 1, 1, 1, 1, 1, 1, 200, 16, 0, ap_int<8>, ap_int<8>, ap_int<32> >' completely with a factor of 1
remark: /home/fede/PhD/transformer-hls/hls/include/linear.h:1483:0: Unrolling loop 'VITIS_LOOP_1593_20' (/home/fede/PhD/transformer-hls/hls/include/linear.h:1593:45) in function 'Linear_Layer<17, 192, 192, 1, 1, 1, 1, 1, 1, 200, 16, 0, ap_int<8>, ap_int<8>, ap_int<32> >' completely with a factor of 1
remark: /home/fede/PhD/transformer-hls/hls/include/linear.h:1483:0: Unrolling loop 'VITIS_LOOP_1516_5' (/home/fede/PhD/transformer-hls/hls/include/linear.h:1516:40) in function 'Linear_Layer<17, 192, 192, 1, 1, 1, 1, 1, 1, 165, 16, 0, ap_int<8>, ap_int<8>, ap_int<32> >' completely with a factor of 1
remark: /home/fede/PhD/transformer-hls/hls/include/linear.h:1483:0: Unrolling loop 'buff_init_simd' (/home/fede/PhD/transformer-hls/hls/include/linear.h:1532:37) in function 'Linear_Layer<17, 192, 192, 1, 1, 1, 1, 1, 1, 165, 16, 0, ap_int<8>, ap_int<8>, ap_int<32> >' completely with a factor of 1
remark: /home/fede/PhD/transformer-hls/hls/include/linear.h:1483:0: Unrolling loop 'VITIS_LOOP_1553_13' (/home/fede/PhD/transformer-hls/hls/include/linear.h:1553:22) in function 'Linear_Layer<17, 192, 192, 1, 1, 1, 1, 1, 1, 165, 16, 0, ap_int<8>, ap_int<8>, ap_int<32> >' completely with a factor of 1
remark: /home/fede/PhD/transformer-hls/hls/include/linear.h:1483:0: Unrolling loop 'VITIS_LOOP_1558_14' (/home/fede/PhD/transformer-hls/hls/include/linear.h:1558:49) in function 'Linear_Layer<17, 192, 192, 1, 1, 1, 1, 1, 1, 165, 16, 0, ap_int<8>, ap_int<8>, ap_int<32> >' completely with a factor of 1
remark: /home/fede/PhD/transformer-hls/hls/include/linear.h:1483:0: Unrolling loop 'VITIS_LOOP_1562_15' (/home/fede/PhD/transformer-hls/hls/include/linear.h:1562:53) in function 'Linear_Layer<17, 192, 192, 1, 1, 1, 1, 1, 1, 165, 16, 0, ap_int<8>, ap_int<8>, ap_int<32> >' completely with a factor of 1
remark: /home/fede/PhD/transformer-hls/hls/include/linear.h:1483:0: Unrolling loop 'VITIS_LOOP_1577_16' (/home/fede/PhD/transformer-hls/hls/include/linear.h:1577:49) in function 'Linear_Layer<17, 192, 192, 1, 1, 1, 1, 1, 1, 165, 16, 0, ap_int<8>, ap_int<8>, ap_int<32> >' completely with a factor of 1
remark: /home/fede/PhD/transformer-hls/hls/include/linear.h:1483:0: Unrolling loop 'VITIS_LOOP_1593_20' (/home/fede/PhD/transformer-hls/hls/include/linear.h:1593:45) in function 'Linear_Layer<17, 192, 192, 1, 1, 1, 1, 1, 1, 165, 16, 0, ap_int<8>, ap_int<8>, ap_int<32> >' completely with a factor of 1
remark: /home/fede/PhD/transformer-hls/hls/include/linear.h:1483:0: Unrolling loop 'VITIS_LOOP_1516_5' (/home/fede/PhD/transformer-hls/hls/include/linear.h:1516:40) in function 'Linear_Layer<17, 192, 192, 1, 1, 1, 1, 1, 1, 98, 16, 0, ap_int<8>, ap_int<8>, ap_int<32> >' completely with a factor of 1
remark: /home/fede/PhD/transformer-hls/hls/include/linear.h:1483:0: Unrolling loop 'buff_init_simd' (/home/fede/PhD/transformer-hls/hls/include/linear.h:1532:37) in function 'Linear_Layer<17, 192, 192, 1, 1, 1, 1, 1, 1, 98, 16, 0, ap_int<8>, ap_int<8>, ap_int<32> >' completely with a factor of 1
remark: /home/fede/PhD/transformer-hls/hls/include/linear.h:1483:0: Unrolling loop 'VITIS_LOOP_1553_13' (/home/fede/PhD/transformer-hls/hls/include/linear.h:1553:22) in function 'Linear_Layer<17, 192, 192, 1, 1, 1, 1, 1, 1, 98, 16, 0, ap_int<8>, ap_int<8>, ap_int<32> >' completely with a factor of 1
remark: /home/fede/PhD/transformer-hls/hls/include/linear.h:1483:0: Unrolling loop 'VITIS_LOOP_1558_14' (/home/fede/PhD/transformer-hls/hls/include/linear.h:1558:49) in function 'Linear_Layer<17, 192, 192, 1, 1, 1, 1, 1, 1, 98, 16, 0, ap_int<8>, ap_int<8>, ap_int<32> >' completely with a factor of 1
remark: /home/fede/PhD/transformer-hls/hls/include/linear.h:1483:0: Unrolling loop 'VITIS_LOOP_1562_15' (/home/fede/PhD/transformer-hls/hls/include/linear.h:1562:53) in function 'Linear_Layer<17, 192, 192, 1, 1, 1, 1, 1, 1, 98, 16, 0, ap_int<8>, ap_int<8>, ap_int<32> >' completely with a factor of 1
remark: /home/fede/PhD/transformer-hls/hls/include/linear.h:1483:0: Unrolling loop 'VITIS_LOOP_1577_16' (/home/fede/PhD/transformer-hls/hls/include/linear.h:1577:49) in function 'Linear_Layer<17, 192, 192, 1, 1, 1, 1, 1, 1, 98, 16, 0, ap_int<8>, ap_int<8>, ap_int<32> >' completely with a factor of 1
remark: /home/fede/PhD/transformer-hls/hls/include/linear.h:1483:0: Unrolling loop 'VITIS_LOOP_1593_20' (/home/fede/PhD/transformer-hls/hls/include/linear.h:1593:45) in function 'Linear_Layer<17, 192, 192, 1, 1, 1, 1, 1, 1, 98, 16, 0, ap_int<8>, ap_int<8>, ap_int<32> >' completely with a factor of 1
remark: /home/fede/PhD/transformer-hls/hls/include/normalizations.hpp:176:0: Unrolling loop 'VITIS_LOOP_192_3' (/home/fede/PhD/transformer-hls/hls/include/normalizations.hpp:192:31) in function 'BATCHNORM_tiled_quantized<17, 192, 1, 16, ap_int<8>, ap_int<8> >' completely with a factor of 1
remark: /home/fede/PhD/transformer-hls/hls/src/model/ViT_Block.cpp:123:0: Inlining function 'void BATCHNORM_tiled_quantized<17, 192, 1, 16, ap_int<8>, ap_int<8> >(hls::stream<ap_uint<(1) * (ap_int<8>::width)>, 0>&, hls::stream<ap_uint<(1) * (ap_int<8>::width)>, 0>&, int const*, int const*)' into 'BatchNorm_tiled_1(hls::stream<ap_uint<8>, 0>&, hls::stream<ap_uint<8>, 0>&)'
remark: /home/fede/PhD/transformer-hls/hls/src/layers/MLP_tiled_oc.cpp:5:0: Inlining function 'void ReLuTiled<17, 768, 1, 1, ap_int<8> >(hls::stream<ap_uint<(1) * (ap_int<8>::width)>, 0>&, hls::stream<ap_uint<(1) * (ap_int<8>::width)>, 0>&)' into 'Relu_tiled_oc(hls::stream<ap_uint<8>, 0>&, hls::stream<ap_uint<8>, 0>&)'
remark: /home/fede/PhD/transformer-hls/hls/src/attention/MultiHeadAttention_tiled.cpp:222:53: Applying array_partition to 'Q_1': Complete partitioning on dimension 1.
remark: /home/fede/PhD/transformer-hls/hls/src/attention/MultiHeadAttention_tiled.cpp:223:53: Applying array_partition to 'K_1': Complete partitioning on dimension 1.
remark: /home/fede/PhD/transformer-hls/hls/src/attention/MultiHeadAttention_tiled.cpp:224:53: Applying array_partition to 'V_1': Complete partitioning on dimension 1.
remark: /home/fede/PhD/transformer-hls/hls/src/attention/MultiHeadAttention_tiled.cpp:225:53: Applying array_partition to 'A': Complete partitioning on dimension 1.
remark: /home/fede/PhD/transformer-hls/hls/src/attention/MultiHeadAttention_tiled.cpp:226:53: Applying array_partition to 'A_s': Complete partitioning on dimension 1.
remark: /home/fede/PhD/transformer-hls/hls/src/attention/MultiHeadAttention_tiled.cpp:227:53: Applying array_partition to 'A_sx': Complete partitioning on dimension 1.
remark: /home/fede/PhD/transformer-hls/hls/src/attention/MultiHeadAttention_tiled.cpp:228:53: Applying array_partition to 'head_out': Complete partitioning on dimension 1.
remark: /home/fede/PhD/transformer-hls/hls/src/attention/MultiHeadAttention_tiled.cpp:222:53: Aggregating fifo (hls::stream) variable 'Q_1_0' with compact=bit mode in 8-bits
remark: /home/fede/PhD/transformer-hls/hls/src/attention/MultiHeadAttention_tiled.cpp:222:53: Aggregating fifo (hls::stream) variable 'Q_1_1' with compact=bit mode in 8-bits
remark: /home/fede/PhD/transformer-hls/hls/src/attention/MultiHeadAttention_tiled.cpp:222:53: Aggregating fifo (hls::stream) variable 'Q_1_2' with compact=bit mode in 8-bits
remark: /home/fede/PhD/transformer-hls/hls/src/attention/MultiHeadAttention_tiled.cpp:222:53: Aggregating fifo (hls::stream) variable 'Q_1_3' with compact=bit mode in 8-bits
remark: /home/fede/PhD/transformer-hls/hls/src/attention/MultiHeadAttention_tiled.cpp:223:53: Aggregating fifo (hls::stream) variable 'K_1_0' with compact=bit mode in 8-bits
remark: /home/fede/PhD/transformer-hls/hls/src/attention/MultiHeadAttention_tiled.cpp:223:53: Aggregating fifo (hls::stream) variable 'K_1_1' with compact=bit mode in 8-bits
remark: /home/fede/PhD/transformer-hls/hls/src/attention/MultiHeadAttention_tiled.cpp:223:53: Aggregating fifo (hls::stream) variable 'K_1_2' with compact=bit mode in 8-bits
remark: /home/fede/PhD/transformer-hls/hls/src/attention/MultiHeadAttention_tiled.cpp:223:53: Aggregating fifo (hls::stream) variable 'K_1_3' with compact=bit mode in 8-bits
remark: /home/fede/PhD/transformer-hls/hls/src/attention/MultiHeadAttention_tiled.cpp:224:53: Aggregating fifo (hls::stream) variable 'V_1_0' with compact=bit mode in 8-bits
remark: /home/fede/PhD/transformer-hls/hls/src/attention/MultiHeadAttention_tiled.cpp:224:53: Aggregating fifo (hls::stream) variable 'V_1_1' with compact=bit mode in 8-bits
remark: /home/fede/PhD/transformer-hls/hls/src/attention/MultiHeadAttention_tiled.cpp:224:53: Aggregating fifo (hls::stream) variable 'V_1_2' with compact=bit mode in 8-bits
remark: /home/fede/PhD/transformer-hls/hls/src/attention/MultiHeadAttention_tiled.cpp:224:53: Aggregating fifo (hls::stream) variable 'V_1_3' with compact=bit mode in 8-bits
remark: /home/fede/PhD/transformer-hls/hls/src/attention/MultiHeadAttention_tiled.cpp:225:53: Aggregating fifo (hls::stream) variable 'A_0' with compact=bit mode in 8-bits
remark: /home/fede/PhD/transformer-hls/hls/src/attention/MultiHeadAttention_tiled.cpp:225:53: Aggregating fifo (hls::stream) variable 'A_1' with compact=bit mode in 8-bits
remark: /home/fede/PhD/transformer-hls/hls/src/attention/MultiHeadAttention_tiled.cpp:225:53: Aggregating fifo (hls::stream) variable 'A_2' with compact=bit mode in 8-bits
remark: /home/fede/PhD/transformer-hls/hls/src/attention/MultiHeadAttention_tiled.cpp:225:53: Aggregating fifo (hls::stream) variable 'A_3' with compact=bit mode in 8-bits
remark: /home/fede/PhD/transformer-hls/hls/src/attention/MultiHeadAttention_tiled.cpp:226:53: Aggregating fifo (hls::stream) variable 'A_s_0' with compact=bit mode in 8-bits
remark: /home/fede/PhD/transformer-hls/hls/src/attention/MultiHeadAttention_tiled.cpp:226:53: Aggregating fifo (hls::stream) variable 'A_s_1' with compact=bit mode in 8-bits
remark: /home/fede/PhD/transformer-hls/hls/src/attention/MultiHeadAttention_tiled.cpp:226:53: Aggregating fifo (hls::stream) variable 'A_s_2' with compact=bit mode in 8-bits
remark: /home/fede/PhD/transformer-hls/hls/src/attention/MultiHeadAttention_tiled.cpp:226:53: Aggregating fifo (hls::stream) variable 'A_s_3' with compact=bit mode in 8-bits
remark: /home/fede/PhD/transformer-hls/hls/src/attention/MultiHeadAttention_tiled.cpp:227:53: Aggregating fifo (hls::stream) variable 'A_sx_0' with compact=bit mode in 8-bits
remark: /home/fede/PhD/transformer-hls/hls/src/attention/MultiHeadAttention_tiled.cpp:227:53: Aggregating fifo (hls::stream) variable 'A_sx_1' with compact=bit mode in 8-bits
remark: /home/fede/PhD/transformer-hls/hls/src/attention/MultiHeadAttention_tiled.cpp:227:53: Aggregating fifo (hls::stream) variable 'A_sx_2' with compact=bit mode in 8-bits
remark: /home/fede/PhD/transformer-hls/hls/src/attention/MultiHeadAttention_tiled.cpp:227:53: Aggregating fifo (hls::stream) variable 'A_sx_3' with compact=bit mode in 8-bits
remark: /home/fede/PhD/transformer-hls/hls/src/attention/MultiHeadAttention_tiled.cpp:228:53: Aggregating fifo (hls::stream) variable 'head_out_0' with compact=bit mode in 8-bits
remark: /home/fede/PhD/transformer-hls/hls/src/attention/MultiHeadAttention_tiled.cpp:228:53: Aggregating fifo (hls::stream) variable 'head_out_1' with compact=bit mode in 8-bits
remark: /home/fede/PhD/transformer-hls/hls/src/attention/MultiHeadAttention_tiled.cpp:228:53: Aggregating fifo (hls::stream) variable 'head_out_2' with compact=bit mode in 8-bits
remark: /home/fede/PhD/transformer-hls/hls/src/attention/MultiHeadAttention_tiled.cpp:228:53: Aggregating fifo (hls::stream) variable 'head_out_3' with compact=bit mode in 8-bits
remark: /home/fede/PhD/transformer-hls/hls/include/linear.h:591:23: Could not analyze the loop bounds _XLX_SEP_ VITIS_LOOP_591_1 /home/fede/PhD/transformer-hls/hls/include/linear.h:591:23 void packer_to_packs<1, 1, 1, ap_int<8> >(hls::stream<ap_uint<(1) * (ap_int<8>::width)>, 0>&, hls::stream<ap_uint<((1) * (1)) * (ap_int<8>::width)>, 0>&, int) 
