

================================================================
== Vitis HLS Report for 'apuint_to_axis'
================================================================
* Date:           Thu Jun 18 11:11:46 2026

* Version:        2022.2 (Build 3670227 on Oct 13 2022)
* Project:        ViT_Block
* Solution:       ViT_Block (Vivado IP Flow Target)
* Product family: virtexuplus
* Target device:  xcu250-figd2104-2L-e


================================================================
== Performance Estimates
================================================================
+ Timing: 
    * Summary: 
    +--------+----------+----------+------------+
    |  Clock |  Target  | Estimated| Uncertainty|
    +--------+----------+----------+------------+
    |ap_clk  |  10.00 ns|  1.365 ns|     2.70 ns|
    +--------+----------+----------+------------+

+ Latency: 
    * Summary: 
    +---------+---------+-----------+-----------+------+------+---------+
    |  Latency (cycles) |   Latency (absolute)  |   Interval  | Pipeline|
    |   min   |   max   |    min    |    max    |  min |  max |   Type  |
    +---------+---------+-----------+-----------+------+------+---------+
    |     3267|     3267|  32.670 us|  32.670 us|  3267|  3267|       no|
    +---------+---------+-----------+-----------+------+------+---------+

    + Detail: 
        * Instance: 
        N/A

        * Loop: 
        +-------------------+---------+---------+----------+-----------+-----------+------+----------+
        |                   |  Latency (cycles) | Iteration|  Initiation Interval  | Trip |          |
        |     Loop Name     |   min   |   max   |  Latency |  achieved |   target  | Count| Pipelined|
        +-------------------+---------+---------+----------+-----------+-----------+------+----------+
        |- VITIS_LOOP_82_1  |     3265|     3265|         3|          1|          1|  3264|       yes|
        +-------------------+---------+---------+----------+-----------+-----------+------+----------+

============================================================
+ Verbose Summary: Synthesis Manager
============================================================
InlineROM: 1
ExposeGlobal: 0
============================================================
+ Verbose Summary: CDFG Model
============================================================
IsTopModel: 0
ResetActiveHigh: 1
IsCombinational: 2
IsDatapathOnly: 0
HasWiredReturn: 1
HasMFsm: 2
HasVarLatency: 1
IsPipeline: 0
IsRtlPipelined: 0
IsInstanceOverlapped: 0
IsDontTouch: 0
HasImplIP: 0
IsGatedGlobalClock: 0

+ Individual pipeline summary: 
  * Pipeline-0: initiation interval (II) = 1, depth = 3


============================================================
+ Verbose Summary: Schedule
============================================================
* Number of FSM states : 3
* Pipeline : 1
  Pipeline-0 : II = 1, D = 3, States = { 1 2 3 }
* Dataflow Pipeline: 0

* FSM state transitions: 
1 --> 2 
2 --> 3 
3 --> 

* FSM state operations: 

State 1 <SV = 0> <Delay = 1.13>
ST_1 : Operation 6 [1/1] (0.00ns)   --->   "%i = alloca i32 1"   --->   Operation 6 'alloca' 'i' <Predicate = true> <Delay = 0.00>
ST_1 : Operation 7 [1/1] (0.00ns)   --->   "%specaxissidechannel_ln0 = specaxissidechannel void @_ssdm_op_SpecAXISSideChannel, i8 %out_r_V_data_V, i1 %out_r_V_keep_V, i1 %out_r_V_strb_V, i1 0, i1 %out_r_V_last_V, i1 0, i1 0, void @empty_49"   --->   Operation 7 'specaxissidechannel' 'specaxissidechannel_ln0' <Predicate = true> <Delay = 0.00>
ST_1 : Operation 8 [1/1] (0.00ns)   --->   "%specinterface_ln0 = specinterface void @_ssdm_op_SpecInterface, i8 %output_stream2, void @empty_0, i32 0, i32 0, void @empty_26, i32 0, i32 0, void @empty_26, void @empty_26, void @empty_26, i32 0, i32 0, i32 0, i32 0, void @empty_26, void @empty_26, i32 4294967295, i32 0"   --->   Operation 8 'specinterface' 'specinterface_ln0' <Predicate = true> <Delay = 0.00>
ST_1 : Operation 9 [1/1] (0.00ns)   --->   "%specinterface_ln0 = specinterface void @_ssdm_op_SpecInterface, i1 %out_r_V_last_V, i1 %out_r_V_strb_V, i1 %out_r_V_keep_V, i8 %out_r_V_data_V, void @empty_27, i32 1, i32 1, void @empty_44, i32 0, i32 0, void @empty_26, void @empty_26, void @empty_26, i32 0, i32 0, i32 0, i32 0, void @empty_26, void @empty_26, i32 4294967295, i32 0"   --->   Operation 9 'specinterface' 'specinterface_ln0' <Predicate = true> <Delay = 0.00>
ST_1 : Operation 10 [1/1] (0.38ns)   --->   "%store_ln82 = store i12 0, i12 %i" [/home/fede/PhD/transformer-hls/hls/src/layers/MLP_tiled_oc.cpp:82]   --->   Operation 10 'store' 'store_ln82' <Predicate = true> <Delay = 0.38>
ST_1 : Operation 11 [1/1] (0.00ns)   --->   "%br_ln82 = br void %for.inc" [/home/fede/PhD/transformer-hls/hls/src/layers/MLP_tiled_oc.cpp:82]   --->   Operation 11 'br' 'br_ln82' <Predicate = true> <Delay = 0.00>
ST_1 : Operation 12 [1/1] (0.00ns)   --->   "%i_24 = load i12 %i" [/home/fede/PhD/transformer-hls/hls/src/layers/MLP_tiled_oc.cpp:82]   --->   Operation 12 'load' 'i_24' <Predicate = true> <Delay = 0.00>
ST_1 : Operation 13 [1/1] (0.62ns)   --->   "%icmp_ln82 = icmp_eq  i12 %i_24, i12 3264" [/home/fede/PhD/transformer-hls/hls/src/layers/MLP_tiled_oc.cpp:82]   --->   Operation 13 'icmp' 'icmp_ln82' <Predicate = true> <Delay = 0.62> <CoreInst = "Cmp">   --->   Core 9 'Cmp' <Latency = 0> <II = 1> <Delay = 0.62> <FuncUnit> <Opcode : 'icmp'> <InPorts = 2> <OutPorts = 1>
ST_1 : Operation 14 [1/1] (0.00ns)   --->   "%empty = speclooptripcount i32 @_ssdm_op_SpecLoopTripCount, i64 3264, i64 3264, i64 3264"   --->   Operation 14 'speclooptripcount' 'empty' <Predicate = true> <Delay = 0.00>
ST_1 : Operation 15 [1/1] (0.74ns)   --->   "%i_25 = add i12 %i_24, i12 1" [/home/fede/PhD/transformer-hls/hls/src/layers/MLP_tiled_oc.cpp:82]   --->   Operation 15 'add' 'i_25' <Predicate = true> <Delay = 0.74> <CoreInst = "Adder">   --->   Core 1 'Adder' <Latency = 0> <II = 1> <Delay = 0.74> <FuncUnit> <Opcode : 'add' 'sub'> <InPorts = 2> <OutPorts = 1>
ST_1 : Operation 16 [1/1] (0.00ns)   --->   "%br_ln82 = br i1 %icmp_ln82, void %for.inc.split, void %for.end" [/home/fede/PhD/transformer-hls/hls/src/layers/MLP_tiled_oc.cpp:82]   --->   Operation 16 'br' 'br_ln82' <Predicate = true> <Delay = 0.00>
ST_1 : Operation 17 [1/1] (0.62ns)   --->   "%pkt_last_V = icmp_eq  i12 %i_24, i12 3263" [/home/fede/PhD/transformer-hls/hls/src/layers/MLP_tiled_oc.cpp:89]   --->   Operation 17 'icmp' 'pkt_last_V' <Predicate = (!icmp_ln82)> <Delay = 0.62> <CoreInst = "Cmp">   --->   Core 9 'Cmp' <Latency = 0> <II = 1> <Delay = 0.62> <FuncUnit> <Opcode : 'icmp'> <InPorts = 2> <OutPorts = 1>
ST_1 : Operation 18 [1/1] (0.38ns)   --->   "%store_ln82 = store i12 %i_25, i12 %i" [/home/fede/PhD/transformer-hls/hls/src/layers/MLP_tiled_oc.cpp:82]   --->   Operation 18 'store' 'store_ln82' <Predicate = (!icmp_ln82)> <Delay = 0.38>

State 2 <SV = 1> <Delay = 1.36>
ST_2 : Operation 19 [1/1] (1.36ns)   --->   "%val = read i8 @_ssdm_op_Read.ap_fifo.volatile.i8P0A, i8 %output_stream2" [/home/fede/PhD/transformer-hls/hls/src/layers/MLP_tiled_oc.cpp:85]   --->   Operation 19 'read' 'val' <Predicate = true> <Delay = 1.36> <CoreInst = "FIFO_SRL">   --->   Core 81 'FIFO_SRL' <Latency = 0> <II = 1> <Delay = 1.36> <Storage> <Opcode : 'read' 'write' 'nbread' 'nbwrite'> <Ports = 0> <Width = 8> <Depth = 2> <FIFO>
ST_2 : Operation 20 [2/2] (0.00ns)   --->   "%write_ln258 = write void @_ssdm_op_Write.axis.volatile.i8P0A.i1P0A.i1P0A.i1P0A, i8 %out_r_V_data_V, i1 %out_r_V_keep_V, i1 %out_r_V_strb_V, i1 %out_r_V_last_V, i8 %val, i1 1, i1 1, i1 %pkt_last_V"   --->   Operation 20 'write' 'write_ln258' <Predicate = true> <Delay = 0.00> <CoreInst = "axis">   --->   Core 123 'axis' <Latency = 0> <II = 1> <Delay = 1.00> <Adapter> <Opcode : >
ST_2 : Operation 25 [1/1] (0.00ns)   --->   "%ret_ln92 = ret" [/home/fede/PhD/transformer-hls/hls/src/layers/MLP_tiled_oc.cpp:92]   --->   Operation 25 'ret' 'ret_ln92' <Predicate = (icmp_ln82)> <Delay = 0.00>

State 3 <SV = 2> <Delay = 0.00>
ST_3 : Operation 21 [1/1] (0.00ns)   --->   "%specpipeline_ln83 = specpipeline void @_ssdm_op_SpecPipeline, i32 1, i32 0, i32 0, i32 0, void @empty_26" [/home/fede/PhD/transformer-hls/hls/src/layers/MLP_tiled_oc.cpp:83]   --->   Operation 21 'specpipeline' 'specpipeline_ln83' <Predicate = true> <Delay = 0.00>
ST_3 : Operation 22 [1/1] (0.00ns)   --->   "%specloopname_ln82 = specloopname void @_ssdm_op_SpecLoopName, void @empty_4" [/home/fede/PhD/transformer-hls/hls/src/layers/MLP_tiled_oc.cpp:82]   --->   Operation 22 'specloopname' 'specloopname_ln82' <Predicate = true> <Delay = 0.00>
ST_3 : Operation 23 [1/2] (0.00ns)   --->   "%write_ln258 = write void @_ssdm_op_Write.axis.volatile.i8P0A.i1P0A.i1P0A.i1P0A, i8 %out_r_V_data_V, i1 %out_r_V_keep_V, i1 %out_r_V_strb_V, i1 %out_r_V_last_V, i8 %val, i1 1, i1 1, i1 %pkt_last_V"   --->   Operation 23 'write' 'write_ln258' <Predicate = true> <Delay = 0.00> <CoreInst = "axis">   --->   Core 123 'axis' <Latency = 0> <II = 1> <Delay = 1.00> <Adapter> <Opcode : >
ST_3 : Operation 24 [1/1] (0.00ns)   --->   "%br_ln82 = br void %for.inc" [/home/fede/PhD/transformer-hls/hls/src/layers/MLP_tiled_oc.cpp:82]   --->   Operation 24 'br' 'br_ln82' <Predicate = true> <Delay = 0.00>


============================================================
+ Verbose Summary: Timing violations
============================================================
Target clock period: 10ns, clock uncertainty: 2.7ns.

 <State 1>: 1.13ns
The critical path consists of the following:
	'alloca' operation ('i') [6]  (0 ns)
	'load' operation ('i', /home/fede/PhD/transformer-hls/hls/src/layers/MLP_tiled_oc.cpp:82) on local variable 'i' [13]  (0 ns)
	'add' operation ('i', /home/fede/PhD/transformer-hls/hls/src/layers/MLP_tiled_oc.cpp:82) [16]  (0.745 ns)
	'store' operation ('store_ln82', /home/fede/PhD/transformer-hls/hls/src/layers/MLP_tiled_oc.cpp:82) of variable 'i', /home/fede/PhD/transformer-hls/hls/src/layers/MLP_tiled_oc.cpp:82 on local variable 'i' [24]  (0.387 ns)

 <State 2>: 1.36ns
The critical path consists of the following:
	fifo read operation ('val', /home/fede/PhD/transformer-hls/hls/src/layers/MLP_tiled_oc.cpp:85) on port 'output_stream2' (/home/fede/PhD/transformer-hls/hls/src/layers/MLP_tiled_oc.cpp:85) [21]  (1.36 ns)

 <State 3>: 0ns
The critical path consists of the following:


============================================================
+ Verbose Summary: Binding
============================================================
N/A
* FSMD analyzer results:
  - Output states:
 - Input state : 
  - Chain level:
	State 1
	State 2
	State 3


============================================================
+ Verbose Summary: Datapath Resource usage 
============================================================
N/A
