

================================================================
== Vitis HLS Report for 'apuint_to_axis'
================================================================
* Date:           Thu Jun 18 11:12:17 2026

* Version:        2022.2 (Build 3670227 on Oct 13 2022)
* Project:        ViT_Block
* Solution:       ViT_Block (Vivado IP Flow Target)
* Product family: virtexuplus
* Target device:  xcu250-figd2104-2L-e


================================================================
== Performance Estimates
================================================================
+ Timing: 
    * Summary: 
    +--------+----------+----------+------------+
    |  Clock |  Target  | Estimated| Uncertainty|
    +--------+----------+----------+------------+
    |ap_clk  |  10.00 ns|  1.365 ns|     2.70 ns|
    +--------+----------+----------+------------+

+ Latency: 
    * Summary: 
    +---------+---------+-----------+-----------+------+------+---------+
    |  Latency (cycles) |   Latency (absolute)  |   Interval  | Pipeline|
    |   min   |   max   |    min    |    max    |  min |  max |   Type  |
    +---------+---------+-----------+-----------+------+------+---------+
    |     3267|     3267|  32.670 us|  32.670 us|  3267|  3267|       no|
    +---------+---------+-----------+-----------+------+------+---------+

    + Detail: 
        * Instance: 
        N/A

        * Loop: 
        +-------------------+---------+---------+----------+-----------+-----------+------+----------+
        |                   |  Latency (cycles) | Iteration|  Initiation Interval  | Trip |          |
        |     Loop Name     |   min   |   max   |  Latency |  achieved |   target  | Count| Pipelined|
        +-------------------+---------+---------+----------+-----------+-----------+------+----------+
        |- VITIS_LOOP_82_1  |     3265|     3265|         3|          1|          1|  3264|       yes|
        +-------------------+---------+---------+----------+-----------+-----------+------+----------+



================================================================
== Utilization Estimates
================================================================
* Summary: 
+---------------------+---------+-------+---------+---------+------+
|         Name        | BRAM_18K|  DSP  |    FF   |   LUT   | URAM |
+---------------------+---------+-------+---------+---------+------+
|DSP                  |        -|      -|        -|        -|     -|
|Expression           |        -|      -|        0|       51|     -|
|FIFO                 |        -|      -|        -|        -|     -|
|Instance             |        -|      -|        -|        -|     -|
|Memory               |        -|      -|        -|        -|     -|
|Multiplexer          |        -|      -|        -|       54|     -|
|Register             |        -|      -|       18|        -|     -|
+---------------------+---------+-------+---------+---------+------+
|Total                |        0|      0|       18|      105|     0|
+---------------------+---------+-------+---------+---------+------+
|Available SLR        |     1344|   3072|   864000|   432000|   320|
+---------------------+---------+-------+---------+---------+------+
|Utilization SLR (%)  |        0|      0|       ~0|       ~0|     0|
+---------------------+---------+-------+---------+---------+------+
|Available            |     5376|  12288|  3456000|  1728000|  1280|
+---------------------+---------+-------+---------+---------+------+
|Utilization (%)      |        0|      0|       ~0|       ~0|     0|
+---------------------+---------+-------+---------+---------+------+

+ Detail: 
    * Instance: 
    N/A

    * DSP: 
    N/A

    * Memory: 
    N/A

    * FIFO: 
    N/A

    * Expression: 
    +----------------------------------+----------+----+---+----+------------+------------+
    |           Variable Name          | Operation| DSP| FF| LUT| Bitwidth P0| Bitwidth P1|
    +----------------------------------+----------+----+---+----+------------+------------+
    |i_25_fu_99_p2                     |         +|   0|  0|  19|          12|           1|
    |ap_condition_114                  |       and|   0|  0|   2|           1|           1|
    |icmp_ln82_fu_93_p2                |      icmp|   0|  0|  12|          12|          11|
    |pkt_last_V_fu_105_p2              |      icmp|   0|  0|  12|          12|          11|
    |ap_block_pp0_stage0_01001         |        or|   0|  0|   2|           1|           1|
    |ap_block_state2_pp0_stage0_iter1  |        or|   0|  0|   2|           1|           1|
    |ap_enable_pp0                     |       xor|   0|  0|   2|           1|           2|
    +----------------------------------+----------+----+---+----+------------+------------+
    |Total                             |          |   0|  0|  51|          40|          28|
    +----------------------------------+----------+----+---+----+------------+------------+

    * Multiplexer: 
    +-------------------------+----+-----------+-----+-----------+
    |           Name          | LUT| Input Size| Bits| Total Bits|
    +-------------------------+----+-----------+-----+-----------+
    |ap_done_int              |   9|          2|    1|          2|
    |ap_enable_reg_pp0_iter1  |   9|          2|    1|          2|
    |ap_sig_allocacmp_i_24    |   9|          2|   12|         24|
    |i_fu_56                  |   9|          2|   12|         24|
    |out_r_TDATA_blk_n        |   9|          2|    1|          2|
    |output_stream2_blk_n     |   9|          2|    1|          2|
    +-------------------------+----+-----------+-----+-----------+
    |Total                    |  54|         12|   28|         56|
    +-------------------------+----+-----------+-----+-----------+

    * Register: 
    +----------------------------------+----+----+-----+-----------+
    |               Name               | FF | LUT| Bits| Const Bits|
    +----------------------------------+----+----+-----+-----------+
    |ap_CS_fsm                         |   1|   0|    1|          0|
    |ap_done_reg                       |   1|   0|    1|          0|
    |ap_enable_reg_pp0_iter1           |   1|   0|    1|          0|
    |ap_enable_reg_pp0_iter2           |   1|   0|    1|          0|
    |ap_loop_exit_ready_pp0_iter1_reg  |   1|   0|    1|          0|
    |i_fu_56                           |  12|   0|   12|          0|
    |pkt_last_V_reg_127                |   1|   0|    1|          0|
    +----------------------------------+----+----+-----+-----------+
    |Total                             |  18|   0|   18|          0|
    +----------------------------------+----+----+-----+-----------+



================================================================
== Interface
================================================================
* Summary: 
+-------------------------------+-----+-----+------------+----------------+--------------+
|           RTL Ports           | Dir | Bits|  Protocol  |  Source Object |    C Type    |
+-------------------------------+-----+-----+------------+----------------+--------------+
|ap_clk                         |   in|    1|  ap_ctrl_hs|  apuint_to_axis|  return value|
|ap_rst                         |   in|    1|  ap_ctrl_hs|  apuint_to_axis|  return value|
|ap_start                       |   in|    1|  ap_ctrl_hs|  apuint_to_axis|  return value|
|ap_done                        |  out|    1|  ap_ctrl_hs|  apuint_to_axis|  return value|
|ap_continue                    |   in|    1|  ap_ctrl_hs|  apuint_to_axis|  return value|
|ap_idle                        |  out|    1|  ap_ctrl_hs|  apuint_to_axis|  return value|
|ap_ready                       |  out|    1|  ap_ctrl_hs|  apuint_to_axis|  return value|
|output_stream2_dout            |   in|    8|     ap_fifo|  output_stream2|       pointer|
|output_stream2_num_data_valid  |   in|    2|     ap_fifo|  output_stream2|       pointer|
|output_stream2_fifo_cap        |   in|    2|     ap_fifo|  output_stream2|       pointer|
|output_stream2_empty_n         |   in|    1|     ap_fifo|  output_stream2|       pointer|
|output_stream2_read            |  out|    1|     ap_fifo|  output_stream2|       pointer|
|out_r_TREADY                   |   in|    1|        axis|  out_r_V_last_V|       pointer|
|out_r_TVALID                   |  out|    1|        axis|  out_r_V_last_V|       pointer|
|out_r_TLAST                    |  out|    1|        axis|  out_r_V_last_V|       pointer|
|out_r_TDATA                    |  out|    8|        axis|  out_r_V_data_V|       pointer|
|out_r_TKEEP                    |  out|    1|        axis|  out_r_V_keep_V|       pointer|
|out_r_TSTRB                    |  out|    1|        axis|  out_r_V_strb_V|       pointer|
+-------------------------------+-----+-----+------------+----------------+--------------+

============================================================
+ Verbose Summary: Synthesis Manager
============================================================
InlineROM: 1
ExposeGlobal: 0
============================================================
+ Verbose Summary: CDFG Model
============================================================
IsTopModel: 0
ResetActiveHigh: 1
IsCombinational: 2
IsDatapathOnly: 0
HasWiredReturn: 1
HasMFsm: 2
HasVarLatency: 1
IsPipeline: 0
IsRtlPipelined: 0
IsInstanceOverlapped: 0
IsDontTouch: 0
HasImplIP: 0
IsGatedGlobalClock: 0

+ Individual pipeline summary: 
  * Pipeline-0: initiation interval (II) = 1, depth = 3


============================================================
+ Verbose Summary: Schedule
============================================================
* Number of FSM states : 3
* Pipeline : 1
  Pipeline-0 : II = 1, D = 3, States = { 1 2 3 }
* Dataflow Pipeline: 0

* FSM state transitions: 
1 --> 2 
2 --> 3 
3 --> 

* FSM state operations: 

State 1 <SV = 0> <Delay = 1.13>
ST_1 : Operation 6 [1/1] (0.00ns)   --->   "%i = alloca i32 1"   --->   Operation 6 'alloca' 'i' <Predicate = true> <Delay = 0.00>
ST_1 : Operation 7 [1/1] (0.00ns)   --->   "%specaxissidechannel_ln0 = specaxissidechannel void @_ssdm_op_SpecAXISSideChannel, i8 %out_r_V_data_V, i1 %out_r_V_keep_V, i1 %out_r_V_strb_V, i1 0, i1 %out_r_V_last_V, i1 0, i1 0, void @empty_49"   --->   Operation 7 'specaxissidechannel' 'specaxissidechannel_ln0' <Predicate = true> <Delay = 0.00>
ST_1 : Operation 8 [1/1] (0.00ns)   --->   "%specinterface_ln0 = specinterface void @_ssdm_op_SpecInterface, i8 %output_stream2, void @empty_0, i32 0, i32 0, void @empty_26, i32 0, i32 0, void @empty_26, void @empty_26, void @empty_26, i32 0, i32 0, i32 0, i32 0, void @empty_26, void @empty_26, i32 4294967295, i32 0"   --->   Operation 8 'specinterface' 'specinterface_ln0' <Predicate = true> <Delay = 0.00>
ST_1 : Operation 9 [1/1] (0.00ns)   --->   "%specinterface_ln0 = specinterface void @_ssdm_op_SpecInterface, i1 %out_r_V_last_V, i1 %out_r_V_strb_V, i1 %out_r_V_keep_V, i8 %out_r_V_data_V, void @empty_27, i32 1, i32 1, void @empty_44, i32 0, i32 0, void @empty_26, void @empty_26, void @empty_26, i32 0, i32 0, i32 0, i32 0, void @empty_26, void @empty_26, i32 4294967295, i32 0"   --->   Operation 9 'specinterface' 'specinterface_ln0' <Predicate = true> <Delay = 0.00>
ST_1 : Operation 10 [1/1] (0.38ns)   --->   "%store_ln82 = store i12 0, i12 %i" [/home/fede/PhD/transformer-hls/hls/src/layers/MLP_tiled_oc.cpp:82]   --->   Operation 10 'store' 'store_ln82' <Predicate = true> <Delay = 0.38>
ST_1 : Operation 11 [1/1] (0.00ns)   --->   "%br_ln82 = br void %for.inc" [/home/fede/PhD/transformer-hls/hls/src/layers/MLP_tiled_oc.cpp:82]   --->   Operation 11 'br' 'br_ln82' <Predicate = true> <Delay = 0.00>
ST_1 : Operation 12 [1/1] (0.00ns)   --->   "%i_24 = load i12 %i" [/home/fede/PhD/transformer-hls/hls/src/layers/MLP_tiled_oc.cpp:82]   --->   Operation 12 'load' 'i_24' <Predicate = true> <Delay = 0.00>
ST_1 : Operation 13 [1/1] (0.62ns)   --->   "%icmp_ln82 = icmp_eq  i12 %i_24, i12 3264" [/home/fede/PhD/transformer-hls/hls/src/layers/MLP_tiled_oc.cpp:82]   --->   Operation 13 'icmp' 'icmp_ln82' <Predicate = true> <Delay = 0.62> <CoreInst = "Cmp">   --->   Core 9 'Cmp' <Latency = 0> <II = 1> <Delay = 0.62> <FuncUnit> <Opcode : 'icmp'> <InPorts = 2> <OutPorts = 1>
ST_1 : Operation 14 [1/1] (0.00ns)   --->   "%empty = speclooptripcount i32 @_ssdm_op_SpecLoopTripCount, i64 3264, i64 3264, i64 3264"   --->   Operation 14 'speclooptripcount' 'empty' <Predicate = true> <Delay = 0.00>
ST_1 : Operation 15 [1/1] (0.74ns)   --->   "%i_25 = add i12 %i_24, i12 1" [/home/fede/PhD/transformer-hls/hls/src/layers/MLP_tiled_oc.cpp:82]   --->   Operation 15 'add' 'i_25' <Predicate = true> <Delay = 0.74> <CoreInst = "Adder">   --->   Core 1 'Adder' <Latency = 0> <II = 1> <Delay = 0.74> <FuncUnit> <Opcode : 'add' 'sub'> <InPorts = 2> <OutPorts = 1>
ST_1 : Operation 16 [1/1] (0.00ns)   --->   "%br_ln82 = br i1 %icmp_ln82, void %for.inc.split, void %for.end" [/home/fede/PhD/transformer-hls/hls/src/layers/MLP_tiled_oc.cpp:82]   --->   Operation 16 'br' 'br_ln82' <Predicate = true> <Delay = 0.00>
ST_1 : Operation 17 [1/1] (0.62ns)   --->   "%pkt_last_V = icmp_eq  i12 %i_24, i12 3263" [/home/fede/PhD/transformer-hls/hls/src/layers/MLP_tiled_oc.cpp:89]   --->   Operation 17 'icmp' 'pkt_last_V' <Predicate = (!icmp_ln82)> <Delay = 0.62> <CoreInst = "Cmp">   --->   Core 9 'Cmp' <Latency = 0> <II = 1> <Delay = 0.62> <FuncUnit> <Opcode : 'icmp'> <InPorts = 2> <OutPorts = 1>
ST_1 : Operation 18 [1/1] (0.38ns)   --->   "%store_ln82 = store i12 %i_25, i12 %i" [/home/fede/PhD/transformer-hls/hls/src/layers/MLP_tiled_oc.cpp:82]   --->   Operation 18 'store' 'store_ln82' <Predicate = (!icmp_ln82)> <Delay = 0.38>

State 2 <SV = 1> <Delay = 1.36>
ST_2 : Operation 19 [1/1] (1.36ns)   --->   "%val = read i8 @_ssdm_op_Read.ap_fifo.volatile.i8P0A, i8 %output_stream2" [/home/fede/PhD/transformer-hls/hls/src/layers/MLP_tiled_oc.cpp:85]   --->   Operation 19 'read' 'val' <Predicate = true> <Delay = 1.36> <CoreInst = "FIFO_SRL">   --->   Core 81 'FIFO_SRL' <Latency = 0> <II = 1> <Delay = 1.36> <Storage> <Opcode : 'read' 'write' 'nbread' 'nbwrite'> <Ports = 0> <Width = 8> <Depth = 2> <FIFO>
ST_2 : Operation 20 [2/2] (0.00ns)   --->   "%write_ln258 = write void @_ssdm_op_Write.axis.volatile.i8P0A.i1P0A.i1P0A.i1P0A, i8 %out_r_V_data_V, i1 %out_r_V_keep_V, i1 %out_r_V_strb_V, i1 %out_r_V_last_V, i8 %val, i1 1, i1 1, i1 %pkt_last_V"   --->   Operation 20 'write' 'write_ln258' <Predicate = true> <Delay = 0.00> <CoreInst = "axis">   --->   Core 123 'axis' <Latency = 0> <II = 1> <Delay = 1.00> <Adapter> <Opcode : >
ST_2 : Operation 25 [1/1] (0.00ns)   --->   "%ret_ln92 = ret" [/home/fede/PhD/transformer-hls/hls/src/layers/MLP_tiled_oc.cpp:92]   --->   Operation 25 'ret' 'ret_ln92' <Predicate = (icmp_ln82)> <Delay = 0.00>

State 3 <SV = 2> <Delay = 0.00>
ST_3 : Operation 21 [1/1] (0.00ns)   --->   "%specpipeline_ln83 = specpipeline void @_ssdm_op_SpecPipeline, i32 1, i32 0, i32 0, i32 0, void @empty_26" [/home/fede/PhD/transformer-hls/hls/src/layers/MLP_tiled_oc.cpp:83]   --->   Operation 21 'specpipeline' 'specpipeline_ln83' <Predicate = true> <Delay = 0.00>
ST_3 : Operation 22 [1/1] (0.00ns)   --->   "%specloopname_ln82 = specloopname void @_ssdm_op_SpecLoopName, void @empty_4" [/home/fede/PhD/transformer-hls/hls/src/layers/MLP_tiled_oc.cpp:82]   --->   Operation 22 'specloopname' 'specloopname_ln82' <Predicate = true> <Delay = 0.00>
ST_3 : Operation 23 [1/2] (0.00ns)   --->   "%write_ln258 = write void @_ssdm_op_Write.axis.volatile.i8P0A.i1P0A.i1P0A.i1P0A, i8 %out_r_V_data_V, i1 %out_r_V_keep_V, i1 %out_r_V_strb_V, i1 %out_r_V_last_V, i8 %val, i1 1, i1 1, i1 %pkt_last_V"   --->   Operation 23 'write' 'write_ln258' <Predicate = true> <Delay = 0.00> <CoreInst = "axis">   --->   Core 123 'axis' <Latency = 0> <II = 1> <Delay = 1.00> <Adapter> <Opcode : >
ST_3 : Operation 24 [1/1] (0.00ns)   --->   "%br_ln82 = br void %for.inc" [/home/fede/PhD/transformer-hls/hls/src/layers/MLP_tiled_oc.cpp:82]   --->   Operation 24 'br' 'br_ln82' <Predicate = true> <Delay = 0.00>


============================================================
+ Verbose Summary: Binding
============================================================
STG Binding: 
---------------- STG Properties BEGIN ----------------
- Is combinational: 0
- Is one-state seq: 0
- Is datapath-only: 0
- Is pipelined: 0
- Is top level: 0
Port [ Return ] is wired: 1; IO mode=ap_ctrl_hs:ce=0
Port [ output_stream2]:  wired=1; compound=1; hidden=0; nouse=0; global=0; static=0; extern=0; dir=0; type=3; pingpong=0; private_global=0; IO mode=ap_fifo:ce=0
Port [ out_r_V_data_V]:  wired=1; compound=1; hidden=0; nouse=0; global=0; static=0; extern=0; dir=1; type=0; pingpong=0; private_global=0; IO mode=axis:ce=0
Port [ out_r_V_keep_V]:  wired=1; compound=1; hidden=0; nouse=0; global=0; static=0; extern=0; dir=1; type=0; pingpong=0; private_global=0; IO mode=axis:ce=0
Port [ out_r_V_strb_V]:  wired=1; compound=1; hidden=0; nouse=0; global=0; static=0; extern=0; dir=1; type=0; pingpong=0; private_global=0; IO mode=axis:ce=0
Port [ out_r_V_last_V]:  wired=1; compound=1; hidden=0; nouse=0; global=0; static=0; extern=0; dir=1; type=0; pingpong=0; private_global=0; IO mode=axis:ce=0
---------------- STG Properties END ------------------

---------------- Datapath Model BEGIN ----------------

<LifeTime>
<method=bitvector/>
i                       (alloca             ) [ 0100]
specaxissidechannel_ln0 (specaxissidechannel) [ 0000]
specinterface_ln0       (specinterface      ) [ 0000]
specinterface_ln0       (specinterface      ) [ 0000]
store_ln82              (store              ) [ 0000]
br_ln82                 (br                 ) [ 0000]
i_24                    (load               ) [ 0000]
icmp_ln82               (icmp               ) [ 0110]
empty                   (speclooptripcount  ) [ 0000]
i_25                    (add                ) [ 0000]
br_ln82                 (br                 ) [ 0000]
pkt_last_V              (icmp               ) [ 0111]
store_ln82              (store              ) [ 0000]
val                     (read               ) [ 0101]
specpipeline_ln83       (specpipeline       ) [ 0000]
specloopname_ln82       (specloopname       ) [ 0000]
write_ln258             (write              ) [ 0000]
br_ln82                 (br                 ) [ 0000]
ret_ln92                (ret                ) [ 0000]
</LifeTime>

<model>

<comp_list>
<comp id="0" class="1000" name="output_stream2">
<pin_list>
<pin id="1" dir="1" index="0" bw="1" slack="0"/>
</pin_list>
<bind>
<StgValue><ssdm name="output_stream2"/></StgValue>
</bind>
</comp>

<comp id="2" class="1000" name="out_r_V_data_V">
<pin_list>
<pin id="3" dir="1" index="0" bw="1" slack="0"/>
</pin_list>
<bind>
<StgValue><ssdm name="out_r_V_data_V"/></StgValue>
</bind>
</comp>

<comp id="4" class="1000" name="out_r_V_keep_V">
<pin_list>
<pin id="5" dir="1" index="0" bw="1" slack="0"/>
</pin_list>
<bind>
<StgValue><ssdm name="out_r_V_keep_V"/></StgValue>
</bind>
</comp>

<comp id="6" class="1000" name="out_r_V_strb_V">
<pin_list>
<pin id="7" dir="1" index="0" bw="1" slack="0"/>
</pin_list>
<bind>
<StgValue><ssdm name="out_r_V_strb_V"/></StgValue>
</bind>
</comp>

<comp id="8" class="1000" name="out_r_V_last_V">
<pin_list>
<pin id="9" dir="1" index="0" bw="1" slack="0"/>
</pin_list>
<bind>
<StgValue><ssdm name="out_r_V_last_V"/></StgValue>
</bind>
</comp>

<comp id="10" class="1001" name="const_10">
<pin_list>
<pin id="11" dir="1" index="0" bw="1" slack="0"/>
</pin_list>
<bind>
<StgValue><ssdm name=""/></StgValue>
</bind>
</comp>

<comp id="12" class="1001" name="const_12">
<pin_list>
<pin id="13" dir="1" index="0" bw="1" slack="2147483647"/>
</pin_list>
<bind>
<StgValue><ssdm name="_ssdm_op_SpecAXISSideChannel"/></StgValue>
</bind>
</comp>

<comp id="14" class="1001" name="const_14">
<pin_list>
<pin id="15" dir="1" index="0" bw="1" slack="2147483647"/>
</pin_list>
<bind>
<StgValue><ssdm name=""/></StgValue>
</bind>
</comp>

<comp id="16" class="1001" name="const_16">
<pin_list>
<pin id="17" dir="1" index="0" bw="1" slack="2147483647"/>
</pin_list>
<bind>
<StgValue><ssdm name="empty_49"/></StgValue>
</bind>
</comp>

<comp id="18" class="1001" name="const_18">
<pin_list>
<pin id="19" dir="1" index="0" bw="1" slack="2147483647"/>
</pin_list>
<bind>
<StgValue><ssdm name="_ssdm_op_SpecInterface"/></StgValue>
</bind>
</comp>

<comp id="20" class="1001" name="const_20">
<pin_list>
<pin id="21" dir="1" index="0" bw="1" slack="2147483647"/>
</pin_list>
<bind>
<StgValue><ssdm name="empty_0"/></StgValue>
</bind>
</comp>

<comp id="22" class="1001" name="const_22">
<pin_list>
<pin id="23" dir="1" index="0" bw="1" slack="2147483647"/>
</pin_list>
<bind>
<StgValue><ssdm name=""/></StgValue>
</bind>
</comp>

<comp id="24" class="1001" name="const_24">
<pin_list>
<pin id="25" dir="1" index="0" bw="1" slack="2147483647"/>
</pin_list>
<bind>
<StgValue><ssdm name="empty_26"/></StgValue>
</bind>
</comp>

<comp id="26" class="1001" name="const_26">
<pin_list>
<pin id="27" dir="1" index="0" bw="1" slack="2147483647"/>
</pin_list>
<bind>
<StgValue><ssdm name=""/></StgValue>
</bind>
</comp>

<comp id="28" class="1001" name="const_28">
<pin_list>
<pin id="29" dir="1" index="0" bw="1" slack="2147483647"/>
</pin_list>
<bind>
<StgValue><ssdm name="empty_27"/></StgValue>
</bind>
</comp>

<comp id="30" class="1001" name="const_30">
<pin_list>
<pin id="31" dir="1" index="0" bw="1" slack="2147483647"/>
</pin_list>
<bind>
<StgValue><ssdm name="empty_44"/></StgValue>
</bind>
</comp>

<comp id="32" class="1001" name="const_32">
<pin_list>
<pin id="33" dir="1" index="0" bw="1" slack="0"/>
</pin_list>
<bind>
<StgValue><ssdm name=""/></StgValue>
</bind>
</comp>

<comp id="34" class="1001" name="const_34">
<pin_list>
<pin id="35" dir="1" index="0" bw="1" slack="0"/>
</pin_list>
<bind>
<StgValue><ssdm name=""/></StgValue>
</bind>
</comp>

<comp id="36" class="1001" name="const_36">
<pin_list>
<pin id="37" dir="1" index="0" bw="1" slack="2147483647"/>
</pin_list>
<bind>
<StgValue><ssdm name="_ssdm_op_SpecLoopTripCount"/></StgValue>
</bind>
</comp>

<comp id="38" class="1001" name="const_38">
<pin_list>
<pin id="39" dir="1" index="0" bw="1" slack="2147483647"/>
</pin_list>
<bind>
<StgValue><ssdm name=""/></StgValue>
</bind>
</comp>

<comp id="40" class="1001" name="const_40">
<pin_list>
<pin id="41" dir="1" index="0" bw="1" slack="0"/>
</pin_list>
<bind>
<StgValue><ssdm name=""/></StgValue>
</bind>
</comp>

<comp id="42" class="1001" name="const_42">
<pin_list>
<pin id="43" dir="1" index="0" bw="1" slack="0"/>
</pin_list>
<bind>
<StgValue><ssdm name=""/></StgValue>
</bind>
</comp>

<comp id="44" class="1001" name="const_44">
<pin_list>
<pin id="45" dir="1" index="0" bw="1" slack="0"/>
</pin_list>
<bind>
<StgValue><ssdm name="_ssdm_op_Read.ap_fifo.volatile.i8P0A"/></StgValue>
</bind>
</comp>

<comp id="46" class="1001" name="const_46">
<pin_list>
<pin id="47" dir="1" index="0" bw="1" slack="0"/>
</pin_list>
<bind>
<StgValue><ssdm name="_ssdm_op_Write.axis.volatile.i8P0A.i1P0A.i1P0A.i1P0A"/></StgValue>
</bind>
</comp>

<comp id="48" class="1001" name="const_48">
<pin_list>
<pin id="49" dir="1" index="0" bw="1" slack="0"/>
</pin_list>
<bind>
<StgValue><ssdm name=""/></StgValue>
</bind>
</comp>

<comp id="50" class="1001" name="const_50">
<pin_list>
<pin id="51" dir="1" index="0" bw="1" slack="2147483647"/>
</pin_list>
<bind>
<StgValue><ssdm name="_ssdm_op_SpecPipeline"/></StgValue>
</bind>
</comp>

<comp id="52" class="1001" name="const_52">
<pin_list>
<pin id="53" dir="1" index="0" bw="1" slack="2147483647"/>
</pin_list>
<bind>
<StgValue><ssdm name="_ssdm_op_SpecLoopName"/></StgValue>
</bind>
</comp>

<comp id="54" class="1001" name="const_54">
<pin_list>
<pin id="55" dir="1" index="0" bw="1" slack="2147483647"/>
</pin_list>
<bind>
<StgValue><ssdm name="empty_4"/></StgValue>
</bind>
</comp>

<comp id="56" class="1004" name="i_fu_56">
<pin_list>
<pin id="57" dir="0" index="0" bw="1" slack="0"/>
<pin id="58" dir="1" index="1" bw="12" slack="0"/>
</pin_list>
<bind>
<opcode="alloca(26) " fcode="alloca"/>
<opset="i/1 "/>
</bind>
</comp>

<comp id="60" class="1004" name="val_read_fu_60">
<pin_list>
<pin id="61" dir="0" index="0" bw="8" slack="0"/>
<pin id="62" dir="0" index="1" bw="8" slack="0"/>
<pin id="63" dir="1" index="2" bw="8" slack="0"/>
</pin_list>
<bind>
<opcode="read(1150) " fcode="read"/>
<opset="val/2 "/>
</bind>
</comp>

<comp id="66" class="1004" name="grp_write_fu_66">
<pin_list>
<pin id="67" dir="0" index="0" bw="0" slack="0"/>
<pin id="68" dir="0" index="1" bw="8" slack="0"/>
<pin id="69" dir="0" index="2" bw="1" slack="0"/>
<pin id="70" dir="0" index="3" bw="1" slack="0"/>
<pin id="71" dir="0" index="4" bw="1" slack="0"/>
<pin id="72" dir="0" index="5" bw="8" slack="0"/>
<pin id="73" dir="0" index="6" bw="1" slack="0"/>
<pin id="74" dir="0" index="7" bw="1" slack="0"/>
<pin id="75" dir="0" index="8" bw="1" slack="1"/>
<pin id="76" dir="1" index="9" bw="0" slack="2147483647"/>
</pin_list>
<bind>
<opcode="write(1151) " fcode="write"/>
<opset="write_ln258/2 "/>
</bind>
</comp>

<comp id="85" class="1004" name="store_ln82_store_fu_85">
<pin_list>
<pin id="86" dir="0" index="0" bw="1" slack="0"/>
<pin id="87" dir="0" index="1" bw="12" slack="0"/>
<pin id="88" dir="1" index="2" bw="0" slack="2147483647"/>
</pin_list>
<bind>
<opcode="store(28) " fcode="store"/>
<opset="store_ln82/1 "/>
</bind>
</comp>

<comp id="90" class="1004" name="i_24_load_fu_90">
<pin_list>
<pin id="91" dir="0" index="0" bw="12" slack="0"/>
<pin id="92" dir="1" index="1" bw="12" slack="0"/>
</pin_list>
<bind>
<opcode="load(27) " fcode="load"/>
<opset="i_24/1 "/>
</bind>
</comp>

<comp id="93" class="1004" name="icmp_ln82_fu_93">
<pin_list>
<pin id="94" dir="0" index="0" bw="12" slack="0"/>
<pin id="95" dir="0" index="1" bw="12" slack="0"/>
<pin id="96" dir="1" index="2" bw="1" slack="1"/>
</pin_list>
<bind>
<opcode="icmp(45) " fcode="icmp"/>
<opset="icmp_ln82/1 "/>
</bind>
</comp>

<comp id="99" class="1004" name="i_25_fu_99">
<pin_list>
<pin id="100" dir="0" index="0" bw="12" slack="0"/>
<pin id="101" dir="0" index="1" bw="1" slack="0"/>
<pin id="102" dir="1" index="2" bw="12" slack="0"/>
</pin_list>
<bind>
<opcode="add(8) " fcode="add"/>
<opset="i_25/1 "/>
</bind>
</comp>

<comp id="105" class="1004" name="pkt_last_V_fu_105">
<pin_list>
<pin id="106" dir="0" index="0" bw="12" slack="0"/>
<pin id="107" dir="0" index="1" bw="12" slack="0"/>
<pin id="108" dir="1" index="2" bw="1" slack="1"/>
</pin_list>
<bind>
<opcode="icmp(45) " fcode="icmp"/>
<opset="pkt_last_V/1 "/>
</bind>
</comp>

<comp id="111" class="1004" name="store_ln82_store_fu_111">
<pin_list>
<pin id="112" dir="0" index="0" bw="12" slack="0"/>
<pin id="113" dir="0" index="1" bw="12" slack="0"/>
<pin id="114" dir="1" index="2" bw="0" slack="2147483647"/>
</pin_list>
<bind>
<opcode="store(28) " fcode="store"/>
<opset="store_ln82/1 "/>
</bind>
</comp>

<comp id="116" class="1005" name="i_reg_116">
<pin_list>
<pin id="117" dir="0" index="0" bw="12" slack="0"/>
<pin id="118" dir="1" index="1" bw="12" slack="0"/>
</pin_list>
<bind>
<opset="i "/>
</bind>
</comp>

<comp id="123" class="1005" name="icmp_ln82_reg_123">
<pin_list>
<pin id="124" dir="0" index="0" bw="1" slack="1"/>
<pin id="125" dir="1" index="1" bw="1" slack="2147483647"/>
</pin_list>
<bind>
<opset="icmp_ln82 "/>
</bind>
</comp>

<comp id="127" class="1005" name="pkt_last_V_reg_127">
<pin_list>
<pin id="128" dir="0" index="0" bw="1" slack="1"/>
<pin id="129" dir="1" index="1" bw="1" slack="1"/>
</pin_list>
<bind>
<opset="pkt_last_V "/>
</bind>
</comp>

<comp id="132" class="1005" name="val_reg_132">
<pin_list>
<pin id="133" dir="0" index="0" bw="8" slack="1"/>
<pin id="134" dir="1" index="1" bw="8" slack="1"/>
</pin_list>
<bind>
<opset="val "/>
</bind>
</comp>

</comp_list>

<net_list>
<net id="59"><net_src comp="10" pin="0"/><net_sink comp="56" pin=0"/></net>

<net id="64"><net_src comp="44" pin="0"/><net_sink comp="60" pin=0"/></net>

<net id="65"><net_src comp="0" pin="0"/><net_sink comp="60" pin=1"/></net>

<net id="77"><net_src comp="46" pin="0"/><net_sink comp="66" pin=0"/></net>

<net id="78"><net_src comp="2" pin="0"/><net_sink comp="66" pin=1"/></net>

<net id="79"><net_src comp="4" pin="0"/><net_sink comp="66" pin=2"/></net>

<net id="80"><net_src comp="6" pin="0"/><net_sink comp="66" pin=3"/></net>

<net id="81"><net_src comp="8" pin="0"/><net_sink comp="66" pin=4"/></net>

<net id="82"><net_src comp="60" pin="2"/><net_sink comp="66" pin=5"/></net>

<net id="83"><net_src comp="48" pin="0"/><net_sink comp="66" pin=6"/></net>

<net id="84"><net_src comp="48" pin="0"/><net_sink comp="66" pin=7"/></net>

<net id="89"><net_src comp="32" pin="0"/><net_sink comp="85" pin=0"/></net>

<net id="97"><net_src comp="90" pin="1"/><net_sink comp="93" pin=0"/></net>

<net id="98"><net_src comp="34" pin="0"/><net_sink comp="93" pin=1"/></net>

<net id="103"><net_src comp="90" pin="1"/><net_sink comp="99" pin=0"/></net>

<net id="104"><net_src comp="40" pin="0"/><net_sink comp="99" pin=1"/></net>

<net id="109"><net_src comp="90" pin="1"/><net_sink comp="105" pin=0"/></net>

<net id="110"><net_src comp="42" pin="0"/><net_sink comp="105" pin=1"/></net>

<net id="115"><net_src comp="99" pin="2"/><net_sink comp="111" pin=0"/></net>

<net id="119"><net_src comp="56" pin="1"/><net_sink comp="116" pin=0"/></net>

<net id="120"><net_src comp="116" pin="1"/><net_sink comp="85" pin=1"/></net>

<net id="121"><net_src comp="116" pin="1"/><net_sink comp="90" pin=0"/></net>

<net id="122"><net_src comp="116" pin="1"/><net_sink comp="111" pin=1"/></net>

<net id="126"><net_src comp="93" pin="2"/><net_sink comp="123" pin=0"/></net>

<net id="130"><net_src comp="105" pin="2"/><net_sink comp="127" pin=0"/></net>

<net id="131"><net_src comp="127" pin="1"/><net_sink comp="66" pin=8"/></net>

<net id="135"><net_src comp="60" pin="2"/><net_sink comp="132" pin=0"/></net>

<net id="136"><net_src comp="132" pin="1"/><net_sink comp="66" pin=5"/></net>

</net_list>

</model> 
---------------- Datapath Model END ------------------

* FSMD analyzer results:
  - Output states:
	Port: out_r_V_data_V | {3 }
	Port: out_r_V_keep_V | {3 }
	Port: out_r_V_strb_V | {3 }
	Port: out_r_V_last_V | {3 }
 - Input state : 
	Port: apuint_to_axis : output_stream2 | {2 }
	Port: apuint_to_axis : out_r_V_data_V | {}
	Port: apuint_to_axis : out_r_V_keep_V | {}
	Port: apuint_to_axis : out_r_V_strb_V | {}
	Port: apuint_to_axis : out_r_V_last_V | {}
  - Chain level:
	State 1
		store_ln82 : 1
		i_24 : 1
		icmp_ln82 : 2
		i_25 : 2
		br_ln82 : 3
		pkt_last_V : 2
		store_ln82 : 3
	State 2
	State 3


============================================================
+ Verbose Summary: Datapath Resource usage 
============================================================

* Functional unit list:
|----------|-------------------|---------|---------|
| Operation|  Functional Unit  |    FF   |   LUT   |
|----------|-------------------|---------|---------|
|   icmp   |  icmp_ln82_fu_93  |    0    |    12   |
|          | pkt_last_V_fu_105 |    0    |    12   |
|----------|-------------------|---------|---------|
|    add   |     i_25_fu_99    |    0    |    19   |
|----------|-------------------|---------|---------|
|   read   |   val_read_fu_60  |    0    |    0    |
|----------|-------------------|---------|---------|
|   write  |  grp_write_fu_66  |    0    |    0    |
|----------|-------------------|---------|---------|
|   Total  |                   |    0    |    43   |
|----------|-------------------|---------|---------|

Memories:
N/A

* Register list:
+------------------+--------+
|                  |   FF   |
+------------------+--------+
|     i_reg_116    |   12   |
| icmp_ln82_reg_123|    1   |
|pkt_last_V_reg_127|    1   |
|    val_reg_132   |    8   |
+------------------+--------+
|       Total      |   22   |
+------------------+--------+

* Multiplexer (MUX) list: 
|-----------------|------|------|------|--------||---------||---------|
|       Comp      |  Pin | Size |  BW  | S x BW ||  Delay  ||   LUT   |
|-----------------|------|------|------|--------||---------||---------|
| grp_write_fu_66 |  p5  |   2  |   8  |   16   ||    9    |
|-----------------|------|------|------|--------||---------||---------|
|      Total      |      |      |      |   16   ||  0.387  ||    9    |
|-----------------|------|------|------|--------||---------||---------|



* Summary:
+-----------+--------+--------+--------+
|           |  Delay |   FF   |   LUT  |
+-----------+--------+--------+--------+
|  Function |    -   |    0   |   43   |
|   Memory  |    -   |    -   |    -   |
|Multiplexer|    0   |    -   |    9   |
|  Register |    -   |   22   |    -   |
+-----------+--------+--------+--------+
|   Total   |    0   |   22   |   52   |
+-----------+--------+--------+--------+
