

================================================================
== Vitis HLS Report for 'BatchNorm_tiled_1'
================================================================
* Date:           Thu Jun 18 11:12:10 2026

* Version:        2022.2 (Build 3670227 on Oct 13 2022)
* Project:        ViT_Block
* Solution:       ViT_Block (Vivado IP Flow Target)
* Product family: virtexuplus
* Target device:  xcu250-figd2104-2L-e


================================================================
== Performance Estimates
================================================================
+ Timing: 
    * Summary: 
    +--------+----------+----------+------------+
    |  Clock |  Target  | Estimated| Uncertainty|
    +--------+----------+----------+------------+
    |ap_clk  |  10.00 ns|  4.934 ns|     2.70 ns|
    +--------+----------+----------+------------+

+ Latency: 
    * Summary: 
    +---------+---------+-----------+-----------+------+------+---------+
    |  Latency (cycles) |   Latency (absolute)  |   Interval  | Pipeline|
    |   min   |   max   |    min    |    max    |  min |  max |   Type  |
    +---------+---------+-----------+-----------+------+------+---------+
    |     3269|     3269|  32.690 us|  32.690 us|  3269|  3269|       no|
    +---------+---------+-----------+-----------+------+------+---------+

    + Detail: 
        * Instance: 
        N/A

        * Loop: 
        +-------------------------------------+---------+---------+----------+-----------+-----------+------+----------+
        |                                     |  Latency (cycles) | Iteration|  Initiation Interval  | Trip |          |
        |              Loop Name              |   min   |   max   |  Latency |  achieved |   target  | Count| Pipelined|
        +-------------------------------------+---------+---------+----------+-----------+-----------+------+----------+
        |- VITIS_LOOP_185_1_VITIS_LOOP_186_2  |     3267|     3267|         5|          1|          1|  3264|       yes|
        +-------------------------------------+---------+---------+----------+-----------+-----------+------+----------+



================================================================
== Utilization Estimates
================================================================
* Summary: 
+---------------------+---------+-------+---------+---------+------+
|         Name        | BRAM_18K|  DSP  |    FF   |   LUT   | URAM |
+---------------------+---------+-------+---------+---------+------+
|DSP                  |        -|      1|        -|        -|     -|
|Expression           |        -|      -|        0|      259|     -|
|FIFO                 |        -|      -|        -|        -|     -|
|Instance             |        -|      -|        -|        -|     -|
|Memory               |        2|      -|        0|        0|     -|
|Multiplexer          |        -|      -|        -|       72|     -|
|Register             |        -|      -|      116|       32|     -|
+---------------------+---------+-------+---------+---------+------+
|Total                |        2|      1|      116|      363|     0|
+---------------------+---------+-------+---------+---------+------+
|Available SLR        |     1344|   3072|   864000|   432000|   320|
+---------------------+---------+-------+---------+---------+------+
|Utilization SLR (%)  |       ~0|     ~0|       ~0|       ~0|     0|
+---------------------+---------+-------+---------+---------+------+
|Available            |     5376|  12288|  3456000|  1728000|  1280|
+---------------------+---------+-------+---------+---------+------+
|Utilization (%)      |       ~0|     ~0|       ~0|       ~0|     0|
+---------------------+---------+-------+---------+---------+------+

+ Detail: 
    * Instance: 
    N/A

    * DSP: 
    +-----------------------------+------------------------+-----------+
    |           Instance          |         Module         | Expression|
    +-----------------------------+------------------------+-----------+
    |mul_mul_16ns_8s_24_4_1_U718  |mul_mul_16ns_8s_24_4_1  |    i0 * i1|
    +-----------------------------+------------------------+-----------+

    * Memory: 
    +-------------+-----------------------------------------+---------+---+----+-----+------+-----+------+-------------+
    |    Memory   |                  Module                 | BRAM_18K| FF| LUT| URAM| Words| Bits| Banks| W*Bits*Banks|
    +-------------+-----------------------------------------+---------+---+----+-----+------+-----+------+-------------+
    |bn1_add_1_U  |BatchNorm_tiled_1_bn1_add_1_ROM_AUTO_1R  |        1|  0|   0|    0|   192|   23|     1|         4416|
    |bn1_mul_1_U  |BatchNorm_tiled_1_bn1_mul_1_ROM_AUTO_1R  |        1|  0|   0|    0|   192|   16|     1|         3072|
    +-------------+-----------------------------------------+---------+---+----+-----+------+-----+------+-------------+
    |Total        |                                         |        2|  0|   0|    0|   384|   39|     2|         7488|
    +-------------+-----------------------------------------+---------+---+----+-----+------+-----+------+-------------+

    * FIFO: 
    N/A

    * Expression: 
    +---------------------------+----------+----+---+----+------------+------------+
    |       Variable Name       | Operation| DSP| FF| LUT| Bitwidth P0| Bitwidth P1|
    +---------------------------+----------+----+---+----+------------+------------+
    |acc_V_fu_206_p2            |         +|   0|  0|  32|          25|          25|
    |add_ln185_fu_144_p2        |         +|   0|  0|  19|          12|           1|
    |add_ln186_fu_173_p2        |         +|   0|  0|  15|           8|           1|
    |add_ln35_fu_220_p2         |         +|   0|  0|  31|          24|          24|
    |ret_V_fu_225_p2            |         +|   0|  0|  31|          24|          16|
    |ret_V_23_fu_245_p2         |         -|   0|  0|  31|          16|          24|
    |rq_V_fu_265_p2             |         -|   0|  0|  16|           1|           9|
    |ap_condition_139           |       and|   0|  0|   2|           1|           1|
    |icmp_ln1027_fu_295_p2      |      icmp|   0|  0|  11|           9|           9|
    |icmp_ln1035_fu_289_p2      |      icmp|   0|  0|   8|           2|           1|
    |icmp_ln185_fu_138_p2       |      icmp|   0|  0|  12|          12|          11|
    |icmp_ln186_fu_153_p2       |      icmp|   0|  0|  11|           8|           8|
    |ap_block_pp0_stage0_01001  |        or|   0|  0|   2|           1|           1|
    |or_ln223_fu_313_p2         |        or|   0|  0|   2|           1|           1|
    |norm_out_113_din           |    select|   0|  0|   8|           1|           8|
    |rq_V_22_fu_271_p3          |    select|   0|  0|   9|           1|           9|
    |select_ln185_fu_159_p3     |    select|   0|  0|   8|           1|           1|
    |select_ln223_fu_305_p3     |    select|   0|  0|   9|           1|           7|
    |ap_enable_pp0              |       xor|   0|  0|   2|           1|           2|
    +---------------------------+----------+----+---+----+------------+------------+
    |Total                      |          |   0|  0| 259|         149|         159|
    +---------------------------+----------+----+---+----+------------+------------+

    * Multiplexer: 
    +--------------------------------------+----+-----------+-----+-----------+
    |                 Name                 | LUT| Input Size| Bits| Total Bits|
    +--------------------------------------+----+-----------+-----+-----------+
    |ap_done_int                           |   9|          2|    1|          2|
    |ap_enable_reg_pp0_iter1               |   9|          2|    1|          2|
    |ap_sig_allocacmp_c_load               |   9|          2|    8|         16|
    |ap_sig_allocacmp_indvar_flatten_load  |   9|          2|   12|         24|
    |c_fu_78                               |   9|          2|    8|         16|
    |indvar_flatten_fu_82                  |   9|          2|   12|         24|
    |norm_out_113_blk_n                    |   9|          2|    1|          2|
    |x212_blk_n                            |   9|          2|    1|          2|
    +--------------------------------------+----+-----------+-----+-----------+
    |Total                                 |  72|         16|   44|         88|
    +--------------------------------------+----+-----------+-----+-----------+

    * Register: 
    +----------------------------------+----+----+-----+-----------+
    |               Name               | FF | LUT| Bits| Const Bits|
    +----------------------------------+----+----+-----+-----------+
    |ap_CS_fsm                         |   1|   0|    1|          0|
    |ap_done_reg                       |   1|   0|    1|          0|
    |ap_enable_reg_pp0_iter1           |   1|   0|    1|          0|
    |ap_enable_reg_pp0_iter2           |   1|   0|    1|          0|
    |ap_enable_reg_pp0_iter3           |   1|   0|    1|          0|
    |ap_enable_reg_pp0_iter4           |   1|   0|    1|          0|
    |ap_loop_exit_ready_pp0_iter1_reg  |   1|   0|    1|          0|
    |ap_loop_exit_ready_pp0_iter2_reg  |   1|   0|    1|          0|
    |ap_loop_exit_ready_pp0_iter3_reg  |   1|   0|    1|          0|
    |bn1_add_1_load_reg_374            |  23|   0|   23|          0|
    |c_fu_78                           |   8|   0|    8|          0|
    |indvar_flatten_fu_82              |  12|   0|   12|          0|
    |bn1_add_1_load_reg_374            |  64|  32|   23|          0|
    +----------------------------------+----+----+-----+-----------+
    |Total                             | 116|  32|   75|          0|
    +----------------------------------+----+----+-----+-----------+



================================================================
== Interface
================================================================
* Summary: 
+-----------------------------+-----+-----+------------+-------------------+--------------+
|          RTL Ports          | Dir | Bits|  Protocol  |   Source Object   |    C Type    |
+-----------------------------+-----+-----+------------+-------------------+--------------+
|ap_clk                       |   in|    1|  ap_ctrl_hs|  BatchNorm_tiled_1|  return value|
|ap_rst                       |   in|    1|  ap_ctrl_hs|  BatchNorm_tiled_1|  return value|
|ap_start                     |   in|    1|  ap_ctrl_hs|  BatchNorm_tiled_1|  return value|
|ap_done                      |  out|    1|  ap_ctrl_hs|  BatchNorm_tiled_1|  return value|
|ap_continue                  |   in|    1|  ap_ctrl_hs|  BatchNorm_tiled_1|  return value|
|ap_idle                      |  out|    1|  ap_ctrl_hs|  BatchNorm_tiled_1|  return value|
|ap_ready                     |  out|    1|  ap_ctrl_hs|  BatchNorm_tiled_1|  return value|
|x212_dout                    |   in|    8|     ap_fifo|               x212|       pointer|
|x212_num_data_valid          |   in|    2|     ap_fifo|               x212|       pointer|
|x212_fifo_cap                |   in|    2|     ap_fifo|               x212|       pointer|
|x212_empty_n                 |   in|    1|     ap_fifo|               x212|       pointer|
|x212_read                    |  out|    1|     ap_fifo|               x212|       pointer|
|norm_out_113_din             |  out|    8|     ap_fifo|       norm_out_113|       pointer|
|norm_out_113_num_data_valid  |   in|    2|     ap_fifo|       norm_out_113|       pointer|
|norm_out_113_fifo_cap        |   in|    2|     ap_fifo|       norm_out_113|       pointer|
|norm_out_113_full_n          |   in|    1|     ap_fifo|       norm_out_113|       pointer|
|norm_out_113_write           |  out|    1|     ap_fifo|       norm_out_113|       pointer|
+-----------------------------+-----+-----+------------+-------------------+--------------+

============================================================
+ Verbose Summary: Synthesis Manager
============================================================
InlineROM: 1
ExposeGlobal: 0
============================================================
+ Verbose Summary: CDFG Model
============================================================
IsTopModel: 0
ResetActiveHigh: 1
IsCombinational: 2
IsDatapathOnly: 0
HasWiredReturn: 1
HasMFsm: 2
HasVarLatency: 1
IsPipeline: 0
IsRtlPipelined: 0
IsInstanceOverlapped: 0
IsDontTouch: 0
HasImplIP: 0
IsGatedGlobalClock: 0

+ Individual pipeline summary: 
  * Pipeline-0: initiation interval (II) = 1, depth = 5


============================================================
+ Verbose Summary: Schedule
============================================================
* Number of FSM states : 5
* Pipeline : 1
  Pipeline-0 : II = 1, D = 5, States = { 1 2 3 4 5 }
* Dataflow Pipeline: 0

* FSM state transitions: 
1 --> 2 
2 --> 3 
3 --> 4 
4 --> 5 
5 --> 

* FSM state operations: 

State 1 <SV = 0> <Delay = 2.08>
ST_1 : Operation 8 [1/1] (0.00ns)   --->   "%c = alloca i32 1"   --->   Operation 8 'alloca' 'c' <Predicate = true> <Delay = 0.00>
ST_1 : Operation 9 [1/1] (0.00ns)   --->   "%indvar_flatten = alloca i32 1"   --->   Operation 9 'alloca' 'indvar_flatten' <Predicate = true> <Delay = 0.00>
ST_1 : Operation 10 [1/1] (0.00ns)   --->   "%specinterface_ln0 = specinterface void @_ssdm_op_SpecInterface, i8 %norm_out_113, void @empty_0, i32 0, i32 0, void @empty_26, i32 0, i32 0, void @empty_26, void @empty_26, void @empty_26, i32 0, i32 0, i32 0, i32 0, void @empty_26, void @empty_26, i32 4294967295, i32 0"   --->   Operation 10 'specinterface' 'specinterface_ln0' <Predicate = true> <Delay = 0.00>
ST_1 : Operation 11 [1/1] (0.00ns)   --->   "%specinterface_ln0 = specinterface void @_ssdm_op_SpecInterface, i8 %x212, void @empty_0, i32 0, i32 0, void @empty_26, i32 0, i32 0, void @empty_26, void @empty_26, void @empty_26, i32 0, i32 0, i32 0, i32 0, void @empty_26, void @empty_26, i32 4294967295, i32 0"   --->   Operation 11 'specinterface' 'specinterface_ln0' <Predicate = true> <Delay = 0.00>
ST_1 : Operation 12 [1/1] (0.38ns)   --->   "%store_ln185 = store i12 0, i12 %indvar_flatten" [/home/fede/PhD/transformer-hls/hls/include/normalizations.hpp:185]   --->   Operation 12 'store' 'store_ln185' <Predicate = true> <Delay = 0.38>
ST_1 : Operation 13 [1/1] (0.38ns)   --->   "%store_ln185 = store i8 0, i8 %c" [/home/fede/PhD/transformer-hls/hls/include/normalizations.hpp:185]   --->   Operation 13 'store' 'store_ln185' <Predicate = true> <Delay = 0.38>
ST_1 : Operation 14 [1/1] (0.00ns)   --->   "%br_ln185 = br void %for.body8.i" [/home/fede/PhD/transformer-hls/hls/include/normalizations.hpp:185]   --->   Operation 14 'br' 'br_ln185' <Predicate = true> <Delay = 0.00>
ST_1 : Operation 15 [1/1] (0.00ns)   --->   "%indvar_flatten_load = load i12 %indvar_flatten" [/home/fede/PhD/transformer-hls/hls/include/normalizations.hpp:185]   --->   Operation 15 'load' 'indvar_flatten_load' <Predicate = true> <Delay = 0.00>
ST_1 : Operation 16 [1/1] (0.62ns)   --->   "%icmp_ln185 = icmp_eq  i12 %indvar_flatten_load, i12 3264" [/home/fede/PhD/transformer-hls/hls/include/normalizations.hpp:185]   --->   Operation 16 'icmp' 'icmp_ln185' <Predicate = true> <Delay = 0.62> <CoreInst = "Cmp">   --->   Core 9 'Cmp' <Latency = 0> <II = 1> <Delay = 0.62> <FuncUnit> <Opcode : 'icmp'> <InPorts = 2> <OutPorts = 1>
ST_1 : Operation 17 [1/1] (0.74ns)   --->   "%add_ln185 = add i12 %indvar_flatten_load, i12 1" [/home/fede/PhD/transformer-hls/hls/include/normalizations.hpp:185]   --->   Operation 17 'add' 'add_ln185' <Predicate = true> <Delay = 0.74> <CoreInst = "Adder">   --->   Core 1 'Adder' <Latency = 0> <II = 1> <Delay = 0.74> <FuncUnit> <Opcode : 'add' 'sub'> <InPorts = 2> <OutPorts = 1>
ST_1 : Operation 18 [1/1] (0.00ns)   --->   "%br_ln185 = br i1 %icmp_ln185, void %for.inc36.i, void %_Z25BATCHNORM_tiled_quantizedILi17ELi192ELi1ELi16E6ap_intILi8EES1_EvRN3hls6streamI7ap_uintIXmlT1_srT3_5widthEELi0EEERNS3_IS4_IXmlT1_srT4_5widthEELi0EEEPKiSE_.exit" [/home/fede/PhD/transformer-hls/hls/include/normalizations.hpp:185]   --->   Operation 18 'br' 'br_ln185' <Predicate = true> <Delay = 0.00>
ST_1 : Operation 19 [1/1] (0.00ns)   --->   "%c_load = load i8 %c" [/home/fede/PhD/transformer-hls/hls/include/normalizations.hpp:186]   --->   Operation 19 'load' 'c_load' <Predicate = (!icmp_ln185)> <Delay = 0.00>
ST_1 : Operation 20 [1/1] (0.58ns)   --->   "%icmp_ln186 = icmp_eq  i8 %c_load, i8 192" [/home/fede/PhD/transformer-hls/hls/include/normalizations.hpp:186]   --->   Operation 20 'icmp' 'icmp_ln186' <Predicate = (!icmp_ln185)> <Delay = 0.58> <CoreInst = "Cmp">   --->   Core 9 'Cmp' <Latency = 0> <II = 1> <Delay = 0.58> <FuncUnit> <Opcode : 'icmp'> <InPorts = 2> <OutPorts = 1>
ST_1 : Operation 21 [1/1] (0.30ns)   --->   "%select_ln185 = select i1 %icmp_ln186, i8 0, i8 %c_load" [/home/fede/PhD/transformer-hls/hls/include/normalizations.hpp:185]   --->   Operation 21 'select' 'select_ln185' <Predicate = (!icmp_ln185)> <Delay = 0.30> <CoreInst = "Sel">   --->   Core 73 'Sel' <Latency = 0> <II = 1> <Delay = 0.30> <FuncUnit> <Opcode : 'select'> <InPorts = 3> <OutPorts = 1>
ST_1 : Operation 22 [1/1] (0.00ns)   --->   "%zext_ln186 = zext i8 %select_ln185" [/home/fede/PhD/transformer-hls/hls/include/normalizations.hpp:186]   --->   Operation 22 'zext' 'zext_ln186' <Predicate = (!icmp_ln185)> <Delay = 0.00>
ST_1 : Operation 23 [1/1] (0.00ns)   --->   "%bn1_mul_1_addr = getelementptr i16 %bn1_mul_1, i64 0, i64 %zext_ln186" [/home/fede/PhD/transformer-hls/hls/include/normalizations.hpp:206]   --->   Operation 23 'getelementptr' 'bn1_mul_1_addr' <Predicate = (!icmp_ln185)> <Delay = 0.00>
ST_1 : Operation 24 [2/2] (1.17ns)   --->   "%bn1_mul_1_load = load i8 %bn1_mul_1_addr" [/home/fede/PhD/transformer-hls/hls/include/normalizations.hpp:206]   --->   Operation 24 'load' 'bn1_mul_1_load' <Predicate = (!icmp_ln185)> <Delay = 1.17> <CoreInst = "ROM">   --->   Core 101 'ROM' <Latency = 1> <II = 1> <Delay = 1.17> <Storage> <Opcode : 'load'> <Ports = 0> <Width = 16> <Depth = 192> <ROM>
ST_1 : Operation 25 [1/1] (0.00ns)   --->   "%bn1_add_1_addr = getelementptr i23 %bn1_add_1, i64 0, i64 %zext_ln186" [/home/fede/PhD/transformer-hls/hls/include/normalizations.hpp:207]   --->   Operation 25 'getelementptr' 'bn1_add_1_addr' <Predicate = (!icmp_ln185)> <Delay = 0.00>
ST_1 : Operation 26 [2/2] (1.19ns)   --->   "%bn1_add_1_load = load i8 %bn1_add_1_addr" [/home/fede/PhD/transformer-hls/hls/include/normalizations.hpp:207]   --->   Operation 26 'load' 'bn1_add_1_load' <Predicate = (!icmp_ln185)> <Delay = 1.19> <CoreInst = "ROM">   --->   Core 101 'ROM' <Latency = 1> <II = 1> <Delay = 1.19> <Storage> <Opcode : 'load'> <Ports = 0> <Width = 23> <Depth = 192> <ROM>
ST_1 : Operation 27 [1/1] (0.70ns)   --->   "%add_ln186 = add i8 %select_ln185, i8 1" [/home/fede/PhD/transformer-hls/hls/include/normalizations.hpp:186]   --->   Operation 27 'add' 'add_ln186' <Predicate = (!icmp_ln185)> <Delay = 0.70> <CoreInst = "Adder">   --->   Core 1 'Adder' <Latency = 0> <II = 1> <Delay = 0.70> <FuncUnit> <Opcode : 'add' 'sub'> <InPorts = 2> <OutPorts = 1>
ST_1 : Operation 28 [1/1] (0.38ns)   --->   "%store_ln186 = store i12 %add_ln185, i12 %indvar_flatten" [/home/fede/PhD/transformer-hls/hls/include/normalizations.hpp:186]   --->   Operation 28 'store' 'store_ln186' <Predicate = (!icmp_ln185)> <Delay = 0.38>
ST_1 : Operation 29 [1/1] (0.38ns)   --->   "%store_ln186 = store i8 %add_ln186, i8 %c" [/home/fede/PhD/transformer-hls/hls/include/normalizations.hpp:186]   --->   Operation 29 'store' 'store_ln186' <Predicate = (!icmp_ln185)> <Delay = 0.38>

State 2 <SV = 1> <Delay = 1.90>
ST_2 : Operation 30 [1/1] (1.36ns)   --->   "%in_word_V = read i8 @_ssdm_op_Read.ap_fifo.volatile.i8P0A, i8 %x212" [/home/fede/PhD/transformer-hls/hls/include/normalizations.hpp:189]   --->   Operation 30 'read' 'in_word_V' <Predicate = true> <Delay = 1.36> <CoreInst = "FIFO_SRL">   --->   Core 81 'FIFO_SRL' <Latency = 0> <II = 1> <Delay = 1.36> <Storage> <Opcode : 'read' 'write' 'nbread' 'nbwrite'> <Ports = 0> <Width = 8> <Depth = 2> <FIFO>
ST_2 : Operation 31 [1/2] (1.17ns)   --->   "%bn1_mul_1_load = load i8 %bn1_mul_1_addr" [/home/fede/PhD/transformer-hls/hls/include/normalizations.hpp:206]   --->   Operation 31 'load' 'bn1_mul_1_load' <Predicate = true> <Delay = 1.17> <CoreInst = "ROM">   --->   Core 101 'ROM' <Latency = 1> <II = 1> <Delay = 1.17> <Storage> <Opcode : 'load'> <Ports = 0> <Width = 16> <Depth = 192> <ROM>
ST_2 : Operation 32 [1/1] (0.00ns)   --->   "%sext_ln206 = sext i8 %in_word_V" [/home/fede/PhD/transformer-hls/hls/include/normalizations.hpp:206]   --->   Operation 32 'sext' 'sext_ln206' <Predicate = true> <Delay = 0.00>
ST_2 : Operation 33 [1/1] (0.00ns)   --->   "%zext_ln206 = zext i16 %bn1_mul_1_load" [/home/fede/PhD/transformer-hls/hls/include/normalizations.hpp:206]   --->   Operation 33 'zext' 'zext_ln206' <Predicate = true> <Delay = 0.00>
ST_2 : Operation 34 [4/4] (0.53ns) (root node of the DSP)   --->   "%mul_ln206 = mul i24 %zext_ln206, i24 %sext_ln206" [/home/fede/PhD/transformer-hls/hls/include/normalizations.hpp:206]   --->   Operation 34 'mul' 'mul_ln206' <Predicate = true> <Delay = 0.53> <CoreInst = "DSP48">   --->   Core 127 'DSP48' <Latency = 3> <II = 1> <Delay = 0.53> <IPBlock> <Opcode : 'mul' 'add' 'sub' 'select'> <InPorts = 0> <OutPorts = 1> <Sync> <CReg>
ST_2 : Operation 35 [1/2] (1.19ns)   --->   "%bn1_add_1_load = load i8 %bn1_add_1_addr" [/home/fede/PhD/transformer-hls/hls/include/normalizations.hpp:207]   --->   Operation 35 'load' 'bn1_add_1_load' <Predicate = true> <Delay = 1.19> <CoreInst = "ROM">   --->   Core 101 'ROM' <Latency = 1> <II = 1> <Delay = 1.19> <Storage> <Opcode : 'load'> <Ports = 0> <Width = 23> <Depth = 192> <ROM>

State 3 <SV = 2> <Delay = 0.53>
ST_3 : Operation 36 [3/4] (0.53ns) (root node of the DSP)   --->   "%mul_ln206 = mul i24 %zext_ln206, i24 %sext_ln206" [/home/fede/PhD/transformer-hls/hls/include/normalizations.hpp:206]   --->   Operation 36 'mul' 'mul_ln206' <Predicate = true> <Delay = 0.53> <CoreInst = "DSP48">   --->   Core 127 'DSP48' <Latency = 3> <II = 1> <Delay = 0.53> <IPBlock> <Opcode : 'mul' 'add' 'sub' 'select'> <InPorts = 0> <OutPorts = 1> <Sync> <CReg>

State 4 <SV = 3> <Delay = 0.53>
ST_4 : Operation 37 [2/4] (0.53ns) (root node of the DSP)   --->   "%mul_ln206 = mul i24 %zext_ln206, i24 %sext_ln206" [/home/fede/PhD/transformer-hls/hls/include/normalizations.hpp:206]   --->   Operation 37 'mul' 'mul_ln206' <Predicate = true> <Delay = 0.53> <CoreInst = "DSP48">   --->   Core 127 'DSP48' <Latency = 3> <II = 1> <Delay = 0.53> <IPBlock> <Opcode : 'mul' 'add' 'sub' 'select'> <InPorts = 0> <OutPorts = 1> <Sync> <CReg>
ST_4 : Operation 66 [1/1] (0.00ns)   --->   "%ret_ln169 = ret" [/home/fede/PhD/transformer-hls/hls/src/model/ViT_Block.cpp:169]   --->   Operation 66 'ret' 'ret_ln169' <Predicate = (icmp_ln185)> <Delay = 0.00>

State 5 <SV = 4> <Delay = 4.93>
ST_5 : Operation 38 [1/1] (0.00ns)   --->   "%specloopname_ln0 = specloopname void @_ssdm_op_SpecLoopName, void @VITIS_LOOP_185_1_VITIS_LOOP_186_2_str"   --->   Operation 38 'specloopname' 'specloopname_ln0' <Predicate = true> <Delay = 0.00>
ST_5 : Operation 39 [1/1] (0.00ns)   --->   "%empty = speclooptripcount i32 @_ssdm_op_SpecLoopTripCount, i64 3264, i64 3264, i64 3264"   --->   Operation 39 'speclooptripcount' 'empty' <Predicate = true> <Delay = 0.00>
ST_5 : Operation 40 [1/1] (0.00ns)   --->   "%specpipeline_ln187 = specpipeline void @_ssdm_op_SpecPipeline, i32 1, i32 0, i32 0, i32 0, void @empty_26" [/home/fede/PhD/transformer-hls/hls/include/normalizations.hpp:187]   --->   Operation 40 'specpipeline' 'specpipeline_ln187' <Predicate = true> <Delay = 0.00>
ST_5 : Operation 41 [1/1] (0.00ns)   --->   "%specloopname_ln186 = specloopname void @_ssdm_op_SpecLoopName, void @empty_8" [/home/fede/PhD/transformer-hls/hls/include/normalizations.hpp:186]   --->   Operation 41 'specloopname' 'specloopname_ln186' <Predicate = true> <Delay = 0.00>
ST_5 : Operation 42 [1/4] (0.00ns) (root node of the DSP)   --->   "%mul_ln206 = mul i24 %zext_ln206, i24 %sext_ln206" [/home/fede/PhD/transformer-hls/hls/include/normalizations.hpp:206]   --->   Operation 42 'mul' 'mul_ln206' <Predicate = true> <Delay = 0.00> <CoreInst = "DSP48">   --->   Core 127 'DSP48' <Latency = 3> <II = 1> <Delay = 0.53> <IPBlock> <Opcode : 'mul' 'add' 'sub' 'select'> <InPorts = 0> <OutPorts = 1> <Sync> <CReg>
ST_5 : Operation 43 [1/1] (0.00ns)   --->   "%sext_ln207 = sext i24 %mul_ln206" [/home/fede/PhD/transformer-hls/hls/include/normalizations.hpp:207]   --->   Operation 43 'sext' 'sext_ln207' <Predicate = true> <Delay = 0.00>
ST_5 : Operation 44 [1/1] (0.00ns)   --->   "%sext_ln206_1 = sext i23 %bn1_add_1_load" [/home/fede/PhD/transformer-hls/hls/include/normalizations.hpp:206]   --->   Operation 44 'sext' 'sext_ln206_1' <Predicate = true> <Delay = 0.00>
ST_5 : Operation 45 [1/1] (0.00ns)   --->   "%sext_ln206_2 = sext i23 %bn1_add_1_load" [/home/fede/PhD/transformer-hls/hls/include/normalizations.hpp:206]   --->   Operation 45 'sext' 'sext_ln206_2' <Predicate = true> <Delay = 0.00>
ST_5 : Operation 46 [1/1] (0.83ns)   --->   "%acc_V = add i25 %sext_ln207, i25 %sext_ln206_1" [/home/fede/PhD/transformer-hls/hls/include/normalizations.hpp:206]   --->   Operation 46 'add' 'acc_V' <Predicate = true> <Delay = 0.83> <CoreInst = "Adder">   --->   Core 1 'Adder' <Latency = 0> <II = 1> <Delay = 0.83> <FuncUnit> <Opcode : 'add' 'sub'> <InPorts = 2> <OutPorts = 1>
ST_5 : Operation 47 [1/1] (0.00ns)   --->   "%tmp = bitselect i1 @_ssdm_op_BitSelect.i1.i25.i32, i25 %acc_V, i32 24"   --->   Operation 47 'bitselect' 'tmp' <Predicate = true> <Delay = 0.00>
ST_5 : Operation 48 [1/1] (0.83ns)   --->   "%add_ln35 = add i24 %mul_ln206, i24 %sext_ln206_2" [/home/fede/PhD/transformer-hls/hls/include/activations.h:35]   --->   Operation 48 'add' 'add_ln35' <Predicate = true> <Delay = 0.83> <CoreInst = "Adder">   --->   Core 1 'Adder' <Latency = 0> <II = 1> <Delay = 0.83> <FuncUnit> <Opcode : 'add' 'sub'> <InPorts = 2> <OutPorts = 1>
ST_5 : Operation 49 [1/1] (0.83ns)   --->   "%ret_V = add i24 %add_ln35, i24 32768"   --->   Operation 49 'add' 'ret_V' <Predicate = true> <Delay = 0.83> <CoreInst = "Adder">   --->   Core 1 'Adder' <Latency = 0> <II = 1> <Delay = 0.83> <FuncUnit> <Opcode : 'add' 'sub'> <InPorts = 2> <OutPorts = 1>
ST_5 : Operation 50 [1/1] (0.00ns)   --->   "%trunc_ln = partselect i8 @_ssdm_op_PartSelect.i8.i24.i32.i32, i24 %ret_V, i32 16, i32 23" [/home/fede/PhD/transformer-hls/hls/include/normalizations.hpp:209]   --->   Operation 50 'partselect' 'trunc_ln' <Predicate = true> <Delay = 0.00>
ST_5 : Operation 51 [1/1] (0.00ns)   --->   "%zext_ln209 = zext i8 %trunc_ln" [/home/fede/PhD/transformer-hls/hls/include/normalizations.hpp:209]   --->   Operation 51 'zext' 'zext_ln209' <Predicate = true> <Delay = 0.00>
ST_5 : Operation 52 [1/1] (0.83ns)   --->   "%ret_V_23 = sub i24 32768, i24 %add_ln35"   --->   Operation 52 'sub' 'ret_V_23' <Predicate = true> <Delay = 0.83> <CoreInst = "Adder">   --->   Core 1 'Adder' <Latency = 0> <II = 1> <Delay = 0.83> <FuncUnit> <Opcode : 'add' 'sub'> <InPorts = 2> <OutPorts = 1>
ST_5 : Operation 53 [1/1] (0.00ns)   --->   "%trunc_ln19 = partselect i8 @_ssdm_op_PartSelect.i8.i24.i32.i32, i24 %ret_V_23, i32 16, i32 23" [/home/fede/PhD/transformer-hls/hls/include/activations.h:38]   --->   Operation 53 'partselect' 'trunc_ln19' <Predicate = true> <Delay = 0.00>
ST_5 : Operation 54 [1/1] (0.00ns)   --->   "%zext_ln38 = zext i8 %trunc_ln19" [/home/fede/PhD/transformer-hls/hls/include/activations.h:38]   --->   Operation 54 'zext' 'zext_ln38' <Predicate = true> <Delay = 0.00>
ST_5 : Operation 55 [1/1] (0.70ns)   --->   "%rq_V = sub i9 0, i9 %zext_ln38" [/home/fede/PhD/transformer-hls/hls/include/activations.h:38]   --->   Operation 55 'sub' 'rq_V' <Predicate = true> <Delay = 0.70> <CoreInst = "Adder">   --->   Core 1 'Adder' <Latency = 0> <II = 1> <Delay = 0.71> <FuncUnit> <Opcode : 'add' 'sub'> <InPorts = 2> <OutPorts = 1>
ST_5 : Operation 56 [1/1] (0.30ns)   --->   "%rq_V_22 = select i1 %tmp, i9 %rq_V, i9 %zext_ln209"   --->   Operation 56 'select' 'rq_V_22' <Predicate = true> <Delay = 0.30> <CoreInst = "Sel">   --->   Core 73 'Sel' <Latency = 0> <II = 1> <Delay = 0.30> <FuncUnit> <Opcode : 'select'> <InPorts = 3> <OutPorts = 1>
ST_5 : Operation 57 [1/1] (0.00ns)   --->   "%tmp_23 = partselect i2 @_ssdm_op_PartSelect.i2.i9.i32.i32, i9 %rq_V_22, i32 7, i32 8"   --->   Operation 57 'partselect' 'tmp_23' <Predicate = true> <Delay = 0.00>
ST_5 : Operation 58 [1/1] (0.34ns)   --->   "%icmp_ln1035 = icmp_eq  i2 %tmp_23, i2 1"   --->   Operation 58 'icmp' 'icmp_ln1035' <Predicate = true> <Delay = 0.34> <CoreInst = "Cmp">   --->   Core 9 'Cmp' <Latency = 0> <II = 1> <Delay = 0.34> <FuncUnit> <Opcode : 'icmp'> <InPorts = 2> <OutPorts = 1>
ST_5 : Operation 59 [1/1] (0.59ns)   --->   "%icmp_ln1027 = icmp_slt  i9 %rq_V_22, i9 384"   --->   Operation 59 'icmp' 'icmp_ln1027' <Predicate = true> <Delay = 0.59> <CoreInst = "Cmp">   --->   Core 9 'Cmp' <Latency = 0> <II = 1> <Delay = 0.59> <FuncUnit> <Opcode : 'icmp'> <InPorts = 2> <OutPorts = 1>
ST_5 : Operation 60 [1/1] (0.00ns) (grouped into LUT with out node q_out_V)   --->   "%trunc_ln223 = trunc i9 %rq_V_22" [/home/fede/PhD/transformer-hls/hls/include/normalizations.hpp:223]   --->   Operation 60 'trunc' 'trunc_ln223' <Predicate = true> <Delay = 0.00>
ST_5 : Operation 61 [1/1] (0.00ns) (grouped into LUT with out node q_out_V)   --->   "%select_ln223 = select i1 %icmp_ln1035, i8 127, i8 128" [/home/fede/PhD/transformer-hls/hls/include/normalizations.hpp:223]   --->   Operation 61 'select' 'select_ln223' <Predicate = true> <Delay = 0.00> <CoreInst = "Sel">   --->   Core 73 'Sel' <Latency = 0> <II = 1> <Delay = 0.30> <FuncUnit> <Opcode : 'select'> <InPorts = 3> <OutPorts = 1>
ST_5 : Operation 62 [1/1] (0.00ns) (grouped into LUT with out node q_out_V)   --->   "%or_ln223 = or i1 %icmp_ln1035, i1 %icmp_ln1027" [/home/fede/PhD/transformer-hls/hls/include/normalizations.hpp:223]   --->   Operation 62 'or' 'or_ln223' <Predicate = true> <Delay = 0.00> <CoreInst = "LogicGate">   --->   Core 74 'LogicGate' <Latency = 0> <II = 1> <Delay = 0.12> <FuncUnit> <Opcode : 'and' 'or' 'xor'> <InPorts = 2> <OutPorts = 1>
ST_5 : Operation 63 [1/1] (0.30ns) (out node of the LUT)   --->   "%q_out_V = select i1 %or_ln223, i8 %select_ln223, i8 %trunc_ln223" [/home/fede/PhD/transformer-hls/hls/include/normalizations.hpp:223]   --->   Operation 63 'select' 'q_out_V' <Predicate = true> <Delay = 0.30> <CoreInst = "Sel">   --->   Core 73 'Sel' <Latency = 0> <II = 1> <Delay = 0.30> <FuncUnit> <Opcode : 'select'> <InPorts = 3> <OutPorts = 1>
ST_5 : Operation 64 [1/1] (1.36ns)   --->   "%write_ln235 = write void @_ssdm_op_Write.ap_fifo.volatile.i8P0A, i8 %norm_out_113, i8 %q_out_V" [/home/fede/PhD/transformer-hls/hls/include/normalizations.hpp:235]   --->   Operation 64 'write' 'write_ln235' <Predicate = true> <Delay = 1.36> <CoreInst = "FIFO_SRL">   --->   Core 81 'FIFO_SRL' <Latency = 0> <II = 1> <Delay = 1.36> <Storage> <Opcode : 'read' 'write' 'nbread' 'nbwrite'> <Ports = 0> <Width = 8> <Depth = 2> <FIFO>
ST_5 : Operation 65 [1/1] (0.00ns)   --->   "%br_ln186 = br void %for.body8.i" [/home/fede/PhD/transformer-hls/hls/include/normalizations.hpp:186]   --->   Operation 65 'br' 'br_ln186' <Predicate = true> <Delay = 0.00>


============================================================
+ Verbose Summary: Binding
============================================================
STG Binding: 
---------------- STG Properties BEGIN ----------------
- Is combinational: 0
- Is one-state seq: 0
- Is datapath-only: 0
- Is pipelined: 0
- Is top level: 0
Port [ Return ] is wired: 1; IO mode=ap_ctrl_hs:ce=0
Port [ x212]:  wired=1; compound=1; hidden=0; nouse=0; global=0; static=0; extern=0; dir=0; type=3; pingpong=0; private_global=0; IO mode=ap_fifo:ce=0
Port [ norm_out_113]:  wired=1; compound=1; hidden=0; nouse=0; global=0; static=0; extern=0; dir=1; type=3; pingpong=0; private_global=0; IO mode=ap_fifo:ce=0
Port [ bn1_mul_1]:  wired=0; compound=1; hidden=1; nouse=0; global=1; static=1; extern=0; dir=0; type=1; pingpong=0; private_global=1; MemPort=[1]; IO mode=ap_memory:ce=0
Port [ bn1_add_1]:  wired=0; compound=1; hidden=1; nouse=0; global=1; static=1; extern=0; dir=0; type=1; pingpong=0; private_global=1; MemPort=[1]; IO mode=ap_memory:ce=0
---------------- STG Properties END ------------------

---------------- Datapath Model BEGIN ----------------

<LifeTime>
<method=bitvector/>
c                   (alloca           ) [ 010000]
indvar_flatten      (alloca           ) [ 010000]
specinterface_ln0   (specinterface    ) [ 000000]
specinterface_ln0   (specinterface    ) [ 000000]
store_ln185         (store            ) [ 000000]
store_ln185         (store            ) [ 000000]
br_ln185            (br               ) [ 000000]
indvar_flatten_load (load             ) [ 000000]
icmp_ln185          (icmp             ) [ 011110]
add_ln185           (add              ) [ 000000]
br_ln185            (br               ) [ 000000]
c_load              (load             ) [ 000000]
icmp_ln186          (icmp             ) [ 000000]
select_ln185        (select           ) [ 000000]
zext_ln186          (zext             ) [ 000000]
bn1_mul_1_addr      (getelementptr    ) [ 011000]
bn1_add_1_addr      (getelementptr    ) [ 011000]
add_ln186           (add              ) [ 000000]
store_ln186         (store            ) [ 000000]
store_ln186         (store            ) [ 000000]
in_word_V           (read             ) [ 000000]
bn1_mul_1_load      (load             ) [ 000000]
sext_ln206          (sext             ) [ 010111]
zext_ln206          (zext             ) [ 010111]
bn1_add_1_load      (load             ) [ 010111]
specloopname_ln0    (specloopname     ) [ 000000]
empty               (speclooptripcount) [ 000000]
specpipeline_ln187  (specpipeline     ) [ 000000]
specloopname_ln186  (specloopname     ) [ 000000]
mul_ln206           (mul              ) [ 000000]
sext_ln207          (sext             ) [ 000000]
sext_ln206_1        (sext             ) [ 000000]
sext_ln206_2        (sext             ) [ 000000]
acc_V               (add              ) [ 000000]
tmp                 (bitselect        ) [ 000000]
add_ln35            (add              ) [ 000000]
ret_V               (add              ) [ 000000]
trunc_ln            (partselect       ) [ 000000]
zext_ln209          (zext             ) [ 000000]
ret_V_23            (sub              ) [ 000000]
trunc_ln19          (partselect       ) [ 000000]
zext_ln38           (zext             ) [ 000000]
rq_V                (sub              ) [ 000000]
rq_V_22             (select           ) [ 000000]
tmp_23              (partselect       ) [ 000000]
icmp_ln1035         (icmp             ) [ 000000]
icmp_ln1027         (icmp             ) [ 000000]
trunc_ln223         (trunc            ) [ 000000]
select_ln223        (select           ) [ 000000]
or_ln223            (or               ) [ 000000]
q_out_V             (select           ) [ 000000]
write_ln235         (write            ) [ 000000]
br_ln186            (br               ) [ 000000]
ret_ln169           (ret              ) [ 000000]
</LifeTime>

<model>

<comp_list>
<comp id="0" class="1000" name="x212">
<pin_list>
<pin id="1" dir="1" index="0" bw="1" slack="0"/>
</pin_list>
<bind>
<StgValue><ssdm name="x212"/></StgValue>
</bind>
</comp>

<comp id="2" class="1000" name="norm_out_113">
<pin_list>
<pin id="3" dir="1" index="0" bw="1" slack="0"/>
</pin_list>
<bind>
<StgValue><ssdm name="norm_out_113"/></StgValue>
</bind>
</comp>

<comp id="4" class="1000" name="bn1_mul_1">
<pin_list>
<pin id="5" dir="1" index="0" bw="1" slack="0"/>
</pin_list>
<bind>
<StgValue><ssdm name="bn1_mul_1"/><MemPortTyVec>1 </MemPortTyVec>
</StgValue>
</bind>
</comp>

<comp id="6" class="1000" name="bn1_add_1">
<pin_list>
<pin id="7" dir="1" index="0" bw="1" slack="0"/>
</pin_list>
<bind>
<StgValue><ssdm name="bn1_add_1"/><MemPortTyVec>1 </MemPortTyVec>
</StgValue>
</bind>
</comp>

<comp id="8" class="1001" name="const_8">
<pin_list>
<pin id="9" dir="1" index="0" bw="1" slack="0"/>
</pin_list>
<bind>
<StgValue><ssdm name=""/></StgValue>
</bind>
</comp>

<comp id="10" class="1001" name="const_10">
<pin_list>
<pin id="11" dir="1" index="0" bw="1" slack="2147483647"/>
</pin_list>
<bind>
<StgValue><ssdm name="_ssdm_op_SpecInterface"/></StgValue>
</bind>
</comp>

<comp id="12" class="1001" name="const_12">
<pin_list>
<pin id="13" dir="1" index="0" bw="1" slack="2147483647"/>
</pin_list>
<bind>
<StgValue><ssdm name="empty_0"/></StgValue>
</bind>
</comp>

<comp id="14" class="1001" name="const_14">
<pin_list>
<pin id="15" dir="1" index="0" bw="1" slack="2147483647"/>
</pin_list>
<bind>
<StgValue><ssdm name=""/></StgValue>
</bind>
</comp>

<comp id="16" class="1001" name="const_16">
<pin_list>
<pin id="17" dir="1" index="0" bw="1" slack="2147483647"/>
</pin_list>
<bind>
<StgValue><ssdm name="empty_26"/></StgValue>
</bind>
</comp>

<comp id="18" class="1001" name="const_18">
<pin_list>
<pin id="19" dir="1" index="0" bw="1" slack="2147483647"/>
</pin_list>
<bind>
<StgValue><ssdm name=""/></StgValue>
</bind>
</comp>

<comp id="20" class="1001" name="const_20">
<pin_list>
<pin id="21" dir="1" index="0" bw="1" slack="0"/>
</pin_list>
<bind>
<StgValue><ssdm name=""/></StgValue>
</bind>
</comp>

<comp id="22" class="1001" name="const_22">
<pin_list>
<pin id="23" dir="1" index="0" bw="1" slack="0"/>
</pin_list>
<bind>
<StgValue><ssdm name=""/></StgValue>
</bind>
</comp>

<comp id="24" class="1001" name="const_24">
<pin_list>
<pin id="25" dir="1" index="0" bw="1" slack="0"/>
</pin_list>
<bind>
<StgValue><ssdm name=""/></StgValue>
</bind>
</comp>

<comp id="26" class="1001" name="const_26">
<pin_list>
<pin id="27" dir="1" index="0" bw="1" slack="0"/>
</pin_list>
<bind>
<StgValue><ssdm name=""/></StgValue>
</bind>
</comp>

<comp id="28" class="1001" name="const_28">
<pin_list>
<pin id="29" dir="1" index="0" bw="1" slack="0"/>
</pin_list>
<bind>
<StgValue><ssdm name=""/></StgValue>
</bind>
</comp>

<comp id="30" class="1001" name="const_30">
<pin_list>
<pin id="31" dir="1" index="0" bw="1" slack="0"/>
</pin_list>
<bind>
<StgValue><ssdm name=""/></StgValue>
</bind>
</comp>

<comp id="32" class="1001" name="const_32">
<pin_list>
<pin id="33" dir="1" index="0" bw="1" slack="0"/>
</pin_list>
<bind>
<StgValue><ssdm name=""/></StgValue>
</bind>
</comp>

<comp id="34" class="1001" name="const_34">
<pin_list>
<pin id="35" dir="1" index="0" bw="1" slack="0"/>
</pin_list>
<bind>
<StgValue><ssdm name="_ssdm_op_Read.ap_fifo.volatile.i8P0A"/></StgValue>
</bind>
</comp>

<comp id="36" class="1001" name="const_36">
<pin_list>
<pin id="37" dir="1" index="0" bw="1" slack="2147483647"/>
</pin_list>
<bind>
<StgValue><ssdm name="_ssdm_op_SpecLoopName"/></StgValue>
</bind>
</comp>

<comp id="38" class="1001" name="const_38">
<pin_list>
<pin id="39" dir="1" index="0" bw="1" slack="2147483647"/>
</pin_list>
<bind>
<StgValue><ssdm name="VITIS_LOOP_185_1_VITIS_LOOP_186_2_str"/></StgValue>
</bind>
</comp>

<comp id="40" class="1001" name="const_40">
<pin_list>
<pin id="41" dir="1" index="0" bw="1" slack="2147483647"/>
</pin_list>
<bind>
<StgValue><ssdm name="_ssdm_op_SpecLoopTripCount"/></StgValue>
</bind>
</comp>

<comp id="42" class="1001" name="const_42">
<pin_list>
<pin id="43" dir="1" index="0" bw="1" slack="2147483647"/>
</pin_list>
<bind>
<StgValue><ssdm name=""/></StgValue>
</bind>
</comp>

<comp id="44" class="1001" name="const_44">
<pin_list>
<pin id="45" dir="1" index="0" bw="1" slack="2147483647"/>
</pin_list>
<bind>
<StgValue><ssdm name="_ssdm_op_SpecPipeline"/></StgValue>
</bind>
</comp>

<comp id="46" class="1001" name="const_46">
<pin_list>
<pin id="47" dir="1" index="0" bw="1" slack="2147483647"/>
</pin_list>
<bind>
<StgValue><ssdm name="empty_8"/></StgValue>
</bind>
</comp>

<comp id="48" class="1001" name="const_48">
<pin_list>
<pin id="49" dir="1" index="0" bw="1" slack="0"/>
</pin_list>
<bind>
<StgValue><ssdm name="_ssdm_op_BitSelect.i1.i25.i32"/></StgValue>
</bind>
</comp>

<comp id="50" class="1001" name="const_50">
<pin_list>
<pin id="51" dir="1" index="0" bw="1" slack="0"/>
</pin_list>
<bind>
<StgValue><ssdm name=""/></StgValue>
</bind>
</comp>

<comp id="52" class="1001" name="const_52">
<pin_list>
<pin id="53" dir="1" index="0" bw="1" slack="0"/>
</pin_list>
<bind>
<StgValue><ssdm name=""/></StgValue>
</bind>
</comp>

<comp id="54" class="1001" name="const_54">
<pin_list>
<pin id="55" dir="1" index="0" bw="1" slack="0"/>
</pin_list>
<bind>
<StgValue><ssdm name="_ssdm_op_PartSelect.i8.i24.i32.i32"/></StgValue>
</bind>
</comp>

<comp id="56" class="1001" name="const_56">
<pin_list>
<pin id="57" dir="1" index="0" bw="1" slack="0"/>
</pin_list>
<bind>
<StgValue><ssdm name=""/></StgValue>
</bind>
</comp>

<comp id="58" class="1001" name="const_58">
<pin_list>
<pin id="59" dir="1" index="0" bw="1" slack="0"/>
</pin_list>
<bind>
<StgValue><ssdm name=""/></StgValue>
</bind>
</comp>

<comp id="60" class="1001" name="const_60">
<pin_list>
<pin id="61" dir="1" index="0" bw="1" slack="0"/>
</pin_list>
<bind>
<StgValue><ssdm name=""/></StgValue>
</bind>
</comp>

<comp id="62" class="1001" name="const_62">
<pin_list>
<pin id="63" dir="1" index="0" bw="1" slack="0"/>
</pin_list>
<bind>
<StgValue><ssdm name="_ssdm_op_PartSelect.i2.i9.i32.i32"/></StgValue>
</bind>
</comp>

<comp id="64" class="1001" name="const_64">
<pin_list>
<pin id="65" dir="1" index="0" bw="1" slack="0"/>
</pin_list>
<bind>
<StgValue><ssdm name=""/></StgValue>
</bind>
</comp>

<comp id="66" class="1001" name="const_66">
<pin_list>
<pin id="67" dir="1" index="0" bw="1" slack="0"/>
</pin_list>
<bind>
<StgValue><ssdm name=""/></StgValue>
</bind>
</comp>

<comp id="68" class="1001" name="const_68">
<pin_list>
<pin id="69" dir="1" index="0" bw="1" slack="0"/>
</pin_list>
<bind>
<StgValue><ssdm name=""/></StgValue>
</bind>
</comp>

<comp id="70" class="1001" name="const_70">
<pin_list>
<pin id="71" dir="1" index="0" bw="1" slack="0"/>
</pin_list>
<bind>
<StgValue><ssdm name=""/></StgValue>
</bind>
</comp>

<comp id="72" class="1001" name="const_72">
<pin_list>
<pin id="73" dir="1" index="0" bw="1" slack="0"/>
</pin_list>
<bind>
<StgValue><ssdm name=""/></StgValue>
</bind>
</comp>

<comp id="74" class="1001" name="const_74">
<pin_list>
<pin id="75" dir="1" index="0" bw="1" slack="0"/>
</pin_list>
<bind>
<StgValue><ssdm name=""/></StgValue>
</bind>
</comp>

<comp id="76" class="1001" name="const_76">
<pin_list>
<pin id="77" dir="1" index="0" bw="1" slack="0"/>
</pin_list>
<bind>
<StgValue><ssdm name="_ssdm_op_Write.ap_fifo.volatile.i8P0A"/></StgValue>
</bind>
</comp>

<comp id="78" class="1004" name="c_fu_78">
<pin_list>
<pin id="79" dir="0" index="0" bw="1" slack="0"/>
<pin id="80" dir="1" index="1" bw="8" slack="0"/>
</pin_list>
<bind>
<opcode="alloca(26) " fcode="alloca"/>
<opset="c/1 "/>
</bind>
</comp>

<comp id="82" class="1004" name="indvar_flatten_fu_82">
<pin_list>
<pin id="83" dir="0" index="0" bw="1" slack="0"/>
<pin id="84" dir="1" index="1" bw="12" slack="0"/>
</pin_list>
<bind>
<opcode="alloca(26) " fcode="alloca"/>
<opset="indvar_flatten/1 "/>
</bind>
</comp>

<comp id="86" class="1004" name="in_word_V_read_fu_86">
<pin_list>
<pin id="87" dir="0" index="0" bw="8" slack="0"/>
<pin id="88" dir="0" index="1" bw="8" slack="0"/>
<pin id="89" dir="1" index="2" bw="8" slack="0"/>
</pin_list>
<bind>
<opcode="read(1150) " fcode="read"/>
<opset="in_word_V/2 "/>
</bind>
</comp>

<comp id="92" class="1004" name="write_ln235_write_fu_92">
<pin_list>
<pin id="93" dir="0" index="0" bw="0" slack="0"/>
<pin id="94" dir="0" index="1" bw="8" slack="0"/>
<pin id="95" dir="0" index="2" bw="8" slack="0"/>
<pin id="96" dir="1" index="3" bw="0" slack="2147483647"/>
</pin_list>
<bind>
<opcode="write(1151) " fcode="write"/>
<opset="write_ln235/5 "/>
</bind>
</comp>

<comp id="99" class="1004" name="bn1_mul_1_addr_gep_fu_99">
<pin_list>
<pin id="100" dir="0" index="0" bw="16" slack="0"/>
<pin id="101" dir="0" index="1" bw="1" slack="0"/>
<pin id="102" dir="0" index="2" bw="8" slack="0"/>
<pin id="103" dir="1" index="3" bw="8" slack="0"/>
</pin_list>
<bind>
<opcode="getelementptr(29) " fcode="getelementptr"/>
<opset="bn1_mul_1_addr/1 "/>
</bind>
</comp>

<comp id="106" class="1004" name="grp_access_fu_106">
<pin_list>
<pin id="107" dir="0" index="0" bw="8" slack="0"/>
<pin id="108" dir="0" index="1" bw="16" slack="2147483647"/>
<pin id="109" dir="0" index="2" bw="0" slack="2147483647"/>
<pin id="110" dir="1" index="3" bw="16" slack="0"/>
</pin_list>
<bind>
<opcode="load(27) " fcode="load"/>
<opset="bn1_mul_1_load/1 "/>
</bind>
</comp>

<comp id="112" class="1004" name="bn1_add_1_addr_gep_fu_112">
<pin_list>
<pin id="113" dir="0" index="0" bw="23" slack="0"/>
<pin id="114" dir="0" index="1" bw="1" slack="0"/>
<pin id="115" dir="0" index="2" bw="8" slack="0"/>
<pin id="116" dir="1" index="3" bw="8" slack="0"/>
</pin_list>
<bind>
<opcode="getelementptr(29) " fcode="getelementptr"/>
<opset="bn1_add_1_addr/1 "/>
</bind>
</comp>

<comp id="119" class="1004" name="grp_access_fu_119">
<pin_list>
<pin id="120" dir="0" index="0" bw="8" slack="0"/>
<pin id="121" dir="0" index="1" bw="23" slack="2147483647"/>
<pin id="122" dir="0" index="2" bw="0" slack="2147483647"/>
<pin id="123" dir="1" index="3" bw="23" slack="3"/>
</pin_list>
<bind>
<opcode="load(27) " fcode="load"/>
<opset="bn1_add_1_load/1 "/>
</bind>
</comp>

<comp id="125" class="1004" name="store_ln185_store_fu_125">
<pin_list>
<pin id="126" dir="0" index="0" bw="1" slack="0"/>
<pin id="127" dir="0" index="1" bw="12" slack="0"/>
<pin id="128" dir="1" index="2" bw="0" slack="2147483647"/>
</pin_list>
<bind>
<opcode="store(28) " fcode="store"/>
<opset="store_ln185/1 "/>
</bind>
</comp>

<comp id="130" class="1004" name="store_ln185_store_fu_130">
<pin_list>
<pin id="131" dir="0" index="0" bw="1" slack="0"/>
<pin id="132" dir="0" index="1" bw="8" slack="0"/>
<pin id="133" dir="1" index="2" bw="0" slack="2147483647"/>
</pin_list>
<bind>
<opcode="store(28) " fcode="store"/>
<opset="store_ln185/1 "/>
</bind>
</comp>

<comp id="135" class="1004" name="indvar_flatten_load_load_fu_135">
<pin_list>
<pin id="136" dir="0" index="0" bw="12" slack="0"/>
<pin id="137" dir="1" index="1" bw="12" slack="0"/>
</pin_list>
<bind>
<opcode="load(27) " fcode="load"/>
<opset="indvar_flatten_load/1 "/>
</bind>
</comp>

<comp id="138" class="1004" name="icmp_ln185_fu_138">
<pin_list>
<pin id="139" dir="0" index="0" bw="12" slack="0"/>
<pin id="140" dir="0" index="1" bw="12" slack="0"/>
<pin id="141" dir="1" index="2" bw="1" slack="3"/>
</pin_list>
<bind>
<opcode="icmp(45) " fcode="icmp"/>
<opset="icmp_ln185/1 "/>
</bind>
</comp>

<comp id="144" class="1004" name="add_ln185_fu_144">
<pin_list>
<pin id="145" dir="0" index="0" bw="12" slack="0"/>
<pin id="146" dir="0" index="1" bw="1" slack="0"/>
<pin id="147" dir="1" index="2" bw="12" slack="0"/>
</pin_list>
<bind>
<opcode="add(8) " fcode="add"/>
<opset="add_ln185/1 "/>
</bind>
</comp>

<comp id="150" class="1004" name="c_load_load_fu_150">
<pin_list>
<pin id="151" dir="0" index="0" bw="8" slack="0"/>
<pin id="152" dir="1" index="1" bw="8" slack="0"/>
</pin_list>
<bind>
<opcode="load(27) " fcode="load"/>
<opset="c_load/1 "/>
</bind>
</comp>

<comp id="153" class="1004" name="icmp_ln186_fu_153">
<pin_list>
<pin id="154" dir="0" index="0" bw="8" slack="0"/>
<pin id="155" dir="0" index="1" bw="8" slack="0"/>
<pin id="156" dir="1" index="2" bw="1" slack="0"/>
</pin_list>
<bind>
<opcode="icmp(45) " fcode="icmp"/>
<opset="icmp_ln186/1 "/>
</bind>
</comp>

<comp id="159" class="1004" name="select_ln185_fu_159">
<pin_list>
<pin id="160" dir="0" index="0" bw="1" slack="0"/>
<pin id="161" dir="0" index="1" bw="8" slack="0"/>
<pin id="162" dir="0" index="2" bw="8" slack="0"/>
<pin id="163" dir="1" index="3" bw="8" slack="0"/>
</pin_list>
<bind>
<opcode="select(49) " fcode="select"/>
<opset="select_ln185/1 "/>
</bind>
</comp>

<comp id="167" class="1004" name="zext_ln186_fu_167">
<pin_list>
<pin id="168" dir="0" index="0" bw="8" slack="0"/>
<pin id="169" dir="1" index="1" bw="64" slack="0"/>
</pin_list>
<bind>
<opcode="zext(34) " fcode="zext"/>
<opset="zext_ln186/1 "/>
</bind>
</comp>

<comp id="173" class="1004" name="add_ln186_fu_173">
<pin_list>
<pin id="174" dir="0" index="0" bw="8" slack="0"/>
<pin id="175" dir="0" index="1" bw="1" slack="0"/>
<pin id="176" dir="1" index="2" bw="8" slack="0"/>
</pin_list>
<bind>
<opcode="add(8) " fcode="add"/>
<opset="add_ln186/1 "/>
</bind>
</comp>

<comp id="179" class="1004" name="store_ln186_store_fu_179">
<pin_list>
<pin id="180" dir="0" index="0" bw="12" slack="0"/>
<pin id="181" dir="0" index="1" bw="12" slack="0"/>
<pin id="182" dir="1" index="2" bw="0" slack="2147483647"/>
</pin_list>
<bind>
<opcode="store(28) " fcode="store"/>
<opset="store_ln186/1 "/>
</bind>
</comp>

<comp id="184" class="1004" name="store_ln186_store_fu_184">
<pin_list>
<pin id="185" dir="0" index="0" bw="8" slack="0"/>
<pin id="186" dir="0" index="1" bw="8" slack="0"/>
<pin id="187" dir="1" index="2" bw="0" slack="2147483647"/>
</pin_list>
<bind>
<opcode="store(28) " fcode="store"/>
<opset="store_ln186/1 "/>
</bind>
</comp>

<comp id="189" class="1004" name="sext_ln206_fu_189">
<pin_list>
<pin id="190" dir="0" index="0" bw="8" slack="0"/>
<pin id="191" dir="1" index="1" bw="24" slack="0"/>
</pin_list>
<bind>
<opcode="sext(35) " fcode="sext"/>
<opset="sext_ln206/2 "/>
</bind>
</comp>

<comp id="193" class="1004" name="zext_ln206_fu_193">
<pin_list>
<pin id="194" dir="0" index="0" bw="16" slack="0"/>
<pin id="195" dir="1" index="1" bw="24" slack="0"/>
</pin_list>
<bind>
<opcode="zext(34) " fcode="zext"/>
<opset="zext_ln206/2 "/>
</bind>
</comp>

<comp id="197" class="1004" name="sext_ln207_fu_197">
<pin_list>
<pin id="198" dir="0" index="0" bw="24" slack="0"/>
<pin id="199" dir="1" index="1" bw="25" slack="0"/>
</pin_list>
<bind>
<opcode="sext(35) " fcode="sext"/>
<opset="sext_ln207/5 "/>
</bind>
</comp>

<comp id="200" class="1004" name="sext_ln206_1_fu_200">
<pin_list>
<pin id="201" dir="0" index="0" bw="23" slack="3"/>
<pin id="202" dir="1" index="1" bw="25" slack="0"/>
</pin_list>
<bind>
<opcode="sext(35) " fcode="sext"/>
<opset="sext_ln206_1/5 "/>
</bind>
</comp>

<comp id="203" class="1004" name="sext_ln206_2_fu_203">
<pin_list>
<pin id="204" dir="0" index="0" bw="23" slack="3"/>
<pin id="205" dir="1" index="1" bw="24" slack="0"/>
</pin_list>
<bind>
<opcode="sext(35) " fcode="sext"/>
<opset="sext_ln206_2/5 "/>
</bind>
</comp>

<comp id="206" class="1004" name="acc_V_fu_206">
<pin_list>
<pin id="207" dir="0" index="0" bw="24" slack="0"/>
<pin id="208" dir="0" index="1" bw="23" slack="0"/>
<pin id="209" dir="1" index="2" bw="25" slack="0"/>
</pin_list>
<bind>
<opcode="add(8) " fcode="add"/>
<opset="acc_V/5 "/>
</bind>
</comp>

<comp id="212" class="1004" name="tmp_fu_212">
<pin_list>
<pin id="213" dir="0" index="0" bw="1" slack="0"/>
<pin id="214" dir="0" index="1" bw="25" slack="0"/>
<pin id="215" dir="0" index="2" bw="6" slack="0"/>
<pin id="216" dir="1" index="3" bw="1" slack="0"/>
</pin_list>
<bind>
<opcode="bitselect(1000) " fcode="bitselect"/>
<opset="tmp/5 "/>
</bind>
</comp>

<comp id="220" class="1004" name="add_ln35_fu_220">
<pin_list>
<pin id="221" dir="0" index="0" bw="24" slack="0"/>
<pin id="222" dir="0" index="1" bw="23" slack="0"/>
<pin id="223" dir="1" index="2" bw="24" slack="0"/>
</pin_list>
<bind>
<opcode="add(8) " fcode="add"/>
<opset="add_ln35/5 "/>
</bind>
</comp>

<comp id="225" class="1004" name="ret_V_fu_225">
<pin_list>
<pin id="226" dir="0" index="0" bw="24" slack="0"/>
<pin id="227" dir="0" index="1" bw="17" slack="0"/>
<pin id="228" dir="1" index="2" bw="24" slack="0"/>
</pin_list>
<bind>
<opcode="add(8) " fcode="add"/>
<opset="ret_V/5 "/>
</bind>
</comp>

<comp id="231" class="1004" name="trunc_ln_fu_231">
<pin_list>
<pin id="232" dir="0" index="0" bw="8" slack="0"/>
<pin id="233" dir="0" index="1" bw="24" slack="0"/>
<pin id="234" dir="0" index="2" bw="6" slack="0"/>
<pin id="235" dir="0" index="3" bw="6" slack="0"/>
<pin id="236" dir="1" index="4" bw="8" slack="0"/>
</pin_list>
<bind>
<opcode="partselect(1002) " fcode="partselect"/>
<opset="trunc_ln/5 "/>
</bind>
</comp>

<comp id="241" class="1004" name="zext_ln209_fu_241">
<pin_list>
<pin id="242" dir="0" index="0" bw="8" slack="0"/>
<pin id="243" dir="1" index="1" bw="9" slack="0"/>
</pin_list>
<bind>
<opcode="zext(34) " fcode="zext"/>
<opset="zext_ln209/5 "/>
</bind>
</comp>

<comp id="245" class="1004" name="ret_V_23_fu_245">
<pin_list>
<pin id="246" dir="0" index="0" bw="17" slack="0"/>
<pin id="247" dir="0" index="1" bw="24" slack="0"/>
<pin id="248" dir="1" index="2" bw="24" slack="0"/>
</pin_list>
<bind>
<opcode="sub(10) " fcode="sub"/>
<opset="ret_V_23/5 "/>
</bind>
</comp>

<comp id="251" class="1004" name="trunc_ln19_fu_251">
<pin_list>
<pin id="252" dir="0" index="0" bw="8" slack="0"/>
<pin id="253" dir="0" index="1" bw="24" slack="0"/>
<pin id="254" dir="0" index="2" bw="6" slack="0"/>
<pin id="255" dir="0" index="3" bw="6" slack="0"/>
<pin id="256" dir="1" index="4" bw="8" slack="0"/>
</pin_list>
<bind>
<opcode="partselect(1002) " fcode="partselect"/>
<opset="trunc_ln19/5 "/>
</bind>
</comp>

<comp id="261" class="1004" name="zext_ln38_fu_261">
<pin_list>
<pin id="262" dir="0" index="0" bw="8" slack="0"/>
<pin id="263" dir="1" index="1" bw="9" slack="0"/>
</pin_list>
<bind>
<opcode="zext(34) " fcode="zext"/>
<opset="zext_ln38/5 "/>
</bind>
</comp>

<comp id="265" class="1004" name="rq_V_fu_265">
<pin_list>
<pin id="266" dir="0" index="0" bw="1" slack="0"/>
<pin id="267" dir="0" index="1" bw="8" slack="0"/>
<pin id="268" dir="1" index="2" bw="9" slack="0"/>
</pin_list>
<bind>
<opcode="sub(10) " fcode="sub"/>
<opset="rq_V/5 "/>
</bind>
</comp>

<comp id="271" class="1004" name="rq_V_22_fu_271">
<pin_list>
<pin id="272" dir="0" index="0" bw="1" slack="0"/>
<pin id="273" dir="0" index="1" bw="9" slack="0"/>
<pin id="274" dir="0" index="2" bw="9" slack="0"/>
<pin id="275" dir="1" index="3" bw="9" slack="0"/>
</pin_list>
<bind>
<opcode="select(49) " fcode="select"/>
<opset="rq_V_22/5 "/>
</bind>
</comp>

<comp id="279" class="1004" name="tmp_23_fu_279">
<pin_list>
<pin id="280" dir="0" index="0" bw="2" slack="0"/>
<pin id="281" dir="0" index="1" bw="9" slack="0"/>
<pin id="282" dir="0" index="2" bw="4" slack="0"/>
<pin id="283" dir="0" index="3" bw="5" slack="0"/>
<pin id="284" dir="1" index="4" bw="2" slack="0"/>
</pin_list>
<bind>
<opcode="partselect(1002) " fcode="partselect"/>
<opset="tmp_23/5 "/>
</bind>
</comp>

<comp id="289" class="1004" name="icmp_ln1035_fu_289">
<pin_list>
<pin id="290" dir="0" index="0" bw="2" slack="0"/>
<pin id="291" dir="0" index="1" bw="2" slack="0"/>
<pin id="292" dir="1" index="2" bw="1" slack="0"/>
</pin_list>
<bind>
<opcode="icmp(45) " fcode="icmp"/>
<opset="icmp_ln1035/5 "/>
</bind>
</comp>

<comp id="295" class="1004" name="icmp_ln1027_fu_295">
<pin_list>
<pin id="296" dir="0" index="0" bw="9" slack="0"/>
<pin id="297" dir="0" index="1" bw="9" slack="0"/>
<pin id="298" dir="1" index="2" bw="1" slack="0"/>
</pin_list>
<bind>
<opcode="icmp(45) " fcode="icmp"/>
<opset="icmp_ln1027/5 "/>
</bind>
</comp>

<comp id="301" class="1004" name="trunc_ln223_fu_301">
<pin_list>
<pin id="302" dir="0" index="0" bw="9" slack="0"/>
<pin id="303" dir="1" index="1" bw="8" slack="0"/>
</pin_list>
<bind>
<opcode="trunc(33) " fcode="trunc"/>
<opset="trunc_ln223/5 "/>
</bind>
</comp>

<comp id="305" class="1004" name="select_ln223_fu_305">
<pin_list>
<pin id="306" dir="0" index="0" bw="1" slack="0"/>
<pin id="307" dir="0" index="1" bw="8" slack="0"/>
<pin id="308" dir="0" index="2" bw="8" slack="0"/>
<pin id="309" dir="1" index="3" bw="8" slack="0"/>
</pin_list>
<bind>
<opcode="select(49) " fcode="select"/>
<opset="select_ln223/5 "/>
</bind>
</comp>

<comp id="313" class="1004" name="or_ln223_fu_313">
<pin_list>
<pin id="314" dir="0" index="0" bw="1" slack="0"/>
<pin id="315" dir="0" index="1" bw="1" slack="0"/>
<pin id="316" dir="1" index="2" bw="1" slack="0"/>
</pin_list>
<bind>
<opcode="or(24) " fcode="or"/>
<opset="or_ln223/5 "/>
</bind>
</comp>

<comp id="319" class="1004" name="q_out_V_fu_319">
<pin_list>
<pin id="320" dir="0" index="0" bw="1" slack="0"/>
<pin id="321" dir="0" index="1" bw="8" slack="0"/>
<pin id="322" dir="0" index="2" bw="8" slack="0"/>
<pin id="323" dir="1" index="3" bw="8" slack="0"/>
</pin_list>
<bind>
<opcode="select(49) " fcode="select"/>
<opset="q_out_V/5 "/>
</bind>
</comp>

<comp id="328" class="1007" name="grp_fu_328">
<pin_list>
<pin id="329" dir="0" index="0" bw="16" slack="0"/>
<pin id="330" dir="0" index="1" bw="8" slack="0"/>
<pin id="331" dir="1" index="2" bw="24" slack="0"/>
</pin_list>
<bind>
<opcode="mul(12) " fcode="mul"/>
<opset="mul_ln206/2 "/>
</bind>
</comp>

<comp id="336" class="1005" name="c_reg_336">
<pin_list>
<pin id="337" dir="0" index="0" bw="8" slack="0"/>
<pin id="338" dir="1" index="1" bw="8" slack="0"/>
</pin_list>
<bind>
<opset="c "/>
</bind>
</comp>

<comp id="343" class="1005" name="indvar_flatten_reg_343">
<pin_list>
<pin id="344" dir="0" index="0" bw="12" slack="0"/>
<pin id="345" dir="1" index="1" bw="12" slack="0"/>
</pin_list>
<bind>
<opset="indvar_flatten "/>
</bind>
</comp>

<comp id="350" class="1005" name="icmp_ln185_reg_350">
<pin_list>
<pin id="351" dir="0" index="0" bw="1" slack="3"/>
<pin id="352" dir="1" index="1" bw="1" slack="2147483647"/>
</pin_list>
<bind>
<opset="icmp_ln185 "/>
</bind>
</comp>

<comp id="354" class="1005" name="bn1_mul_1_addr_reg_354">
<pin_list>
<pin id="355" dir="0" index="0" bw="8" slack="1"/>
<pin id="356" dir="1" index="1" bw="8" slack="1"/>
</pin_list>
<bind>
<opset="bn1_mul_1_addr "/>
</bind>
</comp>

<comp id="359" class="1005" name="bn1_add_1_addr_reg_359">
<pin_list>
<pin id="360" dir="0" index="0" bw="8" slack="1"/>
<pin id="361" dir="1" index="1" bw="8" slack="1"/>
</pin_list>
<bind>
<opset="bn1_add_1_addr "/>
</bind>
</comp>

<comp id="364" class="1005" name="sext_ln206_reg_364">
<pin_list>
<pin id="365" dir="0" index="0" bw="24" slack="1"/>
<pin id="366" dir="1" index="1" bw="24" slack="1"/>
</pin_list>
<bind>
<opset="sext_ln206 "/>
</bind>
</comp>

<comp id="369" class="1005" name="zext_ln206_reg_369">
<pin_list>
<pin id="370" dir="0" index="0" bw="24" slack="1"/>
<pin id="371" dir="1" index="1" bw="24" slack="1"/>
</pin_list>
<bind>
<opset="zext_ln206 "/>
</bind>
</comp>

<comp id="374" class="1005" name="bn1_add_1_load_reg_374">
<pin_list>
<pin id="375" dir="0" index="0" bw="23" slack="3"/>
<pin id="376" dir="1" index="1" bw="23" slack="3"/>
</pin_list>
<bind>
<opset="bn1_add_1_load "/>
</bind>
</comp>

</comp_list>

<net_list>
<net id="81"><net_src comp="8" pin="0"/><net_sink comp="78" pin=0"/></net>

<net id="85"><net_src comp="8" pin="0"/><net_sink comp="82" pin=0"/></net>

<net id="90"><net_src comp="34" pin="0"/><net_sink comp="86" pin=0"/></net>

<net id="91"><net_src comp="0" pin="0"/><net_sink comp="86" pin=1"/></net>

<net id="97"><net_src comp="76" pin="0"/><net_sink comp="92" pin=0"/></net>

<net id="98"><net_src comp="2" pin="0"/><net_sink comp="92" pin=1"/></net>

<net id="104"><net_src comp="4" pin="0"/><net_sink comp="99" pin=0"/></net>

<net id="105"><net_src comp="30" pin="0"/><net_sink comp="99" pin=1"/></net>

<net id="111"><net_src comp="99" pin="3"/><net_sink comp="106" pin=0"/></net>

<net id="117"><net_src comp="6" pin="0"/><net_sink comp="112" pin=0"/></net>

<net id="118"><net_src comp="30" pin="0"/><net_sink comp="112" pin=1"/></net>

<net id="124"><net_src comp="112" pin="3"/><net_sink comp="119" pin=0"/></net>

<net id="129"><net_src comp="20" pin="0"/><net_sink comp="125" pin=0"/></net>

<net id="134"><net_src comp="22" pin="0"/><net_sink comp="130" pin=0"/></net>

<net id="142"><net_src comp="135" pin="1"/><net_sink comp="138" pin=0"/></net>

<net id="143"><net_src comp="24" pin="0"/><net_sink comp="138" pin=1"/></net>

<net id="148"><net_src comp="135" pin="1"/><net_sink comp="144" pin=0"/></net>

<net id="149"><net_src comp="26" pin="0"/><net_sink comp="144" pin=1"/></net>

<net id="157"><net_src comp="150" pin="1"/><net_sink comp="153" pin=0"/></net>

<net id="158"><net_src comp="28" pin="0"/><net_sink comp="153" pin=1"/></net>

<net id="164"><net_src comp="153" pin="2"/><net_sink comp="159" pin=0"/></net>

<net id="165"><net_src comp="22" pin="0"/><net_sink comp="159" pin=1"/></net>

<net id="166"><net_src comp="150" pin="1"/><net_sink comp="159" pin=2"/></net>

<net id="170"><net_src comp="159" pin="3"/><net_sink comp="167" pin=0"/></net>

<net id="171"><net_src comp="167" pin="1"/><net_sink comp="99" pin=2"/></net>

<net id="172"><net_src comp="167" pin="1"/><net_sink comp="112" pin=2"/></net>

<net id="177"><net_src comp="159" pin="3"/><net_sink comp="173" pin=0"/></net>

<net id="178"><net_src comp="32" pin="0"/><net_sink comp="173" pin=1"/></net>

<net id="183"><net_src comp="144" pin="2"/><net_sink comp="179" pin=0"/></net>

<net id="188"><net_src comp="173" pin="2"/><net_sink comp="184" pin=0"/></net>

<net id="192"><net_src comp="86" pin="2"/><net_sink comp="189" pin=0"/></net>

<net id="196"><net_src comp="106" pin="3"/><net_sink comp="193" pin=0"/></net>

<net id="210"><net_src comp="197" pin="1"/><net_sink comp="206" pin=0"/></net>

<net id="211"><net_src comp="200" pin="1"/><net_sink comp="206" pin=1"/></net>

<net id="217"><net_src comp="48" pin="0"/><net_sink comp="212" pin=0"/></net>

<net id="218"><net_src comp="206" pin="2"/><net_sink comp="212" pin=1"/></net>

<net id="219"><net_src comp="50" pin="0"/><net_sink comp="212" pin=2"/></net>

<net id="224"><net_src comp="203" pin="1"/><net_sink comp="220" pin=1"/></net>

<net id="229"><net_src comp="220" pin="2"/><net_sink comp="225" pin=0"/></net>

<net id="230"><net_src comp="52" pin="0"/><net_sink comp="225" pin=1"/></net>

<net id="237"><net_src comp="54" pin="0"/><net_sink comp="231" pin=0"/></net>

<net id="238"><net_src comp="225" pin="2"/><net_sink comp="231" pin=1"/></net>

<net id="239"><net_src comp="56" pin="0"/><net_sink comp="231" pin=2"/></net>

<net id="240"><net_src comp="58" pin="0"/><net_sink comp="231" pin=3"/></net>

<net id="244"><net_src comp="231" pin="4"/><net_sink comp="241" pin=0"/></net>

<net id="249"><net_src comp="52" pin="0"/><net_sink comp="245" pin=0"/></net>

<net id="250"><net_src comp="220" pin="2"/><net_sink comp="245" pin=1"/></net>

<net id="257"><net_src comp="54" pin="0"/><net_sink comp="251" pin=0"/></net>

<net id="258"><net_src comp="245" pin="2"/><net_sink comp="251" pin=1"/></net>

<net id="259"><net_src comp="56" pin="0"/><net_sink comp="251" pin=2"/></net>

<net id="260"><net_src comp="58" pin="0"/><net_sink comp="251" pin=3"/></net>

<net id="264"><net_src comp="251" pin="4"/><net_sink comp="261" pin=0"/></net>

<net id="269"><net_src comp="60" pin="0"/><net_sink comp="265" pin=0"/></net>

<net id="270"><net_src comp="261" pin="1"/><net_sink comp="265" pin=1"/></net>

<net id="276"><net_src comp="212" pin="3"/><net_sink comp="271" pin=0"/></net>

<net id="277"><net_src comp="265" pin="2"/><net_sink comp="271" pin=1"/></net>

<net id="278"><net_src comp="241" pin="1"/><net_sink comp="271" pin=2"/></net>

<net id="285"><net_src comp="62" pin="0"/><net_sink comp="279" pin=0"/></net>

<net id="286"><net_src comp="271" pin="3"/><net_sink comp="279" pin=1"/></net>

<net id="287"><net_src comp="64" pin="0"/><net_sink comp="279" pin=2"/></net>

<net id="288"><net_src comp="66" pin="0"/><net_sink comp="279" pin=3"/></net>

<net id="293"><net_src comp="279" pin="4"/><net_sink comp="289" pin=0"/></net>

<net id="294"><net_src comp="68" pin="0"/><net_sink comp="289" pin=1"/></net>

<net id="299"><net_src comp="271" pin="3"/><net_sink comp="295" pin=0"/></net>

<net id="300"><net_src comp="70" pin="0"/><net_sink comp="295" pin=1"/></net>

<net id="304"><net_src comp="271" pin="3"/><net_sink comp="301" pin=0"/></net>

<net id="310"><net_src comp="289" pin="2"/><net_sink comp="305" pin=0"/></net>

<net id="311"><net_src comp="72" pin="0"/><net_sink comp="305" pin=1"/></net>

<net id="312"><net_src comp="74" pin="0"/><net_sink comp="305" pin=2"/></net>

<net id="317"><net_src comp="289" pin="2"/><net_sink comp="313" pin=0"/></net>

<net id="318"><net_src comp="295" pin="2"/><net_sink comp="313" pin=1"/></net>

<net id="324"><net_src comp="313" pin="2"/><net_sink comp="319" pin=0"/></net>

<net id="325"><net_src comp="305" pin="3"/><net_sink comp="319" pin=1"/></net>

<net id="326"><net_src comp="301" pin="1"/><net_sink comp="319" pin=2"/></net>

<net id="327"><net_src comp="319" pin="3"/><net_sink comp="92" pin=2"/></net>

<net id="332"><net_src comp="193" pin="1"/><net_sink comp="328" pin=0"/></net>

<net id="333"><net_src comp="189" pin="1"/><net_sink comp="328" pin=1"/></net>

<net id="334"><net_src comp="328" pin="2"/><net_sink comp="197" pin=0"/></net>

<net id="335"><net_src comp="328" pin="2"/><net_sink comp="220" pin=0"/></net>

<net id="339"><net_src comp="78" pin="1"/><net_sink comp="336" pin=0"/></net>

<net id="340"><net_src comp="336" pin="1"/><net_sink comp="130" pin=1"/></net>

<net id="341"><net_src comp="336" pin="1"/><net_sink comp="150" pin=0"/></net>

<net id="342"><net_src comp="336" pin="1"/><net_sink comp="184" pin=1"/></net>

<net id="346"><net_src comp="82" pin="1"/><net_sink comp="343" pin=0"/></net>

<net id="347"><net_src comp="343" pin="1"/><net_sink comp="125" pin=1"/></net>

<net id="348"><net_src comp="343" pin="1"/><net_sink comp="135" pin=0"/></net>

<net id="349"><net_src comp="343" pin="1"/><net_sink comp="179" pin=1"/></net>

<net id="353"><net_src comp="138" pin="2"/><net_sink comp="350" pin=0"/></net>

<net id="357"><net_src comp="99" pin="3"/><net_sink comp="354" pin=0"/></net>

<net id="358"><net_src comp="354" pin="1"/><net_sink comp="106" pin=0"/></net>

<net id="362"><net_src comp="112" pin="3"/><net_sink comp="359" pin=0"/></net>

<net id="363"><net_src comp="359" pin="1"/><net_sink comp="119" pin=0"/></net>

<net id="367"><net_src comp="189" pin="1"/><net_sink comp="364" pin=0"/></net>

<net id="368"><net_src comp="364" pin="1"/><net_sink comp="328" pin=1"/></net>

<net id="372"><net_src comp="193" pin="1"/><net_sink comp="369" pin=0"/></net>

<net id="373"><net_src comp="369" pin="1"/><net_sink comp="328" pin=0"/></net>

<net id="377"><net_src comp="119" pin="3"/><net_sink comp="374" pin=0"/></net>

<net id="378"><net_src comp="374" pin="1"/><net_sink comp="200" pin=0"/></net>

<net id="379"><net_src comp="374" pin="1"/><net_sink comp="203" pin=0"/></net>

</net_list>

</model> 
---------------- Datapath Model END ------------------

* FSMD analyzer results:
  - Output states:
	Port: norm_out_113 | {5 }
	Port: bn1_mul_1 | {}
	Port: bn1_add_1 | {}
 - Input state : 
	Port: BatchNorm_tiled_1 : x212 | {2 }
	Port: BatchNorm_tiled_1 : bn1_mul_1 | {1 2 }
	Port: BatchNorm_tiled_1 : bn1_add_1 | {1 2 }
  - Chain level:
	State 1
		store_ln185 : 1
		store_ln185 : 1
		indvar_flatten_load : 1
		icmp_ln185 : 2
		add_ln185 : 2
		br_ln185 : 3
		c_load : 1
		icmp_ln186 : 2
		select_ln185 : 3
		zext_ln186 : 4
		bn1_mul_1_addr : 5
		bn1_mul_1_load : 6
		bn1_add_1_addr : 5
		bn1_add_1_load : 6
		add_ln186 : 4
		store_ln186 : 3
		store_ln186 : 5
	State 2
		zext_ln206 : 1
		mul_ln206 : 2
	State 3
	State 4
	State 5
		sext_ln207 : 1
		acc_V : 2
		tmp : 3
		add_ln35 : 1
		ret_V : 2
		trunc_ln : 3
		zext_ln209 : 4
		ret_V_23 : 2
		trunc_ln19 : 3
		zext_ln38 : 4
		rq_V : 5
		rq_V_22 : 6
		tmp_23 : 7
		icmp_ln1035 : 8
		icmp_ln1027 : 7
		trunc_ln223 : 7
		select_ln223 : 9
		or_ln223 : 9
		q_out_V : 9
		write_ln235 : 10


============================================================
+ Verbose Summary: Datapath Resource usage 
============================================================

* Functional unit list:
|----------|-------------------------|---------|---------|---------|
| Operation|     Functional Unit     |   DSP   |    FF   |   LUT   |
|----------|-------------------------|---------|---------|---------|
|          |     add_ln185_fu_144    |    0    |    0    |    19   |
|          |     add_ln186_fu_173    |    0    |    0    |    15   |
|    add   |       acc_V_fu_206      |    0    |    0    |    31   |
|          |     add_ln35_fu_220     |    0    |    0    |    31   |
|          |       ret_V_fu_225      |    0    |    0    |    31   |
|----------|-------------------------|---------|---------|---------|
|    sub   |     ret_V_23_fu_245     |    0    |    0    |    31   |
|          |       rq_V_fu_265       |    0    |    0    |    15   |
|----------|-------------------------|---------|---------|---------|
|          |    icmp_ln185_fu_138    |    0    |    0    |    12   |
|   icmp   |    icmp_ln186_fu_153    |    0    |    0    |    11   |
|          |    icmp_ln1035_fu_289   |    0    |    0    |    8    |
|          |    icmp_ln1027_fu_295   |    0    |    0    |    11   |
|----------|-------------------------|---------|---------|---------|
|          |   select_ln185_fu_159   |    0    |    0    |    8    |
|  select  |      rq_V_22_fu_271     |    0    |    0    |    9    |
|          |   select_ln223_fu_305   |    0    |    0    |    8    |
|          |      q_out_V_fu_319     |    0    |    0    |    8    |
|----------|-------------------------|---------|---------|---------|
|    or    |     or_ln223_fu_313     |    0    |    0    |    2    |
|----------|-------------------------|---------|---------|---------|
|    mul   |        grp_fu_328       |    1    |    0    |    0    |
|----------|-------------------------|---------|---------|---------|
|   read   |   in_word_V_read_fu_86  |    0    |    0    |    0    |
|----------|-------------------------|---------|---------|---------|
|   write  | write_ln235_write_fu_92 |    0    |    0    |    0    |
|----------|-------------------------|---------|---------|---------|
|          |    zext_ln186_fu_167    |    0    |    0    |    0    |
|   zext   |    zext_ln206_fu_193    |    0    |    0    |    0    |
|          |    zext_ln209_fu_241    |    0    |    0    |    0    |
|          |     zext_ln38_fu_261    |    0    |    0    |    0    |
|----------|-------------------------|---------|---------|---------|
|          |    sext_ln206_fu_189    |    0    |    0    |    0    |
|   sext   |    sext_ln207_fu_197    |    0    |    0    |    0    |
|          |   sext_ln206_1_fu_200   |    0    |    0    |    0    |
|          |   sext_ln206_2_fu_203   |    0    |    0    |    0    |
|----------|-------------------------|---------|---------|---------|
| bitselect|        tmp_fu_212       |    0    |    0    |    0    |
|----------|-------------------------|---------|---------|---------|
|          |     trunc_ln_fu_231     |    0    |    0    |    0    |
|partselect|    trunc_ln19_fu_251    |    0    |    0    |    0    |
|          |      tmp_23_fu_279      |    0    |    0    |    0    |
|----------|-------------------------|---------|---------|---------|
|   trunc  |    trunc_ln223_fu_301   |    0    |    0    |    0    |
|----------|-------------------------|---------|---------|---------|
|   Total  |                         |    1    |    0    |   250   |
|----------|-------------------------|---------|---------|---------|

Memories:
N/A

* Register list:
+----------------------+--------+
|                      |   FF   |
+----------------------+--------+
|bn1_add_1_addr_reg_359|    8   |
|bn1_add_1_load_reg_374|   23   |
|bn1_mul_1_addr_reg_354|    8   |
|       c_reg_336      |    8   |
|  icmp_ln185_reg_350  |    1   |
|indvar_flatten_reg_343|   12   |
|  sext_ln206_reg_364  |   24   |
|  zext_ln206_reg_369  |   24   |
+----------------------+--------+
|         Total        |   108  |
+----------------------+--------+

* Multiplexer (MUX) list: 
|-------------------|------|------|------|--------||---------||---------|
|        Comp       |  Pin | Size |  BW  | S x BW ||  Delay  ||   LUT   |
|-------------------|------|------|------|--------||---------||---------|
| grp_access_fu_106 |  p0  |   2  |   8  |   16   ||    9    |
| grp_access_fu_119 |  p0  |   2  |   8  |   16   ||    9    |
|     grp_fu_328    |  p0  |   2  |  16  |   32   ||    9    |
|     grp_fu_328    |  p1  |   2  |   8  |   16   ||    9    |
|-------------------|------|------|------|--------||---------||---------|
|       Total       |      |      |      |   80   ||  1.548  ||    36   |
|-------------------|------|------|------|--------||---------||---------|



* Summary:
+-----------+--------+--------+--------+--------+
|           |   DSP  |  Delay |   FF   |   LUT  |
+-----------+--------+--------+--------+--------+
|  Function |    1   |    -   |    0   |   250  |
|   Memory  |    -   |    -   |    -   |    -   |
|Multiplexer|    -   |    1   |    -   |   36   |
|  Register |    -   |    -   |   108  |    -   |
+-----------+--------+--------+--------+--------+
|   Total   |    1   |    1   |   108  |   286  |
+-----------+--------+--------+--------+--------+
