

================================================================
== Vitis HLS Report for 'BatchNorm_tiled_1'
================================================================
* Date:           Thu Jun 18 11:11:40 2026

* Version:        2022.2 (Build 3670227 on Oct 13 2022)
* Project:        ViT_Block
* Solution:       ViT_Block (Vivado IP Flow Target)
* Product family: virtexuplus
* Target device:  xcu250-figd2104-2L-e


================================================================
== Performance Estimates
================================================================
+ Timing: 
    * Summary: 
    +--------+----------+----------+------------+
    |  Clock |  Target  | Estimated| Uncertainty|
    +--------+----------+----------+------------+
    |ap_clk  |  10.00 ns|  4.934 ns|     2.70 ns|
    +--------+----------+----------+------------+

+ Latency: 
    * Summary: 
    +---------+---------+-----------+-----------+------+------+---------+
    |  Latency (cycles) |   Latency (absolute)  |   Interval  | Pipeline|
    |   min   |   max   |    min    |    max    |  min |  max |   Type  |
    +---------+---------+-----------+-----------+------+------+---------+
    |     3269|     3269|  32.690 us|  32.690 us|  3269|  3269|       no|
    +---------+---------+-----------+-----------+------+------+---------+

    + Detail: 
        * Instance: 
        N/A

        * Loop: 
        +-------------------------------------+---------+---------+----------+-----------+-----------+------+----------+
        |                                     |  Latency (cycles) | Iteration|  Initiation Interval  | Trip |          |
        |              Loop Name              |   min   |   max   |  Latency |  achieved |   target  | Count| Pipelined|
        +-------------------------------------+---------+---------+----------+-----------+-----------+------+----------+
        |- VITIS_LOOP_185_1_VITIS_LOOP_186_2  |     3267|     3267|         5|          1|          1|  3264|       yes|
        +-------------------------------------+---------+---------+----------+-----------+-----------+------+----------+

============================================================
+ Verbose Summary: Synthesis Manager
============================================================
InlineROM: 1
ExposeGlobal: 0
============================================================
+ Verbose Summary: CDFG Model
============================================================
IsTopModel: 0
ResetActiveHigh: 1
IsCombinational: 2
IsDatapathOnly: 0
HasWiredReturn: 1
HasMFsm: 2
HasVarLatency: 1
IsPipeline: 0
IsRtlPipelined: 0
IsInstanceOverlapped: 0
IsDontTouch: 0
HasImplIP: 0
IsGatedGlobalClock: 0

+ Individual pipeline summary: 
  * Pipeline-0: initiation interval (II) = 1, depth = 5


============================================================
+ Verbose Summary: Schedule
============================================================
* Number of FSM states : 5
* Pipeline : 1
  Pipeline-0 : II = 1, D = 5, States = { 1 2 3 4 5 }
* Dataflow Pipeline: 0

* FSM state transitions: 
1 --> 2 
2 --> 3 
3 --> 4 
4 --> 5 
5 --> 

* FSM state operations: 

State 1 <SV = 0> <Delay = 2.08>
ST_1 : Operation 8 [1/1] (0.00ns)   --->   "%c = alloca i32 1"   --->   Operation 8 'alloca' 'c' <Predicate = true> <Delay = 0.00>
ST_1 : Operation 9 [1/1] (0.00ns)   --->   "%indvar_flatten = alloca i32 1"   --->   Operation 9 'alloca' 'indvar_flatten' <Predicate = true> <Delay = 0.00>
ST_1 : Operation 10 [1/1] (0.00ns)   --->   "%specinterface_ln0 = specinterface void @_ssdm_op_SpecInterface, i8 %norm_out_113, void @empty_0, i32 0, i32 0, void @empty_26, i32 0, i32 0, void @empty_26, void @empty_26, void @empty_26, i32 0, i32 0, i32 0, i32 0, void @empty_26, void @empty_26, i32 4294967295, i32 0"   --->   Operation 10 'specinterface' 'specinterface_ln0' <Predicate = true> <Delay = 0.00>
ST_1 : Operation 11 [1/1] (0.00ns)   --->   "%specinterface_ln0 = specinterface void @_ssdm_op_SpecInterface, i8 %x212, void @empty_0, i32 0, i32 0, void @empty_26, i32 0, i32 0, void @empty_26, void @empty_26, void @empty_26, i32 0, i32 0, i32 0, i32 0, void @empty_26, void @empty_26, i32 4294967295, i32 0"   --->   Operation 11 'specinterface' 'specinterface_ln0' <Predicate = true> <Delay = 0.00>
ST_1 : Operation 12 [1/1] (0.38ns)   --->   "%store_ln185 = store i12 0, i12 %indvar_flatten" [/home/fede/PhD/transformer-hls/hls/include/normalizations.hpp:185]   --->   Operation 12 'store' 'store_ln185' <Predicate = true> <Delay = 0.38>
ST_1 : Operation 13 [1/1] (0.38ns)   --->   "%store_ln185 = store i8 0, i8 %c" [/home/fede/PhD/transformer-hls/hls/include/normalizations.hpp:185]   --->   Operation 13 'store' 'store_ln185' <Predicate = true> <Delay = 0.38>
ST_1 : Operation 14 [1/1] (0.00ns)   --->   "%br_ln185 = br void %for.body8.i" [/home/fede/PhD/transformer-hls/hls/include/normalizations.hpp:185]   --->   Operation 14 'br' 'br_ln185' <Predicate = true> <Delay = 0.00>
ST_1 : Operation 15 [1/1] (0.00ns)   --->   "%indvar_flatten_load = load i12 %indvar_flatten" [/home/fede/PhD/transformer-hls/hls/include/normalizations.hpp:185]   --->   Operation 15 'load' 'indvar_flatten_load' <Predicate = true> <Delay = 0.00>
ST_1 : Operation 16 [1/1] (0.62ns)   --->   "%icmp_ln185 = icmp_eq  i12 %indvar_flatten_load, i12 3264" [/home/fede/PhD/transformer-hls/hls/include/normalizations.hpp:185]   --->   Operation 16 'icmp' 'icmp_ln185' <Predicate = true> <Delay = 0.62> <CoreInst = "Cmp">   --->   Core 9 'Cmp' <Latency = 0> <II = 1> <Delay = 0.62> <FuncUnit> <Opcode : 'icmp'> <InPorts = 2> <OutPorts = 1>
ST_1 : Operation 17 [1/1] (0.74ns)   --->   "%add_ln185 = add i12 %indvar_flatten_load, i12 1" [/home/fede/PhD/transformer-hls/hls/include/normalizations.hpp:185]   --->   Operation 17 'add' 'add_ln185' <Predicate = true> <Delay = 0.74> <CoreInst = "Adder">   --->   Core 1 'Adder' <Latency = 0> <II = 1> <Delay = 0.74> <FuncUnit> <Opcode : 'add' 'sub'> <InPorts = 2> <OutPorts = 1>
ST_1 : Operation 18 [1/1] (0.00ns)   --->   "%br_ln185 = br i1 %icmp_ln185, void %for.inc36.i, void %_Z25BATCHNORM_tiled_quantizedILi17ELi192ELi1ELi16E6ap_intILi8EES1_EvRN3hls6streamI7ap_uintIXmlT1_srT3_5widthEELi0EEERNS3_IS4_IXmlT1_srT4_5widthEELi0EEEPKiSE_.exit" [/home/fede/PhD/transformer-hls/hls/include/normalizations.hpp:185]   --->   Operation 18 'br' 'br_ln185' <Predicate = true> <Delay = 0.00>
ST_1 : Operation 19 [1/1] (0.00ns)   --->   "%c_load = load i8 %c" [/home/fede/PhD/transformer-hls/hls/include/normalizations.hpp:186]   --->   Operation 19 'load' 'c_load' <Predicate = (!icmp_ln185)> <Delay = 0.00>
ST_1 : Operation 20 [1/1] (0.58ns)   --->   "%icmp_ln186 = icmp_eq  i8 %c_load, i8 192" [/home/fede/PhD/transformer-hls/hls/include/normalizations.hpp:186]   --->   Operation 20 'icmp' 'icmp_ln186' <Predicate = (!icmp_ln185)> <Delay = 0.58> <CoreInst = "Cmp">   --->   Core 9 'Cmp' <Latency = 0> <II = 1> <Delay = 0.58> <FuncUnit> <Opcode : 'icmp'> <InPorts = 2> <OutPorts = 1>
ST_1 : Operation 21 [1/1] (0.30ns)   --->   "%select_ln185 = select i1 %icmp_ln186, i8 0, i8 %c_load" [/home/fede/PhD/transformer-hls/hls/include/normalizations.hpp:185]   --->   Operation 21 'select' 'select_ln185' <Predicate = (!icmp_ln185)> <Delay = 0.30> <CoreInst = "Sel">   --->   Core 73 'Sel' <Latency = 0> <II = 1> <Delay = 0.30> <FuncUnit> <Opcode : 'select'> <InPorts = 3> <OutPorts = 1>
ST_1 : Operation 22 [1/1] (0.00ns)   --->   "%zext_ln186 = zext i8 %select_ln185" [/home/fede/PhD/transformer-hls/hls/include/normalizations.hpp:186]   --->   Operation 22 'zext' 'zext_ln186' <Predicate = (!icmp_ln185)> <Delay = 0.00>
ST_1 : Operation 23 [1/1] (0.00ns)   --->   "%bn1_mul_1_addr = getelementptr i16 %bn1_mul_1, i64 0, i64 %zext_ln186" [/home/fede/PhD/transformer-hls/hls/include/normalizations.hpp:206]   --->   Operation 23 'getelementptr' 'bn1_mul_1_addr' <Predicate = (!icmp_ln185)> <Delay = 0.00>
ST_1 : Operation 24 [2/2] (1.17ns)   --->   "%bn1_mul_1_load = load i8 %bn1_mul_1_addr" [/home/fede/PhD/transformer-hls/hls/include/normalizations.hpp:206]   --->   Operation 24 'load' 'bn1_mul_1_load' <Predicate = (!icmp_ln185)> <Delay = 1.17> <CoreInst = "ROM">   --->   Core 101 'ROM' <Latency = 1> <II = 1> <Delay = 1.17> <Storage> <Opcode : 'load'> <Ports = 0> <Width = 16> <Depth = 192> <ROM>
ST_1 : Operation 25 [1/1] (0.00ns)   --->   "%bn1_add_1_addr = getelementptr i23 %bn1_add_1, i64 0, i64 %zext_ln186" [/home/fede/PhD/transformer-hls/hls/include/normalizations.hpp:207]   --->   Operation 25 'getelementptr' 'bn1_add_1_addr' <Predicate = (!icmp_ln185)> <Delay = 0.00>
ST_1 : Operation 26 [2/2] (1.19ns)   --->   "%bn1_add_1_load = load i8 %bn1_add_1_addr" [/home/fede/PhD/transformer-hls/hls/include/normalizations.hpp:207]   --->   Operation 26 'load' 'bn1_add_1_load' <Predicate = (!icmp_ln185)> <Delay = 1.19> <CoreInst = "ROM">   --->   Core 101 'ROM' <Latency = 1> <II = 1> <Delay = 1.19> <Storage> <Opcode : 'load'> <Ports = 0> <Width = 23> <Depth = 192> <ROM>
ST_1 : Operation 27 [1/1] (0.70ns)   --->   "%add_ln186 = add i8 %select_ln185, i8 1" [/home/fede/PhD/transformer-hls/hls/include/normalizations.hpp:186]   --->   Operation 27 'add' 'add_ln186' <Predicate = (!icmp_ln185)> <Delay = 0.70> <CoreInst = "Adder">   --->   Core 1 'Adder' <Latency = 0> <II = 1> <Delay = 0.70> <FuncUnit> <Opcode : 'add' 'sub'> <InPorts = 2> <OutPorts = 1>
ST_1 : Operation 28 [1/1] (0.38ns)   --->   "%store_ln186 = store i12 %add_ln185, i12 %indvar_flatten" [/home/fede/PhD/transformer-hls/hls/include/normalizations.hpp:186]   --->   Operation 28 'store' 'store_ln186' <Predicate = (!icmp_ln185)> <Delay = 0.38>
ST_1 : Operation 29 [1/1] (0.38ns)   --->   "%store_ln186 = store i8 %add_ln186, i8 %c" [/home/fede/PhD/transformer-hls/hls/include/normalizations.hpp:186]   --->   Operation 29 'store' 'store_ln186' <Predicate = (!icmp_ln185)> <Delay = 0.38>

State 2 <SV = 1> <Delay = 1.90>
ST_2 : Operation 30 [1/1] (1.36ns)   --->   "%in_word_V = read i8 @_ssdm_op_Read.ap_fifo.volatile.i8P0A, i8 %x212" [/home/fede/PhD/transformer-hls/hls/include/normalizations.hpp:189]   --->   Operation 30 'read' 'in_word_V' <Predicate = true> <Delay = 1.36> <CoreInst = "FIFO_SRL">   --->   Core 81 'FIFO_SRL' <Latency = 0> <II = 1> <Delay = 1.36> <Storage> <Opcode : 'read' 'write' 'nbread' 'nbwrite'> <Ports = 0> <Width = 8> <Depth = 2> <FIFO>
ST_2 : Operation 31 [1/2] (1.17ns)   --->   "%bn1_mul_1_load = load i8 %bn1_mul_1_addr" [/home/fede/PhD/transformer-hls/hls/include/normalizations.hpp:206]   --->   Operation 31 'load' 'bn1_mul_1_load' <Predicate = true> <Delay = 1.17> <CoreInst = "ROM">   --->   Core 101 'ROM' <Latency = 1> <II = 1> <Delay = 1.17> <Storage> <Opcode : 'load'> <Ports = 0> <Width = 16> <Depth = 192> <ROM>
ST_2 : Operation 32 [1/1] (0.00ns)   --->   "%sext_ln206 = sext i8 %in_word_V" [/home/fede/PhD/transformer-hls/hls/include/normalizations.hpp:206]   --->   Operation 32 'sext' 'sext_ln206' <Predicate = true> <Delay = 0.00>
ST_2 : Operation 33 [1/1] (0.00ns)   --->   "%zext_ln206 = zext i16 %bn1_mul_1_load" [/home/fede/PhD/transformer-hls/hls/include/normalizations.hpp:206]   --->   Operation 33 'zext' 'zext_ln206' <Predicate = true> <Delay = 0.00>
ST_2 : Operation 34 [4/4] (0.53ns) (root node of the DSP)   --->   "%mul_ln206 = mul i24 %zext_ln206, i24 %sext_ln206" [/home/fede/PhD/transformer-hls/hls/include/normalizations.hpp:206]   --->   Operation 34 'mul' 'mul_ln206' <Predicate = true> <Delay = 0.53> <CoreInst = "DSP48">   --->   Core 127 'DSP48' <Latency = 3> <II = 1> <Delay = 0.53> <IPBlock> <Opcode : 'mul' 'add' 'sub' 'select'> <InPorts = 0> <OutPorts = 1> <Sync> <CReg>
ST_2 : Operation 35 [1/2] (1.19ns)   --->   "%bn1_add_1_load = load i8 %bn1_add_1_addr" [/home/fede/PhD/transformer-hls/hls/include/normalizations.hpp:207]   --->   Operation 35 'load' 'bn1_add_1_load' <Predicate = true> <Delay = 1.19> <CoreInst = "ROM">   --->   Core 101 'ROM' <Latency = 1> <II = 1> <Delay = 1.19> <Storage> <Opcode : 'load'> <Ports = 0> <Width = 23> <Depth = 192> <ROM>

State 3 <SV = 2> <Delay = 0.53>
ST_3 : Operation 36 [3/4] (0.53ns) (root node of the DSP)   --->   "%mul_ln206 = mul i24 %zext_ln206, i24 %sext_ln206" [/home/fede/PhD/transformer-hls/hls/include/normalizations.hpp:206]   --->   Operation 36 'mul' 'mul_ln206' <Predicate = true> <Delay = 0.53> <CoreInst = "DSP48">   --->   Core 127 'DSP48' <Latency = 3> <II = 1> <Delay = 0.53> <IPBlock> <Opcode : 'mul' 'add' 'sub' 'select'> <InPorts = 0> <OutPorts = 1> <Sync> <CReg>

State 4 <SV = 3> <Delay = 0.53>
ST_4 : Operation 37 [2/4] (0.53ns) (root node of the DSP)   --->   "%mul_ln206 = mul i24 %zext_ln206, i24 %sext_ln206" [/home/fede/PhD/transformer-hls/hls/include/normalizations.hpp:206]   --->   Operation 37 'mul' 'mul_ln206' <Predicate = true> <Delay = 0.53> <CoreInst = "DSP48">   --->   Core 127 'DSP48' <Latency = 3> <II = 1> <Delay = 0.53> <IPBlock> <Opcode : 'mul' 'add' 'sub' 'select'> <InPorts = 0> <OutPorts = 1> <Sync> <CReg>
ST_4 : Operation 66 [1/1] (0.00ns)   --->   "%ret_ln169 = ret" [/home/fede/PhD/transformer-hls/hls/src/model/ViT_Block.cpp:169]   --->   Operation 66 'ret' 'ret_ln169' <Predicate = (icmp_ln185)> <Delay = 0.00>

State 5 <SV = 4> <Delay = 4.93>
ST_5 : Operation 38 [1/1] (0.00ns)   --->   "%specloopname_ln0 = specloopname void @_ssdm_op_SpecLoopName, void @VITIS_LOOP_185_1_VITIS_LOOP_186_2_str"   --->   Operation 38 'specloopname' 'specloopname_ln0' <Predicate = true> <Delay = 0.00>
ST_5 : Operation 39 [1/1] (0.00ns)   --->   "%empty = speclooptripcount i32 @_ssdm_op_SpecLoopTripCount, i64 3264, i64 3264, i64 3264"   --->   Operation 39 'speclooptripcount' 'empty' <Predicate = true> <Delay = 0.00>
ST_5 : Operation 40 [1/1] (0.00ns)   --->   "%specpipeline_ln187 = specpipeline void @_ssdm_op_SpecPipeline, i32 1, i32 0, i32 0, i32 0, void @empty_26" [/home/fede/PhD/transformer-hls/hls/include/normalizations.hpp:187]   --->   Operation 40 'specpipeline' 'specpipeline_ln187' <Predicate = true> <Delay = 0.00>
ST_5 : Operation 41 [1/1] (0.00ns)   --->   "%specloopname_ln186 = specloopname void @_ssdm_op_SpecLoopName, void @empty_8" [/home/fede/PhD/transformer-hls/hls/include/normalizations.hpp:186]   --->   Operation 41 'specloopname' 'specloopname_ln186' <Predicate = true> <Delay = 0.00>
ST_5 : Operation 42 [1/4] (0.00ns) (root node of the DSP)   --->   "%mul_ln206 = mul i24 %zext_ln206, i24 %sext_ln206" [/home/fede/PhD/transformer-hls/hls/include/normalizations.hpp:206]   --->   Operation 42 'mul' 'mul_ln206' <Predicate = true> <Delay = 0.00> <CoreInst = "DSP48">   --->   Core 127 'DSP48' <Latency = 3> <II = 1> <Delay = 0.53> <IPBlock> <Opcode : 'mul' 'add' 'sub' 'select'> <InPorts = 0> <OutPorts = 1> <Sync> <CReg>
ST_5 : Operation 43 [1/1] (0.00ns)   --->   "%sext_ln207 = sext i24 %mul_ln206" [/home/fede/PhD/transformer-hls/hls/include/normalizations.hpp:207]   --->   Operation 43 'sext' 'sext_ln207' <Predicate = true> <Delay = 0.00>
ST_5 : Operation 44 [1/1] (0.00ns)   --->   "%sext_ln206_1 = sext i23 %bn1_add_1_load" [/home/fede/PhD/transformer-hls/hls/include/normalizations.hpp:206]   --->   Operation 44 'sext' 'sext_ln206_1' <Predicate = true> <Delay = 0.00>
ST_5 : Operation 45 [1/1] (0.00ns)   --->   "%sext_ln206_2 = sext i23 %bn1_add_1_load" [/home/fede/PhD/transformer-hls/hls/include/normalizations.hpp:206]   --->   Operation 45 'sext' 'sext_ln206_2' <Predicate = true> <Delay = 0.00>
ST_5 : Operation 46 [1/1] (0.83ns)   --->   "%acc_V = add i25 %sext_ln207, i25 %sext_ln206_1" [/home/fede/PhD/transformer-hls/hls/include/normalizations.hpp:206]   --->   Operation 46 'add' 'acc_V' <Predicate = true> <Delay = 0.83> <CoreInst = "Adder">   --->   Core 1 'Adder' <Latency = 0> <II = 1> <Delay = 0.83> <FuncUnit> <Opcode : 'add' 'sub'> <InPorts = 2> <OutPorts = 1>
ST_5 : Operation 47 [1/1] (0.00ns)   --->   "%tmp = bitselect i1 @_ssdm_op_BitSelect.i1.i25.i32, i25 %acc_V, i32 24"   --->   Operation 47 'bitselect' 'tmp' <Predicate = true> <Delay = 0.00>
ST_5 : Operation 48 [1/1] (0.83ns)   --->   "%add_ln35 = add i24 %mul_ln206, i24 %sext_ln206_2" [/home/fede/PhD/transformer-hls/hls/include/activations.h:35]   --->   Operation 48 'add' 'add_ln35' <Predicate = true> <Delay = 0.83> <CoreInst = "Adder">   --->   Core 1 'Adder' <Latency = 0> <II = 1> <Delay = 0.83> <FuncUnit> <Opcode : 'add' 'sub'> <InPorts = 2> <OutPorts = 1>
ST_5 : Operation 49 [1/1] (0.83ns)   --->   "%ret_V = add i24 %add_ln35, i24 32768"   --->   Operation 49 'add' 'ret_V' <Predicate = true> <Delay = 0.83> <CoreInst = "Adder">   --->   Core 1 'Adder' <Latency = 0> <II = 1> <Delay = 0.83> <FuncUnit> <Opcode : 'add' 'sub'> <InPorts = 2> <OutPorts = 1>
ST_5 : Operation 50 [1/1] (0.00ns)   --->   "%trunc_ln = partselect i8 @_ssdm_op_PartSelect.i8.i24.i32.i32, i24 %ret_V, i32 16, i32 23" [/home/fede/PhD/transformer-hls/hls/include/normalizations.hpp:209]   --->   Operation 50 'partselect' 'trunc_ln' <Predicate = true> <Delay = 0.00>
ST_5 : Operation 51 [1/1] (0.00ns)   --->   "%zext_ln209 = zext i8 %trunc_ln" [/home/fede/PhD/transformer-hls/hls/include/normalizations.hpp:209]   --->   Operation 51 'zext' 'zext_ln209' <Predicate = true> <Delay = 0.00>
ST_5 : Operation 52 [1/1] (0.83ns)   --->   "%ret_V_23 = sub i24 32768, i24 %add_ln35"   --->   Operation 52 'sub' 'ret_V_23' <Predicate = true> <Delay = 0.83> <CoreInst = "Adder">   --->   Core 1 'Adder' <Latency = 0> <II = 1> <Delay = 0.83> <FuncUnit> <Opcode : 'add' 'sub'> <InPorts = 2> <OutPorts = 1>
ST_5 : Operation 53 [1/1] (0.00ns)   --->   "%trunc_ln19 = partselect i8 @_ssdm_op_PartSelect.i8.i24.i32.i32, i24 %ret_V_23, i32 16, i32 23" [/home/fede/PhD/transformer-hls/hls/include/activations.h:38]   --->   Operation 53 'partselect' 'trunc_ln19' <Predicate = true> <Delay = 0.00>
ST_5 : Operation 54 [1/1] (0.00ns)   --->   "%zext_ln38 = zext i8 %trunc_ln19" [/home/fede/PhD/transformer-hls/hls/include/activations.h:38]   --->   Operation 54 'zext' 'zext_ln38' <Predicate = true> <Delay = 0.00>
ST_5 : Operation 55 [1/1] (0.70ns)   --->   "%rq_V = sub i9 0, i9 %zext_ln38" [/home/fede/PhD/transformer-hls/hls/include/activations.h:38]   --->   Operation 55 'sub' 'rq_V' <Predicate = true> <Delay = 0.70> <CoreInst = "Adder">   --->   Core 1 'Adder' <Latency = 0> <II = 1> <Delay = 0.70> <FuncUnit> <Opcode : 'add' 'sub'> <InPorts = 2> <OutPorts = 1>
ST_5 : Operation 56 [1/1] (0.30ns)   --->   "%rq_V_22 = select i1 %tmp, i9 %rq_V, i9 %zext_ln209"   --->   Operation 56 'select' 'rq_V_22' <Predicate = true> <Delay = 0.30> <CoreInst = "Sel">   --->   Core 73 'Sel' <Latency = 0> <II = 1> <Delay = 0.30> <FuncUnit> <Opcode : 'select'> <InPorts = 3> <OutPorts = 1>
ST_5 : Operation 57 [1/1] (0.00ns)   --->   "%tmp_23 = partselect i2 @_ssdm_op_PartSelect.i2.i9.i32.i32, i9 %rq_V_22, i32 7, i32 8"   --->   Operation 57 'partselect' 'tmp_23' <Predicate = true> <Delay = 0.00>
ST_5 : Operation 58 [1/1] (0.34ns)   --->   "%icmp_ln1035 = icmp_eq  i2 %tmp_23, i2 1"   --->   Operation 58 'icmp' 'icmp_ln1035' <Predicate = true> <Delay = 0.34> <CoreInst = "Cmp">   --->   Core 9 'Cmp' <Latency = 0> <II = 1> <Delay = 0.34> <FuncUnit> <Opcode : 'icmp'> <InPorts = 2> <OutPorts = 1>
ST_5 : Operation 59 [1/1] (0.59ns)   --->   "%icmp_ln1027 = icmp_slt  i9 %rq_V_22, i9 384"   --->   Operation 59 'icmp' 'icmp_ln1027' <Predicate = true> <Delay = 0.59> <CoreInst = "Cmp">   --->   Core 9 'Cmp' <Latency = 0> <II = 1> <Delay = 0.59> <FuncUnit> <Opcode : 'icmp'> <InPorts = 2> <OutPorts = 1>
ST_5 : Operation 60 [1/1] (0.00ns) (grouped into LUT with out node q_out_V)   --->   "%trunc_ln223 = trunc i9 %rq_V_22" [/home/fede/PhD/transformer-hls/hls/include/normalizations.hpp:223]   --->   Operation 60 'trunc' 'trunc_ln223' <Predicate = true> <Delay = 0.00>
ST_5 : Operation 61 [1/1] (0.00ns) (grouped into LUT with out node q_out_V)   --->   "%select_ln223 = select i1 %icmp_ln1035, i8 127, i8 128" [/home/fede/PhD/transformer-hls/hls/include/normalizations.hpp:223]   --->   Operation 61 'select' 'select_ln223' <Predicate = true> <Delay = 0.00> <CoreInst = "Sel">   --->   Core 73 'Sel' <Latency = 0> <II = 1> <Delay = 0.30> <FuncUnit> <Opcode : 'select'> <InPorts = 3> <OutPorts = 1>
ST_5 : Operation 62 [1/1] (0.00ns) (grouped into LUT with out node q_out_V)   --->   "%or_ln223 = or i1 %icmp_ln1035, i1 %icmp_ln1027" [/home/fede/PhD/transformer-hls/hls/include/normalizations.hpp:223]   --->   Operation 62 'or' 'or_ln223' <Predicate = true> <Delay = 0.00> <CoreInst = "LogicGate">   --->   Core 74 'LogicGate' <Latency = 0> <II = 1> <Delay = 0.12> <FuncUnit> <Opcode : 'and' 'or' 'xor'> <InPorts = 2> <OutPorts = 1>
ST_5 : Operation 63 [1/1] (0.30ns) (out node of the LUT)   --->   "%q_out_V = select i1 %or_ln223, i8 %select_ln223, i8 %trunc_ln223" [/home/fede/PhD/transformer-hls/hls/include/normalizations.hpp:223]   --->   Operation 63 'select' 'q_out_V' <Predicate = true> <Delay = 0.30> <CoreInst = "Sel">   --->   Core 73 'Sel' <Latency = 0> <II = 1> <Delay = 0.30> <FuncUnit> <Opcode : 'select'> <InPorts = 3> <OutPorts = 1>
ST_5 : Operation 64 [1/1] (1.36ns)   --->   "%write_ln235 = write void @_ssdm_op_Write.ap_fifo.volatile.i8P0A, i8 %norm_out_113, i8 %q_out_V" [/home/fede/PhD/transformer-hls/hls/include/normalizations.hpp:235]   --->   Operation 64 'write' 'write_ln235' <Predicate = true> <Delay = 1.36> <CoreInst = "FIFO_SRL">   --->   Core 81 'FIFO_SRL' <Latency = 0> <II = 1> <Delay = 1.36> <Storage> <Opcode : 'read' 'write' 'nbread' 'nbwrite'> <Ports = 0> <Width = 8> <Depth = 2> <FIFO>
ST_5 : Operation 65 [1/1] (0.00ns)   --->   "%br_ln186 = br void %for.body8.i" [/home/fede/PhD/transformer-hls/hls/include/normalizations.hpp:186]   --->   Operation 65 'br' 'br_ln186' <Predicate = true> <Delay = 0.00>


============================================================
+ Verbose Summary: Timing violations
============================================================
Target clock period: 10ns, clock uncertainty: 2.7ns.

 <State 1>: 2.08ns
The critical path consists of the following:
	'alloca' operation ('c') [5]  (0 ns)
	'load' operation ('c_load', /home/fede/PhD/transformer-hls/hls/include/normalizations.hpp:186) on local variable 'c' [18]  (0 ns)
	'icmp' operation ('icmp_ln186', /home/fede/PhD/transformer-hls/hls/include/normalizations.hpp:186) [21]  (0.581 ns)
	'select' operation ('select_ln185', /home/fede/PhD/transformer-hls/hls/include/normalizations.hpp:185) [22]  (0.303 ns)
	'getelementptr' operation ('bn1_add_1_addr', /home/fede/PhD/transformer-hls/hls/include/normalizations.hpp:207) [33]  (0 ns)
	'load' operation ('op', /home/fede/PhD/transformer-hls/hls/include/normalizations.hpp:207) on array 'bn1_add_1' [34]  (1.2 ns)

 <State 2>: 1.9ns
The critical path consists of the following:
	fifo read operation ('in_word.V', /home/fede/PhD/transformer-hls/hls/include/normalizations.hpp:189) on port 'x212' (/home/fede/PhD/transformer-hls/hls/include/normalizations.hpp:189) [26]  (1.36 ns)
	'mul' operation of DSP[31] ('mul_ln206', /home/fede/PhD/transformer-hls/hls/include/normalizations.hpp:206) [31]  (0.535 ns)

 <State 3>: 0.535ns
The critical path consists of the following:
	'mul' operation of DSP[31] ('mul_ln206', /home/fede/PhD/transformer-hls/hls/include/normalizations.hpp:206) [31]  (0.535 ns)

 <State 4>: 0.535ns
The critical path consists of the following:
	'mul' operation of DSP[31] ('mul_ln206', /home/fede/PhD/transformer-hls/hls/include/normalizations.hpp:206) [31]  (0.535 ns)

 <State 5>: 4.93ns
The critical path consists of the following:
	'mul' operation of DSP[31] ('mul_ln206', /home/fede/PhD/transformer-hls/hls/include/normalizations.hpp:206) [31]  (0 ns)
	'add' operation ('add_ln35', /home/fede/PhD/transformer-hls/hls/include/activations.h:35) [39]  (0.833 ns)
	'sub' operation ('ret.V') [43]  (0.833 ns)
	'sub' operation ('rq.V', /home/fede/PhD/transformer-hls/hls/include/activations.h:38) [46]  (0.705 ns)
	'select' operation ('rq.V') [47]  (0.303 ns)
	'icmp' operation ('icmp_ln1027') [50]  (0.593 ns)
	'or' operation ('or_ln223', /home/fede/PhD/transformer-hls/hls/include/normalizations.hpp:223) [53]  (0 ns)
	'select' operation ('q_out.V', /home/fede/PhD/transformer-hls/hls/include/normalizations.hpp:223) [54]  (0.303 ns)
	fifo write operation ('write_ln235', /home/fede/PhD/transformer-hls/hls/include/normalizations.hpp:235) on port 'norm_out_113' (/home/fede/PhD/transformer-hls/hls/include/normalizations.hpp:235) [55]  (1.36 ns)


============================================================
+ Verbose Summary: Binding
============================================================
N/A
* FSMD analyzer results:
  - Output states:
 - Input state : 
  - Chain level:
	State 1
	State 2
	State 3
	State 4
	State 5


============================================================
+ Verbose Summary: Datapath Resource usage 
============================================================
N/A
