

================================================================
== Vitis HLS Report for 'Linear_Layer_4'
================================================================
* Date:           Thu Jun 18 11:11:19 2026

* Version:        2022.2 (Build 3670227 on Oct 13 2022)
* Project:        ViT_Block
* Solution:       ViT_Block (Vivado IP Flow Target)
* Product family: virtexuplus
* Target device:  xcu250-figd2104-2L-e


================================================================
== Performance Estimates
================================================================
+ Timing: 
    * Summary: 
    +--------+----------+----------+------------+
    |  Clock |  Target  | Estimated| Uncertainty|
    +--------+----------+----------+------------+
    |ap_clk  |  10.00 ns|  4.578 ns|     2.70 ns|
    +--------+----------+----------+------------+

+ Latency: 
    * Summary: 
    +---------+---------+----------+----------+--------+--------+---------+
    |  Latency (cycles) |  Latency (absolute) |     Interval    | Pipeline|
    |   min   |   max   |    min   |    max   |   min  |   max  |   Type  |
    +---------+---------+----------+----------+--------+--------+---------+
    |   659482|   659482|  6.595 ms|  6.595 ms|  659482|  659482|       no|
    +---------+---------+----------+----------+--------+--------+---------+

    + Detail: 
        * Instance: 
        N/A

        * Loop: 
        +----------------------+---------+---------+----------+-----------+-----------+------+----------+
        |                      |  Latency (cycles) | Iteration|  Initiation Interval  | Trip |          |
        |       Loop Name      |   min   |   max   |  Latency |  achieved |   target  | Count| Pipelined|
        +----------------------+---------+---------+----------+-----------+-----------+------+----------+
        |- VITIS_LOOP_1509_1   |   659481|   659481|     38793|          -|          -|    17|        no|
        | + VITIS_LOOP_1525_6  |    38400|    38400|       200|          -|          -|   192|        no|
        +----------------------+---------+---------+----------+-----------+-----------+------+----------+

============================================================
+ Verbose Summary: Synthesis Manager
============================================================
InlineROM: 1
ExposeGlobal: 0
============================================================
+ Verbose Summary: CDFG Model
============================================================
IsTopModel: 0
ResetActiveHigh: 1
IsCombinational: 2
IsDatapathOnly: 0
HasWiredReturn: 1
HasMFsm: 0
HasVarLatency: 1
IsPipeline: 0
IsRtlPipelined: 0
IsInstanceOverlapped: 0
IsDontTouch: 0
HasImplIP: 0
IsGatedGlobalClock: 0


============================================================
+ Verbose Summary: Schedule
============================================================
* Number of FSM states : 7
* Pipeline : 0
* Dataflow Pipeline: 0

* FSM state transitions: 
1 --> 2 
2 --> 3 
3 --> 4 
4 --> 5 7 
5 --> 6 
6 --> 4 
7 --> 2 

* FSM state operations: 

State 1 <SV = 0> <Delay = 0.38>
ST_1 : Operation 8 [1/1] (0.00ns)   --->   "%m = alloca i32 1"   --->   Operation 8 'alloca' 'm' <Predicate = true> <Delay = 0.00>
ST_1 : Operation 9 [1/1] (0.00ns)   --->   "%specinterface_ln0 = specinterface void @_ssdm_op_SpecInterface, i8 %out_w1, void @empty_0, i32 0, i32 0, void @empty_26, i32 0, i32 0, void @empty_26, void @empty_26, void @empty_26, i32 0, i32 0, i32 0, i32 0, void @empty_26, void @empty_26, i32 4294967295, i32 0"   --->   Operation 9 'specinterface' 'specinterface_ln0' <Predicate = true> <Delay = 0.00>
ST_1 : Operation 10 [1/1] (0.00ns)   --->   "%specinterface_ln0 = specinterface void @_ssdm_op_SpecInterface, i8 %K_in6, void @empty_0, i32 0, i32 0, void @empty_26, i32 0, i32 0, void @empty_26, void @empty_26, void @empty_26, i32 0, i32 0, i32 0, i32 0, void @empty_26, void @empty_26, i32 4294967295, i32 0"   --->   Operation 10 'specinterface' 'specinterface_ln0' <Predicate = true> <Delay = 0.00>
ST_1 : Operation 11 [1/1] (0.00ns)   --->   "%specinterface_ln0 = specinterface void @_ssdm_op_SpecInterface, i8 %k_lin2, void @empty_0, i32 0, i32 0, void @empty_26, i32 0, i32 0, void @empty_26, void @empty_26, void @empty_26, i32 0, i32 0, i32 0, i32 0, void @empty_26, void @empty_26, i32 4294967295, i32 0"   --->   Operation 11 'specinterface' 'specinterface_ln0' <Predicate = true> <Delay = 0.00>
ST_1 : Operation 12 [1/1] (0.00ns)   --->   "%C_tile_V = alloca i64 1" [/home/fede/PhD/transformer-hls/hls/include/linear.h:1497]   --->   Operation 12 'alloca' 'C_tile_V' <Predicate = true> <Delay = 0.00> <CoreInst = "RAM_T2P_BRAM">   --->   Core 99 'RAM_T2P_BRAM' <Latency = 1> <II = 1> <Delay = 1.19> <Storage> <Opcode : 'load' 'store'> <Ports = 2> <Width = 32> <Depth = 192> <RAM>
ST_1 : Operation 13 [1/1] (0.00ns)   --->   "%specmemcore_ln1501 = specmemcore void @_ssdm_op_SpecMemCore, i32 %C_tile_V, i64 666, i64 30, i64 18446744073709551615" [/home/fede/PhD/transformer-hls/hls/include/linear.h:1501]   --->   Operation 13 'specmemcore' 'specmemcore_ln1501' <Predicate = true> <Delay = 0.00>
ST_1 : Operation 14 [1/1] (0.38ns)   --->   "%store_ln1509 = store i5 0, i5 %m" [/home/fede/PhD/transformer-hls/hls/include/linear.h:1509]   --->   Operation 14 'store' 'store_ln1509' <Predicate = true> <Delay = 0.38>
ST_1 : Operation 15 [1/1] (0.00ns)   --->   "%br_ln1509 = br void %VITIS_LOOP_1512_2" [/home/fede/PhD/transformer-hls/hls/include/linear.h:1509]   --->   Operation 15 'br' 'br_ln1509' <Predicate = true> <Delay = 0.00>

State 2 <SV = 1> <Delay = 0.70>
ST_2 : Operation 16 [1/1] (0.00ns)   --->   "%m_30 = load i5 %m" [/home/fede/PhD/transformer-hls/hls/include/linear.h:1509]   --->   Operation 16 'load' 'm_30' <Predicate = true> <Delay = 0.00>
ST_2 : Operation 17 [1/1] (0.63ns)   --->   "%icmp_ln1509 = icmp_eq  i5 %m_30, i5 17" [/home/fede/PhD/transformer-hls/hls/include/linear.h:1509]   --->   Operation 17 'icmp' 'icmp_ln1509' <Predicate = true> <Delay = 0.63> <CoreInst = "Cmp">   --->   Core 9 'Cmp' <Latency = 0> <II = 1> <Delay = 0.63> <FuncUnit> <Opcode : 'icmp'> <InPorts = 2> <OutPorts = 1>
ST_2 : Operation 18 [1/1] (0.00ns)   --->   "%empty = speclooptripcount i32 @_ssdm_op_SpecLoopTripCount, i64 17, i64 17, i64 17"   --->   Operation 18 'speclooptripcount' 'empty' <Predicate = true> <Delay = 0.00>
ST_2 : Operation 19 [1/1] (0.70ns)   --->   "%m_31 = add i5 %m_30, i5 1" [/home/fede/PhD/transformer-hls/hls/include/linear.h:1509]   --->   Operation 19 'add' 'm_31' <Predicate = true> <Delay = 0.70> <CoreInst = "Adder">   --->   Core 1 'Adder' <Latency = 0> <II = 1> <Delay = 0.70> <FuncUnit> <Opcode : 'add' 'sub'> <InPorts = 2> <OutPorts = 1>
ST_2 : Operation 20 [1/1] (0.00ns)   --->   "%br_ln1509 = br i1 %icmp_ln1509, void %VITIS_LOOP_1512_2.split, void %for.end247" [/home/fede/PhD/transformer-hls/hls/include/linear.h:1509]   --->   Operation 20 'br' 'br_ln1509' <Predicate = true> <Delay = 0.00>
ST_2 : Operation 21 [2/2] (0.00ns)   --->   "%call_ln0 = call void @Linear_Layer.4_Pipeline_VITIS_LOOP_1512_2, i32 %C_tile_V, i13 %bias_k_0_V"   --->   Operation 21 'call' 'call_ln0' <Predicate = (!icmp_ln1509)> <Delay = 0.00> <CoreType = "Generic">   --->   Core 0 '' <Latency = 0> <II = 1> <Delay = 1.00> <Generic> <Opcode : >
ST_2 : Operation 22 [1/1] (0.00ns)   --->   "%ret_ln1621 = ret" [/home/fede/PhD/transformer-hls/hls/include/linear.h:1621]   --->   Operation 22 'ret' 'ret_ln1621' <Predicate = (icmp_ln1509)> <Delay = 0.00>

State 3 <SV = 2> <Delay = 0.38>
ST_3 : Operation 23 [1/1] (0.00ns)   --->   "%specloopname_ln1509 = specloopname void @_ssdm_op_SpecLoopName, void @empty_46" [/home/fede/PhD/transformer-hls/hls/include/linear.h:1509]   --->   Operation 23 'specloopname' 'specloopname_ln1509' <Predicate = true> <Delay = 0.00>
ST_3 : Operation 24 [1/2] (0.00ns)   --->   "%call_ln0 = call void @Linear_Layer.4_Pipeline_VITIS_LOOP_1512_2, i32 %C_tile_V, i13 %bias_k_0_V"   --->   Operation 24 'call' 'call_ln0' <Predicate = true> <Delay = 0.00> <CoreType = "Generic">   --->   Core 0 '' <Latency = 0> <II = 1> <Delay = 1.00> <Generic> <Opcode : >
ST_3 : Operation 25 [1/1] (0.38ns)   --->   "%br_ln1525 = br void %VITIS_LOOP_1527_7" [/home/fede/PhD/transformer-hls/hls/include/linear.h:1525]   --->   Operation 25 'br' 'br_ln1525' <Predicate = true> <Delay = 0.38>

State 4 <SV = 3> <Delay = 1.82>
ST_4 : Operation 26 [1/1] (0.00ns)   --->   "%k = phi i8 %k_9, void %VITIS_LOOP_1527_7.split, i8 0, void %VITIS_LOOP_1512_2.split"   --->   Operation 26 'phi' 'k' <Predicate = true> <Delay = 0.00>
ST_4 : Operation 27 [1/1] (0.58ns)   --->   "%icmp_ln1525 = icmp_eq  i8 %k, i8 192" [/home/fede/PhD/transformer-hls/hls/include/linear.h:1525]   --->   Operation 27 'icmp' 'icmp_ln1525' <Predicate = true> <Delay = 0.58> <CoreInst = "Cmp">   --->   Core 9 'Cmp' <Latency = 0> <II = 1> <Delay = 0.58> <FuncUnit> <Opcode : 'icmp'> <InPorts = 2> <OutPorts = 1>
ST_4 : Operation 28 [1/1] (0.00ns)   --->   "%empty_475 = speclooptripcount i32 @_ssdm_op_SpecLoopTripCount, i64 192, i64 192, i64 192"   --->   Operation 28 'speclooptripcount' 'empty_475' <Predicate = true> <Delay = 0.00>
ST_4 : Operation 29 [1/1] (0.70ns)   --->   "%k_9 = add i8 %k, i8 1" [/home/fede/PhD/transformer-hls/hls/include/linear.h:1525]   --->   Operation 29 'add' 'k_9' <Predicate = true> <Delay = 0.70> <CoreInst = "Adder">   --->   Core 1 'Adder' <Latency = 0> <II = 1> <Delay = 0.70> <FuncUnit> <Opcode : 'add' 'sub'> <InPorts = 2> <OutPorts = 1>
ST_4 : Operation 30 [1/1] (0.00ns)   --->   "%br_ln1525 = br i1 %icmp_ln1525, void %VITIS_LOOP_1527_7.split, void %VITIS_LOOP_1589_18.preheader" [/home/fede/PhD/transformer-hls/hls/include/linear.h:1525]   --->   Operation 30 'br' 'br_ln1525' <Predicate = true> <Delay = 0.00>
ST_4 : Operation 31 [1/1] (1.24ns)   --->   "%val_V = read i8 @_ssdm_op_Read.ap_fifo.volatile.i8P0A, i8 %K_in6" [/home/fede/PhD/transformer-hls/hls/include/linear.h:1530]   --->   Operation 31 'read' 'val_V' <Predicate = (!icmp_ln1525)> <Delay = 1.24> <CoreInst = "FIFO">   --->   Core 78 'FIFO' <Latency = 0> <II = 1> <Delay = 1.24> <Storage> <Opcode : 'read' 'write' 'nbread' 'nbwrite'> <Ports = 0> <Width = 8> <Depth = 3072> <FIFO>
ST_4 : Operation 32 [1/1] (0.00ns)   --->   "%empty_476 = wait i32 @_ssdm_op_Wait"   --->   Operation 32 'wait' 'empty_476' <Predicate = (icmp_ln1525)> <Delay = 0.00>
ST_4 : Operation 33 [2/2] (0.00ns)   --->   "%call_ln0 = call void @Linear_Layer.4_Pipeline_VITIS_LOOP_1588_17, i32 %C_tile_V, i8 %k_lin2"   --->   Operation 33 'call' 'call_ln0' <Predicate = (icmp_ln1525)> <Delay = 0.00> <CoreType = "Generic">   --->   Core 0 '' <Latency = 0> <II = 1> <Delay = 1.00> <Generic> <Opcode : >
ST_4 : Operation 34 [1/1] (0.38ns)   --->   "%store_ln1509 = store i5 %m_31, i5 %m" [/home/fede/PhD/transformer-hls/hls/include/linear.h:1509]   --->   Operation 34 'store' 'store_ln1509' <Predicate = (icmp_ln1525)> <Delay = 0.38>

State 5 <SV = 4> <Delay = 0.00>
ST_5 : Operation 35 [1/1] (0.00ns)   --->   "%empty_477 = wait i32 @_ssdm_op_Wait"   --->   Operation 35 'wait' 'empty_477' <Predicate = true> <Delay = 0.00>
ST_5 : Operation 36 [2/2] (0.00ns)   --->   "%call_ln1530 = call void @Linear_Layer.4_Pipeline_VITIS_LOOP_1540_9, i32 %C_tile_V, i8 %out_w1, i8 %val_V" [/home/fede/PhD/transformer-hls/hls/include/linear.h:1530]   --->   Operation 36 'call' 'call_ln1530' <Predicate = true> <Delay = 0.00> <CoreType = "Generic">   --->   Core 0 '' <Latency = 0> <II = 1> <Delay = 1.00> <Generic> <Opcode : >

State 6 <SV = 5> <Delay = 0.00>
ST_6 : Operation 37 [1/1] (0.00ns)   --->   "%specloopname_ln1525 = specloopname void @_ssdm_op_SpecLoopName, void @empty_50" [/home/fede/PhD/transformer-hls/hls/include/linear.h:1525]   --->   Operation 37 'specloopname' 'specloopname_ln1525' <Predicate = true> <Delay = 0.00>
ST_6 : Operation 38 [1/2] (0.00ns)   --->   "%call_ln1530 = call void @Linear_Layer.4_Pipeline_VITIS_LOOP_1540_9, i32 %C_tile_V, i8 %out_w1, i8 %val_V" [/home/fede/PhD/transformer-hls/hls/include/linear.h:1530]   --->   Operation 38 'call' 'call_ln1530' <Predicate = true> <Delay = 0.00> <CoreType = "Generic">   --->   Core 0 '' <Latency = 0> <II = 1> <Delay = 1.00> <Generic> <Opcode : >
ST_6 : Operation 39 [1/1] (0.00ns)   --->   "%br_ln1525 = br void %VITIS_LOOP_1527_7" [/home/fede/PhD/transformer-hls/hls/include/linear.h:1525]   --->   Operation 39 'br' 'br_ln1525' <Predicate = true> <Delay = 0.00>

State 7 <SV = 4> <Delay = 0.00>
ST_7 : Operation 40 [1/2] (0.00ns)   --->   "%call_ln0 = call void @Linear_Layer.4_Pipeline_VITIS_LOOP_1588_17, i32 %C_tile_V, i8 %k_lin2"   --->   Operation 40 'call' 'call_ln0' <Predicate = true> <Delay = 0.00> <CoreType = "Generic">   --->   Core 0 '' <Latency = 0> <II = 1> <Delay = 1.00> <Generic> <Opcode : >
ST_7 : Operation 41 [1/1] (0.00ns)   --->   "%br_ln1509 = br void %VITIS_LOOP_1512_2" [/home/fede/PhD/transformer-hls/hls/include/linear.h:1509]   --->   Operation 41 'br' 'br_ln1509' <Predicate = true> <Delay = 0.00>


============================================================
+ Verbose Summary: Timing violations
============================================================
Target clock period: 10ns, clock uncertainty: 2.7ns.

 <State 1>: 0.387ns
The critical path consists of the following:
	'alloca' operation ('m') [5]  (0 ns)
	'store' operation ('store_ln1509', /home/fede/PhD/transformer-hls/hls/include/linear.h:1509) of constant 0 on local variable 'm' [11]  (0.387 ns)

 <State 2>: 0.707ns
The critical path consists of the following:
	'load' operation ('m', /home/fede/PhD/transformer-hls/hls/include/linear.h:1509) on local variable 'm' [14]  (0 ns)
	'add' operation ('m', /home/fede/PhD/transformer-hls/hls/include/linear.h:1509) [17]  (0.707 ns)

 <State 3>: 0.387ns
The critical path consists of the following:
	multiplexor before 'phi' operation ('k') with incoming values : ('k', /home/fede/PhD/transformer-hls/hls/include/linear.h:1525) [24]  (0.387 ns)

 <State 4>: 1.82ns
The critical path consists of the following:
	fifo read operation ('val.V', /home/fede/PhD/transformer-hls/hls/include/linear.h:1530) on port 'K_in6' (/home/fede/PhD/transformer-hls/hls/include/linear.h:1530) [31]  (1.24 ns)
	blocking operation 0.581 ns on control path)

 <State 5>: 0ns
The critical path consists of the following:

 <State 6>: 0ns
The critical path consists of the following:

 <State 7>: 0ns
The critical path consists of the following:


============================================================
+ Verbose Summary: Binding
============================================================
N/A
* FSMD analyzer results:
  - Output states:
 - Input state : 
  - Chain level:
	State 1
	State 2
	State 3
	State 4
	State 5
	State 6
	State 7


============================================================
+ Verbose Summary: Datapath Resource usage 
============================================================
N/A
