

================================================================
== Vitis HLS Report for 'Linear_Layer_Pipeline_VITIS_LOOP_1540_9'
================================================================
* Date:           Thu Jun 18 11:12:11 2026

* Version:        2022.2 (Build 3670227 on Oct 13 2022)
* Project:        ViT_Block
* Solution:       ViT_Block (Vivado IP Flow Target)
* Product family: virtexuplus
* Target device:  xcu250-figd2104-2L-e


================================================================
== Performance Estimates
================================================================
+ Timing: 
    * Summary: 
    +--------+----------+----------+------------+
    |  Clock |  Target  | Estimated| Uncertainty|
    +--------+----------+----------+------------+
    |ap_clk  |  10.00 ns|  2.353 ns|     2.70 ns|
    +--------+----------+----------+------------+

+ Latency: 
    * Summary: 
    +---------+---------+----------+----------+-----+-----+---------+
    |  Latency (cycles) |  Latency (absolute) |  Interval | Pipeline|
    |   min   |   max   |    min   |    max   | min | max |   Type  |
    +---------+---------+----------+----------+-----+-----+---------+
    |      197|      197|  1.970 us|  1.970 us|  197|  197|       no|
    +---------+---------+----------+----------+-----+-----+---------+

    + Detail: 
        * Instance: 
        N/A

        * Loop: 
        +---------------------+---------+---------+----------+-----------+-----------+------+----------+
        |                     |  Latency (cycles) | Iteration|  Initiation Interval  | Trip |          |
        |      Loop Name      |   min   |   max   |  Latency |  achieved |   target  | Count| Pipelined|
        +---------------------+---------+---------+----------+-----------+-----------+------+----------+
        |- VITIS_LOOP_1540_9  |      195|      195|         5|          1|          1|   192|       yes|
        +---------------------+---------+---------+----------+-----------+-----------+------+----------+



================================================================
== Utilization Estimates
================================================================
* Summary: 
+---------------------+---------+-------+---------+---------+------+
|         Name        | BRAM_18K|  DSP  |    FF   |   LUT   | URAM |
+---------------------+---------+-------+---------+---------+------+
|DSP                  |        -|      1|        -|        -|     -|
|Expression           |        -|      -|        0|       30|     -|
|FIFO                 |        -|      -|        -|        -|     -|
|Instance             |        -|      -|        -|        -|     -|
|Memory               |        -|      -|        -|        -|     -|
|Multiplexer          |        -|      -|        -|       45|     -|
|Register             |        -|      -|       65|        -|     -|
+---------------------+---------+-------+---------+---------+------+
|Total                |        0|      1|       65|       75|     0|
+---------------------+---------+-------+---------+---------+------+
|Available SLR        |     1344|   3072|   864000|   432000|   320|
+---------------------+---------+-------+---------+---------+------+
|Utilization SLR (%)  |        0|     ~0|       ~0|       ~0|     0|
+---------------------+---------+-------+---------+---------+------+
|Available            |     5376|  12288|  3456000|  1728000|  1280|
+---------------------+---------+-------+---------+---------+------+
|Utilization (%)      |        0|     ~0|       ~0|       ~0|     0|
+---------------------+---------+-------+---------+---------+------+

+ Detail: 
    * Instance: 
    N/A

    * DSP: 
    +----------------------------------+-----------------------------+--------------+
    |             Instance             |            Module           |  Expression  |
    +----------------------------------+-----------------------------+--------------+
    |mac_muladd_8s_8s_32s_32_4_1_U755  |mac_muladd_8s_8s_32s_32_4_1  |  i0 + i1 * i2|
    +----------------------------------+-----------------------------+--------------+

    * Memory: 
    N/A

    * FIFO: 
    N/A

    * Expression: 
    +---------------------------+----------+----+---+----+------------+------------+
    |       Variable Name       | Operation| DSP| FF| LUT| Bitwidth P0| Bitwidth P1|
    +---------------------------+----------+----+---+----+------------+------------+
    |add_ln1540_fu_101_p2       |         +|   0|  0|  15|           8|           1|
    |ap_block_pp0_stage0_11001  |       and|   0|  0|   2|           1|           1|
    |icmp_ln1540_fu_95_p2       |      icmp|   0|  0|  11|           8|           8|
    |ap_enable_pp0              |       xor|   0|  0|   2|           1|           2|
    +---------------------------+----------+----+---+----+------------+------------+
    |Total                      |          |   0|  0|  30|          18|          12|
    +---------------------------+----------+----+---+----+------------+------------+

    * Multiplexer: 
    +-------------------------+----+-----------+-----+-----------+
    |           Name          | LUT| Input Size| Bits| Total Bits|
    +-------------------------+----+-----------+-----+-----------+
    |ap_done_int              |   9|          2|    1|          2|
    |ap_enable_reg_pp0_iter1  |   9|          2|    1|          2|
    |ap_sig_allocacmp_n_8     |   9|          2|    8|         16|
    |n_fu_50                  |   9|          2|    8|         16|
    |out_w1_blk_n             |   9|          2|    1|          2|
    +-------------------------+----+-----------+-----+-----------+
    |Total                    |  45|         10|   19|         38|
    +-------------------------+----+-----------+-----+-----------+

    * Register: 
    +-------------------------------------+----+----+-----+-----------+
    |                 Name                | FF | LUT| Bits| Const Bits|
    +-------------------------------------+----+----+-----+-----------+
    |C_tile_V_addr_reg_154                |   8|   0|    8|          0|
    |C_tile_V_addr_reg_154_pp0_iter3_reg  |   8|   0|    8|          0|
    |ap_CS_fsm                            |   1|   0|    1|          0|
    |ap_done_reg                          |   1|   0|    1|          0|
    |ap_enable_reg_pp0_iter1              |   1|   0|    1|          0|
    |ap_enable_reg_pp0_iter2              |   1|   0|    1|          0|
    |ap_enable_reg_pp0_iter3              |   1|   0|    1|          0|
    |ap_enable_reg_pp0_iter4              |   1|   0|    1|          0|
    |ap_loop_exit_ready_pp0_iter1_reg     |   1|   0|    1|          0|
    |ap_loop_exit_ready_pp0_iter2_reg     |   1|   0|    1|          0|
    |ap_loop_exit_ready_pp0_iter3_reg     |   1|   0|    1|          0|
    |lhs_cast_reg_135                     |  16|   0|   16|          0|
    |n_8_reg_140                          |   8|   0|    8|          0|
    |n_8_reg_140_pp0_iter1_reg            |   8|   0|    8|          0|
    |n_fu_50                              |   8|   0|    8|          0|
    +-------------------------------------+----+----+-----+-----------+
    |Total                                |  65|   0|   65|          0|
    +-------------------------------------+----+----+-----+-----------+



================================================================
== Interface
================================================================
* Summary: 
+-----------------------+-----+-----+------------+-----------------------------------------+--------------+
|       RTL Ports       | Dir | Bits|  Protocol  |              Source Object              |    C Type    |
+-----------------------+-----+-----+------------+-----------------------------------------+--------------+
|ap_clk                 |   in|    1|  ap_ctrl_hs|  Linear_Layer_Pipeline_VITIS_LOOP_1540_9|  return value|
|ap_rst                 |   in|    1|  ap_ctrl_hs|  Linear_Layer_Pipeline_VITIS_LOOP_1540_9|  return value|
|ap_start               |   in|    1|  ap_ctrl_hs|  Linear_Layer_Pipeline_VITIS_LOOP_1540_9|  return value|
|ap_done                |  out|    1|  ap_ctrl_hs|  Linear_Layer_Pipeline_VITIS_LOOP_1540_9|  return value|
|ap_idle                |  out|    1|  ap_ctrl_hs|  Linear_Layer_Pipeline_VITIS_LOOP_1540_9|  return value|
|ap_ready               |  out|    1|  ap_ctrl_hs|  Linear_Layer_Pipeline_VITIS_LOOP_1540_9|  return value|
|out_w1_dout            |   in|    8|     ap_fifo|                                   out_w1|       pointer|
|out_w1_num_data_valid  |   in|    7|     ap_fifo|                                   out_w1|       pointer|
|out_w1_fifo_cap        |   in|    7|     ap_fifo|                                   out_w1|       pointer|
|out_w1_empty_n         |   in|    1|     ap_fifo|                                   out_w1|       pointer|
|out_w1_read            |  out|    1|     ap_fifo|                                   out_w1|       pointer|
|C_tile_V_address0      |  out|    8|   ap_memory|                                 C_tile_V|         array|
|C_tile_V_ce0           |  out|    1|   ap_memory|                                 C_tile_V|         array|
|C_tile_V_we0           |  out|    1|   ap_memory|                                 C_tile_V|         array|
|C_tile_V_d0            |  out|   32|   ap_memory|                                 C_tile_V|         array|
|C_tile_V_address1      |  out|    8|   ap_memory|                                 C_tile_V|         array|
|C_tile_V_ce1           |  out|    1|   ap_memory|                                 C_tile_V|         array|
|C_tile_V_q1            |   in|   32|   ap_memory|                                 C_tile_V|         array|
|lhs                    |   in|    8|     ap_none|                                      lhs|        scalar|
+-----------------------+-----+-----+------------+-----------------------------------------+--------------+

============================================================
+ Verbose Summary: Synthesis Manager
============================================================
InlineROM: 1
ExposeGlobal: 0
============================================================
+ Verbose Summary: CDFG Model
============================================================
IsTopModel: 0
ResetActiveHigh: 1
IsCombinational: 2
IsDatapathOnly: 2
HasWiredReturn: 1
HasMFsm: 2
HasVarLatency: 1
IsPipeline: 0
IsRtlPipelined: 0
IsInstanceOverlapped: 0
IsDontTouch: 0
HasImplIP: 0
IsGatedGlobalClock: 0

+ Individual pipeline summary: 
  * Pipeline-0: initiation interval (II) = 1, depth = 5


============================================================
+ Verbose Summary: Schedule
============================================================
* Number of FSM states : 5
* Pipeline : 1
  Pipeline-0 : II = 1, D = 5, States = { 1 2 3 4 5 }
* Dataflow Pipeline: 0

* FSM state transitions: 
1 --> 2 
2 --> 3 
3 --> 4 
4 --> 5 
5 --> 

* FSM state operations: 

State 1 <SV = 0> <Delay = 1.09>
ST_1 : Operation 8 [1/1] (0.00ns)   --->   "%n = alloca i32 1"   --->   Operation 8 'alloca' 'n' <Predicate = true> <Delay = 0.00>
ST_1 : Operation 9 [1/1] (0.00ns)   --->   "%lhs_read = read i8 @_ssdm_op_Read.ap_auto.i8, i8 %lhs"   --->   Operation 9 'read' 'lhs_read' <Predicate = true> <Delay = 0.00>
ST_1 : Operation 10 [1/1] (0.00ns)   --->   "%lhs_cast = sext i8 %lhs_read"   --->   Operation 10 'sext' 'lhs_cast' <Predicate = true> <Delay = 0.00>
ST_1 : Operation 11 [1/1] (0.00ns)   --->   "%specmemcore_ln0 = specmemcore void @_ssdm_op_SpecMemCore, i32 %C_tile_V, i64 666, i64 30, i64 18446744073709551615"   --->   Operation 11 'specmemcore' 'specmemcore_ln0' <Predicate = true> <Delay = 0.00>
ST_1 : Operation 12 [1/1] (0.00ns)   --->   "%specinterface_ln0 = specinterface void @_ssdm_op_SpecInterface, i8 %out_w1, void @empty_0, i32 0, i32 0, void @empty_26, i32 0, i32 0, void @empty_26, void @empty_26, void @empty_26, i32 0, i32 0, i32 0, i32 0, void @empty_26, void @empty_26, i32 4294967295, i32 0"   --->   Operation 12 'specinterface' 'specinterface_ln0' <Predicate = true> <Delay = 0.00>
ST_1 : Operation 13 [1/1] (0.38ns)   --->   "%store_ln0 = store i8 0, i8 %n"   --->   Operation 13 'store' 'store_ln0' <Predicate = true> <Delay = 0.38>
ST_1 : Operation 14 [1/1] (0.00ns)   --->   "%br_ln0 = br void %VITIS_LOOP_1541_10"   --->   Operation 14 'br' 'br_ln0' <Predicate = true> <Delay = 0.00>
ST_1 : Operation 15 [1/1] (0.00ns)   --->   "%n_8 = load i8 %n" [/home/fede/PhD/transformer-hls/hls/include/linear.h:1540]   --->   Operation 15 'load' 'n_8' <Predicate = true> <Delay = 0.00>
ST_1 : Operation 16 [1/1] (0.00ns)   --->   "%specpipeline_ln0 = specpipeline void @_ssdm_op_SpecPipeline, i32 4294967295, i32 0, i32 1, i32 0, void @p_str"   --->   Operation 16 'specpipeline' 'specpipeline_ln0' <Predicate = true> <Delay = 0.00>
ST_1 : Operation 17 [1/1] (0.58ns)   --->   "%icmp_ln1540 = icmp_eq  i8 %n_8, i8 192" [/home/fede/PhD/transformer-hls/hls/include/linear.h:1540]   --->   Operation 17 'icmp' 'icmp_ln1540' <Predicate = true> <Delay = 0.58> <CoreInst = "Cmp">   --->   Core 9 'Cmp' <Latency = 0> <II = 1> <Delay = 0.58> <FuncUnit> <Opcode : 'icmp'> <InPorts = 2> <OutPorts = 1>
ST_1 : Operation 18 [1/1] (0.00ns)   --->   "%empty = speclooptripcount i32 @_ssdm_op_SpecLoopTripCount, i64 192, i64 192, i64 192"   --->   Operation 18 'speclooptripcount' 'empty' <Predicate = true> <Delay = 0.00>
ST_1 : Operation 19 [1/1] (0.70ns)   --->   "%add_ln1540 = add i8 %n_8, i8 1" [/home/fede/PhD/transformer-hls/hls/include/linear.h:1540]   --->   Operation 19 'add' 'add_ln1540' <Predicate = true> <Delay = 0.70> <CoreInst = "Adder">   --->   Core 1 'Adder' <Latency = 0> <II = 1> <Delay = 0.70> <FuncUnit> <Opcode : 'add' 'sub'> <InPorts = 2> <OutPorts = 1>
ST_1 : Operation 20 [1/1] (0.00ns)   --->   "%br_ln1540 = br i1 %icmp_ln1540, void %VITIS_LOOP_1541_10.split, void %for.inc196.exitStub" [/home/fede/PhD/transformer-hls/hls/include/linear.h:1540]   --->   Operation 20 'br' 'br_ln1540' <Predicate = true> <Delay = 0.00>
ST_1 : Operation 21 [1/1] (0.38ns)   --->   "%store_ln1540 = store i8 %add_ln1540, i8 %n" [/home/fede/PhD/transformer-hls/hls/include/linear.h:1540]   --->   Operation 21 'store' 'store_ln1540' <Predicate = (!icmp_ln1540)> <Delay = 0.38>

State 2 <SV = 1> <Delay = 2.35>
ST_2 : Operation 22 [1/1] (1.35ns)   --->   "%w_packed_V = read i8 @_ssdm_op_Read.ap_fifo.volatile.i8P0A, i8 %out_w1" [/home/fede/PhD/transformer-hls/hls/include/linear.h:1544]   --->   Operation 22 'read' 'w_packed_V' <Predicate = true> <Delay = 1.35> <CoreInst = "FIFO_SRL">   --->   Core 81 'FIFO_SRL' <Latency = 0> <II = 1> <Delay = 1.35> <Storage> <Opcode : 'read' 'write' 'nbread' 'nbwrite'> <Ports = 0> <Width = 8> <Depth = 64> <FIFO>
ST_2 : Operation 23 [1/1] (0.00ns)   --->   "%sext_ln186 = sext i8 %w_packed_V"   --->   Operation 23 'sext' 'sext_ln186' <Predicate = true> <Delay = 0.00>
ST_2 : Operation 24 [3/3] (0.99ns) (grouped into DSP with root node add_ln840)   --->   "%ret_V = mul i16 %sext_ln186, i16 %lhs_cast"   --->   Operation 24 'mul' 'ret_V' <Predicate = true> <Delay = 0.99> <CoreInst = "DSP48">   --->   Core 127 'DSP48' <Latency = 3> <II = 1> <Delay = 0.53> <IPBlock> <Opcode : 'mul' 'add' 'sub' 'select'> <InPorts = 0> <OutPorts = 1> <Sync> <CReg>

State 3 <SV = 2> <Delay = 1.19>
ST_3 : Operation 25 [1/1] (0.00ns)   --->   "%n_14_cast = zext i8 %n_8" [/home/fede/PhD/transformer-hls/hls/include/linear.h:1540]   --->   Operation 25 'zext' 'n_14_cast' <Predicate = true> <Delay = 0.00>
ST_3 : Operation 26 [1/1] (0.00ns)   --->   "%C_tile_V_addr = getelementptr i32 %C_tile_V, i64 0, i64 %n_14_cast" [/home/fede/PhD/transformer-hls/hls/include/linear.h:1540]   --->   Operation 26 'getelementptr' 'C_tile_V_addr' <Predicate = true> <Delay = 0.00>
ST_3 : Operation 27 [2/2] (1.19ns)   --->   "%C_tile_V_load = load i8 %C_tile_V_addr" [/home/fede/PhD/transformer-hls/hls/include/linear.h:1555]   --->   Operation 27 'load' 'C_tile_V_load' <Predicate = true> <Delay = 1.19> <CoreInst = "RAM_T2P_BRAM">   --->   Core 99 'RAM_T2P_BRAM' <Latency = 1> <II = 1> <Delay = 1.19> <Storage> <Opcode : 'load' 'store'> <Ports = 2> <Width = 32> <Depth = 192> <RAM>
ST_3 : Operation 28 [2/3] (0.99ns) (grouped into DSP with root node add_ln840)   --->   "%ret_V = mul i16 %sext_ln186, i16 %lhs_cast"   --->   Operation 28 'mul' 'ret_V' <Predicate = true> <Delay = 0.99> <CoreInst = "DSP48">   --->   Core 127 'DSP48' <Latency = 3> <II = 1> <Delay = 0.53> <IPBlock> <Opcode : 'mul' 'add' 'sub' 'select'> <InPorts = 0> <OutPorts = 1> <Sync> <CReg>

State 4 <SV = 3> <Delay = 1.84>
ST_4 : Operation 29 [1/2] (1.19ns)   --->   "%C_tile_V_load = load i8 %C_tile_V_addr" [/home/fede/PhD/transformer-hls/hls/include/linear.h:1555]   --->   Operation 29 'load' 'C_tile_V_load' <Predicate = true> <Delay = 1.19> <CoreInst = "RAM_T2P_BRAM">   --->   Core 99 'RAM_T2P_BRAM' <Latency = 1> <II = 1> <Delay = 1.19> <Storage> <Opcode : 'load' 'store'> <Ports = 2> <Width = 32> <Depth = 192> <RAM>
ST_4 : Operation 30 [1/3] (0.00ns) (grouped into DSP with root node add_ln840)   --->   "%ret_V = mul i16 %sext_ln186, i16 %lhs_cast"   --->   Operation 30 'mul' 'ret_V' <Predicate = true> <Delay = 0.00> <CoreInst = "DSP48">   --->   Core 127 'DSP48' <Latency = 3> <II = 1> <Delay = 0.53> <IPBlock> <Opcode : 'mul' 'add' 'sub' 'select'> <InPorts = 0> <OutPorts = 1> <Sync> <CReg>
ST_4 : Operation 31 [1/1] (0.00ns) (grouped into DSP with root node add_ln840)   --->   "%sext_ln840 = sext i16 %ret_V"   --->   Operation 31 'sext' 'sext_ln840' <Predicate = true> <Delay = 0.00>
ST_4 : Operation 32 [2/2] (0.64ns) (root node of the DSP)   --->   "%add_ln840 = add i32 %C_tile_V_load, i32 %sext_ln840"   --->   Operation 32 'add' 'add_ln840' <Predicate = true> <Delay = 0.64> <CoreInst = "DSP48">   --->   Core 127 'DSP48' <Latency = 3> <II = 1> <Delay = 0.53> <IPBlock> <Opcode : 'mul' 'add' 'sub' 'select'> <InPorts = 0> <OutPorts = 1> <Sync> <CReg>
ST_4 : Operation 37 [1/1] (0.00ns)   --->   "%ret_ln0 = ret"   --->   Operation 37 'ret' 'ret_ln0' <Predicate = (icmp_ln1540)> <Delay = 0.00>

State 5 <SV = 4> <Delay = 1.84>
ST_5 : Operation 33 [1/1] (0.00ns)   --->   "%specloopname_ln1540 = specloopname void @_ssdm_op_SpecLoopName, void @empty_24" [/home/fede/PhD/transformer-hls/hls/include/linear.h:1540]   --->   Operation 33 'specloopname' 'specloopname_ln1540' <Predicate = true> <Delay = 0.00>
ST_5 : Operation 34 [1/2] (0.64ns) (root node of the DSP)   --->   "%add_ln840 = add i32 %C_tile_V_load, i32 %sext_ln840"   --->   Operation 34 'add' 'add_ln840' <Predicate = true> <Delay = 0.64> <CoreInst = "DSP48">   --->   Core 127 'DSP48' <Latency = 3> <II = 1> <Delay = 0.53> <IPBlock> <Opcode : 'mul' 'add' 'sub' 'select'> <InPorts = 0> <OutPorts = 1> <Sync> <CReg>
ST_5 : Operation 35 [1/1] (1.19ns)   --->   "%store_ln1579 = store i32 %add_ln840, i8 %C_tile_V_addr" [/home/fede/PhD/transformer-hls/hls/include/linear.h:1579]   --->   Operation 35 'store' 'store_ln1579' <Predicate = true> <Delay = 1.19> <CoreInst = "RAM_T2P_BRAM">   --->   Core 99 'RAM_T2P_BRAM' <Latency = 1> <II = 1> <Delay = 1.19> <Storage> <Opcode : 'load' 'store'> <Ports = 2> <Width = 32> <Depth = 192> <RAM>
ST_5 : Operation 36 [1/1] (0.00ns)   --->   "%br_ln1540 = br void %VITIS_LOOP_1541_10" [/home/fede/PhD/transformer-hls/hls/include/linear.h:1540]   --->   Operation 36 'br' 'br_ln1540' <Predicate = true> <Delay = 0.00>


============================================================
+ Verbose Summary: Binding
============================================================
STG Binding: 
---------------- STG Properties BEGIN ----------------
- Is combinational: 0
- Is one-state seq: 0
- Is datapath-only: 0
- Is pipelined: 0
- Is top level: 0
Port [ Return ] is wired: 1; IO mode=ap_ctrl_hs:ce=0
Port [ C_tile_V]:  wired=1; compound=1; hidden=0; nouse=0; global=0; static=0; extern=0; dir=2; type=1; pingpong=0; private_global=0; MemPort=[01]; IO mode=ap_memory:ce=0
Port [ out_w1]:  wired=1; compound=1; hidden=0; nouse=0; global=0; static=0; extern=0; dir=0; type=3; pingpong=0; private_global=0; IO mode=ap_fifo:ce=0
Port [ lhs]:  wired=1; compound=0; hidden=0; nouse=0; global=0; static=0; extern=0; dir=0; type=0; pingpong=0; private_global=0; IO mode=ap_none:ce=0
---------------- STG Properties END ------------------

---------------- Datapath Model BEGIN ----------------

<LifeTime>
<method=bitvector/>
n                   (alloca           ) [ 010000]
lhs_read            (read             ) [ 000000]
lhs_cast            (sext             ) [ 011110]
specmemcore_ln0     (specmemcore      ) [ 000000]
specinterface_ln0   (specinterface    ) [ 000000]
store_ln0           (store            ) [ 000000]
br_ln0              (br               ) [ 000000]
n_8                 (load             ) [ 011100]
specpipeline_ln0    (specpipeline     ) [ 000000]
icmp_ln1540         (icmp             ) [ 011110]
empty               (speclooptripcount) [ 000000]
add_ln1540          (add              ) [ 000000]
br_ln1540           (br               ) [ 000000]
store_ln1540        (store            ) [ 000000]
w_packed_V          (read             ) [ 000000]
sext_ln186          (sext             ) [ 010110]
n_14_cast           (zext             ) [ 000000]
C_tile_V_addr       (getelementptr    ) [ 010011]
C_tile_V_load       (load             ) [ 010001]
ret_V               (mul              ) [ 000000]
sext_ln840          (sext             ) [ 010001]
specloopname_ln1540 (specloopname     ) [ 000000]
add_ln840           (add              ) [ 000000]
store_ln1579        (store            ) [ 000000]
br_ln1540           (br               ) [ 000000]
ret_ln0             (ret              ) [ 000000]
</LifeTime>

<model>

<comp_list>
<comp id="0" class="1000" name="C_tile_V">
<pin_list>
<pin id="1" dir="1" index="0" bw="1" slack="0"/>
</pin_list>
<bind>
<StgValue><ssdm name="C_tile_V"/><MemPortTyVec>0 1 </MemPortTyVec>
</StgValue>
</bind>
</comp>

<comp id="2" class="1000" name="out_w1">
<pin_list>
<pin id="3" dir="1" index="0" bw="1" slack="0"/>
</pin_list>
<bind>
<StgValue><ssdm name="out_w1"/></StgValue>
</bind>
</comp>

<comp id="4" class="1000" name="lhs">
<pin_list>
<pin id="5" dir="1" index="0" bw="1" slack="0"/>
</pin_list>
<bind>
<StgValue><ssdm name="lhs"/></StgValue>
</bind>
</comp>

<comp id="6" class="1001" name="const_6">
<pin_list>
<pin id="7" dir="1" index="0" bw="1" slack="0"/>
</pin_list>
<bind>
<StgValue><ssdm name=""/></StgValue>
</bind>
</comp>

<comp id="8" class="1001" name="const_8">
<pin_list>
<pin id="9" dir="1" index="0" bw="1" slack="0"/>
</pin_list>
<bind>
<StgValue><ssdm name="_ssdm_op_Read.ap_auto.i8"/></StgValue>
</bind>
</comp>

<comp id="10" class="1001" name="const_10">
<pin_list>
<pin id="11" dir="1" index="0" bw="1" slack="2147483647"/>
</pin_list>
<bind>
<StgValue><ssdm name="_ssdm_op_SpecMemCore"/></StgValue>
</bind>
</comp>

<comp id="12" class="1001" name="const_12">
<pin_list>
<pin id="13" dir="1" index="0" bw="1" slack="2147483647"/>
</pin_list>
<bind>
<StgValue><ssdm name=""/></StgValue>
</bind>
</comp>

<comp id="14" class="1001" name="const_14">
<pin_list>
<pin id="15" dir="1" index="0" bw="1" slack="2147483647"/>
</pin_list>
<bind>
<StgValue><ssdm name=""/></StgValue>
</bind>
</comp>

<comp id="16" class="1001" name="const_16">
<pin_list>
<pin id="17" dir="1" index="0" bw="1" slack="2147483647"/>
</pin_list>
<bind>
<StgValue><ssdm name=""/></StgValue>
</bind>
</comp>

<comp id="18" class="1001" name="const_18">
<pin_list>
<pin id="19" dir="1" index="0" bw="1" slack="2147483647"/>
</pin_list>
<bind>
<StgValue><ssdm name="_ssdm_op_SpecInterface"/></StgValue>
</bind>
</comp>

<comp id="20" class="1001" name="const_20">
<pin_list>
<pin id="21" dir="1" index="0" bw="1" slack="2147483647"/>
</pin_list>
<bind>
<StgValue><ssdm name="empty_0"/></StgValue>
</bind>
</comp>

<comp id="22" class="1001" name="const_22">
<pin_list>
<pin id="23" dir="1" index="0" bw="1" slack="2147483647"/>
</pin_list>
<bind>
<StgValue><ssdm name=""/></StgValue>
</bind>
</comp>

<comp id="24" class="1001" name="const_24">
<pin_list>
<pin id="25" dir="1" index="0" bw="1" slack="2147483647"/>
</pin_list>
<bind>
<StgValue><ssdm name="empty_26"/></StgValue>
</bind>
</comp>

<comp id="26" class="1001" name="const_26">
<pin_list>
<pin id="27" dir="1" index="0" bw="1" slack="2147483647"/>
</pin_list>
<bind>
<StgValue><ssdm name=""/></StgValue>
</bind>
</comp>

<comp id="28" class="1001" name="const_28">
<pin_list>
<pin id="29" dir="1" index="0" bw="1" slack="0"/>
</pin_list>
<bind>
<StgValue><ssdm name=""/></StgValue>
</bind>
</comp>

<comp id="30" class="1001" name="const_30">
<pin_list>
<pin id="31" dir="1" index="0" bw="1" slack="2147483647"/>
</pin_list>
<bind>
<StgValue><ssdm name="_ssdm_op_SpecPipeline"/></StgValue>
</bind>
</comp>

<comp id="32" class="1001" name="const_32">
<pin_list>
<pin id="33" dir="1" index="0" bw="1" slack="2147483647"/>
</pin_list>
<bind>
<StgValue><ssdm name="p_str"/></StgValue>
</bind>
</comp>

<comp id="34" class="1001" name="const_34">
<pin_list>
<pin id="35" dir="1" index="0" bw="1" slack="0"/>
</pin_list>
<bind>
<StgValue><ssdm name=""/></StgValue>
</bind>
</comp>

<comp id="36" class="1001" name="const_36">
<pin_list>
<pin id="37" dir="1" index="0" bw="1" slack="2147483647"/>
</pin_list>
<bind>
<StgValue><ssdm name="_ssdm_op_SpecLoopTripCount"/></StgValue>
</bind>
</comp>

<comp id="38" class="1001" name="const_38">
<pin_list>
<pin id="39" dir="1" index="0" bw="1" slack="2147483647"/>
</pin_list>
<bind>
<StgValue><ssdm name=""/></StgValue>
</bind>
</comp>

<comp id="40" class="1001" name="const_40">
<pin_list>
<pin id="41" dir="1" index="0" bw="1" slack="0"/>
</pin_list>
<bind>
<StgValue><ssdm name=""/></StgValue>
</bind>
</comp>

<comp id="42" class="1001" name="const_42">
<pin_list>
<pin id="43" dir="1" index="0" bw="1" slack="0"/>
</pin_list>
<bind>
<StgValue><ssdm name="_ssdm_op_Read.ap_fifo.volatile.i8P0A"/></StgValue>
</bind>
</comp>

<comp id="44" class="1001" name="const_44">
<pin_list>
<pin id="45" dir="1" index="0" bw="1" slack="0"/>
</pin_list>
<bind>
<StgValue><ssdm name=""/></StgValue>
</bind>
</comp>

<comp id="46" class="1001" name="const_46">
<pin_list>
<pin id="47" dir="1" index="0" bw="1" slack="2147483647"/>
</pin_list>
<bind>
<StgValue><ssdm name="_ssdm_op_SpecLoopName"/></StgValue>
</bind>
</comp>

<comp id="48" class="1001" name="const_48">
<pin_list>
<pin id="49" dir="1" index="0" bw="1" slack="2147483647"/>
</pin_list>
<bind>
<StgValue><ssdm name="empty_24"/></StgValue>
</bind>
</comp>

<comp id="50" class="1004" name="n_fu_50">
<pin_list>
<pin id="51" dir="0" index="0" bw="1" slack="0"/>
<pin id="52" dir="1" index="1" bw="8" slack="0"/>
</pin_list>
<bind>
<opcode="alloca(26) " fcode="alloca"/>
<opset="n/1 "/>
</bind>
</comp>

<comp id="54" class="1004" name="lhs_read_read_fu_54">
<pin_list>
<pin id="55" dir="0" index="0" bw="8" slack="0"/>
<pin id="56" dir="0" index="1" bw="8" slack="0"/>
<pin id="57" dir="1" index="2" bw="8" slack="0"/>
</pin_list>
<bind>
<opcode="read(1150) " fcode="read"/>
<opset="lhs_read/1 "/>
</bind>
</comp>

<comp id="60" class="1004" name="w_packed_V_read_fu_60">
<pin_list>
<pin id="61" dir="0" index="0" bw="8" slack="0"/>
<pin id="62" dir="0" index="1" bw="8" slack="0"/>
<pin id="63" dir="1" index="2" bw="8" slack="0"/>
</pin_list>
<bind>
<opcode="read(1150) " fcode="read"/>
<opset="w_packed_V/2 "/>
</bind>
</comp>

<comp id="66" class="1004" name="C_tile_V_addr_gep_fu_66">
<pin_list>
<pin id="67" dir="0" index="0" bw="32" slack="0"/>
<pin id="68" dir="0" index="1" bw="1" slack="0"/>
<pin id="69" dir="0" index="2" bw="8" slack="0"/>
<pin id="70" dir="1" index="3" bw="8" slack="0"/>
</pin_list>
<bind>
<opcode="getelementptr(29) " fcode="getelementptr"/>
<opset="C_tile_V_addr/3 "/>
</bind>
</comp>

<comp id="73" class="1004" name="grp_access_fu_73">
<pin_list>
<pin id="74" dir="0" index="0" bw="8" slack="2"/>
<pin id="75" dir="0" index="1" bw="32" slack="0"/>
<pin id="76" dir="0" index="2" bw="0" slack="0"/>
<pin id="78" dir="0" index="4" bw="8" slack="2147483647"/>
<pin id="79" dir="0" index="5" bw="32" slack="2147483647"/>
<pin id="80" dir="0" index="6" bw="0" slack="2147483647"/>
<pin id="77" dir="1" index="3" bw="32" slack="2147483647"/>
<pin id="81" dir="1" index="7" bw="32" slack="0"/>
</pin_list>
<bind>
<opcode="load(27) store(28) " fcode="store"/>
<opset="C_tile_V_load/3 store_ln1579/5 "/>
</bind>
</comp>

<comp id="83" class="1004" name="lhs_cast_fu_83">
<pin_list>
<pin id="84" dir="0" index="0" bw="8" slack="0"/>
<pin id="85" dir="1" index="1" bw="16" slack="1"/>
</pin_list>
<bind>
<opcode="sext(35) " fcode="sext"/>
<opset="lhs_cast/1 "/>
</bind>
</comp>

<comp id="87" class="1004" name="store_ln0_store_fu_87">
<pin_list>
<pin id="88" dir="0" index="0" bw="1" slack="0"/>
<pin id="89" dir="0" index="1" bw="8" slack="0"/>
<pin id="90" dir="1" index="2" bw="0" slack="2147483647"/>
</pin_list>
<bind>
<opcode="store(28) " fcode="store"/>
<opset="store_ln0/1 "/>
</bind>
</comp>

<comp id="92" class="1004" name="n_8_load_fu_92">
<pin_list>
<pin id="93" dir="0" index="0" bw="8" slack="0"/>
<pin id="94" dir="1" index="1" bw="8" slack="0"/>
</pin_list>
<bind>
<opcode="load(27) " fcode="load"/>
<opset="n_8/1 "/>
</bind>
</comp>

<comp id="95" class="1004" name="icmp_ln1540_fu_95">
<pin_list>
<pin id="96" dir="0" index="0" bw="8" slack="0"/>
<pin id="97" dir="0" index="1" bw="8" slack="0"/>
<pin id="98" dir="1" index="2" bw="1" slack="3"/>
</pin_list>
<bind>
<opcode="icmp(45) " fcode="icmp"/>
<opset="icmp_ln1540/1 "/>
</bind>
</comp>

<comp id="101" class="1004" name="add_ln1540_fu_101">
<pin_list>
<pin id="102" dir="0" index="0" bw="8" slack="0"/>
<pin id="103" dir="0" index="1" bw="1" slack="0"/>
<pin id="104" dir="1" index="2" bw="8" slack="0"/>
</pin_list>
<bind>
<opcode="add(8) " fcode="add"/>
<opset="add_ln1540/1 "/>
</bind>
</comp>

<comp id="107" class="1004" name="store_ln1540_store_fu_107">
<pin_list>
<pin id="108" dir="0" index="0" bw="8" slack="0"/>
<pin id="109" dir="0" index="1" bw="8" slack="0"/>
<pin id="110" dir="1" index="2" bw="0" slack="2147483647"/>
</pin_list>
<bind>
<opcode="store(28) " fcode="store"/>
<opset="store_ln1540/1 "/>
</bind>
</comp>

<comp id="112" class="1004" name="sext_ln186_fu_112">
<pin_list>
<pin id="113" dir="0" index="0" bw="8" slack="0"/>
<pin id="114" dir="1" index="1" bw="16" slack="0"/>
</pin_list>
<bind>
<opcode="sext(35) " fcode="sext"/>
<opset="sext_ln186/2 "/>
</bind>
</comp>

<comp id="116" class="1004" name="n_14_cast_fu_116">
<pin_list>
<pin id="117" dir="0" index="0" bw="8" slack="2"/>
<pin id="118" dir="1" index="1" bw="64" slack="0"/>
</pin_list>
<bind>
<opcode="zext(34) " fcode="zext"/>
<opset="n_14_cast/3 "/>
</bind>
</comp>

<comp id="120" class="1007" name="grp_fu_120">
<pin_list>
<pin id="121" dir="0" index="0" bw="8" slack="0"/>
<pin id="122" dir="0" index="1" bw="8" slack="1"/>
<pin id="123" dir="0" index="2" bw="32" slack="0"/>
<pin id="124" dir="1" index="3" bw="32" slack="0"/>
</pin_list>
<bind>
<opcode="muladd(1172) " fcode="muladd"/>
<opset="ret_V/2 sext_ln840/4 add_ln840/4 "/>
</bind>
</comp>

<comp id="128" class="1005" name="n_reg_128">
<pin_list>
<pin id="129" dir="0" index="0" bw="8" slack="0"/>
<pin id="130" dir="1" index="1" bw="8" slack="0"/>
</pin_list>
<bind>
<opset="n "/>
</bind>
</comp>

<comp id="135" class="1005" name="lhs_cast_reg_135">
<pin_list>
<pin id="136" dir="0" index="0" bw="16" slack="1"/>
<pin id="137" dir="1" index="1" bw="16" slack="1"/>
</pin_list>
<bind>
<opset="lhs_cast "/>
</bind>
</comp>

<comp id="140" class="1005" name="n_8_reg_140">
<pin_list>
<pin id="141" dir="0" index="0" bw="8" slack="2"/>
<pin id="142" dir="1" index="1" bw="8" slack="2"/>
</pin_list>
<bind>
<opset="n_8 "/>
</bind>
</comp>

<comp id="145" class="1005" name="icmp_ln1540_reg_145">
<pin_list>
<pin id="146" dir="0" index="0" bw="1" slack="3"/>
<pin id="147" dir="1" index="1" bw="1" slack="2147483647"/>
</pin_list>
<bind>
<opset="icmp_ln1540 "/>
</bind>
</comp>

<comp id="149" class="1005" name="sext_ln186_reg_149">
<pin_list>
<pin id="150" dir="0" index="0" bw="16" slack="1"/>
<pin id="151" dir="1" index="1" bw="16" slack="1"/>
</pin_list>
<bind>
<opset="sext_ln186 "/>
</bind>
</comp>

<comp id="154" class="1005" name="C_tile_V_addr_reg_154">
<pin_list>
<pin id="155" dir="0" index="0" bw="8" slack="1"/>
<pin id="156" dir="1" index="1" bw="8" slack="1"/>
</pin_list>
<bind>
<opset="C_tile_V_addr "/>
</bind>
</comp>

<comp id="160" class="1005" name="C_tile_V_load_reg_160">
<pin_list>
<pin id="161" dir="0" index="0" bw="32" slack="1"/>
<pin id="162" dir="1" index="1" bw="32" slack="1"/>
</pin_list>
<bind>
<opset="C_tile_V_load "/>
</bind>
</comp>

</comp_list>

<net_list>
<net id="53"><net_src comp="6" pin="0"/><net_sink comp="50" pin=0"/></net>

<net id="58"><net_src comp="8" pin="0"/><net_sink comp="54" pin=0"/></net>

<net id="59"><net_src comp="4" pin="0"/><net_sink comp="54" pin=1"/></net>

<net id="64"><net_src comp="42" pin="0"/><net_sink comp="60" pin=0"/></net>

<net id="65"><net_src comp="2" pin="0"/><net_sink comp="60" pin=1"/></net>

<net id="71"><net_src comp="0" pin="0"/><net_sink comp="66" pin=0"/></net>

<net id="72"><net_src comp="44" pin="0"/><net_sink comp="66" pin=1"/></net>

<net id="82"><net_src comp="66" pin="3"/><net_sink comp="73" pin=2"/></net>

<net id="86"><net_src comp="54" pin="2"/><net_sink comp="83" pin=0"/></net>

<net id="91"><net_src comp="28" pin="0"/><net_sink comp="87" pin=0"/></net>

<net id="99"><net_src comp="92" pin="1"/><net_sink comp="95" pin=0"/></net>

<net id="100"><net_src comp="34" pin="0"/><net_sink comp="95" pin=1"/></net>

<net id="105"><net_src comp="92" pin="1"/><net_sink comp="101" pin=0"/></net>

<net id="106"><net_src comp="40" pin="0"/><net_sink comp="101" pin=1"/></net>

<net id="111"><net_src comp="101" pin="2"/><net_sink comp="107" pin=0"/></net>

<net id="115"><net_src comp="60" pin="2"/><net_sink comp="112" pin=0"/></net>

<net id="119"><net_src comp="116" pin="1"/><net_sink comp="66" pin=2"/></net>

<net id="125"><net_src comp="112" pin="1"/><net_sink comp="120" pin=0"/></net>

<net id="126"><net_src comp="73" pin="7"/><net_sink comp="120" pin=2"/></net>

<net id="127"><net_src comp="120" pin="3"/><net_sink comp="73" pin=1"/></net>

<net id="131"><net_src comp="50" pin="1"/><net_sink comp="128" pin=0"/></net>

<net id="132"><net_src comp="128" pin="1"/><net_sink comp="87" pin=1"/></net>

<net id="133"><net_src comp="128" pin="1"/><net_sink comp="92" pin=0"/></net>

<net id="134"><net_src comp="128" pin="1"/><net_sink comp="107" pin=1"/></net>

<net id="138"><net_src comp="83" pin="1"/><net_sink comp="135" pin=0"/></net>

<net id="139"><net_src comp="135" pin="1"/><net_sink comp="120" pin=1"/></net>

<net id="143"><net_src comp="92" pin="1"/><net_sink comp="140" pin=0"/></net>

<net id="144"><net_src comp="140" pin="1"/><net_sink comp="116" pin=0"/></net>

<net id="148"><net_src comp="95" pin="2"/><net_sink comp="145" pin=0"/></net>

<net id="152"><net_src comp="112" pin="1"/><net_sink comp="149" pin=0"/></net>

<net id="153"><net_src comp="149" pin="1"/><net_sink comp="120" pin=0"/></net>

<net id="157"><net_src comp="66" pin="3"/><net_sink comp="154" pin=0"/></net>

<net id="158"><net_src comp="154" pin="1"/><net_sink comp="73" pin=2"/></net>

<net id="159"><net_src comp="154" pin="1"/><net_sink comp="73" pin=0"/></net>

<net id="163"><net_src comp="73" pin="7"/><net_sink comp="160" pin=0"/></net>

<net id="164"><net_src comp="160" pin="1"/><net_sink comp="120" pin=0"/></net>

</net_list>

</model> 
---------------- Datapath Model END ------------------

* FSMD analyzer results:
  - Output states:
	Port: C_tile_V | {5 }
	Port: out_w1 | {}
 - Input state : 
	Port: Linear_Layer_Pipeline_VITIS_LOOP_1540_9 : C_tile_V | {3 4 }
	Port: Linear_Layer_Pipeline_VITIS_LOOP_1540_9 : out_w1 | {2 }
	Port: Linear_Layer_Pipeline_VITIS_LOOP_1540_9 : lhs | {1 }
  - Chain level:
	State 1
		store_ln0 : 1
		n_8 : 1
		icmp_ln1540 : 2
		add_ln1540 : 2
		br_ln1540 : 3
		store_ln1540 : 3
	State 2
		ret_V : 1
	State 3
		C_tile_V_addr : 1
		C_tile_V_load : 2
	State 4
		sext_ln840 : 1
		add_ln840 : 2
	State 5
		store_ln1579 : 1


============================================================
+ Verbose Summary: Datapath Resource usage 
============================================================

* Functional unit list:
|----------|-----------------------|---------|---------|---------|
| Operation|    Functional Unit    |   DSP   |    FF   |   LUT   |
|----------|-----------------------|---------|---------|---------|
|    add   |   add_ln1540_fu_101   |    0    |    0    |    15   |
|----------|-----------------------|---------|---------|---------|
|   icmp   |   icmp_ln1540_fu_95   |    0    |    0    |    11   |
|----------|-----------------------|---------|---------|---------|
|  muladd  |       grp_fu_120      |    1    |    0    |    0    |
|----------|-----------------------|---------|---------|---------|
|   read   |  lhs_read_read_fu_54  |    0    |    0    |    0    |
|          | w_packed_V_read_fu_60 |    0    |    0    |    0    |
|----------|-----------------------|---------|---------|---------|
|   sext   |     lhs_cast_fu_83    |    0    |    0    |    0    |
|          |   sext_ln186_fu_112   |    0    |    0    |    0    |
|----------|-----------------------|---------|---------|---------|
|   zext   |    n_14_cast_fu_116   |    0    |    0    |    0    |
|----------|-----------------------|---------|---------|---------|
|   Total  |                       |    1    |    0    |    26   |
|----------|-----------------------|---------|---------|---------|

Memories:
N/A

* Register list:
+---------------------+--------+
|                     |   FF   |
+---------------------+--------+
|C_tile_V_addr_reg_154|    8   |
|C_tile_V_load_reg_160|   32   |
| icmp_ln1540_reg_145 |    1   |
|   lhs_cast_reg_135  |   16   |
|     n_8_reg_140     |    8   |
|      n_reg_128      |    8   |
|  sext_ln186_reg_149 |   16   |
+---------------------+--------+
|        Total        |   89   |
+---------------------+--------+

* Multiplexer (MUX) list: 
|------------------|------|------|------|--------||---------||---------|
|       Comp       |  Pin | Size |  BW  | S x BW ||  Delay  ||   LUT   |
|------------------|------|------|------|--------||---------||---------|
| grp_access_fu_73 |  p2  |   2  |   0  |    0   ||    9    |
|    grp_fu_120    |  p0  |   3  |   8  |   24   ||    14   |
|------------------|------|------|------|--------||---------||---------|
|       Total      |      |      |      |   24   || 0.806857||    23   |
|------------------|------|------|------|--------||---------||---------|



* Summary:
+-----------+--------+--------+--------+--------+
|           |   DSP  |  Delay |   FF   |   LUT  |
+-----------+--------+--------+--------+--------+
|  Function |    1   |    -   |    0   |   26   |
|   Memory  |    -   |    -   |    -   |    -   |
|Multiplexer|    -   |    0   |    -   |   23   |
|  Register |    -   |    -   |   89   |    -   |
+-----------+--------+--------+--------+--------+
|   Total   |    1   |    0   |   89   |   49   |
+-----------+--------+--------+--------+--------+
