

================================================================
== Vitis HLS Report for 'Linear_Layer_3'
================================================================
* Date:           Thu Jun 18 11:11:20 2026

* Version:        2022.2 (Build 3670227 on Oct 13 2022)
* Project:        ViT_Block
* Solution:       ViT_Block (Vivado IP Flow Target)
* Product family: virtexuplus
* Target device:  xcu250-figd2104-2L-e


================================================================
== Performance Estimates
================================================================
+ Timing: 
    * Summary: 
    +--------+----------+----------+------------+
    |  Clock |  Target  | Estimated| Uncertainty|
    +--------+----------+----------+------------+
    |ap_clk  |  10.00 ns|  4.578 ns|     2.70 ns|
    +--------+----------+----------+------------+

+ Latency: 
    * Summary: 
    +---------+---------+----------+----------+--------+--------+---------+
    |  Latency (cycles) |  Latency (absolute) |     Interval    | Pipeline|
    |   min   |   max   |    min   |    max   |   min  |   max  |   Type  |
    +---------+---------+----------+----------+--------+--------+---------+
    |   659482|   659482|  6.595 ms|  6.595 ms|  659482|  659482|       no|
    +---------+---------+----------+----------+--------+--------+---------+

    + Detail: 
        * Instance: 
        +------------------------------------------------------+--------------------------------------------+---------+---------+----------+----------+-----+-----+---------+
        |                                                      |                                            |  Latency (cycles) |  Latency (absolute) |  Interval | Pipeline|
        |                       Instance                       |                   Module                   |   min   |   max   |    min   |    max   | min | max |   Type  |
        +------------------------------------------------------+--------------------------------------------+---------+---------+----------+----------+-----+-----+---------+
        |grp_Linear_Layer_3_Pipeline_VITIS_LOOP_1512_2_fu_89   |Linear_Layer_3_Pipeline_VITIS_LOOP_1512_2   |      194|      194|  1.940 us|  1.940 us|  194|  194|       no|
        |grp_Linear_Layer_3_Pipeline_VITIS_LOOP_1588_17_fu_96  |Linear_Layer_3_Pipeline_VITIS_LOOP_1588_17  |      195|      195|  1.950 us|  1.950 us|  195|  195|       no|
        |grp_Linear_Layer_3_Pipeline_VITIS_LOOP_1540_9_fu_103  |Linear_Layer_3_Pipeline_VITIS_LOOP_1540_9   |      197|      197|  1.970 us|  1.970 us|  197|  197|       no|
        +------------------------------------------------------+--------------------------------------------+---------+---------+----------+----------+-----+-----+---------+

        * Loop: 
        +----------------------+---------+---------+----------+-----------+-----------+------+----------+
        |                      |  Latency (cycles) | Iteration|  Initiation Interval  | Trip |          |
        |       Loop Name      |   min   |   max   |  Latency |  achieved |   target  | Count| Pipelined|
        +----------------------+---------+---------+----------+-----------+-----------+------+----------+
        |- VITIS_LOOP_1509_1   |   659481|   659481|     38793|          -|          -|    17|        no|
        | + VITIS_LOOP_1525_6  |    38400|    38400|       200|          -|          -|   192|        no|
        +----------------------+---------+---------+----------+-----------+-----------+------+----------+

============================================================
+ Verbose Summary: Synthesis Manager
============================================================
InlineROM: 1
ExposeGlobal: 0
============================================================
+ Verbose Summary: CDFG Model
============================================================
IsTopModel: 0
ResetActiveHigh: 1
IsCombinational: 2
IsDatapathOnly: 0
HasWiredReturn: 1
HasMFsm: 0
HasVarLatency: 1
IsPipeline: 0
IsRtlPipelined: 0
IsInstanceOverlapped: 0
IsDontTouch: 0
HasImplIP: 0
IsGatedGlobalClock: 0


============================================================
+ Verbose Summary: Schedule
============================================================
* Number of FSM states : 7
* Pipeline : 0
* Dataflow Pipeline: 0

* FSM state transitions: 
1 --> 2 
2 --> 3 
3 --> 4 
4 --> 5 7 
5 --> 6 
6 --> 4 
7 --> 2 

* FSM state operations: 

State 1 <SV = 0> <Delay = 1.19>
ST_1 : Operation 8 [1/1] (0.00ns)   --->   "%m = alloca i32 1"   --->   Operation 8 'alloca' 'm' <Predicate = true> <Delay = 0.00>
ST_1 : Operation 9 [1/1] (0.00ns)   --->   "%specinterface_ln0 = specinterface void @_ssdm_op_SpecInterface, i8 %out_w1, void @empty_0, i32 0, i32 0, void @empty_26, i32 0, i32 0, void @empty_26, void @empty_26, void @empty_26, i32 0, i32 0, i32 0, i32 0, void @empty_26, void @empty_26, i32 4294967295, i32 0"   --->   Operation 9 'specinterface' 'specinterface_ln0' <Predicate = true> <Delay = 0.00>
ST_1 : Operation 10 [1/1] (0.00ns)   --->   "%specinterface_ln0 = specinterface void @_ssdm_op_SpecInterface, i8 %V_in7, void @empty_0, i32 0, i32 0, void @empty_26, i32 0, i32 0, void @empty_26, void @empty_26, void @empty_26, i32 0, i32 0, i32 0, i32 0, void @empty_26, void @empty_26, i32 4294967295, i32 0"   --->   Operation 10 'specinterface' 'specinterface_ln0' <Predicate = true> <Delay = 0.00>
ST_1 : Operation 11 [1/1] (0.00ns)   --->   "%specinterface_ln0 = specinterface void @_ssdm_op_SpecInterface, i8 %v_lin3, void @empty_0, i32 0, i32 0, void @empty_26, i32 0, i32 0, void @empty_26, void @empty_26, void @empty_26, i32 0, i32 0, i32 0, i32 0, void @empty_26, void @empty_26, i32 4294967295, i32 0"   --->   Operation 11 'specinterface' 'specinterface_ln0' <Predicate = true> <Delay = 0.00>
ST_1 : Operation 12 [1/1] (1.19ns)   --->   "%C_tile_V = alloca i64 1" [/home/fede/PhD/transformer-hls/hls/include/linear.h:1497]   --->   Operation 12 'alloca' 'C_tile_V' <Predicate = true> <Delay = 1.19> <CoreInst = "RAM_T2P_BRAM">   --->   Core 99 'RAM_T2P_BRAM' <Latency = 1> <II = 1> <Delay = 1.19> <Storage> <Opcode : 'load' 'store'> <Ports = 2> <Width = 32> <Depth = 192> <RAM>
ST_1 : Operation 13 [1/1] (0.00ns)   --->   "%specmemcore_ln1501 = specmemcore void @_ssdm_op_SpecMemCore, i32 %C_tile_V, i64 666, i64 30, i64 18446744073709551615" [/home/fede/PhD/transformer-hls/hls/include/linear.h:1501]   --->   Operation 13 'specmemcore' 'specmemcore_ln1501' <Predicate = true> <Delay = 0.00>
ST_1 : Operation 14 [1/1] (0.38ns)   --->   "%store_ln1509 = store i5 0, i5 %m" [/home/fede/PhD/transformer-hls/hls/include/linear.h:1509]   --->   Operation 14 'store' 'store_ln1509' <Predicate = true> <Delay = 0.38>
ST_1 : Operation 15 [1/1] (0.00ns)   --->   "%br_ln1509 = br void %VITIS_LOOP_1512_2" [/home/fede/PhD/transformer-hls/hls/include/linear.h:1509]   --->   Operation 15 'br' 'br_ln1509' <Predicate = true> <Delay = 0.00>

State 2 <SV = 1> <Delay = 0.70>
ST_2 : Operation 16 [1/1] (0.00ns)   --->   "%m_32 = load i5 %m" [/home/fede/PhD/transformer-hls/hls/include/linear.h:1509]   --->   Operation 16 'load' 'm_32' <Predicate = true> <Delay = 0.00>
ST_2 : Operation 17 [1/1] (0.63ns)   --->   "%icmp_ln1509 = icmp_eq  i5 %m_32, i5 17" [/home/fede/PhD/transformer-hls/hls/include/linear.h:1509]   --->   Operation 17 'icmp' 'icmp_ln1509' <Predicate = true> <Delay = 0.63> <CoreInst = "Cmp">   --->   Core 9 'Cmp' <Latency = 0> <II = 1> <Delay = 0.63> <FuncUnit> <Opcode : 'icmp'> <InPorts = 2> <OutPorts = 1>
ST_2 : Operation 18 [1/1] (0.00ns)   --->   "%empty = speclooptripcount i32 @_ssdm_op_SpecLoopTripCount, i64 17, i64 17, i64 17"   --->   Operation 18 'speclooptripcount' 'empty' <Predicate = true> <Delay = 0.00>
ST_2 : Operation 19 [1/1] (0.70ns)   --->   "%m_33 = add i5 %m_32, i5 1" [/home/fede/PhD/transformer-hls/hls/include/linear.h:1509]   --->   Operation 19 'add' 'm_33' <Predicate = true> <Delay = 0.70> <CoreInst = "Adder">   --->   Core 1 'Adder' <Latency = 0> <II = 1> <Delay = 0.70> <FuncUnit> <Opcode : 'add' 'sub'> <InPorts = 2> <OutPorts = 1>
ST_2 : Operation 20 [1/1] (0.00ns)   --->   "%br_ln1509 = br i1 %icmp_ln1509, void %VITIS_LOOP_1512_2.split, void %for.end247" [/home/fede/PhD/transformer-hls/hls/include/linear.h:1509]   --->   Operation 20 'br' 'br_ln1509' <Predicate = true> <Delay = 0.00>
ST_2 : Operation 21 [2/2] (0.00ns)   --->   "%call_ln0 = call void @Linear_Layer.3_Pipeline_VITIS_LOOP_1512_2, i32 %C_tile_V, i14 %bias_v_0_V"   --->   Operation 21 'call' 'call_ln0' <Predicate = (!icmp_ln1509)> <Delay = 0.00> <CoreType = "Generic">   --->   Core 0 '' <Latency = 0> <II = 1> <Delay = 1.00> <Generic> <Opcode : >
ST_2 : Operation 22 [1/1] (0.00ns)   --->   "%ret_ln1621 = ret" [/home/fede/PhD/transformer-hls/hls/include/linear.h:1621]   --->   Operation 22 'ret' 'ret_ln1621' <Predicate = (icmp_ln1509)> <Delay = 0.00>

State 3 <SV = 2> <Delay = 0.38>
ST_3 : Operation 23 [1/1] (0.00ns)   --->   "%specloopname_ln1509 = specloopname void @_ssdm_op_SpecLoopName, void @empty_46" [/home/fede/PhD/transformer-hls/hls/include/linear.h:1509]   --->   Operation 23 'specloopname' 'specloopname_ln1509' <Predicate = true> <Delay = 0.00>
ST_3 : Operation 24 [1/2] (0.00ns)   --->   "%call_ln0 = call void @Linear_Layer.3_Pipeline_VITIS_LOOP_1512_2, i32 %C_tile_V, i14 %bias_v_0_V"   --->   Operation 24 'call' 'call_ln0' <Predicate = true> <Delay = 0.00> <CoreType = "Generic">   --->   Core 0 '' <Latency = 0> <II = 1> <Delay = 1.00> <Generic> <Opcode : >
ST_3 : Operation 25 [1/1] (0.38ns)   --->   "%br_ln1525 = br void %VITIS_LOOP_1527_7" [/home/fede/PhD/transformer-hls/hls/include/linear.h:1525]   --->   Operation 25 'br' 'br_ln1525' <Predicate = true> <Delay = 0.38>

State 4 <SV = 3> <Delay = 1.82>
ST_4 : Operation 26 [1/1] (0.00ns)   --->   "%k = phi i8 %k_10, void %VITIS_LOOP_1527_7.split, i8 0, void %VITIS_LOOP_1512_2.split"   --->   Operation 26 'phi' 'k' <Predicate = true> <Delay = 0.00>
ST_4 : Operation 27 [1/1] (0.58ns)   --->   "%icmp_ln1525 = icmp_eq  i8 %k, i8 192" [/home/fede/PhD/transformer-hls/hls/include/linear.h:1525]   --->   Operation 27 'icmp' 'icmp_ln1525' <Predicate = true> <Delay = 0.58> <CoreInst = "Cmp">   --->   Core 9 'Cmp' <Latency = 0> <II = 1> <Delay = 0.58> <FuncUnit> <Opcode : 'icmp'> <InPorts = 2> <OutPorts = 1>
ST_4 : Operation 28 [1/1] (0.00ns)   --->   "%empty_478 = speclooptripcount i32 @_ssdm_op_SpecLoopTripCount, i64 192, i64 192, i64 192"   --->   Operation 28 'speclooptripcount' 'empty_478' <Predicate = true> <Delay = 0.00>
ST_4 : Operation 29 [1/1] (0.70ns)   --->   "%k_10 = add i8 %k, i8 1" [/home/fede/PhD/transformer-hls/hls/include/linear.h:1525]   --->   Operation 29 'add' 'k_10' <Predicate = true> <Delay = 0.70> <CoreInst = "Adder">   --->   Core 1 'Adder' <Latency = 0> <II = 1> <Delay = 0.70> <FuncUnit> <Opcode : 'add' 'sub'> <InPorts = 2> <OutPorts = 1>
ST_4 : Operation 30 [1/1] (0.00ns)   --->   "%br_ln1525 = br i1 %icmp_ln1525, void %VITIS_LOOP_1527_7.split, void %VITIS_LOOP_1589_18.preheader" [/home/fede/PhD/transformer-hls/hls/include/linear.h:1525]   --->   Operation 30 'br' 'br_ln1525' <Predicate = true> <Delay = 0.00>
ST_4 : Operation 31 [1/1] (1.24ns)   --->   "%val_V = read i8 @_ssdm_op_Read.ap_fifo.volatile.i8P0A, i8 %V_in7" [/home/fede/PhD/transformer-hls/hls/include/linear.h:1530]   --->   Operation 31 'read' 'val_V' <Predicate = (!icmp_ln1525)> <Delay = 1.24> <CoreInst = "FIFO">   --->   Core 78 'FIFO' <Latency = 0> <II = 1> <Delay = 1.24> <Storage> <Opcode : 'read' 'write' 'nbread' 'nbwrite'> <Ports = 0> <Width = 8> <Depth = 3072> <FIFO>
ST_4 : Operation 32 [1/1] (0.00ns)   --->   "%empty_479 = wait i32 @_ssdm_op_Wait"   --->   Operation 32 'wait' 'empty_479' <Predicate = (icmp_ln1525)> <Delay = 0.00>
ST_4 : Operation 33 [2/2] (0.00ns)   --->   "%call_ln0 = call void @Linear_Layer.3_Pipeline_VITIS_LOOP_1588_17, i32 %C_tile_V, i8 %v_lin3"   --->   Operation 33 'call' 'call_ln0' <Predicate = (icmp_ln1525)> <Delay = 0.00> <CoreType = "Generic">   --->   Core 0 '' <Latency = 0> <II = 1> <Delay = 1.00> <Generic> <Opcode : >
ST_4 : Operation 34 [1/1] (0.38ns)   --->   "%store_ln1509 = store i5 %m_33, i5 %m" [/home/fede/PhD/transformer-hls/hls/include/linear.h:1509]   --->   Operation 34 'store' 'store_ln1509' <Predicate = (icmp_ln1525)> <Delay = 0.38>

State 5 <SV = 4> <Delay = 0.00>
ST_5 : Operation 35 [1/1] (0.00ns)   --->   "%empty_480 = wait i32 @_ssdm_op_Wait"   --->   Operation 35 'wait' 'empty_480' <Predicate = true> <Delay = 0.00>
ST_5 : Operation 36 [2/2] (0.00ns)   --->   "%call_ln1530 = call void @Linear_Layer.3_Pipeline_VITIS_LOOP_1540_9, i32 %C_tile_V, i8 %out_w1, i8 %val_V" [/home/fede/PhD/transformer-hls/hls/include/linear.h:1530]   --->   Operation 36 'call' 'call_ln1530' <Predicate = true> <Delay = 0.00> <CoreType = "Generic">   --->   Core 0 '' <Latency = 0> <II = 1> <Delay = 1.00> <Generic> <Opcode : >

State 6 <SV = 5> <Delay = 0.00>
ST_6 : Operation 37 [1/1] (0.00ns)   --->   "%specloopname_ln1525 = specloopname void @_ssdm_op_SpecLoopName, void @empty_50" [/home/fede/PhD/transformer-hls/hls/include/linear.h:1525]   --->   Operation 37 'specloopname' 'specloopname_ln1525' <Predicate = true> <Delay = 0.00>
ST_6 : Operation 38 [1/2] (0.00ns)   --->   "%call_ln1530 = call void @Linear_Layer.3_Pipeline_VITIS_LOOP_1540_9, i32 %C_tile_V, i8 %out_w1, i8 %val_V" [/home/fede/PhD/transformer-hls/hls/include/linear.h:1530]   --->   Operation 38 'call' 'call_ln1530' <Predicate = true> <Delay = 0.00> <CoreType = "Generic">   --->   Core 0 '' <Latency = 0> <II = 1> <Delay = 1.00> <Generic> <Opcode : >
ST_6 : Operation 39 [1/1] (0.00ns)   --->   "%br_ln1525 = br void %VITIS_LOOP_1527_7" [/home/fede/PhD/transformer-hls/hls/include/linear.h:1525]   --->   Operation 39 'br' 'br_ln1525' <Predicate = true> <Delay = 0.00>

State 7 <SV = 4> <Delay = 0.00>
ST_7 : Operation 40 [1/2] (0.00ns)   --->   "%call_ln0 = call void @Linear_Layer.3_Pipeline_VITIS_LOOP_1588_17, i32 %C_tile_V, i8 %v_lin3"   --->   Operation 40 'call' 'call_ln0' <Predicate = true> <Delay = 0.00> <CoreType = "Generic">   --->   Core 0 '' <Latency = 0> <II = 1> <Delay = 1.00> <Generic> <Opcode : >
ST_7 : Operation 41 [1/1] (0.00ns)   --->   "%br_ln1509 = br void %VITIS_LOOP_1512_2" [/home/fede/PhD/transformer-hls/hls/include/linear.h:1509]   --->   Operation 41 'br' 'br_ln1509' <Predicate = true> <Delay = 0.00>


============================================================
+ Verbose Summary: Binding
============================================================
STG Binding: 
---------------- STG Properties BEGIN ----------------
- Is combinational: 0
- Is one-state seq: 0
- Is datapath-only: 0
- Is pipelined: 0
- Is top level: 0
Port [ Return ] is wired: 1; IO mode=ap_ctrl_hs:ce=0
Port [ V_in7]:  wired=1; compound=1; hidden=0; nouse=0; global=0; static=0; extern=0; dir=0; type=3; pingpong=0; private_global=0; IO mode=ap_fifo:ce=0
Port [ v_lin3]:  wired=1; compound=1; hidden=0; nouse=0; global=0; static=0; extern=0; dir=1; type=3; pingpong=0; private_global=0; IO mode=ap_fifo:ce=0
Port [ out_w1]:  wired=1; compound=1; hidden=0; nouse=0; global=0; static=0; extern=0; dir=0; type=3; pingpong=0; private_global=0; IO mode=ap_fifo:ce=0
Port [ bias_v_0_V]:  wired=0; compound=1; hidden=1; nouse=1; global=1; static=1; extern=0; dir=0; type=1; pingpong=0; private_global=0; MemPort=[1]; IO mode=ap_memory:ce=0
---------------- STG Properties END ------------------

---------------- Datapath Model BEGIN ----------------

<LifeTime>
<method=bitvector/>
m                   (alloca           ) [ 01111111]
specinterface_ln0   (specinterface    ) [ 00000000]
specinterface_ln0   (specinterface    ) [ 00000000]
specinterface_ln0   (specinterface    ) [ 00000000]
C_tile_V            (alloca           ) [ 00111111]
specmemcore_ln1501  (specmemcore      ) [ 00000000]
store_ln1509        (store            ) [ 00000000]
br_ln1509           (br               ) [ 00000000]
m_32                (load             ) [ 00000000]
icmp_ln1509         (icmp             ) [ 00111111]
empty               (speclooptripcount) [ 00000000]
m_33                (add              ) [ 00011110]
br_ln1509           (br               ) [ 00000000]
ret_ln1621          (ret              ) [ 00000000]
specloopname_ln1509 (specloopname     ) [ 00000000]
call_ln0            (call             ) [ 00000000]
br_ln1525           (br               ) [ 00111111]
k                   (phi              ) [ 00001000]
icmp_ln1525         (icmp             ) [ 00111111]
empty_478           (speclooptripcount) [ 00000000]
k_10                (add              ) [ 00111111]
br_ln1525           (br               ) [ 00000000]
val_V               (read             ) [ 00000110]
empty_479           (wait             ) [ 00000000]
store_ln1509        (store            ) [ 00000000]
empty_480           (wait             ) [ 00000000]
specloopname_ln1525 (specloopname     ) [ 00000000]
call_ln1530         (call             ) [ 00000000]
br_ln1525           (br               ) [ 00111111]
call_ln0            (call             ) [ 00000000]
br_ln1509           (br               ) [ 00000000]
</LifeTime>

<model>

<comp_list>
<comp id="0" class="1000" name="V_in7">
<pin_list>
<pin id="1" dir="1" index="0" bw="1" slack="0"/>
</pin_list>
<bind>
<StgValue><ssdm name="V_in7"/></StgValue>
</bind>
</comp>

<comp id="2" class="1000" name="v_lin3">
<pin_list>
<pin id="3" dir="1" index="0" bw="1" slack="0"/>
</pin_list>
<bind>
<StgValue><ssdm name="v_lin3"/></StgValue>
</bind>
</comp>

<comp id="4" class="1000" name="out_w1">
<pin_list>
<pin id="5" dir="1" index="0" bw="1" slack="0"/>
</pin_list>
<bind>
<StgValue><ssdm name="out_w1"/></StgValue>
</bind>
</comp>

<comp id="6" class="1000" name="bias_v_0_V">
<pin_list>
<pin id="7" dir="1" index="0" bw="1" slack="0"/>
</pin_list>
<bind>
<StgValue><ssdm name="bias_v_0_V"/><MemPortTyVec>1 </MemPortTyVec>
</StgValue>
</bind>
</comp>

<comp id="8" class="1001" name="const_8">
<pin_list>
<pin id="9" dir="1" index="0" bw="1" slack="0"/>
</pin_list>
<bind>
<StgValue><ssdm name=""/></StgValue>
</bind>
</comp>

<comp id="10" class="1001" name="const_10">
<pin_list>
<pin id="11" dir="1" index="0" bw="1" slack="2147483647"/>
</pin_list>
<bind>
<StgValue><ssdm name="_ssdm_op_SpecInterface"/></StgValue>
</bind>
</comp>

<comp id="12" class="1001" name="const_12">
<pin_list>
<pin id="13" dir="1" index="0" bw="1" slack="2147483647"/>
</pin_list>
<bind>
<StgValue><ssdm name="empty_0"/></StgValue>
</bind>
</comp>

<comp id="14" class="1001" name="const_14">
<pin_list>
<pin id="15" dir="1" index="0" bw="1" slack="2147483647"/>
</pin_list>
<bind>
<StgValue><ssdm name=""/></StgValue>
</bind>
</comp>

<comp id="16" class="1001" name="const_16">
<pin_list>
<pin id="17" dir="1" index="0" bw="1" slack="2147483647"/>
</pin_list>
<bind>
<StgValue><ssdm name="empty_26"/></StgValue>
</bind>
</comp>

<comp id="18" class="1001" name="const_18">
<pin_list>
<pin id="19" dir="1" index="0" bw="1" slack="2147483647"/>
</pin_list>
<bind>
<StgValue><ssdm name=""/></StgValue>
</bind>
</comp>

<comp id="20" class="1001" name="const_20">
<pin_list>
<pin id="21" dir="1" index="0" bw="1" slack="0"/>
</pin_list>
<bind>
<StgValue><ssdm name=""/></StgValue>
</bind>
</comp>

<comp id="22" class="1001" name="const_22">
<pin_list>
<pin id="23" dir="1" index="0" bw="1" slack="2147483647"/>
</pin_list>
<bind>
<StgValue><ssdm name="_ssdm_op_SpecMemCore"/></StgValue>
</bind>
</comp>

<comp id="24" class="1001" name="const_24">
<pin_list>
<pin id="25" dir="1" index="0" bw="1" slack="2147483647"/>
</pin_list>
<bind>
<StgValue><ssdm name=""/></StgValue>
</bind>
</comp>

<comp id="26" class="1001" name="const_26">
<pin_list>
<pin id="27" dir="1" index="0" bw="1" slack="2147483647"/>
</pin_list>
<bind>
<StgValue><ssdm name=""/></StgValue>
</bind>
</comp>

<comp id="28" class="1001" name="const_28">
<pin_list>
<pin id="29" dir="1" index="0" bw="1" slack="2147483647"/>
</pin_list>
<bind>
<StgValue><ssdm name=""/></StgValue>
</bind>
</comp>

<comp id="30" class="1001" name="const_30">
<pin_list>
<pin id="31" dir="1" index="0" bw="1" slack="0"/>
</pin_list>
<bind>
<StgValue><ssdm name=""/></StgValue>
</bind>
</comp>

<comp id="32" class="1001" name="const_32">
<pin_list>
<pin id="33" dir="1" index="0" bw="1" slack="0"/>
</pin_list>
<bind>
<StgValue><ssdm name=""/></StgValue>
</bind>
</comp>

<comp id="34" class="1001" name="const_34">
<pin_list>
<pin id="35" dir="1" index="0" bw="1" slack="2147483647"/>
</pin_list>
<bind>
<StgValue><ssdm name="_ssdm_op_SpecLoopTripCount"/></StgValue>
</bind>
</comp>

<comp id="36" class="1001" name="const_36">
<pin_list>
<pin id="37" dir="1" index="0" bw="1" slack="2147483647"/>
</pin_list>
<bind>
<StgValue><ssdm name=""/></StgValue>
</bind>
</comp>

<comp id="38" class="1001" name="const_38">
<pin_list>
<pin id="39" dir="1" index="0" bw="1" slack="0"/>
</pin_list>
<bind>
<StgValue><ssdm name=""/></StgValue>
</bind>
</comp>

<comp id="40" class="1001" name="const_40">
<pin_list>
<pin id="41" dir="1" index="0" bw="1" slack="0"/>
</pin_list>
<bind>
<StgValue><ssdm name="Linear_Layer.3_Pipeline_VITIS_LOOP_1512_2"/></StgValue>
</bind>
</comp>

<comp id="42" class="1001" name="const_42">
<pin_list>
<pin id="43" dir="1" index="0" bw="1" slack="2147483647"/>
</pin_list>
<bind>
<StgValue><ssdm name="_ssdm_op_SpecLoopName"/></StgValue>
</bind>
</comp>

<comp id="44" class="1001" name="const_44">
<pin_list>
<pin id="45" dir="1" index="0" bw="1" slack="2147483647"/>
</pin_list>
<bind>
<StgValue><ssdm name="empty_46"/></StgValue>
</bind>
</comp>

<comp id="46" class="1001" name="const_46">
<pin_list>
<pin id="47" dir="1" index="0" bw="1" slack="1"/>
</pin_list>
<bind>
<StgValue><ssdm name=""/></StgValue>
</bind>
</comp>

<comp id="48" class="1001" name="const_48">
<pin_list>
<pin id="49" dir="1" index="0" bw="1" slack="0"/>
</pin_list>
<bind>
<StgValue><ssdm name=""/></StgValue>
</bind>
</comp>

<comp id="50" class="1001" name="const_50">
<pin_list>
<pin id="51" dir="1" index="0" bw="1" slack="2147483647"/>
</pin_list>
<bind>
<StgValue><ssdm name=""/></StgValue>
</bind>
</comp>

<comp id="52" class="1001" name="const_52">
<pin_list>
<pin id="53" dir="1" index="0" bw="1" slack="0"/>
</pin_list>
<bind>
<StgValue><ssdm name=""/></StgValue>
</bind>
</comp>

<comp id="54" class="1001" name="const_54">
<pin_list>
<pin id="55" dir="1" index="0" bw="1" slack="0"/>
</pin_list>
<bind>
<StgValue><ssdm name="_ssdm_op_Read.ap_fifo.volatile.i8P0A"/></StgValue>
</bind>
</comp>

<comp id="56" class="1001" name="const_56">
<pin_list>
<pin id="57" dir="1" index="0" bw="1" slack="2147483647"/>
</pin_list>
<bind>
<StgValue><ssdm name="_ssdm_op_Wait"/></StgValue>
</bind>
</comp>

<comp id="58" class="1001" name="const_58">
<pin_list>
<pin id="59" dir="1" index="0" bw="1" slack="0"/>
</pin_list>
<bind>
<StgValue><ssdm name="Linear_Layer.3_Pipeline_VITIS_LOOP_1588_17"/></StgValue>
</bind>
</comp>

<comp id="60" class="1001" name="const_60">
<pin_list>
<pin id="61" dir="1" index="0" bw="1" slack="0"/>
</pin_list>
<bind>
<StgValue><ssdm name="Linear_Layer.3_Pipeline_VITIS_LOOP_1540_9"/></StgValue>
</bind>
</comp>

<comp id="62" class="1001" name="const_62">
<pin_list>
<pin id="63" dir="1" index="0" bw="1" slack="2147483647"/>
</pin_list>
<bind>
<StgValue><ssdm name="empty_50"/></StgValue>
</bind>
</comp>

<comp id="64" class="1004" name="m_fu_64">
<pin_list>
<pin id="65" dir="0" index="0" bw="1" slack="0"/>
<pin id="66" dir="1" index="1" bw="5" slack="0"/>
</pin_list>
<bind>
<opcode="alloca(26) " fcode="alloca"/>
<opset="m/1 "/>
</bind>
</comp>

<comp id="68" class="1004" name="C_tile_V_alloca_fu_68">
<pin_list>
<pin id="69" dir="0" index="0" bw="1" slack="0"/>
<pin id="70" dir="1" index="1" bw="32" slack="2147483647"/>
</pin_list>
<bind>
<opcode="alloca(26) " fcode="alloca"/>
<opset="C_tile_V/1 "/>
</bind>
</comp>

<comp id="72" class="1004" name="val_V_read_fu_72">
<pin_list>
<pin id="73" dir="0" index="0" bw="8" slack="0"/>
<pin id="74" dir="0" index="1" bw="8" slack="0"/>
<pin id="75" dir="1" index="2" bw="8" slack="1"/>
</pin_list>
<bind>
<opcode="read(1150) " fcode="read"/>
<opset="val_V/4 "/>
</bind>
</comp>

<comp id="78" class="1005" name="k_reg_78">
<pin_list>
<pin id="79" dir="0" index="0" bw="8" slack="1"/>
<pin id="80" dir="1" index="1" bw="8" slack="1"/>
</pin_list>
<bind>
<opset="k (phireg) "/>
</bind>
</comp>

<comp id="82" class="1004" name="k_phi_fu_82">
<pin_list>
<pin id="83" dir="0" index="0" bw="8" slack="0"/>
<pin id="84" dir="0" index="1" bw="0" slack="2147483647"/>
<pin id="85" dir="0" index="2" bw="1" slack="1"/>
<pin id="86" dir="0" index="3" bw="0" slack="2147483647"/>
<pin id="87" dir="1" index="4" bw="8" slack="0"/>
</pin_list>
<bind>
<opcode="phi(47) " fcode="phi"/>
<opset="k/4 "/>
</bind>
</comp>

<comp id="89" class="1004" name="grp_Linear_Layer_3_Pipeline_VITIS_LOOP_1512_2_fu_89">
<pin_list>
<pin id="90" dir="0" index="0" bw="0" slack="0"/>
<pin id="91" dir="0" index="1" bw="32" slack="2147483647"/>
<pin id="92" dir="0" index="2" bw="14" slack="0"/>
<pin id="93" dir="1" index="3" bw="0" slack="2147483647"/>
</pin_list>
<bind>
<opcode="call(48) " fcode="call"/>
<opset="call_ln0/2 "/>
</bind>
</comp>

<comp id="96" class="1004" name="grp_Linear_Layer_3_Pipeline_VITIS_LOOP_1588_17_fu_96">
<pin_list>
<pin id="97" dir="0" index="0" bw="0" slack="0"/>
<pin id="98" dir="0" index="1" bw="32" slack="2147483647"/>
<pin id="99" dir="0" index="2" bw="8" slack="0"/>
<pin id="100" dir="1" index="3" bw="0" slack="2147483647"/>
</pin_list>
<bind>
<opcode="call(48) " fcode="call"/>
<opset="call_ln0/4 "/>
</bind>
</comp>

<comp id="103" class="1004" name="grp_Linear_Layer_3_Pipeline_VITIS_LOOP_1540_9_fu_103">
<pin_list>
<pin id="104" dir="0" index="0" bw="0" slack="0"/>
<pin id="105" dir="0" index="1" bw="32" slack="2147483647"/>
<pin id="106" dir="0" index="2" bw="8" slack="0"/>
<pin id="107" dir="0" index="3" bw="8" slack="1"/>
<pin id="108" dir="1" index="4" bw="0" slack="2147483647"/>
</pin_list>
<bind>
<opcode="call(48) " fcode="call"/>
<opset="call_ln1530/5 "/>
</bind>
</comp>

<comp id="111" class="1004" name="store_ln1509_store_fu_111">
<pin_list>
<pin id="112" dir="0" index="0" bw="1" slack="0"/>
<pin id="113" dir="0" index="1" bw="5" slack="0"/>
<pin id="114" dir="1" index="2" bw="0" slack="2147483647"/>
</pin_list>
<bind>
<opcode="store(28) " fcode="store"/>
<opset="store_ln1509/1 "/>
</bind>
</comp>

<comp id="116" class="1004" name="m_32_load_fu_116">
<pin_list>
<pin id="117" dir="0" index="0" bw="5" slack="1"/>
<pin id="118" dir="1" index="1" bw="5" slack="0"/>
</pin_list>
<bind>
<opcode="load(27) " fcode="load"/>
<opset="m_32/2 "/>
</bind>
</comp>

<comp id="119" class="1004" name="icmp_ln1509_fu_119">
<pin_list>
<pin id="120" dir="0" index="0" bw="5" slack="0"/>
<pin id="121" dir="0" index="1" bw="5" slack="0"/>
<pin id="122" dir="1" index="2" bw="1" slack="2147483647"/>
</pin_list>
<bind>
<opcode="icmp(45) " fcode="icmp"/>
<opset="icmp_ln1509/2 "/>
</bind>
</comp>

<comp id="125" class="1004" name="m_33_fu_125">
<pin_list>
<pin id="126" dir="0" index="0" bw="5" slack="0"/>
<pin id="127" dir="0" index="1" bw="1" slack="0"/>
<pin id="128" dir="1" index="2" bw="5" slack="2"/>
</pin_list>
<bind>
<opcode="add(8) " fcode="add"/>
<opset="m_33/2 "/>
</bind>
</comp>

<comp id="131" class="1004" name="icmp_ln1525_fu_131">
<pin_list>
<pin id="132" dir="0" index="0" bw="8" slack="0"/>
<pin id="133" dir="0" index="1" bw="7" slack="0"/>
<pin id="134" dir="1" index="2" bw="1" slack="2147483647"/>
</pin_list>
<bind>
<opcode="icmp(45) " fcode="icmp"/>
<opset="icmp_ln1525/4 "/>
</bind>
</comp>

<comp id="137" class="1004" name="k_10_fu_137">
<pin_list>
<pin id="138" dir="0" index="0" bw="8" slack="0"/>
<pin id="139" dir="0" index="1" bw="1" slack="0"/>
<pin id="140" dir="1" index="2" bw="8" slack="0"/>
</pin_list>
<bind>
<opcode="add(8) " fcode="add"/>
<opset="k_10/4 "/>
</bind>
</comp>

<comp id="143" class="1004" name="store_ln1509_store_fu_143">
<pin_list>
<pin id="144" dir="0" index="0" bw="5" slack="2"/>
<pin id="145" dir="0" index="1" bw="5" slack="3"/>
<pin id="146" dir="1" index="2" bw="0" slack="2147483647"/>
</pin_list>
<bind>
<opcode="store(28) " fcode="store"/>
<opset="store_ln1509/4 "/>
</bind>
</comp>

<comp id="147" class="1005" name="m_reg_147">
<pin_list>
<pin id="148" dir="0" index="0" bw="5" slack="0"/>
<pin id="149" dir="1" index="1" bw="5" slack="0"/>
</pin_list>
<bind>
<opset="m "/>
</bind>
</comp>

<comp id="157" class="1005" name="m_33_reg_157">
<pin_list>
<pin id="158" dir="0" index="0" bw="5" slack="2"/>
<pin id="159" dir="1" index="1" bw="5" slack="2"/>
</pin_list>
<bind>
<opset="m_33 "/>
</bind>
</comp>

<comp id="165" class="1005" name="k_10_reg_165">
<pin_list>
<pin id="166" dir="0" index="0" bw="8" slack="0"/>
<pin id="167" dir="1" index="1" bw="8" slack="0"/>
</pin_list>
<bind>
<opset="k_10 "/>
</bind>
</comp>

<comp id="170" class="1005" name="val_V_reg_170">
<pin_list>
<pin id="171" dir="0" index="0" bw="8" slack="1"/>
<pin id="172" dir="1" index="1" bw="8" slack="1"/>
</pin_list>
<bind>
<opset="val_V "/>
</bind>
</comp>

</comp_list>

<net_list>
<net id="67"><net_src comp="8" pin="0"/><net_sink comp="64" pin=0"/></net>

<net id="71"><net_src comp="20" pin="0"/><net_sink comp="68" pin=0"/></net>

<net id="76"><net_src comp="54" pin="0"/><net_sink comp="72" pin=0"/></net>

<net id="77"><net_src comp="0" pin="0"/><net_sink comp="72" pin=1"/></net>

<net id="81"><net_src comp="46" pin="0"/><net_sink comp="78" pin=0"/></net>

<net id="88"><net_src comp="78" pin="1"/><net_sink comp="82" pin=2"/></net>

<net id="94"><net_src comp="40" pin="0"/><net_sink comp="89" pin=0"/></net>

<net id="95"><net_src comp="6" pin="0"/><net_sink comp="89" pin=2"/></net>

<net id="101"><net_src comp="58" pin="0"/><net_sink comp="96" pin=0"/></net>

<net id="102"><net_src comp="2" pin="0"/><net_sink comp="96" pin=2"/></net>

<net id="109"><net_src comp="60" pin="0"/><net_sink comp="103" pin=0"/></net>

<net id="110"><net_src comp="4" pin="0"/><net_sink comp="103" pin=2"/></net>

<net id="115"><net_src comp="30" pin="0"/><net_sink comp="111" pin=0"/></net>

<net id="123"><net_src comp="116" pin="1"/><net_sink comp="119" pin=0"/></net>

<net id="124"><net_src comp="32" pin="0"/><net_sink comp="119" pin=1"/></net>

<net id="129"><net_src comp="116" pin="1"/><net_sink comp="125" pin=0"/></net>

<net id="130"><net_src comp="38" pin="0"/><net_sink comp="125" pin=1"/></net>

<net id="135"><net_src comp="82" pin="4"/><net_sink comp="131" pin=0"/></net>

<net id="136"><net_src comp="48" pin="0"/><net_sink comp="131" pin=1"/></net>

<net id="141"><net_src comp="82" pin="4"/><net_sink comp="137" pin=0"/></net>

<net id="142"><net_src comp="52" pin="0"/><net_sink comp="137" pin=1"/></net>

<net id="150"><net_src comp="64" pin="1"/><net_sink comp="147" pin=0"/></net>

<net id="151"><net_src comp="147" pin="1"/><net_sink comp="111" pin=1"/></net>

<net id="152"><net_src comp="147" pin="1"/><net_sink comp="116" pin=0"/></net>

<net id="153"><net_src comp="147" pin="1"/><net_sink comp="143" pin=1"/></net>

<net id="160"><net_src comp="125" pin="2"/><net_sink comp="157" pin=0"/></net>

<net id="161"><net_src comp="157" pin="1"/><net_sink comp="143" pin=0"/></net>

<net id="168"><net_src comp="137" pin="2"/><net_sink comp="165" pin=0"/></net>

<net id="169"><net_src comp="165" pin="1"/><net_sink comp="82" pin=0"/></net>

<net id="173"><net_src comp="72" pin="2"/><net_sink comp="170" pin=0"/></net>

<net id="174"><net_src comp="170" pin="1"/><net_sink comp="103" pin=3"/></net>

</net_list>

</model> 
---------------- Datapath Model END ------------------

* FSMD analyzer results:
  - Output states:
	Port: v_lin3 | {4 7 }
 - Input state : 
	Port: Linear_Layer.3 : V_in7 | {4 }
	Port: Linear_Layer.3 : out_w1 | {5 6 }
	Port: Linear_Layer.3 : bias_v_0_V | {2 3 }
  - Chain level:
	State 1
		specmemcore_ln1501 : 1
		store_ln1509 : 1
	State 2
		icmp_ln1509 : 1
		m_33 : 1
		br_ln1509 : 2
	State 3
	State 4
		icmp_ln1525 : 1
		k_10 : 1
		br_ln1525 : 2
	State 5
	State 6
	State 7


============================================================
+ Verbose Summary: Datapath Resource usage 
============================================================

* Functional unit list:
|----------|------------------------------------------------------|---------|---------|---------|---------|
| Operation|                    Functional Unit                   |   DSP   |  Delay  |    FF   |   LUT   |
|----------|------------------------------------------------------|---------|---------|---------|---------|
|          |  grp_Linear_Layer_3_Pipeline_VITIS_LOOP_1512_2_fu_89 |    0    |  0.387  |    80   |    35   |
|   call   | grp_Linear_Layer_3_Pipeline_VITIS_LOOP_1588_17_fu_96 |    1    |  0.387  |    57   |   248   |
|          | grp_Linear_Layer_3_Pipeline_VITIS_LOOP_1540_9_fu_103 |    1    | 0.806857|    89   |    49   |
|----------|------------------------------------------------------|---------|---------|---------|---------|
|    add   |                      m_33_fu_125                     |    0    |    0    |    0    |    12   |
|          |                      k_10_fu_137                     |    0    |    0    |    0    |    15   |
|----------|------------------------------------------------------|---------|---------|---------|---------|
|   icmp   |                  icmp_ln1509_fu_119                  |    0    |    0    |    0    |    9    |
|          |                  icmp_ln1525_fu_131                  |    0    |    0    |    0    |    11   |
|----------|------------------------------------------------------|---------|---------|---------|---------|
|   read   |                   val_V_read_fu_72                   |    0    |    0    |    0    |    0    |
|----------|------------------------------------------------------|---------|---------|---------|---------|
|   Total  |                                                      |    2    | 1.58086 |   226   |   379   |
|----------|------------------------------------------------------|---------|---------|---------|---------|

Memories:
+--------+--------+--------+--------+
|        |  BRAM  |   FF   |   LUT  |
+--------+--------+--------+--------+
|C_tile_V|    1   |    0   |    0   |
+--------+--------+--------+--------+
|  Total |    1   |    0   |    0   |
+--------+--------+--------+--------+

* Register list:
+-------------+--------+
|             |   FF   |
+-------------+--------+
| k_10_reg_165|    8   |
|   k_reg_78  |    8   |
| m_33_reg_157|    5   |
|  m_reg_147  |    5   |
|val_V_reg_170|    8   |
+-------------+--------+
|    Total    |   34   |
+-------------+--------+

* Multiplexer (MUX) list: 
|--------|------|------|------|--------|
|  Comp  |  Pin | Size |  BW  | S x BW |
|--------|------|------|------|--------|
|  Total |      |      |      |    0   |
|--------|------|------|------|--------|



* Summary:
+-----------+--------+--------+--------+--------+--------+
|           |  BRAM  |   DSP  |  Delay |   FF   |   LUT  |
+-----------+--------+--------+--------+--------+--------+
|  Function |    -   |    2   |    1   |   226  |   379  |
|   Memory  |    1   |    -   |    -   |    0   |    0   |
|Multiplexer|    -   |    -   |    -   |    -   |    -   |
|  Register |    -   |    -   |    -   |   34   |    -   |
+-----------+--------+--------+--------+--------+--------+
|   Total   |    1   |    2   |    1   |   260  |   379  |
+-----------+--------+--------+--------+--------+--------+
