

================================================================
== Vitis HLS Report for 'Linear_Layer_Pipeline_VITIS_LOOP_1512_2_1'
================================================================
* Date:           Thu Jun 18 11:11:19 2026

* Version:        2022.2 (Build 3670227 on Oct 13 2022)
* Project:        ViT_Block
* Solution:       ViT_Block (Vivado IP Flow Target)
* Product family: virtexuplus
* Target device:  xcu250-figd2104-2L-e


================================================================
== Performance Estimates
================================================================
+ Timing: 
    * Summary: 
    +--------+----------+----------+------------+
    |  Clock |  Target  | Estimated| Uncertainty|
    +--------+----------+----------+------------+
    |ap_clk  |  10.00 ns|  2.373 ns|     2.70 ns|
    +--------+----------+----------+------------+

+ Latency: 
    * Summary: 
    +---------+---------+----------+----------+-----+-----+---------+
    |  Latency (cycles) |  Latency (absolute) |  Interval | Pipeline|
    |   min   |   max   |    min   |    max   | min | max |   Type  |
    +---------+---------+----------+----------+-----+-----+---------+
    |      194|      194|  1.940 us|  1.940 us|  194|  194|       no|
    +---------+---------+----------+----------+-----+-----+---------+

    + Detail: 
        * Instance: 
        N/A

        * Loop: 
        +---------------------+---------+---------+----------+-----------+-----------+------+----------+
        |                     |  Latency (cycles) | Iteration|  Initiation Interval  | Trip |          |
        |      Loop Name      |   min   |   max   |  Latency |  achieved |   target  | Count| Pipelined|
        +---------------------+---------+---------+----------+-----------+-----------+------+----------+
        |- VITIS_LOOP_1512_2  |      192|      192|         2|          1|          1|   192|       yes|
        +---------------------+---------+---------+----------+-----------+-----------+------+----------+

============================================================
+ Verbose Summary: Synthesis Manager
============================================================
InlineROM: 1
ExposeGlobal: 0
============================================================
+ Verbose Summary: CDFG Model
============================================================
IsTopModel: 0
ResetActiveHigh: 1
IsCombinational: 0
IsDatapathOnly: 0
HasWiredReturn: 1
HasMFsm: 2
HasVarLatency: 1
IsPipeline: 0
IsRtlPipelined: 0
IsInstanceOverlapped: 0
IsDontTouch: 0
HasImplIP: 0
IsGatedGlobalClock: 0

+ Individual pipeline summary: 
  * Pipeline-0: initiation interval (II) = 1, depth = 2


============================================================
+ Verbose Summary: Schedule
============================================================
* Number of FSM states : 2
* Pipeline : 1
  Pipeline-0 : II = 1, D = 2, States = { 1 2 }
* Dataflow Pipeline: 0

* FSM state transitions: 
1 --> 2 
2 --> 

* FSM state operations: 

State 1 <SV = 0> <Delay = 1.17>
ST_1 : Operation 5 [1/1] (0.00ns)   --->   "%n = alloca i32 1"   --->   Operation 5 'alloca' 'n' <Predicate = true> <Delay = 0.00>
ST_1 : Operation 6 [1/1] (0.00ns)   --->   "%specmemcore_ln0 = specmemcore void @_ssdm_op_SpecMemCore, i32 %C_tile_V, i64 666, i64 30, i64 18446744073709551615"   --->   Operation 6 'specmemcore' 'specmemcore_ln0' <Predicate = true> <Delay = 0.00>
ST_1 : Operation 7 [1/1] (0.38ns)   --->   "%store_ln0 = store i8 0, i8 %n"   --->   Operation 7 'store' 'store_ln0' <Predicate = true> <Delay = 0.38>
ST_1 : Operation 8 [1/1] (0.00ns)   --->   "%br_ln0 = br void %VITIS_LOOP_1513_3"   --->   Operation 8 'br' 'br_ln0' <Predicate = true> <Delay = 0.00>
ST_1 : Operation 9 [1/1] (0.00ns)   --->   "%n_9 = load i8 %n" [/home/fede/PhD/transformer-hls/hls/include/linear.h:1512]   --->   Operation 9 'load' 'n_9' <Predicate = true> <Delay = 0.00>
ST_1 : Operation 10 [1/1] (0.00ns)   --->   "%specpipeline_ln0 = specpipeline void @_ssdm_op_SpecPipeline, i32 4294967295, i32 0, i32 1, i32 0, void @p_str"   --->   Operation 10 'specpipeline' 'specpipeline_ln0' <Predicate = true> <Delay = 0.00>
ST_1 : Operation 11 [1/1] (0.58ns)   --->   "%icmp_ln1512 = icmp_eq  i8 %n_9, i8 192" [/home/fede/PhD/transformer-hls/hls/include/linear.h:1512]   --->   Operation 11 'icmp' 'icmp_ln1512' <Predicate = true> <Delay = 0.58> <CoreInst = "Cmp">   --->   Core 9 'Cmp' <Latency = 0> <II = 1> <Delay = 0.58> <FuncUnit> <Opcode : 'icmp'> <InPorts = 2> <OutPorts = 1>
ST_1 : Operation 12 [1/1] (0.00ns)   --->   "%empty = speclooptripcount i32 @_ssdm_op_SpecLoopTripCount, i64 192, i64 192, i64 192"   --->   Operation 12 'speclooptripcount' 'empty' <Predicate = true> <Delay = 0.00>
ST_1 : Operation 13 [1/1] (0.70ns)   --->   "%add_ln1512 = add i8 %n_9, i8 1" [/home/fede/PhD/transformer-hls/hls/include/linear.h:1512]   --->   Operation 13 'add' 'add_ln1512' <Predicate = true> <Delay = 0.70> <CoreInst = "Adder">   --->   Core 1 'Adder' <Latency = 0> <II = 1> <Delay = 0.70> <FuncUnit> <Opcode : 'add' 'sub'> <InPorts = 2> <OutPorts = 1>
ST_1 : Operation 14 [1/1] (0.00ns)   --->   "%br_ln1512 = br i1 %icmp_ln1512, void %VITIS_LOOP_1513_3.split, void %VITIS_LOOP_1527_7.preheader.exitStub" [/home/fede/PhD/transformer-hls/hls/include/linear.h:1512]   --->   Operation 14 'br' 'br_ln1512' <Predicate = true> <Delay = 0.00>
ST_1 : Operation 15 [1/1] (0.00ns)   --->   "%n_cast = zext i8 %n_9" [/home/fede/PhD/transformer-hls/hls/include/linear.h:1512]   --->   Operation 15 'zext' 'n_cast' <Predicate = (!icmp_ln1512)> <Delay = 0.00>
ST_1 : Operation 16 [1/1] (0.00ns)   --->   "%bias_q_0_V_addr = getelementptr i13 %bias_q_0_V, i64 0, i64 %n_cast" [/home/fede/PhD/transformer-hls/hls/include/linear.h:1512]   --->   Operation 16 'getelementptr' 'bias_q_0_V_addr' <Predicate = (!icmp_ln1512)> <Delay = 0.00>
ST_1 : Operation 17 [2/2] (1.17ns)   --->   "%bias_q_0_V_load = load i8 %bias_q_0_V_addr" [/home/fede/PhD/transformer-hls/hls/include/linear.h:1512]   --->   Operation 17 'load' 'bias_q_0_V_load' <Predicate = (!icmp_ln1512)> <Delay = 1.17> <CoreInst = "ROM">   --->   Core 101 'ROM' <Latency = 1> <II = 1> <Delay = 1.17> <Storage> <Opcode : 'load'> <Ports = 0> <Width = 13> <Depth = 192> <ROM>
ST_1 : Operation 18 [1/1] (0.38ns)   --->   "%store_ln1512 = store i8 %add_ln1512, i8 %n" [/home/fede/PhD/transformer-hls/hls/include/linear.h:1512]   --->   Operation 18 'store' 'store_ln1512' <Predicate = (!icmp_ln1512)> <Delay = 0.38>
ST_1 : Operation 25 [1/1] (0.00ns)   --->   "%ret_ln0 = ret"   --->   Operation 25 'ret' 'ret_ln0' <Predicate = (icmp_ln1512)> <Delay = 0.00>

State 2 <SV = 1> <Delay = 2.37>
ST_2 : Operation 19 [1/1] (0.00ns)   --->   "%C_tile_V_addr = getelementptr i32 %C_tile_V, i64 0, i64 %n_cast" [/home/fede/PhD/transformer-hls/hls/include/linear.h:1519]   --->   Operation 19 'getelementptr' 'C_tile_V_addr' <Predicate = true> <Delay = 0.00>
ST_2 : Operation 20 [1/1] (0.00ns)   --->   "%specloopname_ln1512 = specloopname void @_ssdm_op_SpecLoopName, void @empty_40" [/home/fede/PhD/transformer-hls/hls/include/linear.h:1512]   --->   Operation 20 'specloopname' 'specloopname_ln1512' <Predicate = true> <Delay = 0.00>
ST_2 : Operation 21 [1/2] (1.17ns)   --->   "%bias_q_0_V_load = load i8 %bias_q_0_V_addr" [/home/fede/PhD/transformer-hls/hls/include/linear.h:1512]   --->   Operation 21 'load' 'bias_q_0_V_load' <Predicate = true> <Delay = 1.17> <CoreInst = "ROM">   --->   Core 101 'ROM' <Latency = 1> <II = 1> <Delay = 1.17> <Storage> <Opcode : 'load'> <Ports = 0> <Width = 13> <Depth = 192> <ROM>
ST_2 : Operation 22 [1/1] (0.00ns)   --->   "%bias_q_0_V_load_cast = sext i13 %bias_q_0_V_load" [/home/fede/PhD/transformer-hls/hls/include/linear.h:1512]   --->   Operation 22 'sext' 'bias_q_0_V_load_cast' <Predicate = true> <Delay = 0.00>
ST_2 : Operation 23 [1/1] (1.19ns)   --->   "%store_ln1519 = store i32 %bias_q_0_V_load_cast, i8 %C_tile_V_addr" [/home/fede/PhD/transformer-hls/hls/include/linear.h:1519]   --->   Operation 23 'store' 'store_ln1519' <Predicate = true> <Delay = 1.19> <CoreInst = "RAM_T2P_BRAM">   --->   Core 99 'RAM_T2P_BRAM' <Latency = 1> <II = 1> <Delay = 1.19> <Storage> <Opcode : 'load' 'store'> <Ports = 2> <Width = 32> <Depth = 192> <RAM>
ST_2 : Operation 24 [1/1] (0.00ns)   --->   "%br_ln1512 = br void %VITIS_LOOP_1513_3" [/home/fede/PhD/transformer-hls/hls/include/linear.h:1512]   --->   Operation 24 'br' 'br_ln1512' <Predicate = true> <Delay = 0.00>


============================================================
+ Verbose Summary: Timing violations
============================================================
Target clock period: 10ns, clock uncertainty: 2.7ns.

 <State 1>: 1.18ns
The critical path consists of the following:
	'alloca' operation ('n') [3]  (0 ns)
	'load' operation ('n', /home/fede/PhD/transformer-hls/hls/include/linear.h:1512) on local variable 'n' [8]  (0 ns)
	'getelementptr' operation ('bias_q_0_V_addr', /home/fede/PhD/transformer-hls/hls/include/linear.h:1512) [18]  (0 ns)
	'load' operation ('bias_q_0_V_load', /home/fede/PhD/transformer-hls/hls/include/linear.h:1512) on array 'bias_q_0_V' [19]  (1.18 ns)

 <State 2>: 2.37ns
The critical path consists of the following:
	'load' operation ('bias_q_0_V_load', /home/fede/PhD/transformer-hls/hls/include/linear.h:1512) on array 'bias_q_0_V' [19]  (1.18 ns)
	'store' operation ('store_ln1519', /home/fede/PhD/transformer-hls/hls/include/linear.h:1519) of variable 'bias_q_0_V_load_cast', /home/fede/PhD/transformer-hls/hls/include/linear.h:1512 on array 'C_tile_V' [21]  (1.2 ns)


============================================================
+ Verbose Summary: Binding
============================================================
N/A
* FSMD analyzer results:
  - Output states:
 - Input state : 
  - Chain level:
	State 1
	State 2


============================================================
+ Verbose Summary: Datapath Resource usage 
============================================================
N/A
