

================================================================
== Vitis HLS Report for 'MatMul_KV_tiled_23_Pipeline_VITIS_LOOP_1831_6'
================================================================
* Date:           Thu Jun 18 11:11:35 2026

* Version:        2022.2 (Build 3670227 on Oct 13 2022)
* Project:        ViT_Block
* Solution:       ViT_Block (Vivado IP Flow Target)
* Product family: virtexuplus
* Target device:  xcu250-figd2104-2L-e


================================================================
== Performance Estimates
================================================================
+ Timing: 
    * Summary: 
    +--------+----------+----------+------------+
    |  Clock |  Target  | Estimated| Uncertainty|
    +--------+----------+----------+------------+
    |ap_clk  |  10.00 ns|  4.723 ns|     2.70 ns|
    +--------+----------+----------+------------+

+ Latency: 
    * Summary: 
    +---------+---------+----------+----------+-----+-----+---------+
    |  Latency (cycles) |  Latency (absolute) |  Interval | Pipeline|
    |   min   |   max   |    min   |    max   | min | max |   Type  |
    +---------+---------+----------+----------+-----+-----+---------+
    |       59|       59|  0.590 us|  0.590 us|   59|   59|       no|
    +---------+---------+----------+----------+-----+-----+---------+

    + Detail: 
        * Instance: 
        N/A

        * Loop: 
        +---------------------+---------+---------+----------+-----------+-----------+------+----------+
        |                     |  Latency (cycles) | Iteration|  Initiation Interval  | Trip |          |
        |      Loop Name      |   min   |   max   |  Latency |  achieved |   target  | Count| Pipelined|
        +---------------------+---------+---------+----------+-----------+-----------+------+----------+
        |- VITIS_LOOP_1831_6  |       57|       57|        11|          1|          1|    48|       yes|
        +---------------------+---------+---------+----------+-----------+-----------+------+----------+

============================================================
+ Verbose Summary: Synthesis Manager
============================================================
InlineROM: 1
ExposeGlobal: 0
============================================================
+ Verbose Summary: CDFG Model
============================================================
IsTopModel: 0
ResetActiveHigh: 1
IsCombinational: 0
IsDatapathOnly: 0
HasWiredReturn: 1
HasMFsm: 2
HasVarLatency: 1
IsPipeline: 0
IsRtlPipelined: 0
IsInstanceOverlapped: 0
IsDontTouch: 0
HasImplIP: 0
IsGatedGlobalClock: 0

+ Individual pipeline summary: 
  * Pipeline-0: initiation interval (II) = 1, depth = 11


============================================================
+ Verbose Summary: Schedule
============================================================
* Number of FSM states : 11
* Pipeline : 1
  Pipeline-0 : II = 1, D = 11, States = { 1 2 3 4 5 6 7 8 9 10 11 }
* Dataflow Pipeline: 0

* FSM state transitions: 
1 --> 2 
2 --> 3 
3 --> 4 
4 --> 5 
5 --> 6 
6 --> 7 
7 --> 8 
8 --> 9 
9 --> 10 
10 --> 11 
11 --> 

* FSM state operations: 

State 1 <SV = 0> <Delay = 1.89>
ST_1 : Operation 14 [1/1] (0.00ns)   --->   "%n = alloca i32 1"   --->   Operation 14 'alloca' 'n' <Predicate = true> <Delay = 0.00>
ST_1 : Operation 15 [1/1] (0.00ns)   --->   "%sext_ln186_32_read = read i8 @_ssdm_op_Read.ap_auto.i8, i8 %sext_ln186_32"   --->   Operation 15 'read' 'sext_ln186_32_read' <Predicate = true> <Delay = 0.00>
ST_1 : Operation 16 [1/1] (0.00ns)   --->   "%sext_ln186_30_read = read i8 @_ssdm_op_Read.ap_auto.i8, i8 %sext_ln186_30"   --->   Operation 16 'read' 'sext_ln186_30_read' <Predicate = true> <Delay = 0.00>
ST_1 : Operation 17 [1/1] (0.00ns)   --->   "%sext_ln186_28_read = read i8 @_ssdm_op_Read.ap_auto.i8, i8 %sext_ln186_28"   --->   Operation 17 'read' 'sext_ln186_28_read' <Predicate = true> <Delay = 0.00>
ST_1 : Operation 18 [1/1] (0.00ns)   --->   "%sext_ln186_26_read = read i8 @_ssdm_op_Read.ap_auto.i8, i8 %sext_ln186_26"   --->   Operation 18 'read' 'sext_ln186_26_read' <Predicate = true> <Delay = 0.00>
ST_1 : Operation 19 [1/1] (0.00ns)   --->   "%sext_ln186_24_read = read i8 @_ssdm_op_Read.ap_auto.i8, i8 %sext_ln186_24"   --->   Operation 19 'read' 'sext_ln186_24_read' <Predicate = true> <Delay = 0.00>
ST_1 : Operation 20 [1/1] (0.00ns)   --->   "%sext_ln186_22_read = read i8 @_ssdm_op_Read.ap_auto.i8, i8 %sext_ln186_22"   --->   Operation 20 'read' 'sext_ln186_22_read' <Predicate = true> <Delay = 0.00>
ST_1 : Operation 21 [1/1] (0.00ns)   --->   "%sext_ln186_20_read = read i8 @_ssdm_op_Read.ap_auto.i8, i8 %sext_ln186_20"   --->   Operation 21 'read' 'sext_ln186_20_read' <Predicate = true> <Delay = 0.00>
ST_1 : Operation 22 [1/1] (0.00ns)   --->   "%sext_ln186_18_read = read i8 @_ssdm_op_Read.ap_auto.i8, i8 %sext_ln186_18"   --->   Operation 22 'read' 'sext_ln186_18_read' <Predicate = true> <Delay = 0.00>
ST_1 : Operation 23 [1/1] (0.00ns)   --->   "%sext_ln186_16_read = read i8 @_ssdm_op_Read.ap_auto.i8, i8 %sext_ln186_16"   --->   Operation 23 'read' 'sext_ln186_16_read' <Predicate = true> <Delay = 0.00>
ST_1 : Operation 24 [1/1] (0.00ns)   --->   "%sext_ln186_14_read = read i8 @_ssdm_op_Read.ap_auto.i8, i8 %sext_ln186_14"   --->   Operation 24 'read' 'sext_ln186_14_read' <Predicate = true> <Delay = 0.00>
ST_1 : Operation 25 [1/1] (0.00ns)   --->   "%sext_ln186_12_read = read i8 @_ssdm_op_Read.ap_auto.i8, i8 %sext_ln186_12"   --->   Operation 25 'read' 'sext_ln186_12_read' <Predicate = true> <Delay = 0.00>
ST_1 : Operation 26 [1/1] (0.00ns)   --->   "%sext_ln186_10_read = read i8 @_ssdm_op_Read.ap_auto.i8, i8 %sext_ln186_10"   --->   Operation 26 'read' 'sext_ln186_10_read' <Predicate = true> <Delay = 0.00>
ST_1 : Operation 27 [1/1] (0.00ns)   --->   "%sext_ln186_8_read = read i8 @_ssdm_op_Read.ap_auto.i8, i8 %sext_ln186_8"   --->   Operation 27 'read' 'sext_ln186_8_read' <Predicate = true> <Delay = 0.00>
ST_1 : Operation 28 [1/1] (0.00ns)   --->   "%sext_ln186_6_read = read i8 @_ssdm_op_Read.ap_auto.i8, i8 %sext_ln186_6"   --->   Operation 28 'read' 'sext_ln186_6_read' <Predicate = true> <Delay = 0.00>
ST_1 : Operation 29 [1/1] (0.00ns)   --->   "%sext_ln186_4_read = read i8 @_ssdm_op_Read.ap_auto.i8, i8 %sext_ln186_4"   --->   Operation 29 'read' 'sext_ln186_4_read' <Predicate = true> <Delay = 0.00>
ST_1 : Operation 30 [1/1] (0.00ns)   --->   "%sext_ln186_2_read = read i8 @_ssdm_op_Read.ap_auto.i8, i8 %sext_ln186_2"   --->   Operation 30 'read' 'sext_ln186_2_read' <Predicate = true> <Delay = 0.00>
ST_1 : Operation 31 [1/1] (0.00ns)   --->   "%sext_ln186_read = read i8 @_ssdm_op_Read.ap_auto.i8, i8 %sext_ln186"   --->   Operation 31 'read' 'sext_ln186_read' <Predicate = true> <Delay = 0.00>
ST_1 : Operation 32 [1/1] (0.00ns)   --->   "%sext_ln186_32_cast = sext i8 %sext_ln186_32_read"   --->   Operation 32 'sext' 'sext_ln186_32_cast' <Predicate = true> <Delay = 0.00>
ST_1 : Operation 33 [1/1] (0.00ns)   --->   "%sext_ln186_30_cast = sext i8 %sext_ln186_30_read"   --->   Operation 33 'sext' 'sext_ln186_30_cast' <Predicate = true> <Delay = 0.00>
ST_1 : Operation 34 [1/1] (0.00ns)   --->   "%sext_ln186_28_cast = sext i8 %sext_ln186_28_read"   --->   Operation 34 'sext' 'sext_ln186_28_cast' <Predicate = true> <Delay = 0.00>
ST_1 : Operation 35 [1/1] (0.00ns)   --->   "%sext_ln186_26_cast = sext i8 %sext_ln186_26_read"   --->   Operation 35 'sext' 'sext_ln186_26_cast' <Predicate = true> <Delay = 0.00>
ST_1 : Operation 36 [1/1] (0.00ns)   --->   "%sext_ln186_24_cast = sext i8 %sext_ln186_24_read"   --->   Operation 36 'sext' 'sext_ln186_24_cast' <Predicate = true> <Delay = 0.00>
ST_1 : Operation 37 [1/1] (0.00ns)   --->   "%sext_ln186_22_cast = sext i8 %sext_ln186_22_read"   --->   Operation 37 'sext' 'sext_ln186_22_cast' <Predicate = true> <Delay = 0.00>
ST_1 : Operation 38 [1/1] (0.00ns)   --->   "%sext_ln186_20_cast = sext i8 %sext_ln186_20_read"   --->   Operation 38 'sext' 'sext_ln186_20_cast' <Predicate = true> <Delay = 0.00>
ST_1 : Operation 39 [1/1] (0.00ns)   --->   "%sext_ln186_18_cast = sext i8 %sext_ln186_18_read"   --->   Operation 39 'sext' 'sext_ln186_18_cast' <Predicate = true> <Delay = 0.00>
ST_1 : Operation 40 [1/1] (0.00ns)   --->   "%sext_ln186_16_cast = sext i8 %sext_ln186_16_read"   --->   Operation 40 'sext' 'sext_ln186_16_cast' <Predicate = true> <Delay = 0.00>
ST_1 : Operation 41 [1/1] (0.00ns)   --->   "%sext_ln186_14_cast = sext i8 %sext_ln186_14_read"   --->   Operation 41 'sext' 'sext_ln186_14_cast' <Predicate = true> <Delay = 0.00>
ST_1 : Operation 42 [1/1] (0.00ns)   --->   "%sext_ln186_12_cast = sext i8 %sext_ln186_12_read"   --->   Operation 42 'sext' 'sext_ln186_12_cast' <Predicate = true> <Delay = 0.00>
ST_1 : Operation 43 [1/1] (0.00ns)   --->   "%sext_ln186_10_cast = sext i8 %sext_ln186_10_read"   --->   Operation 43 'sext' 'sext_ln186_10_cast' <Predicate = true> <Delay = 0.00>
ST_1 : Operation 44 [1/1] (0.00ns)   --->   "%sext_ln186_8_cast = sext i8 %sext_ln186_8_read"   --->   Operation 44 'sext' 'sext_ln186_8_cast' <Predicate = true> <Delay = 0.00>
ST_1 : Operation 45 [1/1] (0.00ns)   --->   "%sext_ln186_6_cast = sext i8 %sext_ln186_6_read"   --->   Operation 45 'sext' 'sext_ln186_6_cast' <Predicate = true> <Delay = 0.00>
ST_1 : Operation 46 [1/1] (0.00ns)   --->   "%sext_ln186_4_cast = sext i8 %sext_ln186_4_read"   --->   Operation 46 'sext' 'sext_ln186_4_cast' <Predicate = true> <Delay = 0.00>
ST_1 : Operation 47 [1/1] (0.00ns)   --->   "%sext_ln186_2_cast = sext i8 %sext_ln186_2_read"   --->   Operation 47 'sext' 'sext_ln186_2_cast' <Predicate = true> <Delay = 0.00>
ST_1 : Operation 48 [1/1] (0.00ns)   --->   "%sext_ln186_cast = sext i8 %sext_ln186_read"   --->   Operation 48 'sext' 'sext_ln186_cast' <Predicate = true> <Delay = 0.00>
ST_1 : Operation 49 [1/1] (0.00ns)   --->   "%specinterface_ln0 = specinterface void @_ssdm_op_SpecInterface, i8 %head_out_3, void @empty_0, i32 0, i32 0, void @empty_26, i32 0, i32 0, void @empty_26, void @empty_26, void @empty_26, i32 0, i32 0, i32 0, i32 0, void @empty_26, void @empty_26, i32 4294967295, i32 0"   --->   Operation 49 'specinterface' 'specinterface_ln0' <Predicate = true> <Delay = 0.00>
ST_1 : Operation 50 [1/1] (0.38ns)   --->   "%store_ln0 = store i6 0, i6 %n"   --->   Operation 50 'store' 'store_ln0' <Predicate = true> <Delay = 0.38>
ST_1 : Operation 51 [1/1] (0.00ns)   --->   "%br_ln0 = br void %C_tile_init"   --->   Operation 51 'br' 'br_ln0' <Predicate = true> <Delay = 0.00>
ST_1 : Operation 52 [1/1] (0.00ns)   --->   "%n_2 = load i6 %n" [/home/fede/PhD/transformer-hls/hls/include/linear.h:1831]   --->   Operation 52 'load' 'n_2' <Predicate = true> <Delay = 0.00>
ST_1 : Operation 53 [1/1] (0.00ns)   --->   "%specpipeline_ln0 = specpipeline void @_ssdm_op_SpecPipeline, i32 4294967295, i32 0, i32 1, i32 0, void @p_str"   --->   Operation 53 'specpipeline' 'specpipeline_ln0' <Predicate = true> <Delay = 0.00>
ST_1 : Operation 54 [1/1] (0.61ns)   --->   "%icmp_ln1831 = icmp_eq  i6 %n_2, i6 48" [/home/fede/PhD/transformer-hls/hls/include/linear.h:1831]   --->   Operation 54 'icmp' 'icmp_ln1831' <Predicate = true> <Delay = 0.61> <CoreInst = "Cmp">   --->   Core 9 'Cmp' <Latency = 0> <II = 1> <Delay = 0.61> <FuncUnit> <Opcode : 'icmp'> <InPorts = 2> <OutPorts = 1>
ST_1 : Operation 55 [1/1] (0.00ns)   --->   "%empty = speclooptripcount i32 @_ssdm_op_SpecLoopTripCount, i64 48, i64 48, i64 48"   --->   Operation 55 'speclooptripcount' 'empty' <Predicate = true> <Delay = 0.00>
ST_1 : Operation 56 [1/1] (0.70ns)   --->   "%add_ln1831 = add i6 %n_2, i6 1" [/home/fede/PhD/transformer-hls/hls/include/linear.h:1831]   --->   Operation 56 'add' 'add_ln1831' <Predicate = true> <Delay = 0.70> <CoreInst = "Adder">   --->   Core 1 'Adder' <Latency = 0> <II = 1> <Delay = 0.70> <FuncUnit> <Opcode : 'add' 'sub'> <InPorts = 2> <OutPorts = 1>
ST_1 : Operation 57 [1/1] (0.00ns)   --->   "%br_ln1831 = br i1 %icmp_ln1831, void %C_tile_init.split_ifconv, void %for.inc254.exitStub" [/home/fede/PhD/transformer-hls/hls/include/linear.h:1831]   --->   Operation 57 'br' 'br_ln1831' <Predicate = true> <Delay = 0.00>
ST_1 : Operation 58 [1/1] (0.00ns)   --->   "%n_9_cast = zext i6 %n_2" [/home/fede/PhD/transformer-hls/hls/include/linear.h:1831]   --->   Operation 58 'zext' 'n_9_cast' <Predicate = (!icmp_ln1831)> <Delay = 0.00>
ST_1 : Operation 59 [1/1] (0.00ns)   --->   "%zext_ln186 = zext i6 %n_2"   --->   Operation 59 'zext' 'zext_ln186' <Predicate = (!icmp_ln1831)> <Delay = 0.00>
ST_1 : Operation 60 [1/1] (0.00ns)   --->   "%zext_ln186_36 = zext i6 %n_2"   --->   Operation 60 'zext' 'zext_ln186_36' <Predicate = (!icmp_ln1831)> <Delay = 0.00>
ST_1 : Operation 61 [1/1] (0.00ns)   --->   "%zext_ln186_37 = zext i6 %n_2"   --->   Operation 61 'zext' 'zext_ln186_37' <Predicate = (!icmp_ln1831)> <Delay = 0.00>
ST_1 : Operation 62 [1/1] (0.00ns)   --->   "%zext_ln186_38 = zext i6 %n_2"   --->   Operation 62 'zext' 'zext_ln186_38' <Predicate = (!icmp_ln1831)> <Delay = 0.00>
ST_1 : Operation 63 [1/1] (0.00ns)   --->   "%buff_B_V_addr_1 = getelementptr i8 %buff_B_V, i64 0, i64 %n_9_cast"   --->   Operation 63 'getelementptr' 'buff_B_V_addr_1' <Predicate = (!icmp_ln1831)> <Delay = 0.00>
ST_1 : Operation 64 [1/1] (0.70ns)   --->   "%add_ln186 = add i7 %zext_ln186_38, i7 48"   --->   Operation 64 'add' 'add_ln186' <Predicate = (!icmp_ln1831)> <Delay = 0.70> <CoreInst = "Adder">   --->   Core 1 'Adder' <Latency = 0> <II = 1> <Delay = 0.70> <FuncUnit> <Opcode : 'add' 'sub'> <InPorts = 2> <OutPorts = 1>
ST_1 : Operation 65 [1/1] (0.00ns)   --->   "%zext_ln186_39 = zext i7 %add_ln186"   --->   Operation 65 'zext' 'zext_ln186_39' <Predicate = (!icmp_ln1831)> <Delay = 0.00>
ST_1 : Operation 66 [1/1] (0.00ns)   --->   "%buff_B_V_addr_2 = getelementptr i8 %buff_B_V, i64 0, i64 %zext_ln186_39"   --->   Operation 66 'getelementptr' 'buff_B_V_addr_2' <Predicate = (!icmp_ln1831)> <Delay = 0.00>
ST_1 : Operation 67 [1/1] (0.70ns)   --->   "%add_ln186_17 = add i8 %zext_ln186_37, i8 96"   --->   Operation 67 'add' 'add_ln186_17' <Predicate = (!icmp_ln1831)> <Delay = 0.70> <CoreInst = "Adder">   --->   Core 1 'Adder' <Latency = 0> <II = 1> <Delay = 0.70> <FuncUnit> <Opcode : 'add' 'sub'> <InPorts = 2> <OutPorts = 1>
ST_1 : Operation 68 [1/1] (0.00ns)   --->   "%zext_ln186_40 = zext i8 %add_ln186_17"   --->   Operation 68 'zext' 'zext_ln186_40' <Predicate = (!icmp_ln1831)> <Delay = 0.00>
ST_1 : Operation 69 [1/1] (0.00ns)   --->   "%buff_B_V_addr_3 = getelementptr i8 %buff_B_V, i64 0, i64 %zext_ln186_40"   --->   Operation 69 'getelementptr' 'buff_B_V_addr_3' <Predicate = (!icmp_ln1831)> <Delay = 0.00>
ST_1 : Operation 70 [1/1] (0.70ns)   --->   "%add_ln186_18 = add i8 %zext_ln186_37, i8 144"   --->   Operation 70 'add' 'add_ln186_18' <Predicate = (!icmp_ln1831)> <Delay = 0.70> <CoreInst = "Adder">   --->   Core 1 'Adder' <Latency = 0> <II = 1> <Delay = 0.70> <FuncUnit> <Opcode : 'add' 'sub'> <InPorts = 2> <OutPorts = 1>
ST_1 : Operation 71 [1/1] (0.00ns)   --->   "%zext_ln186_41 = zext i8 %add_ln186_18"   --->   Operation 71 'zext' 'zext_ln186_41' <Predicate = (!icmp_ln1831)> <Delay = 0.00>
ST_1 : Operation 72 [1/1] (0.00ns)   --->   "%buff_B_V_addr_4 = getelementptr i8 %buff_B_V, i64 0, i64 %zext_ln186_41"   --->   Operation 72 'getelementptr' 'buff_B_V_addr_4' <Predicate = (!icmp_ln1831)> <Delay = 0.00>
ST_1 : Operation 73 [1/1] (0.00ns)   --->   "%tmp_s = bitconcatenate i7 @_ssdm_op_BitConcatenate.i7.i1.i6, i1 1, i6 %n_2"   --->   Operation 73 'bitconcatenate' 'tmp_s' <Predicate = (!icmp_ln1831)> <Delay = 0.00>
ST_1 : Operation 74 [1/1] (0.00ns)   --->   "%sext_ln186_43 = sext i7 %tmp_s"   --->   Operation 74 'sext' 'sext_ln186_43' <Predicate = (!icmp_ln1831)> <Delay = 0.00>
ST_1 : Operation 75 [1/1] (0.00ns)   --->   "%zext_ln186_42 = zext i8 %sext_ln186_43"   --->   Operation 75 'zext' 'zext_ln186_42' <Predicate = (!icmp_ln1831)> <Delay = 0.00>
ST_1 : Operation 76 [1/1] (0.00ns)   --->   "%buff_B_V_addr_5 = getelementptr i8 %buff_B_V, i64 0, i64 %zext_ln186_42"   --->   Operation 76 'getelementptr' 'buff_B_V_addr_5' <Predicate = (!icmp_ln1831)> <Delay = 0.00>
ST_1 : Operation 77 [1/1] (0.71ns)   --->   "%add_ln186_19 = add i9 %zext_ln186_36, i9 240"   --->   Operation 77 'add' 'add_ln186_19' <Predicate = (!icmp_ln1831)> <Delay = 0.71> <CoreInst = "Adder">   --->   Core 1 'Adder' <Latency = 0> <II = 1> <Delay = 0.71> <FuncUnit> <Opcode : 'add' 'sub'> <InPorts = 2> <OutPorts = 1>
ST_1 : Operation 78 [1/1] (0.00ns)   --->   "%zext_ln186_43 = zext i9 %add_ln186_19"   --->   Operation 78 'zext' 'zext_ln186_43' <Predicate = (!icmp_ln1831)> <Delay = 0.00>
ST_1 : Operation 79 [1/1] (0.00ns)   --->   "%buff_B_V_addr_6 = getelementptr i8 %buff_B_V, i64 0, i64 %zext_ln186_43"   --->   Operation 79 'getelementptr' 'buff_B_V_addr_6' <Predicate = (!icmp_ln1831)> <Delay = 0.00>
ST_1 : Operation 80 [1/1] (0.71ns)   --->   "%add_ln186_20 = add i9 %zext_ln186_36, i9 288"   --->   Operation 80 'add' 'add_ln186_20' <Predicate = (!icmp_ln1831)> <Delay = 0.71> <CoreInst = "Adder">   --->   Core 1 'Adder' <Latency = 0> <II = 1> <Delay = 0.71> <FuncUnit> <Opcode : 'add' 'sub'> <InPorts = 2> <OutPorts = 1>
ST_1 : Operation 81 [1/1] (0.00ns)   --->   "%zext_ln186_44 = zext i9 %add_ln186_20"   --->   Operation 81 'zext' 'zext_ln186_44' <Predicate = (!icmp_ln1831)> <Delay = 0.00>
ST_1 : Operation 82 [1/1] (0.00ns)   --->   "%buff_B_V_addr_7 = getelementptr i8 %buff_B_V, i64 0, i64 %zext_ln186_44"   --->   Operation 82 'getelementptr' 'buff_B_V_addr_7' <Predicate = (!icmp_ln1831)> <Delay = 0.00>
ST_1 : Operation 83 [1/1] (0.71ns)   --->   "%add_ln186_21 = add i9 %zext_ln186_36, i9 336"   --->   Operation 83 'add' 'add_ln186_21' <Predicate = (!icmp_ln1831)> <Delay = 0.71> <CoreInst = "Adder">   --->   Core 1 'Adder' <Latency = 0> <II = 1> <Delay = 0.71> <FuncUnit> <Opcode : 'add' 'sub'> <InPorts = 2> <OutPorts = 1>
ST_1 : Operation 84 [1/1] (0.00ns)   --->   "%zext_ln186_45 = zext i9 %add_ln186_21"   --->   Operation 84 'zext' 'zext_ln186_45' <Predicate = (!icmp_ln1831)> <Delay = 0.00>
ST_1 : Operation 85 [1/1] (0.00ns)   --->   "%buff_B_V_addr_8 = getelementptr i8 %buff_B_V, i64 0, i64 %zext_ln186_45"   --->   Operation 85 'getelementptr' 'buff_B_V_addr_8' <Predicate = (!icmp_ln1831)> <Delay = 0.00>
ST_1 : Operation 86 [1/1] (0.00ns)   --->   "%tmp_22 = bitconcatenate i8 @_ssdm_op_BitConcatenate.i8.i2.i6, i2 2, i6 %n_2"   --->   Operation 86 'bitconcatenate' 'tmp_22' <Predicate = (!icmp_ln1831)> <Delay = 0.00>
ST_1 : Operation 87 [1/1] (0.00ns)   --->   "%sext_ln186_44 = sext i8 %tmp_22"   --->   Operation 87 'sext' 'sext_ln186_44' <Predicate = (!icmp_ln1831)> <Delay = 0.00>
ST_1 : Operation 88 [1/1] (0.00ns)   --->   "%zext_ln186_46 = zext i9 %sext_ln186_44"   --->   Operation 88 'zext' 'zext_ln186_46' <Predicate = (!icmp_ln1831)> <Delay = 0.00>
ST_1 : Operation 89 [1/1] (0.00ns)   --->   "%buff_B_V_addr_9 = getelementptr i8 %buff_B_V, i64 0, i64 %zext_ln186_46"   --->   Operation 89 'getelementptr' 'buff_B_V_addr_9' <Predicate = (!icmp_ln1831)> <Delay = 0.00>
ST_1 : Operation 90 [1/1] (0.70ns)   --->   "%add_ln186_22 = add i8 %zext_ln186_37, i8 176"   --->   Operation 90 'add' 'add_ln186_22' <Predicate = (!icmp_ln1831)> <Delay = 0.70> <CoreInst = "Adder">   --->   Core 1 'Adder' <Latency = 0> <II = 1> <Delay = 0.70> <FuncUnit> <Opcode : 'add' 'sub'> <InPorts = 2> <OutPorts = 1>
ST_1 : Operation 91 [1/1] (0.00ns)   --->   "%sext_ln186_45 = sext i8 %add_ln186_22"   --->   Operation 91 'sext' 'sext_ln186_45' <Predicate = (!icmp_ln1831)> <Delay = 0.00>
ST_1 : Operation 92 [1/1] (0.00ns)   --->   "%zext_ln186_47 = zext i9 %sext_ln186_45"   --->   Operation 92 'zext' 'zext_ln186_47' <Predicate = (!icmp_ln1831)> <Delay = 0.00>
ST_1 : Operation 93 [1/1] (0.00ns)   --->   "%buff_B_V_addr_10 = getelementptr i8 %buff_B_V, i64 0, i64 %zext_ln186_47"   --->   Operation 93 'getelementptr' 'buff_B_V_addr_10' <Predicate = (!icmp_ln1831)> <Delay = 0.00>
ST_1 : Operation 94 [1/1] (0.72ns)   --->   "%add_ln186_23 = add i10 %zext_ln186, i10 480"   --->   Operation 94 'add' 'add_ln186_23' <Predicate = (!icmp_ln1831)> <Delay = 0.72> <CoreInst = "Adder">   --->   Core 1 'Adder' <Latency = 0> <II = 1> <Delay = 0.72> <FuncUnit> <Opcode : 'add' 'sub'> <InPorts = 2> <OutPorts = 1>
ST_1 : Operation 95 [1/1] (0.00ns)   --->   "%zext_ln186_48 = zext i10 %add_ln186_23"   --->   Operation 95 'zext' 'zext_ln186_48' <Predicate = (!icmp_ln1831)> <Delay = 0.00>
ST_1 : Operation 96 [1/1] (0.00ns)   --->   "%buff_B_V_addr_11 = getelementptr i8 %buff_B_V, i64 0, i64 %zext_ln186_48"   --->   Operation 96 'getelementptr' 'buff_B_V_addr_11' <Predicate = (!icmp_ln1831)> <Delay = 0.00>
ST_1 : Operation 97 [1/1] (0.72ns)   --->   "%add_ln186_24 = add i10 %zext_ln186, i10 528"   --->   Operation 97 'add' 'add_ln186_24' <Predicate = (!icmp_ln1831)> <Delay = 0.72> <CoreInst = "Adder">   --->   Core 1 'Adder' <Latency = 0> <II = 1> <Delay = 0.72> <FuncUnit> <Opcode : 'add' 'sub'> <InPorts = 2> <OutPorts = 1>
ST_1 : Operation 98 [1/1] (0.00ns)   --->   "%zext_ln186_49 = zext i10 %add_ln186_24"   --->   Operation 98 'zext' 'zext_ln186_49' <Predicate = (!icmp_ln1831)> <Delay = 0.00>
ST_1 : Operation 99 [1/1] (0.00ns)   --->   "%buff_B_V_addr_12 = getelementptr i8 %buff_B_V, i64 0, i64 %zext_ln186_49"   --->   Operation 99 'getelementptr' 'buff_B_V_addr_12' <Predicate = (!icmp_ln1831)> <Delay = 0.00>
ST_1 : Operation 100 [1/1] (0.00ns)   --->   "%tmp_33_cast = bitconcatenate i10 @_ssdm_op_BitConcatenate.i10.i4.i6, i4 9, i6 %n_2"   --->   Operation 100 'bitconcatenate' 'tmp_33_cast' <Predicate = (!icmp_ln1831)> <Delay = 0.00>
ST_1 : Operation 101 [1/1] (0.00ns)   --->   "%zext_ln186_50 = zext i10 %tmp_33_cast"   --->   Operation 101 'zext' 'zext_ln186_50' <Predicate = (!icmp_ln1831)> <Delay = 0.00>
ST_1 : Operation 102 [1/1] (0.00ns)   --->   "%buff_B_V_addr_13 = getelementptr i8 %buff_B_V, i64 0, i64 %zext_ln186_50"   --->   Operation 102 'getelementptr' 'buff_B_V_addr_13' <Predicate = (!icmp_ln1831)> <Delay = 0.00>
ST_1 : Operation 103 [1/1] (0.72ns)   --->   "%add_ln186_25 = add i10 %zext_ln186, i10 624"   --->   Operation 103 'add' 'add_ln186_25' <Predicate = (!icmp_ln1831)> <Delay = 0.72> <CoreInst = "Adder">   --->   Core 1 'Adder' <Latency = 0> <II = 1> <Delay = 0.72> <FuncUnit> <Opcode : 'add' 'sub'> <InPorts = 2> <OutPorts = 1>
ST_1 : Operation 104 [1/1] (0.00ns)   --->   "%zext_ln186_51 = zext i10 %add_ln186_25"   --->   Operation 104 'zext' 'zext_ln186_51' <Predicate = (!icmp_ln1831)> <Delay = 0.00>
ST_1 : Operation 105 [1/1] (0.00ns)   --->   "%buff_B_V_addr_14 = getelementptr i8 %buff_B_V, i64 0, i64 %zext_ln186_51"   --->   Operation 105 'getelementptr' 'buff_B_V_addr_14' <Predicate = (!icmp_ln1831)> <Delay = 0.00>
ST_1 : Operation 106 [1/1] (0.72ns)   --->   "%add_ln186_26 = add i10 %zext_ln186, i10 672"   --->   Operation 106 'add' 'add_ln186_26' <Predicate = (!icmp_ln1831)> <Delay = 0.72> <CoreInst = "Adder">   --->   Core 1 'Adder' <Latency = 0> <II = 1> <Delay = 0.72> <FuncUnit> <Opcode : 'add' 'sub'> <InPorts = 2> <OutPorts = 1>
ST_1 : Operation 107 [1/1] (0.00ns)   --->   "%zext_ln186_52 = zext i10 %add_ln186_26"   --->   Operation 107 'zext' 'zext_ln186_52' <Predicate = (!icmp_ln1831)> <Delay = 0.00>
ST_1 : Operation 108 [1/1] (0.00ns)   --->   "%buff_B_V_addr_15 = getelementptr i8 %buff_B_V, i64 0, i64 %zext_ln186_52"   --->   Operation 108 'getelementptr' 'buff_B_V_addr_15' <Predicate = (!icmp_ln1831)> <Delay = 0.00>
ST_1 : Operation 109 [1/1] (0.72ns)   --->   "%add_ln186_27 = add i10 %zext_ln186, i10 720"   --->   Operation 109 'add' 'add_ln186_27' <Predicate = (!icmp_ln1831)> <Delay = 0.72> <CoreInst = "Adder">   --->   Core 1 'Adder' <Latency = 0> <II = 1> <Delay = 0.72> <FuncUnit> <Opcode : 'add' 'sub'> <InPorts = 2> <OutPorts = 1>
ST_1 : Operation 110 [1/1] (0.00ns)   --->   "%zext_ln186_53 = zext i10 %add_ln186_27"   --->   Operation 110 'zext' 'zext_ln186_53' <Predicate = (!icmp_ln1831)> <Delay = 0.00>
ST_1 : Operation 111 [1/1] (0.00ns)   --->   "%buff_B_V_addr_16 = getelementptr i8 %buff_B_V, i64 0, i64 %zext_ln186_53"   --->   Operation 111 'getelementptr' 'buff_B_V_addr_16' <Predicate = (!icmp_ln1831)> <Delay = 0.00>
ST_1 : Operation 112 [1/1] (0.00ns)   --->   "%tmp_23 = bitconcatenate i9 @_ssdm_op_BitConcatenate.i9.i3.i6, i3 4, i6 %n_2"   --->   Operation 112 'bitconcatenate' 'tmp_23' <Predicate = (!icmp_ln1831)> <Delay = 0.00>
ST_1 : Operation 113 [1/1] (0.00ns)   --->   "%sext_ln186_46 = sext i9 %tmp_23"   --->   Operation 113 'sext' 'sext_ln186_46' <Predicate = (!icmp_ln1831)> <Delay = 0.00>
ST_1 : Operation 114 [1/1] (0.00ns)   --->   "%zext_ln186_54 = zext i10 %sext_ln186_46"   --->   Operation 114 'zext' 'zext_ln186_54' <Predicate = (!icmp_ln1831)> <Delay = 0.00>
ST_1 : Operation 115 [1/1] (0.00ns)   --->   "%buff_B_V_addr = getelementptr i8 %buff_B_V, i64 0, i64 %zext_ln186_54"   --->   Operation 115 'getelementptr' 'buff_B_V_addr' <Predicate = (!icmp_ln1831)> <Delay = 0.00>
ST_1 : Operation 116 [2/2] (1.17ns)   --->   "%buff_B_V_load = load i10 %buff_B_V_addr_1"   --->   Operation 116 'load' 'buff_B_V_load' <Predicate = (!icmp_ln1831)> <Delay = 1.17> <CoreInst = "RAM_1WnR">   --->   Core 84 'RAM_1WnR' <Latency = 1> <II = 1> <Delay = 1.17> <Storage> <Opcode : 'load' 'store'> <Ports = 17> <Width = 8> <Depth = 816> <RAM>
ST_1 : Operation 117 [2/2] (1.17ns)   --->   "%buff_B_V_load_1 = load i10 %buff_B_V_addr_2"   --->   Operation 117 'load' 'buff_B_V_load_1' <Predicate = (!icmp_ln1831)> <Delay = 1.17> <CoreInst = "RAM_1WnR">   --->   Core 84 'RAM_1WnR' <Latency = 1> <II = 1> <Delay = 1.17> <Storage> <Opcode : 'load' 'store'> <Ports = 17> <Width = 8> <Depth = 816> <RAM>
ST_1 : Operation 118 [2/2] (1.17ns)   --->   "%buff_B_V_load_2 = load i10 %buff_B_V_addr_3"   --->   Operation 118 'load' 'buff_B_V_load_2' <Predicate = (!icmp_ln1831)> <Delay = 1.17> <CoreInst = "RAM_1WnR">   --->   Core 84 'RAM_1WnR' <Latency = 1> <II = 1> <Delay = 1.17> <Storage> <Opcode : 'load' 'store'> <Ports = 17> <Width = 8> <Depth = 816> <RAM>
ST_1 : Operation 119 [2/2] (1.17ns)   --->   "%buff_B_V_load_3 = load i10 %buff_B_V_addr_4"   --->   Operation 119 'load' 'buff_B_V_load_3' <Predicate = (!icmp_ln1831)> <Delay = 1.17> <CoreInst = "RAM_1WnR">   --->   Core 84 'RAM_1WnR' <Latency = 1> <II = 1> <Delay = 1.17> <Storage> <Opcode : 'load' 'store'> <Ports = 17> <Width = 8> <Depth = 816> <RAM>
ST_1 : Operation 120 [2/2] (1.17ns)   --->   "%buff_B_V_load_4 = load i10 %buff_B_V_addr_5"   --->   Operation 120 'load' 'buff_B_V_load_4' <Predicate = (!icmp_ln1831)> <Delay = 1.17> <CoreInst = "RAM_1WnR">   --->   Core 84 'RAM_1WnR' <Latency = 1> <II = 1> <Delay = 1.17> <Storage> <Opcode : 'load' 'store'> <Ports = 17> <Width = 8> <Depth = 816> <RAM>
ST_1 : Operation 121 [2/2] (1.17ns)   --->   "%buff_B_V_load_5 = load i10 %buff_B_V_addr_6"   --->   Operation 121 'load' 'buff_B_V_load_5' <Predicate = (!icmp_ln1831)> <Delay = 1.17> <CoreInst = "RAM_1WnR">   --->   Core 84 'RAM_1WnR' <Latency = 1> <II = 1> <Delay = 1.17> <Storage> <Opcode : 'load' 'store'> <Ports = 17> <Width = 8> <Depth = 816> <RAM>
ST_1 : Operation 122 [2/2] (1.17ns)   --->   "%buff_B_V_load_6 = load i10 %buff_B_V_addr_7"   --->   Operation 122 'load' 'buff_B_V_load_6' <Predicate = (!icmp_ln1831)> <Delay = 1.17> <CoreInst = "RAM_1WnR">   --->   Core 84 'RAM_1WnR' <Latency = 1> <II = 1> <Delay = 1.17> <Storage> <Opcode : 'load' 'store'> <Ports = 17> <Width = 8> <Depth = 816> <RAM>
ST_1 : Operation 123 [2/2] (1.17ns)   --->   "%buff_B_V_load_7 = load i10 %buff_B_V_addr_8"   --->   Operation 123 'load' 'buff_B_V_load_7' <Predicate = (!icmp_ln1831)> <Delay = 1.17> <CoreInst = "RAM_1WnR">   --->   Core 84 'RAM_1WnR' <Latency = 1> <II = 1> <Delay = 1.17> <Storage> <Opcode : 'load' 'store'> <Ports = 17> <Width = 8> <Depth = 816> <RAM>
ST_1 : Operation 124 [2/2] (1.17ns)   --->   "%buff_B_V_load_8 = load i10 %buff_B_V_addr_9"   --->   Operation 124 'load' 'buff_B_V_load_8' <Predicate = (!icmp_ln1831)> <Delay = 1.17> <CoreInst = "RAM_1WnR">   --->   Core 84 'RAM_1WnR' <Latency = 1> <II = 1> <Delay = 1.17> <Storage> <Opcode : 'load' 'store'> <Ports = 17> <Width = 8> <Depth = 816> <RAM>
ST_1 : Operation 125 [2/2] (1.17ns)   --->   "%buff_B_V_load_9 = load i10 %buff_B_V_addr_10"   --->   Operation 125 'load' 'buff_B_V_load_9' <Predicate = (!icmp_ln1831)> <Delay = 1.17> <CoreInst = "RAM_1WnR">   --->   Core 84 'RAM_1WnR' <Latency = 1> <II = 1> <Delay = 1.17> <Storage> <Opcode : 'load' 'store'> <Ports = 17> <Width = 8> <Depth = 816> <RAM>
ST_1 : Operation 126 [2/2] (1.17ns)   --->   "%buff_B_V_load_10 = load i10 %buff_B_V_addr_11"   --->   Operation 126 'load' 'buff_B_V_load_10' <Predicate = (!icmp_ln1831)> <Delay = 1.17> <CoreInst = "RAM_1WnR">   --->   Core 84 'RAM_1WnR' <Latency = 1> <II = 1> <Delay = 1.17> <Storage> <Opcode : 'load' 'store'> <Ports = 17> <Width = 8> <Depth = 816> <RAM>
ST_1 : Operation 127 [2/2] (1.17ns)   --->   "%buff_B_V_load_11 = load i10 %buff_B_V_addr_12"   --->   Operation 127 'load' 'buff_B_V_load_11' <Predicate = (!icmp_ln1831)> <Delay = 1.17> <CoreInst = "RAM_1WnR">   --->   Core 84 'RAM_1WnR' <Latency = 1> <II = 1> <Delay = 1.17> <Storage> <Opcode : 'load' 'store'> <Ports = 17> <Width = 8> <Depth = 816> <RAM>
ST_1 : Operation 128 [2/2] (1.17ns)   --->   "%buff_B_V_load_12 = load i10 %buff_B_V_addr_13"   --->   Operation 128 'load' 'buff_B_V_load_12' <Predicate = (!icmp_ln1831)> <Delay = 1.17> <CoreInst = "RAM_1WnR">   --->   Core 84 'RAM_1WnR' <Latency = 1> <II = 1> <Delay = 1.17> <Storage> <Opcode : 'load' 'store'> <Ports = 17> <Width = 8> <Depth = 816> <RAM>
ST_1 : Operation 129 [2/2] (1.17ns)   --->   "%buff_B_V_load_13 = load i10 %buff_B_V_addr_14"   --->   Operation 129 'load' 'buff_B_V_load_13' <Predicate = (!icmp_ln1831)> <Delay = 1.17> <CoreInst = "RAM_1WnR">   --->   Core 84 'RAM_1WnR' <Latency = 1> <II = 1> <Delay = 1.17> <Storage> <Opcode : 'load' 'store'> <Ports = 17> <Width = 8> <Depth = 816> <RAM>
ST_1 : Operation 130 [2/2] (1.17ns)   --->   "%buff_B_V_load_14 = load i10 %buff_B_V_addr_15"   --->   Operation 130 'load' 'buff_B_V_load_14' <Predicate = (!icmp_ln1831)> <Delay = 1.17> <CoreInst = "RAM_1WnR">   --->   Core 84 'RAM_1WnR' <Latency = 1> <II = 1> <Delay = 1.17> <Storage> <Opcode : 'load' 'store'> <Ports = 17> <Width = 8> <Depth = 816> <RAM>
ST_1 : Operation 131 [2/2] (1.17ns)   --->   "%buff_B_V_load_15 = load i10 %buff_B_V_addr_16"   --->   Operation 131 'load' 'buff_B_V_load_15' <Predicate = (!icmp_ln1831)> <Delay = 1.17> <CoreInst = "RAM_1WnR">   --->   Core 84 'RAM_1WnR' <Latency = 1> <II = 1> <Delay = 1.17> <Storage> <Opcode : 'load' 'store'> <Ports = 17> <Width = 8> <Depth = 816> <RAM>
ST_1 : Operation 132 [2/2] (1.17ns)   --->   "%buff_B_V_load_16 = load i10 %buff_B_V_addr"   --->   Operation 132 'load' 'buff_B_V_load_16' <Predicate = (!icmp_ln1831)> <Delay = 1.17> <CoreInst = "RAM_1WnR">   --->   Core 84 'RAM_1WnR' <Latency = 1> <II = 1> <Delay = 1.17> <Storage> <Opcode : 'load' 'store'> <Ports = 17> <Width = 8> <Depth = 816> <RAM>
ST_1 : Operation 133 [1/1] (0.38ns)   --->   "%store_ln1831 = store i6 %add_ln1831, i6 %n" [/home/fede/PhD/transformer-hls/hls/include/linear.h:1831]   --->   Operation 133 'store' 'store_ln1831' <Predicate = (!icmp_ln1831)> <Delay = 0.38>

State 2 <SV = 1> <Delay = 2.16>
ST_2 : Operation 134 [1/2] (1.17ns)   --->   "%buff_B_V_load = load i10 %buff_B_V_addr_1"   --->   Operation 134 'load' 'buff_B_V_load' <Predicate = true> <Delay = 1.17> <CoreInst = "RAM_1WnR">   --->   Core 84 'RAM_1WnR' <Latency = 1> <II = 1> <Delay = 1.17> <Storage> <Opcode : 'load' 'store'> <Ports = 17> <Width = 8> <Depth = 816> <RAM>
ST_2 : Operation 135 [1/2] (1.17ns)   --->   "%buff_B_V_load_1 = load i10 %buff_B_V_addr_2"   --->   Operation 135 'load' 'buff_B_V_load_1' <Predicate = true> <Delay = 1.17> <CoreInst = "RAM_1WnR">   --->   Core 84 'RAM_1WnR' <Latency = 1> <II = 1> <Delay = 1.17> <Storage> <Opcode : 'load' 'store'> <Ports = 17> <Width = 8> <Depth = 816> <RAM>
ST_2 : Operation 136 [1/2] (1.17ns)   --->   "%buff_B_V_load_2 = load i10 %buff_B_V_addr_3"   --->   Operation 136 'load' 'buff_B_V_load_2' <Predicate = true> <Delay = 1.17> <CoreInst = "RAM_1WnR">   --->   Core 84 'RAM_1WnR' <Latency = 1> <II = 1> <Delay = 1.17> <Storage> <Opcode : 'load' 'store'> <Ports = 17> <Width = 8> <Depth = 816> <RAM>
ST_2 : Operation 137 [1/1] (0.00ns)   --->   "%sext_ln186_5 = sext i8 %buff_B_V_load_2"   --->   Operation 137 'sext' 'sext_ln186_5' <Predicate = true> <Delay = 0.00>
ST_2 : Operation 138 [3/3] (0.99ns) (grouped into DSP with root node add_ln840)   --->   "%mul_ln1494_159 = mul i16 %sext_ln186_5, i16 %sext_ln186_4_cast"   --->   Operation 138 'mul' 'mul_ln1494_159' <Predicate = true> <Delay = 0.99> <CoreInst = "DSP48">   --->   Core 127 'DSP48' <Latency = 3> <II = 1> <Delay = 0.53> <IPBlock> <Opcode : 'mul' 'add' 'sub' 'select'> <InPorts = 0> <OutPorts = 1> <Sync> <CReg>
ST_2 : Operation 139 [1/2] (1.17ns)   --->   "%buff_B_V_load_3 = load i10 %buff_B_V_addr_4"   --->   Operation 139 'load' 'buff_B_V_load_3' <Predicate = true> <Delay = 1.17> <CoreInst = "RAM_1WnR">   --->   Core 84 'RAM_1WnR' <Latency = 1> <II = 1> <Delay = 1.17> <Storage> <Opcode : 'load' 'store'> <Ports = 17> <Width = 8> <Depth = 816> <RAM>
ST_2 : Operation 140 [1/2] (1.17ns)   --->   "%buff_B_V_load_4 = load i10 %buff_B_V_addr_5"   --->   Operation 140 'load' 'buff_B_V_load_4' <Predicate = true> <Delay = 1.17> <CoreInst = "RAM_1WnR">   --->   Core 84 'RAM_1WnR' <Latency = 1> <II = 1> <Delay = 1.17> <Storage> <Opcode : 'load' 'store'> <Ports = 17> <Width = 8> <Depth = 816> <RAM>
ST_2 : Operation 141 [1/2] (1.17ns)   --->   "%buff_B_V_load_5 = load i10 %buff_B_V_addr_6"   --->   Operation 141 'load' 'buff_B_V_load_5' <Predicate = true> <Delay = 1.17> <CoreInst = "RAM_1WnR">   --->   Core 84 'RAM_1WnR' <Latency = 1> <II = 1> <Delay = 1.17> <Storage> <Opcode : 'load' 'store'> <Ports = 17> <Width = 8> <Depth = 816> <RAM>
ST_2 : Operation 142 [1/2] (1.17ns)   --->   "%buff_B_V_load_6 = load i10 %buff_B_V_addr_7"   --->   Operation 142 'load' 'buff_B_V_load_6' <Predicate = true> <Delay = 1.17> <CoreInst = "RAM_1WnR">   --->   Core 84 'RAM_1WnR' <Latency = 1> <II = 1> <Delay = 1.17> <Storage> <Opcode : 'load' 'store'> <Ports = 17> <Width = 8> <Depth = 816> <RAM>
ST_2 : Operation 143 [1/1] (0.00ns)   --->   "%sext_ln186_13 = sext i8 %buff_B_V_load_6"   --->   Operation 143 'sext' 'sext_ln186_13' <Predicate = true> <Delay = 0.00>
ST_2 : Operation 144 [3/3] (0.99ns) (grouped into DSP with root node add_ln840_171)   --->   "%mul_ln1494_163 = mul i16 %sext_ln186_13, i16 %sext_ln186_12_cast"   --->   Operation 144 'mul' 'mul_ln1494_163' <Predicate = true> <Delay = 0.99> <CoreInst = "DSP48">   --->   Core 127 'DSP48' <Latency = 3> <II = 1> <Delay = 0.53> <IPBlock> <Opcode : 'mul' 'add' 'sub' 'select'> <InPorts = 0> <OutPorts = 1> <Sync> <CReg>
ST_2 : Operation 145 [1/2] (1.17ns)   --->   "%buff_B_V_load_7 = load i10 %buff_B_V_addr_8"   --->   Operation 145 'load' 'buff_B_V_load_7' <Predicate = true> <Delay = 1.17> <CoreInst = "RAM_1WnR">   --->   Core 84 'RAM_1WnR' <Latency = 1> <II = 1> <Delay = 1.17> <Storage> <Opcode : 'load' 'store'> <Ports = 17> <Width = 8> <Depth = 816> <RAM>
ST_2 : Operation 146 [1/2] (1.17ns)   --->   "%buff_B_V_load_8 = load i10 %buff_B_V_addr_9"   --->   Operation 146 'load' 'buff_B_V_load_8' <Predicate = true> <Delay = 1.17> <CoreInst = "RAM_1WnR">   --->   Core 84 'RAM_1WnR' <Latency = 1> <II = 1> <Delay = 1.17> <Storage> <Opcode : 'load' 'store'> <Ports = 17> <Width = 8> <Depth = 816> <RAM>
ST_2 : Operation 147 [1/2] (1.17ns)   --->   "%buff_B_V_load_9 = load i10 %buff_B_V_addr_10"   --->   Operation 147 'load' 'buff_B_V_load_9' <Predicate = true> <Delay = 1.17> <CoreInst = "RAM_1WnR">   --->   Core 84 'RAM_1WnR' <Latency = 1> <II = 1> <Delay = 1.17> <Storage> <Opcode : 'load' 'store'> <Ports = 17> <Width = 8> <Depth = 816> <RAM>
ST_2 : Operation 148 [1/1] (0.00ns)   --->   "%sext_ln186_19 = sext i8 %buff_B_V_load_9"   --->   Operation 148 'sext' 'sext_ln186_19' <Predicate = true> <Delay = 0.00>
ST_2 : Operation 149 [3/3] (0.99ns) (grouped into DSP with root node add_ln840_175)   --->   "%mul_ln1494_166 = mul i16 %sext_ln186_19, i16 %sext_ln186_18_cast"   --->   Operation 149 'mul' 'mul_ln1494_166' <Predicate = true> <Delay = 0.99> <CoreInst = "DSP48">   --->   Core 127 'DSP48' <Latency = 3> <II = 1> <Delay = 0.53> <IPBlock> <Opcode : 'mul' 'add' 'sub' 'select'> <InPorts = 0> <OutPorts = 1> <Sync> <CReg>
ST_2 : Operation 150 [1/2] (1.17ns)   --->   "%buff_B_V_load_10 = load i10 %buff_B_V_addr_11"   --->   Operation 150 'load' 'buff_B_V_load_10' <Predicate = true> <Delay = 1.17> <CoreInst = "RAM_1WnR">   --->   Core 84 'RAM_1WnR' <Latency = 1> <II = 1> <Delay = 1.17> <Storage> <Opcode : 'load' 'store'> <Ports = 17> <Width = 8> <Depth = 816> <RAM>
ST_2 : Operation 151 [1/2] (1.17ns)   --->   "%buff_B_V_load_11 = load i10 %buff_B_V_addr_12"   --->   Operation 151 'load' 'buff_B_V_load_11' <Predicate = true> <Delay = 1.17> <CoreInst = "RAM_1WnR">   --->   Core 84 'RAM_1WnR' <Latency = 1> <II = 1> <Delay = 1.17> <Storage> <Opcode : 'load' 'store'> <Ports = 17> <Width = 8> <Depth = 816> <RAM>
ST_2 : Operation 152 [1/1] (0.00ns)   --->   "%sext_ln186_23 = sext i8 %buff_B_V_load_11"   --->   Operation 152 'sext' 'sext_ln186_23' <Predicate = true> <Delay = 0.00>
ST_2 : Operation 153 [3/3] (0.99ns) (grouped into DSP with root node add_ln840_177)   --->   "%mul_ln1494_168 = mul i16 %sext_ln186_23, i16 %sext_ln186_22_cast"   --->   Operation 153 'mul' 'mul_ln1494_168' <Predicate = true> <Delay = 0.99> <CoreInst = "DSP48">   --->   Core 127 'DSP48' <Latency = 3> <II = 1> <Delay = 0.53> <IPBlock> <Opcode : 'mul' 'add' 'sub' 'select'> <InPorts = 0> <OutPorts = 1> <Sync> <CReg>
ST_2 : Operation 154 [1/2] (1.17ns)   --->   "%buff_B_V_load_12 = load i10 %buff_B_V_addr_13"   --->   Operation 154 'load' 'buff_B_V_load_12' <Predicate = true> <Delay = 1.17> <CoreInst = "RAM_1WnR">   --->   Core 84 'RAM_1WnR' <Latency = 1> <II = 1> <Delay = 1.17> <Storage> <Opcode : 'load' 'store'> <Ports = 17> <Width = 8> <Depth = 816> <RAM>
ST_2 : Operation 155 [1/2] (1.17ns)   --->   "%buff_B_V_load_13 = load i10 %buff_B_V_addr_14"   --->   Operation 155 'load' 'buff_B_V_load_13' <Predicate = true> <Delay = 1.17> <CoreInst = "RAM_1WnR">   --->   Core 84 'RAM_1WnR' <Latency = 1> <II = 1> <Delay = 1.17> <Storage> <Opcode : 'load' 'store'> <Ports = 17> <Width = 8> <Depth = 816> <RAM>
ST_2 : Operation 156 [1/2] (1.17ns)   --->   "%buff_B_V_load_14 = load i10 %buff_B_V_addr_15"   --->   Operation 156 'load' 'buff_B_V_load_14' <Predicate = true> <Delay = 1.17> <CoreInst = "RAM_1WnR">   --->   Core 84 'RAM_1WnR' <Latency = 1> <II = 1> <Delay = 1.17> <Storage> <Opcode : 'load' 'store'> <Ports = 17> <Width = 8> <Depth = 816> <RAM>
ST_2 : Operation 157 [1/1] (0.00ns)   --->   "%sext_ln186_29 = sext i8 %buff_B_V_load_14"   --->   Operation 157 'sext' 'sext_ln186_29' <Predicate = true> <Delay = 0.00>
ST_2 : Operation 158 [3/3] (0.99ns) (grouped into DSP with root node add_ln840_178)   --->   "%mul_ln1494_171 = mul i16 %sext_ln186_29, i16 %sext_ln186_28_cast"   --->   Operation 158 'mul' 'mul_ln1494_171' <Predicate = true> <Delay = 0.99> <CoreInst = "DSP48">   --->   Core 127 'DSP48' <Latency = 3> <II = 1> <Delay = 0.53> <IPBlock> <Opcode : 'mul' 'add' 'sub' 'select'> <InPorts = 0> <OutPorts = 1> <Sync> <CReg>
ST_2 : Operation 159 [1/2] (1.17ns)   --->   "%buff_B_V_load_15 = load i10 %buff_B_V_addr_16"   --->   Operation 159 'load' 'buff_B_V_load_15' <Predicate = true> <Delay = 1.17> <CoreInst = "RAM_1WnR">   --->   Core 84 'RAM_1WnR' <Latency = 1> <II = 1> <Delay = 1.17> <Storage> <Opcode : 'load' 'store'> <Ports = 17> <Width = 8> <Depth = 816> <RAM>
ST_2 : Operation 160 [1/2] (1.17ns)   --->   "%buff_B_V_load_16 = load i10 %buff_B_V_addr"   --->   Operation 160 'load' 'buff_B_V_load_16' <Predicate = true> <Delay = 1.17> <CoreInst = "RAM_1WnR">   --->   Core 84 'RAM_1WnR' <Latency = 1> <II = 1> <Delay = 1.17> <Storage> <Opcode : 'load' 'store'> <Ports = 17> <Width = 8> <Depth = 816> <RAM>
ST_2 : Operation 161 [1/1] (0.00ns)   --->   "%sext_ln186_33 = sext i8 %buff_B_V_load_16"   --->   Operation 161 'sext' 'sext_ln186_33' <Predicate = true> <Delay = 0.00>
ST_2 : Operation 162 [3/3] (0.99ns) (grouped into DSP with root node add_ln840_182)   --->   "%mul_ln1494_173 = mul i16 %sext_ln186_33, i16 %sext_ln186_32_cast"   --->   Operation 162 'mul' 'mul_ln1494_173' <Predicate = true> <Delay = 0.99> <CoreInst = "DSP48">   --->   Core 127 'DSP48' <Latency = 3> <II = 1> <Delay = 0.53> <IPBlock> <Opcode : 'mul' 'add' 'sub' 'select'> <InPorts = 0> <OutPorts = 1> <Sync> <CReg>

State 3 <SV = 2> <Delay = 0.99>
ST_3 : Operation 163 [1/1] (0.00ns)   --->   "%sext_ln186_3 = sext i8 %buff_B_V_load_1"   --->   Operation 163 'sext' 'sext_ln186_3' <Predicate = true> <Delay = 0.00>
ST_3 : Operation 164 [3/3] (0.99ns) (grouped into DSP with root node add_ln840_169)   --->   "%mul_ln1494_158 = mul i16 %sext_ln186_3, i16 %sext_ln186_2_cast"   --->   Operation 164 'mul' 'mul_ln1494_158' <Predicate = true> <Delay = 0.99> <CoreInst = "DSP48">   --->   Core 127 'DSP48' <Latency = 3> <II = 1> <Delay = 0.53> <IPBlock> <Opcode : 'mul' 'add' 'sub' 'select'> <InPorts = 0> <OutPorts = 1> <Sync> <CReg>
ST_3 : Operation 165 [2/3] (0.99ns) (grouped into DSP with root node add_ln840)   --->   "%mul_ln1494_159 = mul i16 %sext_ln186_5, i16 %sext_ln186_4_cast"   --->   Operation 165 'mul' 'mul_ln1494_159' <Predicate = true> <Delay = 0.99> <CoreInst = "DSP48">   --->   Core 127 'DSP48' <Latency = 3> <II = 1> <Delay = 0.53> <IPBlock> <Opcode : 'mul' 'add' 'sub' 'select'> <InPorts = 0> <OutPorts = 1> <Sync> <CReg>
ST_3 : Operation 166 [1/1] (0.00ns)   --->   "%sext_ln186_9 = sext i8 %buff_B_V_load_4"   --->   Operation 166 'sext' 'sext_ln186_9' <Predicate = true> <Delay = 0.00>
ST_3 : Operation 167 [3/3] (0.99ns) (grouped into DSP with root node add_ln840_172)   --->   "%mul_ln1494_161 = mul i16 %sext_ln186_9, i16 %sext_ln186_8_cast"   --->   Operation 167 'mul' 'mul_ln1494_161' <Predicate = true> <Delay = 0.99> <CoreInst = "DSP48">   --->   Core 127 'DSP48' <Latency = 3> <II = 1> <Delay = 0.53> <IPBlock> <Opcode : 'mul' 'add' 'sub' 'select'> <InPorts = 0> <OutPorts = 1> <Sync> <CReg>
ST_3 : Operation 168 [2/3] (0.99ns) (grouped into DSP with root node add_ln840_171)   --->   "%mul_ln1494_163 = mul i16 %sext_ln186_13, i16 %sext_ln186_12_cast"   --->   Operation 168 'mul' 'mul_ln1494_163' <Predicate = true> <Delay = 0.99> <CoreInst = "DSP48">   --->   Core 127 'DSP48' <Latency = 3> <II = 1> <Delay = 0.53> <IPBlock> <Opcode : 'mul' 'add' 'sub' 'select'> <InPorts = 0> <OutPorts = 1> <Sync> <CReg>
ST_3 : Operation 169 [2/3] (0.99ns) (grouped into DSP with root node add_ln840_175)   --->   "%mul_ln1494_166 = mul i16 %sext_ln186_19, i16 %sext_ln186_18_cast"   --->   Operation 169 'mul' 'mul_ln1494_166' <Predicate = true> <Delay = 0.99> <CoreInst = "DSP48">   --->   Core 127 'DSP48' <Latency = 3> <II = 1> <Delay = 0.53> <IPBlock> <Opcode : 'mul' 'add' 'sub' 'select'> <InPorts = 0> <OutPorts = 1> <Sync> <CReg>
ST_3 : Operation 170 [2/3] (0.99ns) (grouped into DSP with root node add_ln840_177)   --->   "%mul_ln1494_168 = mul i16 %sext_ln186_23, i16 %sext_ln186_22_cast"   --->   Operation 170 'mul' 'mul_ln1494_168' <Predicate = true> <Delay = 0.99> <CoreInst = "DSP48">   --->   Core 127 'DSP48' <Latency = 3> <II = 1> <Delay = 0.53> <IPBlock> <Opcode : 'mul' 'add' 'sub' 'select'> <InPorts = 0> <OutPorts = 1> <Sync> <CReg>
ST_3 : Operation 171 [1/1] (0.00ns)   --->   "%sext_ln186_25 = sext i8 %buff_B_V_load_12"   --->   Operation 171 'sext' 'sext_ln186_25' <Predicate = true> <Delay = 0.00>
ST_3 : Operation 172 [3/3] (0.99ns) (grouped into DSP with root node add_ln840_179)   --->   "%mul_ln1494_169 = mul i16 %sext_ln186_25, i16 %sext_ln186_24_cast"   --->   Operation 172 'mul' 'mul_ln1494_169' <Predicate = true> <Delay = 0.99> <CoreInst = "DSP48">   --->   Core 127 'DSP48' <Latency = 3> <II = 1> <Delay = 0.53> <IPBlock> <Opcode : 'mul' 'add' 'sub' 'select'> <InPorts = 0> <OutPorts = 1> <Sync> <CReg>
ST_3 : Operation 173 [2/3] (0.99ns) (grouped into DSP with root node add_ln840_178)   --->   "%mul_ln1494_171 = mul i16 %sext_ln186_29, i16 %sext_ln186_28_cast"   --->   Operation 173 'mul' 'mul_ln1494_171' <Predicate = true> <Delay = 0.99> <CoreInst = "DSP48">   --->   Core 127 'DSP48' <Latency = 3> <II = 1> <Delay = 0.53> <IPBlock> <Opcode : 'mul' 'add' 'sub' 'select'> <InPorts = 0> <OutPorts = 1> <Sync> <CReg>
ST_3 : Operation 174 [2/3] (0.99ns) (grouped into DSP with root node add_ln840_182)   --->   "%mul_ln1494_173 = mul i16 %sext_ln186_33, i16 %sext_ln186_32_cast"   --->   Operation 174 'mul' 'mul_ln1494_173' <Predicate = true> <Delay = 0.99> <CoreInst = "DSP48">   --->   Core 127 'DSP48' <Latency = 3> <II = 1> <Delay = 0.53> <IPBlock> <Opcode : 'mul' 'add' 'sub' 'select'> <InPorts = 0> <OutPorts = 1> <Sync> <CReg>

State 4 <SV = 3> <Delay = 2.19>
ST_4 : Operation 175 [1/1] (0.00ns)   --->   "%sext_ln186_1 = sext i8 %buff_B_V_load"   --->   Operation 175 'sext' 'sext_ln186_1' <Predicate = true> <Delay = 0.00>
ST_4 : Operation 176 [1/1] (1.55ns)   --->   "%mul_ln1494 = mul i16 %sext_ln186_1, i16 %sext_ln186_cast"   --->   Operation 176 'mul' 'mul_ln1494' <Predicate = true> <Delay = 1.55> <CoreInst = "Multiplier">   --->   Core 3 'Multiplier' <Latency = 0> <II = 1> <Delay = 1.55> <FuncUnit> <Opcode : 'mul'> <InPorts = 2> <OutPorts = 1>
ST_4 : Operation 177 [1/1] (0.00ns)   --->   "%mul_ln1494_cast = sext i16 %mul_ln1494"   --->   Operation 177 'sext' 'mul_ln1494_cast' <Predicate = true> <Delay = 0.00>
ST_4 : Operation 178 [2/3] (0.99ns) (grouped into DSP with root node add_ln840_169)   --->   "%mul_ln1494_158 = mul i16 %sext_ln186_3, i16 %sext_ln186_2_cast"   --->   Operation 178 'mul' 'mul_ln1494_158' <Predicate = true> <Delay = 0.99> <CoreInst = "DSP48">   --->   Core 127 'DSP48' <Latency = 3> <II = 1> <Delay = 0.53> <IPBlock> <Opcode : 'mul' 'add' 'sub' 'select'> <InPorts = 0> <OutPorts = 1> <Sync> <CReg>
ST_4 : Operation 179 [1/3] (0.00ns) (grouped into DSP with root node add_ln840)   --->   "%mul_ln1494_159 = mul i16 %sext_ln186_5, i16 %sext_ln186_4_cast"   --->   Operation 179 'mul' 'mul_ln1494_159' <Predicate = true> <Delay = 0.00> <CoreInst = "DSP48">   --->   Core 127 'DSP48' <Latency = 3> <II = 1> <Delay = 0.53> <IPBlock> <Opcode : 'mul' 'add' 'sub' 'select'> <InPorts = 0> <OutPorts = 1> <Sync> <CReg>
ST_4 : Operation 180 [1/1] (0.00ns) (grouped into DSP with root node add_ln840)   --->   "%sext_ln840_121 = sext i16 %mul_ln1494_159"   --->   Operation 180 'sext' 'sext_ln840_121' <Predicate = true> <Delay = 0.00>
ST_4 : Operation 181 [2/2] (0.64ns) (root node of the DSP)   --->   "%add_ln840 = add i17 %mul_ln1494_cast, i17 %sext_ln840_121"   --->   Operation 181 'add' 'add_ln840' <Predicate = true> <Delay = 0.64> <CoreInst = "DSP48">   --->   Core 127 'DSP48' <Latency = 3> <II = 1> <Delay = 0.53> <IPBlock> <Opcode : 'mul' 'add' 'sub' 'select'> <InPorts = 0> <OutPorts = 1> <Sync> <CReg>
ST_4 : Operation 182 [1/1] (0.00ns)   --->   "%sext_ln186_7 = sext i8 %buff_B_V_load_3"   --->   Operation 182 'sext' 'sext_ln186_7' <Predicate = true> <Delay = 0.00>
ST_4 : Operation 183 [3/3] (0.99ns) (grouped into DSP with root node add_ln840_170)   --->   "%mul_ln1494_160 = mul i16 %sext_ln186_7, i16 %sext_ln186_6_cast"   --->   Operation 183 'mul' 'mul_ln1494_160' <Predicate = true> <Delay = 0.99> <CoreInst = "DSP48">   --->   Core 127 'DSP48' <Latency = 3> <II = 1> <Delay = 0.53> <IPBlock> <Opcode : 'mul' 'add' 'sub' 'select'> <InPorts = 0> <OutPorts = 1> <Sync> <CReg>
ST_4 : Operation 184 [2/3] (0.99ns) (grouped into DSP with root node add_ln840_172)   --->   "%mul_ln1494_161 = mul i16 %sext_ln186_9, i16 %sext_ln186_8_cast"   --->   Operation 184 'mul' 'mul_ln1494_161' <Predicate = true> <Delay = 0.99> <CoreInst = "DSP48">   --->   Core 127 'DSP48' <Latency = 3> <II = 1> <Delay = 0.53> <IPBlock> <Opcode : 'mul' 'add' 'sub' 'select'> <InPorts = 0> <OutPorts = 1> <Sync> <CReg>
ST_4 : Operation 185 [1/1] (0.00ns)   --->   "%sext_ln186_11 = sext i8 %buff_B_V_load_5"   --->   Operation 185 'sext' 'sext_ln186_11' <Predicate = true> <Delay = 0.00>
ST_4 : Operation 186 [1/1] (1.55ns)   --->   "%mul_ln1494_162 = mul i16 %sext_ln186_11, i16 %sext_ln186_10_cast"   --->   Operation 186 'mul' 'mul_ln1494_162' <Predicate = true> <Delay = 1.55> <CoreInst = "Multiplier">   --->   Core 3 'Multiplier' <Latency = 0> <II = 1> <Delay = 1.55> <FuncUnit> <Opcode : 'mul'> <InPorts = 2> <OutPorts = 1>
ST_4 : Operation 187 [1/1] (0.00ns)   --->   "%sext_ln186_35 = sext i16 %mul_ln1494_162"   --->   Operation 187 'sext' 'sext_ln186_35' <Predicate = true> <Delay = 0.00>
ST_4 : Operation 188 [1/3] (0.00ns) (grouped into DSP with root node add_ln840_171)   --->   "%mul_ln1494_163 = mul i16 %sext_ln186_13, i16 %sext_ln186_12_cast"   --->   Operation 188 'mul' 'mul_ln1494_163' <Predicate = true> <Delay = 0.00> <CoreInst = "DSP48">   --->   Core 127 'DSP48' <Latency = 3> <II = 1> <Delay = 0.53> <IPBlock> <Opcode : 'mul' 'add' 'sub' 'select'> <InPorts = 0> <OutPorts = 1> <Sync> <CReg>
ST_4 : Operation 189 [1/1] (0.00ns) (grouped into DSP with root node add_ln840_171)   --->   "%sext_ln840_123 = sext i16 %mul_ln1494_163"   --->   Operation 189 'sext' 'sext_ln840_123' <Predicate = true> <Delay = 0.00>
ST_4 : Operation 190 [2/2] (0.64ns) (root node of the DSP)   --->   "%add_ln840_171 = add i17 %sext_ln186_35, i17 %sext_ln840_123"   --->   Operation 190 'add' 'add_ln840_171' <Predicate = true> <Delay = 0.64> <CoreInst = "DSP48">   --->   Core 127 'DSP48' <Latency = 3> <II = 1> <Delay = 0.53> <IPBlock> <Opcode : 'mul' 'add' 'sub' 'select'> <InPorts = 0> <OutPorts = 1> <Sync> <CReg>
ST_4 : Operation 191 [1/1] (0.00ns)   --->   "%sext_ln186_17 = sext i8 %buff_B_V_load_8"   --->   Operation 191 'sext' 'sext_ln186_17' <Predicate = true> <Delay = 0.00>
ST_4 : Operation 192 [1/1] (1.55ns)   --->   "%mul_ln1494_165 = mul i16 %sext_ln186_17, i16 %sext_ln186_16_cast"   --->   Operation 192 'mul' 'mul_ln1494_165' <Predicate = true> <Delay = 1.55> <CoreInst = "Multiplier">   --->   Core 3 'Multiplier' <Latency = 0> <II = 1> <Delay = 1.55> <FuncUnit> <Opcode : 'mul'> <InPorts = 2> <OutPorts = 1>
ST_4 : Operation 193 [1/1] (0.00ns)   --->   "%sext_ln186_36 = sext i16 %mul_ln1494_165"   --->   Operation 193 'sext' 'sext_ln186_36' <Predicate = true> <Delay = 0.00>
ST_4 : Operation 194 [1/3] (0.00ns) (grouped into DSP with root node add_ln840_175)   --->   "%mul_ln1494_166 = mul i16 %sext_ln186_19, i16 %sext_ln186_18_cast"   --->   Operation 194 'mul' 'mul_ln1494_166' <Predicate = true> <Delay = 0.00> <CoreInst = "DSP48">   --->   Core 127 'DSP48' <Latency = 3> <II = 1> <Delay = 0.53> <IPBlock> <Opcode : 'mul' 'add' 'sub' 'select'> <InPorts = 0> <OutPorts = 1> <Sync> <CReg>
ST_4 : Operation 195 [1/1] (0.00ns) (grouped into DSP with root node add_ln840_175)   --->   "%sext_ln186_37 = sext i16 %mul_ln1494_166"   --->   Operation 195 'sext' 'sext_ln186_37' <Predicate = true> <Delay = 0.00>
ST_4 : Operation 196 [1/1] (0.00ns)   --->   "%sext_ln186_21 = sext i8 %buff_B_V_load_10"   --->   Operation 196 'sext' 'sext_ln186_21' <Predicate = true> <Delay = 0.00>
ST_4 : Operation 197 [1/1] (1.55ns)   --->   "%mul_ln1494_167 = mul i16 %sext_ln186_21, i16 %sext_ln186_20_cast"   --->   Operation 197 'mul' 'mul_ln1494_167' <Predicate = true> <Delay = 1.55> <CoreInst = "Multiplier">   --->   Core 3 'Multiplier' <Latency = 0> <II = 1> <Delay = 1.55> <FuncUnit> <Opcode : 'mul'> <InPorts = 2> <OutPorts = 1>
ST_4 : Operation 198 [1/1] (0.00ns)   --->   "%sext_ln186_38 = sext i16 %mul_ln1494_167"   --->   Operation 198 'sext' 'sext_ln186_38' <Predicate = true> <Delay = 0.00>
ST_4 : Operation 199 [1/3] (0.00ns) (grouped into DSP with root node add_ln840_177)   --->   "%mul_ln1494_168 = mul i16 %sext_ln186_23, i16 %sext_ln186_22_cast"   --->   Operation 199 'mul' 'mul_ln1494_168' <Predicate = true> <Delay = 0.00> <CoreInst = "DSP48">   --->   Core 127 'DSP48' <Latency = 3> <II = 1> <Delay = 0.53> <IPBlock> <Opcode : 'mul' 'add' 'sub' 'select'> <InPorts = 0> <OutPorts = 1> <Sync> <CReg>
ST_4 : Operation 200 [1/1] (0.00ns) (grouped into DSP with root node add_ln840_177)   --->   "%sext_ln186_39 = sext i16 %mul_ln1494_168"   --->   Operation 200 'sext' 'sext_ln186_39' <Predicate = true> <Delay = 0.00>
ST_4 : Operation 201 [2/3] (0.99ns) (grouped into DSP with root node add_ln840_179)   --->   "%mul_ln1494_169 = mul i16 %sext_ln186_25, i16 %sext_ln186_24_cast"   --->   Operation 201 'mul' 'mul_ln1494_169' <Predicate = true> <Delay = 0.99> <CoreInst = "DSP48">   --->   Core 127 'DSP48' <Latency = 3> <II = 1> <Delay = 0.53> <IPBlock> <Opcode : 'mul' 'add' 'sub' 'select'> <InPorts = 0> <OutPorts = 1> <Sync> <CReg>
ST_4 : Operation 202 [1/1] (0.00ns)   --->   "%sext_ln186_27 = sext i8 %buff_B_V_load_13"   --->   Operation 202 'sext' 'sext_ln186_27' <Predicate = true> <Delay = 0.00>
ST_4 : Operation 203 [1/1] (1.55ns)   --->   "%mul_ln1494_170 = mul i16 %sext_ln186_27, i16 %sext_ln186_26_cast"   --->   Operation 203 'mul' 'mul_ln1494_170' <Predicate = true> <Delay = 1.55> <CoreInst = "Multiplier">   --->   Core 3 'Multiplier' <Latency = 0> <II = 1> <Delay = 1.55> <FuncUnit> <Opcode : 'mul'> <InPorts = 2> <OutPorts = 1>
ST_4 : Operation 204 [1/1] (0.00ns)   --->   "%sext_ln186_41 = sext i16 %mul_ln1494_170"   --->   Operation 204 'sext' 'sext_ln186_41' <Predicate = true> <Delay = 0.00>
ST_4 : Operation 205 [1/3] (0.00ns) (grouped into DSP with root node add_ln840_178)   --->   "%mul_ln1494_171 = mul i16 %sext_ln186_29, i16 %sext_ln186_28_cast"   --->   Operation 205 'mul' 'mul_ln1494_171' <Predicate = true> <Delay = 0.00> <CoreInst = "DSP48">   --->   Core 127 'DSP48' <Latency = 3> <II = 1> <Delay = 0.53> <IPBlock> <Opcode : 'mul' 'add' 'sub' 'select'> <InPorts = 0> <OutPorts = 1> <Sync> <CReg>
ST_4 : Operation 206 [1/1] (0.00ns) (grouped into DSP with root node add_ln840_178)   --->   "%sext_ln840_126 = sext i16 %mul_ln1494_171"   --->   Operation 206 'sext' 'sext_ln840_126' <Predicate = true> <Delay = 0.00>
ST_4 : Operation 207 [2/2] (0.64ns) (root node of the DSP)   --->   "%add_ln840_175 = add i17 %sext_ln186_36, i17 %sext_ln186_37"   --->   Operation 207 'add' 'add_ln840_175' <Predicate = true> <Delay = 0.64> <CoreInst = "DSP48">   --->   Core 127 'DSP48' <Latency = 3> <II = 1> <Delay = 0.53> <IPBlock> <Opcode : 'mul' 'add' 'sub' 'select'> <InPorts = 0> <OutPorts = 1> <Sync> <CReg>
ST_4 : Operation 208 [2/2] (0.64ns) (root node of the DSP)   --->   "%add_ln840_177 = add i17 %sext_ln186_38, i17 %sext_ln186_39"   --->   Operation 208 'add' 'add_ln840_177' <Predicate = true> <Delay = 0.64> <CoreInst = "DSP48">   --->   Core 127 'DSP48' <Latency = 3> <II = 1> <Delay = 0.53> <IPBlock> <Opcode : 'mul' 'add' 'sub' 'select'> <InPorts = 0> <OutPorts = 1> <Sync> <CReg>
ST_4 : Operation 209 [2/2] (0.64ns) (root node of the DSP)   --->   "%add_ln840_178 = add i17 %sext_ln186_41, i17 %sext_ln840_126"   --->   Operation 209 'add' 'add_ln840_178' <Predicate = true> <Delay = 0.64> <CoreInst = "DSP48">   --->   Core 127 'DSP48' <Latency = 3> <II = 1> <Delay = 0.53> <IPBlock> <Opcode : 'mul' 'add' 'sub' 'select'> <InPorts = 0> <OutPorts = 1> <Sync> <CReg>
ST_4 : Operation 210 [1/1] (0.00ns)   --->   "%sext_ln186_31 = sext i8 %buff_B_V_load_15"   --->   Operation 210 'sext' 'sext_ln186_31' <Predicate = true> <Delay = 0.00>
ST_4 : Operation 211 [1/1] (1.55ns)   --->   "%mul_ln1494_172 = mul i16 %sext_ln186_31, i16 %sext_ln186_30_cast"   --->   Operation 211 'mul' 'mul_ln1494_172' <Predicate = true> <Delay = 1.55> <CoreInst = "Multiplier">   --->   Core 3 'Multiplier' <Latency = 0> <II = 1> <Delay = 1.55> <FuncUnit> <Opcode : 'mul'> <InPorts = 2> <OutPorts = 1>
ST_4 : Operation 212 [1/1] (0.00ns)   --->   "%sext_ln186_42 = sext i16 %mul_ln1494_172"   --->   Operation 212 'sext' 'sext_ln186_42' <Predicate = true> <Delay = 0.00>
ST_4 : Operation 213 [1/3] (0.00ns) (grouped into DSP with root node add_ln840_182)   --->   "%mul_ln1494_173 = mul i16 %sext_ln186_33, i16 %sext_ln186_32_cast"   --->   Operation 213 'mul' 'mul_ln1494_173' <Predicate = true> <Delay = 0.00> <CoreInst = "DSP48">   --->   Core 127 'DSP48' <Latency = 3> <II = 1> <Delay = 0.53> <IPBlock> <Opcode : 'mul' 'add' 'sub' 'select'> <InPorts = 0> <OutPorts = 1> <Sync> <CReg>
ST_4 : Operation 214 [1/1] (0.00ns) (grouped into DSP with root node add_ln840_182)   --->   "%sext_ln840_131 = sext i16 %mul_ln1494_173"   --->   Operation 214 'sext' 'sext_ln840_131' <Predicate = true> <Delay = 0.00>
ST_4 : Operation 215 [2/2] (0.64ns) (root node of the DSP)   --->   "%add_ln840_182 = add i17 %sext_ln186_42, i17 %sext_ln840_131"   --->   Operation 215 'add' 'add_ln840_182' <Predicate = true> <Delay = 0.64> <CoreInst = "DSP48">   --->   Core 127 'DSP48' <Latency = 3> <II = 1> <Delay = 0.53> <IPBlock> <Opcode : 'mul' 'add' 'sub' 'select'> <InPorts = 0> <OutPorts = 1> <Sync> <CReg>

State 5 <SV = 4> <Delay = 1.29>
ST_5 : Operation 216 [1/3] (0.00ns) (grouped into DSP with root node add_ln840_169)   --->   "%mul_ln1494_158 = mul i16 %sext_ln186_3, i16 %sext_ln186_2_cast"   --->   Operation 216 'mul' 'mul_ln1494_158' <Predicate = true> <Delay = 0.00> <CoreInst = "DSP48">   --->   Core 127 'DSP48' <Latency = 3> <II = 1> <Delay = 0.53> <IPBlock> <Opcode : 'mul' 'add' 'sub' 'select'> <InPorts = 0> <OutPorts = 1> <Sync> <CReg>
ST_5 : Operation 217 [1/1] (0.00ns) (grouped into DSP with root node add_ln840_169)   --->   "%sext_ln840 = sext i16 %mul_ln1494_158"   --->   Operation 217 'sext' 'sext_ln840' <Predicate = true> <Delay = 0.00>
ST_5 : Operation 218 [1/2] (0.64ns) (root node of the DSP)   --->   "%add_ln840 = add i17 %mul_ln1494_cast, i17 %sext_ln840_121"   --->   Operation 218 'add' 'add_ln840' <Predicate = true> <Delay = 0.64> <CoreInst = "DSP48">   --->   Core 127 'DSP48' <Latency = 3> <II = 1> <Delay = 0.53> <IPBlock> <Opcode : 'mul' 'add' 'sub' 'select'> <InPorts = 0> <OutPorts = 1> <Sync> <CReg>
ST_5 : Operation 219 [2/2] (0.64ns) (root node of the DSP)   --->   "%add_ln840_169 = add i17 %add_ln840, i17 %sext_ln840"   --->   Operation 219 'add' 'add_ln840_169' <Predicate = true> <Delay = 0.64> <CoreInst = "DSP48">   --->   Core 127 'DSP48' <Latency = 3> <II = 1> <Delay = 0.53> <IPBlock> <Opcode : 'mul' 'add' 'sub' 'select'> <InPorts = 0> <OutPorts = 1> <Sync> <CReg>
ST_5 : Operation 220 [2/3] (0.99ns) (grouped into DSP with root node add_ln840_170)   --->   "%mul_ln1494_160 = mul i16 %sext_ln186_7, i16 %sext_ln186_6_cast"   --->   Operation 220 'mul' 'mul_ln1494_160' <Predicate = true> <Delay = 0.99> <CoreInst = "DSP48">   --->   Core 127 'DSP48' <Latency = 3> <II = 1> <Delay = 0.53> <IPBlock> <Opcode : 'mul' 'add' 'sub' 'select'> <InPorts = 0> <OutPorts = 1> <Sync> <CReg>
ST_5 : Operation 221 [1/3] (0.00ns) (grouped into DSP with root node add_ln840_172)   --->   "%mul_ln1494_161 = mul i16 %sext_ln186_9, i16 %sext_ln186_8_cast"   --->   Operation 221 'mul' 'mul_ln1494_161' <Predicate = true> <Delay = 0.00> <CoreInst = "DSP48">   --->   Core 127 'DSP48' <Latency = 3> <II = 1> <Delay = 0.53> <IPBlock> <Opcode : 'mul' 'add' 'sub' 'select'> <InPorts = 0> <OutPorts = 1> <Sync> <CReg>
ST_5 : Operation 222 [1/1] (0.00ns) (grouped into DSP with root node add_ln840_172)   --->   "%sext_ln186_34 = sext i16 %mul_ln1494_161"   --->   Operation 222 'sext' 'sext_ln186_34' <Predicate = true> <Delay = 0.00>
ST_5 : Operation 223 [1/2] (0.64ns) (root node of the DSP)   --->   "%add_ln840_171 = add i17 %sext_ln186_35, i17 %sext_ln840_123"   --->   Operation 223 'add' 'add_ln840_171' <Predicate = true> <Delay = 0.64> <CoreInst = "DSP48">   --->   Core 127 'DSP48' <Latency = 3> <II = 1> <Delay = 0.53> <IPBlock> <Opcode : 'mul' 'add' 'sub' 'select'> <InPorts = 0> <OutPorts = 1> <Sync> <CReg>
ST_5 : Operation 224 [2/2] (0.64ns) (root node of the DSP)   --->   "%add_ln840_172 = add i17 %add_ln840_171, i17 %sext_ln186_34"   --->   Operation 224 'add' 'add_ln840_172' <Predicate = true> <Delay = 0.64> <CoreInst = "DSP48">   --->   Core 127 'DSP48' <Latency = 3> <II = 1> <Delay = 0.53> <IPBlock> <Opcode : 'mul' 'add' 'sub' 'select'> <InPorts = 0> <OutPorts = 1> <Sync> <CReg>
ST_5 : Operation 225 [1/1] (0.00ns)   --->   "%sext_ln186_15 = sext i8 %buff_B_V_load_7"   --->   Operation 225 'sext' 'sext_ln186_15' <Predicate = true> <Delay = 0.00>
ST_5 : Operation 226 [3/3] (0.99ns) (grouped into DSP with root node add_ln840_174)   --->   "%mul_ln1494_164 = mul i16 %sext_ln186_15, i16 %sext_ln186_14_cast"   --->   Operation 226 'mul' 'mul_ln1494_164' <Predicate = true> <Delay = 0.99> <CoreInst = "DSP48">   --->   Core 127 'DSP48' <Latency = 3> <II = 1> <Delay = 0.53> <IPBlock> <Opcode : 'mul' 'add' 'sub' 'select'> <InPorts = 0> <OutPorts = 1> <Sync> <CReg>
ST_5 : Operation 227 [1/3] (0.00ns) (grouped into DSP with root node add_ln840_179)   --->   "%mul_ln1494_169 = mul i16 %sext_ln186_25, i16 %sext_ln186_24_cast"   --->   Operation 227 'mul' 'mul_ln1494_169' <Predicate = true> <Delay = 0.00> <CoreInst = "DSP48">   --->   Core 127 'DSP48' <Latency = 3> <II = 1> <Delay = 0.53> <IPBlock> <Opcode : 'mul' 'add' 'sub' 'select'> <InPorts = 0> <OutPorts = 1> <Sync> <CReg>
ST_5 : Operation 228 [1/1] (0.00ns) (grouped into DSP with root node add_ln840_179)   --->   "%sext_ln186_40 = sext i16 %mul_ln1494_169"   --->   Operation 228 'sext' 'sext_ln186_40' <Predicate = true> <Delay = 0.00>
ST_5 : Operation 229 [1/2] (0.64ns) (root node of the DSP)   --->   "%add_ln840_175 = add i17 %sext_ln186_36, i17 %sext_ln186_37"   --->   Operation 229 'add' 'add_ln840_175' <Predicate = true> <Delay = 0.64> <CoreInst = "DSP48">   --->   Core 127 'DSP48' <Latency = 3> <II = 1> <Delay = 0.53> <IPBlock> <Opcode : 'mul' 'add' 'sub' 'select'> <InPorts = 0> <OutPorts = 1> <Sync> <CReg>
ST_5 : Operation 230 [1/2] (0.64ns) (root node of the DSP)   --->   "%add_ln840_177 = add i17 %sext_ln186_38, i17 %sext_ln186_39"   --->   Operation 230 'add' 'add_ln840_177' <Predicate = true> <Delay = 0.64> <CoreInst = "DSP48">   --->   Core 127 'DSP48' <Latency = 3> <II = 1> <Delay = 0.53> <IPBlock> <Opcode : 'mul' 'add' 'sub' 'select'> <InPorts = 0> <OutPorts = 1> <Sync> <CReg>
ST_5 : Operation 231 [1/2] (0.64ns) (root node of the DSP)   --->   "%add_ln840_178 = add i17 %sext_ln186_41, i17 %sext_ln840_126"   --->   Operation 231 'add' 'add_ln840_178' <Predicate = true> <Delay = 0.64> <CoreInst = "DSP48">   --->   Core 127 'DSP48' <Latency = 3> <II = 1> <Delay = 0.53> <IPBlock> <Opcode : 'mul' 'add' 'sub' 'select'> <InPorts = 0> <OutPorts = 1> <Sync> <CReg>
ST_5 : Operation 232 [2/2] (0.64ns) (root node of the DSP)   --->   "%add_ln840_179 = add i17 %add_ln840_178, i17 %sext_ln186_40"   --->   Operation 232 'add' 'add_ln840_179' <Predicate = true> <Delay = 0.64> <CoreInst = "DSP48">   --->   Core 127 'DSP48' <Latency = 3> <II = 1> <Delay = 0.53> <IPBlock> <Opcode : 'mul' 'add' 'sub' 'select'> <InPorts = 0> <OutPorts = 1> <Sync> <CReg>
ST_5 : Operation 233 [1/2] (0.64ns) (root node of the DSP)   --->   "%add_ln840_182 = add i17 %sext_ln186_42, i17 %sext_ln840_131"   --->   Operation 233 'add' 'add_ln840_182' <Predicate = true> <Delay = 0.64> <CoreInst = "DSP48">   --->   Core 127 'DSP48' <Latency = 3> <II = 1> <Delay = 0.53> <IPBlock> <Opcode : 'mul' 'add' 'sub' 'select'> <InPorts = 0> <OutPorts = 1> <Sync> <CReg>

State 6 <SV = 5> <Delay = 1.43>
ST_6 : Operation 234 [1/2] (0.64ns) (root node of the DSP)   --->   "%add_ln840_169 = add i17 %add_ln840, i17 %sext_ln840"   --->   Operation 234 'add' 'add_ln840_169' <Predicate = true> <Delay = 0.64> <CoreInst = "DSP48">   --->   Core 127 'DSP48' <Latency = 3> <II = 1> <Delay = 0.53> <IPBlock> <Opcode : 'mul' 'add' 'sub' 'select'> <InPorts = 0> <OutPorts = 1> <Sync> <CReg>
ST_6 : Operation 235 [1/1] (0.00ns)   --->   "%add_ln840_200_cast = sext i17 %add_ln840_169"   --->   Operation 235 'sext' 'add_ln840_200_cast' <Predicate = true> <Delay = 0.00>
ST_6 : Operation 236 [1/3] (0.00ns) (grouped into DSP with root node add_ln840_170)   --->   "%mul_ln1494_160 = mul i16 %sext_ln186_7, i16 %sext_ln186_6_cast"   --->   Operation 236 'mul' 'mul_ln1494_160' <Predicate = true> <Delay = 0.00> <CoreInst = "DSP48">   --->   Core 127 'DSP48' <Latency = 3> <II = 1> <Delay = 0.53> <IPBlock> <Opcode : 'mul' 'add' 'sub' 'select'> <InPorts = 0> <OutPorts = 1> <Sync> <CReg>
ST_6 : Operation 237 [1/1] (0.00ns) (grouped into DSP with root node add_ln840_170)   --->   "%sext_ln840_122 = sext i16 %mul_ln1494_160"   --->   Operation 237 'sext' 'sext_ln840_122' <Predicate = true> <Delay = 0.00>
ST_6 : Operation 238 [2/2] (0.64ns) (root node of the DSP)   --->   "%add_ln840_170 = add i18 %add_ln840_200_cast, i18 %sext_ln840_122"   --->   Operation 238 'add' 'add_ln840_170' <Predicate = true> <Delay = 0.64> <CoreInst = "DSP48">   --->   Core 127 'DSP48' <Latency = 3> <II = 1> <Delay = 0.53> <IPBlock> <Opcode : 'mul' 'add' 'sub' 'select'> <InPorts = 0> <OutPorts = 1> <Sync> <CReg>
ST_6 : Operation 239 [1/2] (0.64ns) (root node of the DSP)   --->   "%add_ln840_172 = add i17 %add_ln840_171, i17 %sext_ln186_34"   --->   Operation 239 'add' 'add_ln840_172' <Predicate = true> <Delay = 0.64> <CoreInst = "DSP48">   --->   Core 127 'DSP48' <Latency = 3> <II = 1> <Delay = 0.53> <IPBlock> <Opcode : 'mul' 'add' 'sub' 'select'> <InPorts = 0> <OutPorts = 1> <Sync> <CReg>
ST_6 : Operation 240 [2/3] (0.99ns) (grouped into DSP with root node add_ln840_174)   --->   "%mul_ln1494_164 = mul i16 %sext_ln186_15, i16 %sext_ln186_14_cast"   --->   Operation 240 'mul' 'mul_ln1494_164' <Predicate = true> <Delay = 0.99> <CoreInst = "DSP48">   --->   Core 127 'DSP48' <Latency = 3> <II = 1> <Delay = 0.53> <IPBlock> <Opcode : 'mul' 'add' 'sub' 'select'> <InPorts = 0> <OutPorts = 1> <Sync> <CReg>
ST_6 : Operation 241 [1/1] (0.00ns)   --->   "%sext_ln840_128 = sext i17 %add_ln840_177"   --->   Operation 241 'sext' 'sext_ln840_128' <Predicate = true> <Delay = 0.00>
ST_6 : Operation 242 [1/2] (0.64ns) (root node of the DSP)   --->   "%add_ln840_179 = add i17 %add_ln840_178, i17 %sext_ln186_40"   --->   Operation 242 'add' 'add_ln840_179' <Predicate = true> <Delay = 0.64> <CoreInst = "DSP48">   --->   Core 127 'DSP48' <Latency = 3> <II = 1> <Delay = 0.53> <IPBlock> <Opcode : 'mul' 'add' 'sub' 'select'> <InPorts = 0> <OutPorts = 1> <Sync> <CReg>
ST_6 : Operation 243 [1/1] (0.00ns)   --->   "%sext_ln840_129 = sext i17 %add_ln840_179"   --->   Operation 243 'sext' 'sext_ln840_129' <Predicate = true> <Delay = 0.00>
ST_6 : Operation 244 [1/1] (0.79ns)   --->   "%add_ln840_180 = add i18 %sext_ln840_129, i18 %sext_ln840_128"   --->   Operation 244 'add' 'add_ln840_180' <Predicate = true> <Delay = 0.79> <CoreInst = "Adder">   --->   Core 1 'Adder' <Latency = 0> <II = 1> <Delay = 0.79> <FuncUnit> <Opcode : 'add' 'sub'> <InPorts = 2> <OutPorts = 1>

State 7 <SV = 6> <Delay = 2.08>
ST_7 : Operation 245 [1/2] (0.64ns) (root node of the DSP)   --->   "%add_ln840_170 = add i18 %add_ln840_200_cast, i18 %sext_ln840_122"   --->   Operation 245 'add' 'add_ln840_170' <Predicate = true> <Delay = 0.64> <CoreInst = "DSP48">   --->   Core 127 'DSP48' <Latency = 3> <II = 1> <Delay = 0.53> <IPBlock> <Opcode : 'mul' 'add' 'sub' 'select'> <InPorts = 0> <OutPorts = 1> <Sync> <CReg>
ST_7 : Operation 246 [1/1] (0.00ns)   --->   "%sext_ln840_124 = sext i17 %add_ln840_172"   --->   Operation 246 'sext' 'sext_ln840_124' <Predicate = true> <Delay = 0.00>
ST_7 : Operation 247 [1/1] (0.79ns)   --->   "%add_ln840_173 = add i18 %sext_ln840_124, i18 %add_ln840_170"   --->   Operation 247 'add' 'add_ln840_173' <Predicate = true> <Delay = 0.79> <CoreInst = "Adder">   --->   Core 1 'Adder' <Latency = 0> <II = 1> <Delay = 0.79> <FuncUnit> <Opcode : 'add' 'sub'> <InPorts = 2> <OutPorts = 1>
ST_7 : Operation 248 [1/1] (0.00ns)   --->   "%add_ln840_204_cast = sext i18 %add_ln840_173"   --->   Operation 248 'sext' 'add_ln840_204_cast' <Predicate = true> <Delay = 0.00>
ST_7 : Operation 249 [1/3] (0.00ns) (grouped into DSP with root node add_ln840_174)   --->   "%mul_ln1494_164 = mul i16 %sext_ln186_15, i16 %sext_ln186_14_cast"   --->   Operation 249 'mul' 'mul_ln1494_164' <Predicate = true> <Delay = 0.00> <CoreInst = "DSP48">   --->   Core 127 'DSP48' <Latency = 3> <II = 1> <Delay = 0.53> <IPBlock> <Opcode : 'mul' 'add' 'sub' 'select'> <InPorts = 0> <OutPorts = 1> <Sync> <CReg>
ST_7 : Operation 250 [1/1] (0.00ns) (grouped into DSP with root node add_ln840_174)   --->   "%sext_ln840_125 = sext i16 %mul_ln1494_164"   --->   Operation 250 'sext' 'sext_ln840_125' <Predicate = true> <Delay = 0.00>
ST_7 : Operation 251 [2/2] (0.64ns) (root node of the DSP)   --->   "%add_ln840_174 = add i19 %add_ln840_204_cast, i19 %sext_ln840_125"   --->   Operation 251 'add' 'add_ln840_174' <Predicate = true> <Delay = 0.64> <CoreInst = "DSP48">   --->   Core 127 'DSP48' <Latency = 3> <II = 1> <Delay = 0.53> <IPBlock> <Opcode : 'mul' 'add' 'sub' 'select'> <InPorts = 0> <OutPorts = 1> <Sync> <CReg>

State 8 <SV = 7> <Delay = 4.72>
ST_8 : Operation 252 [1/2] (0.64ns) (root node of the DSP)   --->   "%add_ln840_174 = add i19 %add_ln840_204_cast, i19 %sext_ln840_125"   --->   Operation 252 'add' 'add_ln840_174' <Predicate = true> <Delay = 0.64> <CoreInst = "DSP48">   --->   Core 127 'DSP48' <Latency = 3> <II = 1> <Delay = 0.53> <IPBlock> <Opcode : 'mul' 'add' 'sub' 'select'> <InPorts = 0> <OutPorts = 1> <Sync> <CReg>
ST_8 : Operation 253 [1/1] (0.00ns)   --->   "%sext_ln840_127 = sext i17 %add_ln840_175"   --->   Operation 253 'sext' 'sext_ln840_127' <Predicate = true> <Delay = 0.00>
ST_8 : Operation 254 [1/1] (0.00ns) (grouped into TernaryAdder)   --->   "%add_ln840_176 = add i19 %sext_ln840_127, i19 %add_ln840_174"   --->   Operation 254 'add' 'add_ln840_176' <Predicate = true> <Delay = 0.00> <CoreInst = "TAddSub">   --->   Core 10 'TAddSub' <Latency = 0> <II = 1> <Delay = 0.34> <IPBlock> <Opcode : 'add' 'sub'> <InPorts = 3> <OutPorts = 1> <Sync> <CReg>
ST_8 : Operation 255 [1/1] (0.00ns)   --->   "%sext_ln840_130 = sext i18 %add_ln840_180"   --->   Operation 255 'sext' 'sext_ln840_130' <Predicate = true> <Delay = 0.00>
ST_8 : Operation 256 [1/1] (0.68ns) (root node of TernaryAdder)   --->   "%add_ln840_181 = add i19 %sext_ln840_130, i19 %add_ln840_176"   --->   Operation 256 'add' 'add_ln840_181' <Predicate = true> <Delay = 0.68> <CoreInst = "TAddSub">   --->   Core 10 'TAddSub' <Latency = 0> <II = 1> <Delay = 0.34> <IPBlock> <Opcode : 'add' 'sub'> <InPorts = 3> <OutPorts = 1> <Sync> <CReg>
ST_8 : Operation 257 [1/1] (0.00ns)   --->   "%add_ln840_212_cast = sext i19 %add_ln840_181"   --->   Operation 257 'sext' 'add_ln840_212_cast' <Predicate = true> <Delay = 0.00>
ST_8 : Operation 258 [1/1] (0.00ns)   --->   "%sext_ln840_132 = sext i17 %add_ln840_182"   --->   Operation 258 'sext' 'sext_ln840_132' <Predicate = true> <Delay = 0.00>
ST_8 : Operation 259 [1/1] (2.39ns) (grouped into DSP with root node prod)   --->   "%add_ln840_183 = add i20 %sext_ln840_132, i20 %add_ln840_212_cast"   --->   Operation 259 'add' 'add_ln840_183' <Predicate = true> <Delay = 2.39> <CoreInst = "DSP48">   --->   Core 127 'DSP48' <Latency = 3> <II = 1> <Delay = 0.53> <IPBlock> <Opcode : 'mul' 'add' 'sub' 'select'> <InPorts = 0> <OutPorts = 1> <Sync> <CReg>
ST_8 : Operation 260 [1/1] (0.00ns) (grouped into DSP with root node prod)   --->   "%sext_ln1408 = sext i20 %add_ln840_183" [/home/fede/PhD/transformer-hls/hls/include/linear.h:1408]   --->   Operation 260 'sext' 'sext_ln1408' <Predicate = true> <Delay = 0.00>
ST_8 : Operation 261 [4/4] (0.99ns) (root node of the DSP)   --->   "%prod = mul i30 %sext_ln1408, i30 382" [/home/fede/PhD/transformer-hls/hls/include/linear.h:1408]   --->   Operation 261 'mul' 'prod' <Predicate = true> <Delay = 0.99> <CoreInst = "DSP48">   --->   Core 127 'DSP48' <Latency = 3> <II = 1> <Delay = 0.53> <IPBlock> <Opcode : 'mul' 'add' 'sub' 'select'> <InPorts = 0> <OutPorts = 1> <Sync> <CReg>

State 9 <SV = 8> <Delay = 0.99>
ST_9 : Operation 262 [3/4] (0.99ns) (root node of the DSP)   --->   "%prod = mul i30 %sext_ln1408, i30 382" [/home/fede/PhD/transformer-hls/hls/include/linear.h:1408]   --->   Operation 262 'mul' 'prod' <Predicate = true> <Delay = 0.99> <CoreInst = "DSP48">   --->   Core 127 'DSP48' <Latency = 3> <II = 1> <Delay = 0.53> <IPBlock> <Opcode : 'mul' 'add' 'sub' 'select'> <InPorts = 0> <OutPorts = 1> <Sync> <CReg>

State 10 <SV = 9> <Delay = 0.99>
ST_10 : Operation 263 [2/4] (0.99ns) (root node of the DSP)   --->   "%prod = mul i30 %sext_ln1408, i30 382" [/home/fede/PhD/transformer-hls/hls/include/linear.h:1408]   --->   Operation 263 'mul' 'prod' <Predicate = true> <Delay = 0.99> <CoreInst = "DSP48">   --->   Core 127 'DSP48' <Latency = 3> <II = 1> <Delay = 0.53> <IPBlock> <Opcode : 'mul' 'add' 'sub' 'select'> <InPorts = 0> <OutPorts = 1> <Sync> <CReg>
ST_10 : Operation 285 [1/1] (0.00ns)   --->   "%ret_ln0 = ret"   --->   Operation 285 'ret' 'ret_ln0' <Predicate = (icmp_ln1831)> <Delay = 0.00>

State 11 <SV = 10> <Delay = 4.18>
ST_11 : Operation 264 [1/1] (0.00ns)   --->   "%specloopname_ln1831 = specloopname void @_ssdm_op_SpecLoopName, void @empty_7" [/home/fede/PhD/transformer-hls/hls/include/linear.h:1831]   --->   Operation 264 'specloopname' 'specloopname_ln1831' <Predicate = true> <Delay = 0.00>
ST_11 : Operation 265 [1/4] (0.00ns) (root node of the DSP)   --->   "%prod = mul i30 %sext_ln1408, i30 382" [/home/fede/PhD/transformer-hls/hls/include/linear.h:1408]   --->   Operation 265 'mul' 'prod' <Predicate = true> <Delay = 0.00> <CoreInst = "DSP48">   --->   Core 127 'DSP48' <Latency = 3> <II = 1> <Delay = 0.53> <IPBlock> <Opcode : 'mul' 'add' 'sub' 'select'> <InPorts = 0> <OutPorts = 1> <Sync> <CReg>
ST_11 : Operation 266 [1/1] (0.00ns)   --->   "%tmp = bitselect i1 @_ssdm_op_BitSelect.i1.i30.i32, i30 %prod, i32 29"   --->   Operation 266 'bitselect' 'tmp' <Predicate = true> <Delay = 0.00>
ST_11 : Operation 267 [1/1] (0.00ns)   --->   "%trunc_ln1417 = trunc i30 %prod" [/home/fede/PhD/transformer-hls/hls/include/linear.h:1417]   --->   Operation 267 'trunc' 'trunc_ln1417' <Predicate = true> <Delay = 0.00>
ST_11 : Operation 268 [1/1] (0.85ns)   --->   "%ret_V = add i27 %trunc_ln1417, i27 32768"   --->   Operation 268 'add' 'ret_V' <Predicate = true> <Delay = 0.85> <CoreInst = "Adder">   --->   Core 1 'Adder' <Latency = 0> <II = 1> <Delay = 0.85> <FuncUnit> <Opcode : 'add' 'sub'> <InPorts = 2> <OutPorts = 1>
ST_11 : Operation 269 [1/1] (0.00ns)   --->   "%trunc_ln = partselect i11 @_ssdm_op_PartSelect.i11.i27.i32.i32, i27 %ret_V, i32 16, i32 26" [/home/fede/PhD/transformer-hls/hls/include/linear.h:1409]   --->   Operation 269 'partselect' 'trunc_ln' <Predicate = true> <Delay = 0.00>
ST_11 : Operation 270 [1/1] (0.00ns)   --->   "%zext_ln1409 = zext i11 %trunc_ln" [/home/fede/PhD/transformer-hls/hls/include/linear.h:1409]   --->   Operation 270 'zext' 'zext_ln1409' <Predicate = true> <Delay = 0.00>
ST_11 : Operation 271 [1/1] (0.85ns)   --->   "%ret_V_14 = sub i27 32768, i27 %trunc_ln1417"   --->   Operation 271 'sub' 'ret_V_14' <Predicate = true> <Delay = 0.85> <CoreInst = "Adder">   --->   Core 1 'Adder' <Latency = 0> <II = 1> <Delay = 0.85> <FuncUnit> <Opcode : 'add' 'sub'> <InPorts = 2> <OutPorts = 1>
ST_11 : Operation 272 [1/1] (0.00ns)   --->   "%trunc_ln10 = partselect i11 @_ssdm_op_PartSelect.i11.i27.i32.i32, i27 %ret_V_14, i32 16, i32 26" [/home/fede/PhD/transformer-hls/hls/include/linear.h:1420]   --->   Operation 272 'partselect' 'trunc_ln10' <Predicate = true> <Delay = 0.00>
ST_11 : Operation 273 [1/1] (0.00ns)   --->   "%zext_ln1420 = zext i11 %trunc_ln10" [/home/fede/PhD/transformer-hls/hls/include/linear.h:1420]   --->   Operation 273 'zext' 'zext_ln1420' <Predicate = true> <Delay = 0.00>
ST_11 : Operation 274 [1/1] (0.73ns)   --->   "%rq_V = sub i12 0, i12 %zext_ln1420" [/home/fede/PhD/transformer-hls/hls/include/linear.h:1420]   --->   Operation 274 'sub' 'rq_V' <Predicate = true> <Delay = 0.73> <CoreInst = "Adder">   --->   Core 1 'Adder' <Latency = 0> <II = 1> <Delay = 0.73> <FuncUnit> <Opcode : 'add' 'sub'> <InPorts = 2> <OutPorts = 1>
ST_11 : Operation 275 [1/1] (0.29ns)   --->   "%rq_V_13 = select i1 %tmp, i12 %rq_V, i12 %zext_ln1409"   --->   Operation 275 'select' 'rq_V_13' <Predicate = true> <Delay = 0.29> <CoreInst = "Sel">   --->   Core 73 'Sel' <Latency = 0> <II = 1> <Delay = 0.29> <FuncUnit> <Opcode : 'select'> <InPorts = 3> <OutPorts = 1>
ST_11 : Operation 276 [1/1] (0.00ns)   --->   "%tmp_14 = partselect i5 @_ssdm_op_PartSelect.i5.i12.i32.i32, i12 %rq_V_13, i32 7, i32 11"   --->   Operation 276 'partselect' 'tmp_14' <Predicate = true> <Delay = 0.00>
ST_11 : Operation 277 [1/1] (0.63ns)   --->   "%icmp_ln1035 = icmp_sgt  i5 %tmp_14, i5 0"   --->   Operation 277 'icmp' 'icmp_ln1035' <Predicate = true> <Delay = 0.63> <CoreInst = "Cmp">   --->   Core 9 'Cmp' <Latency = 0> <II = 1> <Delay = 0.63> <FuncUnit> <Opcode : 'icmp'> <InPorts = 2> <OutPorts = 1>
ST_11 : Operation 278 [1/1] (0.62ns)   --->   "%icmp_ln1027 = icmp_slt  i12 %rq_V_13, i12 3968"   --->   Operation 278 'icmp' 'icmp_ln1027' <Predicate = true> <Delay = 0.62> <CoreInst = "Cmp">   --->   Core 9 'Cmp' <Latency = 0> <II = 1> <Delay = 0.62> <FuncUnit> <Opcode : 'icmp'> <InPorts = 2> <OutPorts = 1>
ST_11 : Operation 279 [1/1] (0.00ns) (grouped into LUT with out node q_V)   --->   "%trunc_ln1444 = trunc i12 %rq_V_13" [/home/fede/PhD/transformer-hls/hls/include/linear.h:1444]   --->   Operation 279 'trunc' 'trunc_ln1444' <Predicate = true> <Delay = 0.00>
ST_11 : Operation 280 [1/1] (0.00ns) (grouped into LUT with out node q_V)   --->   "%select_ln1444 = select i1 %icmp_ln1035, i8 127, i8 128" [/home/fede/PhD/transformer-hls/hls/include/linear.h:1444]   --->   Operation 280 'select' 'select_ln1444' <Predicate = true> <Delay = 0.00> <CoreInst = "Sel">   --->   Core 73 'Sel' <Latency = 0> <II = 1> <Delay = 0.30> <FuncUnit> <Opcode : 'select'> <InPorts = 3> <OutPorts = 1>
ST_11 : Operation 281 [1/1] (0.00ns) (grouped into LUT with out node q_V)   --->   "%or_ln1444 = or i1 %icmp_ln1035, i1 %icmp_ln1027" [/home/fede/PhD/transformer-hls/hls/include/linear.h:1444]   --->   Operation 281 'or' 'or_ln1444' <Predicate = true> <Delay = 0.00> <CoreInst = "LogicGate">   --->   Core 74 'LogicGate' <Latency = 0> <II = 1> <Delay = 0.12> <FuncUnit> <Opcode : 'and' 'or' 'xor'> <InPorts = 2> <OutPorts = 1>
ST_11 : Operation 282 [1/1] (0.30ns) (out node of the LUT)   --->   "%q_V = select i1 %or_ln1444, i8 %select_ln1444, i8 %trunc_ln1444" [/home/fede/PhD/transformer-hls/hls/include/linear.h:1444]   --->   Operation 282 'select' 'q_V' <Predicate = true> <Delay = 0.30> <CoreInst = "Sel">   --->   Core 73 'Sel' <Latency = 0> <II = 1> <Delay = 0.30> <FuncUnit> <Opcode : 'select'> <InPorts = 3> <OutPorts = 1>
ST_11 : Operation 283 [1/1] (1.36ns)   --->   "%write_ln1890 = write void @_ssdm_op_Write.ap_fifo.volatile.i8P0A, i8 %head_out_3, i8 %q_V" [/home/fede/PhD/transformer-hls/hls/include/linear.h:1890]   --->   Operation 283 'write' 'write_ln1890' <Predicate = true> <Delay = 1.36> <CoreInst = "FIFO_SRL">   --->   Core 81 'FIFO_SRL' <Latency = 0> <II = 1> <Delay = 1.36> <Storage> <Opcode : 'read' 'write' 'nbread' 'nbwrite'> <Ports = 0> <Width = 8> <Depth = 2> <FIFO>
ST_11 : Operation 284 [1/1] (0.00ns)   --->   "%br_ln1831 = br void %C_tile_init" [/home/fede/PhD/transformer-hls/hls/include/linear.h:1831]   --->   Operation 284 'br' 'br_ln1831' <Predicate = true> <Delay = 0.00>


============================================================
+ Verbose Summary: Timing violations
============================================================
Target clock period: 10ns, clock uncertainty: 2.7ns.

 <State 1>: 1.9ns
The critical path consists of the following:
	'alloca' operation ('n') [20]  (0 ns)
	'load' operation ('n', /home/fede/PhD/transformer-hls/hls/include/linear.h:1831) on local variable 'n' [59]  (0 ns)
	'add' operation ('add_ln186_23') [102]  (0.725 ns)
	'getelementptr' operation ('buff_B_V_addr_11') [104]  (0 ns)
	'load' operation ('buff_B_V_load_10') on array 'buff_B_V' [174]  (1.17 ns)

 <State 2>: 2.17ns
The critical path consists of the following:
	'load' operation ('buff_B_V_load_2') on array 'buff_B_V' [133]  (1.17 ns)
	'mul' operation of DSP[137] ('mul_ln1494_159') [135]  (0.996 ns)

 <State 3>: 0.996ns
The critical path consists of the following:
	'mul' operation of DSP[138] ('mul_ln1494_158') [131]  (0.996 ns)

 <State 4>: 2.2ns
The critical path consists of the following:
	'mul' operation ('mul_ln1494') [127]  (1.55 ns)
	'add' operation of DSP[137] ('add_ln840') [137]  (0.645 ns)

 <State 5>: 1.29ns
The critical path consists of the following:
	'add' operation of DSP[137] ('add_ln840') [137]  (0.645 ns)
	'add' operation of DSP[138] ('add_ln840_169') [138]  (0.645 ns)

 <State 6>: 1.44ns
The critical path consists of the following:
	'add' operation of DSP[201] ('add_ln840_179') [201]  (0.645 ns)
	'add' operation ('add_ln840_180') [203]  (0.791 ns)

 <State 7>: 2.09ns
The critical path consists of the following:
	'add' operation of DSP[156] ('add_ln840_170') [156]  (0.645 ns)
	'add' operation ('add_ln840_173') [160]  (0.797 ns)
	'add' operation of DSP[194] ('add_ln840_174') [194]  (0.645 ns)

 <State 8>: 4.72ns
The critical path consists of the following:
	'add' operation of DSP[194] ('add_ln840_174') [194]  (0.645 ns)
	'add' operation ('add_ln840_176') [197]  (0 ns)
	'add' operation ('add_ln840_181') [205]  (0.685 ns)
	'add' operation of DSP[219] ('add_ln840_183') [217]  (2.4 ns)
	'mul' operation of DSP[219] ('prod', /home/fede/PhD/transformer-hls/hls/include/linear.h:1408) [219]  (0.996 ns)

 <State 9>: 0.996ns
The critical path consists of the following:
	'mul' operation of DSP[219] ('prod', /home/fede/PhD/transformer-hls/hls/include/linear.h:1408) [219]  (0.996 ns)

 <State 10>: 0.996ns
The critical path consists of the following:
	'mul' operation of DSP[219] ('prod', /home/fede/PhD/transformer-hls/hls/include/linear.h:1408) [219]  (0.996 ns)

 <State 11>: 4.19ns
The critical path consists of the following:
	'mul' operation of DSP[219] ('prod', /home/fede/PhD/transformer-hls/hls/include/linear.h:1408) [219]  (0 ns)
	'sub' operation ('ret.V') [225]  (0.85 ns)
	'sub' operation ('rq.V', /home/fede/PhD/transformer-hls/hls/include/linear.h:1420) [228]  (0.735 ns)
	'select' operation ('rq.V') [229]  (0.299 ns)
	'icmp' operation ('icmp_ln1035') [231]  (0.637 ns)
	'or' operation ('or_ln1444', /home/fede/PhD/transformer-hls/hls/include/linear.h:1444) [235]  (0 ns)
	'select' operation ('q.V', /home/fede/PhD/transformer-hls/hls/include/linear.h:1444) [236]  (0.303 ns)
	fifo write operation ('write_ln1890', /home/fede/PhD/transformer-hls/hls/include/linear.h:1890) on port 'head_out_3' (/home/fede/PhD/transformer-hls/hls/include/linear.h:1890) [237]  (1.36 ns)


============================================================
+ Verbose Summary: Binding
============================================================
N/A
* FSMD analyzer results:
  - Output states:
 - Input state : 
  - Chain level:
	State 1
	State 2
	State 3
	State 4
	State 5
	State 6
	State 7
	State 8
	State 9
	State 10
	State 11


============================================================
+ Verbose Summary: Datapath Resource usage 
============================================================
N/A
