

================================================================
== Vitis HLS Report for 'MatMul_KV_tiled_21_Pipeline_load_B_VITIS_LOOP_1796_1'
================================================================
* Date:           Thu Jun 18 11:12:01 2026

* Version:        2022.2 (Build 3670227 on Oct 13 2022)
* Project:        ViT_Block
* Solution:       ViT_Block (Vivado IP Flow Target)
* Product family: virtexuplus
* Target device:  xcu250-figd2104-2L-e


================================================================
== Performance Estimates
================================================================
+ Timing: 
    * Summary: 
    +--------+----------+----------+------------+
    |  Clock |  Target  | Estimated| Uncertainty|
    +--------+----------+----------+------------+
    |ap_clk  |  10.00 ns|  2.954 ns|     2.70 ns|
    +--------+----------+----------+------------+

+ Latency: 
    * Summary: 
    +---------+---------+----------+----------+-----+-----+---------+
    |  Latency (cycles) |  Latency (absolute) |  Interval | Pipeline|
    |   min   |   max   |    min   |    max   | min | max |   Type  |
    +---------+---------+----------+----------+-----+-----+---------+
    |      818|      818|  8.180 us|  8.180 us|  818|  818|       no|
    +---------+---------+----------+----------+-----+-----+---------+

    + Detail: 
        * Instance: 
        N/A

        * Loop: 
        +----------------------------+---------+---------+----------+-----------+-----------+------+----------+
        |                            |  Latency (cycles) | Iteration|  Initiation Interval  | Trip |          |
        |          Loop Name         |   min   |   max   |  Latency |  achieved |   target  | Count| Pipelined|
        +----------------------------+---------+---------+----------+-----------+-----------+------+----------+
        |- load_B_VITIS_LOOP_1796_1  |      816|      816|         2|          1|          1|   816|       yes|
        +----------------------------+---------+---------+----------+-----------+-----------+------+----------+



================================================================
== Utilization Estimates
================================================================
* Summary: 
+---------------------+---------+-------+---------+---------+------+
|         Name        | BRAM_18K|  DSP  |    FF   |   LUT   | URAM |
+---------------------+---------+-------+---------+---------+------+
|DSP                  |        -|      -|        -|        -|     -|
|Expression           |        -|      -|        0|      114|     -|
|FIFO                 |        -|      -|        -|        -|     -|
|Instance             |        -|      -|        -|        -|     -|
|Memory               |        -|      -|        -|        -|     -|
|Multiplexer          |        -|      -|        -|       63|     -|
|Register             |        -|      -|       24|        -|     -|
+---------------------+---------+-------+---------+---------+------+
|Total                |        0|      0|       24|      177|     0|
+---------------------+---------+-------+---------+---------+------+
|Available SLR        |     1344|   3072|   864000|   432000|   320|
+---------------------+---------+-------+---------+---------+------+
|Utilization SLR (%)  |        0|      0|       ~0|       ~0|     0|
+---------------------+---------+-------+---------+---------+------+
|Available            |     5376|  12288|  3456000|  1728000|  1280|
+---------------------+---------+-------+---------+---------+------+
|Utilization (%)      |        0|      0|       ~0|       ~0|     0|
+---------------------+---------+-------+---------+---------+------+

+ Detail: 
    * Instance: 
    N/A

    * DSP: 
    N/A

    * Memory: 
    N/A

    * FIFO: 
    N/A

    * Expression: 
    +---------------------------+----------+----+---+----+------------+------------+
    |       Variable Name       | Operation| DSP| FF| LUT| Bitwidth P0| Bitwidth P1|
    +---------------------------+----------+----+---+----+------------+------------+
    |add_ln1795_2_fu_112_p2     |         +|   0|  0|  17|          10|           1|
    |add_ln1795_fu_129_p2       |         +|   0|  0|  12|           5|           1|
    |add_ln1796_fu_202_p2       |         +|   0|  0|  13|           6|           1|
    |add_ln1803_fu_191_p2       |         +|   0|  0|  18|          10|          10|
    |sub_ln1803_fu_181_p2       |         -|   0|  0|  18|          10|          10|
    |ap_block_pp0_stage0_11001  |       and|   0|  0|   2|           1|           1|
    |icmp_ln1795_fu_106_p2      |      icmp|   0|  0|  11|          10|           9|
    |icmp_ln1796_fu_135_p2      |      icmp|   0|  0|  10|           6|           6|
    |select_ln1795_2_fu_149_p3  |    select|   0|  0|   5|           1|           5|
    |select_ln1795_fu_141_p3    |    select|   0|  0|   6|           1|           1|
    |ap_enable_pp0              |       xor|   0|  0|   2|           1|           2|
    +---------------------------+----------+----+---+----+------------+------------+
    |Total                      |          |   0|  0| 114|          61|          47|
    +---------------------------+----------+----+---+----+------------+------------+

    * Multiplexer: 
    +--------------------------------------+----+-----------+-----+-----------+
    |                 Name                 | LUT| Input Size| Bits| Total Bits|
    +--------------------------------------+----+-----------+-----+-----------+
    |V_1_2_blk_n                           |   9|          2|    1|          2|
    |ap_done_int                           |   9|          2|    1|          2|
    |ap_enable_reg_pp0_iter1               |   9|          2|    1|          2|
    |ap_sig_allocacmp_indvar_flatten_load  |   9|          2|   10|         20|
    |indvar_flatten_fu_64                  |   9|          2|   10|         20|
    |k_fu_60                               |   9|          2|    5|         10|
    |n_fu_56                               |   9|          2|    6|         12|
    +--------------------------------------+----+-----------+-----+-----------+
    |Total                                 |  63|         14|   34|         68|
    +--------------------------------------+----+-----------+-----+-----------+

    * Register: 
    +-------------------------+----+----+-----+-----------+
    |           Name          | FF | LUT| Bits| Const Bits|
    +-------------------------+----+----+-----+-----------+
    |ap_CS_fsm                |   1|   0|    1|          0|
    |ap_done_reg              |   1|   0|    1|          0|
    |ap_enable_reg_pp0_iter1  |   1|   0|    1|          0|
    |indvar_flatten_fu_64     |  10|   0|   10|          0|
    |k_fu_60                  |   5|   0|    5|          0|
    |n_fu_56                  |   6|   0|    6|          0|
    +-------------------------+----+----+-----+-----------+
    |Total                    |  24|   0|   24|          0|
    +-------------------------+----+----+-----+-----------+



================================================================
== Interface
================================================================
* Summary: 
+----------------------+-----+-----+------------+------------------------------------------------------+--------------+
|       RTL Ports      | Dir | Bits|  Protocol  |                     Source Object                    |    C Type    |
+----------------------+-----+-----+------------+------------------------------------------------------+--------------+
|ap_clk                |   in|    1|  ap_ctrl_hs|  MatMul_KV_tiled.21_Pipeline_load_B_VITIS_LOOP_1796_1|  return value|
|ap_rst                |   in|    1|  ap_ctrl_hs|  MatMul_KV_tiled.21_Pipeline_load_B_VITIS_LOOP_1796_1|  return value|
|ap_start              |   in|    1|  ap_ctrl_hs|  MatMul_KV_tiled.21_Pipeline_load_B_VITIS_LOOP_1796_1|  return value|
|ap_done               |  out|    1|  ap_ctrl_hs|  MatMul_KV_tiled.21_Pipeline_load_B_VITIS_LOOP_1796_1|  return value|
|ap_idle               |  out|    1|  ap_ctrl_hs|  MatMul_KV_tiled.21_Pipeline_load_B_VITIS_LOOP_1796_1|  return value|
|ap_ready              |  out|    1|  ap_ctrl_hs|  MatMul_KV_tiled.21_Pipeline_load_B_VITIS_LOOP_1796_1|  return value|
|V_1_2_dout            |   in|    8|     ap_fifo|                                                 V_1_2|       pointer|
|V_1_2_num_data_valid  |   in|    2|     ap_fifo|                                                 V_1_2|       pointer|
|V_1_2_fifo_cap        |   in|    2|     ap_fifo|                                                 V_1_2|       pointer|
|V_1_2_empty_n         |   in|    1|     ap_fifo|                                                 V_1_2|       pointer|
|V_1_2_read            |  out|    1|     ap_fifo|                                                 V_1_2|       pointer|
|buff_B_V_address0     |  out|   10|   ap_memory|                                              buff_B_V|         array|
|buff_B_V_ce0          |  out|    1|   ap_memory|                                              buff_B_V|         array|
|buff_B_V_we0          |  out|    1|   ap_memory|                                              buff_B_V|         array|
|buff_B_V_d0           |  out|    8|   ap_memory|                                              buff_B_V|         array|
+----------------------+-----+-----+------------+------------------------------------------------------+--------------+

============================================================
+ Verbose Summary: Synthesis Manager
============================================================
InlineROM: 1
ExposeGlobal: 0
============================================================
+ Verbose Summary: CDFG Model
============================================================
IsTopModel: 0
ResetActiveHigh: 1
IsCombinational: 2
IsDatapathOnly: 2
HasWiredReturn: 1
HasMFsm: 2
HasVarLatency: 1
IsPipeline: 0
IsRtlPipelined: 0
IsInstanceOverlapped: 0
IsDontTouch: 0
HasImplIP: 0
IsGatedGlobalClock: 0

+ Individual pipeline summary: 
  * Pipeline-0: initiation interval (II) = 1, depth = 2


============================================================
+ Verbose Summary: Schedule
============================================================
* Number of FSM states : 2
* Pipeline : 1
  Pipeline-0 : II = 1, D = 2, States = { 1 2 }
* Dataflow Pipeline: 0

* FSM state transitions: 
1 --> 2 
2 --> 

* FSM state operations: 

State 1 <SV = 0> <Delay = 1.11>
ST_1 : Operation 5 [1/1] (0.00ns)   --->   "%n = alloca i32 1"   --->   Operation 5 'alloca' 'n' <Predicate = true> <Delay = 0.00>
ST_1 : Operation 6 [1/1] (0.00ns)   --->   "%k = alloca i32 1"   --->   Operation 6 'alloca' 'k' <Predicate = true> <Delay = 0.00>
ST_1 : Operation 7 [1/1] (0.00ns)   --->   "%indvar_flatten = alloca i32 1"   --->   Operation 7 'alloca' 'indvar_flatten' <Predicate = true> <Delay = 0.00>
ST_1 : Operation 8 [1/1] (0.00ns)   --->   "%specinterface_ln0 = specinterface void @_ssdm_op_SpecInterface, i8 %V_1_2, void @empty_0, i32 0, i32 0, void @empty_26, i32 0, i32 0, void @empty_26, void @empty_26, void @empty_26, i32 0, i32 0, i32 0, i32 0, void @empty_26, void @empty_26, i32 4294967295, i32 0"   --->   Operation 8 'specinterface' 'specinterface_ln0' <Predicate = true> <Delay = 0.00>
ST_1 : Operation 9 [1/1] (0.38ns)   --->   "%store_ln0 = store i10 0, i10 %indvar_flatten"   --->   Operation 9 'store' 'store_ln0' <Predicate = true> <Delay = 0.38>
ST_1 : Operation 10 [1/1] (0.38ns)   --->   "%store_ln0 = store i5 0, i5 %k"   --->   Operation 10 'store' 'store_ln0' <Predicate = true> <Delay = 0.38>
ST_1 : Operation 11 [1/1] (0.38ns)   --->   "%store_ln0 = store i6 0, i6 %n"   --->   Operation 11 'store' 'store_ln0' <Predicate = true> <Delay = 0.38>
ST_1 : Operation 12 [1/1] (0.00ns)   --->   "%br_ln0 = br void %VITIS_LOOP_1797_2"   --->   Operation 12 'br' 'br_ln0' <Predicate = true> <Delay = 0.00>
ST_1 : Operation 13 [1/1] (0.00ns)   --->   "%indvar_flatten_load = load i10 %indvar_flatten" [/home/fede/PhD/transformer-hls/hls/include/linear.h:1795]   --->   Operation 13 'load' 'indvar_flatten_load' <Predicate = true> <Delay = 0.00>
ST_1 : Operation 14 [1/1] (0.00ns)   --->   "%specpipeline_ln0 = specpipeline void @_ssdm_op_SpecPipeline, i32 4294967295, i32 0, i32 1, i32 0, void @p_str"   --->   Operation 14 'specpipeline' 'specpipeline_ln0' <Predicate = true> <Delay = 0.00>
ST_1 : Operation 15 [1/1] (0.60ns)   --->   "%icmp_ln1795 = icmp_eq  i10 %indvar_flatten_load, i10 816" [/home/fede/PhD/transformer-hls/hls/include/linear.h:1795]   --->   Operation 15 'icmp' 'icmp_ln1795' <Predicate = true> <Delay = 0.60> <CoreInst = "Cmp">   --->   Core 9 'Cmp' <Latency = 0> <II = 1> <Delay = 0.60> <FuncUnit> <Opcode : 'icmp'> <InPorts = 2> <OutPorts = 1>
ST_1 : Operation 16 [1/1] (0.72ns)   --->   "%add_ln1795_2 = add i10 %indvar_flatten_load, i10 1" [/home/fede/PhD/transformer-hls/hls/include/linear.h:1795]   --->   Operation 16 'add' 'add_ln1795_2' <Predicate = true> <Delay = 0.72> <CoreInst = "Adder">   --->   Core 1 'Adder' <Latency = 0> <II = 1> <Delay = 0.72> <FuncUnit> <Opcode : 'add' 'sub'> <InPorts = 2> <OutPorts = 1>
ST_1 : Operation 17 [1/1] (0.00ns)   --->   "%br_ln1795 = br i1 %icmp_ln1795, void %for.inc68, void %buff_init.preheader.exitStub" [/home/fede/PhD/transformer-hls/hls/include/linear.h:1795]   --->   Operation 17 'br' 'br_ln1795' <Predicate = true> <Delay = 0.00>
ST_1 : Operation 18 [1/1] (0.38ns)   --->   "%store_ln1796 = store i10 %add_ln1795_2, i10 %indvar_flatten" [/home/fede/PhD/transformer-hls/hls/include/linear.h:1796]   --->   Operation 18 'store' 'store_ln1796' <Predicate = (!icmp_ln1795)> <Delay = 0.38>
ST_1 : Operation 44 [1/1] (0.00ns)   --->   "%ret_ln0 = ret"   --->   Operation 44 'ret' 'ret_ln0' <Predicate = (icmp_ln1795)> <Delay = 0.00>

State 2 <SV = 1> <Delay = 2.95>
ST_2 : Operation 19 [1/1] (0.00ns)   --->   "%n_load = load i6 %n" [/home/fede/PhD/transformer-hls/hls/include/linear.h:1796]   --->   Operation 19 'load' 'n_load' <Predicate = true> <Delay = 0.00>
ST_2 : Operation 20 [1/1] (0.00ns)   --->   "%k_load = load i5 %k" [/home/fede/PhD/transformer-hls/hls/include/linear.h:1795]   --->   Operation 20 'load' 'k_load' <Predicate = true> <Delay = 0.00>
ST_2 : Operation 21 [1/1] (0.70ns)   --->   "%add_ln1795 = add i5 %k_load, i5 1" [/home/fede/PhD/transformer-hls/hls/include/linear.h:1795]   --->   Operation 21 'add' 'add_ln1795' <Predicate = true> <Delay = 0.70> <CoreInst = "Adder">   --->   Core 1 'Adder' <Latency = 0> <II = 1> <Delay = 0.70> <FuncUnit> <Opcode : 'add' 'sub'> <InPorts = 2> <OutPorts = 1>
ST_2 : Operation 22 [1/1] (0.00ns)   --->   "%specloopname_ln0 = specloopname void @_ssdm_op_SpecLoopName, void @load_B_VITIS_LOOP_1796_1_str"   --->   Operation 22 'specloopname' 'specloopname_ln0' <Predicate = true> <Delay = 0.00>
ST_2 : Operation 23 [1/1] (0.00ns)   --->   "%empty = speclooptripcount i32 @_ssdm_op_SpecLoopTripCount, i64 816, i64 816, i64 816"   --->   Operation 23 'speclooptripcount' 'empty' <Predicate = true> <Delay = 0.00>
ST_2 : Operation 24 [1/1] (0.61ns)   --->   "%icmp_ln1796 = icmp_eq  i6 %n_load, i6 48" [/home/fede/PhD/transformer-hls/hls/include/linear.h:1796]   --->   Operation 24 'icmp' 'icmp_ln1796' <Predicate = true> <Delay = 0.61> <CoreInst = "Cmp">   --->   Core 9 'Cmp' <Latency = 0> <II = 1> <Delay = 0.61> <FuncUnit> <Opcode : 'icmp'> <InPorts = 2> <OutPorts = 1>
ST_2 : Operation 25 [1/1] (0.29ns)   --->   "%select_ln1795 = select i1 %icmp_ln1796, i6 0, i6 %n_load" [/home/fede/PhD/transformer-hls/hls/include/linear.h:1795]   --->   Operation 25 'select' 'select_ln1795' <Predicate = true> <Delay = 0.29> <CoreInst = "Sel">   --->   Core 73 'Sel' <Latency = 0> <II = 1> <Delay = 0.29> <FuncUnit> <Opcode : 'select'> <InPorts = 3> <OutPorts = 1>
ST_2 : Operation 26 [1/1] (0.27ns)   --->   "%select_ln1795_2 = select i1 %icmp_ln1796, i5 %add_ln1795, i5 %k_load" [/home/fede/PhD/transformer-hls/hls/include/linear.h:1795]   --->   Operation 26 'select' 'select_ln1795_2' <Predicate = true> <Delay = 0.27> <CoreInst = "Sel">   --->   Core 73 'Sel' <Latency = 0> <II = 1> <Delay = 0.27> <FuncUnit> <Opcode : 'select'> <InPorts = 3> <OutPorts = 1>
ST_2 : Operation 27 [1/1] (0.00ns)   --->   "%trunc_ln1803 = trunc i5 %select_ln1795_2" [/home/fede/PhD/transformer-hls/hls/include/linear.h:1803]   --->   Operation 27 'trunc' 'trunc_ln1803' <Predicate = true> <Delay = 0.00>
ST_2 : Operation 28 [1/1] (0.00ns)   --->   "%tmp = bitconcatenate i10 @_ssdm_op_BitConcatenate.i10.i4.i6, i4 %trunc_ln1803, i6 0" [/home/fede/PhD/transformer-hls/hls/include/linear.h:1803]   --->   Operation 28 'bitconcatenate' 'tmp' <Predicate = true> <Delay = 0.00>
ST_2 : Operation 29 [1/1] (0.00ns)   --->   "%tmp_s = bitconcatenate i9 @_ssdm_op_BitConcatenate.i9.i5.i4, i5 %select_ln1795_2, i4 0" [/home/fede/PhD/transformer-hls/hls/include/linear.h:1803]   --->   Operation 29 'bitconcatenate' 'tmp_s' <Predicate = true> <Delay = 0.00>
ST_2 : Operation 30 [1/1] (0.00ns)   --->   "%zext_ln1803 = zext i9 %tmp_s" [/home/fede/PhD/transformer-hls/hls/include/linear.h:1803]   --->   Operation 30 'zext' 'zext_ln1803' <Predicate = true> <Delay = 0.00>
ST_2 : Operation 31 [1/1] (0.00ns) (grouped into TernaryAdder)   --->   "%sub_ln1803 = sub i10 %tmp, i10 %zext_ln1803" [/home/fede/PhD/transformer-hls/hls/include/linear.h:1803]   --->   Operation 31 'sub' 'sub_ln1803' <Predicate = true> <Delay = 0.00> <CoreInst = "TAddSub">   --->   Core 10 'TAddSub' <Latency = 0> <II = 1> <Delay = 0.39> <IPBlock> <Opcode : 'add' 'sub'> <InPorts = 3> <OutPorts = 1> <Sync> <CReg>
ST_2 : Operation 32 [1/1] (0.00ns)   --->   "%specpipeline_ln0 = specpipeline void @_ssdm_op_SpecPipeline, i32 4294967295, i32 0, i32 1, i32 0, void @p_str"   --->   Operation 32 'specpipeline' 'specpipeline_ln0' <Predicate = true> <Delay = 0.00>
ST_2 : Operation 33 [1/1] (0.00ns)   --->   "%zext_ln1803_5 = zext i6 %select_ln1795" [/home/fede/PhD/transformer-hls/hls/include/linear.h:1803]   --->   Operation 33 'zext' 'zext_ln1803_5' <Predicate = true> <Delay = 0.00>
ST_2 : Operation 34 [1/1] (0.79ns) (root node of TernaryAdder)   --->   "%add_ln1803 = add i10 %sub_ln1803, i10 %zext_ln1803_5" [/home/fede/PhD/transformer-hls/hls/include/linear.h:1803]   --->   Operation 34 'add' 'add_ln1803' <Predicate = true> <Delay = 0.79> <CoreInst = "TAddSub">   --->   Core 10 'TAddSub' <Latency = 0> <II = 1> <Delay = 0.39> <IPBlock> <Opcode : 'add' 'sub'> <InPorts = 3> <OutPorts = 1> <Sync> <CReg>
ST_2 : Operation 35 [1/1] (0.00ns)   --->   "%zext_ln1803_6 = zext i10 %add_ln1803" [/home/fede/PhD/transformer-hls/hls/include/linear.h:1803]   --->   Operation 35 'zext' 'zext_ln1803_6' <Predicate = true> <Delay = 0.00>
ST_2 : Operation 36 [1/1] (0.00ns)   --->   "%buff_B_V_addr = getelementptr i8 %buff_B_V, i64 0, i64 %zext_ln1803_6" [/home/fede/PhD/transformer-hls/hls/include/linear.h:1803]   --->   Operation 36 'getelementptr' 'buff_B_V_addr' <Predicate = true> <Delay = 0.00>
ST_2 : Operation 37 [1/1] (0.00ns)   --->   "%specloopname_ln1796 = specloopname void @_ssdm_op_SpecLoopName, void @empty_32" [/home/fede/PhD/transformer-hls/hls/include/linear.h:1796]   --->   Operation 37 'specloopname' 'specloopname_ln1796' <Predicate = true> <Delay = 0.00>
ST_2 : Operation 38 [1/1] (1.36ns)   --->   "%val_B_V = read i8 @_ssdm_op_Read.ap_fifo.volatile.i8P0A, i8 %V_1_2" [/home/fede/PhD/transformer-hls/hls/include/linear.h:1799]   --->   Operation 38 'read' 'val_B_V' <Predicate = true> <Delay = 1.36> <CoreInst = "FIFO_SRL">   --->   Core 81 'FIFO_SRL' <Latency = 0> <II = 1> <Delay = 1.36> <Storage> <Opcode : 'read' 'write' 'nbread' 'nbwrite'> <Ports = 0> <Width = 8> <Depth = 2> <FIFO>
ST_2 : Operation 39 [1/1] (1.17ns)   --->   "%store_ln1803 = store i8 %val_B_V, i10 %buff_B_V_addr" [/home/fede/PhD/transformer-hls/hls/include/linear.h:1803]   --->   Operation 39 'store' 'store_ln1803' <Predicate = true> <Delay = 1.17> <CoreInst = "RAM_1WnR">   --->   Core 84 'RAM_1WnR' <Latency = 1> <II = 1> <Delay = 1.17> <Storage> <Opcode : 'load' 'store'> <Ports = 17> <Width = 8> <Depth = 816> <RAM>
ST_2 : Operation 40 [1/1] (0.70ns)   --->   "%add_ln1796 = add i6 %select_ln1795, i6 1" [/home/fede/PhD/transformer-hls/hls/include/linear.h:1796]   --->   Operation 40 'add' 'add_ln1796' <Predicate = true> <Delay = 0.70> <CoreInst = "Adder">   --->   Core 1 'Adder' <Latency = 0> <II = 1> <Delay = 0.70> <FuncUnit> <Opcode : 'add' 'sub'> <InPorts = 2> <OutPorts = 1>
ST_2 : Operation 41 [1/1] (0.38ns)   --->   "%store_ln1796 = store i5 %select_ln1795_2, i5 %k" [/home/fede/PhD/transformer-hls/hls/include/linear.h:1796]   --->   Operation 41 'store' 'store_ln1796' <Predicate = true> <Delay = 0.38>
ST_2 : Operation 42 [1/1] (0.38ns)   --->   "%store_ln1796 = store i6 %add_ln1796, i6 %n" [/home/fede/PhD/transformer-hls/hls/include/linear.h:1796]   --->   Operation 42 'store' 'store_ln1796' <Predicate = true> <Delay = 0.38>
ST_2 : Operation 43 [1/1] (0.00ns)   --->   "%br_ln1796 = br void %VITIS_LOOP_1797_2" [/home/fede/PhD/transformer-hls/hls/include/linear.h:1796]   --->   Operation 43 'br' 'br_ln1796' <Predicate = true> <Delay = 0.00>


============================================================
+ Verbose Summary: Binding
============================================================
STG Binding: 
---------------- STG Properties BEGIN ----------------
- Is combinational: 0
- Is one-state seq: 0
- Is datapath-only: 0
- Is pipelined: 0
- Is top level: 0
Port [ Return ] is wired: 1; IO mode=ap_ctrl_hs:ce=0
Port [ buff_B_V]:  wired=1; compound=1; hidden=0; nouse=0; global=0; static=0; extern=0; dir=1; type=1; pingpong=0; private_global=0; MemPort=[03333333333333333]; IO mode=ap_memory:ce=0
Port [ V_1_2]:  wired=1; compound=1; hidden=0; nouse=0; global=0; static=0; extern=0; dir=0; type=3; pingpong=0; private_global=0; IO mode=ap_fifo:ce=0
---------------- STG Properties END ------------------

---------------- Datapath Model BEGIN ----------------

<LifeTime>
<method=bitvector/>
n                   (alloca           ) [ 011]
k                   (alloca           ) [ 011]
indvar_flatten      (alloca           ) [ 010]
specinterface_ln0   (specinterface    ) [ 000]
store_ln0           (store            ) [ 000]
store_ln0           (store            ) [ 000]
store_ln0           (store            ) [ 000]
br_ln0              (br               ) [ 000]
indvar_flatten_load (load             ) [ 000]
specpipeline_ln0    (specpipeline     ) [ 000]
icmp_ln1795         (icmp             ) [ 010]
add_ln1795_2        (add              ) [ 000]
br_ln1795           (br               ) [ 000]
store_ln1796        (store            ) [ 000]
n_load              (load             ) [ 000]
k_load              (load             ) [ 000]
add_ln1795          (add              ) [ 000]
specloopname_ln0    (specloopname     ) [ 000]
empty               (speclooptripcount) [ 000]
icmp_ln1796         (icmp             ) [ 000]
select_ln1795       (select           ) [ 000]
select_ln1795_2     (select           ) [ 000]
trunc_ln1803        (trunc            ) [ 000]
tmp                 (bitconcatenate   ) [ 000]
tmp_s               (bitconcatenate   ) [ 000]
zext_ln1803         (zext             ) [ 000]
sub_ln1803          (sub              ) [ 000]
specpipeline_ln0    (specpipeline     ) [ 000]
zext_ln1803_5       (zext             ) [ 000]
add_ln1803          (add              ) [ 000]
zext_ln1803_6       (zext             ) [ 000]
buff_B_V_addr       (getelementptr    ) [ 000]
specloopname_ln1796 (specloopname     ) [ 000]
val_B_V             (read             ) [ 000]
store_ln1803        (store            ) [ 000]
add_ln1796          (add              ) [ 000]
store_ln1796        (store            ) [ 000]
store_ln1796        (store            ) [ 000]
br_ln1796           (br               ) [ 000]
ret_ln0             (ret              ) [ 000]
</LifeTime>

<model>

<comp_list>
<comp id="0" class="1000" name="buff_B_V">
<pin_list>
<pin id="1" dir="1" index="0" bw="1" slack="0"/>
</pin_list>
<bind>
<StgValue><ssdm name="buff_B_V"/><MemPortTyVec>0 3 3 3 3 3 3 3 3 3 3 3 3 3 3 3 3 </MemPortTyVec>
</StgValue>
</bind>
</comp>

<comp id="2" class="1000" name="V_1_2">
<pin_list>
<pin id="3" dir="1" index="0" bw="1" slack="0"/>
</pin_list>
<bind>
<StgValue><ssdm name="V_1_2"/></StgValue>
</bind>
</comp>

<comp id="4" class="1001" name="const_4">
<pin_list>
<pin id="5" dir="1" index="0" bw="1" slack="0"/>
</pin_list>
<bind>
<StgValue><ssdm name=""/></StgValue>
</bind>
</comp>

<comp id="6" class="1001" name="const_6">
<pin_list>
<pin id="7" dir="1" index="0" bw="1" slack="2147483647"/>
</pin_list>
<bind>
<StgValue><ssdm name="_ssdm_op_SpecInterface"/></StgValue>
</bind>
</comp>

<comp id="8" class="1001" name="const_8">
<pin_list>
<pin id="9" dir="1" index="0" bw="1" slack="2147483647"/>
</pin_list>
<bind>
<StgValue><ssdm name="empty_0"/></StgValue>
</bind>
</comp>

<comp id="10" class="1001" name="const_10">
<pin_list>
<pin id="11" dir="1" index="0" bw="1" slack="2147483647"/>
</pin_list>
<bind>
<StgValue><ssdm name=""/></StgValue>
</bind>
</comp>

<comp id="12" class="1001" name="const_12">
<pin_list>
<pin id="13" dir="1" index="0" bw="1" slack="2147483647"/>
</pin_list>
<bind>
<StgValue><ssdm name="empty_26"/></StgValue>
</bind>
</comp>

<comp id="14" class="1001" name="const_14">
<pin_list>
<pin id="15" dir="1" index="0" bw="1" slack="2147483647"/>
</pin_list>
<bind>
<StgValue><ssdm name=""/></StgValue>
</bind>
</comp>

<comp id="16" class="1001" name="const_16">
<pin_list>
<pin id="17" dir="1" index="0" bw="1" slack="0"/>
</pin_list>
<bind>
<StgValue><ssdm name=""/></StgValue>
</bind>
</comp>

<comp id="18" class="1001" name="const_18">
<pin_list>
<pin id="19" dir="1" index="0" bw="1" slack="0"/>
</pin_list>
<bind>
<StgValue><ssdm name=""/></StgValue>
</bind>
</comp>

<comp id="20" class="1001" name="const_20">
<pin_list>
<pin id="21" dir="1" index="0" bw="1" slack="0"/>
</pin_list>
<bind>
<StgValue><ssdm name=""/></StgValue>
</bind>
</comp>

<comp id="22" class="1001" name="const_22">
<pin_list>
<pin id="23" dir="1" index="0" bw="1" slack="2147483647"/>
</pin_list>
<bind>
<StgValue><ssdm name="_ssdm_op_SpecPipeline"/></StgValue>
</bind>
</comp>

<comp id="24" class="1001" name="const_24">
<pin_list>
<pin id="25" dir="1" index="0" bw="1" slack="2147483647"/>
</pin_list>
<bind>
<StgValue><ssdm name="p_str"/></StgValue>
</bind>
</comp>

<comp id="26" class="1001" name="const_26">
<pin_list>
<pin id="27" dir="1" index="0" bw="1" slack="0"/>
</pin_list>
<bind>
<StgValue><ssdm name=""/></StgValue>
</bind>
</comp>

<comp id="28" class="1001" name="const_28">
<pin_list>
<pin id="29" dir="1" index="0" bw="1" slack="0"/>
</pin_list>
<bind>
<StgValue><ssdm name=""/></StgValue>
</bind>
</comp>

<comp id="30" class="1001" name="const_30">
<pin_list>
<pin id="31" dir="1" index="0" bw="1" slack="0"/>
</pin_list>
<bind>
<StgValue><ssdm name=""/></StgValue>
</bind>
</comp>

<comp id="32" class="1001" name="const_32">
<pin_list>
<pin id="33" dir="1" index="0" bw="1" slack="2147483647"/>
</pin_list>
<bind>
<StgValue><ssdm name="_ssdm_op_SpecLoopName"/></StgValue>
</bind>
</comp>

<comp id="34" class="1001" name="const_34">
<pin_list>
<pin id="35" dir="1" index="0" bw="1" slack="2147483647"/>
</pin_list>
<bind>
<StgValue><ssdm name="load_B_VITIS_LOOP_1796_1_str"/></StgValue>
</bind>
</comp>

<comp id="36" class="1001" name="const_36">
<pin_list>
<pin id="37" dir="1" index="0" bw="1" slack="2147483647"/>
</pin_list>
<bind>
<StgValue><ssdm name="_ssdm_op_SpecLoopTripCount"/></StgValue>
</bind>
</comp>

<comp id="38" class="1001" name="const_38">
<pin_list>
<pin id="39" dir="1" index="0" bw="1" slack="2147483647"/>
</pin_list>
<bind>
<StgValue><ssdm name=""/></StgValue>
</bind>
</comp>

<comp id="40" class="1001" name="const_40">
<pin_list>
<pin id="41" dir="1" index="0" bw="1" slack="0"/>
</pin_list>
<bind>
<StgValue><ssdm name=""/></StgValue>
</bind>
</comp>

<comp id="42" class="1001" name="const_42">
<pin_list>
<pin id="43" dir="1" index="0" bw="1" slack="0"/>
</pin_list>
<bind>
<StgValue><ssdm name="_ssdm_op_BitConcatenate.i10.i4.i6"/></StgValue>
</bind>
</comp>

<comp id="44" class="1001" name="const_44">
<pin_list>
<pin id="45" dir="1" index="0" bw="1" slack="0"/>
</pin_list>
<bind>
<StgValue><ssdm name="_ssdm_op_BitConcatenate.i9.i5.i4"/></StgValue>
</bind>
</comp>

<comp id="46" class="1001" name="const_46">
<pin_list>
<pin id="47" dir="1" index="0" bw="1" slack="0"/>
</pin_list>
<bind>
<StgValue><ssdm name=""/></StgValue>
</bind>
</comp>

<comp id="48" class="1001" name="const_48">
<pin_list>
<pin id="49" dir="1" index="0" bw="1" slack="0"/>
</pin_list>
<bind>
<StgValue><ssdm name=""/></StgValue>
</bind>
</comp>

<comp id="50" class="1001" name="const_50">
<pin_list>
<pin id="51" dir="1" index="0" bw="1" slack="2147483647"/>
</pin_list>
<bind>
<StgValue><ssdm name="empty_32"/></StgValue>
</bind>
</comp>

<comp id="52" class="1001" name="const_52">
<pin_list>
<pin id="53" dir="1" index="0" bw="1" slack="0"/>
</pin_list>
<bind>
<StgValue><ssdm name="_ssdm_op_Read.ap_fifo.volatile.i8P0A"/></StgValue>
</bind>
</comp>

<comp id="54" class="1001" name="const_54">
<pin_list>
<pin id="55" dir="1" index="0" bw="1" slack="0"/>
</pin_list>
<bind>
<StgValue><ssdm name=""/></StgValue>
</bind>
</comp>

<comp id="56" class="1004" name="n_fu_56">
<pin_list>
<pin id="57" dir="0" index="0" bw="1" slack="0"/>
<pin id="58" dir="1" index="1" bw="6" slack="0"/>
</pin_list>
<bind>
<opcode="alloca(26) " fcode="alloca"/>
<opset="n/1 "/>
</bind>
</comp>

<comp id="60" class="1004" name="k_fu_60">
<pin_list>
<pin id="61" dir="0" index="0" bw="1" slack="0"/>
<pin id="62" dir="1" index="1" bw="5" slack="0"/>
</pin_list>
<bind>
<opcode="alloca(26) " fcode="alloca"/>
<opset="k/1 "/>
</bind>
</comp>

<comp id="64" class="1004" name="indvar_flatten_fu_64">
<pin_list>
<pin id="65" dir="0" index="0" bw="1" slack="0"/>
<pin id="66" dir="1" index="1" bw="10" slack="0"/>
</pin_list>
<bind>
<opcode="alloca(26) " fcode="alloca"/>
<opset="indvar_flatten/1 "/>
</bind>
</comp>

<comp id="68" class="1004" name="val_B_V_read_fu_68">
<pin_list>
<pin id="69" dir="0" index="0" bw="8" slack="0"/>
<pin id="70" dir="0" index="1" bw="8" slack="0"/>
<pin id="71" dir="1" index="2" bw="8" slack="0"/>
</pin_list>
<bind>
<opcode="read(1150) " fcode="read"/>
<opset="val_B_V/2 "/>
</bind>
</comp>

<comp id="74" class="1004" name="buff_B_V_addr_gep_fu_74">
<pin_list>
<pin id="75" dir="0" index="0" bw="8" slack="0"/>
<pin id="76" dir="0" index="1" bw="1" slack="0"/>
<pin id="77" dir="0" index="2" bw="10" slack="0"/>
<pin id="78" dir="1" index="3" bw="10" slack="0"/>
</pin_list>
<bind>
<opcode="getelementptr(29) " fcode="getelementptr"/>
<opset="buff_B_V_addr/2 "/>
</bind>
</comp>

<comp id="81" class="1004" name="store_ln1803_access_fu_81">
<pin_list>
<pin id="82" dir="0" index="0" bw="10" slack="0"/>
<pin id="83" dir="0" index="1" bw="8" slack="0"/>
<pin id="84" dir="0" index="2" bw="0" slack="2147483647"/>
<pin id="85" dir="1" index="3" bw="8" slack="2147483647"/>
</pin_list>
<bind>
<opcode="store(28) " fcode="store"/>
<opset="store_ln1803/2 "/>
</bind>
</comp>

<comp id="88" class="1004" name="store_ln0_store_fu_88">
<pin_list>
<pin id="89" dir="0" index="0" bw="1" slack="0"/>
<pin id="90" dir="0" index="1" bw="10" slack="0"/>
<pin id="91" dir="1" index="2" bw="0" slack="2147483647"/>
</pin_list>
<bind>
<opcode="store(28) " fcode="store"/>
<opset="store_ln0/1 "/>
</bind>
</comp>

<comp id="93" class="1004" name="store_ln0_store_fu_93">
<pin_list>
<pin id="94" dir="0" index="0" bw="1" slack="0"/>
<pin id="95" dir="0" index="1" bw="5" slack="0"/>
<pin id="96" dir="1" index="2" bw="0" slack="2147483647"/>
</pin_list>
<bind>
<opcode="store(28) " fcode="store"/>
<opset="store_ln0/1 "/>
</bind>
</comp>

<comp id="98" class="1004" name="store_ln0_store_fu_98">
<pin_list>
<pin id="99" dir="0" index="0" bw="1" slack="0"/>
<pin id="100" dir="0" index="1" bw="6" slack="0"/>
<pin id="101" dir="1" index="2" bw="0" slack="2147483647"/>
</pin_list>
<bind>
<opcode="store(28) " fcode="store"/>
<opset="store_ln0/1 "/>
</bind>
</comp>

<comp id="103" class="1004" name="indvar_flatten_load_load_fu_103">
<pin_list>
<pin id="104" dir="0" index="0" bw="10" slack="0"/>
<pin id="105" dir="1" index="1" bw="10" slack="0"/>
</pin_list>
<bind>
<opcode="load(27) " fcode="load"/>
<opset="indvar_flatten_load/1 "/>
</bind>
</comp>

<comp id="106" class="1004" name="icmp_ln1795_fu_106">
<pin_list>
<pin id="107" dir="0" index="0" bw="10" slack="0"/>
<pin id="108" dir="0" index="1" bw="10" slack="0"/>
<pin id="109" dir="1" index="2" bw="1" slack="2147483647"/>
</pin_list>
<bind>
<opcode="icmp(45) " fcode="icmp"/>
<opset="icmp_ln1795/1 "/>
</bind>
</comp>

<comp id="112" class="1004" name="add_ln1795_2_fu_112">
<pin_list>
<pin id="113" dir="0" index="0" bw="10" slack="0"/>
<pin id="114" dir="0" index="1" bw="1" slack="0"/>
<pin id="115" dir="1" index="2" bw="10" slack="0"/>
</pin_list>
<bind>
<opcode="add(8) " fcode="add"/>
<opset="add_ln1795_2/1 "/>
</bind>
</comp>

<comp id="118" class="1004" name="store_ln1796_store_fu_118">
<pin_list>
<pin id="119" dir="0" index="0" bw="10" slack="0"/>
<pin id="120" dir="0" index="1" bw="10" slack="0"/>
<pin id="121" dir="1" index="2" bw="0" slack="2147483647"/>
</pin_list>
<bind>
<opcode="store(28) " fcode="store"/>
<opset="store_ln1796/1 "/>
</bind>
</comp>

<comp id="123" class="1004" name="n_load_load_fu_123">
<pin_list>
<pin id="124" dir="0" index="0" bw="6" slack="1"/>
<pin id="125" dir="1" index="1" bw="6" slack="0"/>
</pin_list>
<bind>
<opcode="load(27) " fcode="load"/>
<opset="n_load/2 "/>
</bind>
</comp>

<comp id="126" class="1004" name="k_load_load_fu_126">
<pin_list>
<pin id="127" dir="0" index="0" bw="5" slack="1"/>
<pin id="128" dir="1" index="1" bw="5" slack="0"/>
</pin_list>
<bind>
<opcode="load(27) " fcode="load"/>
<opset="k_load/2 "/>
</bind>
</comp>

<comp id="129" class="1004" name="add_ln1795_fu_129">
<pin_list>
<pin id="130" dir="0" index="0" bw="5" slack="0"/>
<pin id="131" dir="0" index="1" bw="1" slack="0"/>
<pin id="132" dir="1" index="2" bw="5" slack="0"/>
</pin_list>
<bind>
<opcode="add(8) " fcode="add"/>
<opset="add_ln1795/2 "/>
</bind>
</comp>

<comp id="135" class="1004" name="icmp_ln1796_fu_135">
<pin_list>
<pin id="136" dir="0" index="0" bw="6" slack="0"/>
<pin id="137" dir="0" index="1" bw="6" slack="0"/>
<pin id="138" dir="1" index="2" bw="1" slack="0"/>
</pin_list>
<bind>
<opcode="icmp(45) " fcode="icmp"/>
<opset="icmp_ln1796/2 "/>
</bind>
</comp>

<comp id="141" class="1004" name="select_ln1795_fu_141">
<pin_list>
<pin id="142" dir="0" index="0" bw="1" slack="0"/>
<pin id="143" dir="0" index="1" bw="6" slack="0"/>
<pin id="144" dir="0" index="2" bw="6" slack="0"/>
<pin id="145" dir="1" index="3" bw="6" slack="0"/>
</pin_list>
<bind>
<opcode="select(49) " fcode="select"/>
<opset="select_ln1795/2 "/>
</bind>
</comp>

<comp id="149" class="1004" name="select_ln1795_2_fu_149">
<pin_list>
<pin id="150" dir="0" index="0" bw="1" slack="0"/>
<pin id="151" dir="0" index="1" bw="5" slack="0"/>
<pin id="152" dir="0" index="2" bw="5" slack="0"/>
<pin id="153" dir="1" index="3" bw="5" slack="0"/>
</pin_list>
<bind>
<opcode="select(49) " fcode="select"/>
<opset="select_ln1795_2/2 "/>
</bind>
</comp>

<comp id="157" class="1004" name="trunc_ln1803_fu_157">
<pin_list>
<pin id="158" dir="0" index="0" bw="5" slack="0"/>
<pin id="159" dir="1" index="1" bw="4" slack="0"/>
</pin_list>
<bind>
<opcode="trunc(33) " fcode="trunc"/>
<opset="trunc_ln1803/2 "/>
</bind>
</comp>

<comp id="161" class="1004" name="tmp_fu_161">
<pin_list>
<pin id="162" dir="0" index="0" bw="10" slack="0"/>
<pin id="163" dir="0" index="1" bw="4" slack="0"/>
<pin id="164" dir="0" index="2" bw="1" slack="0"/>
<pin id="165" dir="1" index="3" bw="10" slack="0"/>
</pin_list>
<bind>
<opcode="bitconcatenate(1004) " fcode="bitconcatenate"/>
<opset="tmp/2 "/>
</bind>
</comp>

<comp id="169" class="1004" name="tmp_s_fu_169">
<pin_list>
<pin id="170" dir="0" index="0" bw="9" slack="0"/>
<pin id="171" dir="0" index="1" bw="5" slack="0"/>
<pin id="172" dir="0" index="2" bw="1" slack="0"/>
<pin id="173" dir="1" index="3" bw="9" slack="0"/>
</pin_list>
<bind>
<opcode="bitconcatenate(1004) " fcode="bitconcatenate"/>
<opset="tmp_s/2 "/>
</bind>
</comp>

<comp id="177" class="1004" name="zext_ln1803_fu_177">
<pin_list>
<pin id="178" dir="0" index="0" bw="9" slack="0"/>
<pin id="179" dir="1" index="1" bw="10" slack="0"/>
</pin_list>
<bind>
<opcode="zext(34) " fcode="zext"/>
<opset="zext_ln1803/2 "/>
</bind>
</comp>

<comp id="181" class="1004" name="sub_ln1803_fu_181">
<pin_list>
<pin id="182" dir="0" index="0" bw="10" slack="0"/>
<pin id="183" dir="0" index="1" bw="9" slack="0"/>
<pin id="184" dir="1" index="2" bw="10" slack="0"/>
</pin_list>
<bind>
<opcode="sub(10) " fcode="sub"/>
<opset="sub_ln1803/2 "/>
</bind>
</comp>

<comp id="187" class="1004" name="zext_ln1803_5_fu_187">
<pin_list>
<pin id="188" dir="0" index="0" bw="6" slack="0"/>
<pin id="189" dir="1" index="1" bw="10" slack="0"/>
</pin_list>
<bind>
<opcode="zext(34) " fcode="zext"/>
<opset="zext_ln1803_5/2 "/>
</bind>
</comp>

<comp id="191" class="1004" name="add_ln1803_fu_191">
<pin_list>
<pin id="192" dir="0" index="0" bw="10" slack="0"/>
<pin id="193" dir="0" index="1" bw="6" slack="0"/>
<pin id="194" dir="1" index="2" bw="10" slack="0"/>
</pin_list>
<bind>
<opcode="add(8) " fcode="add"/>
<opset="add_ln1803/2 "/>
</bind>
</comp>

<comp id="197" class="1004" name="zext_ln1803_6_fu_197">
<pin_list>
<pin id="198" dir="0" index="0" bw="10" slack="0"/>
<pin id="199" dir="1" index="1" bw="64" slack="0"/>
</pin_list>
<bind>
<opcode="zext(34) " fcode="zext"/>
<opset="zext_ln1803_6/2 "/>
</bind>
</comp>

<comp id="202" class="1004" name="add_ln1796_fu_202">
<pin_list>
<pin id="203" dir="0" index="0" bw="6" slack="0"/>
<pin id="204" dir="0" index="1" bw="1" slack="0"/>
<pin id="205" dir="1" index="2" bw="6" slack="0"/>
</pin_list>
<bind>
<opcode="add(8) " fcode="add"/>
<opset="add_ln1796/2 "/>
</bind>
</comp>

<comp id="208" class="1004" name="store_ln1796_store_fu_208">
<pin_list>
<pin id="209" dir="0" index="0" bw="5" slack="0"/>
<pin id="210" dir="0" index="1" bw="5" slack="1"/>
<pin id="211" dir="1" index="2" bw="0" slack="2147483647"/>
</pin_list>
<bind>
<opcode="store(28) " fcode="store"/>
<opset="store_ln1796/2 "/>
</bind>
</comp>

<comp id="213" class="1004" name="store_ln1796_store_fu_213">
<pin_list>
<pin id="214" dir="0" index="0" bw="6" slack="0"/>
<pin id="215" dir="0" index="1" bw="6" slack="1"/>
<pin id="216" dir="1" index="2" bw="0" slack="2147483647"/>
</pin_list>
<bind>
<opcode="store(28) " fcode="store"/>
<opset="store_ln1796/2 "/>
</bind>
</comp>

<comp id="218" class="1005" name="n_reg_218">
<pin_list>
<pin id="219" dir="0" index="0" bw="6" slack="0"/>
<pin id="220" dir="1" index="1" bw="6" slack="0"/>
</pin_list>
<bind>
<opset="n "/>
</bind>
</comp>

<comp id="225" class="1005" name="k_reg_225">
<pin_list>
<pin id="226" dir="0" index="0" bw="5" slack="0"/>
<pin id="227" dir="1" index="1" bw="5" slack="0"/>
</pin_list>
<bind>
<opset="k "/>
</bind>
</comp>

<comp id="232" class="1005" name="indvar_flatten_reg_232">
<pin_list>
<pin id="233" dir="0" index="0" bw="10" slack="0"/>
<pin id="234" dir="1" index="1" bw="10" slack="0"/>
</pin_list>
<bind>
<opset="indvar_flatten "/>
</bind>
</comp>

</comp_list>

<net_list>
<net id="59"><net_src comp="4" pin="0"/><net_sink comp="56" pin=0"/></net>

<net id="63"><net_src comp="4" pin="0"/><net_sink comp="60" pin=0"/></net>

<net id="67"><net_src comp="4" pin="0"/><net_sink comp="64" pin=0"/></net>

<net id="72"><net_src comp="52" pin="0"/><net_sink comp="68" pin=0"/></net>

<net id="73"><net_src comp="2" pin="0"/><net_sink comp="68" pin=1"/></net>

<net id="79"><net_src comp="0" pin="0"/><net_sink comp="74" pin=0"/></net>

<net id="80"><net_src comp="48" pin="0"/><net_sink comp="74" pin=1"/></net>

<net id="86"><net_src comp="68" pin="2"/><net_sink comp="81" pin=1"/></net>

<net id="87"><net_src comp="74" pin="3"/><net_sink comp="81" pin=0"/></net>

<net id="92"><net_src comp="16" pin="0"/><net_sink comp="88" pin=0"/></net>

<net id="97"><net_src comp="18" pin="0"/><net_sink comp="93" pin=0"/></net>

<net id="102"><net_src comp="20" pin="0"/><net_sink comp="98" pin=0"/></net>

<net id="110"><net_src comp="103" pin="1"/><net_sink comp="106" pin=0"/></net>

<net id="111"><net_src comp="26" pin="0"/><net_sink comp="106" pin=1"/></net>

<net id="116"><net_src comp="103" pin="1"/><net_sink comp="112" pin=0"/></net>

<net id="117"><net_src comp="28" pin="0"/><net_sink comp="112" pin=1"/></net>

<net id="122"><net_src comp="112" pin="2"/><net_sink comp="118" pin=0"/></net>

<net id="133"><net_src comp="126" pin="1"/><net_sink comp="129" pin=0"/></net>

<net id="134"><net_src comp="30" pin="0"/><net_sink comp="129" pin=1"/></net>

<net id="139"><net_src comp="123" pin="1"/><net_sink comp="135" pin=0"/></net>

<net id="140"><net_src comp="40" pin="0"/><net_sink comp="135" pin=1"/></net>

<net id="146"><net_src comp="135" pin="2"/><net_sink comp="141" pin=0"/></net>

<net id="147"><net_src comp="20" pin="0"/><net_sink comp="141" pin=1"/></net>

<net id="148"><net_src comp="123" pin="1"/><net_sink comp="141" pin=2"/></net>

<net id="154"><net_src comp="135" pin="2"/><net_sink comp="149" pin=0"/></net>

<net id="155"><net_src comp="129" pin="2"/><net_sink comp="149" pin=1"/></net>

<net id="156"><net_src comp="126" pin="1"/><net_sink comp="149" pin=2"/></net>

<net id="160"><net_src comp="149" pin="3"/><net_sink comp="157" pin=0"/></net>

<net id="166"><net_src comp="42" pin="0"/><net_sink comp="161" pin=0"/></net>

<net id="167"><net_src comp="157" pin="1"/><net_sink comp="161" pin=1"/></net>

<net id="168"><net_src comp="20" pin="0"/><net_sink comp="161" pin=2"/></net>

<net id="174"><net_src comp="44" pin="0"/><net_sink comp="169" pin=0"/></net>

<net id="175"><net_src comp="149" pin="3"/><net_sink comp="169" pin=1"/></net>

<net id="176"><net_src comp="46" pin="0"/><net_sink comp="169" pin=2"/></net>

<net id="180"><net_src comp="169" pin="3"/><net_sink comp="177" pin=0"/></net>

<net id="185"><net_src comp="161" pin="3"/><net_sink comp="181" pin=0"/></net>

<net id="186"><net_src comp="177" pin="1"/><net_sink comp="181" pin=1"/></net>

<net id="190"><net_src comp="141" pin="3"/><net_sink comp="187" pin=0"/></net>

<net id="195"><net_src comp="181" pin="2"/><net_sink comp="191" pin=0"/></net>

<net id="196"><net_src comp="187" pin="1"/><net_sink comp="191" pin=1"/></net>

<net id="200"><net_src comp="191" pin="2"/><net_sink comp="197" pin=0"/></net>

<net id="201"><net_src comp="197" pin="1"/><net_sink comp="74" pin=2"/></net>

<net id="206"><net_src comp="141" pin="3"/><net_sink comp="202" pin=0"/></net>

<net id="207"><net_src comp="54" pin="0"/><net_sink comp="202" pin=1"/></net>

<net id="212"><net_src comp="149" pin="3"/><net_sink comp="208" pin=0"/></net>

<net id="217"><net_src comp="202" pin="2"/><net_sink comp="213" pin=0"/></net>

<net id="221"><net_src comp="56" pin="1"/><net_sink comp="218" pin=0"/></net>

<net id="222"><net_src comp="218" pin="1"/><net_sink comp="98" pin=1"/></net>

<net id="223"><net_src comp="218" pin="1"/><net_sink comp="123" pin=0"/></net>

<net id="224"><net_src comp="218" pin="1"/><net_sink comp="213" pin=1"/></net>

<net id="228"><net_src comp="60" pin="1"/><net_sink comp="225" pin=0"/></net>

<net id="229"><net_src comp="225" pin="1"/><net_sink comp="93" pin=1"/></net>

<net id="230"><net_src comp="225" pin="1"/><net_sink comp="126" pin=0"/></net>

<net id="231"><net_src comp="225" pin="1"/><net_sink comp="208" pin=1"/></net>

<net id="235"><net_src comp="64" pin="1"/><net_sink comp="232" pin=0"/></net>

<net id="236"><net_src comp="232" pin="1"/><net_sink comp="88" pin=1"/></net>

<net id="237"><net_src comp="232" pin="1"/><net_sink comp="103" pin=0"/></net>

<net id="238"><net_src comp="232" pin="1"/><net_sink comp="118" pin=1"/></net>

</net_list>

</model> 
---------------- Datapath Model END ------------------

* FSMD analyzer results:
  - Output states:
	Port: buff_B_V | {2 }
	Port: V_1_2 | {}
 - Input state : 
	Port: MatMul_KV_tiled.21_Pipeline_load_B_VITIS_LOOP_1796_1 : V_1_2 | {2 }
  - Chain level:
	State 1
		store_ln0 : 1
		store_ln0 : 1
		store_ln0 : 1
		indvar_flatten_load : 1
		icmp_ln1795 : 2
		add_ln1795_2 : 2
		br_ln1795 : 3
		store_ln1796 : 3
	State 2
		add_ln1795 : 1
		icmp_ln1796 : 1
		select_ln1795 : 2
		select_ln1795_2 : 2
		trunc_ln1803 : 3
		tmp : 4
		tmp_s : 3
		zext_ln1803 : 4
		sub_ln1803 : 5
		zext_ln1803_5 : 3
		add_ln1803 : 6
		zext_ln1803_6 : 7
		buff_B_V_addr : 8
		store_ln1803 : 9
		add_ln1796 : 3
		store_ln1796 : 3
		store_ln1796 : 4


============================================================
+ Verbose Summary: Datapath Resource usage 
============================================================

* Functional unit list:
|----------|------------------------|---------|---------|
| Operation|     Functional Unit    |    FF   |   LUT   |
|----------|------------------------|---------|---------|
|          |   add_ln1795_2_fu_112  |    0    |    17   |
|    add   |    add_ln1795_fu_129   |    0    |    12   |
|          |    add_ln1803_fu_191   |    0    |    18   |
|          |    add_ln1796_fu_202   |    0    |    13   |
|----------|------------------------|---------|---------|
|   icmp   |   icmp_ln1795_fu_106   |    0    |    11   |
|          |   icmp_ln1796_fu_135   |    0    |    10   |
|----------|------------------------|---------|---------|
|    sub   |    sub_ln1803_fu_181   |    0    |    18   |
|----------|------------------------|---------|---------|
|  select  |  select_ln1795_fu_141  |    0    |    6    |
|          | select_ln1795_2_fu_149 |    0    |    5    |
|----------|------------------------|---------|---------|
|   read   |   val_B_V_read_fu_68   |    0    |    0    |
|----------|------------------------|---------|---------|
|   trunc  |   trunc_ln1803_fu_157  |    0    |    0    |
|----------|------------------------|---------|---------|
|bitconcatenate|       tmp_fu_161       |    0    |    0    |
|          |      tmp_s_fu_169      |    0    |    0    |
|----------|------------------------|---------|---------|
|          |   zext_ln1803_fu_177   |    0    |    0    |
|   zext   |  zext_ln1803_5_fu_187  |    0    |    0    |
|          |  zext_ln1803_6_fu_197  |    0    |    0    |
|----------|------------------------|---------|---------|
|   Total  |                        |    0    |   110   |
|----------|------------------------|---------|---------|

Memories:
N/A

* Register list:
+----------------------+--------+
|                      |   FF   |
+----------------------+--------+
|indvar_flatten_reg_232|   10   |
|       k_reg_225      |    5   |
|       n_reg_218      |    6   |
+----------------------+--------+
|         Total        |   21   |
+----------------------+--------+

* Multiplexer (MUX) list: 
|--------|------|------|------|--------|
|  Comp  |  Pin | Size |  BW  | S x BW |
|--------|------|------|------|--------|
|  Total |      |      |      |    0   |
|--------|------|------|------|--------|



* Summary:
+-----------+--------+--------+
|           |   FF   |   LUT  |
+-----------+--------+--------+
|  Function |    0   |   110  |
|   Memory  |    -   |    -   |
|Multiplexer|    -   |    -   |
|  Register |   21   |    -   |
+-----------+--------+--------+
|   Total   |   21   |   110  |
+-----------+--------+--------+
