

================================================================
== Vitis HLS Report for 'MatMul_KV_tiled_17_17_48_1_1_1_1_1_382_16_0_ap_int_8_ap_int_32_s'
================================================================
* Date:           Thu Jun 18 11:11:25 2026

* Version:        2022.2 (Build 3670227 on Oct 13 2022)
* Project:        ViT_Block
* Solution:       ViT_Block (Vivado IP Flow Target)
* Product family: virtexuplus
* Target device:  xcu250-figd2104-2L-e


================================================================
== Performance Estimates
================================================================
+ Timing: 
    * Summary: 
    +--------+----------+----------+------------+
    |  Clock |  Target  | Estimated| Uncertainty|
    +--------+----------+----------+------------+
    |ap_clk  |  10.00 ns|  4.723 ns|     2.70 ns|
    +--------+----------+----------+------------+

+ Latency: 
    * Summary: 
    +---------+---------+-----------+-----------+------+------+---------+
    |  Latency (cycles) |   Latency (absolute)  |   Interval  | Pipeline|
    |   min   |   max   |    min    |    max    |  min |  max |   Type  |
    +---------+---------+-----------+-----------+------+------+---------+
    |     2368|     2368|  23.680 us|  23.680 us|  2368|  2368|       no|
    +---------+---------+-----------+-----------+------+------+---------+

    + Detail: 
        * Instance: 
        N/A

        * Loop: 
        +---------------+---------+---------+----------+-----------+-----------+------+----------+
        |               |  Latency (cycles) | Iteration|  Initiation Interval  | Trip |          |
        |   Loop Name   |   min   |   max   |  Latency |  achieved |   target  | Count| Pipelined|
        +---------------+---------+---------+----------+-----------+-----------+------+----------+
        |- matmul_core  |     1547|     1547|        91|          -|          -|    17|        no|
        +---------------+---------+---------+----------+-----------+-----------+------+----------+

============================================================
+ Verbose Summary: Synthesis Manager
============================================================
InlineROM: 1
ExposeGlobal: 0
============================================================
+ Verbose Summary: CDFG Model
============================================================
IsTopModel: 0
ResetActiveHigh: 1
IsCombinational: 2
IsDatapathOnly: 0
HasWiredReturn: 1
HasMFsm: 0
HasVarLatency: 1
IsPipeline: 0
IsRtlPipelined: 0
IsInstanceOverlapped: 0
IsDontTouch: 0
HasImplIP: 0
IsGatedGlobalClock: 0


============================================================
+ Verbose Summary: Schedule
============================================================
* Number of FSM states : 16
* Pipeline : 0
* Dataflow Pipeline: 0

* FSM state transitions: 
1 --> 2 
2 --> 3 
3 --> 4 
4 --> 5 
5 --> 6 
6 --> 7 
7 --> 8 
8 --> 9 
9 --> 10 
10 --> 11 
11 --> 12 
12 --> 13 
13 --> 14 
14 --> 15 
15 --> 16 
16 --> 4 

* FSM state operations: 

State 1 <SV = 0> <Delay = 0.38>
ST_1 : Operation 17 [1/1] (0.00ns)   --->   "%m = alloca i32 1"   --->   Operation 17 'alloca' 'm' <Predicate = true> <Delay = 0.00>
ST_1 : Operation 18 [1/1] (0.00ns)   --->   "%buff_B_V = alloca i64 1" [/home/fede/PhD/transformer-hls/hls/include/linear.h:1781]   --->   Operation 18 'alloca' 'buff_B_V' <Predicate = true> <Delay = 0.00>
ST_1 : Operation 19 [1/1] (0.00ns)   --->   "%tile_A_V_0 = alloca i64 1" [/home/fede/PhD/transformer-hls/hls/include/linear.h:1786]   --->   Operation 19 'alloca' 'tile_A_V_0' <Predicate = true> <Delay = 0.00> <CoreInst = "RAM">   --->   Core 83 'RAM' <Latency = 1> <II = 1> <Delay = 0.66> <Storage> <Opcode : 'load' 'store'> <Ports = 2> <Width = 8> <Depth = 17> <RAM>
ST_1 : Operation 20 [1/1] (0.00ns)   --->   "%empty = wait i32 @_ssdm_op_Wait"   --->   Operation 20 'wait' 'empty' <Predicate = true> <Delay = 0.00>
ST_1 : Operation 21 [2/2] (0.00ns)   --->   "%call_ln0 = call void @MatMul_KV_tiled_Pipeline_load_B_VITIS_LOOP_1796_1, i8 %buff_B_V, i8 %V_1_0"   --->   Operation 21 'call' 'call_ln0' <Predicate = true> <Delay = 0.00> <CoreType = "Generic">   --->   Core 0 '' <Latency = 0> <II = 1> <Delay = 1.00> <Generic> <Opcode : >
ST_1 : Operation 22 [1/1] (0.38ns)   --->   "%store_ln1813 = store i5 0, i5 %m" [/home/fede/PhD/transformer-hls/hls/include/linear.h:1813]   --->   Operation 22 'store' 'store_ln1813' <Predicate = true> <Delay = 0.38>

State 2 <SV = 1> <Delay = 0.00>
ST_2 : Operation 23 [1/2] (0.00ns)   --->   "%call_ln0 = call void @MatMul_KV_tiled_Pipeline_load_B_VITIS_LOOP_1796_1, i8 %buff_B_V, i8 %V_1_0"   --->   Operation 23 'call' 'call_ln0' <Predicate = true> <Delay = 0.00> <CoreType = "Generic">   --->   Core 0 '' <Latency = 0> <II = 1> <Delay = 1.00> <Generic> <Opcode : >

State 3 <SV = 2> <Delay = 0.00>
ST_3 : Operation 24 [1/1] (0.00ns)   --->   "%specinterface_ln0 = specinterface void @_ssdm_op_SpecInterface, i8 %V_1_0, void @empty_0, i32 0, i32 0, void @empty_26, i32 0, i32 0, void @empty_26, void @empty_26, void @empty_26, i32 0, i32 0, i32 0, i32 0, void @empty_26, void @empty_26, i32 4294967295, i32 0"   --->   Operation 24 'specinterface' 'specinterface_ln0' <Predicate = true> <Delay = 0.00>
ST_3 : Operation 25 [1/1] (0.00ns)   --->   "%specinterface_ln0 = specinterface void @_ssdm_op_SpecInterface, i8 %A_sx_0, void @empty_0, i32 0, i32 0, void @empty_26, i32 0, i32 0, void @empty_26, void @empty_26, void @empty_26, i32 0, i32 0, i32 0, i32 0, void @empty_26, void @empty_26, i32 4294967295, i32 0"   --->   Operation 25 'specinterface' 'specinterface_ln0' <Predicate = true> <Delay = 0.00>
ST_3 : Operation 26 [1/1] (0.00ns)   --->   "%specinterface_ln0 = specinterface void @_ssdm_op_SpecInterface, i8 %head_out_0, void @empty_0, i32 0, i32 0, void @empty_26, i32 0, i32 0, void @empty_26, void @empty_26, void @empty_26, i32 0, i32 0, i32 0, i32 0, void @empty_26, void @empty_26, i32 4294967295, i32 0"   --->   Operation 26 'specinterface' 'specinterface_ln0' <Predicate = true> <Delay = 0.00>
ST_3 : Operation 27 [1/1] (0.00ns)   --->   "%empty_466 = wait i32 @_ssdm_op_Wait"   --->   Operation 27 'wait' 'empty_466' <Predicate = true> <Delay = 0.00>
ST_3 : Operation 28 [1/1] (0.00ns)   --->   "%tile_A_V_0_addr = getelementptr i8 %tile_A_V_0, i64 0, i64 0"   --->   Operation 28 'getelementptr' 'tile_A_V_0_addr' <Predicate = true> <Delay = 0.00>
ST_3 : Operation 29 [1/1] (0.00ns)   --->   "%tile_A_V_0_addr_49 = getelementptr i8 %tile_A_V_0, i64 0, i64 1"   --->   Operation 29 'getelementptr' 'tile_A_V_0_addr_49' <Predicate = true> <Delay = 0.00>
ST_3 : Operation 30 [1/1] (0.00ns)   --->   "%tile_A_V_0_addr_50 = getelementptr i8 %tile_A_V_0, i64 0, i64 2"   --->   Operation 30 'getelementptr' 'tile_A_V_0_addr_50' <Predicate = true> <Delay = 0.00>
ST_3 : Operation 31 [1/1] (0.00ns)   --->   "%tile_A_V_0_addr_51 = getelementptr i8 %tile_A_V_0, i64 0, i64 3"   --->   Operation 31 'getelementptr' 'tile_A_V_0_addr_51' <Predicate = true> <Delay = 0.00>
ST_3 : Operation 32 [1/1] (0.00ns)   --->   "%tile_A_V_0_addr_52 = getelementptr i8 %tile_A_V_0, i64 0, i64 4"   --->   Operation 32 'getelementptr' 'tile_A_V_0_addr_52' <Predicate = true> <Delay = 0.00>
ST_3 : Operation 33 [1/1] (0.00ns)   --->   "%tile_A_V_0_addr_53 = getelementptr i8 %tile_A_V_0, i64 0, i64 5"   --->   Operation 33 'getelementptr' 'tile_A_V_0_addr_53' <Predicate = true> <Delay = 0.00>
ST_3 : Operation 34 [1/1] (0.00ns)   --->   "%tile_A_V_0_addr_54 = getelementptr i8 %tile_A_V_0, i64 0, i64 6"   --->   Operation 34 'getelementptr' 'tile_A_V_0_addr_54' <Predicate = true> <Delay = 0.00>
ST_3 : Operation 35 [1/1] (0.00ns)   --->   "%tile_A_V_0_addr_55 = getelementptr i8 %tile_A_V_0, i64 0, i64 7"   --->   Operation 35 'getelementptr' 'tile_A_V_0_addr_55' <Predicate = true> <Delay = 0.00>
ST_3 : Operation 36 [1/1] (0.00ns)   --->   "%tile_A_V_0_addr_56 = getelementptr i8 %tile_A_V_0, i64 0, i64 8"   --->   Operation 36 'getelementptr' 'tile_A_V_0_addr_56' <Predicate = true> <Delay = 0.00>
ST_3 : Operation 37 [1/1] (0.00ns)   --->   "%tile_A_V_0_addr_57 = getelementptr i8 %tile_A_V_0, i64 0, i64 9"   --->   Operation 37 'getelementptr' 'tile_A_V_0_addr_57' <Predicate = true> <Delay = 0.00>
ST_3 : Operation 38 [1/1] (0.00ns)   --->   "%tile_A_V_0_addr_58 = getelementptr i8 %tile_A_V_0, i64 0, i64 10"   --->   Operation 38 'getelementptr' 'tile_A_V_0_addr_58' <Predicate = true> <Delay = 0.00>
ST_3 : Operation 39 [1/1] (0.00ns)   --->   "%tile_A_V_0_addr_59 = getelementptr i8 %tile_A_V_0, i64 0, i64 11"   --->   Operation 39 'getelementptr' 'tile_A_V_0_addr_59' <Predicate = true> <Delay = 0.00>
ST_3 : Operation 40 [1/1] (0.00ns)   --->   "%tile_A_V_0_addr_60 = getelementptr i8 %tile_A_V_0, i64 0, i64 12"   --->   Operation 40 'getelementptr' 'tile_A_V_0_addr_60' <Predicate = true> <Delay = 0.00>
ST_3 : Operation 41 [1/1] (0.00ns)   --->   "%tile_A_V_0_addr_61 = getelementptr i8 %tile_A_V_0, i64 0, i64 13"   --->   Operation 41 'getelementptr' 'tile_A_V_0_addr_61' <Predicate = true> <Delay = 0.00>
ST_3 : Operation 42 [1/1] (0.00ns)   --->   "%tile_A_V_0_addr_62 = getelementptr i8 %tile_A_V_0, i64 0, i64 14"   --->   Operation 42 'getelementptr' 'tile_A_V_0_addr_62' <Predicate = true> <Delay = 0.00>
ST_3 : Operation 43 [1/1] (0.00ns)   --->   "%tile_A_V_0_addr_63 = getelementptr i8 %tile_A_V_0, i64 0, i64 15"   --->   Operation 43 'getelementptr' 'tile_A_V_0_addr_63' <Predicate = true> <Delay = 0.00>
ST_3 : Operation 44 [1/1] (0.00ns)   --->   "%tile_A_V_0_addr_64 = getelementptr i8 %tile_A_V_0, i64 0, i64 16"   --->   Operation 44 'getelementptr' 'tile_A_V_0_addr_64' <Predicate = true> <Delay = 0.00>
ST_3 : Operation 45 [1/1] (0.00ns)   --->   "%br_ln1813 = br void %buff_init" [/home/fede/PhD/transformer-hls/hls/include/linear.h:1813]   --->   Operation 45 'br' 'br_ln1813' <Predicate = true> <Delay = 0.00>

State 4 <SV = 3> <Delay = 1.09>
ST_4 : Operation 46 [1/1] (0.00ns)   --->   "%m_26 = load i5 %m" [/home/fede/PhD/transformer-hls/hls/include/linear.h:1813]   --->   Operation 46 'load' 'm_26' <Predicate = true> <Delay = 0.00>
ST_4 : Operation 47 [1/1] (0.63ns)   --->   "%icmp_ln1813 = icmp_eq  i5 %m_26, i5 17" [/home/fede/PhD/transformer-hls/hls/include/linear.h:1813]   --->   Operation 47 'icmp' 'icmp_ln1813' <Predicate = true> <Delay = 0.63> <CoreInst = "Cmp">   --->   Core 9 'Cmp' <Latency = 0> <II = 1> <Delay = 0.63> <FuncUnit> <Opcode : 'icmp'> <InPorts = 2> <OutPorts = 1>
ST_4 : Operation 48 [1/1] (0.00ns)   --->   "%empty_467 = speclooptripcount i32 @_ssdm_op_SpecLoopTripCount, i64 17, i64 17, i64 17"   --->   Operation 48 'speclooptripcount' 'empty_467' <Predicate = true> <Delay = 0.00>
ST_4 : Operation 49 [1/1] (0.70ns)   --->   "%m_27 = add i5 %m_26, i5 1" [/home/fede/PhD/transformer-hls/hls/include/linear.h:1813]   --->   Operation 49 'add' 'm_27' <Predicate = true> <Delay = 0.70> <CoreInst = "Adder">   --->   Core 1 'Adder' <Latency = 0> <II = 1> <Delay = 0.70> <FuncUnit> <Opcode : 'add' 'sub'> <InPorts = 2> <OutPorts = 1>
ST_4 : Operation 50 [1/1] (0.00ns)   --->   "%br_ln1813 = br i1 %icmp_ln1813, void %buff_init.split, void %for.end256" [/home/fede/PhD/transformer-hls/hls/include/linear.h:1813]   --->   Operation 50 'br' 'br_ln1813' <Predicate = true> <Delay = 0.00>
ST_4 : Operation 51 [1/1] (0.00ns)   --->   "%empty_468 = wait i32 @_ssdm_op_Wait"   --->   Operation 51 'wait' 'empty_468' <Predicate = (!icmp_ln1813)> <Delay = 0.00>
ST_4 : Operation 52 [2/2] (0.00ns)   --->   "%call_ln0 = call void @MatMul_KV_tiled_Pipeline_VITIS_LOOP_1818_5, i8 %A_sx_0, i8 %tile_A_V_0"   --->   Operation 52 'call' 'call_ln0' <Predicate = (!icmp_ln1813)> <Delay = 0.00> <CoreType = "Generic">   --->   Core 0 '' <Latency = 0> <II = 1> <Delay = 1.00> <Generic> <Opcode : >
ST_4 : Operation 53 [1/1] (0.38ns)   --->   "%store_ln1813 = store i5 %m_27, i5 %m" [/home/fede/PhD/transformer-hls/hls/include/linear.h:1813]   --->   Operation 53 'store' 'store_ln1813' <Predicate = (!icmp_ln1813)> <Delay = 0.38>
ST_4 : Operation 54 [1/1] (0.00ns)   --->   "%ret_ln1896 = ret" [/home/fede/PhD/transformer-hls/hls/include/linear.h:1896]   --->   Operation 54 'ret' 'ret_ln1896' <Predicate = (icmp_ln1813)> <Delay = 0.00>

State 5 <SV = 4> <Delay = 0.00>
ST_5 : Operation 55 [1/2] (0.00ns)   --->   "%call_ln0 = call void @MatMul_KV_tiled_Pipeline_VITIS_LOOP_1818_5, i8 %A_sx_0, i8 %tile_A_V_0"   --->   Operation 55 'call' 'call_ln0' <Predicate = true> <Delay = 0.00> <CoreType = "Generic">   --->   Core 0 '' <Latency = 0> <II = 1> <Delay = 1.00> <Generic> <Opcode : >

State 6 <SV = 5> <Delay = 0.66>
ST_6 : Operation 56 [1/1] (0.00ns)   --->   "%empty_469 = wait i32 @_ssdm_op_Wait"   --->   Operation 56 'wait' 'empty_469' <Predicate = true> <Delay = 0.00>
ST_6 : Operation 57 [2/2] (0.66ns)   --->   "%tile_A_V_0_load = load i5 %tile_A_V_0_addr"   --->   Operation 57 'load' 'tile_A_V_0_load' <Predicate = true> <Delay = 0.66> <CoreInst = "RAM">   --->   Core 83 'RAM' <Latency = 1> <II = 1> <Delay = 0.66> <Storage> <Opcode : 'load' 'store'> <Ports = 2> <Width = 8> <Depth = 17> <RAM>

State 7 <SV = 6> <Delay = 0.66>
ST_7 : Operation 58 [1/2] (0.66ns)   --->   "%tile_A_V_0_load = load i5 %tile_A_V_0_addr"   --->   Operation 58 'load' 'tile_A_V_0_load' <Predicate = true> <Delay = 0.66> <CoreInst = "RAM">   --->   Core 83 'RAM' <Latency = 1> <II = 1> <Delay = 0.66> <Storage> <Opcode : 'load' 'store'> <Ports = 2> <Width = 8> <Depth = 17> <RAM>
ST_7 : Operation 59 [2/2] (0.66ns)   --->   "%tile_A_V_0_load_49 = load i5 %tile_A_V_0_addr_49"   --->   Operation 59 'load' 'tile_A_V_0_load_49' <Predicate = true> <Delay = 0.66> <CoreInst = "RAM">   --->   Core 83 'RAM' <Latency = 1> <II = 1> <Delay = 0.66> <Storage> <Opcode : 'load' 'store'> <Ports = 2> <Width = 8> <Depth = 17> <RAM>
ST_7 : Operation 60 [2/2] (0.66ns)   --->   "%tile_A_V_0_load_50 = load i5 %tile_A_V_0_addr_50"   --->   Operation 60 'load' 'tile_A_V_0_load_50' <Predicate = true> <Delay = 0.66> <CoreInst = "RAM">   --->   Core 83 'RAM' <Latency = 1> <II = 1> <Delay = 0.66> <Storage> <Opcode : 'load' 'store'> <Ports = 2> <Width = 8> <Depth = 17> <RAM>
ST_7 : Operation 61 [1/1] (0.00ns)   --->   "%empty_470 = wait i32 @_ssdm_op_Wait"   --->   Operation 61 'wait' 'empty_470' <Predicate = true> <Delay = 0.00>

State 8 <SV = 7> <Delay = 0.66>
ST_8 : Operation 62 [1/2] (0.66ns)   --->   "%tile_A_V_0_load_49 = load i5 %tile_A_V_0_addr_49"   --->   Operation 62 'load' 'tile_A_V_0_load_49' <Predicate = true> <Delay = 0.66> <CoreInst = "RAM">   --->   Core 83 'RAM' <Latency = 1> <II = 1> <Delay = 0.66> <Storage> <Opcode : 'load' 'store'> <Ports = 2> <Width = 8> <Depth = 17> <RAM>
ST_8 : Operation 63 [1/2] (0.66ns)   --->   "%tile_A_V_0_load_50 = load i5 %tile_A_V_0_addr_50"   --->   Operation 63 'load' 'tile_A_V_0_load_50' <Predicate = true> <Delay = 0.66> <CoreInst = "RAM">   --->   Core 83 'RAM' <Latency = 1> <II = 1> <Delay = 0.66> <Storage> <Opcode : 'load' 'store'> <Ports = 2> <Width = 8> <Depth = 17> <RAM>
ST_8 : Operation 64 [2/2] (0.66ns)   --->   "%tile_A_V_0_load_51 = load i5 %tile_A_V_0_addr_51"   --->   Operation 64 'load' 'tile_A_V_0_load_51' <Predicate = true> <Delay = 0.66> <CoreInst = "RAM">   --->   Core 83 'RAM' <Latency = 1> <II = 1> <Delay = 0.66> <Storage> <Opcode : 'load' 'store'> <Ports = 2> <Width = 8> <Depth = 17> <RAM>
ST_8 : Operation 65 [2/2] (0.66ns)   --->   "%tile_A_V_0_load_52 = load i5 %tile_A_V_0_addr_52"   --->   Operation 65 'load' 'tile_A_V_0_load_52' <Predicate = true> <Delay = 0.66> <CoreInst = "RAM">   --->   Core 83 'RAM' <Latency = 1> <II = 1> <Delay = 0.66> <Storage> <Opcode : 'load' 'store'> <Ports = 2> <Width = 8> <Depth = 17> <RAM>

State 9 <SV = 8> <Delay = 0.66>
ST_9 : Operation 66 [1/2] (0.66ns)   --->   "%tile_A_V_0_load_51 = load i5 %tile_A_V_0_addr_51"   --->   Operation 66 'load' 'tile_A_V_0_load_51' <Predicate = true> <Delay = 0.66> <CoreInst = "RAM">   --->   Core 83 'RAM' <Latency = 1> <II = 1> <Delay = 0.66> <Storage> <Opcode : 'load' 'store'> <Ports = 2> <Width = 8> <Depth = 17> <RAM>
ST_9 : Operation 67 [1/2] (0.66ns)   --->   "%tile_A_V_0_load_52 = load i5 %tile_A_V_0_addr_52"   --->   Operation 67 'load' 'tile_A_V_0_load_52' <Predicate = true> <Delay = 0.66> <CoreInst = "RAM">   --->   Core 83 'RAM' <Latency = 1> <II = 1> <Delay = 0.66> <Storage> <Opcode : 'load' 'store'> <Ports = 2> <Width = 8> <Depth = 17> <RAM>
ST_9 : Operation 68 [2/2] (0.66ns)   --->   "%tile_A_V_0_load_53 = load i5 %tile_A_V_0_addr_53"   --->   Operation 68 'load' 'tile_A_V_0_load_53' <Predicate = true> <Delay = 0.66> <CoreInst = "RAM">   --->   Core 83 'RAM' <Latency = 1> <II = 1> <Delay = 0.66> <Storage> <Opcode : 'load' 'store'> <Ports = 2> <Width = 8> <Depth = 17> <RAM>
ST_9 : Operation 69 [2/2] (0.66ns)   --->   "%tile_A_V_0_load_54 = load i5 %tile_A_V_0_addr_54"   --->   Operation 69 'load' 'tile_A_V_0_load_54' <Predicate = true> <Delay = 0.66> <CoreInst = "RAM">   --->   Core 83 'RAM' <Latency = 1> <II = 1> <Delay = 0.66> <Storage> <Opcode : 'load' 'store'> <Ports = 2> <Width = 8> <Depth = 17> <RAM>

State 10 <SV = 9> <Delay = 0.66>
ST_10 : Operation 70 [1/2] (0.66ns)   --->   "%tile_A_V_0_load_53 = load i5 %tile_A_V_0_addr_53"   --->   Operation 70 'load' 'tile_A_V_0_load_53' <Predicate = true> <Delay = 0.66> <CoreInst = "RAM">   --->   Core 83 'RAM' <Latency = 1> <II = 1> <Delay = 0.66> <Storage> <Opcode : 'load' 'store'> <Ports = 2> <Width = 8> <Depth = 17> <RAM>
ST_10 : Operation 71 [1/2] (0.66ns)   --->   "%tile_A_V_0_load_54 = load i5 %tile_A_V_0_addr_54"   --->   Operation 71 'load' 'tile_A_V_0_load_54' <Predicate = true> <Delay = 0.66> <CoreInst = "RAM">   --->   Core 83 'RAM' <Latency = 1> <II = 1> <Delay = 0.66> <Storage> <Opcode : 'load' 'store'> <Ports = 2> <Width = 8> <Depth = 17> <RAM>
ST_10 : Operation 72 [2/2] (0.66ns)   --->   "%tile_A_V_0_load_55 = load i5 %tile_A_V_0_addr_55"   --->   Operation 72 'load' 'tile_A_V_0_load_55' <Predicate = true> <Delay = 0.66> <CoreInst = "RAM">   --->   Core 83 'RAM' <Latency = 1> <II = 1> <Delay = 0.66> <Storage> <Opcode : 'load' 'store'> <Ports = 2> <Width = 8> <Depth = 17> <RAM>
ST_10 : Operation 73 [2/2] (0.66ns)   --->   "%tile_A_V_0_load_56 = load i5 %tile_A_V_0_addr_56"   --->   Operation 73 'load' 'tile_A_V_0_load_56' <Predicate = true> <Delay = 0.66> <CoreInst = "RAM">   --->   Core 83 'RAM' <Latency = 1> <II = 1> <Delay = 0.66> <Storage> <Opcode : 'load' 'store'> <Ports = 2> <Width = 8> <Depth = 17> <RAM>

State 11 <SV = 10> <Delay = 0.66>
ST_11 : Operation 74 [1/2] (0.66ns)   --->   "%tile_A_V_0_load_55 = load i5 %tile_A_V_0_addr_55"   --->   Operation 74 'load' 'tile_A_V_0_load_55' <Predicate = true> <Delay = 0.66> <CoreInst = "RAM">   --->   Core 83 'RAM' <Latency = 1> <II = 1> <Delay = 0.66> <Storage> <Opcode : 'load' 'store'> <Ports = 2> <Width = 8> <Depth = 17> <RAM>
ST_11 : Operation 75 [1/2] (0.66ns)   --->   "%tile_A_V_0_load_56 = load i5 %tile_A_V_0_addr_56"   --->   Operation 75 'load' 'tile_A_V_0_load_56' <Predicate = true> <Delay = 0.66> <CoreInst = "RAM">   --->   Core 83 'RAM' <Latency = 1> <II = 1> <Delay = 0.66> <Storage> <Opcode : 'load' 'store'> <Ports = 2> <Width = 8> <Depth = 17> <RAM>
ST_11 : Operation 76 [2/2] (0.66ns)   --->   "%tile_A_V_0_load_57 = load i5 %tile_A_V_0_addr_57"   --->   Operation 76 'load' 'tile_A_V_0_load_57' <Predicate = true> <Delay = 0.66> <CoreInst = "RAM">   --->   Core 83 'RAM' <Latency = 1> <II = 1> <Delay = 0.66> <Storage> <Opcode : 'load' 'store'> <Ports = 2> <Width = 8> <Depth = 17> <RAM>
ST_11 : Operation 77 [2/2] (0.66ns)   --->   "%tile_A_V_0_load_58 = load i5 %tile_A_V_0_addr_58"   --->   Operation 77 'load' 'tile_A_V_0_load_58' <Predicate = true> <Delay = 0.66> <CoreInst = "RAM">   --->   Core 83 'RAM' <Latency = 1> <II = 1> <Delay = 0.66> <Storage> <Opcode : 'load' 'store'> <Ports = 2> <Width = 8> <Depth = 17> <RAM>

State 12 <SV = 11> <Delay = 0.66>
ST_12 : Operation 78 [1/2] (0.66ns)   --->   "%tile_A_V_0_load_57 = load i5 %tile_A_V_0_addr_57"   --->   Operation 78 'load' 'tile_A_V_0_load_57' <Predicate = true> <Delay = 0.66> <CoreInst = "RAM">   --->   Core 83 'RAM' <Latency = 1> <II = 1> <Delay = 0.66> <Storage> <Opcode : 'load' 'store'> <Ports = 2> <Width = 8> <Depth = 17> <RAM>
ST_12 : Operation 79 [1/2] (0.66ns)   --->   "%tile_A_V_0_load_58 = load i5 %tile_A_V_0_addr_58"   --->   Operation 79 'load' 'tile_A_V_0_load_58' <Predicate = true> <Delay = 0.66> <CoreInst = "RAM">   --->   Core 83 'RAM' <Latency = 1> <II = 1> <Delay = 0.66> <Storage> <Opcode : 'load' 'store'> <Ports = 2> <Width = 8> <Depth = 17> <RAM>
ST_12 : Operation 80 [2/2] (0.66ns)   --->   "%tile_A_V_0_load_59 = load i5 %tile_A_V_0_addr_59"   --->   Operation 80 'load' 'tile_A_V_0_load_59' <Predicate = true> <Delay = 0.66> <CoreInst = "RAM">   --->   Core 83 'RAM' <Latency = 1> <II = 1> <Delay = 0.66> <Storage> <Opcode : 'load' 'store'> <Ports = 2> <Width = 8> <Depth = 17> <RAM>
ST_12 : Operation 81 [2/2] (0.66ns)   --->   "%tile_A_V_0_load_60 = load i5 %tile_A_V_0_addr_60"   --->   Operation 81 'load' 'tile_A_V_0_load_60' <Predicate = true> <Delay = 0.66> <CoreInst = "RAM">   --->   Core 83 'RAM' <Latency = 1> <II = 1> <Delay = 0.66> <Storage> <Opcode : 'load' 'store'> <Ports = 2> <Width = 8> <Depth = 17> <RAM>

State 13 <SV = 12> <Delay = 0.66>
ST_13 : Operation 82 [1/2] (0.66ns)   --->   "%tile_A_V_0_load_59 = load i5 %tile_A_V_0_addr_59"   --->   Operation 82 'load' 'tile_A_V_0_load_59' <Predicate = true> <Delay = 0.66> <CoreInst = "RAM">   --->   Core 83 'RAM' <Latency = 1> <II = 1> <Delay = 0.66> <Storage> <Opcode : 'load' 'store'> <Ports = 2> <Width = 8> <Depth = 17> <RAM>
ST_13 : Operation 83 [1/2] (0.66ns)   --->   "%tile_A_V_0_load_60 = load i5 %tile_A_V_0_addr_60"   --->   Operation 83 'load' 'tile_A_V_0_load_60' <Predicate = true> <Delay = 0.66> <CoreInst = "RAM">   --->   Core 83 'RAM' <Latency = 1> <II = 1> <Delay = 0.66> <Storage> <Opcode : 'load' 'store'> <Ports = 2> <Width = 8> <Depth = 17> <RAM>
ST_13 : Operation 84 [2/2] (0.66ns)   --->   "%tile_A_V_0_load_61 = load i5 %tile_A_V_0_addr_61"   --->   Operation 84 'load' 'tile_A_V_0_load_61' <Predicate = true> <Delay = 0.66> <CoreInst = "RAM">   --->   Core 83 'RAM' <Latency = 1> <II = 1> <Delay = 0.66> <Storage> <Opcode : 'load' 'store'> <Ports = 2> <Width = 8> <Depth = 17> <RAM>
ST_13 : Operation 85 [2/2] (0.66ns)   --->   "%tile_A_V_0_load_62 = load i5 %tile_A_V_0_addr_62"   --->   Operation 85 'load' 'tile_A_V_0_load_62' <Predicate = true> <Delay = 0.66> <CoreInst = "RAM">   --->   Core 83 'RAM' <Latency = 1> <II = 1> <Delay = 0.66> <Storage> <Opcode : 'load' 'store'> <Ports = 2> <Width = 8> <Depth = 17> <RAM>

State 14 <SV = 13> <Delay = 0.66>
ST_14 : Operation 86 [1/2] (0.66ns)   --->   "%tile_A_V_0_load_61 = load i5 %tile_A_V_0_addr_61"   --->   Operation 86 'load' 'tile_A_V_0_load_61' <Predicate = true> <Delay = 0.66> <CoreInst = "RAM">   --->   Core 83 'RAM' <Latency = 1> <II = 1> <Delay = 0.66> <Storage> <Opcode : 'load' 'store'> <Ports = 2> <Width = 8> <Depth = 17> <RAM>
ST_14 : Operation 87 [1/2] (0.66ns)   --->   "%tile_A_V_0_load_62 = load i5 %tile_A_V_0_addr_62"   --->   Operation 87 'load' 'tile_A_V_0_load_62' <Predicate = true> <Delay = 0.66> <CoreInst = "RAM">   --->   Core 83 'RAM' <Latency = 1> <II = 1> <Delay = 0.66> <Storage> <Opcode : 'load' 'store'> <Ports = 2> <Width = 8> <Depth = 17> <RAM>
ST_14 : Operation 88 [2/2] (0.66ns)   --->   "%tile_A_V_0_load_63 = load i5 %tile_A_V_0_addr_63"   --->   Operation 88 'load' 'tile_A_V_0_load_63' <Predicate = true> <Delay = 0.66> <CoreInst = "RAM">   --->   Core 83 'RAM' <Latency = 1> <II = 1> <Delay = 0.66> <Storage> <Opcode : 'load' 'store'> <Ports = 2> <Width = 8> <Depth = 17> <RAM>
ST_14 : Operation 89 [2/2] (0.66ns)   --->   "%tile_A_V_0_load_64 = load i5 %tile_A_V_0_addr_64"   --->   Operation 89 'load' 'tile_A_V_0_load_64' <Predicate = true> <Delay = 0.66> <CoreInst = "RAM">   --->   Core 83 'RAM' <Latency = 1> <II = 1> <Delay = 0.66> <Storage> <Opcode : 'load' 'store'> <Ports = 2> <Width = 8> <Depth = 17> <RAM>

State 15 <SV = 14> <Delay = 0.66>
ST_15 : Operation 90 [1/2] (0.66ns)   --->   "%tile_A_V_0_load_63 = load i5 %tile_A_V_0_addr_63"   --->   Operation 90 'load' 'tile_A_V_0_load_63' <Predicate = true> <Delay = 0.66> <CoreInst = "RAM">   --->   Core 83 'RAM' <Latency = 1> <II = 1> <Delay = 0.66> <Storage> <Opcode : 'load' 'store'> <Ports = 2> <Width = 8> <Depth = 17> <RAM>
ST_15 : Operation 91 [1/2] (0.66ns)   --->   "%tile_A_V_0_load_64 = load i5 %tile_A_V_0_addr_64"   --->   Operation 91 'load' 'tile_A_V_0_load_64' <Predicate = true> <Delay = 0.66> <CoreInst = "RAM">   --->   Core 83 'RAM' <Latency = 1> <II = 1> <Delay = 0.66> <Storage> <Opcode : 'load' 'store'> <Ports = 2> <Width = 8> <Depth = 17> <RAM>
ST_15 : Operation 92 [2/2] (0.00ns)   --->   "%call_ln186 = call void @MatMul_KV_tiled_Pipeline_VITIS_LOOP_1831_6, i8 %buff_B_V, i8 %tile_A_V_0_load, i8 %tile_A_V_0_load_49, i8 %tile_A_V_0_load_50, i8 %tile_A_V_0_load_51, i8 %tile_A_V_0_load_52, i8 %tile_A_V_0_load_53, i8 %tile_A_V_0_load_54, i8 %tile_A_V_0_load_55, i8 %tile_A_V_0_load_56, i8 %tile_A_V_0_load_57, i8 %tile_A_V_0_load_58, i8 %tile_A_V_0_load_59, i8 %tile_A_V_0_load_60, i8 %tile_A_V_0_load_61, i8 %tile_A_V_0_load_62, i8 %tile_A_V_0_load_63, i8 %tile_A_V_0_load_64, i8 %head_out_0"   --->   Operation 92 'call' 'call_ln186' <Predicate = true> <Delay = 0.00> <CoreType = "Generic">   --->   Core 0 '' <Latency = 0> <II = 1> <Delay = 1.00> <Generic> <Opcode : >

State 16 <SV = 15> <Delay = 0.00>
ST_16 : Operation 93 [1/1] (0.00ns)   --->   "%specloopname_ln1813 = specloopname void @_ssdm_op_SpecLoopName, void @empty_33" [/home/fede/PhD/transformer-hls/hls/include/linear.h:1813]   --->   Operation 93 'specloopname' 'specloopname_ln1813' <Predicate = true> <Delay = 0.00>
ST_16 : Operation 94 [1/2] (0.00ns)   --->   "%call_ln186 = call void @MatMul_KV_tiled_Pipeline_VITIS_LOOP_1831_6, i8 %buff_B_V, i8 %tile_A_V_0_load, i8 %tile_A_V_0_load_49, i8 %tile_A_V_0_load_50, i8 %tile_A_V_0_load_51, i8 %tile_A_V_0_load_52, i8 %tile_A_V_0_load_53, i8 %tile_A_V_0_load_54, i8 %tile_A_V_0_load_55, i8 %tile_A_V_0_load_56, i8 %tile_A_V_0_load_57, i8 %tile_A_V_0_load_58, i8 %tile_A_V_0_load_59, i8 %tile_A_V_0_load_60, i8 %tile_A_V_0_load_61, i8 %tile_A_V_0_load_62, i8 %tile_A_V_0_load_63, i8 %tile_A_V_0_load_64, i8 %head_out_0"   --->   Operation 94 'call' 'call_ln186' <Predicate = true> <Delay = 0.00> <CoreType = "Generic">   --->   Core 0 '' <Latency = 0> <II = 1> <Delay = 1.00> <Generic> <Opcode : >
ST_16 : Operation 95 [1/1] (0.00ns)   --->   "%br_ln1813 = br void %buff_init" [/home/fede/PhD/transformer-hls/hls/include/linear.h:1813]   --->   Operation 95 'br' 'br_ln1813' <Predicate = true> <Delay = 0.00>


============================================================
+ Verbose Summary: Timing violations
============================================================
Target clock period: 10ns, clock uncertainty: 2.7ns.

 <State 1>: 0.387ns
The critical path consists of the following:
	'alloca' operation ('m') [4]  (0 ns)
	'store' operation ('store_ln1813', /home/fede/PhD/transformer-hls/hls/include/linear.h:1813) of constant 0 on local variable 'm' [30]  (0.387 ns)

 <State 2>: 0ns
The critical path consists of the following:

 <State 3>: 0ns
The critical path consists of the following:

 <State 4>: 1.09ns
The critical path consists of the following:
	'load' operation ('m', /home/fede/PhD/transformer-hls/hls/include/linear.h:1813) on local variable 'm' [33]  (0 ns)
	'add' operation ('m', /home/fede/PhD/transformer-hls/hls/include/linear.h:1813) [36]  (0.707 ns)
	'store' operation ('store_ln1813', /home/fede/PhD/transformer-hls/hls/include/linear.h:1813) of variable 'm', /home/fede/PhD/transformer-hls/hls/include/linear.h:1813 on local variable 'm' [62]  (0.387 ns)

 <State 5>: 0ns
The critical path consists of the following:

 <State 6>: 0.667ns
The critical path consists of the following:
	'load' operation ('tile_A_V_0_load') on array 'tile_A.V[0]', /home/fede/PhD/transformer-hls/hls/include/linear.h:1786 [43]  (0.667 ns)

 <State 7>: 0.667ns
The critical path consists of the following:
	'load' operation ('tile_A_V_0_load') on array 'tile_A.V[0]', /home/fede/PhD/transformer-hls/hls/include/linear.h:1786 [43]  (0.667 ns)

 <State 8>: 0.667ns
The critical path consists of the following:
	'load' operation ('tile_A_V_0_load_49') on array 'tile_A.V[0]', /home/fede/PhD/transformer-hls/hls/include/linear.h:1786 [44]  (0.667 ns)

 <State 9>: 0.667ns
The critical path consists of the following:
	'load' operation ('tile_A_V_0_load_51') on array 'tile_A.V[0]', /home/fede/PhD/transformer-hls/hls/include/linear.h:1786 [46]  (0.667 ns)

 <State 10>: 0.667ns
The critical path consists of the following:
	'load' operation ('tile_A_V_0_load_53') on array 'tile_A.V[0]', /home/fede/PhD/transformer-hls/hls/include/linear.h:1786 [48]  (0.667 ns)

 <State 11>: 0.667ns
The critical path consists of the following:
	'load' operation ('tile_A_V_0_load_55') on array 'tile_A.V[0]', /home/fede/PhD/transformer-hls/hls/include/linear.h:1786 [50]  (0.667 ns)

 <State 12>: 0.667ns
The critical path consists of the following:
	'load' operation ('tile_A_V_0_load_57') on array 'tile_A.V[0]', /home/fede/PhD/transformer-hls/hls/include/linear.h:1786 [52]  (0.667 ns)

 <State 13>: 0.667ns
The critical path consists of the following:
	'load' operation ('tile_A_V_0_load_59') on array 'tile_A.V[0]', /home/fede/PhD/transformer-hls/hls/include/linear.h:1786 [54]  (0.667 ns)

 <State 14>: 0.667ns
The critical path consists of the following:
	'load' operation ('tile_A_V_0_load_61') on array 'tile_A.V[0]', /home/fede/PhD/transformer-hls/hls/include/linear.h:1786 [56]  (0.667 ns)

 <State 15>: 0.667ns
The critical path consists of the following:
	'load' operation ('tile_A_V_0_load_63') on array 'tile_A.V[0]', /home/fede/PhD/transformer-hls/hls/include/linear.h:1786 [58]  (0.667 ns)

 <State 16>: 0ns
The critical path consists of the following:


============================================================
+ Verbose Summary: Binding
============================================================
N/A
* FSMD analyzer results:
  - Output states:
 - Input state : 
  - Chain level:
	State 1
	State 2
	State 3
	State 4
	State 5
	State 6
	State 7
	State 8
	State 9
	State 10
	State 11
	State 12
	State 13
	State 14
	State 15
	State 16


============================================================
+ Verbose Summary: Datapath Resource usage 
============================================================
N/A
