

================================================================
== Vitis HLS Report for 'MatMul_KV_tiled_17_17_48_1_1_1_1_1_382_16_0_ap_int_8_ap_int_32_21'
================================================================
* Date:           Thu Jun 18 11:11:32 2026

* Version:        2022.2 (Build 3670227 on Oct 13 2022)
* Project:        ViT_Block
* Solution:       ViT_Block (Vivado IP Flow Target)
* Product family: virtexuplus
* Target device:  xcu250-figd2104-2L-e


================================================================
== Performance Estimates
================================================================
+ Timing: 
    * Summary: 
    +--------+----------+----------+------------+
    |  Clock |  Target  | Estimated| Uncertainty|
    +--------+----------+----------+------------+
    |ap_clk  |  10.00 ns|  4.723 ns|     2.70 ns|
    +--------+----------+----------+------------+

+ Latency: 
    * Summary: 
    +---------+---------+-----------+-----------+------+------+---------+
    |  Latency (cycles) |   Latency (absolute)  |   Interval  | Pipeline|
    |   min   |   max   |    min    |    max    |  min |  max |   Type  |
    +---------+---------+-----------+-----------+------+------+---------+
    |     2368|     2368|  23.680 us|  23.680 us|  2368|  2368|       no|
    +---------+---------+-----------+-----------+------+------+---------+

    + Detail: 
        * Instance: 
        +-----------------------------------------------------------------+------------------------------------------------------+---------+---------+----------+----------+-----+-----+---------+
        |                                                                 |                                                      |  Latency (cycles) |  Latency (absolute) |  Interval | Pipeline|
        |                             Instance                            |                        Module                        |   min   |   max   |    min   |    max   | min | max |   Type  |
        +-----------------------------------------------------------------+------------------------------------------------------+---------+---------+----------+----------+-----+-----+---------+
        |grp_MatMul_KV_tiled_21_Pipeline_load_B_VITIS_LOOP_1796_1_fu_214  |MatMul_KV_tiled_21_Pipeline_load_B_VITIS_LOOP_1796_1  |      818|      818|  8.180 us|  8.180 us|  818|  818|       no|
        |grp_MatMul_KV_tiled_21_Pipeline_VITIS_LOOP_1818_5_fu_222         |MatMul_KV_tiled_21_Pipeline_VITIS_LOOP_1818_5         |       19|       19|  0.190 us|  0.190 us|   19|   19|       no|
        |grp_MatMul_KV_tiled_21_Pipeline_VITIS_LOOP_1831_6_fu_229         |MatMul_KV_tiled_21_Pipeline_VITIS_LOOP_1831_6         |       59|       59|  0.590 us|  0.590 us|   59|   59|       no|
        +-----------------------------------------------------------------+------------------------------------------------------+---------+---------+----------+----------+-----+-----+---------+

        * Loop: 
        +---------------+---------+---------+----------+-----------+-----------+------+----------+
        |               |  Latency (cycles) | Iteration|  Initiation Interval  | Trip |          |
        |   Loop Name   |   min   |   max   |  Latency |  achieved |   target  | Count| Pipelined|
        +---------------+---------+---------+----------+-----------+-----------+------+----------+
        |- matmul_core  |     1547|     1547|        91|          -|          -|    17|        no|
        +---------------+---------+---------+----------+-----------+-----------+------+----------+

============================================================
+ Verbose Summary: Synthesis Manager
============================================================
InlineROM: 1
ExposeGlobal: 0
============================================================
+ Verbose Summary: CDFG Model
============================================================
IsTopModel: 0
ResetActiveHigh: 1
IsCombinational: 2
IsDatapathOnly: 0
HasWiredReturn: 1
HasMFsm: 0
HasVarLatency: 1
IsPipeline: 0
IsRtlPipelined: 0
IsInstanceOverlapped: 0
IsDontTouch: 0
HasImplIP: 0
IsGatedGlobalClock: 0


============================================================
+ Verbose Summary: Schedule
============================================================
* Number of FSM states : 16
* Pipeline : 0
* Dataflow Pipeline: 0

* FSM state transitions: 
1 --> 2 
2 --> 3 
3 --> 4 
4 --> 5 
5 --> 6 
6 --> 7 
7 --> 8 
8 --> 9 
9 --> 10 
10 --> 11 
11 --> 12 
12 --> 13 
13 --> 14 
14 --> 15 
15 --> 16 
16 --> 4 

* FSM state operations: 

State 1 <SV = 0> <Delay = 1.17>
ST_1 : Operation 17 [1/1] (0.00ns)   --->   "%m = alloca i32 1"   --->   Operation 17 'alloca' 'm' <Predicate = true> <Delay = 0.00>
ST_1 : Operation 18 [1/1] (1.17ns)   --->   "%buff_B_V = alloca i64 1" [/home/fede/PhD/transformer-hls/hls/include/linear.h:1781]   --->   Operation 18 'alloca' 'buff_B_V' <Predicate = true> <Delay = 1.17>
ST_1 : Operation 19 [1/1] (0.66ns)   --->   "%tile_A_V_0 = alloca i64 1" [/home/fede/PhD/transformer-hls/hls/include/linear.h:1786]   --->   Operation 19 'alloca' 'tile_A_V_0' <Predicate = true> <Delay = 0.66> <CoreInst = "RAM">   --->   Core 83 'RAM' <Latency = 1> <II = 1> <Delay = 0.66> <Storage> <Opcode : 'load' 'store'> <Ports = 2> <Width = 8> <Depth = 17> <RAM>
ST_1 : Operation 20 [1/1] (0.00ns)   --->   "%empty = wait i32 @_ssdm_op_Wait"   --->   Operation 20 'wait' 'empty' <Predicate = true> <Delay = 0.00>
ST_1 : Operation 21 [2/2] (0.00ns)   --->   "%call_ln0 = call void @MatMul_KV_tiled.21_Pipeline_load_B_VITIS_LOOP_1796_1, i8 %buff_B_V, i8 %V_1_2"   --->   Operation 21 'call' 'call_ln0' <Predicate = true> <Delay = 0.00> <CoreType = "Generic">   --->   Core 0 '' <Latency = 0> <II = 1> <Delay = 1.00> <Generic> <Opcode : >
ST_1 : Operation 22 [1/1] (0.38ns)   --->   "%store_ln1813 = store i5 0, i5 %m" [/home/fede/PhD/transformer-hls/hls/include/linear.h:1813]   --->   Operation 22 'store' 'store_ln1813' <Predicate = true> <Delay = 0.38>

State 2 <SV = 1> <Delay = 0.00>
ST_2 : Operation 23 [1/2] (0.00ns)   --->   "%call_ln0 = call void @MatMul_KV_tiled.21_Pipeline_load_B_VITIS_LOOP_1796_1, i8 %buff_B_V, i8 %V_1_2"   --->   Operation 23 'call' 'call_ln0' <Predicate = true> <Delay = 0.00> <CoreType = "Generic">   --->   Core 0 '' <Latency = 0> <II = 1> <Delay = 1.00> <Generic> <Opcode : >

State 3 <SV = 2> <Delay = 0.00>
ST_3 : Operation 24 [1/1] (0.00ns)   --->   "%specinterface_ln0 = specinterface void @_ssdm_op_SpecInterface, i8 %V_1_2, void @empty_0, i32 0, i32 0, void @empty_26, i32 0, i32 0, void @empty_26, void @empty_26, void @empty_26, i32 0, i32 0, i32 0, i32 0, void @empty_26, void @empty_26, i32 4294967295, i32 0"   --->   Operation 24 'specinterface' 'specinterface_ln0' <Predicate = true> <Delay = 0.00>
ST_3 : Operation 25 [1/1] (0.00ns)   --->   "%specinterface_ln0 = specinterface void @_ssdm_op_SpecInterface, i8 %A_sx_2, void @empty_0, i32 0, i32 0, void @empty_26, i32 0, i32 0, void @empty_26, void @empty_26, void @empty_26, i32 0, i32 0, i32 0, i32 0, void @empty_26, void @empty_26, i32 4294967295, i32 0"   --->   Operation 25 'specinterface' 'specinterface_ln0' <Predicate = true> <Delay = 0.00>
ST_3 : Operation 26 [1/1] (0.00ns)   --->   "%specinterface_ln0 = specinterface void @_ssdm_op_SpecInterface, i8 %head_out_2, void @empty_0, i32 0, i32 0, void @empty_26, i32 0, i32 0, void @empty_26, void @empty_26, void @empty_26, i32 0, i32 0, i32 0, i32 0, void @empty_26, void @empty_26, i32 4294967295, i32 0"   --->   Operation 26 'specinterface' 'specinterface_ln0' <Predicate = true> <Delay = 0.00>
ST_3 : Operation 27 [1/1] (0.00ns)   --->   "%empty_456 = wait i32 @_ssdm_op_Wait"   --->   Operation 27 'wait' 'empty_456' <Predicate = true> <Delay = 0.00>
ST_3 : Operation 28 [1/1] (0.00ns)   --->   "%tile_A_V_0_addr = getelementptr i8 %tile_A_V_0, i64 0, i64 0"   --->   Operation 28 'getelementptr' 'tile_A_V_0_addr' <Predicate = true> <Delay = 0.00>
ST_3 : Operation 29 [1/1] (0.00ns)   --->   "%tile_A_V_0_addr_17 = getelementptr i8 %tile_A_V_0, i64 0, i64 1"   --->   Operation 29 'getelementptr' 'tile_A_V_0_addr_17' <Predicate = true> <Delay = 0.00>
ST_3 : Operation 30 [1/1] (0.00ns)   --->   "%tile_A_V_0_addr_18 = getelementptr i8 %tile_A_V_0, i64 0, i64 2"   --->   Operation 30 'getelementptr' 'tile_A_V_0_addr_18' <Predicate = true> <Delay = 0.00>
ST_3 : Operation 31 [1/1] (0.00ns)   --->   "%tile_A_V_0_addr_19 = getelementptr i8 %tile_A_V_0, i64 0, i64 3"   --->   Operation 31 'getelementptr' 'tile_A_V_0_addr_19' <Predicate = true> <Delay = 0.00>
ST_3 : Operation 32 [1/1] (0.00ns)   --->   "%tile_A_V_0_addr_20 = getelementptr i8 %tile_A_V_0, i64 0, i64 4"   --->   Operation 32 'getelementptr' 'tile_A_V_0_addr_20' <Predicate = true> <Delay = 0.00>
ST_3 : Operation 33 [1/1] (0.00ns)   --->   "%tile_A_V_0_addr_21 = getelementptr i8 %tile_A_V_0, i64 0, i64 5"   --->   Operation 33 'getelementptr' 'tile_A_V_0_addr_21' <Predicate = true> <Delay = 0.00>
ST_3 : Operation 34 [1/1] (0.00ns)   --->   "%tile_A_V_0_addr_22 = getelementptr i8 %tile_A_V_0, i64 0, i64 6"   --->   Operation 34 'getelementptr' 'tile_A_V_0_addr_22' <Predicate = true> <Delay = 0.00>
ST_3 : Operation 35 [1/1] (0.00ns)   --->   "%tile_A_V_0_addr_23 = getelementptr i8 %tile_A_V_0, i64 0, i64 7"   --->   Operation 35 'getelementptr' 'tile_A_V_0_addr_23' <Predicate = true> <Delay = 0.00>
ST_3 : Operation 36 [1/1] (0.00ns)   --->   "%tile_A_V_0_addr_24 = getelementptr i8 %tile_A_V_0, i64 0, i64 8"   --->   Operation 36 'getelementptr' 'tile_A_V_0_addr_24' <Predicate = true> <Delay = 0.00>
ST_3 : Operation 37 [1/1] (0.00ns)   --->   "%tile_A_V_0_addr_25 = getelementptr i8 %tile_A_V_0, i64 0, i64 9"   --->   Operation 37 'getelementptr' 'tile_A_V_0_addr_25' <Predicate = true> <Delay = 0.00>
ST_3 : Operation 38 [1/1] (0.00ns)   --->   "%tile_A_V_0_addr_26 = getelementptr i8 %tile_A_V_0, i64 0, i64 10"   --->   Operation 38 'getelementptr' 'tile_A_V_0_addr_26' <Predicate = true> <Delay = 0.00>
ST_3 : Operation 39 [1/1] (0.00ns)   --->   "%tile_A_V_0_addr_27 = getelementptr i8 %tile_A_V_0, i64 0, i64 11"   --->   Operation 39 'getelementptr' 'tile_A_V_0_addr_27' <Predicate = true> <Delay = 0.00>
ST_3 : Operation 40 [1/1] (0.00ns)   --->   "%tile_A_V_0_addr_28 = getelementptr i8 %tile_A_V_0, i64 0, i64 12"   --->   Operation 40 'getelementptr' 'tile_A_V_0_addr_28' <Predicate = true> <Delay = 0.00>
ST_3 : Operation 41 [1/1] (0.00ns)   --->   "%tile_A_V_0_addr_29 = getelementptr i8 %tile_A_V_0, i64 0, i64 13"   --->   Operation 41 'getelementptr' 'tile_A_V_0_addr_29' <Predicate = true> <Delay = 0.00>
ST_3 : Operation 42 [1/1] (0.00ns)   --->   "%tile_A_V_0_addr_30 = getelementptr i8 %tile_A_V_0, i64 0, i64 14"   --->   Operation 42 'getelementptr' 'tile_A_V_0_addr_30' <Predicate = true> <Delay = 0.00>
ST_3 : Operation 43 [1/1] (0.00ns)   --->   "%tile_A_V_0_addr_31 = getelementptr i8 %tile_A_V_0, i64 0, i64 15"   --->   Operation 43 'getelementptr' 'tile_A_V_0_addr_31' <Predicate = true> <Delay = 0.00>
ST_3 : Operation 44 [1/1] (0.00ns)   --->   "%tile_A_V_0_addr_32 = getelementptr i8 %tile_A_V_0, i64 0, i64 16"   --->   Operation 44 'getelementptr' 'tile_A_V_0_addr_32' <Predicate = true> <Delay = 0.00>
ST_3 : Operation 45 [1/1] (0.00ns)   --->   "%br_ln1813 = br void %buff_init" [/home/fede/PhD/transformer-hls/hls/include/linear.h:1813]   --->   Operation 45 'br' 'br_ln1813' <Predicate = true> <Delay = 0.00>

State 4 <SV = 3> <Delay = 1.09>
ST_4 : Operation 46 [1/1] (0.00ns)   --->   "%m_22 = load i5 %m" [/home/fede/PhD/transformer-hls/hls/include/linear.h:1813]   --->   Operation 46 'load' 'm_22' <Predicate = true> <Delay = 0.00>
ST_4 : Operation 47 [1/1] (0.63ns)   --->   "%icmp_ln1813 = icmp_eq  i5 %m_22, i5 17" [/home/fede/PhD/transformer-hls/hls/include/linear.h:1813]   --->   Operation 47 'icmp' 'icmp_ln1813' <Predicate = true> <Delay = 0.63> <CoreInst = "Cmp">   --->   Core 9 'Cmp' <Latency = 0> <II = 1> <Delay = 0.63> <FuncUnit> <Opcode : 'icmp'> <InPorts = 2> <OutPorts = 1>
ST_4 : Operation 48 [1/1] (0.00ns)   --->   "%empty_457 = speclooptripcount i32 @_ssdm_op_SpecLoopTripCount, i64 17, i64 17, i64 17"   --->   Operation 48 'speclooptripcount' 'empty_457' <Predicate = true> <Delay = 0.00>
ST_4 : Operation 49 [1/1] (0.70ns)   --->   "%m_23 = add i5 %m_22, i5 1" [/home/fede/PhD/transformer-hls/hls/include/linear.h:1813]   --->   Operation 49 'add' 'm_23' <Predicate = true> <Delay = 0.70> <CoreInst = "Adder">   --->   Core 1 'Adder' <Latency = 0> <II = 1> <Delay = 0.70> <FuncUnit> <Opcode : 'add' 'sub'> <InPorts = 2> <OutPorts = 1>
ST_4 : Operation 50 [1/1] (0.00ns)   --->   "%br_ln1813 = br i1 %icmp_ln1813, void %buff_init.split, void %for.end256" [/home/fede/PhD/transformer-hls/hls/include/linear.h:1813]   --->   Operation 50 'br' 'br_ln1813' <Predicate = true> <Delay = 0.00>
ST_4 : Operation 51 [1/1] (0.00ns)   --->   "%empty_458 = wait i32 @_ssdm_op_Wait"   --->   Operation 51 'wait' 'empty_458' <Predicate = (!icmp_ln1813)> <Delay = 0.00>
ST_4 : Operation 52 [2/2] (0.00ns)   --->   "%call_ln0 = call void @MatMul_KV_tiled.21_Pipeline_VITIS_LOOP_1818_5, i8 %A_sx_2, i8 %tile_A_V_0"   --->   Operation 52 'call' 'call_ln0' <Predicate = (!icmp_ln1813)> <Delay = 0.00> <CoreType = "Generic">   --->   Core 0 '' <Latency = 0> <II = 1> <Delay = 1.00> <Generic> <Opcode : >
ST_4 : Operation 53 [1/1] (0.38ns)   --->   "%store_ln1813 = store i5 %m_23, i5 %m" [/home/fede/PhD/transformer-hls/hls/include/linear.h:1813]   --->   Operation 53 'store' 'store_ln1813' <Predicate = (!icmp_ln1813)> <Delay = 0.38>
ST_4 : Operation 54 [1/1] (0.00ns)   --->   "%ret_ln1896 = ret" [/home/fede/PhD/transformer-hls/hls/include/linear.h:1896]   --->   Operation 54 'ret' 'ret_ln1896' <Predicate = (icmp_ln1813)> <Delay = 0.00>

State 5 <SV = 4> <Delay = 0.00>
ST_5 : Operation 55 [1/2] (0.00ns)   --->   "%call_ln0 = call void @MatMul_KV_tiled.21_Pipeline_VITIS_LOOP_1818_5, i8 %A_sx_2, i8 %tile_A_V_0"   --->   Operation 55 'call' 'call_ln0' <Predicate = true> <Delay = 0.00> <CoreType = "Generic">   --->   Core 0 '' <Latency = 0> <II = 1> <Delay = 1.00> <Generic> <Opcode : >

State 6 <SV = 5> <Delay = 0.66>
ST_6 : Operation 56 [1/1] (0.00ns)   --->   "%empty_459 = wait i32 @_ssdm_op_Wait"   --->   Operation 56 'wait' 'empty_459' <Predicate = true> <Delay = 0.00>
ST_6 : Operation 57 [2/2] (0.66ns)   --->   "%tile_A_V_0_load = load i5 %tile_A_V_0_addr"   --->   Operation 57 'load' 'tile_A_V_0_load' <Predicate = true> <Delay = 0.66> <CoreInst = "RAM">   --->   Core 83 'RAM' <Latency = 1> <II = 1> <Delay = 0.66> <Storage> <Opcode : 'load' 'store'> <Ports = 2> <Width = 8> <Depth = 17> <RAM>

State 7 <SV = 6> <Delay = 0.66>
ST_7 : Operation 58 [1/2] (0.66ns)   --->   "%tile_A_V_0_load = load i5 %tile_A_V_0_addr"   --->   Operation 58 'load' 'tile_A_V_0_load' <Predicate = true> <Delay = 0.66> <CoreInst = "RAM">   --->   Core 83 'RAM' <Latency = 1> <II = 1> <Delay = 0.66> <Storage> <Opcode : 'load' 'store'> <Ports = 2> <Width = 8> <Depth = 17> <RAM>
ST_7 : Operation 59 [2/2] (0.66ns)   --->   "%tile_A_V_0_load_17 = load i5 %tile_A_V_0_addr_17"   --->   Operation 59 'load' 'tile_A_V_0_load_17' <Predicate = true> <Delay = 0.66> <CoreInst = "RAM">   --->   Core 83 'RAM' <Latency = 1> <II = 1> <Delay = 0.66> <Storage> <Opcode : 'load' 'store'> <Ports = 2> <Width = 8> <Depth = 17> <RAM>
ST_7 : Operation 60 [2/2] (0.66ns)   --->   "%tile_A_V_0_load_18 = load i5 %tile_A_V_0_addr_18"   --->   Operation 60 'load' 'tile_A_V_0_load_18' <Predicate = true> <Delay = 0.66> <CoreInst = "RAM">   --->   Core 83 'RAM' <Latency = 1> <II = 1> <Delay = 0.66> <Storage> <Opcode : 'load' 'store'> <Ports = 2> <Width = 8> <Depth = 17> <RAM>
ST_7 : Operation 61 [1/1] (0.00ns)   --->   "%empty_460 = wait i32 @_ssdm_op_Wait"   --->   Operation 61 'wait' 'empty_460' <Predicate = true> <Delay = 0.00>

State 8 <SV = 7> <Delay = 0.66>
ST_8 : Operation 62 [1/2] (0.66ns)   --->   "%tile_A_V_0_load_17 = load i5 %tile_A_V_0_addr_17"   --->   Operation 62 'load' 'tile_A_V_0_load_17' <Predicate = true> <Delay = 0.66> <CoreInst = "RAM">   --->   Core 83 'RAM' <Latency = 1> <II = 1> <Delay = 0.66> <Storage> <Opcode : 'load' 'store'> <Ports = 2> <Width = 8> <Depth = 17> <RAM>
ST_8 : Operation 63 [1/2] (0.66ns)   --->   "%tile_A_V_0_load_18 = load i5 %tile_A_V_0_addr_18"   --->   Operation 63 'load' 'tile_A_V_0_load_18' <Predicate = true> <Delay = 0.66> <CoreInst = "RAM">   --->   Core 83 'RAM' <Latency = 1> <II = 1> <Delay = 0.66> <Storage> <Opcode : 'load' 'store'> <Ports = 2> <Width = 8> <Depth = 17> <RAM>
ST_8 : Operation 64 [2/2] (0.66ns)   --->   "%tile_A_V_0_load_19 = load i5 %tile_A_V_0_addr_19"   --->   Operation 64 'load' 'tile_A_V_0_load_19' <Predicate = true> <Delay = 0.66> <CoreInst = "RAM">   --->   Core 83 'RAM' <Latency = 1> <II = 1> <Delay = 0.66> <Storage> <Opcode : 'load' 'store'> <Ports = 2> <Width = 8> <Depth = 17> <RAM>
ST_8 : Operation 65 [2/2] (0.66ns)   --->   "%tile_A_V_0_load_20 = load i5 %tile_A_V_0_addr_20"   --->   Operation 65 'load' 'tile_A_V_0_load_20' <Predicate = true> <Delay = 0.66> <CoreInst = "RAM">   --->   Core 83 'RAM' <Latency = 1> <II = 1> <Delay = 0.66> <Storage> <Opcode : 'load' 'store'> <Ports = 2> <Width = 8> <Depth = 17> <RAM>

State 9 <SV = 8> <Delay = 0.66>
ST_9 : Operation 66 [1/2] (0.66ns)   --->   "%tile_A_V_0_load_19 = load i5 %tile_A_V_0_addr_19"   --->   Operation 66 'load' 'tile_A_V_0_load_19' <Predicate = true> <Delay = 0.66> <CoreInst = "RAM">   --->   Core 83 'RAM' <Latency = 1> <II = 1> <Delay = 0.66> <Storage> <Opcode : 'load' 'store'> <Ports = 2> <Width = 8> <Depth = 17> <RAM>
ST_9 : Operation 67 [1/2] (0.66ns)   --->   "%tile_A_V_0_load_20 = load i5 %tile_A_V_0_addr_20"   --->   Operation 67 'load' 'tile_A_V_0_load_20' <Predicate = true> <Delay = 0.66> <CoreInst = "RAM">   --->   Core 83 'RAM' <Latency = 1> <II = 1> <Delay = 0.66> <Storage> <Opcode : 'load' 'store'> <Ports = 2> <Width = 8> <Depth = 17> <RAM>
ST_9 : Operation 68 [2/2] (0.66ns)   --->   "%tile_A_V_0_load_21 = load i5 %tile_A_V_0_addr_21"   --->   Operation 68 'load' 'tile_A_V_0_load_21' <Predicate = true> <Delay = 0.66> <CoreInst = "RAM">   --->   Core 83 'RAM' <Latency = 1> <II = 1> <Delay = 0.66> <Storage> <Opcode : 'load' 'store'> <Ports = 2> <Width = 8> <Depth = 17> <RAM>
ST_9 : Operation 69 [2/2] (0.66ns)   --->   "%tile_A_V_0_load_22 = load i5 %tile_A_V_0_addr_22"   --->   Operation 69 'load' 'tile_A_V_0_load_22' <Predicate = true> <Delay = 0.66> <CoreInst = "RAM">   --->   Core 83 'RAM' <Latency = 1> <II = 1> <Delay = 0.66> <Storage> <Opcode : 'load' 'store'> <Ports = 2> <Width = 8> <Depth = 17> <RAM>

State 10 <SV = 9> <Delay = 0.66>
ST_10 : Operation 70 [1/2] (0.66ns)   --->   "%tile_A_V_0_load_21 = load i5 %tile_A_V_0_addr_21"   --->   Operation 70 'load' 'tile_A_V_0_load_21' <Predicate = true> <Delay = 0.66> <CoreInst = "RAM">   --->   Core 83 'RAM' <Latency = 1> <II = 1> <Delay = 0.66> <Storage> <Opcode : 'load' 'store'> <Ports = 2> <Width = 8> <Depth = 17> <RAM>
ST_10 : Operation 71 [1/2] (0.66ns)   --->   "%tile_A_V_0_load_22 = load i5 %tile_A_V_0_addr_22"   --->   Operation 71 'load' 'tile_A_V_0_load_22' <Predicate = true> <Delay = 0.66> <CoreInst = "RAM">   --->   Core 83 'RAM' <Latency = 1> <II = 1> <Delay = 0.66> <Storage> <Opcode : 'load' 'store'> <Ports = 2> <Width = 8> <Depth = 17> <RAM>
ST_10 : Operation 72 [2/2] (0.66ns)   --->   "%tile_A_V_0_load_23 = load i5 %tile_A_V_0_addr_23"   --->   Operation 72 'load' 'tile_A_V_0_load_23' <Predicate = true> <Delay = 0.66> <CoreInst = "RAM">   --->   Core 83 'RAM' <Latency = 1> <II = 1> <Delay = 0.66> <Storage> <Opcode : 'load' 'store'> <Ports = 2> <Width = 8> <Depth = 17> <RAM>
ST_10 : Operation 73 [2/2] (0.66ns)   --->   "%tile_A_V_0_load_24 = load i5 %tile_A_V_0_addr_24"   --->   Operation 73 'load' 'tile_A_V_0_load_24' <Predicate = true> <Delay = 0.66> <CoreInst = "RAM">   --->   Core 83 'RAM' <Latency = 1> <II = 1> <Delay = 0.66> <Storage> <Opcode : 'load' 'store'> <Ports = 2> <Width = 8> <Depth = 17> <RAM>

State 11 <SV = 10> <Delay = 0.66>
ST_11 : Operation 74 [1/2] (0.66ns)   --->   "%tile_A_V_0_load_23 = load i5 %tile_A_V_0_addr_23"   --->   Operation 74 'load' 'tile_A_V_0_load_23' <Predicate = true> <Delay = 0.66> <CoreInst = "RAM">   --->   Core 83 'RAM' <Latency = 1> <II = 1> <Delay = 0.66> <Storage> <Opcode : 'load' 'store'> <Ports = 2> <Width = 8> <Depth = 17> <RAM>
ST_11 : Operation 75 [1/2] (0.66ns)   --->   "%tile_A_V_0_load_24 = load i5 %tile_A_V_0_addr_24"   --->   Operation 75 'load' 'tile_A_V_0_load_24' <Predicate = true> <Delay = 0.66> <CoreInst = "RAM">   --->   Core 83 'RAM' <Latency = 1> <II = 1> <Delay = 0.66> <Storage> <Opcode : 'load' 'store'> <Ports = 2> <Width = 8> <Depth = 17> <RAM>
ST_11 : Operation 76 [2/2] (0.66ns)   --->   "%tile_A_V_0_load_25 = load i5 %tile_A_V_0_addr_25"   --->   Operation 76 'load' 'tile_A_V_0_load_25' <Predicate = true> <Delay = 0.66> <CoreInst = "RAM">   --->   Core 83 'RAM' <Latency = 1> <II = 1> <Delay = 0.66> <Storage> <Opcode : 'load' 'store'> <Ports = 2> <Width = 8> <Depth = 17> <RAM>
ST_11 : Operation 77 [2/2] (0.66ns)   --->   "%tile_A_V_0_load_26 = load i5 %tile_A_V_0_addr_26"   --->   Operation 77 'load' 'tile_A_V_0_load_26' <Predicate = true> <Delay = 0.66> <CoreInst = "RAM">   --->   Core 83 'RAM' <Latency = 1> <II = 1> <Delay = 0.66> <Storage> <Opcode : 'load' 'store'> <Ports = 2> <Width = 8> <Depth = 17> <RAM>

State 12 <SV = 11> <Delay = 0.66>
ST_12 : Operation 78 [1/2] (0.66ns)   --->   "%tile_A_V_0_load_25 = load i5 %tile_A_V_0_addr_25"   --->   Operation 78 'load' 'tile_A_V_0_load_25' <Predicate = true> <Delay = 0.66> <CoreInst = "RAM">   --->   Core 83 'RAM' <Latency = 1> <II = 1> <Delay = 0.66> <Storage> <Opcode : 'load' 'store'> <Ports = 2> <Width = 8> <Depth = 17> <RAM>
ST_12 : Operation 79 [1/2] (0.66ns)   --->   "%tile_A_V_0_load_26 = load i5 %tile_A_V_0_addr_26"   --->   Operation 79 'load' 'tile_A_V_0_load_26' <Predicate = true> <Delay = 0.66> <CoreInst = "RAM">   --->   Core 83 'RAM' <Latency = 1> <II = 1> <Delay = 0.66> <Storage> <Opcode : 'load' 'store'> <Ports = 2> <Width = 8> <Depth = 17> <RAM>
ST_12 : Operation 80 [2/2] (0.66ns)   --->   "%tile_A_V_0_load_27 = load i5 %tile_A_V_0_addr_27"   --->   Operation 80 'load' 'tile_A_V_0_load_27' <Predicate = true> <Delay = 0.66> <CoreInst = "RAM">   --->   Core 83 'RAM' <Latency = 1> <II = 1> <Delay = 0.66> <Storage> <Opcode : 'load' 'store'> <Ports = 2> <Width = 8> <Depth = 17> <RAM>
ST_12 : Operation 81 [2/2] (0.66ns)   --->   "%tile_A_V_0_load_28 = load i5 %tile_A_V_0_addr_28"   --->   Operation 81 'load' 'tile_A_V_0_load_28' <Predicate = true> <Delay = 0.66> <CoreInst = "RAM">   --->   Core 83 'RAM' <Latency = 1> <II = 1> <Delay = 0.66> <Storage> <Opcode : 'load' 'store'> <Ports = 2> <Width = 8> <Depth = 17> <RAM>

State 13 <SV = 12> <Delay = 0.66>
ST_13 : Operation 82 [1/2] (0.66ns)   --->   "%tile_A_V_0_load_27 = load i5 %tile_A_V_0_addr_27"   --->   Operation 82 'load' 'tile_A_V_0_load_27' <Predicate = true> <Delay = 0.66> <CoreInst = "RAM">   --->   Core 83 'RAM' <Latency = 1> <II = 1> <Delay = 0.66> <Storage> <Opcode : 'load' 'store'> <Ports = 2> <Width = 8> <Depth = 17> <RAM>
ST_13 : Operation 83 [1/2] (0.66ns)   --->   "%tile_A_V_0_load_28 = load i5 %tile_A_V_0_addr_28"   --->   Operation 83 'load' 'tile_A_V_0_load_28' <Predicate = true> <Delay = 0.66> <CoreInst = "RAM">   --->   Core 83 'RAM' <Latency = 1> <II = 1> <Delay = 0.66> <Storage> <Opcode : 'load' 'store'> <Ports = 2> <Width = 8> <Depth = 17> <RAM>
ST_13 : Operation 84 [2/2] (0.66ns)   --->   "%tile_A_V_0_load_29 = load i5 %tile_A_V_0_addr_29"   --->   Operation 84 'load' 'tile_A_V_0_load_29' <Predicate = true> <Delay = 0.66> <CoreInst = "RAM">   --->   Core 83 'RAM' <Latency = 1> <II = 1> <Delay = 0.66> <Storage> <Opcode : 'load' 'store'> <Ports = 2> <Width = 8> <Depth = 17> <RAM>
ST_13 : Operation 85 [2/2] (0.66ns)   --->   "%tile_A_V_0_load_30 = load i5 %tile_A_V_0_addr_30"   --->   Operation 85 'load' 'tile_A_V_0_load_30' <Predicate = true> <Delay = 0.66> <CoreInst = "RAM">   --->   Core 83 'RAM' <Latency = 1> <II = 1> <Delay = 0.66> <Storage> <Opcode : 'load' 'store'> <Ports = 2> <Width = 8> <Depth = 17> <RAM>

State 14 <SV = 13> <Delay = 0.66>
ST_14 : Operation 86 [1/2] (0.66ns)   --->   "%tile_A_V_0_load_29 = load i5 %tile_A_V_0_addr_29"   --->   Operation 86 'load' 'tile_A_V_0_load_29' <Predicate = true> <Delay = 0.66> <CoreInst = "RAM">   --->   Core 83 'RAM' <Latency = 1> <II = 1> <Delay = 0.66> <Storage> <Opcode : 'load' 'store'> <Ports = 2> <Width = 8> <Depth = 17> <RAM>
ST_14 : Operation 87 [1/2] (0.66ns)   --->   "%tile_A_V_0_load_30 = load i5 %tile_A_V_0_addr_30"   --->   Operation 87 'load' 'tile_A_V_0_load_30' <Predicate = true> <Delay = 0.66> <CoreInst = "RAM">   --->   Core 83 'RAM' <Latency = 1> <II = 1> <Delay = 0.66> <Storage> <Opcode : 'load' 'store'> <Ports = 2> <Width = 8> <Depth = 17> <RAM>
ST_14 : Operation 88 [2/2] (0.66ns)   --->   "%tile_A_V_0_load_31 = load i5 %tile_A_V_0_addr_31"   --->   Operation 88 'load' 'tile_A_V_0_load_31' <Predicate = true> <Delay = 0.66> <CoreInst = "RAM">   --->   Core 83 'RAM' <Latency = 1> <II = 1> <Delay = 0.66> <Storage> <Opcode : 'load' 'store'> <Ports = 2> <Width = 8> <Depth = 17> <RAM>
ST_14 : Operation 89 [2/2] (0.66ns)   --->   "%tile_A_V_0_load_32 = load i5 %tile_A_V_0_addr_32"   --->   Operation 89 'load' 'tile_A_V_0_load_32' <Predicate = true> <Delay = 0.66> <CoreInst = "RAM">   --->   Core 83 'RAM' <Latency = 1> <II = 1> <Delay = 0.66> <Storage> <Opcode : 'load' 'store'> <Ports = 2> <Width = 8> <Depth = 17> <RAM>

State 15 <SV = 14> <Delay = 0.66>
ST_15 : Operation 90 [1/2] (0.66ns)   --->   "%tile_A_V_0_load_31 = load i5 %tile_A_V_0_addr_31"   --->   Operation 90 'load' 'tile_A_V_0_load_31' <Predicate = true> <Delay = 0.66> <CoreInst = "RAM">   --->   Core 83 'RAM' <Latency = 1> <II = 1> <Delay = 0.66> <Storage> <Opcode : 'load' 'store'> <Ports = 2> <Width = 8> <Depth = 17> <RAM>
ST_15 : Operation 91 [1/2] (0.66ns)   --->   "%tile_A_V_0_load_32 = load i5 %tile_A_V_0_addr_32"   --->   Operation 91 'load' 'tile_A_V_0_load_32' <Predicate = true> <Delay = 0.66> <CoreInst = "RAM">   --->   Core 83 'RAM' <Latency = 1> <II = 1> <Delay = 0.66> <Storage> <Opcode : 'load' 'store'> <Ports = 2> <Width = 8> <Depth = 17> <RAM>
ST_15 : Operation 92 [2/2] (0.00ns)   --->   "%call_ln186 = call void @MatMul_KV_tiled.21_Pipeline_VITIS_LOOP_1831_6, i8 %buff_B_V, i8 %tile_A_V_0_load, i8 %tile_A_V_0_load_17, i8 %tile_A_V_0_load_18, i8 %tile_A_V_0_load_19, i8 %tile_A_V_0_load_20, i8 %tile_A_V_0_load_21, i8 %tile_A_V_0_load_22, i8 %tile_A_V_0_load_23, i8 %tile_A_V_0_load_24, i8 %tile_A_V_0_load_25, i8 %tile_A_V_0_load_26, i8 %tile_A_V_0_load_27, i8 %tile_A_V_0_load_28, i8 %tile_A_V_0_load_29, i8 %tile_A_V_0_load_30, i8 %tile_A_V_0_load_31, i8 %tile_A_V_0_load_32, i8 %head_out_2"   --->   Operation 92 'call' 'call_ln186' <Predicate = true> <Delay = 0.00> <CoreType = "Generic">   --->   Core 0 '' <Latency = 0> <II = 1> <Delay = 1.00> <Generic> <Opcode : >

State 16 <SV = 15> <Delay = 0.00>
ST_16 : Operation 93 [1/1] (0.00ns)   --->   "%specloopname_ln1813 = specloopname void @_ssdm_op_SpecLoopName, void @empty_33" [/home/fede/PhD/transformer-hls/hls/include/linear.h:1813]   --->   Operation 93 'specloopname' 'specloopname_ln1813' <Predicate = true> <Delay = 0.00>
ST_16 : Operation 94 [1/2] (0.00ns)   --->   "%call_ln186 = call void @MatMul_KV_tiled.21_Pipeline_VITIS_LOOP_1831_6, i8 %buff_B_V, i8 %tile_A_V_0_load, i8 %tile_A_V_0_load_17, i8 %tile_A_V_0_load_18, i8 %tile_A_V_0_load_19, i8 %tile_A_V_0_load_20, i8 %tile_A_V_0_load_21, i8 %tile_A_V_0_load_22, i8 %tile_A_V_0_load_23, i8 %tile_A_V_0_load_24, i8 %tile_A_V_0_load_25, i8 %tile_A_V_0_load_26, i8 %tile_A_V_0_load_27, i8 %tile_A_V_0_load_28, i8 %tile_A_V_0_load_29, i8 %tile_A_V_0_load_30, i8 %tile_A_V_0_load_31, i8 %tile_A_V_0_load_32, i8 %head_out_2"   --->   Operation 94 'call' 'call_ln186' <Predicate = true> <Delay = 0.00> <CoreType = "Generic">   --->   Core 0 '' <Latency = 0> <II = 1> <Delay = 1.00> <Generic> <Opcode : >
ST_16 : Operation 95 [1/1] (0.00ns)   --->   "%br_ln1813 = br void %buff_init" [/home/fede/PhD/transformer-hls/hls/include/linear.h:1813]   --->   Operation 95 'br' 'br_ln1813' <Predicate = true> <Delay = 0.00>


============================================================
+ Verbose Summary: Binding
============================================================
STG Binding: 
---------------- STG Properties BEGIN ----------------
- Is combinational: 0
- Is one-state seq: 0
- Is datapath-only: 0
- Is pipelined: 0
- Is top level: 0
Port [ Return ] is wired: 1; IO mode=ap_ctrl_hs:ce=0
Port [ A_sx_2]:  wired=1; compound=1; hidden=0; nouse=0; global=0; static=0; extern=0; dir=0; type=3; pingpong=0; private_global=0; IO mode=ap_fifo:ce=0
Port [ V_1_2]:  wired=1; compound=1; hidden=0; nouse=0; global=0; static=0; extern=0; dir=0; type=3; pingpong=0; private_global=0; IO mode=ap_fifo:ce=0
Port [ head_out_2]:  wired=1; compound=1; hidden=0; nouse=0; global=0; static=0; extern=0; dir=1; type=3; pingpong=0; private_global=0; IO mode=ap_fifo:ce=0
---------------- STG Properties END ------------------

---------------- Datapath Model BEGIN ----------------

<LifeTime>
<method=bitvector/>
m                   (alloca           ) [ 01111111111111111]
buff_B_V            (alloca           ) [ 00111111111111111]
tile_A_V_0          (alloca           ) [ 00111111111111111]
empty               (wait             ) [ 00000000000000000]
store_ln1813        (store            ) [ 00000000000000000]
call_ln0            (call             ) [ 00000000000000000]
specinterface_ln0   (specinterface    ) [ 00000000000000000]
specinterface_ln0   (specinterface    ) [ 00000000000000000]
specinterface_ln0   (specinterface    ) [ 00000000000000000]
empty_456           (wait             ) [ 00000000000000000]
tile_A_V_0_addr     (getelementptr    ) [ 00001111111111111]
tile_A_V_0_addr_17  (getelementptr    ) [ 00001111111111111]
tile_A_V_0_addr_18  (getelementptr    ) [ 00001111111111111]
tile_A_V_0_addr_19  (getelementptr    ) [ 00001111111111111]
tile_A_V_0_addr_20  (getelementptr    ) [ 00001111111111111]
tile_A_V_0_addr_21  (getelementptr    ) [ 00001111111111111]
tile_A_V_0_addr_22  (getelementptr    ) [ 00001111111111111]
tile_A_V_0_addr_23  (getelementptr    ) [ 00001111111111111]
tile_A_V_0_addr_24  (getelementptr    ) [ 00001111111111111]
tile_A_V_0_addr_25  (getelementptr    ) [ 00001111111111111]
tile_A_V_0_addr_26  (getelementptr    ) [ 00001111111111111]
tile_A_V_0_addr_27  (getelementptr    ) [ 00001111111111111]
tile_A_V_0_addr_28  (getelementptr    ) [ 00001111111111111]
tile_A_V_0_addr_29  (getelementptr    ) [ 00001111111111111]
tile_A_V_0_addr_30  (getelementptr    ) [ 00001111111111111]
tile_A_V_0_addr_31  (getelementptr    ) [ 00001111111111111]
tile_A_V_0_addr_32  (getelementptr    ) [ 00001111111111111]
br_ln1813           (br               ) [ 00000000000000000]
m_22                (load             ) [ 00000000000000000]
icmp_ln1813         (icmp             ) [ 00001111111111111]
empty_457           (speclooptripcount) [ 00000000000000000]
m_23                (add              ) [ 00000000000000000]
br_ln1813           (br               ) [ 00000000000000000]
empty_458           (wait             ) [ 00000000000000000]
store_ln1813        (store            ) [ 00000000000000000]
ret_ln1896          (ret              ) [ 00000000000000000]
call_ln0            (call             ) [ 00000000000000000]
empty_459           (wait             ) [ 00000000000000000]
tile_A_V_0_load     (load             ) [ 00000000111111111]
empty_460           (wait             ) [ 00000000000000000]
tile_A_V_0_load_17  (load             ) [ 00000000011111111]
tile_A_V_0_load_18  (load             ) [ 00000000011111111]
tile_A_V_0_load_19  (load             ) [ 00000000001111111]
tile_A_V_0_load_20  (load             ) [ 00000000001111111]
tile_A_V_0_load_21  (load             ) [ 00000000000111111]
tile_A_V_0_load_22  (load             ) [ 00000000000111111]
tile_A_V_0_load_23  (load             ) [ 00000000000011111]
tile_A_V_0_load_24  (load             ) [ 00000000000011111]
tile_A_V_0_load_25  (load             ) [ 00000000000001111]
tile_A_V_0_load_26  (load             ) [ 00000000000001111]
tile_A_V_0_load_27  (load             ) [ 00000000000000111]
tile_A_V_0_load_28  (load             ) [ 00000000000000111]
tile_A_V_0_load_29  (load             ) [ 00000000000000011]
tile_A_V_0_load_30  (load             ) [ 00000000000000011]
tile_A_V_0_load_31  (load             ) [ 00000000000000001]
tile_A_V_0_load_32  (load             ) [ 00000000000000001]
specloopname_ln1813 (specloopname     ) [ 00000000000000000]
call_ln186          (call             ) [ 00000000000000000]
br_ln1813           (br               ) [ 00000000000000000]
</LifeTime>

<model>

<comp_list>
<comp id="0" class="1000" name="A_sx_2">
<pin_list>
<pin id="1" dir="1" index="0" bw="1" slack="0"/>
</pin_list>
<bind>
<StgValue><ssdm name="A_sx_2"/></StgValue>
</bind>
</comp>

<comp id="2" class="1000" name="V_1_2">
<pin_list>
<pin id="3" dir="1" index="0" bw="1" slack="0"/>
</pin_list>
<bind>
<StgValue><ssdm name="V_1_2"/></StgValue>
</bind>
</comp>

<comp id="4" class="1000" name="head_out_2">
<pin_list>
<pin id="5" dir="1" index="0" bw="1" slack="0"/>
</pin_list>
<bind>
<StgValue><ssdm name="head_out_2"/></StgValue>
</bind>
</comp>

<comp id="6" class="1001" name="const_6">
<pin_list>
<pin id="7" dir="1" index="0" bw="1" slack="0"/>
</pin_list>
<bind>
<StgValue><ssdm name=""/></StgValue>
</bind>
</comp>

<comp id="8" class="1001" name="const_8">
<pin_list>
<pin id="9" dir="1" index="0" bw="1" slack="0"/>
</pin_list>
<bind>
<StgValue><ssdm name=""/></StgValue>
</bind>
</comp>

<comp id="10" class="1001" name="const_10">
<pin_list>
<pin id="11" dir="1" index="0" bw="1" slack="2147483647"/>
</pin_list>
<bind>
<StgValue><ssdm name="_ssdm_op_Wait"/></StgValue>
</bind>
</comp>

<comp id="12" class="1001" name="const_12">
<pin_list>
<pin id="13" dir="1" index="0" bw="1" slack="0"/>
</pin_list>
<bind>
<StgValue><ssdm name="MatMul_KV_tiled.21_Pipeline_load_B_VITIS_LOOP_1796_1"/></StgValue>
</bind>
</comp>

<comp id="14" class="1001" name="const_14">
<pin_list>
<pin id="15" dir="1" index="0" bw="1" slack="0"/>
</pin_list>
<bind>
<StgValue><ssdm name=""/></StgValue>
</bind>
</comp>

<comp id="16" class="1001" name="const_16">
<pin_list>
<pin id="17" dir="1" index="0" bw="1" slack="2147483647"/>
</pin_list>
<bind>
<StgValue><ssdm name="_ssdm_op_SpecInterface"/></StgValue>
</bind>
</comp>

<comp id="18" class="1001" name="const_18">
<pin_list>
<pin id="19" dir="1" index="0" bw="1" slack="2147483647"/>
</pin_list>
<bind>
<StgValue><ssdm name="empty_0"/></StgValue>
</bind>
</comp>

<comp id="20" class="1001" name="const_20">
<pin_list>
<pin id="21" dir="1" index="0" bw="1" slack="2147483647"/>
</pin_list>
<bind>
<StgValue><ssdm name=""/></StgValue>
</bind>
</comp>

<comp id="22" class="1001" name="const_22">
<pin_list>
<pin id="23" dir="1" index="0" bw="1" slack="2147483647"/>
</pin_list>
<bind>
<StgValue><ssdm name="empty_26"/></StgValue>
</bind>
</comp>

<comp id="24" class="1001" name="const_24">
<pin_list>
<pin id="25" dir="1" index="0" bw="1" slack="2147483647"/>
</pin_list>
<bind>
<StgValue><ssdm name=""/></StgValue>
</bind>
</comp>

<comp id="26" class="1001" name="const_26">
<pin_list>
<pin id="27" dir="1" index="0" bw="1" slack="0"/>
</pin_list>
<bind>
<StgValue><ssdm name=""/></StgValue>
</bind>
</comp>

<comp id="28" class="1001" name="const_28">
<pin_list>
<pin id="29" dir="1" index="0" bw="1" slack="0"/>
</pin_list>
<bind>
<StgValue><ssdm name=""/></StgValue>
</bind>
</comp>

<comp id="30" class="1001" name="const_30">
<pin_list>
<pin id="31" dir="1" index="0" bw="1" slack="0"/>
</pin_list>
<bind>
<StgValue><ssdm name=""/></StgValue>
</bind>
</comp>

<comp id="32" class="1001" name="const_32">
<pin_list>
<pin id="33" dir="1" index="0" bw="1" slack="0"/>
</pin_list>
<bind>
<StgValue><ssdm name=""/></StgValue>
</bind>
</comp>

<comp id="34" class="1001" name="const_34">
<pin_list>
<pin id="35" dir="1" index="0" bw="1" slack="0"/>
</pin_list>
<bind>
<StgValue><ssdm name=""/></StgValue>
</bind>
</comp>

<comp id="36" class="1001" name="const_36">
<pin_list>
<pin id="37" dir="1" index="0" bw="1" slack="0"/>
</pin_list>
<bind>
<StgValue><ssdm name=""/></StgValue>
</bind>
</comp>

<comp id="38" class="1001" name="const_38">
<pin_list>
<pin id="39" dir="1" index="0" bw="1" slack="0"/>
</pin_list>
<bind>
<StgValue><ssdm name=""/></StgValue>
</bind>
</comp>

<comp id="40" class="1001" name="const_40">
<pin_list>
<pin id="41" dir="1" index="0" bw="1" slack="0"/>
</pin_list>
<bind>
<StgValue><ssdm name=""/></StgValue>
</bind>
</comp>

<comp id="42" class="1001" name="const_42">
<pin_list>
<pin id="43" dir="1" index="0" bw="1" slack="0"/>
</pin_list>
<bind>
<StgValue><ssdm name=""/></StgValue>
</bind>
</comp>

<comp id="44" class="1001" name="const_44">
<pin_list>
<pin id="45" dir="1" index="0" bw="1" slack="0"/>
</pin_list>
<bind>
<StgValue><ssdm name=""/></StgValue>
</bind>
</comp>

<comp id="46" class="1001" name="const_46">
<pin_list>
<pin id="47" dir="1" index="0" bw="1" slack="0"/>
</pin_list>
<bind>
<StgValue><ssdm name=""/></StgValue>
</bind>
</comp>

<comp id="48" class="1001" name="const_48">
<pin_list>
<pin id="49" dir="1" index="0" bw="1" slack="0"/>
</pin_list>
<bind>
<StgValue><ssdm name=""/></StgValue>
</bind>
</comp>

<comp id="50" class="1001" name="const_50">
<pin_list>
<pin id="51" dir="1" index="0" bw="1" slack="0"/>
</pin_list>
<bind>
<StgValue><ssdm name=""/></StgValue>
</bind>
</comp>

<comp id="52" class="1001" name="const_52">
<pin_list>
<pin id="53" dir="1" index="0" bw="1" slack="0"/>
</pin_list>
<bind>
<StgValue><ssdm name=""/></StgValue>
</bind>
</comp>

<comp id="54" class="1001" name="const_54">
<pin_list>
<pin id="55" dir="1" index="0" bw="1" slack="0"/>
</pin_list>
<bind>
<StgValue><ssdm name=""/></StgValue>
</bind>
</comp>

<comp id="56" class="1001" name="const_56">
<pin_list>
<pin id="57" dir="1" index="0" bw="1" slack="0"/>
</pin_list>
<bind>
<StgValue><ssdm name=""/></StgValue>
</bind>
</comp>

<comp id="58" class="1001" name="const_58">
<pin_list>
<pin id="59" dir="1" index="0" bw="1" slack="0"/>
</pin_list>
<bind>
<StgValue><ssdm name=""/></StgValue>
</bind>
</comp>

<comp id="60" class="1001" name="const_60">
<pin_list>
<pin id="61" dir="1" index="0" bw="1" slack="2147483647"/>
</pin_list>
<bind>
<StgValue><ssdm name="_ssdm_op_SpecLoopTripCount"/></StgValue>
</bind>
</comp>

<comp id="62" class="1001" name="const_62">
<pin_list>
<pin id="63" dir="1" index="0" bw="1" slack="2147483647"/>
</pin_list>
<bind>
<StgValue><ssdm name=""/></StgValue>
</bind>
</comp>

<comp id="64" class="1001" name="const_64">
<pin_list>
<pin id="65" dir="1" index="0" bw="1" slack="0"/>
</pin_list>
<bind>
<StgValue><ssdm name=""/></StgValue>
</bind>
</comp>

<comp id="66" class="1001" name="const_66">
<pin_list>
<pin id="67" dir="1" index="0" bw="1" slack="0"/>
</pin_list>
<bind>
<StgValue><ssdm name="MatMul_KV_tiled.21_Pipeline_VITIS_LOOP_1818_5"/></StgValue>
</bind>
</comp>

<comp id="68" class="1001" name="const_68">
<pin_list>
<pin id="69" dir="1" index="0" bw="1" slack="0"/>
</pin_list>
<bind>
<StgValue><ssdm name="MatMul_KV_tiled.21_Pipeline_VITIS_LOOP_1831_6"/></StgValue>
</bind>
</comp>

<comp id="70" class="1001" name="const_70">
<pin_list>
<pin id="71" dir="1" index="0" bw="1" slack="2147483647"/>
</pin_list>
<bind>
<StgValue><ssdm name="_ssdm_op_SpecLoopName"/></StgValue>
</bind>
</comp>

<comp id="72" class="1001" name="const_72">
<pin_list>
<pin id="73" dir="1" index="0" bw="1" slack="2147483647"/>
</pin_list>
<bind>
<StgValue><ssdm name="empty_33"/></StgValue>
</bind>
</comp>

<comp id="74" class="1004" name="m_fu_74">
<pin_list>
<pin id="75" dir="0" index="0" bw="1" slack="0"/>
<pin id="76" dir="1" index="1" bw="5" slack="0"/>
</pin_list>
<bind>
<opcode="alloca(26) " fcode="alloca"/>
<opset="m/1 "/>
</bind>
</comp>

<comp id="78" class="1004" name="buff_B_V_alloca_fu_78">
<pin_list>
<pin id="79" dir="0" index="0" bw="1" slack="0"/>
<pin id="80" dir="1" index="1" bw="8" slack="0"/>
</pin_list>
<bind>
<opcode="alloca(26) " fcode="alloca"/>
<opset="buff_B_V/1 "/>
</bind>
</comp>

<comp id="82" class="1004" name="tile_A_V_0_alloca_fu_82">
<pin_list>
<pin id="83" dir="0" index="0" bw="1" slack="0"/>
<pin id="84" dir="1" index="1" bw="8" slack="2147483647"/>
</pin_list>
<bind>
<opcode="alloca(26) " fcode="alloca"/>
<opset="tile_A_V_0/1 "/>
</bind>
</comp>

<comp id="86" class="1004" name="tile_A_V_0_addr_gep_fu_86">
<pin_list>
<pin id="87" dir="0" index="0" bw="8" slack="2147483647"/>
<pin id="88" dir="0" index="1" bw="1" slack="0"/>
<pin id="89" dir="0" index="2" bw="1" slack="0"/>
<pin id="90" dir="1" index="3" bw="5" slack="3"/>
</pin_list>
<bind>
<opcode="getelementptr(29) " fcode="getelementptr"/>
<opset="tile_A_V_0_addr/3 "/>
</bind>
</comp>

<comp id="93" class="1004" name="tile_A_V_0_addr_17_gep_fu_93">
<pin_list>
<pin id="94" dir="0" index="0" bw="8" slack="2147483647"/>
<pin id="95" dir="0" index="1" bw="1" slack="0"/>
<pin id="96" dir="0" index="2" bw="1" slack="0"/>
<pin id="97" dir="1" index="3" bw="5" slack="4"/>
</pin_list>
<bind>
<opcode="getelementptr(29) " fcode="getelementptr"/>
<opset="tile_A_V_0_addr_17/3 "/>
</bind>
</comp>

<comp id="100" class="1004" name="tile_A_V_0_addr_18_gep_fu_100">
<pin_list>
<pin id="101" dir="0" index="0" bw="8" slack="2147483647"/>
<pin id="102" dir="0" index="1" bw="1" slack="0"/>
<pin id="103" dir="0" index="2" bw="3" slack="0"/>
<pin id="104" dir="1" index="3" bw="5" slack="4"/>
</pin_list>
<bind>
<opcode="getelementptr(29) " fcode="getelementptr"/>
<opset="tile_A_V_0_addr_18/3 "/>
</bind>
</comp>

<comp id="107" class="1004" name="tile_A_V_0_addr_19_gep_fu_107">
<pin_list>
<pin id="108" dir="0" index="0" bw="8" slack="2147483647"/>
<pin id="109" dir="0" index="1" bw="1" slack="0"/>
<pin id="110" dir="0" index="2" bw="3" slack="0"/>
<pin id="111" dir="1" index="3" bw="5" slack="5"/>
</pin_list>
<bind>
<opcode="getelementptr(29) " fcode="getelementptr"/>
<opset="tile_A_V_0_addr_19/3 "/>
</bind>
</comp>

<comp id="114" class="1004" name="tile_A_V_0_addr_20_gep_fu_114">
<pin_list>
<pin id="115" dir="0" index="0" bw="8" slack="2147483647"/>
<pin id="116" dir="0" index="1" bw="1" slack="0"/>
<pin id="117" dir="0" index="2" bw="4" slack="0"/>
<pin id="118" dir="1" index="3" bw="5" slack="5"/>
</pin_list>
<bind>
<opcode="getelementptr(29) " fcode="getelementptr"/>
<opset="tile_A_V_0_addr_20/3 "/>
</bind>
</comp>

<comp id="121" class="1004" name="tile_A_V_0_addr_21_gep_fu_121">
<pin_list>
<pin id="122" dir="0" index="0" bw="8" slack="2147483647"/>
<pin id="123" dir="0" index="1" bw="1" slack="0"/>
<pin id="124" dir="0" index="2" bw="4" slack="0"/>
<pin id="125" dir="1" index="3" bw="5" slack="6"/>
</pin_list>
<bind>
<opcode="getelementptr(29) " fcode="getelementptr"/>
<opset="tile_A_V_0_addr_21/3 "/>
</bind>
</comp>

<comp id="128" class="1004" name="tile_A_V_0_addr_22_gep_fu_128">
<pin_list>
<pin id="129" dir="0" index="0" bw="8" slack="2147483647"/>
<pin id="130" dir="0" index="1" bw="1" slack="0"/>
<pin id="131" dir="0" index="2" bw="4" slack="0"/>
<pin id="132" dir="1" index="3" bw="5" slack="6"/>
</pin_list>
<bind>
<opcode="getelementptr(29) " fcode="getelementptr"/>
<opset="tile_A_V_0_addr_22/3 "/>
</bind>
</comp>

<comp id="135" class="1004" name="tile_A_V_0_addr_23_gep_fu_135">
<pin_list>
<pin id="136" dir="0" index="0" bw="8" slack="2147483647"/>
<pin id="137" dir="0" index="1" bw="1" slack="0"/>
<pin id="138" dir="0" index="2" bw="4" slack="0"/>
<pin id="139" dir="1" index="3" bw="5" slack="7"/>
</pin_list>
<bind>
<opcode="getelementptr(29) " fcode="getelementptr"/>
<opset="tile_A_V_0_addr_23/3 "/>
</bind>
</comp>

<comp id="142" class="1004" name="tile_A_V_0_addr_24_gep_fu_142">
<pin_list>
<pin id="143" dir="0" index="0" bw="8" slack="2147483647"/>
<pin id="144" dir="0" index="1" bw="1" slack="0"/>
<pin id="145" dir="0" index="2" bw="5" slack="0"/>
<pin id="146" dir="1" index="3" bw="5" slack="7"/>
</pin_list>
<bind>
<opcode="getelementptr(29) " fcode="getelementptr"/>
<opset="tile_A_V_0_addr_24/3 "/>
</bind>
</comp>

<comp id="149" class="1004" name="tile_A_V_0_addr_25_gep_fu_149">
<pin_list>
<pin id="150" dir="0" index="0" bw="8" slack="2147483647"/>
<pin id="151" dir="0" index="1" bw="1" slack="0"/>
<pin id="152" dir="0" index="2" bw="5" slack="0"/>
<pin id="153" dir="1" index="3" bw="5" slack="8"/>
</pin_list>
<bind>
<opcode="getelementptr(29) " fcode="getelementptr"/>
<opset="tile_A_V_0_addr_25/3 "/>
</bind>
</comp>

<comp id="156" class="1004" name="tile_A_V_0_addr_26_gep_fu_156">
<pin_list>
<pin id="157" dir="0" index="0" bw="8" slack="2147483647"/>
<pin id="158" dir="0" index="1" bw="1" slack="0"/>
<pin id="159" dir="0" index="2" bw="5" slack="0"/>
<pin id="160" dir="1" index="3" bw="5" slack="8"/>
</pin_list>
<bind>
<opcode="getelementptr(29) " fcode="getelementptr"/>
<opset="tile_A_V_0_addr_26/3 "/>
</bind>
</comp>

<comp id="163" class="1004" name="tile_A_V_0_addr_27_gep_fu_163">
<pin_list>
<pin id="164" dir="0" index="0" bw="8" slack="2147483647"/>
<pin id="165" dir="0" index="1" bw="1" slack="0"/>
<pin id="166" dir="0" index="2" bw="5" slack="0"/>
<pin id="167" dir="1" index="3" bw="5" slack="9"/>
</pin_list>
<bind>
<opcode="getelementptr(29) " fcode="getelementptr"/>
<opset="tile_A_V_0_addr_27/3 "/>
</bind>
</comp>

<comp id="170" class="1004" name="tile_A_V_0_addr_28_gep_fu_170">
<pin_list>
<pin id="171" dir="0" index="0" bw="8" slack="2147483647"/>
<pin id="172" dir="0" index="1" bw="1" slack="0"/>
<pin id="173" dir="0" index="2" bw="5" slack="0"/>
<pin id="174" dir="1" index="3" bw="5" slack="9"/>
</pin_list>
<bind>
<opcode="getelementptr(29) " fcode="getelementptr"/>
<opset="tile_A_V_0_addr_28/3 "/>
</bind>
</comp>

<comp id="177" class="1004" name="tile_A_V_0_addr_29_gep_fu_177">
<pin_list>
<pin id="178" dir="0" index="0" bw="8" slack="2147483647"/>
<pin id="179" dir="0" index="1" bw="1" slack="0"/>
<pin id="180" dir="0" index="2" bw="5" slack="0"/>
<pin id="181" dir="1" index="3" bw="5" slack="10"/>
</pin_list>
<bind>
<opcode="getelementptr(29) " fcode="getelementptr"/>
<opset="tile_A_V_0_addr_29/3 "/>
</bind>
</comp>

<comp id="184" class="1004" name="tile_A_V_0_addr_30_gep_fu_184">
<pin_list>
<pin id="185" dir="0" index="0" bw="8" slack="2147483647"/>
<pin id="186" dir="0" index="1" bw="1" slack="0"/>
<pin id="187" dir="0" index="2" bw="5" slack="0"/>
<pin id="188" dir="1" index="3" bw="5" slack="10"/>
</pin_list>
<bind>
<opcode="getelementptr(29) " fcode="getelementptr"/>
<opset="tile_A_V_0_addr_30/3 "/>
</bind>
</comp>

<comp id="191" class="1004" name="tile_A_V_0_addr_31_gep_fu_191">
<pin_list>
<pin id="192" dir="0" index="0" bw="8" slack="2147483647"/>
<pin id="193" dir="0" index="1" bw="1" slack="0"/>
<pin id="194" dir="0" index="2" bw="5" slack="0"/>
<pin id="195" dir="1" index="3" bw="5" slack="11"/>
</pin_list>
<bind>
<opcode="getelementptr(29) " fcode="getelementptr"/>
<opset="tile_A_V_0_addr_31/3 "/>
</bind>
</comp>

<comp id="198" class="1004" name="tile_A_V_0_addr_32_gep_fu_198">
<pin_list>
<pin id="199" dir="0" index="0" bw="8" slack="2147483647"/>
<pin id="200" dir="0" index="1" bw="1" slack="0"/>
<pin id="201" dir="0" index="2" bw="6" slack="0"/>
<pin id="202" dir="1" index="3" bw="5" slack="11"/>
</pin_list>
<bind>
<opcode="getelementptr(29) " fcode="getelementptr"/>
<opset="tile_A_V_0_addr_32/3 "/>
</bind>
</comp>

<comp id="205" class="1004" name="grp_access_fu_205">
<pin_list>
<pin id="206" dir="0" index="0" bw="5" slack="3"/>
<pin id="207" dir="0" index="1" bw="8" slack="2147483647"/>
<pin id="208" dir="0" index="2" bw="0" slack="4"/>
<pin id="210" dir="0" index="4" bw="5" slack="2147483647"/>
<pin id="211" dir="0" index="5" bw="8" slack="2147483647"/>
<pin id="212" dir="0" index="6" bw="0" slack="2147483647"/>
<pin id="209" dir="1" index="3" bw="8" slack="0"/>
<pin id="213" dir="1" index="7" bw="8" slack="0"/>
</pin_list>
<bind>
<opcode="load(27) " fcode="load"/>
<opset="tile_A_V_0_load/6 tile_A_V_0_load_17/7 tile_A_V_0_load_18/7 tile_A_V_0_load_19/8 tile_A_V_0_load_20/8 tile_A_V_0_load_21/9 tile_A_V_0_load_22/9 tile_A_V_0_load_23/10 tile_A_V_0_load_24/10 tile_A_V_0_load_25/11 tile_A_V_0_load_26/11 tile_A_V_0_load_27/12 tile_A_V_0_load_28/12 tile_A_V_0_load_29/13 tile_A_V_0_load_30/13 tile_A_V_0_load_31/14 tile_A_V_0_load_32/14 "/>
</bind>
</comp>

<comp id="214" class="1004" name="grp_MatMul_KV_tiled_21_Pipeline_load_B_VITIS_LOOP_1796_1_fu_214">
<pin_list>
<pin id="215" dir="0" index="0" bw="0" slack="0"/>
<pin id="216" dir="0" index="1" bw="8" slack="0"/>
<pin id="217" dir="0" index="2" bw="8" slack="0"/>
<pin id="218" dir="1" index="3" bw="0" slack="2147483647"/>
</pin_list>
<bind>
<opcode="call(48) " fcode="call"/>
<opset="call_ln0/1 "/>
</bind>
</comp>

<comp id="222" class="1004" name="grp_MatMul_KV_tiled_21_Pipeline_VITIS_LOOP_1818_5_fu_222">
<pin_list>
<pin id="223" dir="0" index="0" bw="0" slack="0"/>
<pin id="224" dir="0" index="1" bw="8" slack="0"/>
<pin id="225" dir="0" index="2" bw="8" slack="2147483647"/>
<pin id="226" dir="1" index="3" bw="0" slack="2147483647"/>
</pin_list>
<bind>
<opcode="call(48) " fcode="call"/>
<opset="call_ln0/4 "/>
</bind>
</comp>

<comp id="229" class="1004" name="grp_MatMul_KV_tiled_21_Pipeline_VITIS_LOOP_1831_6_fu_229">
<pin_list>
<pin id="230" dir="0" index="0" bw="0" slack="0"/>
<pin id="231" dir="0" index="1" bw="8" slack="2147483647"/>
<pin id="232" dir="0" index="2" bw="8" slack="8"/>
<pin id="233" dir="0" index="3" bw="8" slack="7"/>
<pin id="234" dir="0" index="4" bw="8" slack="7"/>
<pin id="235" dir="0" index="5" bw="8" slack="6"/>
<pin id="236" dir="0" index="6" bw="8" slack="6"/>
<pin id="237" dir="0" index="7" bw="8" slack="5"/>
<pin id="238" dir="0" index="8" bw="8" slack="5"/>
<pin id="239" dir="0" index="9" bw="8" slack="4"/>
<pin id="240" dir="0" index="10" bw="8" slack="4"/>
<pin id="241" dir="0" index="11" bw="8" slack="3"/>
<pin id="242" dir="0" index="12" bw="8" slack="3"/>
<pin id="243" dir="0" index="13" bw="8" slack="2"/>
<pin id="244" dir="0" index="14" bw="8" slack="2"/>
<pin id="245" dir="0" index="15" bw="8" slack="1"/>
<pin id="246" dir="0" index="16" bw="8" slack="1"/>
<pin id="247" dir="0" index="17" bw="8" slack="0"/>
<pin id="248" dir="0" index="18" bw="8" slack="0"/>
<pin id="249" dir="0" index="19" bw="8" slack="0"/>
<pin id="250" dir="1" index="20" bw="0" slack="2147483647"/>
</pin_list>
<bind>
<opcode="call(48) " fcode="call"/>
<opset="call_ln186/15 "/>
</bind>
</comp>

<comp id="255" class="1004" name="store_ln1813_store_fu_255">
<pin_list>
<pin id="256" dir="0" index="0" bw="1" slack="0"/>
<pin id="257" dir="0" index="1" bw="5" slack="0"/>
<pin id="258" dir="1" index="2" bw="0" slack="2147483647"/>
</pin_list>
<bind>
<opcode="store(28) " fcode="store"/>
<opset="store_ln1813/1 "/>
</bind>
</comp>

<comp id="260" class="1004" name="m_22_load_fu_260">
<pin_list>
<pin id="261" dir="0" index="0" bw="5" slack="3"/>
<pin id="262" dir="1" index="1" bw="5" slack="0"/>
</pin_list>
<bind>
<opcode="load(27) " fcode="load"/>
<opset="m_22/4 "/>
</bind>
</comp>

<comp id="263" class="1004" name="icmp_ln1813_fu_263">
<pin_list>
<pin id="264" dir="0" index="0" bw="5" slack="0"/>
<pin id="265" dir="0" index="1" bw="5" slack="0"/>
<pin id="266" dir="1" index="2" bw="1" slack="2147483647"/>
</pin_list>
<bind>
<opcode="icmp(45) " fcode="icmp"/>
<opset="icmp_ln1813/4 "/>
</bind>
</comp>

<comp id="269" class="1004" name="m_23_fu_269">
<pin_list>
<pin id="270" dir="0" index="0" bw="5" slack="0"/>
<pin id="271" dir="0" index="1" bw="1" slack="0"/>
<pin id="272" dir="1" index="2" bw="5" slack="0"/>
</pin_list>
<bind>
<opcode="add(8) " fcode="add"/>
<opset="m_23/4 "/>
</bind>
</comp>

<comp id="275" class="1004" name="store_ln1813_store_fu_275">
<pin_list>
<pin id="276" dir="0" index="0" bw="5" slack="0"/>
<pin id="277" dir="0" index="1" bw="5" slack="3"/>
<pin id="278" dir="1" index="2" bw="0" slack="2147483647"/>
</pin_list>
<bind>
<opcode="store(28) " fcode="store"/>
<opset="store_ln1813/4 "/>
</bind>
</comp>

<comp id="280" class="1005" name="m_reg_280">
<pin_list>
<pin id="281" dir="0" index="0" bw="5" slack="0"/>
<pin id="282" dir="1" index="1" bw="5" slack="0"/>
</pin_list>
<bind>
<opset="m "/>
</bind>
</comp>

<comp id="287" class="1005" name="tile_A_V_0_addr_reg_287">
<pin_list>
<pin id="288" dir="0" index="0" bw="5" slack="3"/>
<pin id="289" dir="1" index="1" bw="5" slack="3"/>
</pin_list>
<bind>
<opset="tile_A_V_0_addr "/>
</bind>
</comp>

<comp id="292" class="1005" name="tile_A_V_0_addr_17_reg_292">
<pin_list>
<pin id="293" dir="0" index="0" bw="5" slack="4"/>
<pin id="294" dir="1" index="1" bw="5" slack="4"/>
</pin_list>
<bind>
<opset="tile_A_V_0_addr_17 "/>
</bind>
</comp>

<comp id="297" class="1005" name="tile_A_V_0_addr_18_reg_297">
<pin_list>
<pin id="298" dir="0" index="0" bw="5" slack="4"/>
<pin id="299" dir="1" index="1" bw="5" slack="4"/>
</pin_list>
<bind>
<opset="tile_A_V_0_addr_18 "/>
</bind>
</comp>

<comp id="302" class="1005" name="tile_A_V_0_addr_19_reg_302">
<pin_list>
<pin id="303" dir="0" index="0" bw="5" slack="5"/>
<pin id="304" dir="1" index="1" bw="5" slack="5"/>
</pin_list>
<bind>
<opset="tile_A_V_0_addr_19 "/>
</bind>
</comp>

<comp id="307" class="1005" name="tile_A_V_0_addr_20_reg_307">
<pin_list>
<pin id="308" dir="0" index="0" bw="5" slack="5"/>
<pin id="309" dir="1" index="1" bw="5" slack="5"/>
</pin_list>
<bind>
<opset="tile_A_V_0_addr_20 "/>
</bind>
</comp>

<comp id="312" class="1005" name="tile_A_V_0_addr_21_reg_312">
<pin_list>
<pin id="313" dir="0" index="0" bw="5" slack="6"/>
<pin id="314" dir="1" index="1" bw="5" slack="6"/>
</pin_list>
<bind>
<opset="tile_A_V_0_addr_21 "/>
</bind>
</comp>

<comp id="317" class="1005" name="tile_A_V_0_addr_22_reg_317">
<pin_list>
<pin id="318" dir="0" index="0" bw="5" slack="6"/>
<pin id="319" dir="1" index="1" bw="5" slack="6"/>
</pin_list>
<bind>
<opset="tile_A_V_0_addr_22 "/>
</bind>
</comp>

<comp id="322" class="1005" name="tile_A_V_0_addr_23_reg_322">
<pin_list>
<pin id="323" dir="0" index="0" bw="5" slack="7"/>
<pin id="324" dir="1" index="1" bw="5" slack="7"/>
</pin_list>
<bind>
<opset="tile_A_V_0_addr_23 "/>
</bind>
</comp>

<comp id="327" class="1005" name="tile_A_V_0_addr_24_reg_327">
<pin_list>
<pin id="328" dir="0" index="0" bw="5" slack="7"/>
<pin id="329" dir="1" index="1" bw="5" slack="7"/>
</pin_list>
<bind>
<opset="tile_A_V_0_addr_24 "/>
</bind>
</comp>

<comp id="332" class="1005" name="tile_A_V_0_addr_25_reg_332">
<pin_list>
<pin id="333" dir="0" index="0" bw="5" slack="8"/>
<pin id="334" dir="1" index="1" bw="5" slack="8"/>
</pin_list>
<bind>
<opset="tile_A_V_0_addr_25 "/>
</bind>
</comp>

<comp id="337" class="1005" name="tile_A_V_0_addr_26_reg_337">
<pin_list>
<pin id="338" dir="0" index="0" bw="5" slack="8"/>
<pin id="339" dir="1" index="1" bw="5" slack="8"/>
</pin_list>
<bind>
<opset="tile_A_V_0_addr_26 "/>
</bind>
</comp>

<comp id="342" class="1005" name="tile_A_V_0_addr_27_reg_342">
<pin_list>
<pin id="343" dir="0" index="0" bw="5" slack="9"/>
<pin id="344" dir="1" index="1" bw="5" slack="9"/>
</pin_list>
<bind>
<opset="tile_A_V_0_addr_27 "/>
</bind>
</comp>

<comp id="347" class="1005" name="tile_A_V_0_addr_28_reg_347">
<pin_list>
<pin id="348" dir="0" index="0" bw="5" slack="9"/>
<pin id="349" dir="1" index="1" bw="5" slack="9"/>
</pin_list>
<bind>
<opset="tile_A_V_0_addr_28 "/>
</bind>
</comp>

<comp id="352" class="1005" name="tile_A_V_0_addr_29_reg_352">
<pin_list>
<pin id="353" dir="0" index="0" bw="5" slack="10"/>
<pin id="354" dir="1" index="1" bw="5" slack="10"/>
</pin_list>
<bind>
<opset="tile_A_V_0_addr_29 "/>
</bind>
</comp>

<comp id="357" class="1005" name="tile_A_V_0_addr_30_reg_357">
<pin_list>
<pin id="358" dir="0" index="0" bw="5" slack="10"/>
<pin id="359" dir="1" index="1" bw="5" slack="10"/>
</pin_list>
<bind>
<opset="tile_A_V_0_addr_30 "/>
</bind>
</comp>

<comp id="362" class="1005" name="tile_A_V_0_addr_31_reg_362">
<pin_list>
<pin id="363" dir="0" index="0" bw="5" slack="11"/>
<pin id="364" dir="1" index="1" bw="5" slack="11"/>
</pin_list>
<bind>
<opset="tile_A_V_0_addr_31 "/>
</bind>
</comp>

<comp id="367" class="1005" name="tile_A_V_0_addr_32_reg_367">
<pin_list>
<pin id="368" dir="0" index="0" bw="5" slack="11"/>
<pin id="369" dir="1" index="1" bw="5" slack="11"/>
</pin_list>
<bind>
<opset="tile_A_V_0_addr_32 "/>
</bind>
</comp>

<comp id="375" class="1005" name="tile_A_V_0_load_reg_375">
<pin_list>
<pin id="376" dir="0" index="0" bw="8" slack="8"/>
<pin id="377" dir="1" index="1" bw="8" slack="8"/>
</pin_list>
<bind>
<opset="tile_A_V_0_load "/>
</bind>
</comp>

<comp id="380" class="1005" name="tile_A_V_0_load_17_reg_380">
<pin_list>
<pin id="381" dir="0" index="0" bw="8" slack="7"/>
<pin id="382" dir="1" index="1" bw="8" slack="7"/>
</pin_list>
<bind>
<opset="tile_A_V_0_load_17 "/>
</bind>
</comp>

<comp id="385" class="1005" name="tile_A_V_0_load_18_reg_385">
<pin_list>
<pin id="386" dir="0" index="0" bw="8" slack="7"/>
<pin id="387" dir="1" index="1" bw="8" slack="7"/>
</pin_list>
<bind>
<opset="tile_A_V_0_load_18 "/>
</bind>
</comp>

<comp id="390" class="1005" name="tile_A_V_0_load_19_reg_390">
<pin_list>
<pin id="391" dir="0" index="0" bw="8" slack="6"/>
<pin id="392" dir="1" index="1" bw="8" slack="6"/>
</pin_list>
<bind>
<opset="tile_A_V_0_load_19 "/>
</bind>
</comp>

<comp id="395" class="1005" name="tile_A_V_0_load_20_reg_395">
<pin_list>
<pin id="396" dir="0" index="0" bw="8" slack="6"/>
<pin id="397" dir="1" index="1" bw="8" slack="6"/>
</pin_list>
<bind>
<opset="tile_A_V_0_load_20 "/>
</bind>
</comp>

<comp id="400" class="1005" name="tile_A_V_0_load_21_reg_400">
<pin_list>
<pin id="401" dir="0" index="0" bw="8" slack="5"/>
<pin id="402" dir="1" index="1" bw="8" slack="5"/>
</pin_list>
<bind>
<opset="tile_A_V_0_load_21 "/>
</bind>
</comp>

<comp id="405" class="1005" name="tile_A_V_0_load_22_reg_405">
<pin_list>
<pin id="406" dir="0" index="0" bw="8" slack="5"/>
<pin id="407" dir="1" index="1" bw="8" slack="5"/>
</pin_list>
<bind>
<opset="tile_A_V_0_load_22 "/>
</bind>
</comp>

<comp id="410" class="1005" name="tile_A_V_0_load_23_reg_410">
<pin_list>
<pin id="411" dir="0" index="0" bw="8" slack="4"/>
<pin id="412" dir="1" index="1" bw="8" slack="4"/>
</pin_list>
<bind>
<opset="tile_A_V_0_load_23 "/>
</bind>
</comp>

<comp id="415" class="1005" name="tile_A_V_0_load_24_reg_415">
<pin_list>
<pin id="416" dir="0" index="0" bw="8" slack="4"/>
<pin id="417" dir="1" index="1" bw="8" slack="4"/>
</pin_list>
<bind>
<opset="tile_A_V_0_load_24 "/>
</bind>
</comp>

<comp id="420" class="1005" name="tile_A_V_0_load_25_reg_420">
<pin_list>
<pin id="421" dir="0" index="0" bw="8" slack="3"/>
<pin id="422" dir="1" index="1" bw="8" slack="3"/>
</pin_list>
<bind>
<opset="tile_A_V_0_load_25 "/>
</bind>
</comp>

<comp id="425" class="1005" name="tile_A_V_0_load_26_reg_425">
<pin_list>
<pin id="426" dir="0" index="0" bw="8" slack="3"/>
<pin id="427" dir="1" index="1" bw="8" slack="3"/>
</pin_list>
<bind>
<opset="tile_A_V_0_load_26 "/>
</bind>
</comp>

<comp id="430" class="1005" name="tile_A_V_0_load_27_reg_430">
<pin_list>
<pin id="431" dir="0" index="0" bw="8" slack="2"/>
<pin id="432" dir="1" index="1" bw="8" slack="2"/>
</pin_list>
<bind>
<opset="tile_A_V_0_load_27 "/>
</bind>
</comp>

<comp id="435" class="1005" name="tile_A_V_0_load_28_reg_435">
<pin_list>
<pin id="436" dir="0" index="0" bw="8" slack="2"/>
<pin id="437" dir="1" index="1" bw="8" slack="2"/>
</pin_list>
<bind>
<opset="tile_A_V_0_load_28 "/>
</bind>
</comp>

<comp id="440" class="1005" name="tile_A_V_0_load_29_reg_440">
<pin_list>
<pin id="441" dir="0" index="0" bw="8" slack="1"/>
<pin id="442" dir="1" index="1" bw="8" slack="1"/>
</pin_list>
<bind>
<opset="tile_A_V_0_load_29 "/>
</bind>
</comp>

<comp id="445" class="1005" name="tile_A_V_0_load_30_reg_445">
<pin_list>
<pin id="446" dir="0" index="0" bw="8" slack="1"/>
<pin id="447" dir="1" index="1" bw="8" slack="1"/>
</pin_list>
<bind>
<opset="tile_A_V_0_load_30 "/>
</bind>
</comp>

<comp id="450" class="1005" name="tile_A_V_0_load_31_reg_450">
<pin_list>
<pin id="451" dir="0" index="0" bw="8" slack="1"/>
<pin id="452" dir="1" index="1" bw="8" slack="1"/>
</pin_list>
<bind>
<opset="tile_A_V_0_load_31 "/>
</bind>
</comp>

<comp id="455" class="1005" name="tile_A_V_0_load_32_reg_455">
<pin_list>
<pin id="456" dir="0" index="0" bw="8" slack="1"/>
<pin id="457" dir="1" index="1" bw="8" slack="1"/>
</pin_list>
<bind>
<opset="tile_A_V_0_load_32 "/>
</bind>
</comp>

</comp_list>

<net_list>
<net id="77"><net_src comp="6" pin="0"/><net_sink comp="74" pin=0"/></net>

<net id="81"><net_src comp="8" pin="0"/><net_sink comp="78" pin=0"/></net>

<net id="85"><net_src comp="8" pin="0"/><net_sink comp="82" pin=0"/></net>

<net id="91"><net_src comp="26" pin="0"/><net_sink comp="86" pin=1"/></net>

<net id="92"><net_src comp="26" pin="0"/><net_sink comp="86" pin=2"/></net>

<net id="98"><net_src comp="26" pin="0"/><net_sink comp="93" pin=1"/></net>

<net id="99"><net_src comp="8" pin="0"/><net_sink comp="93" pin=2"/></net>

<net id="105"><net_src comp="26" pin="0"/><net_sink comp="100" pin=1"/></net>

<net id="106"><net_src comp="28" pin="0"/><net_sink comp="100" pin=2"/></net>

<net id="112"><net_src comp="26" pin="0"/><net_sink comp="107" pin=1"/></net>

<net id="113"><net_src comp="30" pin="0"/><net_sink comp="107" pin=2"/></net>

<net id="119"><net_src comp="26" pin="0"/><net_sink comp="114" pin=1"/></net>

<net id="120"><net_src comp="32" pin="0"/><net_sink comp="114" pin=2"/></net>

<net id="126"><net_src comp="26" pin="0"/><net_sink comp="121" pin=1"/></net>

<net id="127"><net_src comp="34" pin="0"/><net_sink comp="121" pin=2"/></net>

<net id="133"><net_src comp="26" pin="0"/><net_sink comp="128" pin=1"/></net>

<net id="134"><net_src comp="36" pin="0"/><net_sink comp="128" pin=2"/></net>

<net id="140"><net_src comp="26" pin="0"/><net_sink comp="135" pin=1"/></net>

<net id="141"><net_src comp="38" pin="0"/><net_sink comp="135" pin=2"/></net>

<net id="147"><net_src comp="26" pin="0"/><net_sink comp="142" pin=1"/></net>

<net id="148"><net_src comp="40" pin="0"/><net_sink comp="142" pin=2"/></net>

<net id="154"><net_src comp="26" pin="0"/><net_sink comp="149" pin=1"/></net>

<net id="155"><net_src comp="42" pin="0"/><net_sink comp="149" pin=2"/></net>

<net id="161"><net_src comp="26" pin="0"/><net_sink comp="156" pin=1"/></net>

<net id="162"><net_src comp="44" pin="0"/><net_sink comp="156" pin=2"/></net>

<net id="168"><net_src comp="26" pin="0"/><net_sink comp="163" pin=1"/></net>

<net id="169"><net_src comp="46" pin="0"/><net_sink comp="163" pin=2"/></net>

<net id="175"><net_src comp="26" pin="0"/><net_sink comp="170" pin=1"/></net>

<net id="176"><net_src comp="48" pin="0"/><net_sink comp="170" pin=2"/></net>

<net id="182"><net_src comp="26" pin="0"/><net_sink comp="177" pin=1"/></net>

<net id="183"><net_src comp="50" pin="0"/><net_sink comp="177" pin=2"/></net>

<net id="189"><net_src comp="26" pin="0"/><net_sink comp="184" pin=1"/></net>

<net id="190"><net_src comp="52" pin="0"/><net_sink comp="184" pin=2"/></net>

<net id="196"><net_src comp="26" pin="0"/><net_sink comp="191" pin=1"/></net>

<net id="197"><net_src comp="54" pin="0"/><net_sink comp="191" pin=2"/></net>

<net id="203"><net_src comp="26" pin="0"/><net_sink comp="198" pin=1"/></net>

<net id="204"><net_src comp="56" pin="0"/><net_sink comp="198" pin=2"/></net>

<net id="219"><net_src comp="12" pin="0"/><net_sink comp="214" pin=0"/></net>

<net id="220"><net_src comp="78" pin="1"/><net_sink comp="214" pin=1"/></net>

<net id="221"><net_src comp="2" pin="0"/><net_sink comp="214" pin=2"/></net>

<net id="227"><net_src comp="66" pin="0"/><net_sink comp="222" pin=0"/></net>

<net id="228"><net_src comp="0" pin="0"/><net_sink comp="222" pin=1"/></net>

<net id="251"><net_src comp="68" pin="0"/><net_sink comp="229" pin=0"/></net>

<net id="252"><net_src comp="205" pin="3"/><net_sink comp="229" pin=17"/></net>

<net id="253"><net_src comp="205" pin="7"/><net_sink comp="229" pin=18"/></net>

<net id="254"><net_src comp="4" pin="0"/><net_sink comp="229" pin=19"/></net>

<net id="259"><net_src comp="14" pin="0"/><net_sink comp="255" pin=0"/></net>

<net id="267"><net_src comp="260" pin="1"/><net_sink comp="263" pin=0"/></net>

<net id="268"><net_src comp="58" pin="0"/><net_sink comp="263" pin=1"/></net>

<net id="273"><net_src comp="260" pin="1"/><net_sink comp="269" pin=0"/></net>

<net id="274"><net_src comp="64" pin="0"/><net_sink comp="269" pin=1"/></net>

<net id="279"><net_src comp="269" pin="2"/><net_sink comp="275" pin=0"/></net>

<net id="283"><net_src comp="74" pin="1"/><net_sink comp="280" pin=0"/></net>

<net id="284"><net_src comp="280" pin="1"/><net_sink comp="255" pin=1"/></net>

<net id="285"><net_src comp="280" pin="1"/><net_sink comp="260" pin=0"/></net>

<net id="286"><net_src comp="280" pin="1"/><net_sink comp="275" pin=1"/></net>

<net id="290"><net_src comp="86" pin="3"/><net_sink comp="287" pin=0"/></net>

<net id="291"><net_src comp="287" pin="1"/><net_sink comp="205" pin=0"/></net>

<net id="295"><net_src comp="93" pin="3"/><net_sink comp="292" pin=0"/></net>

<net id="296"><net_src comp="292" pin="1"/><net_sink comp="205" pin=2"/></net>

<net id="300"><net_src comp="100" pin="3"/><net_sink comp="297" pin=0"/></net>

<net id="301"><net_src comp="297" pin="1"/><net_sink comp="205" pin=0"/></net>

<net id="305"><net_src comp="107" pin="3"/><net_sink comp="302" pin=0"/></net>

<net id="306"><net_src comp="302" pin="1"/><net_sink comp="205" pin=0"/></net>

<net id="310"><net_src comp="114" pin="3"/><net_sink comp="307" pin=0"/></net>

<net id="311"><net_src comp="307" pin="1"/><net_sink comp="205" pin=2"/></net>

<net id="315"><net_src comp="121" pin="3"/><net_sink comp="312" pin=0"/></net>

<net id="316"><net_src comp="312" pin="1"/><net_sink comp="205" pin=0"/></net>

<net id="320"><net_src comp="128" pin="3"/><net_sink comp="317" pin=0"/></net>

<net id="321"><net_src comp="317" pin="1"/><net_sink comp="205" pin=2"/></net>

<net id="325"><net_src comp="135" pin="3"/><net_sink comp="322" pin=0"/></net>

<net id="326"><net_src comp="322" pin="1"/><net_sink comp="205" pin=0"/></net>

<net id="330"><net_src comp="142" pin="3"/><net_sink comp="327" pin=0"/></net>

<net id="331"><net_src comp="327" pin="1"/><net_sink comp="205" pin=2"/></net>

<net id="335"><net_src comp="149" pin="3"/><net_sink comp="332" pin=0"/></net>

<net id="336"><net_src comp="332" pin="1"/><net_sink comp="205" pin=0"/></net>

<net id="340"><net_src comp="156" pin="3"/><net_sink comp="337" pin=0"/></net>

<net id="341"><net_src comp="337" pin="1"/><net_sink comp="205" pin=2"/></net>

<net id="345"><net_src comp="163" pin="3"/><net_sink comp="342" pin=0"/></net>

<net id="346"><net_src comp="342" pin="1"/><net_sink comp="205" pin=0"/></net>

<net id="350"><net_src comp="170" pin="3"/><net_sink comp="347" pin=0"/></net>

<net id="351"><net_src comp="347" pin="1"/><net_sink comp="205" pin=2"/></net>

<net id="355"><net_src comp="177" pin="3"/><net_sink comp="352" pin=0"/></net>

<net id="356"><net_src comp="352" pin="1"/><net_sink comp="205" pin=0"/></net>

<net id="360"><net_src comp="184" pin="3"/><net_sink comp="357" pin=0"/></net>

<net id="361"><net_src comp="357" pin="1"/><net_sink comp="205" pin=2"/></net>

<net id="365"><net_src comp="191" pin="3"/><net_sink comp="362" pin=0"/></net>

<net id="366"><net_src comp="362" pin="1"/><net_sink comp="205" pin=0"/></net>

<net id="370"><net_src comp="198" pin="3"/><net_sink comp="367" pin=0"/></net>

<net id="371"><net_src comp="367" pin="1"/><net_sink comp="205" pin=2"/></net>

<net id="378"><net_src comp="205" pin="3"/><net_sink comp="375" pin=0"/></net>

<net id="379"><net_src comp="375" pin="1"/><net_sink comp="229" pin=2"/></net>

<net id="383"><net_src comp="205" pin="7"/><net_sink comp="380" pin=0"/></net>

<net id="384"><net_src comp="380" pin="1"/><net_sink comp="229" pin=3"/></net>

<net id="388"><net_src comp="205" pin="3"/><net_sink comp="385" pin=0"/></net>

<net id="389"><net_src comp="385" pin="1"/><net_sink comp="229" pin=4"/></net>

<net id="393"><net_src comp="205" pin="3"/><net_sink comp="390" pin=0"/></net>

<net id="394"><net_src comp="390" pin="1"/><net_sink comp="229" pin=5"/></net>

<net id="398"><net_src comp="205" pin="7"/><net_sink comp="395" pin=0"/></net>

<net id="399"><net_src comp="395" pin="1"/><net_sink comp="229" pin=6"/></net>

<net id="403"><net_src comp="205" pin="3"/><net_sink comp="400" pin=0"/></net>

<net id="404"><net_src comp="400" pin="1"/><net_sink comp="229" pin=7"/></net>

<net id="408"><net_src comp="205" pin="7"/><net_sink comp="405" pin=0"/></net>

<net id="409"><net_src comp="405" pin="1"/><net_sink comp="229" pin=8"/></net>

<net id="413"><net_src comp="205" pin="3"/><net_sink comp="410" pin=0"/></net>

<net id="414"><net_src comp="410" pin="1"/><net_sink comp="229" pin=9"/></net>

<net id="418"><net_src comp="205" pin="7"/><net_sink comp="415" pin=0"/></net>

<net id="419"><net_src comp="415" pin="1"/><net_sink comp="229" pin=10"/></net>

<net id="423"><net_src comp="205" pin="3"/><net_sink comp="420" pin=0"/></net>

<net id="424"><net_src comp="420" pin="1"/><net_sink comp="229" pin=11"/></net>

<net id="428"><net_src comp="205" pin="7"/><net_sink comp="425" pin=0"/></net>

<net id="429"><net_src comp="425" pin="1"/><net_sink comp="229" pin=12"/></net>

<net id="433"><net_src comp="205" pin="3"/><net_sink comp="430" pin=0"/></net>

<net id="434"><net_src comp="430" pin="1"/><net_sink comp="229" pin=13"/></net>

<net id="438"><net_src comp="205" pin="7"/><net_sink comp="435" pin=0"/></net>

<net id="439"><net_src comp="435" pin="1"/><net_sink comp="229" pin=14"/></net>

<net id="443"><net_src comp="205" pin="3"/><net_sink comp="440" pin=0"/></net>

<net id="444"><net_src comp="440" pin="1"/><net_sink comp="229" pin=15"/></net>

<net id="448"><net_src comp="205" pin="7"/><net_sink comp="445" pin=0"/></net>

<net id="449"><net_src comp="445" pin="1"/><net_sink comp="229" pin=16"/></net>

<net id="453"><net_src comp="205" pin="3"/><net_sink comp="450" pin=0"/></net>

<net id="454"><net_src comp="450" pin="1"/><net_sink comp="229" pin=17"/></net>

<net id="458"><net_src comp="205" pin="7"/><net_sink comp="455" pin=0"/></net>

<net id="459"><net_src comp="455" pin="1"/><net_sink comp="229" pin=18"/></net>

</net_list>

</model> 
---------------- Datapath Model END ------------------

* FSMD analyzer results:
  - Output states:
	Port: head_out_2 | {15 16 }
 - Input state : 
	Port: MatMul_KV_tiled<17, 17, 48, 1, 1, 1, 1, 1, 382, 16, 0, ap_int<8>, ap_int<32> >.21 : A_sx_2 | {4 5 }
	Port: MatMul_KV_tiled<17, 17, 48, 1, 1, 1, 1, 1, 382, 16, 0, ap_int<8>, ap_int<32> >.21 : V_1_2 | {1 2 }
  - Chain level:
	State 1
		call_ln0 : 1
		store_ln1813 : 1
	State 2
	State 3
	State 4
		icmp_ln1813 : 1
		m_23 : 1
		br_ln1813 : 2
		store_ln1813 : 2
	State 5
	State 6
	State 7
	State 8
	State 9
	State 10
	State 11
	State 12
	State 13
	State 14
	State 15
		call_ln186 : 1
	State 16


============================================================
+ Verbose Summary: Datapath Resource usage 
============================================================

* Functional unit list:
|----------|-----------------------------------------------------------------|---------|---------|---------|---------|
| Operation|                         Functional Unit                         |   DSP   |  Delay  |    FF   |   LUT   |
|----------|-----------------------------------------------------------------|---------|---------|---------|---------|
|          | grp_MatMul_KV_tiled_21_Pipeline_load_B_VITIS_LOOP_1796_1_fu_214 |    0    |    0    |    21   |   110   |
|   call   |     grp_MatMul_KV_tiled_21_Pipeline_VITIS_LOOP_1818_5_fu_222    |    0    |    0    |    10   |    21   |
|          |     grp_MatMul_KV_tiled_21_Pipeline_VITIS_LOOP_1831_6_fu_229    |    12   | 11.1974 |   989   |   986   |
|----------|-----------------------------------------------------------------|---------|---------|---------|---------|
|    add   |                           m_23_fu_269                           |    0    |    0    |    0    |    12   |
|----------|-----------------------------------------------------------------|---------|---------|---------|---------|
|   icmp   |                        icmp_ln1813_fu_263                       |    0    |    0    |    0    |    9    |
|----------|-----------------------------------------------------------------|---------|---------|---------|---------|
|   Total  |                                                                 |    12   | 11.1974 |   1020  |   1138  |
|----------|-----------------------------------------------------------------|---------|---------|---------|---------|

Memories:
+----------+--------+--------+--------+--------+
|          |  BRAM  |   FF   |   LUT  |  URAM  |
+----------+--------+--------+--------+--------+
| buff_B_V |   16   |    0   |    0   |    0   |
|tile_A_V_0|    0   |    8   |    9   |    0   |
+----------+--------+--------+--------+--------+
|   Total  |   16   |    8   |    9   |    0   |
+----------+--------+--------+--------+--------+

* Register list:
+--------------------------+--------+
|                          |   FF   |
+--------------------------+--------+
|         m_reg_280        |    5   |
|tile_A_V_0_addr_17_reg_292|    5   |
|tile_A_V_0_addr_18_reg_297|    5   |
|tile_A_V_0_addr_19_reg_302|    5   |
|tile_A_V_0_addr_20_reg_307|    5   |
|tile_A_V_0_addr_21_reg_312|    5   |
|tile_A_V_0_addr_22_reg_317|    5   |
|tile_A_V_0_addr_23_reg_322|    5   |
|tile_A_V_0_addr_24_reg_327|    5   |
|tile_A_V_0_addr_25_reg_332|    5   |
|tile_A_V_0_addr_26_reg_337|    5   |
|tile_A_V_0_addr_27_reg_342|    5   |
|tile_A_V_0_addr_28_reg_347|    5   |
|tile_A_V_0_addr_29_reg_352|    5   |
|tile_A_V_0_addr_30_reg_357|    5   |
|tile_A_V_0_addr_31_reg_362|    5   |
|tile_A_V_0_addr_32_reg_367|    5   |
|  tile_A_V_0_addr_reg_287 |    5   |
|tile_A_V_0_load_17_reg_380|    8   |
|tile_A_V_0_load_18_reg_385|    8   |
|tile_A_V_0_load_19_reg_390|    8   |
|tile_A_V_0_load_20_reg_395|    8   |
|tile_A_V_0_load_21_reg_400|    8   |
|tile_A_V_0_load_22_reg_405|    8   |
|tile_A_V_0_load_23_reg_410|    8   |
|tile_A_V_0_load_24_reg_415|    8   |
|tile_A_V_0_load_25_reg_420|    8   |
|tile_A_V_0_load_26_reg_425|    8   |
|tile_A_V_0_load_27_reg_430|    8   |
|tile_A_V_0_load_28_reg_435|    8   |
|tile_A_V_0_load_29_reg_440|    8   |
|tile_A_V_0_load_30_reg_445|    8   |
|tile_A_V_0_load_31_reg_450|    8   |
|tile_A_V_0_load_32_reg_455|    8   |
|  tile_A_V_0_load_reg_375 |    8   |
+--------------------------+--------+
|           Total          |   226  |
+--------------------------+--------+

* Multiplexer (MUX) list: 
|----------------------------------------------------------|------|------|------|--------||---------||---------|
|                           Comp                           |  Pin | Size |  BW  | S x BW ||  Delay  ||   LUT   |
|----------------------------------------------------------|------|------|------|--------||---------||---------|
|                     grp_access_fu_205                    |  p0  |   9  |   5  |   45   ||    49   |
|                     grp_access_fu_205                    |  p2  |   8  |   0  |    0   ||    43   |
| grp_MatMul_KV_tiled_21_Pipeline_VITIS_LOOP_1831_6_fu_229 |  p17 |   2  |   8  |   16   ||    9    |
| grp_MatMul_KV_tiled_21_Pipeline_VITIS_LOOP_1831_6_fu_229 |  p18 |   2  |   8  |   16   ||    9    |
|----------------------------------------------------------|------|------|------|--------||---------||---------|
|                           Total                          |      |      |      |   77   || 1.97514 ||   110   |
|----------------------------------------------------------|------|------|------|--------||---------||---------|



* Summary:
+-----------+--------+--------+--------+--------+--------+--------+
|           |  BRAM  |   DSP  |  Delay |   FF   |   LUT  |  URAM  |
+-----------+--------+--------+--------+--------+--------+--------+
|  Function |    -   |   12   |   11   |  1020  |  1138  |    -   |
|   Memory  |   16   |    -   |    -   |    8   |    9   |    0   |
|Multiplexer|    -   |    -   |    1   |    -   |   110  |    -   |
|  Register |    -   |    -   |    -   |   226  |    -   |    -   |
+-----------+--------+--------+--------+--------+--------+--------+
|   Total   |   16   |   12   |   13   |  1254  |  1257  |    0   |
+-----------+--------+--------+--------+--------+--------+--------+
