

================================================================
== Vitis HLS Report for 'MatMul_QK_tiled_22_Pipeline_VITIS_LOOP_1656_1_VITIS_LOOP_1657_2'
================================================================
* Date:           Thu Jun 18 11:11:33 2026

* Version:        2022.2 (Build 3670227 on Oct 13 2022)
* Project:        ViT_Block
* Solution:       ViT_Block (Vivado IP Flow Target)
* Product family: virtexuplus
* Target device:  xcu250-figd2104-2L-e


================================================================
== Performance Estimates
================================================================
+ Timing: 
    * Summary: 
    +--------+----------+----------+------------+
    |  Clock |  Target  | Estimated| Uncertainty|
    +--------+----------+----------+------------+
    |ap_clk  |  10.00 ns|  2.954 ns|     2.70 ns|
    +--------+----------+----------+------------+

+ Latency: 
    * Summary: 
    +---------+---------+----------+----------+-----+-----+---------+
    |  Latency (cycles) |  Latency (absolute) |  Interval | Pipeline|
    |   min   |   max   |    min   |    max   | min | max |   Type  |
    +---------+---------+----------+----------+-----+-----+---------+
    |      818|      818|  8.180 us|  8.180 us|  818|  818|       no|
    +---------+---------+----------+----------+-----+-----+---------+

    + Detail: 
        * Instance: 
        N/A

        * Loop: 
        +---------------------------------------+---------+---------+----------+-----------+-----------+------+----------+
        |                                       |  Latency (cycles) | Iteration|  Initiation Interval  | Trip |          |
        |               Loop Name               |   min   |   max   |  Latency |  achieved |   target  | Count| Pipelined|
        +---------------------------------------+---------+---------+----------+-----------+-----------+------+----------+
        |- VITIS_LOOP_1656_1_VITIS_LOOP_1657_2  |      816|      816|         2|          1|          1|   816|       yes|
        +---------------------------------------+---------+---------+----------+-----------+-----------+------+----------+

============================================================
+ Verbose Summary: Synthesis Manager
============================================================
InlineROM: 1
ExposeGlobal: 0
============================================================
+ Verbose Summary: CDFG Model
============================================================
IsTopModel: 0
ResetActiveHigh: 1
IsCombinational: 0
IsDatapathOnly: 0
HasWiredReturn: 1
HasMFsm: 2
HasVarLatency: 1
IsPipeline: 0
IsRtlPipelined: 0
IsInstanceOverlapped: 0
IsDontTouch: 0
HasImplIP: 0
IsGatedGlobalClock: 0

+ Individual pipeline summary: 
  * Pipeline-0: initiation interval (II) = 1, depth = 2


============================================================
+ Verbose Summary: Schedule
============================================================
* Number of FSM states : 2
* Pipeline : 1
  Pipeline-0 : II = 1, D = 2, States = { 1 2 }
* Dataflow Pipeline: 0

* FSM state transitions: 
1 --> 2 
2 --> 

* FSM state operations: 

State 1 <SV = 0> <Delay = 1.11>
ST_1 : Operation 5 [1/1] (0.00ns)   --->   "%k = alloca i32 1"   --->   Operation 5 'alloca' 'k' <Predicate = true> <Delay = 0.00>
ST_1 : Operation 6 [1/1] (0.00ns)   --->   "%n = alloca i32 1"   --->   Operation 6 'alloca' 'n' <Predicate = true> <Delay = 0.00>
ST_1 : Operation 7 [1/1] (0.00ns)   --->   "%indvar_flatten = alloca i32 1"   --->   Operation 7 'alloca' 'indvar_flatten' <Predicate = true> <Delay = 0.00>
ST_1 : Operation 8 [1/1] (0.00ns)   --->   "%specinterface_ln0 = specinterface void @_ssdm_op_SpecInterface, i8 %K_1_3, void @empty_0, i32 0, i32 0, void @empty_26, i32 0, i32 0, void @empty_26, void @empty_26, void @empty_26, i32 0, i32 0, i32 0, i32 0, void @empty_26, void @empty_26, i32 4294967295, i32 0"   --->   Operation 8 'specinterface' 'specinterface_ln0' <Predicate = true> <Delay = 0.00>
ST_1 : Operation 9 [1/1] (0.38ns)   --->   "%store_ln0 = store i10 0, i10 %indvar_flatten"   --->   Operation 9 'store' 'store_ln0' <Predicate = true> <Delay = 0.38>
ST_1 : Operation 10 [1/1] (0.38ns)   --->   "%store_ln0 = store i5 0, i5 %n"   --->   Operation 10 'store' 'store_ln0' <Predicate = true> <Delay = 0.38>
ST_1 : Operation 11 [1/1] (0.38ns)   --->   "%store_ln0 = store i6 0, i6 %k"   --->   Operation 11 'store' 'store_ln0' <Predicate = true> <Delay = 0.38>
ST_1 : Operation 12 [1/1] (0.00ns)   --->   "%br_ln0 = br void %for.inc"   --->   Operation 12 'br' 'br_ln0' <Predicate = true> <Delay = 0.00>
ST_1 : Operation 13 [1/1] (0.00ns)   --->   "%indvar_flatten_load = load i10 %indvar_flatten" [/home/fede/PhD/transformer-hls/hls/include/linear.h:1656]   --->   Operation 13 'load' 'indvar_flatten_load' <Predicate = true> <Delay = 0.00>
ST_1 : Operation 14 [1/1] (0.60ns)   --->   "%icmp_ln1656 = icmp_eq  i10 %indvar_flatten_load, i10 816" [/home/fede/PhD/transformer-hls/hls/include/linear.h:1656]   --->   Operation 14 'icmp' 'icmp_ln1656' <Predicate = true> <Delay = 0.60> <CoreInst = "Cmp">   --->   Core 9 'Cmp' <Latency = 0> <II = 1> <Delay = 0.60> <FuncUnit> <Opcode : 'icmp'> <InPorts = 2> <OutPorts = 1>
ST_1 : Operation 15 [1/1] (0.72ns)   --->   "%add_ln1656_1 = add i10 %indvar_flatten_load, i10 1" [/home/fede/PhD/transformer-hls/hls/include/linear.h:1656]   --->   Operation 15 'add' 'add_ln1656_1' <Predicate = true> <Delay = 0.72> <CoreInst = "Adder">   --->   Core 1 'Adder' <Latency = 0> <II = 1> <Delay = 0.72> <FuncUnit> <Opcode : 'add' 'sub'> <InPorts = 2> <OutPorts = 1>
ST_1 : Operation 16 [1/1] (0.00ns)   --->   "%br_ln1656 = br i1 %icmp_ln1656, void %for.inc50, void %VITIS_LOOP_1681_5.preheader.exitStub" [/home/fede/PhD/transformer-hls/hls/include/linear.h:1656]   --->   Operation 16 'br' 'br_ln1656' <Predicate = true> <Delay = 0.00>
ST_1 : Operation 17 [1/1] (0.38ns)   --->   "%store_ln1657 = store i10 %add_ln1656_1, i10 %indvar_flatten" [/home/fede/PhD/transformer-hls/hls/include/linear.h:1657]   --->   Operation 17 'store' 'store_ln1657' <Predicate = (!icmp_ln1656)> <Delay = 0.38>
ST_1 : Operation 43 [1/1] (0.00ns)   --->   "%ret_ln0 = ret"   --->   Operation 43 'ret' 'ret_ln0' <Predicate = (icmp_ln1656)> <Delay = 0.00>

State 2 <SV = 1> <Delay = 2.95>
ST_2 : Operation 18 [1/1] (0.00ns)   --->   "%k_load = load i6 %k" [/home/fede/PhD/transformer-hls/hls/include/linear.h:1657]   --->   Operation 18 'load' 'k_load' <Predicate = true> <Delay = 0.00>
ST_2 : Operation 19 [1/1] (0.00ns)   --->   "%n_load = load i5 %n" [/home/fede/PhD/transformer-hls/hls/include/linear.h:1656]   --->   Operation 19 'load' 'n_load' <Predicate = true> <Delay = 0.00>
ST_2 : Operation 20 [1/1] (0.70ns)   --->   "%add_ln1656 = add i5 %n_load, i5 1" [/home/fede/PhD/transformer-hls/hls/include/linear.h:1656]   --->   Operation 20 'add' 'add_ln1656' <Predicate = true> <Delay = 0.70> <CoreInst = "Adder">   --->   Core 1 'Adder' <Latency = 0> <II = 1> <Delay = 0.70> <FuncUnit> <Opcode : 'add' 'sub'> <InPorts = 2> <OutPorts = 1>
ST_2 : Operation 21 [1/1] (0.00ns)   --->   "%specloopname_ln0 = specloopname void @_ssdm_op_SpecLoopName, void @VITIS_LOOP_1656_1_VITIS_LOOP_1657_2_str"   --->   Operation 21 'specloopname' 'specloopname_ln0' <Predicate = true> <Delay = 0.00>
ST_2 : Operation 22 [1/1] (0.00ns)   --->   "%empty = speclooptripcount i32 @_ssdm_op_SpecLoopTripCount, i64 816, i64 816, i64 816"   --->   Operation 22 'speclooptripcount' 'empty' <Predicate = true> <Delay = 0.00>
ST_2 : Operation 23 [1/1] (0.61ns)   --->   "%icmp_ln1657 = icmp_eq  i6 %k_load, i6 48" [/home/fede/PhD/transformer-hls/hls/include/linear.h:1657]   --->   Operation 23 'icmp' 'icmp_ln1657' <Predicate = true> <Delay = 0.61> <CoreInst = "Cmp">   --->   Core 9 'Cmp' <Latency = 0> <II = 1> <Delay = 0.61> <FuncUnit> <Opcode : 'icmp'> <InPorts = 2> <OutPorts = 1>
ST_2 : Operation 24 [1/1] (0.29ns)   --->   "%select_ln1656 = select i1 %icmp_ln1657, i6 0, i6 %k_load" [/home/fede/PhD/transformer-hls/hls/include/linear.h:1656]   --->   Operation 24 'select' 'select_ln1656' <Predicate = true> <Delay = 0.29> <CoreInst = "Sel">   --->   Core 73 'Sel' <Latency = 0> <II = 1> <Delay = 0.29> <FuncUnit> <Opcode : 'select'> <InPorts = 3> <OutPorts = 1>
ST_2 : Operation 25 [1/1] (0.27ns)   --->   "%select_ln1656_1 = select i1 %icmp_ln1657, i5 %add_ln1656, i5 %n_load" [/home/fede/PhD/transformer-hls/hls/include/linear.h:1656]   --->   Operation 25 'select' 'select_ln1656_1' <Predicate = true> <Delay = 0.27> <CoreInst = "Sel">   --->   Core 73 'Sel' <Latency = 0> <II = 1> <Delay = 0.27> <FuncUnit> <Opcode : 'select'> <InPorts = 3> <OutPorts = 1>
ST_2 : Operation 26 [1/1] (0.00ns)   --->   "%trunc_ln1670 = trunc i5 %select_ln1656_1" [/home/fede/PhD/transformer-hls/hls/include/linear.h:1670]   --->   Operation 26 'trunc' 'trunc_ln1670' <Predicate = true> <Delay = 0.00>
ST_2 : Operation 27 [1/1] (0.00ns)   --->   "%tmp = bitconcatenate i10 @_ssdm_op_BitConcatenate.i10.i4.i6, i4 %trunc_ln1670, i6 0" [/home/fede/PhD/transformer-hls/hls/include/linear.h:1670]   --->   Operation 27 'bitconcatenate' 'tmp' <Predicate = true> <Delay = 0.00>
ST_2 : Operation 28 [1/1] (0.00ns)   --->   "%tmp_s = bitconcatenate i9 @_ssdm_op_BitConcatenate.i9.i5.i4, i5 %select_ln1656_1, i4 0" [/home/fede/PhD/transformer-hls/hls/include/linear.h:1670]   --->   Operation 28 'bitconcatenate' 'tmp_s' <Predicate = true> <Delay = 0.00>
ST_2 : Operation 29 [1/1] (0.00ns)   --->   "%zext_ln1670 = zext i9 %tmp_s" [/home/fede/PhD/transformer-hls/hls/include/linear.h:1670]   --->   Operation 29 'zext' 'zext_ln1670' <Predicate = true> <Delay = 0.00>
ST_2 : Operation 30 [1/1] (0.00ns) (grouped into TernaryAdder)   --->   "%sub_ln1670 = sub i10 %tmp, i10 %zext_ln1670" [/home/fede/PhD/transformer-hls/hls/include/linear.h:1670]   --->   Operation 30 'sub' 'sub_ln1670' <Predicate = true> <Delay = 0.00> <CoreInst = "TAddSub">   --->   Core 10 'TAddSub' <Latency = 0> <II = 1> <Delay = 0.39> <IPBlock> <Opcode : 'add' 'sub'> <InPorts = 3> <OutPorts = 1> <Sync> <CReg>
ST_2 : Operation 31 [1/1] (0.00ns)   --->   "%zext_ln1670_3 = zext i6 %select_ln1656" [/home/fede/PhD/transformer-hls/hls/include/linear.h:1670]   --->   Operation 31 'zext' 'zext_ln1670_3' <Predicate = true> <Delay = 0.00>
ST_2 : Operation 32 [1/1] (0.79ns) (root node of TernaryAdder)   --->   "%add_ln1670 = add i10 %sub_ln1670, i10 %zext_ln1670_3" [/home/fede/PhD/transformer-hls/hls/include/linear.h:1670]   --->   Operation 32 'add' 'add_ln1670' <Predicate = true> <Delay = 0.79> <CoreInst = "TAddSub">   --->   Core 10 'TAddSub' <Latency = 0> <II = 1> <Delay = 0.39> <IPBlock> <Opcode : 'add' 'sub'> <InPorts = 3> <OutPorts = 1> <Sync> <CReg>
ST_2 : Operation 33 [1/1] (0.00ns)   --->   "%zext_ln1670_4 = zext i10 %add_ln1670" [/home/fede/PhD/transformer-hls/hls/include/linear.h:1670]   --->   Operation 33 'zext' 'zext_ln1670_4' <Predicate = true> <Delay = 0.00>
ST_2 : Operation 34 [1/1] (0.00ns)   --->   "%buff_K_V_addr = getelementptr i8 %buff_K_V, i64 0, i64 %zext_ln1670_4" [/home/fede/PhD/transformer-hls/hls/include/linear.h:1670]   --->   Operation 34 'getelementptr' 'buff_K_V_addr' <Predicate = true> <Delay = 0.00>
ST_2 : Operation 35 [1/1] (0.00ns)   --->   "%specpipeline_ln1658 = specpipeline void @_ssdm_op_SpecPipeline, i32 1, i32 0, i32 0, i32 0, void @empty_26" [/home/fede/PhD/transformer-hls/hls/include/linear.h:1658]   --->   Operation 35 'specpipeline' 'specpipeline_ln1658' <Predicate = true> <Delay = 0.00>
ST_2 : Operation 36 [1/1] (0.00ns)   --->   "%specloopname_ln1657 = specloopname void @_ssdm_op_SpecLoopName, void @empty_10" [/home/fede/PhD/transformer-hls/hls/include/linear.h:1657]   --->   Operation 36 'specloopname' 'specloopname_ln1657' <Predicate = true> <Delay = 0.00>
ST_2 : Operation 37 [1/1] (1.36ns)   --->   "%val_K_V = read i8 @_ssdm_op_Read.ap_fifo.volatile.i8P0A, i8 %K_1_3" [/home/fede/PhD/transformer-hls/hls/include/linear.h:1659]   --->   Operation 37 'read' 'val_K_V' <Predicate = true> <Delay = 1.36> <CoreInst = "FIFO_SRL">   --->   Core 81 'FIFO_SRL' <Latency = 0> <II = 1> <Delay = 1.36> <Storage> <Opcode : 'read' 'write' 'nbread' 'nbwrite'> <Ports = 0> <Width = 8> <Depth = 2> <FIFO>
ST_2 : Operation 38 [1/1] (1.17ns)   --->   "%store_ln1670 = store i8 %val_K_V, i10 %buff_K_V_addr" [/home/fede/PhD/transformer-hls/hls/include/linear.h:1670]   --->   Operation 38 'store' 'store_ln1670' <Predicate = true> <Delay = 1.17> <CoreInst = "RAM_1WnR">   --->   Core 84 'RAM_1WnR' <Latency = 1> <II = 1> <Delay = 1.17> <Storage> <Opcode : 'load' 'store'> <Ports = 17> <Width = 8> <Depth = 816> <RAM>
ST_2 : Operation 39 [1/1] (0.70ns)   --->   "%add_ln1657 = add i6 %select_ln1656, i6 1" [/home/fede/PhD/transformer-hls/hls/include/linear.h:1657]   --->   Operation 39 'add' 'add_ln1657' <Predicate = true> <Delay = 0.70> <CoreInst = "Adder">   --->   Core 1 'Adder' <Latency = 0> <II = 1> <Delay = 0.70> <FuncUnit> <Opcode : 'add' 'sub'> <InPorts = 2> <OutPorts = 1>
ST_2 : Operation 40 [1/1] (0.38ns)   --->   "%store_ln1657 = store i5 %select_ln1656_1, i5 %n" [/home/fede/PhD/transformer-hls/hls/include/linear.h:1657]   --->   Operation 40 'store' 'store_ln1657' <Predicate = true> <Delay = 0.38>
ST_2 : Operation 41 [1/1] (0.38ns)   --->   "%store_ln1657 = store i6 %add_ln1657, i6 %k" [/home/fede/PhD/transformer-hls/hls/include/linear.h:1657]   --->   Operation 41 'store' 'store_ln1657' <Predicate = true> <Delay = 0.38>
ST_2 : Operation 42 [1/1] (0.00ns)   --->   "%br_ln1657 = br void %for.inc" [/home/fede/PhD/transformer-hls/hls/include/linear.h:1657]   --->   Operation 42 'br' 'br_ln1657' <Predicate = true> <Delay = 0.00>


============================================================
+ Verbose Summary: Timing violations
============================================================
Target clock period: 10ns, clock uncertainty: 2.7ns.

 <State 1>: 1.11ns
The critical path consists of the following:
	'alloca' operation ('indvar_flatten') [5]  (0 ns)
	'load' operation ('indvar_flatten_load', /home/fede/PhD/transformer-hls/hls/include/linear.h:1656) on local variable 'indvar_flatten' [12]  (0 ns)
	'add' operation ('add_ln1656_1', /home/fede/PhD/transformer-hls/hls/include/linear.h:1656) [14]  (0.725 ns)
	'store' operation ('store_ln1657', /home/fede/PhD/transformer-hls/hls/include/linear.h:1657) of variable 'add_ln1656_1', /home/fede/PhD/transformer-hls/hls/include/linear.h:1656 on local variable 'indvar_flatten' [39]  (0.387 ns)

 <State 2>: 2.95ns
The critical path consists of the following:
	'load' operation ('n_load', /home/fede/PhD/transformer-hls/hls/include/linear.h:1656) on local variable 'n' [18]  (0 ns)
	'add' operation ('add_ln1656', /home/fede/PhD/transformer-hls/hls/include/linear.h:1656) [19]  (0.707 ns)
	'select' operation ('select_ln1656_1', /home/fede/PhD/transformer-hls/hls/include/linear.h:1656) [24]  (0.278 ns)
	'sub' operation ('sub_ln1670', /home/fede/PhD/transformer-hls/hls/include/linear.h:1670) [29]  (0 ns)
	'add' operation ('add_ln1670', /home/fede/PhD/transformer-hls/hls/include/linear.h:1670) [31]  (0.797 ns)
	'getelementptr' operation ('buff_K_V_addr', /home/fede/PhD/transformer-hls/hls/include/linear.h:1670) [33]  (0 ns)
	'store' operation ('store_ln1670', /home/fede/PhD/transformer-hls/hls/include/linear.h:1670) of variable 'val_K.V', /home/fede/PhD/transformer-hls/hls/include/linear.h:1659 on array 'buff_K_V' [37]  (1.17 ns)


============================================================
+ Verbose Summary: Binding
============================================================
N/A
* FSMD analyzer results:
  - Output states:
 - Input state : 
  - Chain level:
	State 1
	State 2


============================================================
+ Verbose Summary: Datapath Resource usage 
============================================================
N/A
