

================================================================
== Vitis HLS Report for 'MatMul_QK_tiled_Pipeline_VITIS_LOOP_1656_1_VITIS_LOOP_1657_2'
================================================================
* Date:           Thu Jun 18 11:11:21 2026

* Version:        2022.2 (Build 3670227 on Oct 13 2022)
* Project:        ViT_Block
* Solution:       ViT_Block (Vivado IP Flow Target)
* Product family: virtexuplus
* Target device:  xcu250-figd2104-2L-e


================================================================
== Performance Estimates
================================================================
+ Timing: 
    * Summary: 
    +--------+----------+----------+------------+
    |  Clock |  Target  | Estimated| Uncertainty|
    +--------+----------+----------+------------+
    |ap_clk  |  10.00 ns|  2.954 ns|     2.70 ns|
    +--------+----------+----------+------------+

+ Latency: 
    * Summary: 
    +---------+---------+----------+----------+-----+-----+---------+
    |  Latency (cycles) |  Latency (absolute) |  Interval | Pipeline|
    |   min   |   max   |    min   |    max   | min | max |   Type  |
    +---------+---------+----------+----------+-----+-----+---------+
    |      818|      818|  8.180 us|  8.180 us|  818|  818|       no|
    +---------+---------+----------+----------+-----+-----+---------+

    + Detail: 
        * Instance: 
        N/A

        * Loop: 
        +---------------------------------------+---------+---------+----------+-----------+-----------+------+----------+
        |                                       |  Latency (cycles) | Iteration|  Initiation Interval  | Trip |          |
        |               Loop Name               |   min   |   max   |  Latency |  achieved |   target  | Count| Pipelined|
        +---------------------------------------+---------+---------+----------+-----------+-----------+------+----------+
        |- VITIS_LOOP_1656_1_VITIS_LOOP_1657_2  |      816|      816|         2|          1|          1|   816|       yes|
        +---------------------------------------+---------+---------+----------+-----------+-----------+------+----------+

============================================================
+ Verbose Summary: Synthesis Manager
============================================================
InlineROM: 1
ExposeGlobal: 0
============================================================
+ Verbose Summary: CDFG Model
============================================================
IsTopModel: 0
ResetActiveHigh: 1
IsCombinational: 0
IsDatapathOnly: 0
HasWiredReturn: 1
HasMFsm: 2
HasVarLatency: 1
IsPipeline: 0
IsRtlPipelined: 0
IsInstanceOverlapped: 0
IsDontTouch: 0
HasImplIP: 0
IsGatedGlobalClock: 0

+ Individual pipeline summary: 
  * Pipeline-0: initiation interval (II) = 1, depth = 2


============================================================
+ Verbose Summary: Schedule
============================================================
* Number of FSM states : 2
* Pipeline : 1
  Pipeline-0 : II = 1, D = 2, States = { 1 2 }
* Dataflow Pipeline: 0

* FSM state transitions: 
1 --> 2 
2 --> 

* FSM state operations: 

State 1 <SV = 0> <Delay = 1.11>
ST_1 : Operation 5 [1/1] (0.00ns)   --->   "%k = alloca i32 1"   --->   Operation 5 'alloca' 'k' <Predicate = true> <Delay = 0.00>
ST_1 : Operation 6 [1/1] (0.00ns)   --->   "%n = alloca i32 1"   --->   Operation 6 'alloca' 'n' <Predicate = true> <Delay = 0.00>
ST_1 : Operation 7 [1/1] (0.00ns)   --->   "%indvar_flatten = alloca i32 1"   --->   Operation 7 'alloca' 'indvar_flatten' <Predicate = true> <Delay = 0.00>
ST_1 : Operation 8 [1/1] (0.00ns)   --->   "%specinterface_ln0 = specinterface void @_ssdm_op_SpecInterface, i8 %K_1_0, void @empty_0, i32 0, i32 0, void @empty_26, i32 0, i32 0, void @empty_26, void @empty_26, void @empty_26, i32 0, i32 0, i32 0, i32 0, void @empty_26, void @empty_26, i32 4294967295, i32 0"   --->   Operation 8 'specinterface' 'specinterface_ln0' <Predicate = true> <Delay = 0.00>
ST_1 : Operation 9 [1/1] (0.38ns)   --->   "%store_ln0 = store i10 0, i10 %indvar_flatten"   --->   Operation 9 'store' 'store_ln0' <Predicate = true> <Delay = 0.38>
ST_1 : Operation 10 [1/1] (0.38ns)   --->   "%store_ln0 = store i5 0, i5 %n"   --->   Operation 10 'store' 'store_ln0' <Predicate = true> <Delay = 0.38>
ST_1 : Operation 11 [1/1] (0.38ns)   --->   "%store_ln0 = store i6 0, i6 %k"   --->   Operation 11 'store' 'store_ln0' <Predicate = true> <Delay = 0.38>
ST_1 : Operation 12 [1/1] (0.00ns)   --->   "%br_ln0 = br void %for.inc"   --->   Operation 12 'br' 'br_ln0' <Predicate = true> <Delay = 0.00>
ST_1 : Operation 13 [1/1] (0.00ns)   --->   "%indvar_flatten_load = load i10 %indvar_flatten" [/home/fede/PhD/transformer-hls/hls/include/linear.h:1656]   --->   Operation 13 'load' 'indvar_flatten_load' <Predicate = true> <Delay = 0.00>
ST_1 : Operation 14 [1/1] (0.60ns)   --->   "%icmp_ln1656 = icmp_eq  i10 %indvar_flatten_load, i10 816" [/home/fede/PhD/transformer-hls/hls/include/linear.h:1656]   --->   Operation 14 'icmp' 'icmp_ln1656' <Predicate = true> <Delay = 0.60> <CoreInst = "Cmp">   --->   Core 9 'Cmp' <Latency = 0> <II = 1> <Delay = 0.60> <FuncUnit> <Opcode : 'icmp'> <InPorts = 2> <OutPorts = 1>
ST_1 : Operation 15 [1/1] (0.72ns)   --->   "%add_ln1656_1 = add i10 %indvar_flatten_load, i10 1" [/home/fede/PhD/transformer-hls/hls/include/linear.h:1656]   --->   Operation 15 'add' 'add_ln1656_1' <Predicate = true> <Delay = 0.72> <CoreInst = "Adder">   --->   Core 1 'Adder' <Latency = 0> <II = 1> <Delay = 0.72> <FuncUnit> <Opcode : 'add' 'sub'> <InPorts = 2> <OutPorts = 1>
ST_1 : Operation 16 [1/1] (0.00ns)   --->   "%br_ln1656 = br i1 %icmp_ln1656, void %for.inc50, void %VITIS_LOOP_1681_5.preheader.exitStub" [/home/fede/PhD/transformer-hls/hls/include/linear.h:1656]   --->   Operation 16 'br' 'br_ln1656' <Predicate = true> <Delay = 0.00>
ST_1 : Operation 17 [1/1] (0.38ns)   --->   "%store_ln1657 = store i10 %add_ln1656_1, i10 %indvar_flatten" [/home/fede/PhD/transformer-hls/hls/include/linear.h:1657]   --->   Operation 17 'store' 'store_ln1657' <Predicate = (!icmp_ln1656)> <Delay = 0.38>
ST_1 : Operation 43 [1/1] (0.00ns)   --->   "%ret_ln0 = ret"   --->   Operation 43 'ret' 'ret_ln0' <Predicate = (icmp_ln1656)> <Delay = 0.00>

State 2 <SV = 1> <Delay = 2.95>
ST_2 : Operation 18 [1/1] (0.00ns)   --->   "%k_load = load i6 %k" [/home/fede/PhD/transformer-hls/hls/include/linear.h:1657]   --->   Operation 18 'load' 'k_load' <Predicate = true> <Delay = 0.00>
ST_2 : Operation 19 [1/1] (0.00ns)   --->   "%n_load = load i5 %n" [/home/fede/PhD/transformer-hls/hls/include/linear.h:1656]   --->   Operation 19 'load' 'n_load' <Predicate = true> <Delay = 0.00>
ST_2 : Operation 20 [1/1] (0.70ns)   --->   "%add_ln1656 = add i5 %n_load, i5 1" [/home/fede/PhD/transformer-hls/hls/include/linear.h:1656]   --->   Operation 20 'add' 'add_ln1656' <Predicate = true> <Delay = 0.70> <CoreInst = "Adder">   --->   Core 1 'Adder' <Latency = 0> <II = 1> <Delay = 0.70> <FuncUnit> <Opcode : 'add' 'sub'> <InPorts = 2> <OutPorts = 1>
ST_2 : Operation 21 [1/1] (0.00ns)   --->   "%specloopname_ln0 = specloopname void @_ssdm_op_SpecLoopName, void @VITIS_LOOP_1656_1_VITIS_LOOP_1657_2_str"   --->   Operation 21 'specloopname' 'specloopname_ln0' <Predicate = true> <Delay = 0.00>
ST_2 : Operation 22 [1/1] (0.00ns)   --->   "%empty = speclooptripcount i32 @_ssdm_op_SpecLoopTripCount, i64 816, i64 816, i64 816"   --->   Operation 22 'speclooptripcount' 'empty' <Predicate = true> <Delay = 0.00>
ST_2 : Operation 23 [1/1] (0.61ns)   --->   "%icmp_ln1657 = icmp_eq  i6 %k_load, i6 48" [/home/fede/PhD/transformer-hls/hls/include/linear.h:1657]   --->   Operation 23 'icmp' 'icmp_ln1657' <Predicate = true> <Delay = 0.61> <CoreInst = "Cmp">   --->   Core 9 'Cmp' <Latency = 0> <II = 1> <Delay = 0.61> <FuncUnit> <Opcode : 'icmp'> <InPorts = 2> <OutPorts = 1>
ST_2 : Operation 24 [1/1] (0.29ns)   --->   "%select_ln1656 = select i1 %icmp_ln1657, i6 0, i6 %k_load" [/home/fede/PhD/transformer-hls/hls/include/linear.h:1656]   --->   Operation 24 'select' 'select_ln1656' <Predicate = true> <Delay = 0.29> <CoreInst = "Sel">   --->   Core 73 'Sel' <Latency = 0> <II = 1> <Delay = 0.29> <FuncUnit> <Opcode : 'select'> <InPorts = 3> <OutPorts = 1>
ST_2 : Operation 25 [1/1] (0.27ns)   --->   "%select_ln1656_1 = select i1 %icmp_ln1657, i5 %add_ln1656, i5 %n_load" [/home/fede/PhD/transformer-hls/hls/include/linear.h:1656]   --->   Operation 25 'select' 'select_ln1656_1' <Predicate = true> <Delay = 0.27> <CoreInst = "Sel">   --->   Core 73 'Sel' <Latency = 0> <II = 1> <Delay = 0.27> <FuncUnit> <Opcode : 'select'> <InPorts = 3> <OutPorts = 1>
ST_2 : Operation 26 [1/1] (0.00ns)   --->   "%trunc_ln1670 = trunc i5 %select_ln1656_1" [/home/fede/PhD/transformer-hls/hls/include/linear.h:1670]   --->   Operation 26 'trunc' 'trunc_ln1670' <Predicate = true> <Delay = 0.00>
ST_2 : Operation 27 [1/1] (0.00ns)   --->   "%tmp = bitconcatenate i10 @_ssdm_op_BitConcatenate.i10.i4.i6, i4 %trunc_ln1670, i6 0" [/home/fede/PhD/transformer-hls/hls/include/linear.h:1670]   --->   Operation 27 'bitconcatenate' 'tmp' <Predicate = true> <Delay = 0.00>
ST_2 : Operation 28 [1/1] (0.00ns)   --->   "%tmp_s = bitconcatenate i9 @_ssdm_op_BitConcatenate.i9.i5.i4, i5 %select_ln1656_1, i4 0" [/home/fede/PhD/transformer-hls/hls/include/linear.h:1670]   --->   Operation 28 'bitconcatenate' 'tmp_s' <Predicate = true> <Delay = 0.00>
ST_2 : Operation 29 [1/1] (0.00ns)   --->   "%zext_ln1670 = zext i9 %tmp_s" [/home/fede/PhD/transformer-hls/hls/include/linear.h:1670]   --->   Operation 29 'zext' 'zext_ln1670' <Predicate = true> <Delay = 0.00>
ST_2 : Operation 30 [1/1] (0.00ns) (grouped into TernaryAdder)   --->   "%sub_ln1670 = sub i10 %tmp, i10 %zext_ln1670" [/home/fede/PhD/transformer-hls/hls/include/linear.h:1670]   --->   Operation 30 'sub' 'sub_ln1670' <Predicate = true> <Delay = 0.00> <CoreInst = "TAddSub">   --->   Core 10 'TAddSub' <Latency = 0> <II = 1> <Delay = 0.39> <IPBlock> <Opcode : 'add' 'sub'> <InPorts = 3> <OutPorts = 1> <Sync> <CReg>
ST_2 : Operation 31 [1/1] (0.00ns)   --->   "%zext_ln1670_1 = zext i6 %select_ln1656" [/home/fede/PhD/transformer-hls/hls/include/linear.h:1670]   --->   Operation 31 'zext' 'zext_ln1670_1' <Predicate = true> <Delay = 0.00>
ST_2 : Operation 32 [1/1] (0.79ns) (root node of TernaryAdder)   --->   "%add_ln1670 = add i10 %sub_ln1670, i10 %zext_ln1670_1" [/home/fede/PhD/transformer-hls/hls/include/linear.h:1670]   --->   Operation 32 'add' 'add_ln1670' <Predicate = true> <Delay = 0.79> <CoreInst = "TAddSub">   --->   Core 10 'TAddSub' <Latency = 0> <II = 1> <Delay = 0.39> <IPBlock> <Opcode : 'add' 'sub'> <InPorts = 3> <OutPorts = 1> <Sync> <CReg>
ST_2 : Operation 33 [1/1] (0.00ns)   --->   "%zext_ln1670_2 = zext i10 %add_ln1670" [/home/fede/PhD/transformer-hls/hls/include/linear.h:1670]   --->   Operation 33 'zext' 'zext_ln1670_2' <Predicate = true> <Delay = 0.00>
ST_2 : Operation 34 [1/1] (0.00ns)   --->   "%buff_K_V_addr = getelementptr i8 %buff_K_V, i64 0, i64 %zext_ln1670_2" [/home/fede/PhD/transformer-hls/hls/include/linear.h:1670]   --->   Operation 34 'getelementptr' 'buff_K_V_addr' <Predicate = true> <Delay = 0.00>
ST_2 : Operation 35 [1/1] (0.00ns)   --->   "%specpipeline_ln1658 = specpipeline void @_ssdm_op_SpecPipeline, i32 1, i32 0, i32 0, i32 0, void @empty_26" [/home/fede/PhD/transformer-hls/hls/include/linear.h:1658]   --->   Operation 35 'specpipeline' 'specpipeline_ln1658' <Predicate = true> <Delay = 0.00>
ST_2 : Operation 36 [1/1] (0.00ns)   --->   "%specloopname_ln1657 = specloopname void @_ssdm_op_SpecLoopName, void @empty_10" [/home/fede/PhD/transformer-hls/hls/include/linear.h:1657]   --->   Operation 36 'specloopname' 'specloopname_ln1657' <Predicate = true> <Delay = 0.00>
ST_2 : Operation 37 [1/1] (1.36ns)   --->   "%val_K_V = read i8 @_ssdm_op_Read.ap_fifo.volatile.i8P0A, i8 %K_1_0" [/home/fede/PhD/transformer-hls/hls/include/linear.h:1659]   --->   Operation 37 'read' 'val_K_V' <Predicate = true> <Delay = 1.36> <CoreInst = "FIFO_SRL">   --->   Core 81 'FIFO_SRL' <Latency = 0> <II = 1> <Delay = 1.36> <Storage> <Opcode : 'read' 'write' 'nbread' 'nbwrite'> <Ports = 0> <Width = 8> <Depth = 2> <FIFO>
ST_2 : Operation 38 [1/1] (1.17ns)   --->   "%store_ln1670 = store i8 %val_K_V, i10 %buff_K_V_addr" [/home/fede/PhD/transformer-hls/hls/include/linear.h:1670]   --->   Operation 38 'store' 'store_ln1670' <Predicate = true> <Delay = 1.17> <CoreInst = "RAM_1WnR">   --->   Core 84 'RAM_1WnR' <Latency = 1> <II = 1> <Delay = 1.17> <Storage> <Opcode : 'load' 'store'> <Ports = 17> <Width = 8> <Depth = 816> <RAM>
ST_2 : Operation 39 [1/1] (0.70ns)   --->   "%add_ln1657 = add i6 %select_ln1656, i6 1" [/home/fede/PhD/transformer-hls/hls/include/linear.h:1657]   --->   Operation 39 'add' 'add_ln1657' <Predicate = true> <Delay = 0.70> <CoreInst = "Adder">   --->   Core 1 'Adder' <Latency = 0> <II = 1> <Delay = 0.70> <FuncUnit> <Opcode : 'add' 'sub'> <InPorts = 2> <OutPorts = 1>
ST_2 : Operation 40 [1/1] (0.38ns)   --->   "%store_ln1657 = store i5 %select_ln1656_1, i5 %n" [/home/fede/PhD/transformer-hls/hls/include/linear.h:1657]   --->   Operation 40 'store' 'store_ln1657' <Predicate = true> <Delay = 0.38>
ST_2 : Operation 41 [1/1] (0.38ns)   --->   "%store_ln1657 = store i6 %add_ln1657, i6 %k" [/home/fede/PhD/transformer-hls/hls/include/linear.h:1657]   --->   Operation 41 'store' 'store_ln1657' <Predicate = true> <Delay = 0.38>
ST_2 : Operation 42 [1/1] (0.00ns)   --->   "%br_ln1657 = br void %for.inc" [/home/fede/PhD/transformer-hls/hls/include/linear.h:1657]   --->   Operation 42 'br' 'br_ln1657' <Predicate = true> <Delay = 0.00>


============================================================
+ Verbose Summary: Binding
============================================================
STG Binding: 
---------------- STG Properties BEGIN ----------------
- Is combinational: 0
- Is one-state seq: 0
- Is datapath-only: 0
- Is pipelined: 0
- Is top level: 0
Port [ Return ] is wired: 1; IO mode=ap_ctrl_hs:ce=0
Port [ buff_K_V]:  wired=1; compound=1; hidden=0; nouse=0; global=0; static=0; extern=0; dir=1; type=1; pingpong=0; private_global=0; MemPort=[03333333333333333]; IO mode=ap_memory:ce=0
Port [ K_1_0]:  wired=1; compound=1; hidden=0; nouse=0; global=0; static=0; extern=0; dir=0; type=3; pingpong=0; private_global=0; IO mode=ap_fifo:ce=0
---------------- STG Properties END ------------------

---------------- Datapath Model BEGIN ----------------

<LifeTime>
<method=bitvector/>
k                   (alloca           ) [ 011]
n                   (alloca           ) [ 011]
indvar_flatten      (alloca           ) [ 010]
specinterface_ln0   (specinterface    ) [ 000]
store_ln0           (store            ) [ 000]
store_ln0           (store            ) [ 000]
store_ln0           (store            ) [ 000]
br_ln0              (br               ) [ 000]
indvar_flatten_load (load             ) [ 000]
icmp_ln1656         (icmp             ) [ 010]
add_ln1656_1        (add              ) [ 000]
br_ln1656           (br               ) [ 000]
store_ln1657        (store            ) [ 000]
k_load              (load             ) [ 000]
n_load              (load             ) [ 000]
add_ln1656          (add              ) [ 000]
specloopname_ln0    (specloopname     ) [ 000]
empty               (speclooptripcount) [ 000]
icmp_ln1657         (icmp             ) [ 000]
select_ln1656       (select           ) [ 000]
select_ln1656_1     (select           ) [ 000]
trunc_ln1670        (trunc            ) [ 000]
tmp                 (bitconcatenate   ) [ 000]
tmp_s               (bitconcatenate   ) [ 000]
zext_ln1670         (zext             ) [ 000]
sub_ln1670          (sub              ) [ 000]
zext_ln1670_1       (zext             ) [ 000]
add_ln1670          (add              ) [ 000]
zext_ln1670_2       (zext             ) [ 000]
buff_K_V_addr       (getelementptr    ) [ 000]
specpipeline_ln1658 (specpipeline     ) [ 000]
specloopname_ln1657 (specloopname     ) [ 000]
val_K_V             (read             ) [ 000]
store_ln1670        (store            ) [ 000]
add_ln1657          (add              ) [ 000]
store_ln1657        (store            ) [ 000]
store_ln1657        (store            ) [ 000]
br_ln1657           (br               ) [ 000]
ret_ln0             (ret              ) [ 000]
</LifeTime>

<model>

<comp_list>
<comp id="0" class="1000" name="buff_K_V">
<pin_list>
<pin id="1" dir="1" index="0" bw="1" slack="0"/>
</pin_list>
<bind>
<StgValue><ssdm name="buff_K_V"/><MemPortTyVec>0 3 3 3 3 3 3 3 3 3 3 3 3 3 3 3 3 </MemPortTyVec>
</StgValue>
</bind>
</comp>

<comp id="2" class="1000" name="K_1_0">
<pin_list>
<pin id="3" dir="1" index="0" bw="1" slack="0"/>
</pin_list>
<bind>
<StgValue><ssdm name="K_1_0"/></StgValue>
</bind>
</comp>

<comp id="4" class="1001" name="const_4">
<pin_list>
<pin id="5" dir="1" index="0" bw="1" slack="0"/>
</pin_list>
<bind>
<StgValue><ssdm name=""/></StgValue>
</bind>
</comp>

<comp id="6" class="1001" name="const_6">
<pin_list>
<pin id="7" dir="1" index="0" bw="1" slack="2147483647"/>
</pin_list>
<bind>
<StgValue><ssdm name="_ssdm_op_SpecInterface"/></StgValue>
</bind>
</comp>

<comp id="8" class="1001" name="const_8">
<pin_list>
<pin id="9" dir="1" index="0" bw="1" slack="2147483647"/>
</pin_list>
<bind>
<StgValue><ssdm name="empty_0"/></StgValue>
</bind>
</comp>

<comp id="10" class="1001" name="const_10">
<pin_list>
<pin id="11" dir="1" index="0" bw="1" slack="2147483647"/>
</pin_list>
<bind>
<StgValue><ssdm name=""/></StgValue>
</bind>
</comp>

<comp id="12" class="1001" name="const_12">
<pin_list>
<pin id="13" dir="1" index="0" bw="1" slack="2147483647"/>
</pin_list>
<bind>
<StgValue><ssdm name="empty_26"/></StgValue>
</bind>
</comp>

<comp id="14" class="1001" name="const_14">
<pin_list>
<pin id="15" dir="1" index="0" bw="1" slack="2147483647"/>
</pin_list>
<bind>
<StgValue><ssdm name=""/></StgValue>
</bind>
</comp>

<comp id="16" class="1001" name="const_16">
<pin_list>
<pin id="17" dir="1" index="0" bw="1" slack="0"/>
</pin_list>
<bind>
<StgValue><ssdm name=""/></StgValue>
</bind>
</comp>

<comp id="18" class="1001" name="const_18">
<pin_list>
<pin id="19" dir="1" index="0" bw="1" slack="0"/>
</pin_list>
<bind>
<StgValue><ssdm name=""/></StgValue>
</bind>
</comp>

<comp id="20" class="1001" name="const_20">
<pin_list>
<pin id="21" dir="1" index="0" bw="1" slack="0"/>
</pin_list>
<bind>
<StgValue><ssdm name=""/></StgValue>
</bind>
</comp>

<comp id="22" class="1001" name="const_22">
<pin_list>
<pin id="23" dir="1" index="0" bw="1" slack="0"/>
</pin_list>
<bind>
<StgValue><ssdm name=""/></StgValue>
</bind>
</comp>

<comp id="24" class="1001" name="const_24">
<pin_list>
<pin id="25" dir="1" index="0" bw="1" slack="0"/>
</pin_list>
<bind>
<StgValue><ssdm name=""/></StgValue>
</bind>
</comp>

<comp id="26" class="1001" name="const_26">
<pin_list>
<pin id="27" dir="1" index="0" bw="1" slack="0"/>
</pin_list>
<bind>
<StgValue><ssdm name=""/></StgValue>
</bind>
</comp>

<comp id="28" class="1001" name="const_28">
<pin_list>
<pin id="29" dir="1" index="0" bw="1" slack="2147483647"/>
</pin_list>
<bind>
<StgValue><ssdm name="_ssdm_op_SpecLoopName"/></StgValue>
</bind>
</comp>

<comp id="30" class="1001" name="const_30">
<pin_list>
<pin id="31" dir="1" index="0" bw="1" slack="2147483647"/>
</pin_list>
<bind>
<StgValue><ssdm name="VITIS_LOOP_1656_1_VITIS_LOOP_1657_2_str"/></StgValue>
</bind>
</comp>

<comp id="32" class="1001" name="const_32">
<pin_list>
<pin id="33" dir="1" index="0" bw="1" slack="2147483647"/>
</pin_list>
<bind>
<StgValue><ssdm name="_ssdm_op_SpecLoopTripCount"/></StgValue>
</bind>
</comp>

<comp id="34" class="1001" name="const_34">
<pin_list>
<pin id="35" dir="1" index="0" bw="1" slack="2147483647"/>
</pin_list>
<bind>
<StgValue><ssdm name=""/></StgValue>
</bind>
</comp>

<comp id="36" class="1001" name="const_36">
<pin_list>
<pin id="37" dir="1" index="0" bw="1" slack="0"/>
</pin_list>
<bind>
<StgValue><ssdm name=""/></StgValue>
</bind>
</comp>

<comp id="38" class="1001" name="const_38">
<pin_list>
<pin id="39" dir="1" index="0" bw="1" slack="0"/>
</pin_list>
<bind>
<StgValue><ssdm name="_ssdm_op_BitConcatenate.i10.i4.i6"/></StgValue>
</bind>
</comp>

<comp id="40" class="1001" name="const_40">
<pin_list>
<pin id="41" dir="1" index="0" bw="1" slack="0"/>
</pin_list>
<bind>
<StgValue><ssdm name="_ssdm_op_BitConcatenate.i9.i5.i4"/></StgValue>
</bind>
</comp>

<comp id="42" class="1001" name="const_42">
<pin_list>
<pin id="43" dir="1" index="0" bw="1" slack="0"/>
</pin_list>
<bind>
<StgValue><ssdm name=""/></StgValue>
</bind>
</comp>

<comp id="44" class="1001" name="const_44">
<pin_list>
<pin id="45" dir="1" index="0" bw="1" slack="0"/>
</pin_list>
<bind>
<StgValue><ssdm name=""/></StgValue>
</bind>
</comp>

<comp id="46" class="1001" name="const_46">
<pin_list>
<pin id="47" dir="1" index="0" bw="1" slack="2147483647"/>
</pin_list>
<bind>
<StgValue><ssdm name="_ssdm_op_SpecPipeline"/></StgValue>
</bind>
</comp>

<comp id="48" class="1001" name="const_48">
<pin_list>
<pin id="49" dir="1" index="0" bw="1" slack="2147483647"/>
</pin_list>
<bind>
<StgValue><ssdm name="empty_10"/></StgValue>
</bind>
</comp>

<comp id="50" class="1001" name="const_50">
<pin_list>
<pin id="51" dir="1" index="0" bw="1" slack="0"/>
</pin_list>
<bind>
<StgValue><ssdm name="_ssdm_op_Read.ap_fifo.volatile.i8P0A"/></StgValue>
</bind>
</comp>

<comp id="52" class="1001" name="const_52">
<pin_list>
<pin id="53" dir="1" index="0" bw="1" slack="0"/>
</pin_list>
<bind>
<StgValue><ssdm name=""/></StgValue>
</bind>
</comp>

<comp id="54" class="1004" name="k_fu_54">
<pin_list>
<pin id="55" dir="0" index="0" bw="1" slack="0"/>
<pin id="56" dir="1" index="1" bw="6" slack="0"/>
</pin_list>
<bind>
<opcode="alloca(26) " fcode="alloca"/>
<opset="k/1 "/>
</bind>
</comp>

<comp id="58" class="1004" name="n_fu_58">
<pin_list>
<pin id="59" dir="0" index="0" bw="1" slack="0"/>
<pin id="60" dir="1" index="1" bw="5" slack="0"/>
</pin_list>
<bind>
<opcode="alloca(26) " fcode="alloca"/>
<opset="n/1 "/>
</bind>
</comp>

<comp id="62" class="1004" name="indvar_flatten_fu_62">
<pin_list>
<pin id="63" dir="0" index="0" bw="1" slack="0"/>
<pin id="64" dir="1" index="1" bw="10" slack="0"/>
</pin_list>
<bind>
<opcode="alloca(26) " fcode="alloca"/>
<opset="indvar_flatten/1 "/>
</bind>
</comp>

<comp id="66" class="1004" name="val_K_V_read_fu_66">
<pin_list>
<pin id="67" dir="0" index="0" bw="8" slack="0"/>
<pin id="68" dir="0" index="1" bw="8" slack="0"/>
<pin id="69" dir="1" index="2" bw="8" slack="0"/>
</pin_list>
<bind>
<opcode="read(1150) " fcode="read"/>
<opset="val_K_V/2 "/>
</bind>
</comp>

<comp id="72" class="1004" name="buff_K_V_addr_gep_fu_72">
<pin_list>
<pin id="73" dir="0" index="0" bw="8" slack="0"/>
<pin id="74" dir="0" index="1" bw="1" slack="0"/>
<pin id="75" dir="0" index="2" bw="10" slack="0"/>
<pin id="76" dir="1" index="3" bw="10" slack="0"/>
</pin_list>
<bind>
<opcode="getelementptr(29) " fcode="getelementptr"/>
<opset="buff_K_V_addr/2 "/>
</bind>
</comp>

<comp id="79" class="1004" name="store_ln1670_access_fu_79">
<pin_list>
<pin id="80" dir="0" index="0" bw="10" slack="0"/>
<pin id="81" dir="0" index="1" bw="8" slack="0"/>
<pin id="82" dir="0" index="2" bw="0" slack="2147483647"/>
<pin id="83" dir="1" index="3" bw="8" slack="2147483647"/>
</pin_list>
<bind>
<opcode="store(28) " fcode="store"/>
<opset="store_ln1670/2 "/>
</bind>
</comp>

<comp id="86" class="1004" name="store_ln0_store_fu_86">
<pin_list>
<pin id="87" dir="0" index="0" bw="1" slack="0"/>
<pin id="88" dir="0" index="1" bw="10" slack="0"/>
<pin id="89" dir="1" index="2" bw="0" slack="2147483647"/>
</pin_list>
<bind>
<opcode="store(28) " fcode="store"/>
<opset="store_ln0/1 "/>
</bind>
</comp>

<comp id="91" class="1004" name="store_ln0_store_fu_91">
<pin_list>
<pin id="92" dir="0" index="0" bw="1" slack="0"/>
<pin id="93" dir="0" index="1" bw="5" slack="0"/>
<pin id="94" dir="1" index="2" bw="0" slack="2147483647"/>
</pin_list>
<bind>
<opcode="store(28) " fcode="store"/>
<opset="store_ln0/1 "/>
</bind>
</comp>

<comp id="96" class="1004" name="store_ln0_store_fu_96">
<pin_list>
<pin id="97" dir="0" index="0" bw="1" slack="0"/>
<pin id="98" dir="0" index="1" bw="6" slack="0"/>
<pin id="99" dir="1" index="2" bw="0" slack="2147483647"/>
</pin_list>
<bind>
<opcode="store(28) " fcode="store"/>
<opset="store_ln0/1 "/>
</bind>
</comp>

<comp id="101" class="1004" name="indvar_flatten_load_load_fu_101">
<pin_list>
<pin id="102" dir="0" index="0" bw="10" slack="0"/>
<pin id="103" dir="1" index="1" bw="10" slack="0"/>
</pin_list>
<bind>
<opcode="load(27) " fcode="load"/>
<opset="indvar_flatten_load/1 "/>
</bind>
</comp>

<comp id="104" class="1004" name="icmp_ln1656_fu_104">
<pin_list>
<pin id="105" dir="0" index="0" bw="10" slack="0"/>
<pin id="106" dir="0" index="1" bw="9" slack="0"/>
<pin id="107" dir="1" index="2" bw="1" slack="2147483647"/>
</pin_list>
<bind>
<opcode="icmp(45) " fcode="icmp"/>
<opset="icmp_ln1656/1 "/>
</bind>
</comp>

<comp id="110" class="1004" name="add_ln1656_1_fu_110">
<pin_list>
<pin id="111" dir="0" index="0" bw="10" slack="0"/>
<pin id="112" dir="0" index="1" bw="1" slack="0"/>
<pin id="113" dir="1" index="2" bw="10" slack="0"/>
</pin_list>
<bind>
<opcode="add(8) " fcode="add"/>
<opset="add_ln1656_1/1 "/>
</bind>
</comp>

<comp id="116" class="1004" name="store_ln1657_store_fu_116">
<pin_list>
<pin id="117" dir="0" index="0" bw="10" slack="0"/>
<pin id="118" dir="0" index="1" bw="10" slack="0"/>
<pin id="119" dir="1" index="2" bw="0" slack="2147483647"/>
</pin_list>
<bind>
<opcode="store(28) " fcode="store"/>
<opset="store_ln1657/1 "/>
</bind>
</comp>

<comp id="121" class="1004" name="k_load_load_fu_121">
<pin_list>
<pin id="122" dir="0" index="0" bw="6" slack="1"/>
<pin id="123" dir="1" index="1" bw="6" slack="0"/>
</pin_list>
<bind>
<opcode="load(27) " fcode="load"/>
<opset="k_load/2 "/>
</bind>
</comp>

<comp id="124" class="1004" name="n_load_load_fu_124">
<pin_list>
<pin id="125" dir="0" index="0" bw="5" slack="1"/>
<pin id="126" dir="1" index="1" bw="5" slack="0"/>
</pin_list>
<bind>
<opcode="load(27) " fcode="load"/>
<opset="n_load/2 "/>
</bind>
</comp>

<comp id="127" class="1004" name="add_ln1656_fu_127">
<pin_list>
<pin id="128" dir="0" index="0" bw="5" slack="0"/>
<pin id="129" dir="0" index="1" bw="1" slack="0"/>
<pin id="130" dir="1" index="2" bw="5" slack="0"/>
</pin_list>
<bind>
<opcode="add(8) " fcode="add"/>
<opset="add_ln1656/2 "/>
</bind>
</comp>

<comp id="133" class="1004" name="icmp_ln1657_fu_133">
<pin_list>
<pin id="134" dir="0" index="0" bw="6" slack="0"/>
<pin id="135" dir="0" index="1" bw="5" slack="0"/>
<pin id="136" dir="1" index="2" bw="1" slack="0"/>
</pin_list>
<bind>
<opcode="icmp(45) " fcode="icmp"/>
<opset="icmp_ln1657/2 "/>
</bind>
</comp>

<comp id="139" class="1004" name="select_ln1656_fu_139">
<pin_list>
<pin id="140" dir="0" index="0" bw="1" slack="0"/>
<pin id="141" dir="0" index="1" bw="1" slack="0"/>
<pin id="142" dir="0" index="2" bw="6" slack="0"/>
<pin id="143" dir="1" index="3" bw="6" slack="0"/>
</pin_list>
<bind>
<opcode="select(49) " fcode="select"/>
<opset="select_ln1656/2 "/>
</bind>
</comp>

<comp id="147" class="1004" name="select_ln1656_1_fu_147">
<pin_list>
<pin id="148" dir="0" index="0" bw="1" slack="0"/>
<pin id="149" dir="0" index="1" bw="5" slack="0"/>
<pin id="150" dir="0" index="2" bw="5" slack="0"/>
<pin id="151" dir="1" index="3" bw="5" slack="0"/>
</pin_list>
<bind>
<opcode="select(49) " fcode="select"/>
<opset="select_ln1656_1/2 "/>
</bind>
</comp>

<comp id="155" class="1004" name="trunc_ln1670_fu_155">
<pin_list>
<pin id="156" dir="0" index="0" bw="5" slack="0"/>
<pin id="157" dir="1" index="1" bw="4" slack="0"/>
</pin_list>
<bind>
<opcode="trunc(33) " fcode="trunc"/>
<opset="trunc_ln1670/2 "/>
</bind>
</comp>

<comp id="159" class="1004" name="tmp_fu_159">
<pin_list>
<pin id="160" dir="0" index="0" bw="10" slack="0"/>
<pin id="161" dir="0" index="1" bw="4" slack="0"/>
<pin id="162" dir="0" index="2" bw="1" slack="0"/>
<pin id="163" dir="1" index="3" bw="10" slack="0"/>
</pin_list>
<bind>
<opcode="bitconcatenate(1004) " fcode="bitconcatenate"/>
<opset="tmp/2 "/>
</bind>
</comp>

<comp id="167" class="1004" name="tmp_s_fu_167">
<pin_list>
<pin id="168" dir="0" index="0" bw="9" slack="0"/>
<pin id="169" dir="0" index="1" bw="5" slack="0"/>
<pin id="170" dir="0" index="2" bw="1" slack="0"/>
<pin id="171" dir="1" index="3" bw="9" slack="0"/>
</pin_list>
<bind>
<opcode="bitconcatenate(1004) " fcode="bitconcatenate"/>
<opset="tmp_s/2 "/>
</bind>
</comp>

<comp id="175" class="1004" name="zext_ln1670_fu_175">
<pin_list>
<pin id="176" dir="0" index="0" bw="9" slack="0"/>
<pin id="177" dir="1" index="1" bw="10" slack="0"/>
</pin_list>
<bind>
<opcode="zext(34) " fcode="zext"/>
<opset="zext_ln1670/2 "/>
</bind>
</comp>

<comp id="179" class="1004" name="sub_ln1670_fu_179">
<pin_list>
<pin id="180" dir="0" index="0" bw="10" slack="0"/>
<pin id="181" dir="0" index="1" bw="9" slack="0"/>
<pin id="182" dir="1" index="2" bw="10" slack="0"/>
</pin_list>
<bind>
<opcode="sub(10) " fcode="sub"/>
<opset="sub_ln1670/2 "/>
</bind>
</comp>

<comp id="185" class="1004" name="zext_ln1670_1_fu_185">
<pin_list>
<pin id="186" dir="0" index="0" bw="6" slack="0"/>
<pin id="187" dir="1" index="1" bw="10" slack="0"/>
</pin_list>
<bind>
<opcode="zext(34) " fcode="zext"/>
<opset="zext_ln1670_1/2 "/>
</bind>
</comp>

<comp id="189" class="1004" name="add_ln1670_fu_189">
<pin_list>
<pin id="190" dir="0" index="0" bw="10" slack="0"/>
<pin id="191" dir="0" index="1" bw="6" slack="0"/>
<pin id="192" dir="1" index="2" bw="10" slack="0"/>
</pin_list>
<bind>
<opcode="add(8) " fcode="add"/>
<opset="add_ln1670/2 "/>
</bind>
</comp>

<comp id="195" class="1004" name="zext_ln1670_2_fu_195">
<pin_list>
<pin id="196" dir="0" index="0" bw="10" slack="0"/>
<pin id="197" dir="1" index="1" bw="64" slack="0"/>
</pin_list>
<bind>
<opcode="zext(34) " fcode="zext"/>
<opset="zext_ln1670_2/2 "/>
</bind>
</comp>

<comp id="200" class="1004" name="add_ln1657_fu_200">
<pin_list>
<pin id="201" dir="0" index="0" bw="6" slack="0"/>
<pin id="202" dir="0" index="1" bw="1" slack="0"/>
<pin id="203" dir="1" index="2" bw="6" slack="0"/>
</pin_list>
<bind>
<opcode="add(8) " fcode="add"/>
<opset="add_ln1657/2 "/>
</bind>
</comp>

<comp id="206" class="1004" name="store_ln1657_store_fu_206">
<pin_list>
<pin id="207" dir="0" index="0" bw="5" slack="0"/>
<pin id="208" dir="0" index="1" bw="5" slack="1"/>
<pin id="209" dir="1" index="2" bw="0" slack="2147483647"/>
</pin_list>
<bind>
<opcode="store(28) " fcode="store"/>
<opset="store_ln1657/2 "/>
</bind>
</comp>

<comp id="211" class="1004" name="store_ln1657_store_fu_211">
<pin_list>
<pin id="212" dir="0" index="0" bw="6" slack="0"/>
<pin id="213" dir="0" index="1" bw="6" slack="1"/>
<pin id="214" dir="1" index="2" bw="0" slack="2147483647"/>
</pin_list>
<bind>
<opcode="store(28) " fcode="store"/>
<opset="store_ln1657/2 "/>
</bind>
</comp>

<comp id="216" class="1005" name="k_reg_216">
<pin_list>
<pin id="217" dir="0" index="0" bw="6" slack="0"/>
<pin id="218" dir="1" index="1" bw="6" slack="0"/>
</pin_list>
<bind>
<opset="k "/>
</bind>
</comp>

<comp id="223" class="1005" name="n_reg_223">
<pin_list>
<pin id="224" dir="0" index="0" bw="5" slack="0"/>
<pin id="225" dir="1" index="1" bw="5" slack="0"/>
</pin_list>
<bind>
<opset="n "/>
</bind>
</comp>

<comp id="230" class="1005" name="indvar_flatten_reg_230">
<pin_list>
<pin id="231" dir="0" index="0" bw="10" slack="0"/>
<pin id="232" dir="1" index="1" bw="10" slack="0"/>
</pin_list>
<bind>
<opset="indvar_flatten "/>
</bind>
</comp>

</comp_list>

<net_list>
<net id="57"><net_src comp="4" pin="0"/><net_sink comp="54" pin=0"/></net>

<net id="61"><net_src comp="4" pin="0"/><net_sink comp="58" pin=0"/></net>

<net id="65"><net_src comp="4" pin="0"/><net_sink comp="62" pin=0"/></net>

<net id="70"><net_src comp="50" pin="0"/><net_sink comp="66" pin=0"/></net>

<net id="71"><net_src comp="2" pin="0"/><net_sink comp="66" pin=1"/></net>

<net id="77"><net_src comp="0" pin="0"/><net_sink comp="72" pin=0"/></net>

<net id="78"><net_src comp="44" pin="0"/><net_sink comp="72" pin=1"/></net>

<net id="84"><net_src comp="66" pin="2"/><net_sink comp="79" pin=1"/></net>

<net id="85"><net_src comp="72" pin="3"/><net_sink comp="79" pin=0"/></net>

<net id="90"><net_src comp="16" pin="0"/><net_sink comp="86" pin=0"/></net>

<net id="95"><net_src comp="18" pin="0"/><net_sink comp="91" pin=0"/></net>

<net id="100"><net_src comp="20" pin="0"/><net_sink comp="96" pin=0"/></net>

<net id="108"><net_src comp="101" pin="1"/><net_sink comp="104" pin=0"/></net>

<net id="109"><net_src comp="22" pin="0"/><net_sink comp="104" pin=1"/></net>

<net id="114"><net_src comp="101" pin="1"/><net_sink comp="110" pin=0"/></net>

<net id="115"><net_src comp="24" pin="0"/><net_sink comp="110" pin=1"/></net>

<net id="120"><net_src comp="110" pin="2"/><net_sink comp="116" pin=0"/></net>

<net id="131"><net_src comp="124" pin="1"/><net_sink comp="127" pin=0"/></net>

<net id="132"><net_src comp="26" pin="0"/><net_sink comp="127" pin=1"/></net>

<net id="137"><net_src comp="121" pin="1"/><net_sink comp="133" pin=0"/></net>

<net id="138"><net_src comp="36" pin="0"/><net_sink comp="133" pin=1"/></net>

<net id="144"><net_src comp="133" pin="2"/><net_sink comp="139" pin=0"/></net>

<net id="145"><net_src comp="20" pin="0"/><net_sink comp="139" pin=1"/></net>

<net id="146"><net_src comp="121" pin="1"/><net_sink comp="139" pin=2"/></net>

<net id="152"><net_src comp="133" pin="2"/><net_sink comp="147" pin=0"/></net>

<net id="153"><net_src comp="127" pin="2"/><net_sink comp="147" pin=1"/></net>

<net id="154"><net_src comp="124" pin="1"/><net_sink comp="147" pin=2"/></net>

<net id="158"><net_src comp="147" pin="3"/><net_sink comp="155" pin=0"/></net>

<net id="164"><net_src comp="38" pin="0"/><net_sink comp="159" pin=0"/></net>

<net id="165"><net_src comp="155" pin="1"/><net_sink comp="159" pin=1"/></net>

<net id="166"><net_src comp="20" pin="0"/><net_sink comp="159" pin=2"/></net>

<net id="172"><net_src comp="40" pin="0"/><net_sink comp="167" pin=0"/></net>

<net id="173"><net_src comp="147" pin="3"/><net_sink comp="167" pin=1"/></net>

<net id="174"><net_src comp="42" pin="0"/><net_sink comp="167" pin=2"/></net>

<net id="178"><net_src comp="167" pin="3"/><net_sink comp="175" pin=0"/></net>

<net id="183"><net_src comp="159" pin="3"/><net_sink comp="179" pin=0"/></net>

<net id="184"><net_src comp="175" pin="1"/><net_sink comp="179" pin=1"/></net>

<net id="188"><net_src comp="139" pin="3"/><net_sink comp="185" pin=0"/></net>

<net id="193"><net_src comp="179" pin="2"/><net_sink comp="189" pin=0"/></net>

<net id="194"><net_src comp="185" pin="1"/><net_sink comp="189" pin=1"/></net>

<net id="198"><net_src comp="189" pin="2"/><net_sink comp="195" pin=0"/></net>

<net id="199"><net_src comp="195" pin="1"/><net_sink comp="72" pin=2"/></net>

<net id="204"><net_src comp="139" pin="3"/><net_sink comp="200" pin=0"/></net>

<net id="205"><net_src comp="52" pin="0"/><net_sink comp="200" pin=1"/></net>

<net id="210"><net_src comp="147" pin="3"/><net_sink comp="206" pin=0"/></net>

<net id="215"><net_src comp="200" pin="2"/><net_sink comp="211" pin=0"/></net>

<net id="219"><net_src comp="54" pin="1"/><net_sink comp="216" pin=0"/></net>

<net id="220"><net_src comp="216" pin="1"/><net_sink comp="96" pin=1"/></net>

<net id="221"><net_src comp="216" pin="1"/><net_sink comp="121" pin=0"/></net>

<net id="222"><net_src comp="216" pin="1"/><net_sink comp="211" pin=1"/></net>

<net id="226"><net_src comp="58" pin="1"/><net_sink comp="223" pin=0"/></net>

<net id="227"><net_src comp="223" pin="1"/><net_sink comp="91" pin=1"/></net>

<net id="228"><net_src comp="223" pin="1"/><net_sink comp="124" pin=0"/></net>

<net id="229"><net_src comp="223" pin="1"/><net_sink comp="206" pin=1"/></net>

<net id="233"><net_src comp="62" pin="1"/><net_sink comp="230" pin=0"/></net>

<net id="234"><net_src comp="230" pin="1"/><net_sink comp="86" pin=1"/></net>

<net id="235"><net_src comp="230" pin="1"/><net_sink comp="101" pin=0"/></net>

<net id="236"><net_src comp="230" pin="1"/><net_sink comp="116" pin=1"/></net>

</net_list>

</model> 
---------------- Datapath Model END ------------------

* FSMD analyzer results:
  - Output states:
	Port: buff_K_V | {2 }
 - Input state : 
	Port: MatMul_QK_tiled_Pipeline_VITIS_LOOP_1656_1_VITIS_LOOP_1657_2 : K_1_0 | {2 }
  - Chain level:
	State 1
		store_ln0 : 1
		store_ln0 : 1
		store_ln0 : 1
		indvar_flatten_load : 1
		icmp_ln1656 : 2
		add_ln1656_1 : 2
		br_ln1656 : 3
		store_ln1657 : 3
	State 2
		add_ln1656 : 1
		icmp_ln1657 : 1
		select_ln1656 : 2
		select_ln1656_1 : 2
		trunc_ln1670 : 3
		tmp : 4
		tmp_s : 3
		zext_ln1670 : 4
		sub_ln1670 : 5
		zext_ln1670_1 : 3
		add_ln1670 : 6
		zext_ln1670_2 : 7
		buff_K_V_addr : 8
		store_ln1670 : 9
		add_ln1657 : 3
		store_ln1657 : 3
		store_ln1657 : 4


============================================================
+ Verbose Summary: Datapath Resource usage 
============================================================

* Functional unit list:
|----------|------------------------|---------|---------|
| Operation|     Functional Unit    |    FF   |   LUT   |
|----------|------------------------|---------|---------|
|          |   add_ln1656_1_fu_110  |    0    |    17   |
|    add   |    add_ln1656_fu_127   |    0    |    12   |
|          |    add_ln1670_fu_189   |    0    |    18   |
|          |    add_ln1657_fu_200   |    0    |    13   |
|----------|------------------------|---------|---------|
|   icmp   |   icmp_ln1656_fu_104   |    0    |    11   |
|          |   icmp_ln1657_fu_133   |    0    |    10   |
|----------|------------------------|---------|---------|
|    sub   |    sub_ln1670_fu_179   |    0    |    18   |
|----------|------------------------|---------|---------|
|  select  |  select_ln1656_fu_139  |    0    |    6    |
|          | select_ln1656_1_fu_147 |    0    |    5    |
|----------|------------------------|---------|---------|
|   read   |   val_K_V_read_fu_66   |    0    |    0    |
|----------|------------------------|---------|---------|
|   trunc  |   trunc_ln1670_fu_155  |    0    |    0    |
|----------|------------------------|---------|---------|
|bitconcatenate|       tmp_fu_159       |    0    |    0    |
|          |      tmp_s_fu_167      |    0    |    0    |
|----------|------------------------|---------|---------|
|          |   zext_ln1670_fu_175   |    0    |    0    |
|   zext   |  zext_ln1670_1_fu_185  |    0    |    0    |
|          |  zext_ln1670_2_fu_195  |    0    |    0    |
|----------|------------------------|---------|---------|
|   Total  |                        |    0    |   110   |
|----------|------------------------|---------|---------|

Memories:
N/A

* Register list:
+----------------------+--------+
|                      |   FF   |
+----------------------+--------+
|indvar_flatten_reg_230|   10   |
|       k_reg_216      |    6   |
|       n_reg_223      |    5   |
+----------------------+--------+
|         Total        |   21   |
+----------------------+--------+

* Multiplexer (MUX) list: 
|--------|------|------|------|--------|
|  Comp  |  Pin | Size |  BW  | S x BW |
|--------|------|------|------|--------|
|  Total |      |      |      |    0   |
|--------|------|------|------|--------|



* Summary:
+-----------+--------+--------+
|           |   FF   |   LUT  |
+-----------+--------+--------+
|  Function |    0   |   110  |
|   Memory  |    -   |    -   |
|Multiplexer|    -   |    -   |
|  Register |   21   |    -   |
+-----------+--------+--------+
|   Total   |   21   |   110  |
+-----------+--------+--------+
