

================================================================
== Vitis HLS Report for 'MatMul_KV_tiled_21_Pipeline_VITIS_LOOP_1818_5'
================================================================
* Date:           Thu Jun 18 11:11:31 2026

* Version:        2022.2 (Build 3670227 on Oct 13 2022)
* Project:        ViT_Block
* Solution:       ViT_Block (Vivado IP Flow Target)
* Product family: virtexuplus
* Target device:  xcu250-figd2104-2L-e


================================================================
== Performance Estimates
================================================================
+ Timing: 
    * Summary: 
    +--------+----------+----------+------------+
    |  Clock |  Target  | Estimated| Uncertainty|
    +--------+----------+----------+------------+
    |ap_clk  |  10.00 ns|  2.032 ns|     2.70 ns|
    +--------+----------+----------+------------+

+ Latency: 
    * Summary: 
    +---------+---------+----------+----------+-----+-----+---------+
    |  Latency (cycles) |  Latency (absolute) |  Interval | Pipeline|
    |   min   |   max   |    min   |    max   | min | max |   Type  |
    +---------+---------+----------+----------+-----+-----+---------+
    |       19|       19|  0.190 us|  0.190 us|   19|   19|       no|
    +---------+---------+----------+----------+-----+-----+---------+

    + Detail: 
        * Instance: 
        N/A

        * Loop: 
        +---------------------+---------+---------+----------+-----------+-----------+------+----------+
        |                     |  Latency (cycles) | Iteration|  Initiation Interval  | Trip |          |
        |      Loop Name      |   min   |   max   |  Latency |  achieved |   target  | Count| Pipelined|
        +---------------------+---------+---------+----------+-----------+-----------+------+----------+
        |- VITIS_LOOP_1818_5  |       17|       17|         2|          1|          1|    17|       yes|
        +---------------------+---------+---------+----------+-----------+-----------+------+----------+

============================================================
+ Verbose Summary: Synthesis Manager
============================================================
InlineROM: 1
ExposeGlobal: 0
============================================================
+ Verbose Summary: CDFG Model
============================================================
IsTopModel: 0
ResetActiveHigh: 1
IsCombinational: 0
IsDatapathOnly: 0
HasWiredReturn: 1
HasMFsm: 2
HasVarLatency: 1
IsPipeline: 0
IsRtlPipelined: 0
IsInstanceOverlapped: 0
IsDontTouch: 0
HasImplIP: 0
IsGatedGlobalClock: 0

+ Individual pipeline summary: 
  * Pipeline-0: initiation interval (II) = 1, depth = 2


============================================================
+ Verbose Summary: Schedule
============================================================
* Number of FSM states : 2
* Pipeline : 1
  Pipeline-0 : II = 1, D = 2, States = { 1 2 }
* Dataflow Pipeline: 0

* FSM state transitions: 
1 --> 2 
2 --> 

* FSM state operations: 

State 1 <SV = 0> <Delay = 1.09>
ST_1 : Operation 5 [1/1] (0.00ns)   --->   "%k = alloca i32 1"   --->   Operation 5 'alloca' 'k' <Predicate = true> <Delay = 0.00>
ST_1 : Operation 6 [1/1] (0.00ns)   --->   "%specinterface_ln0 = specinterface void @_ssdm_op_SpecInterface, i8 %A_sx_2, void @empty_0, i32 0, i32 0, void @empty_26, i32 0, i32 0, void @empty_26, void @empty_26, void @empty_26, i32 0, i32 0, i32 0, i32 0, void @empty_26, void @empty_26, i32 4294967295, i32 0"   --->   Operation 6 'specinterface' 'specinterface_ln0' <Predicate = true> <Delay = 0.00>
ST_1 : Operation 7 [1/1] (0.38ns)   --->   "%store_ln0 = store i5 0, i5 %k"   --->   Operation 7 'store' 'store_ln0' <Predicate = true> <Delay = 0.38>
ST_1 : Operation 8 [1/1] (0.00ns)   --->   "%br_ln0 = br void %for.inc100"   --->   Operation 8 'br' 'br_ln0' <Predicate = true> <Delay = 0.00>
ST_1 : Operation 9 [1/1] (0.00ns)   --->   "%k_6 = load i5 %k" [/home/fede/PhD/transformer-hls/hls/include/linear.h:1818]   --->   Operation 9 'load' 'k_6' <Predicate = true> <Delay = 0.00>
ST_1 : Operation 10 [1/1] (0.00ns)   --->   "%specpipeline_ln0 = specpipeline void @_ssdm_op_SpecPipeline, i32 4294967295, i32 0, i32 1, i32 0, void @p_str"   --->   Operation 10 'specpipeline' 'specpipeline_ln0' <Predicate = true> <Delay = 0.00>
ST_1 : Operation 11 [1/1] (0.63ns)   --->   "%icmp_ln1818 = icmp_eq  i5 %k_6, i5 17" [/home/fede/PhD/transformer-hls/hls/include/linear.h:1818]   --->   Operation 11 'icmp' 'icmp_ln1818' <Predicate = true> <Delay = 0.63> <CoreInst = "Cmp">   --->   Core 9 'Cmp' <Latency = 0> <II = 1> <Delay = 0.63> <FuncUnit> <Opcode : 'icmp'> <InPorts = 2> <OutPorts = 1>
ST_1 : Operation 12 [1/1] (0.00ns)   --->   "%empty = speclooptripcount i32 @_ssdm_op_SpecLoopTripCount, i64 17, i64 17, i64 17"   --->   Operation 12 'speclooptripcount' 'empty' <Predicate = true> <Delay = 0.00>
ST_1 : Operation 13 [1/1] (0.70ns)   --->   "%add_ln1818 = add i5 %k_6, i5 1" [/home/fede/PhD/transformer-hls/hls/include/linear.h:1818]   --->   Operation 13 'add' 'add_ln1818' <Predicate = true> <Delay = 0.70> <CoreInst = "Adder">   --->   Core 1 'Adder' <Latency = 0> <II = 1> <Delay = 0.70> <FuncUnit> <Opcode : 'add' 'sub'> <InPorts = 2> <OutPorts = 1>
ST_1 : Operation 14 [1/1] (0.00ns)   --->   "%br_ln1818 = br i1 %icmp_ln1818, void %for.inc100.split, void %C_tile_init.preheader.exitStub" [/home/fede/PhD/transformer-hls/hls/include/linear.h:1818]   --->   Operation 14 'br' 'br_ln1818' <Predicate = true> <Delay = 0.00>
ST_1 : Operation 15 [1/1] (0.38ns)   --->   "%store_ln1818 = store i5 %add_ln1818, i5 %k" [/home/fede/PhD/transformer-hls/hls/include/linear.h:1818]   --->   Operation 15 'store' 'store_ln1818' <Predicate = (!icmp_ln1818)> <Delay = 0.38>
ST_1 : Operation 22 [1/1] (0.00ns)   --->   "%ret_ln0 = ret"   --->   Operation 22 'ret' 'ret_ln0' <Predicate = (icmp_ln1818)> <Delay = 0.00>

State 2 <SV = 1> <Delay = 2.03>
ST_2 : Operation 16 [1/1] (0.00ns)   --->   "%k_6_cast = zext i5 %k_6" [/home/fede/PhD/transformer-hls/hls/include/linear.h:1818]   --->   Operation 16 'zext' 'k_6_cast' <Predicate = true> <Delay = 0.00>
ST_2 : Operation 17 [1/1] (0.00ns)   --->   "%specloopname_ln1818 = specloopname void @_ssdm_op_SpecLoopName, void @empty_23" [/home/fede/PhD/transformer-hls/hls/include/linear.h:1818]   --->   Operation 17 'specloopname' 'specloopname_ln1818' <Predicate = true> <Delay = 0.00>
ST_2 : Operation 18 [1/1] (1.36ns)   --->   "%val_A_V = read i8 @_ssdm_op_Read.ap_fifo.volatile.i8P0A, i8 %A_sx_2" [/home/fede/PhD/transformer-hls/hls/include/linear.h:1819]   --->   Operation 18 'read' 'val_A_V' <Predicate = true> <Delay = 1.36> <CoreInst = "FIFO_SRL">   --->   Core 81 'FIFO_SRL' <Latency = 0> <II = 1> <Delay = 1.36> <Storage> <Opcode : 'read' 'write' 'nbread' 'nbwrite'> <Ports = 0> <Width = 8> <Depth = 2> <FIFO>
ST_2 : Operation 19 [1/1] (0.00ns)   --->   "%tile_A_V_0_addr = getelementptr i8 %tile_A_V_0, i64 0, i64 %k_6_cast" [/home/fede/PhD/transformer-hls/hls/include/linear.h:1823]   --->   Operation 19 'getelementptr' 'tile_A_V_0_addr' <Predicate = true> <Delay = 0.00>
ST_2 : Operation 20 [1/1] (0.66ns)   --->   "%store_ln1823 = store i8 %val_A_V, i5 %tile_A_V_0_addr" [/home/fede/PhD/transformer-hls/hls/include/linear.h:1823]   --->   Operation 20 'store' 'store_ln1823' <Predicate = true> <Delay = 0.66> <CoreInst = "RAM">   --->   Core 83 'RAM' <Latency = 1> <II = 1> <Delay = 0.66> <Storage> <Opcode : 'load' 'store'> <Ports = 2> <Width = 8> <Depth = 17> <RAM>
ST_2 : Operation 21 [1/1] (0.00ns)   --->   "%br_ln1818 = br void %for.inc100" [/home/fede/PhD/transformer-hls/hls/include/linear.h:1818]   --->   Operation 21 'br' 'br_ln1818' <Predicate = true> <Delay = 0.00>


============================================================
+ Verbose Summary: Timing violations
============================================================
Target clock period: 10ns, clock uncertainty: 2.7ns.

 <State 1>: 1.09ns
The critical path consists of the following:
	'alloca' operation ('k') [3]  (0 ns)
	'load' operation ('k', /home/fede/PhD/transformer-hls/hls/include/linear.h:1818) on local variable 'k' [8]  (0 ns)
	'add' operation ('add_ln1818', /home/fede/PhD/transformer-hls/hls/include/linear.h:1818) [12]  (0.707 ns)
	'store' operation ('store_ln1818', /home/fede/PhD/transformer-hls/hls/include/linear.h:1818) of variable 'add_ln1818', /home/fede/PhD/transformer-hls/hls/include/linear.h:1818 on local variable 'k' [20]  (0.387 ns)

 <State 2>: 2.03ns
The critical path consists of the following:
	fifo read operation ('val_A.V', /home/fede/PhD/transformer-hls/hls/include/linear.h:1819) on port 'A_sx_2' (/home/fede/PhD/transformer-hls/hls/include/linear.h:1819) [17]  (1.36 ns)
	'store' operation ('store_ln1823', /home/fede/PhD/transformer-hls/hls/include/linear.h:1823) of variable 'val_A.V', /home/fede/PhD/transformer-hls/hls/include/linear.h:1819 on array 'tile_A_V_0' [19]  (0.667 ns)


============================================================
+ Verbose Summary: Binding
============================================================
N/A
* FSMD analyzer results:
  - Output states:
 - Input state : 
  - Chain level:
	State 1
	State 2


============================================================
+ Verbose Summary: Datapath Resource usage 
============================================================
N/A
