

================================================================
== Vitis HLS Report for 'MatMul_QK_tiled_Pipeline_VITIS_LOOP_1682_6'
================================================================
* Date:           Thu Jun 18 11:11:21 2026

* Version:        2022.2 (Build 3670227 on Oct 13 2022)
* Project:        ViT_Block
* Solution:       ViT_Block (Vivado IP Flow Target)
* Product family: virtexuplus
* Target device:  xcu250-figd2104-2L-e


================================================================
== Performance Estimates
================================================================
+ Timing: 
    * Summary: 
    +--------+----------+----------+------------+
    |  Clock |  Target  | Estimated| Uncertainty|
    +--------+----------+----------+------------+
    |ap_clk  |  10.00 ns|  2.032 ns|     2.70 ns|
    +--------+----------+----------+------------+

+ Latency: 
    * Summary: 
    +---------+---------+----------+----------+-----+-----+---------+
    |  Latency (cycles) |  Latency (absolute) |  Interval | Pipeline|
    |   min   |   max   |    min   |    max   | min | max |   Type  |
    +---------+---------+----------+----------+-----+-----+---------+
    |       50|       50|  0.500 us|  0.500 us|   50|   50|       no|
    +---------+---------+----------+----------+-----+-----+---------+

    + Detail: 
        * Instance: 
        N/A

        * Loop: 
        +---------------------+---------+---------+----------+-----------+-----------+------+----------+
        |                     |  Latency (cycles) | Iteration|  Initiation Interval  | Trip |          |
        |      Loop Name      |   min   |   max   |  Latency |  achieved |   target  | Count| Pipelined|
        +---------------------+---------+---------+----------+-----------+-----------+------+----------+
        |- VITIS_LOOP_1682_6  |       48|       48|         2|          1|          1|    48|       yes|
        +---------------------+---------+---------+----------+-----------+-----------+------+----------+

============================================================
+ Verbose Summary: Synthesis Manager
============================================================
InlineROM: 1
ExposeGlobal: 0
============================================================
+ Verbose Summary: CDFG Model
============================================================
IsTopModel: 0
ResetActiveHigh: 1
IsCombinational: 0
IsDatapathOnly: 0
HasWiredReturn: 1
HasMFsm: 2
HasVarLatency: 1
IsPipeline: 0
IsRtlPipelined: 0
IsInstanceOverlapped: 0
IsDontTouch: 0
HasImplIP: 0
IsGatedGlobalClock: 0

+ Individual pipeline summary: 
  * Pipeline-0: initiation interval (II) = 1, depth = 2


============================================================
+ Verbose Summary: Schedule
============================================================
* Number of FSM states : 2
* Pipeline : 1
  Pipeline-0 : II = 1, D = 2, States = { 1 2 }
* Dataflow Pipeline: 0

* FSM state transitions: 
1 --> 2 
2 --> 

* FSM state operations: 

State 1 <SV = 0> <Delay = 1.09>
ST_1 : Operation 5 [1/1] (0.00ns)   --->   "%k = alloca i32 1"   --->   Operation 5 'alloca' 'k' <Predicate = true> <Delay = 0.00>
ST_1 : Operation 6 [1/1] (0.00ns)   --->   "%specinterface_ln0 = specinterface void @_ssdm_op_SpecInterface, i8 %Q_1_0, void @empty_0, i32 0, i32 0, void @empty_26, i32 0, i32 0, void @empty_26, void @empty_26, void @empty_26, i32 0, i32 0, i32 0, i32 0, void @empty_26, void @empty_26, i32 4294967295, i32 0"   --->   Operation 6 'specinterface' 'specinterface_ln0' <Predicate = true> <Delay = 0.00>
ST_1 : Operation 7 [1/1] (0.38ns)   --->   "%store_ln0 = store i6 0, i6 %k"   --->   Operation 7 'store' 'store_ln0' <Predicate = true> <Delay = 0.38>
ST_1 : Operation 8 [1/1] (0.00ns)   --->   "%br_ln0 = br void %for.inc83"   --->   Operation 8 'br' 'br_ln0' <Predicate = true> <Delay = 0.00>
ST_1 : Operation 9 [1/1] (0.00ns)   --->   "%k_1 = load i6 %k" [/home/fede/PhD/transformer-hls/hls/include/linear.h:1682]   --->   Operation 9 'load' 'k_1' <Predicate = true> <Delay = 0.00>
ST_1 : Operation 10 [1/1] (0.61ns)   --->   "%icmp_ln1682 = icmp_eq  i6 %k_1, i6 48" [/home/fede/PhD/transformer-hls/hls/include/linear.h:1682]   --->   Operation 10 'icmp' 'icmp_ln1682' <Predicate = true> <Delay = 0.61> <CoreInst = "Cmp">   --->   Core 9 'Cmp' <Latency = 0> <II = 1> <Delay = 0.61> <FuncUnit> <Opcode : 'icmp'> <InPorts = 2> <OutPorts = 1>
ST_1 : Operation 11 [1/1] (0.00ns)   --->   "%empty = speclooptripcount i32 @_ssdm_op_SpecLoopTripCount, i64 48, i64 48, i64 48"   --->   Operation 11 'speclooptripcount' 'empty' <Predicate = true> <Delay = 0.00>
ST_1 : Operation 12 [1/1] (0.70ns)   --->   "%add_ln1682 = add i6 %k_1, i6 1" [/home/fede/PhD/transformer-hls/hls/include/linear.h:1682]   --->   Operation 12 'add' 'add_ln1682' <Predicate = true> <Delay = 0.70> <CoreInst = "Adder">   --->   Core 1 'Adder' <Latency = 0> <II = 1> <Delay = 0.70> <FuncUnit> <Opcode : 'add' 'sub'> <InPorts = 2> <OutPorts = 1>
ST_1 : Operation 13 [1/1] (0.00ns)   --->   "%br_ln1682 = br i1 %icmp_ln1682, void %for.inc83.split, void %VITIS_LOOP_1704_9.preheader.exitStub" [/home/fede/PhD/transformer-hls/hls/include/linear.h:1682]   --->   Operation 13 'br' 'br_ln1682' <Predicate = true> <Delay = 0.00>
ST_1 : Operation 14 [1/1] (0.38ns)   --->   "%store_ln1682 = store i6 %add_ln1682, i6 %k" [/home/fede/PhD/transformer-hls/hls/include/linear.h:1682]   --->   Operation 14 'store' 'store_ln1682' <Predicate = (!icmp_ln1682)> <Delay = 0.38>
ST_1 : Operation 22 [1/1] (0.00ns)   --->   "%ret_ln0 = ret"   --->   Operation 22 'ret' 'ret_ln0' <Predicate = (icmp_ln1682)> <Delay = 0.00>

State 2 <SV = 1> <Delay = 2.03>
ST_2 : Operation 15 [1/1] (0.00ns)   --->   "%zext_ln1682 = zext i6 %k_1" [/home/fede/PhD/transformer-hls/hls/include/linear.h:1682]   --->   Operation 15 'zext' 'zext_ln1682' <Predicate = true> <Delay = 0.00>
ST_2 : Operation 16 [1/1] (0.00ns)   --->   "%specpipeline_ln1683 = specpipeline void @_ssdm_op_SpecPipeline, i32 1, i32 0, i32 0, i32 0, void @empty_26" [/home/fede/PhD/transformer-hls/hls/include/linear.h:1683]   --->   Operation 16 'specpipeline' 'specpipeline_ln1683' <Predicate = true> <Delay = 0.00>
ST_2 : Operation 17 [1/1] (0.00ns)   --->   "%specloopname_ln1682 = specloopname void @_ssdm_op_SpecLoopName, void @empty_37" [/home/fede/PhD/transformer-hls/hls/include/linear.h:1682]   --->   Operation 17 'specloopname' 'specloopname_ln1682' <Predicate = true> <Delay = 0.00>
ST_2 : Operation 18 [1/1] (1.36ns)   --->   "%val_Q_V = read i8 @_ssdm_op_Read.ap_fifo.volatile.i8P0A, i8 %Q_1_0" [/home/fede/PhD/transformer-hls/hls/include/linear.h:1684]   --->   Operation 18 'read' 'val_Q_V' <Predicate = true> <Delay = 1.36> <CoreInst = "FIFO_SRL">   --->   Core 81 'FIFO_SRL' <Latency = 0> <II = 1> <Delay = 1.36> <Storage> <Opcode : 'read' 'write' 'nbread' 'nbwrite'> <Ports = 0> <Width = 8> <Depth = 2> <FIFO>
ST_2 : Operation 19 [1/1] (0.00ns)   --->   "%tile_Q_V_0_addr = getelementptr i8 %tile_Q_V_0, i64 0, i64 %zext_ln1682" [/home/fede/PhD/transformer-hls/hls/include/linear.h:1695]   --->   Operation 19 'getelementptr' 'tile_Q_V_0_addr' <Predicate = true> <Delay = 0.00>
ST_2 : Operation 20 [1/1] (0.66ns)   --->   "%store_ln1695 = store i8 %val_Q_V, i6 %tile_Q_V_0_addr" [/home/fede/PhD/transformer-hls/hls/include/linear.h:1695]   --->   Operation 20 'store' 'store_ln1695' <Predicate = true> <Delay = 0.66> <CoreInst = "RAM_1WnR">   --->   Core 84 'RAM_1WnR' <Latency = 1> <II = 1> <Delay = 0.66> <Storage> <Opcode : 'load' 'store'> <Ports = 17> <Width = 8> <Depth = 48> <RAM>
ST_2 : Operation 21 [1/1] (0.00ns)   --->   "%br_ln1682 = br void %for.inc83" [/home/fede/PhD/transformer-hls/hls/include/linear.h:1682]   --->   Operation 21 'br' 'br_ln1682' <Predicate = true> <Delay = 0.00>


============================================================
+ Verbose Summary: Timing violations
============================================================
Target clock period: 10ns, clock uncertainty: 2.7ns.

 <State 1>: 1.09ns
The critical path consists of the following:
	'alloca' operation ('k') [3]  (0 ns)
	'load' operation ('k', /home/fede/PhD/transformer-hls/hls/include/linear.h:1682) on local variable 'k' [8]  (0 ns)
	'add' operation ('add_ln1682', /home/fede/PhD/transformer-hls/hls/include/linear.h:1682) [11]  (0.706 ns)
	'store' operation ('store_ln1682', /home/fede/PhD/transformer-hls/hls/include/linear.h:1682) of variable 'add_ln1682', /home/fede/PhD/transformer-hls/hls/include/linear.h:1682 on local variable 'k' [20]  (0.387 ns)

 <State 2>: 2.03ns
The critical path consists of the following:
	fifo read operation ('val_Q.V', /home/fede/PhD/transformer-hls/hls/include/linear.h:1684) on port 'Q_1_0' (/home/fede/PhD/transformer-hls/hls/include/linear.h:1684) [17]  (1.36 ns)
	'store' operation ('store_ln1695', /home/fede/PhD/transformer-hls/hls/include/linear.h:1695) of variable 'val_Q.V', /home/fede/PhD/transformer-hls/hls/include/linear.h:1684 on array 'tile_Q_V_0' [19]  (0.667 ns)


============================================================
+ Verbose Summary: Binding
============================================================
N/A
* FSMD analyzer results:
  - Output states:
 - Input state : 
  - Chain level:
	State 1
	State 2


============================================================
+ Verbose Summary: Datapath Resource usage 
============================================================
N/A
