

================================================================
== Vitis HLS Report for 'merge_heads'
================================================================
* Date:           Thu Jun 18 11:11:36 2026

* Version:        2022.2 (Build 3670227 on Oct 13 2022)
* Project:        ViT_Block
* Solution:       ViT_Block (Vivado IP Flow Target)
* Product family: virtexuplus
* Target device:  xcu250-figd2104-2L-e


================================================================
== Performance Estimates
================================================================
+ Timing: 
    * Summary: 
    +--------+----------+----------+------------+
    |  Clock |  Target  | Estimated| Uncertainty|
    +--------+----------+----------+------------+
    |ap_clk  |  10.00 ns|  3.183 ns|     2.70 ns|
    +--------+----------+----------+------------+

+ Latency: 
    * Summary: 
    +---------+---------+-----------+-----------+------+------+---------+
    |  Latency (cycles) |   Latency (absolute)  |   Interval  | Pipeline|
    |   min   |   max   |    min    |    max    |  min |  max |   Type  |
    +---------+---------+-----------+-----------+------+------+---------+
    |     3266|     3266|  32.660 us|  32.660 us|  3266|  3266|       no|
    +---------+---------+-----------+-----------+------+------+---------+

    + Detail: 
        * Instance: 
        N/A

        * Loop: 
        +------------------------------------------------------+---------+---------+----------+-----------+-----------+------+----------+
        |                                                      |  Latency (cycles) | Iteration|  Initiation Interval  | Trip |          |
        |                       Loop Name                      |   min   |   max   |  Latency |  achieved |   target  | Count| Pipelined|
        +------------------------------------------------------+---------+---------+----------+-----------+-----------+------+----------+
        |- VITIS_LOOP_178_1_VITIS_LOOP_179_2_VITIS_LOOP_180_3  |     3264|     3264|         2|          1|          1|  3264|       yes|
        +------------------------------------------------------+---------+---------+----------+-----------+-----------+------+----------+

============================================================
+ Verbose Summary: Synthesis Manager
============================================================
InlineROM: 1
ExposeGlobal: 0
============================================================
+ Verbose Summary: CDFG Model
============================================================
IsTopModel: 0
ResetActiveHigh: 1
IsCombinational: 2
IsDatapathOnly: 0
HasWiredReturn: 1
HasMFsm: 2
HasVarLatency: 1
IsPipeline: 0
IsRtlPipelined: 0
IsInstanceOverlapped: 0
IsDontTouch: 0
HasImplIP: 0
IsGatedGlobalClock: 0

+ Individual pipeline summary: 
  * Pipeline-0: initiation interval (II) = 1, depth = 2


============================================================
+ Verbose Summary: Schedule
============================================================
* Number of FSM states : 2
* Pipeline : 1
  Pipeline-0 : II = 1, D = 2, States = { 1 2 }
* Dataflow Pipeline: 0

* FSM state transitions: 
1 --> 2 
2 --> 

* FSM state operations: 

State 1 <SV = 0> <Delay = 2.10>
ST_1 : Operation 5 [1/1] (0.00ns)   --->   "%i_02 = alloca i32 1"   --->   Operation 5 'alloca' 'i_02' <Predicate = true> <Delay = 0.00>
ST_1 : Operation 6 [1/1] (0.00ns)   --->   "%h = alloca i32 1"   --->   Operation 6 'alloca' 'h' <Predicate = true> <Delay = 0.00>
ST_1 : Operation 7 [1/1] (0.00ns)   --->   "%indvar_flatten = alloca i32 1"   --->   Operation 7 'alloca' 'indvar_flatten' <Predicate = true> <Delay = 0.00>
ST_1 : Operation 8 [1/1] (0.00ns)   --->   "%indvar_flatten13 = alloca i32 1"   --->   Operation 8 'alloca' 'indvar_flatten13' <Predicate = true> <Delay = 0.00>
ST_1 : Operation 9 [1/1] (0.00ns)   --->   "%specinterface_ln0 = specinterface void @_ssdm_op_SpecInterface, i8 %head_out_3, void @empty_0, i32 0, i32 0, void @empty_26, i32 0, i32 0, void @empty_26, void @empty_26, void @empty_26, i32 0, i32 0, i32 0, i32 0, void @empty_26, void @empty_26, i32 4294967295, i32 0"   --->   Operation 9 'specinterface' 'specinterface_ln0' <Predicate = true> <Delay = 0.00>
ST_1 : Operation 10 [1/1] (0.00ns)   --->   "%specinterface_ln0 = specinterface void @_ssdm_op_SpecInterface, i8 %head_out_2, void @empty_0, i32 0, i32 0, void @empty_26, i32 0, i32 0, void @empty_26, void @empty_26, void @empty_26, i32 0, i32 0, i32 0, i32 0, void @empty_26, void @empty_26, i32 4294967295, i32 0"   --->   Operation 10 'specinterface' 'specinterface_ln0' <Predicate = true> <Delay = 0.00>
ST_1 : Operation 11 [1/1] (0.00ns)   --->   "%specinterface_ln0 = specinterface void @_ssdm_op_SpecInterface, i8 %head_out_1, void @empty_0, i32 0, i32 0, void @empty_26, i32 0, i32 0, void @empty_26, void @empty_26, void @empty_26, i32 0, i32 0, i32 0, i32 0, void @empty_26, void @empty_26, i32 4294967295, i32 0"   --->   Operation 11 'specinterface' 'specinterface_ln0' <Predicate = true> <Delay = 0.00>
ST_1 : Operation 12 [1/1] (0.00ns)   --->   "%specinterface_ln0 = specinterface void @_ssdm_op_SpecInterface, i8 %head_out_0, void @empty_0, i32 0, i32 0, void @empty_26, i32 0, i32 0, void @empty_26, void @empty_26, void @empty_26, i32 0, i32 0, i32 0, i32 0, void @empty_26, void @empty_26, i32 4294967295, i32 0"   --->   Operation 12 'specinterface' 'specinterface_ln0' <Predicate = true> <Delay = 0.00>
ST_1 : Operation 13 [1/1] (0.00ns)   --->   "%specinterface_ln0 = specinterface void @_ssdm_op_SpecInterface, i8 %out_linear4, void @empty_0, i32 0, i32 0, void @empty_26, i32 0, i32 0, void @empty_26, void @empty_26, void @empty_26, i32 0, i32 0, i32 0, i32 0, void @empty_26, void @empty_26, i32 4294967295, i32 0"   --->   Operation 13 'specinterface' 'specinterface_ln0' <Predicate = true> <Delay = 0.00>
ST_1 : Operation 14 [1/1] (0.38ns)   --->   "%store_ln178 = store i12 0, i12 %indvar_flatten13" [/home/fede/PhD/transformer-hls/hls/src/attention/MultiHeadAttention_tiled.cpp:178]   --->   Operation 14 'store' 'store_ln178' <Predicate = true> <Delay = 0.38>
ST_1 : Operation 15 [1/1] (0.38ns)   --->   "%store_ln178 = store i9 0, i9 %indvar_flatten" [/home/fede/PhD/transformer-hls/hls/src/attention/MultiHeadAttention_tiled.cpp:178]   --->   Operation 15 'store' 'store_ln178' <Predicate = true> <Delay = 0.38>
ST_1 : Operation 16 [1/1] (0.38ns)   --->   "%store_ln178 = store i3 0, i3 %h" [/home/fede/PhD/transformer-hls/hls/src/attention/MultiHeadAttention_tiled.cpp:178]   --->   Operation 16 'store' 'store_ln178' <Predicate = true> <Delay = 0.38>
ST_1 : Operation 17 [1/1] (0.38ns)   --->   "%store_ln178 = store i6 0, i6 %i_02" [/home/fede/PhD/transformer-hls/hls/src/attention/MultiHeadAttention_tiled.cpp:178]   --->   Operation 17 'store' 'store_ln178' <Predicate = true> <Delay = 0.38>
ST_1 : Operation 18 [1/1] (0.00ns)   --->   "%br_ln178 = br void %for.inc" [/home/fede/PhD/transformer-hls/hls/src/attention/MultiHeadAttention_tiled.cpp:178]   --->   Operation 18 'br' 'br_ln178' <Predicate = true> <Delay = 0.00>
ST_1 : Operation 19 [1/1] (0.00ns)   --->   "%i_19 = load i6 %i_02" [/home/fede/PhD/transformer-hls/hls/src/attention/MultiHeadAttention_tiled.cpp:180]   --->   Operation 19 'load' 'i_19' <Predicate = true> <Delay = 0.00>
ST_1 : Operation 20 [1/1] (0.00ns)   --->   "%indvar_flatten_load = load i9 %indvar_flatten" [/home/fede/PhD/transformer-hls/hls/src/attention/MultiHeadAttention_tiled.cpp:179]   --->   Operation 20 'load' 'indvar_flatten_load' <Predicate = true> <Delay = 0.00>
ST_1 : Operation 21 [1/1] (0.00ns)   --->   "%indvar_flatten13_load = load i12 %indvar_flatten13" [/home/fede/PhD/transformer-hls/hls/src/attention/MultiHeadAttention_tiled.cpp:178]   --->   Operation 21 'load' 'indvar_flatten13_load' <Predicate = true> <Delay = 0.00>
ST_1 : Operation 22 [1/1] (0.62ns)   --->   "%icmp_ln178 = icmp_eq  i12 %indvar_flatten13_load, i12 3264" [/home/fede/PhD/transformer-hls/hls/src/attention/MultiHeadAttention_tiled.cpp:178]   --->   Operation 22 'icmp' 'icmp_ln178' <Predicate = true> <Delay = 0.62> <CoreInst = "Cmp">   --->   Core 9 'Cmp' <Latency = 0> <II = 1> <Delay = 0.62> <FuncUnit> <Opcode : 'icmp'> <InPorts = 2> <OutPorts = 1>
ST_1 : Operation 23 [1/1] (0.74ns)   --->   "%add_ln178 = add i12 %indvar_flatten13_load, i12 1" [/home/fede/PhD/transformer-hls/hls/src/attention/MultiHeadAttention_tiled.cpp:178]   --->   Operation 23 'add' 'add_ln178' <Predicate = true> <Delay = 0.74> <CoreInst = "Adder">   --->   Core 1 'Adder' <Latency = 0> <II = 1> <Delay = 0.74> <FuncUnit> <Opcode : 'add' 'sub'> <InPorts = 2> <OutPorts = 1>
ST_1 : Operation 24 [1/1] (0.00ns)   --->   "%br_ln178 = br i1 %icmp_ln178, void %for.inc12, void %for.end14" [/home/fede/PhD/transformer-hls/hls/src/attention/MultiHeadAttention_tiled.cpp:178]   --->   Operation 24 'br' 'br_ln178' <Predicate = true> <Delay = 0.00>
ST_1 : Operation 25 [1/1] (0.00ns)   --->   "%h_load = load i3 %h"   --->   Operation 25 'load' 'h_load' <Predicate = (!icmp_ln178)> <Delay = 0.00>
ST_1 : Operation 26 [1/1] (0.00ns)   --->   "%specloopname_ln0 = specloopname void @_ssdm_op_SpecLoopName, void @VITIS_LOOP_178_1_VITIS_LOOP_179_2_VITIS_LOOP_180_3_str"   --->   Operation 26 'specloopname' 'specloopname_ln0' <Predicate = (!icmp_ln178)> <Delay = 0.00>
ST_1 : Operation 27 [1/1] (0.00ns)   --->   "%empty_89 = speclooptripcount i32 @_ssdm_op_SpecLoopTripCount, i64 3264, i64 3264, i64 3264"   --->   Operation 27 'speclooptripcount' 'empty_89' <Predicate = (!icmp_ln178)> <Delay = 0.00>
ST_1 : Operation 28 [1/1] (0.59ns)   --->   "%icmp_ln179 = icmp_eq  i9 %indvar_flatten_load, i9 192" [/home/fede/PhD/transformer-hls/hls/src/attention/MultiHeadAttention_tiled.cpp:179]   --->   Operation 28 'icmp' 'icmp_ln179' <Predicate = (!icmp_ln178)> <Delay = 0.59> <CoreInst = "Cmp">   --->   Core 9 'Cmp' <Latency = 0> <II = 1> <Delay = 0.59> <FuncUnit> <Opcode : 'icmp'> <InPorts = 2> <OutPorts = 1>
ST_1 : Operation 29 [1/1] (0.27ns)   --->   "%select_ln178 = select i1 %icmp_ln179, i3 0, i3 %h_load" [/home/fede/PhD/transformer-hls/hls/src/attention/MultiHeadAttention_tiled.cpp:178]   --->   Operation 29 'select' 'select_ln178' <Predicate = (!icmp_ln178)> <Delay = 0.27> <CoreInst = "Sel">   --->   Core 73 'Sel' <Latency = 0> <II = 1> <Delay = 0.27> <FuncUnit> <Opcode : 'select'> <InPorts = 3> <OutPorts = 1>
ST_1 : Operation 30 [1/1] (0.00ns) (grouped into LUT with out node select_ln179)   --->   "%empty_90 = trunc i3 %h_load"   --->   Operation 30 'trunc' 'empty_90' <Predicate = (!icmp_ln178)> <Delay = 0.00>
ST_1 : Operation 31 [1/1] (0.00ns) (grouped into LUT with out node select_ln179)   --->   "%select_ln178_1 = select i1 %icmp_ln179, i2 0, i2 %empty_90" [/home/fede/PhD/transformer-hls/hls/src/attention/MultiHeadAttention_tiled.cpp:178]   --->   Operation 31 'select' 'select_ln178_1' <Predicate = (!icmp_ln178)> <Delay = 0.00> <CoreInst = "Sel">   --->   Core 73 'Sel' <Latency = 0> <II = 1> <Delay = 0.27> <FuncUnit> <Opcode : 'select'> <InPorts = 3> <OutPorts = 1>
ST_1 : Operation 32 [1/1] (0.00ns) (grouped into LUT with out node and_ln178)   --->   "%xor_ln178 = xor i1 %icmp_ln179, i1 1" [/home/fede/PhD/transformer-hls/hls/src/attention/MultiHeadAttention_tiled.cpp:178]   --->   Operation 32 'xor' 'xor_ln178' <Predicate = (!icmp_ln178)> <Delay = 0.00> <CoreInst = "LogicGate">   --->   Core 74 'LogicGate' <Latency = 0> <II = 1> <Delay = 0.12> <FuncUnit> <Opcode : 'and' 'or' 'xor'> <InPorts = 2> <OutPorts = 1>
ST_1 : Operation 33 [1/1] (0.61ns)   --->   "%icmp_ln180 = icmp_eq  i6 %i_19, i6 48" [/home/fede/PhD/transformer-hls/hls/src/attention/MultiHeadAttention_tiled.cpp:180]   --->   Operation 33 'icmp' 'icmp_ln180' <Predicate = (!icmp_ln178)> <Delay = 0.61> <CoreInst = "Cmp">   --->   Core 9 'Cmp' <Latency = 0> <II = 1> <Delay = 0.61> <FuncUnit> <Opcode : 'icmp'> <InPorts = 2> <OutPorts = 1>
ST_1 : Operation 34 [1/1] (0.12ns) (out node of the LUT)   --->   "%and_ln178 = and i1 %icmp_ln180, i1 %xor_ln178" [/home/fede/PhD/transformer-hls/hls/src/attention/MultiHeadAttention_tiled.cpp:178]   --->   Operation 34 'and' 'and_ln178' <Predicate = (!icmp_ln178)> <Delay = 0.12> <CoreInst = "LogicGate">   --->   Core 74 'LogicGate' <Latency = 0> <II = 1> <Delay = 0.12> <FuncUnit> <Opcode : 'and' 'or' 'xor'> <InPorts = 2> <OutPorts = 1>
ST_1 : Operation 35 [1/1] (0.57ns)   --->   "%add_ln179 = add i3 %select_ln178, i3 1" [/home/fede/PhD/transformer-hls/hls/src/attention/MultiHeadAttention_tiled.cpp:179]   --->   Operation 35 'add' 'add_ln179' <Predicate = (!icmp_ln178)> <Delay = 0.57> <CoreInst = "Adder">   --->   Core 1 'Adder' <Latency = 0> <II = 1> <Delay = 0.57> <FuncUnit> <Opcode : 'add' 'sub'> <InPorts = 2> <OutPorts = 1>
ST_1 : Operation 36 [1/1] (0.00ns)   --->   "%specloopname_ln0 = specloopname void @_ssdm_op_SpecLoopName, void @VITIS_LOOP_179_2_VITIS_LOOP_180_3_str"   --->   Operation 36 'specloopname' 'specloopname_ln0' <Predicate = (!icmp_ln178)> <Delay = 0.00>
ST_1 : Operation 37 [1/1] (0.00ns) (grouped into LUT with out node select_ln179)   --->   "%empty_91 = trunc i3 %add_ln179" [/home/fede/PhD/transformer-hls/hls/src/attention/MultiHeadAttention_tiled.cpp:179]   --->   Operation 37 'trunc' 'empty_91' <Predicate = (!icmp_ln178)> <Delay = 0.00>
ST_1 : Operation 38 [1/1] (0.27ns) (out node of the LUT)   --->   "%select_ln179 = select i1 %and_ln178, i2 %empty_91, i2 %select_ln178_1" [/home/fede/PhD/transformer-hls/hls/src/attention/MultiHeadAttention_tiled.cpp:179]   --->   Operation 38 'select' 'select_ln179' <Predicate = (!icmp_ln178)> <Delay = 0.27> <CoreInst = "Sel">   --->   Core 73 'Sel' <Latency = 0> <II = 1> <Delay = 0.27> <FuncUnit> <Opcode : 'select'> <InPorts = 3> <OutPorts = 1>
ST_1 : Operation 39 [1/1] (0.27ns)   --->   "%select_ln179_1 = select i1 %and_ln178, i3 %add_ln179, i3 %select_ln178" [/home/fede/PhD/transformer-hls/hls/src/attention/MultiHeadAttention_tiled.cpp:179]   --->   Operation 39 'select' 'select_ln179_1' <Predicate = (!icmp_ln178)> <Delay = 0.27> <CoreInst = "Sel">   --->   Core 73 'Sel' <Latency = 0> <II = 1> <Delay = 0.27> <FuncUnit> <Opcode : 'select'> <InPorts = 3> <OutPorts = 1>
ST_1 : Operation 40 [1/1] (0.00ns)   --->   "%specpipeline_ln181 = specpipeline void @_ssdm_op_SpecPipeline, i32 1, i32 0, i32 0, i32 0, void @empty_26" [/home/fede/PhD/transformer-hls/hls/src/attention/MultiHeadAttention_tiled.cpp:181]   --->   Operation 40 'specpipeline' 'specpipeline_ln181' <Predicate = (!icmp_ln178)> <Delay = 0.00>
ST_1 : Operation 41 [1/1] (0.00ns)   --->   "%specloopname_ln180 = specloopname void @_ssdm_op_SpecLoopName, void @empty_1" [/home/fede/PhD/transformer-hls/hls/src/attention/MultiHeadAttention_tiled.cpp:180]   --->   Operation 41 'specloopname' 'specloopname_ln180' <Predicate = (!icmp_ln178)> <Delay = 0.00>
ST_1 : Operation 42 [1/1] (0.34ns)   --->   "%switch_ln182 = switch i2 %select_ln179, void %V.i.i11.case.3, i2 0, void %V.i.i11.case.0, i2 1, void %V.i.i11.case.1, i2 2, void %V.i.i11.case.2" [/home/fede/PhD/transformer-hls/hls/src/attention/MultiHeadAttention_tiled.cpp:182]   --->   Operation 42 'switch' 'switch_ln182' <Predicate = (!icmp_ln178)> <Delay = 0.34>
ST_1 : Operation 43 [1/1] (0.70ns)   --->   "%add_ln180 = add i6 %i_19, i6 1" [/home/fede/PhD/transformer-hls/hls/src/attention/MultiHeadAttention_tiled.cpp:180]   --->   Operation 43 'add' 'add_ln180' <Predicate = (!icmp_ln178)> <Delay = 0.70> <CoreInst = "Adder">   --->   Core 1 'Adder' <Latency = 0> <II = 1> <Delay = 0.70> <FuncUnit> <Opcode : 'add' 'sub'> <InPorts = 2> <OutPorts = 1>
ST_1 : Operation 44 [1/1] (0.00ns) (grouped into LUT with out node i)   --->   "%or_ln180 = or i1 %and_ln178, i1 %icmp_ln179" [/home/fede/PhD/transformer-hls/hls/src/attention/MultiHeadAttention_tiled.cpp:180]   --->   Operation 44 'or' 'or_ln180' <Predicate = (!icmp_ln178)> <Delay = 0.00> <CoreInst = "LogicGate">   --->   Core 74 'LogicGate' <Latency = 0> <II = 1> <Delay = 0.12> <FuncUnit> <Opcode : 'and' 'or' 'xor'> <InPorts = 2> <OutPorts = 1>
ST_1 : Operation 45 [1/1] (0.29ns) (out node of the LUT)   --->   "%i = select i1 %or_ln180, i6 1, i6 %add_ln180" [/home/fede/PhD/transformer-hls/hls/src/attention/MultiHeadAttention_tiled.cpp:180]   --->   Operation 45 'select' 'i' <Predicate = (!icmp_ln178)> <Delay = 0.29> <CoreInst = "Sel">   --->   Core 73 'Sel' <Latency = 0> <II = 1> <Delay = 0.29> <FuncUnit> <Opcode : 'select'> <InPorts = 3> <OutPorts = 1>
ST_1 : Operation 46 [1/1] (0.71ns)   --->   "%add_ln179_1 = add i9 %indvar_flatten_load, i9 1" [/home/fede/PhD/transformer-hls/hls/src/attention/MultiHeadAttention_tiled.cpp:179]   --->   Operation 46 'add' 'add_ln179_1' <Predicate = (!icmp_ln178)> <Delay = 0.71> <CoreInst = "Adder">   --->   Core 1 'Adder' <Latency = 0> <II = 1> <Delay = 0.71> <FuncUnit> <Opcode : 'add' 'sub'> <InPorts = 2> <OutPorts = 1>
ST_1 : Operation 47 [1/1] (0.30ns)   --->   "%select_ln179_2 = select i1 %icmp_ln179, i9 1, i9 %add_ln179_1" [/home/fede/PhD/transformer-hls/hls/src/attention/MultiHeadAttention_tiled.cpp:179]   --->   Operation 47 'select' 'select_ln179_2' <Predicate = (!icmp_ln178)> <Delay = 0.30> <CoreInst = "Sel">   --->   Core 73 'Sel' <Latency = 0> <II = 1> <Delay = 0.30> <FuncUnit> <Opcode : 'select'> <InPorts = 3> <OutPorts = 1>
ST_1 : Operation 48 [1/1] (0.38ns)   --->   "%store_ln180 = store i12 %add_ln178, i12 %indvar_flatten13" [/home/fede/PhD/transformer-hls/hls/src/attention/MultiHeadAttention_tiled.cpp:180]   --->   Operation 48 'store' 'store_ln180' <Predicate = (!icmp_ln178)> <Delay = 0.38>
ST_1 : Operation 49 [1/1] (0.38ns)   --->   "%store_ln180 = store i9 %select_ln179_2, i9 %indvar_flatten" [/home/fede/PhD/transformer-hls/hls/src/attention/MultiHeadAttention_tiled.cpp:180]   --->   Operation 49 'store' 'store_ln180' <Predicate = (!icmp_ln178)> <Delay = 0.38>
ST_1 : Operation 50 [1/1] (0.38ns)   --->   "%store_ln180 = store i3 %select_ln179_1, i3 %h" [/home/fede/PhD/transformer-hls/hls/src/attention/MultiHeadAttention_tiled.cpp:180]   --->   Operation 50 'store' 'store_ln180' <Predicate = (!icmp_ln178)> <Delay = 0.38>
ST_1 : Operation 51 [1/1] (0.38ns)   --->   "%store_ln180 = store i6 %i, i6 %i_02" [/home/fede/PhD/transformer-hls/hls/src/attention/MultiHeadAttention_tiled.cpp:180]   --->   Operation 51 'store' 'store_ln180' <Predicate = (!icmp_ln178)> <Delay = 0.38>
ST_1 : Operation 63 [1/1] (0.00ns)   --->   "%ret_ln186 = ret" [/home/fede/PhD/transformer-hls/hls/src/attention/MultiHeadAttention_tiled.cpp:186]   --->   Operation 63 'ret' 'ret_ln186' <Predicate = (icmp_ln178)> <Delay = 0.00>

State 2 <SV = 1> <Delay = 3.18>
ST_2 : Operation 52 [1/1] (1.36ns)   --->   "%head_out_2_read = read i8 @_ssdm_op_Read.ap_fifo.volatile.i8P0A, i8 %head_out_2" [/home/fede/PhD/transformer-hls/hls/src/attention/MultiHeadAttention_tiled.cpp:182]   --->   Operation 52 'read' 'head_out_2_read' <Predicate = (!icmp_ln178 & select_ln179 == 2)> <Delay = 1.36> <CoreInst = "FIFO_SRL">   --->   Core 81 'FIFO_SRL' <Latency = 0> <II = 1> <Delay = 1.36> <Storage> <Opcode : 'read' 'write' 'nbread' 'nbwrite'> <Ports = 0> <Width = 8> <Depth = 2> <FIFO>
ST_2 : Operation 53 [1/1] (0.45ns)   --->   "%br_ln182 = br void %V.i.i11.exit" [/home/fede/PhD/transformer-hls/hls/src/attention/MultiHeadAttention_tiled.cpp:182]   --->   Operation 53 'br' 'br_ln182' <Predicate = (!icmp_ln178 & select_ln179 == 2)> <Delay = 0.45>
ST_2 : Operation 54 [1/1] (1.36ns)   --->   "%head_out_1_read = read i8 @_ssdm_op_Read.ap_fifo.volatile.i8P0A, i8 %head_out_1" [/home/fede/PhD/transformer-hls/hls/src/attention/MultiHeadAttention_tiled.cpp:182]   --->   Operation 54 'read' 'head_out_1_read' <Predicate = (!icmp_ln178 & select_ln179 == 1)> <Delay = 1.36> <CoreInst = "FIFO_SRL">   --->   Core 81 'FIFO_SRL' <Latency = 0> <II = 1> <Delay = 1.36> <Storage> <Opcode : 'read' 'write' 'nbread' 'nbwrite'> <Ports = 0> <Width = 8> <Depth = 2> <FIFO>
ST_2 : Operation 55 [1/1] (0.45ns)   --->   "%br_ln182 = br void %V.i.i11.exit" [/home/fede/PhD/transformer-hls/hls/src/attention/MultiHeadAttention_tiled.cpp:182]   --->   Operation 55 'br' 'br_ln182' <Predicate = (!icmp_ln178 & select_ln179 == 1)> <Delay = 0.45>
ST_2 : Operation 56 [1/1] (1.36ns)   --->   "%head_out_0_read = read i8 @_ssdm_op_Read.ap_fifo.volatile.i8P0A, i8 %head_out_0" [/home/fede/PhD/transformer-hls/hls/src/attention/MultiHeadAttention_tiled.cpp:182]   --->   Operation 56 'read' 'head_out_0_read' <Predicate = (!icmp_ln178 & select_ln179 == 0)> <Delay = 1.36> <CoreInst = "FIFO_SRL">   --->   Core 81 'FIFO_SRL' <Latency = 0> <II = 1> <Delay = 1.36> <Storage> <Opcode : 'read' 'write' 'nbread' 'nbwrite'> <Ports = 0> <Width = 8> <Depth = 2> <FIFO>
ST_2 : Operation 57 [1/1] (0.45ns)   --->   "%br_ln182 = br void %V.i.i11.exit" [/home/fede/PhD/transformer-hls/hls/src/attention/MultiHeadAttention_tiled.cpp:182]   --->   Operation 57 'br' 'br_ln182' <Predicate = (!icmp_ln178 & select_ln179 == 0)> <Delay = 0.45>
ST_2 : Operation 58 [1/1] (1.36ns)   --->   "%head_out_3_read = read i8 @_ssdm_op_Read.ap_fifo.volatile.i8P0A, i8 %head_out_3" [/home/fede/PhD/transformer-hls/hls/src/attention/MultiHeadAttention_tiled.cpp:182]   --->   Operation 58 'read' 'head_out_3_read' <Predicate = (!icmp_ln178 & select_ln179 == 3)> <Delay = 1.36> <CoreInst = "FIFO_SRL">   --->   Core 81 'FIFO_SRL' <Latency = 0> <II = 1> <Delay = 1.36> <Storage> <Opcode : 'read' 'write' 'nbread' 'nbwrite'> <Ports = 0> <Width = 8> <Depth = 2> <FIFO>
ST_2 : Operation 59 [1/1] (0.45ns)   --->   "%br_ln182 = br void %V.i.i11.exit" [/home/fede/PhD/transformer-hls/hls/src/attention/MultiHeadAttention_tiled.cpp:182]   --->   Operation 59 'br' 'br_ln182' <Predicate = (!icmp_ln178 & select_ln179 == 3)> <Delay = 0.45>
ST_2 : Operation 60 [1/1] (0.00ns)   --->   "%empty = phi i8 %head_out_0_read, void %V.i.i11.case.0, i8 %head_out_1_read, void %V.i.i11.case.1, i8 %head_out_2_read, void %V.i.i11.case.2, i8 %head_out_3_read, void %V.i.i11.case.3" [/home/fede/PhD/transformer-hls/hls/src/attention/MultiHeadAttention_tiled.cpp:182]   --->   Operation 60 'phi' 'empty' <Predicate = true> <Delay = 0.00>
ST_2 : Operation 61 [1/1] (1.36ns)   --->   "%write_ln182 = write void @_ssdm_op_Write.ap_fifo.volatile.i8P0A, i8 %out_linear4, i8 %empty" [/home/fede/PhD/transformer-hls/hls/src/attention/MultiHeadAttention_tiled.cpp:182]   --->   Operation 61 'write' 'write_ln182' <Predicate = true> <Delay = 1.36> <CoreInst = "FIFO_SRL">   --->   Core 81 'FIFO_SRL' <Latency = 0> <II = 1> <Delay = 1.36> <Storage> <Opcode : 'read' 'write' 'nbread' 'nbwrite'> <Ports = 0> <Width = 8> <Depth = 2> <FIFO>
ST_2 : Operation 62 [1/1] (0.00ns)   --->   "%br_ln180 = br void %for.inc" [/home/fede/PhD/transformer-hls/hls/src/attention/MultiHeadAttention_tiled.cpp:180]   --->   Operation 62 'br' 'br_ln180' <Predicate = true> <Delay = 0.00>


============================================================
+ Verbose Summary: Timing violations
============================================================
Target clock period: 10ns, clock uncertainty: 2.7ns.

 <State 1>: 2.11ns
The critical path consists of the following:
	'alloca' operation ('indvar_flatten') [8]  (0 ns)
	'load' operation ('indvar_flatten_load', /home/fede/PhD/transformer-hls/hls/src/attention/MultiHeadAttention_tiled.cpp:179) on local variable 'indvar_flatten' [22]  (0 ns)
	'icmp' operation ('icmp_ln179', /home/fede/PhD/transformer-hls/hls/src/attention/MultiHeadAttention_tiled.cpp:179) [31]  (0.593 ns)
	'select' operation ('select_ln178', /home/fede/PhD/transformer-hls/hls/src/attention/MultiHeadAttention_tiled.cpp:178) [32]  (0.278 ns)
	'add' operation ('add_ln179', /home/fede/PhD/transformer-hls/hls/src/attention/MultiHeadAttention_tiled.cpp:179) [38]  (0.572 ns)
	'select' operation ('select_ln179_1', /home/fede/PhD/transformer-hls/hls/src/attention/MultiHeadAttention_tiled.cpp:179) [42]  (0.278 ns)
	'store' operation ('store_ln180', /home/fede/PhD/transformer-hls/hls/src/attention/MultiHeadAttention_tiled.cpp:180) of variable 'select_ln179_1', /home/fede/PhD/transformer-hls/hls/src/attention/MultiHeadAttention_tiled.cpp:179 on local variable 'h' [68]  (0.387 ns)

 <State 2>: 3.18ns
The critical path consists of the following:
	fifo read operation ('head_out_2_read', /home/fede/PhD/transformer-hls/hls/src/attention/MultiHeadAttention_tiled.cpp:182) on port 'head_out_2' (/home/fede/PhD/transformer-hls/hls/src/attention/MultiHeadAttention_tiled.cpp:182) [47]  (1.36 ns)
	multiplexor before 'phi' operation ('empty', /home/fede/PhD/transformer-hls/hls/src/attention/MultiHeadAttention_tiled.cpp:182) with incoming values : ('head_out_2_read', /home/fede/PhD/transformer-hls/hls/src/attention/MultiHeadAttention_tiled.cpp:182) ('head_out_1_read', /home/fede/PhD/transformer-hls/hls/src/attention/MultiHeadAttention_tiled.cpp:182) ('head_out_0_read', /home/fede/PhD/transformer-hls/hls/src/attention/MultiHeadAttention_tiled.cpp:182) ('head_out_3_read', /home/fede/PhD/transformer-hls/hls/src/attention/MultiHeadAttention_tiled.cpp:182) [59]  (0.453 ns)
	'phi' operation ('empty', /home/fede/PhD/transformer-hls/hls/src/attention/MultiHeadAttention_tiled.cpp:182) with incoming values : ('head_out_2_read', /home/fede/PhD/transformer-hls/hls/src/attention/MultiHeadAttention_tiled.cpp:182) ('head_out_1_read', /home/fede/PhD/transformer-hls/hls/src/attention/MultiHeadAttention_tiled.cpp:182) ('head_out_0_read', /home/fede/PhD/transformer-hls/hls/src/attention/MultiHeadAttention_tiled.cpp:182) ('head_out_3_read', /home/fede/PhD/transformer-hls/hls/src/attention/MultiHeadAttention_tiled.cpp:182) [59]  (0 ns)
	fifo write operation ('write_ln182', /home/fede/PhD/transformer-hls/hls/src/attention/MultiHeadAttention_tiled.cpp:182) on port 'out_linear4' (/home/fede/PhD/transformer-hls/hls/src/attention/MultiHeadAttention_tiled.cpp:182) [60]  (1.36 ns)


============================================================
+ Verbose Summary: Binding
============================================================
N/A
* FSMD analyzer results:
  - Output states:
 - Input state : 
  - Chain level:
	State 1
	State 2


============================================================
+ Verbose Summary: Datapath Resource usage 
============================================================
N/A
