

================================================================
== Vitis HLS Report for 'merge_heads'
================================================================
* Date:           Thu Jun 18 11:12:05 2026

* Version:        2022.2 (Build 3670227 on Oct 13 2022)
* Project:        ViT_Block
* Solution:       ViT_Block (Vivado IP Flow Target)
* Product family: virtexuplus
* Target device:  xcu250-figd2104-2L-e


================================================================
== Performance Estimates
================================================================
+ Timing: 
    * Summary: 
    +--------+----------+----------+------------+
    |  Clock |  Target  | Estimated| Uncertainty|
    +--------+----------+----------+------------+
    |ap_clk  |  10.00 ns|  3.183 ns|     2.70 ns|
    +--------+----------+----------+------------+

+ Latency: 
    * Summary: 
    +---------+---------+-----------+-----------+------+------+---------+
    |  Latency (cycles) |   Latency (absolute)  |   Interval  | Pipeline|
    |   min   |   max   |    min    |    max    |  min |  max |   Type  |
    +---------+---------+-----------+-----------+------+------+---------+
    |     3266|     3266|  32.660 us|  32.660 us|  3266|  3266|       no|
    +---------+---------+-----------+-----------+------+------+---------+

    + Detail: 
        * Instance: 
        N/A

        * Loop: 
        +------------------------------------------------------+---------+---------+----------+-----------+-----------+------+----------+
        |                                                      |  Latency (cycles) | Iteration|  Initiation Interval  | Trip |          |
        |                       Loop Name                      |   min   |   max   |  Latency |  achieved |   target  | Count| Pipelined|
        +------------------------------------------------------+---------+---------+----------+-----------+-----------+------+----------+
        |- VITIS_LOOP_178_1_VITIS_LOOP_179_2_VITIS_LOOP_180_3  |     3264|     3264|         2|          1|          1|  3264|       yes|
        +------------------------------------------------------+---------+---------+----------+-----------+-----------+------+----------+



================================================================
== Utilization Estimates
================================================================
* Summary: 
+---------------------+---------+-------+---------+---------+------+
|         Name        | BRAM_18K|  DSP  |    FF   |   LUT   | URAM |
+---------------------+---------+-------+---------+---------+------+
|DSP                  |        -|      -|        -|        -|     -|
|Expression           |        -|      -|        0|      138|     -|
|FIFO                 |        -|      -|        -|        -|     -|
|Instance             |        -|      -|        -|        -|     -|
|Memory               |        -|      -|        -|        -|     -|
|Multiplexer          |        -|      -|        -|      161|     -|
|Register             |        -|      -|       36|        -|     -|
+---------------------+---------+-------+---------+---------+------+
|Total                |        0|      0|       36|      299|     0|
+---------------------+---------+-------+---------+---------+------+
|Available SLR        |     1344|   3072|   864000|   432000|   320|
+---------------------+---------+-------+---------+---------+------+
|Utilization SLR (%)  |        0|      0|       ~0|       ~0|     0|
+---------------------+---------+-------+---------+---------+------+
|Available            |     5376|  12288|  3456000|  1728000|  1280|
+---------------------+---------+-------+---------+---------+------+
|Utilization (%)      |        0|      0|       ~0|       ~0|     0|
+---------------------+---------+-------+---------+---------+------+

+ Detail: 
    * Instance: 
    N/A

    * DSP: 
    N/A

    * Memory: 
    N/A

    * FIFO: 
    N/A

    * Expression: 
    +----------------------------------+----------+----+---+----+------------+------------+
    |           Variable Name          | Operation| DSP| FF| LUT| Bitwidth P0| Bitwidth P1|
    +----------------------------------+----------+----+---+----+------------+------------+
    |add_ln178_fu_170_p2               |         +|   0|  0|  19|          12|           1|
    |add_ln179_1_fu_269_p2             |         +|   0|  0|  16|           9|           1|
    |add_ln179_fu_223_p2               |         +|   0|  0|  10|           3|           1|
    |add_ln180_fu_249_p2               |         +|   0|  0|  13|           6|           1|
    |and_ln178_fu_217_p2               |       and|   0|  0|   2|           1|           1|
    |ap_condition_166                  |       and|   0|  0|   2|           1|           1|
    |ap_predicate_op52_read_state2     |       and|   0|  0|   2|           1|           1|
    |ap_predicate_op54_read_state2     |       and|   0|  0|   2|           1|           1|
    |ap_predicate_op56_read_state2     |       and|   0|  0|   2|           1|           1|
    |ap_predicate_op58_read_state2     |       and|   0|  0|   2|           1|           1|
    |icmp_ln178_fu_164_p2              |      icmp|   0|  0|  12|          12|          11|
    |icmp_ln179_fu_179_p2              |      icmp|   0|  0|  11|           9|           8|
    |icmp_ln180_fu_211_p2              |      icmp|   0|  0|  10|           6|           6|
    |ap_block_pp0_stage0_01001         |        or|   0|  0|   2|           1|           1|
    |ap_block_state2_pp0_stage0_iter1  |        or|   0|  0|   2|           1|           1|
    |or_ln180_fu_255_p2                |        or|   0|  0|   2|           1|           1|
    |i_fu_261_p3                       |    select|   0|  0|   6|           1|           1|
    |select_ln178_1_fu_197_p3          |    select|   0|  0|   2|           1|           1|
    |select_ln178_fu_185_p3            |    select|   0|  0|   3|           1|           1|
    |select_ln179_1_fu_241_p3          |    select|   0|  0|   3|           1|           3|
    |select_ln179_2_fu_275_p3          |    select|   0|  0|   9|           1|           1|
    |select_ln179_fu_233_p3            |    select|   0|  0|   2|           1|           2|
    |ap_enable_pp0                     |       xor|   0|  0|   2|           1|           2|
    |xor_ln178_fu_205_p2               |       xor|   0|  0|   2|           1|           2|
    +----------------------------------+----------+----+---+----+------------+------------+
    |Total                             |          |   0|  0| 138|          74|          51|
    +----------------------------------+----------+----+---+----+------------+------------+

    * Multiplexer: 
    +----------------------------------------+----+-----------+-----+-----------+
    |                  Name                  | LUT| Input Size| Bits| Total Bits|
    +----------------------------------------+----+-----------+-----+-----------+
    |ap_done_int                             |   9|          2|    1|          2|
    |ap_enable_reg_pp0_iter1                 |   9|          2|    1|          2|
    |ap_phi_mux_empty_phi_fu_120_p8          |  26|          5|    8|         40|
    |ap_sig_allocacmp_h_load                 |   9|          2|    3|          6|
    |ap_sig_allocacmp_i_19                   |   9|          2|    6|         12|
    |ap_sig_allocacmp_indvar_flatten13_load  |   9|          2|   12|         24|
    |ap_sig_allocacmp_indvar_flatten_load    |   9|          2|    9|         18|
    |h_fu_74                                 |   9|          2|    3|          6|
    |head_out_0_blk_n                        |   9|          2|    1|          2|
    |head_out_1_blk_n                        |   9|          2|    1|          2|
    |head_out_2_blk_n                        |   9|          2|    1|          2|
    |head_out_3_blk_n                        |   9|          2|    1|          2|
    |i_02_fu_70                              |   9|          2|    6|         12|
    |indvar_flatten13_fu_82                  |   9|          2|   12|         24|
    |indvar_flatten_fu_78                    |   9|          2|    9|         18|
    |out_linear4_blk_n                       |   9|          2|    1|          2|
    +----------------------------------------+----+-----------+-----+-----------+
    |Total                                   | 161|         35|   75|        174|
    +----------------------------------------+----+-----------+-----+-----------+

    * Register: 
    +-------------------------+----+----+-----+-----------+
    |           Name          | FF | LUT| Bits| Const Bits|
    +-------------------------+----+----+-----+-----------+
    |ap_CS_fsm                |   1|   0|    1|          0|
    |ap_done_reg              |   1|   0|    1|          0|
    |ap_enable_reg_pp0_iter1  |   1|   0|    1|          0|
    |h_fu_74                  |   3|   0|    3|          0|
    |i_02_fu_70               |   6|   0|    6|          0|
    |icmp_ln178_reg_331       |   1|   0|    1|          0|
    |indvar_flatten13_fu_82   |  12|   0|   12|          0|
    |indvar_flatten_fu_78     |   9|   0|    9|          0|
    |select_ln179_reg_335     |   2|   0|    2|          0|
    +-------------------------+----+----+-----+-----------+
    |Total                    |  36|   0|   36|          0|
    +-------------------------+----+----+-----+-----------+



================================================================
== Interface
================================================================
* Summary: 
+----------------------------+-----+-----+------------+--------------+--------------+
|          RTL Ports         | Dir | Bits|  Protocol  | Source Object|    C Type    |
+----------------------------+-----+-----+------------+--------------+--------------+
|ap_clk                      |   in|    1|  ap_ctrl_hs|   merge_heads|  return value|
|ap_rst                      |   in|    1|  ap_ctrl_hs|   merge_heads|  return value|
|ap_start                    |   in|    1|  ap_ctrl_hs|   merge_heads|  return value|
|ap_done                     |  out|    1|  ap_ctrl_hs|   merge_heads|  return value|
|ap_continue                 |   in|    1|  ap_ctrl_hs|   merge_heads|  return value|
|ap_idle                     |  out|    1|  ap_ctrl_hs|   merge_heads|  return value|
|ap_ready                    |  out|    1|  ap_ctrl_hs|   merge_heads|  return value|
|head_out_2_dout             |   in|    8|     ap_fifo|    head_out_2|       pointer|
|head_out_2_num_data_valid   |   in|    2|     ap_fifo|    head_out_2|       pointer|
|head_out_2_fifo_cap         |   in|    2|     ap_fifo|    head_out_2|       pointer|
|head_out_2_empty_n          |   in|    1|     ap_fifo|    head_out_2|       pointer|
|head_out_2_read             |  out|    1|     ap_fifo|    head_out_2|       pointer|
|head_out_1_dout             |   in|    8|     ap_fifo|    head_out_1|       pointer|
|head_out_1_num_data_valid   |   in|    2|     ap_fifo|    head_out_1|       pointer|
|head_out_1_fifo_cap         |   in|    2|     ap_fifo|    head_out_1|       pointer|
|head_out_1_empty_n          |   in|    1|     ap_fifo|    head_out_1|       pointer|
|head_out_1_read             |  out|    1|     ap_fifo|    head_out_1|       pointer|
|head_out_0_dout             |   in|    8|     ap_fifo|    head_out_0|       pointer|
|head_out_0_num_data_valid   |   in|    2|     ap_fifo|    head_out_0|       pointer|
|head_out_0_fifo_cap         |   in|    2|     ap_fifo|    head_out_0|       pointer|
|head_out_0_empty_n          |   in|    1|     ap_fifo|    head_out_0|       pointer|
|head_out_0_read             |  out|    1|     ap_fifo|    head_out_0|       pointer|
|head_out_3_dout             |   in|    8|     ap_fifo|    head_out_3|       pointer|
|head_out_3_num_data_valid   |   in|    2|     ap_fifo|    head_out_3|       pointer|
|head_out_3_fifo_cap         |   in|    2|     ap_fifo|    head_out_3|       pointer|
|head_out_3_empty_n          |   in|    1|     ap_fifo|    head_out_3|       pointer|
|head_out_3_read             |  out|    1|     ap_fifo|    head_out_3|       pointer|
|out_linear4_din             |  out|    8|     ap_fifo|   out_linear4|       pointer|
|out_linear4_num_data_valid  |   in|    2|     ap_fifo|   out_linear4|       pointer|
|out_linear4_fifo_cap        |   in|    2|     ap_fifo|   out_linear4|       pointer|
|out_linear4_full_n          |   in|    1|     ap_fifo|   out_linear4|       pointer|
|out_linear4_write           |  out|    1|     ap_fifo|   out_linear4|       pointer|
+----------------------------+-----+-----+------------+--------------+--------------+

============================================================
+ Verbose Summary: Synthesis Manager
============================================================
InlineROM: 1
ExposeGlobal: 0
============================================================
+ Verbose Summary: CDFG Model
============================================================
IsTopModel: 0
ResetActiveHigh: 1
IsCombinational: 2
IsDatapathOnly: 0
HasWiredReturn: 1
HasMFsm: 2
HasVarLatency: 1
IsPipeline: 0
IsRtlPipelined: 0
IsInstanceOverlapped: 0
IsDontTouch: 0
HasImplIP: 0
IsGatedGlobalClock: 0

+ Individual pipeline summary: 
  * Pipeline-0: initiation interval (II) = 1, depth = 2


============================================================
+ Verbose Summary: Schedule
============================================================
* Number of FSM states : 2
* Pipeline : 1
  Pipeline-0 : II = 1, D = 2, States = { 1 2 }
* Dataflow Pipeline: 0

* FSM state transitions: 
1 --> 2 
2 --> 

* FSM state operations: 

State 1 <SV = 0> <Delay = 2.10>
ST_1 : Operation 5 [1/1] (0.00ns)   --->   "%i_02 = alloca i32 1"   --->   Operation 5 'alloca' 'i_02' <Predicate = true> <Delay = 0.00>
ST_1 : Operation 6 [1/1] (0.00ns)   --->   "%h = alloca i32 1"   --->   Operation 6 'alloca' 'h' <Predicate = true> <Delay = 0.00>
ST_1 : Operation 7 [1/1] (0.00ns)   --->   "%indvar_flatten = alloca i32 1"   --->   Operation 7 'alloca' 'indvar_flatten' <Predicate = true> <Delay = 0.00>
ST_1 : Operation 8 [1/1] (0.00ns)   --->   "%indvar_flatten13 = alloca i32 1"   --->   Operation 8 'alloca' 'indvar_flatten13' <Predicate = true> <Delay = 0.00>
ST_1 : Operation 9 [1/1] (0.00ns)   --->   "%specinterface_ln0 = specinterface void @_ssdm_op_SpecInterface, i8 %head_out_3, void @empty_0, i32 0, i32 0, void @empty_26, i32 0, i32 0, void @empty_26, void @empty_26, void @empty_26, i32 0, i32 0, i32 0, i32 0, void @empty_26, void @empty_26, i32 4294967295, i32 0"   --->   Operation 9 'specinterface' 'specinterface_ln0' <Predicate = true> <Delay = 0.00>
ST_1 : Operation 10 [1/1] (0.00ns)   --->   "%specinterface_ln0 = specinterface void @_ssdm_op_SpecInterface, i8 %head_out_2, void @empty_0, i32 0, i32 0, void @empty_26, i32 0, i32 0, void @empty_26, void @empty_26, void @empty_26, i32 0, i32 0, i32 0, i32 0, void @empty_26, void @empty_26, i32 4294967295, i32 0"   --->   Operation 10 'specinterface' 'specinterface_ln0' <Predicate = true> <Delay = 0.00>
ST_1 : Operation 11 [1/1] (0.00ns)   --->   "%specinterface_ln0 = specinterface void @_ssdm_op_SpecInterface, i8 %head_out_1, void @empty_0, i32 0, i32 0, void @empty_26, i32 0, i32 0, void @empty_26, void @empty_26, void @empty_26, i32 0, i32 0, i32 0, i32 0, void @empty_26, void @empty_26, i32 4294967295, i32 0"   --->   Operation 11 'specinterface' 'specinterface_ln0' <Predicate = true> <Delay = 0.00>
ST_1 : Operation 12 [1/1] (0.00ns)   --->   "%specinterface_ln0 = specinterface void @_ssdm_op_SpecInterface, i8 %head_out_0, void @empty_0, i32 0, i32 0, void @empty_26, i32 0, i32 0, void @empty_26, void @empty_26, void @empty_26, i32 0, i32 0, i32 0, i32 0, void @empty_26, void @empty_26, i32 4294967295, i32 0"   --->   Operation 12 'specinterface' 'specinterface_ln0' <Predicate = true> <Delay = 0.00>
ST_1 : Operation 13 [1/1] (0.00ns)   --->   "%specinterface_ln0 = specinterface void @_ssdm_op_SpecInterface, i8 %out_linear4, void @empty_0, i32 0, i32 0, void @empty_26, i32 0, i32 0, void @empty_26, void @empty_26, void @empty_26, i32 0, i32 0, i32 0, i32 0, void @empty_26, void @empty_26, i32 4294967295, i32 0"   --->   Operation 13 'specinterface' 'specinterface_ln0' <Predicate = true> <Delay = 0.00>
ST_1 : Operation 14 [1/1] (0.38ns)   --->   "%store_ln178 = store i12 0, i12 %indvar_flatten13" [/home/fede/PhD/transformer-hls/hls/src/attention/MultiHeadAttention_tiled.cpp:178]   --->   Operation 14 'store' 'store_ln178' <Predicate = true> <Delay = 0.38>
ST_1 : Operation 15 [1/1] (0.38ns)   --->   "%store_ln178 = store i9 0, i9 %indvar_flatten" [/home/fede/PhD/transformer-hls/hls/src/attention/MultiHeadAttention_tiled.cpp:178]   --->   Operation 15 'store' 'store_ln178' <Predicate = true> <Delay = 0.38>
ST_1 : Operation 16 [1/1] (0.38ns)   --->   "%store_ln178 = store i3 0, i3 %h" [/home/fede/PhD/transformer-hls/hls/src/attention/MultiHeadAttention_tiled.cpp:178]   --->   Operation 16 'store' 'store_ln178' <Predicate = true> <Delay = 0.38>
ST_1 : Operation 17 [1/1] (0.38ns)   --->   "%store_ln178 = store i6 0, i6 %i_02" [/home/fede/PhD/transformer-hls/hls/src/attention/MultiHeadAttention_tiled.cpp:178]   --->   Operation 17 'store' 'store_ln178' <Predicate = true> <Delay = 0.38>
ST_1 : Operation 18 [1/1] (0.00ns)   --->   "%br_ln178 = br void %for.inc" [/home/fede/PhD/transformer-hls/hls/src/attention/MultiHeadAttention_tiled.cpp:178]   --->   Operation 18 'br' 'br_ln178' <Predicate = true> <Delay = 0.00>
ST_1 : Operation 19 [1/1] (0.00ns)   --->   "%i_19 = load i6 %i_02" [/home/fede/PhD/transformer-hls/hls/src/attention/MultiHeadAttention_tiled.cpp:180]   --->   Operation 19 'load' 'i_19' <Predicate = true> <Delay = 0.00>
ST_1 : Operation 20 [1/1] (0.00ns)   --->   "%indvar_flatten_load = load i9 %indvar_flatten" [/home/fede/PhD/transformer-hls/hls/src/attention/MultiHeadAttention_tiled.cpp:179]   --->   Operation 20 'load' 'indvar_flatten_load' <Predicate = true> <Delay = 0.00>
ST_1 : Operation 21 [1/1] (0.00ns)   --->   "%indvar_flatten13_load = load i12 %indvar_flatten13" [/home/fede/PhD/transformer-hls/hls/src/attention/MultiHeadAttention_tiled.cpp:178]   --->   Operation 21 'load' 'indvar_flatten13_load' <Predicate = true> <Delay = 0.00>
ST_1 : Operation 22 [1/1] (0.62ns)   --->   "%icmp_ln178 = icmp_eq  i12 %indvar_flatten13_load, i12 3264" [/home/fede/PhD/transformer-hls/hls/src/attention/MultiHeadAttention_tiled.cpp:178]   --->   Operation 22 'icmp' 'icmp_ln178' <Predicate = true> <Delay = 0.62> <CoreInst = "Cmp">   --->   Core 9 'Cmp' <Latency = 0> <II = 1> <Delay = 0.62> <FuncUnit> <Opcode : 'icmp'> <InPorts = 2> <OutPorts = 1>
ST_1 : Operation 23 [1/1] (0.74ns)   --->   "%add_ln178 = add i12 %indvar_flatten13_load, i12 1" [/home/fede/PhD/transformer-hls/hls/src/attention/MultiHeadAttention_tiled.cpp:178]   --->   Operation 23 'add' 'add_ln178' <Predicate = true> <Delay = 0.74> <CoreInst = "Adder">   --->   Core 1 'Adder' <Latency = 0> <II = 1> <Delay = 0.74> <FuncUnit> <Opcode : 'add' 'sub'> <InPorts = 2> <OutPorts = 1>
ST_1 : Operation 24 [1/1] (0.00ns)   --->   "%br_ln178 = br i1 %icmp_ln178, void %for.inc12, void %for.end14" [/home/fede/PhD/transformer-hls/hls/src/attention/MultiHeadAttention_tiled.cpp:178]   --->   Operation 24 'br' 'br_ln178' <Predicate = true> <Delay = 0.00>
ST_1 : Operation 25 [1/1] (0.00ns)   --->   "%h_load = load i3 %h"   --->   Operation 25 'load' 'h_load' <Predicate = (!icmp_ln178)> <Delay = 0.00>
ST_1 : Operation 26 [1/1] (0.00ns)   --->   "%specloopname_ln0 = specloopname void @_ssdm_op_SpecLoopName, void @VITIS_LOOP_178_1_VITIS_LOOP_179_2_VITIS_LOOP_180_3_str"   --->   Operation 26 'specloopname' 'specloopname_ln0' <Predicate = (!icmp_ln178)> <Delay = 0.00>
ST_1 : Operation 27 [1/1] (0.00ns)   --->   "%empty_89 = speclooptripcount i32 @_ssdm_op_SpecLoopTripCount, i64 3264, i64 3264, i64 3264"   --->   Operation 27 'speclooptripcount' 'empty_89' <Predicate = (!icmp_ln178)> <Delay = 0.00>
ST_1 : Operation 28 [1/1] (0.59ns)   --->   "%icmp_ln179 = icmp_eq  i9 %indvar_flatten_load, i9 192" [/home/fede/PhD/transformer-hls/hls/src/attention/MultiHeadAttention_tiled.cpp:179]   --->   Operation 28 'icmp' 'icmp_ln179' <Predicate = (!icmp_ln178)> <Delay = 0.59> <CoreInst = "Cmp">   --->   Core 9 'Cmp' <Latency = 0> <II = 1> <Delay = 0.59> <FuncUnit> <Opcode : 'icmp'> <InPorts = 2> <OutPorts = 1>
ST_1 : Operation 29 [1/1] (0.27ns)   --->   "%select_ln178 = select i1 %icmp_ln179, i3 0, i3 %h_load" [/home/fede/PhD/transformer-hls/hls/src/attention/MultiHeadAttention_tiled.cpp:178]   --->   Operation 29 'select' 'select_ln178' <Predicate = (!icmp_ln178)> <Delay = 0.27> <CoreInst = "Sel">   --->   Core 73 'Sel' <Latency = 0> <II = 1> <Delay = 0.27> <FuncUnit> <Opcode : 'select'> <InPorts = 3> <OutPorts = 1>
ST_1 : Operation 30 [1/1] (0.00ns) (grouped into LUT with out node select_ln179)   --->   "%empty_90 = trunc i3 %h_load"   --->   Operation 30 'trunc' 'empty_90' <Predicate = (!icmp_ln178)> <Delay = 0.00>
ST_1 : Operation 31 [1/1] (0.00ns) (grouped into LUT with out node select_ln179)   --->   "%select_ln178_1 = select i1 %icmp_ln179, i2 0, i2 %empty_90" [/home/fede/PhD/transformer-hls/hls/src/attention/MultiHeadAttention_tiled.cpp:178]   --->   Operation 31 'select' 'select_ln178_1' <Predicate = (!icmp_ln178)> <Delay = 0.00> <CoreInst = "Sel">   --->   Core 73 'Sel' <Latency = 0> <II = 1> <Delay = 0.27> <FuncUnit> <Opcode : 'select'> <InPorts = 3> <OutPorts = 1>
ST_1 : Operation 32 [1/1] (0.00ns) (grouped into LUT with out node and_ln178)   --->   "%xor_ln178 = xor i1 %icmp_ln179, i1 1" [/home/fede/PhD/transformer-hls/hls/src/attention/MultiHeadAttention_tiled.cpp:178]   --->   Operation 32 'xor' 'xor_ln178' <Predicate = (!icmp_ln178)> <Delay = 0.00> <CoreInst = "LogicGate">   --->   Core 74 'LogicGate' <Latency = 0> <II = 1> <Delay = 0.12> <FuncUnit> <Opcode : 'and' 'or' 'xor'> <InPorts = 2> <OutPorts = 1>
ST_1 : Operation 33 [1/1] (0.61ns)   --->   "%icmp_ln180 = icmp_eq  i6 %i_19, i6 48" [/home/fede/PhD/transformer-hls/hls/src/attention/MultiHeadAttention_tiled.cpp:180]   --->   Operation 33 'icmp' 'icmp_ln180' <Predicate = (!icmp_ln178)> <Delay = 0.61> <CoreInst = "Cmp">   --->   Core 9 'Cmp' <Latency = 0> <II = 1> <Delay = 0.61> <FuncUnit> <Opcode : 'icmp'> <InPorts = 2> <OutPorts = 1>
ST_1 : Operation 34 [1/1] (0.12ns) (out node of the LUT)   --->   "%and_ln178 = and i1 %icmp_ln180, i1 %xor_ln178" [/home/fede/PhD/transformer-hls/hls/src/attention/MultiHeadAttention_tiled.cpp:178]   --->   Operation 34 'and' 'and_ln178' <Predicate = (!icmp_ln178)> <Delay = 0.12> <CoreInst = "LogicGate">   --->   Core 74 'LogicGate' <Latency = 0> <II = 1> <Delay = 0.12> <FuncUnit> <Opcode : 'and' 'or' 'xor'> <InPorts = 2> <OutPorts = 1>
ST_1 : Operation 35 [1/1] (0.57ns)   --->   "%add_ln179 = add i3 %select_ln178, i3 1" [/home/fede/PhD/transformer-hls/hls/src/attention/MultiHeadAttention_tiled.cpp:179]   --->   Operation 35 'add' 'add_ln179' <Predicate = (!icmp_ln178)> <Delay = 0.57> <CoreInst = "Adder">   --->   Core 1 'Adder' <Latency = 0> <II = 1> <Delay = 0.57> <FuncUnit> <Opcode : 'add' 'sub'> <InPorts = 2> <OutPorts = 1>
ST_1 : Operation 36 [1/1] (0.00ns)   --->   "%specloopname_ln0 = specloopname void @_ssdm_op_SpecLoopName, void @VITIS_LOOP_179_2_VITIS_LOOP_180_3_str"   --->   Operation 36 'specloopname' 'specloopname_ln0' <Predicate = (!icmp_ln178)> <Delay = 0.00>
ST_1 : Operation 37 [1/1] (0.00ns) (grouped into LUT with out node select_ln179)   --->   "%empty_91 = trunc i3 %add_ln179" [/home/fede/PhD/transformer-hls/hls/src/attention/MultiHeadAttention_tiled.cpp:179]   --->   Operation 37 'trunc' 'empty_91' <Predicate = (!icmp_ln178)> <Delay = 0.00>
ST_1 : Operation 38 [1/1] (0.27ns) (out node of the LUT)   --->   "%select_ln179 = select i1 %and_ln178, i2 %empty_91, i2 %select_ln178_1" [/home/fede/PhD/transformer-hls/hls/src/attention/MultiHeadAttention_tiled.cpp:179]   --->   Operation 38 'select' 'select_ln179' <Predicate = (!icmp_ln178)> <Delay = 0.27> <CoreInst = "Sel">   --->   Core 73 'Sel' <Latency = 0> <II = 1> <Delay = 0.27> <FuncUnit> <Opcode : 'select'> <InPorts = 3> <OutPorts = 1>
ST_1 : Operation 39 [1/1] (0.27ns)   --->   "%select_ln179_1 = select i1 %and_ln178, i3 %add_ln179, i3 %select_ln178" [/home/fede/PhD/transformer-hls/hls/src/attention/MultiHeadAttention_tiled.cpp:179]   --->   Operation 39 'select' 'select_ln179_1' <Predicate = (!icmp_ln178)> <Delay = 0.27> <CoreInst = "Sel">   --->   Core 73 'Sel' <Latency = 0> <II = 1> <Delay = 0.27> <FuncUnit> <Opcode : 'select'> <InPorts = 3> <OutPorts = 1>
ST_1 : Operation 40 [1/1] (0.00ns)   --->   "%specpipeline_ln181 = specpipeline void @_ssdm_op_SpecPipeline, i32 1, i32 0, i32 0, i32 0, void @empty_26" [/home/fede/PhD/transformer-hls/hls/src/attention/MultiHeadAttention_tiled.cpp:181]   --->   Operation 40 'specpipeline' 'specpipeline_ln181' <Predicate = (!icmp_ln178)> <Delay = 0.00>
ST_1 : Operation 41 [1/1] (0.00ns)   --->   "%specloopname_ln180 = specloopname void @_ssdm_op_SpecLoopName, void @empty_1" [/home/fede/PhD/transformer-hls/hls/src/attention/MultiHeadAttention_tiled.cpp:180]   --->   Operation 41 'specloopname' 'specloopname_ln180' <Predicate = (!icmp_ln178)> <Delay = 0.00>
ST_1 : Operation 42 [1/1] (0.34ns)   --->   "%switch_ln182 = switch i2 %select_ln179, void %V.i.i11.case.3, i2 0, void %V.i.i11.case.0, i2 1, void %V.i.i11.case.1, i2 2, void %V.i.i11.case.2" [/home/fede/PhD/transformer-hls/hls/src/attention/MultiHeadAttention_tiled.cpp:182]   --->   Operation 42 'switch' 'switch_ln182' <Predicate = (!icmp_ln178)> <Delay = 0.34>
ST_1 : Operation 43 [1/1] (0.70ns)   --->   "%add_ln180 = add i6 %i_19, i6 1" [/home/fede/PhD/transformer-hls/hls/src/attention/MultiHeadAttention_tiled.cpp:180]   --->   Operation 43 'add' 'add_ln180' <Predicate = (!icmp_ln178)> <Delay = 0.70> <CoreInst = "Adder">   --->   Core 1 'Adder' <Latency = 0> <II = 1> <Delay = 0.70> <FuncUnit> <Opcode : 'add' 'sub'> <InPorts = 2> <OutPorts = 1>
ST_1 : Operation 44 [1/1] (0.00ns) (grouped into LUT with out node i)   --->   "%or_ln180 = or i1 %and_ln178, i1 %icmp_ln179" [/home/fede/PhD/transformer-hls/hls/src/attention/MultiHeadAttention_tiled.cpp:180]   --->   Operation 44 'or' 'or_ln180' <Predicate = (!icmp_ln178)> <Delay = 0.00> <CoreInst = "LogicGate">   --->   Core 74 'LogicGate' <Latency = 0> <II = 1> <Delay = 0.12> <FuncUnit> <Opcode : 'and' 'or' 'xor'> <InPorts = 2> <OutPorts = 1>
ST_1 : Operation 45 [1/1] (0.29ns) (out node of the LUT)   --->   "%i = select i1 %or_ln180, i6 1, i6 %add_ln180" [/home/fede/PhD/transformer-hls/hls/src/attention/MultiHeadAttention_tiled.cpp:180]   --->   Operation 45 'select' 'i' <Predicate = (!icmp_ln178)> <Delay = 0.29> <CoreInst = "Sel">   --->   Core 73 'Sel' <Latency = 0> <II = 1> <Delay = 0.29> <FuncUnit> <Opcode : 'select'> <InPorts = 3> <OutPorts = 1>
ST_1 : Operation 46 [1/1] (0.71ns)   --->   "%add_ln179_1 = add i9 %indvar_flatten_load, i9 1" [/home/fede/PhD/transformer-hls/hls/src/attention/MultiHeadAttention_tiled.cpp:179]   --->   Operation 46 'add' 'add_ln179_1' <Predicate = (!icmp_ln178)> <Delay = 0.71> <CoreInst = "Adder">   --->   Core 1 'Adder' <Latency = 0> <II = 1> <Delay = 0.71> <FuncUnit> <Opcode : 'add' 'sub'> <InPorts = 2> <OutPorts = 1>
ST_1 : Operation 47 [1/1] (0.30ns)   --->   "%select_ln179_2 = select i1 %icmp_ln179, i9 1, i9 %add_ln179_1" [/home/fede/PhD/transformer-hls/hls/src/attention/MultiHeadAttention_tiled.cpp:179]   --->   Operation 47 'select' 'select_ln179_2' <Predicate = (!icmp_ln178)> <Delay = 0.30> <CoreInst = "Sel">   --->   Core 73 'Sel' <Latency = 0> <II = 1> <Delay = 0.30> <FuncUnit> <Opcode : 'select'> <InPorts = 3> <OutPorts = 1>
ST_1 : Operation 48 [1/1] (0.38ns)   --->   "%store_ln180 = store i12 %add_ln178, i12 %indvar_flatten13" [/home/fede/PhD/transformer-hls/hls/src/attention/MultiHeadAttention_tiled.cpp:180]   --->   Operation 48 'store' 'store_ln180' <Predicate = (!icmp_ln178)> <Delay = 0.38>
ST_1 : Operation 49 [1/1] (0.38ns)   --->   "%store_ln180 = store i9 %select_ln179_2, i9 %indvar_flatten" [/home/fede/PhD/transformer-hls/hls/src/attention/MultiHeadAttention_tiled.cpp:180]   --->   Operation 49 'store' 'store_ln180' <Predicate = (!icmp_ln178)> <Delay = 0.38>
ST_1 : Operation 50 [1/1] (0.38ns)   --->   "%store_ln180 = store i3 %select_ln179_1, i3 %h" [/home/fede/PhD/transformer-hls/hls/src/attention/MultiHeadAttention_tiled.cpp:180]   --->   Operation 50 'store' 'store_ln180' <Predicate = (!icmp_ln178)> <Delay = 0.38>
ST_1 : Operation 51 [1/1] (0.38ns)   --->   "%store_ln180 = store i6 %i, i6 %i_02" [/home/fede/PhD/transformer-hls/hls/src/attention/MultiHeadAttention_tiled.cpp:180]   --->   Operation 51 'store' 'store_ln180' <Predicate = (!icmp_ln178)> <Delay = 0.38>
ST_1 : Operation 63 [1/1] (0.00ns)   --->   "%ret_ln186 = ret" [/home/fede/PhD/transformer-hls/hls/src/attention/MultiHeadAttention_tiled.cpp:186]   --->   Operation 63 'ret' 'ret_ln186' <Predicate = (icmp_ln178)> <Delay = 0.00>

State 2 <SV = 1> <Delay = 3.18>
ST_2 : Operation 52 [1/1] (1.36ns)   --->   "%head_out_2_read = read i8 @_ssdm_op_Read.ap_fifo.volatile.i8P0A, i8 %head_out_2" [/home/fede/PhD/transformer-hls/hls/src/attention/MultiHeadAttention_tiled.cpp:182]   --->   Operation 52 'read' 'head_out_2_read' <Predicate = (!icmp_ln178 & select_ln179 == 2)> <Delay = 1.36> <CoreInst = "FIFO_SRL">   --->   Core 81 'FIFO_SRL' <Latency = 0> <II = 1> <Delay = 1.36> <Storage> <Opcode : 'read' 'write' 'nbread' 'nbwrite'> <Ports = 0> <Width = 8> <Depth = 2> <FIFO>
ST_2 : Operation 53 [1/1] (0.45ns)   --->   "%br_ln182 = br void %V.i.i11.exit" [/home/fede/PhD/transformer-hls/hls/src/attention/MultiHeadAttention_tiled.cpp:182]   --->   Operation 53 'br' 'br_ln182' <Predicate = (!icmp_ln178 & select_ln179 == 2)> <Delay = 0.45>
ST_2 : Operation 54 [1/1] (1.36ns)   --->   "%head_out_1_read = read i8 @_ssdm_op_Read.ap_fifo.volatile.i8P0A, i8 %head_out_1" [/home/fede/PhD/transformer-hls/hls/src/attention/MultiHeadAttention_tiled.cpp:182]   --->   Operation 54 'read' 'head_out_1_read' <Predicate = (!icmp_ln178 & select_ln179 == 1)> <Delay = 1.36> <CoreInst = "FIFO_SRL">   --->   Core 81 'FIFO_SRL' <Latency = 0> <II = 1> <Delay = 1.36> <Storage> <Opcode : 'read' 'write' 'nbread' 'nbwrite'> <Ports = 0> <Width = 8> <Depth = 2> <FIFO>
ST_2 : Operation 55 [1/1] (0.45ns)   --->   "%br_ln182 = br void %V.i.i11.exit" [/home/fede/PhD/transformer-hls/hls/src/attention/MultiHeadAttention_tiled.cpp:182]   --->   Operation 55 'br' 'br_ln182' <Predicate = (!icmp_ln178 & select_ln179 == 1)> <Delay = 0.45>
ST_2 : Operation 56 [1/1] (1.36ns)   --->   "%head_out_0_read = read i8 @_ssdm_op_Read.ap_fifo.volatile.i8P0A, i8 %head_out_0" [/home/fede/PhD/transformer-hls/hls/src/attention/MultiHeadAttention_tiled.cpp:182]   --->   Operation 56 'read' 'head_out_0_read' <Predicate = (!icmp_ln178 & select_ln179 == 0)> <Delay = 1.36> <CoreInst = "FIFO_SRL">   --->   Core 81 'FIFO_SRL' <Latency = 0> <II = 1> <Delay = 1.36> <Storage> <Opcode : 'read' 'write' 'nbread' 'nbwrite'> <Ports = 0> <Width = 8> <Depth = 2> <FIFO>
ST_2 : Operation 57 [1/1] (0.45ns)   --->   "%br_ln182 = br void %V.i.i11.exit" [/home/fede/PhD/transformer-hls/hls/src/attention/MultiHeadAttention_tiled.cpp:182]   --->   Operation 57 'br' 'br_ln182' <Predicate = (!icmp_ln178 & select_ln179 == 0)> <Delay = 0.45>
ST_2 : Operation 58 [1/1] (1.36ns)   --->   "%head_out_3_read = read i8 @_ssdm_op_Read.ap_fifo.volatile.i8P0A, i8 %head_out_3" [/home/fede/PhD/transformer-hls/hls/src/attention/MultiHeadAttention_tiled.cpp:182]   --->   Operation 58 'read' 'head_out_3_read' <Predicate = (!icmp_ln178 & select_ln179 == 3)> <Delay = 1.36> <CoreInst = "FIFO_SRL">   --->   Core 81 'FIFO_SRL' <Latency = 0> <II = 1> <Delay = 1.36> <Storage> <Opcode : 'read' 'write' 'nbread' 'nbwrite'> <Ports = 0> <Width = 8> <Depth = 2> <FIFO>
ST_2 : Operation 59 [1/1] (0.45ns)   --->   "%br_ln182 = br void %V.i.i11.exit" [/home/fede/PhD/transformer-hls/hls/src/attention/MultiHeadAttention_tiled.cpp:182]   --->   Operation 59 'br' 'br_ln182' <Predicate = (!icmp_ln178 & select_ln179 == 3)> <Delay = 0.45>
ST_2 : Operation 60 [1/1] (0.00ns)   --->   "%empty = phi i8 %head_out_0_read, void %V.i.i11.case.0, i8 %head_out_1_read, void %V.i.i11.case.1, i8 %head_out_2_read, void %V.i.i11.case.2, i8 %head_out_3_read, void %V.i.i11.case.3" [/home/fede/PhD/transformer-hls/hls/src/attention/MultiHeadAttention_tiled.cpp:182]   --->   Operation 60 'phi' 'empty' <Predicate = true> <Delay = 0.00>
ST_2 : Operation 61 [1/1] (1.36ns)   --->   "%write_ln182 = write void @_ssdm_op_Write.ap_fifo.volatile.i8P0A, i8 %out_linear4, i8 %empty" [/home/fede/PhD/transformer-hls/hls/src/attention/MultiHeadAttention_tiled.cpp:182]   --->   Operation 61 'write' 'write_ln182' <Predicate = true> <Delay = 1.36> <CoreInst = "FIFO_SRL">   --->   Core 81 'FIFO_SRL' <Latency = 0> <II = 1> <Delay = 1.36> <Storage> <Opcode : 'read' 'write' 'nbread' 'nbwrite'> <Ports = 0> <Width = 8> <Depth = 2> <FIFO>
ST_2 : Operation 62 [1/1] (0.00ns)   --->   "%br_ln180 = br void %for.inc" [/home/fede/PhD/transformer-hls/hls/src/attention/MultiHeadAttention_tiled.cpp:180]   --->   Operation 62 'br' 'br_ln180' <Predicate = true> <Delay = 0.00>


============================================================
+ Verbose Summary: Binding
============================================================
STG Binding: 
---------------- STG Properties BEGIN ----------------
- Is combinational: 0
- Is one-state seq: 0
- Is datapath-only: 0
- Is pipelined: 0
- Is top level: 0
Port [ Return ] is wired: 1; IO mode=ap_ctrl_hs:ce=0
Port [ head_out_0]:  wired=1; compound=1; hidden=0; nouse=0; global=0; static=0; extern=0; dir=0; type=3; pingpong=0; private_global=0; IO mode=ap_fifo:ce=0
Port [ head_out_1]:  wired=1; compound=1; hidden=0; nouse=0; global=0; static=0; extern=0; dir=0; type=3; pingpong=0; private_global=0; IO mode=ap_fifo:ce=0
Port [ head_out_2]:  wired=1; compound=1; hidden=0; nouse=0; global=0; static=0; extern=0; dir=0; type=3; pingpong=0; private_global=0; IO mode=ap_fifo:ce=0
Port [ head_out_3]:  wired=1; compound=1; hidden=0; nouse=0; global=0; static=0; extern=0; dir=0; type=3; pingpong=0; private_global=0; IO mode=ap_fifo:ce=0
Port [ out_linear4]:  wired=1; compound=1; hidden=0; nouse=0; global=0; static=0; extern=0; dir=1; type=3; pingpong=0; private_global=0; IO mode=ap_fifo:ce=0
---------------- STG Properties END ------------------

---------------- Datapath Model BEGIN ----------------

<LifeTime>
<method=bitvector/>
i_02                  (alloca           ) [ 010]
h                     (alloca           ) [ 010]
indvar_flatten        (alloca           ) [ 010]
indvar_flatten13      (alloca           ) [ 010]
specinterface_ln0     (specinterface    ) [ 000]
specinterface_ln0     (specinterface    ) [ 000]
specinterface_ln0     (specinterface    ) [ 000]
specinterface_ln0     (specinterface    ) [ 000]
specinterface_ln0     (specinterface    ) [ 000]
store_ln178           (store            ) [ 000]
store_ln178           (store            ) [ 000]
store_ln178           (store            ) [ 000]
store_ln178           (store            ) [ 000]
br_ln178              (br               ) [ 000]
i_19                  (load             ) [ 000]
indvar_flatten_load   (load             ) [ 000]
indvar_flatten13_load (load             ) [ 000]
icmp_ln178            (icmp             ) [ 011]
add_ln178             (add              ) [ 000]
br_ln178              (br               ) [ 000]
h_load                (load             ) [ 000]
specloopname_ln0      (specloopname     ) [ 000]
empty_89              (speclooptripcount) [ 000]
icmp_ln179            (icmp             ) [ 000]
select_ln178          (select           ) [ 000]
empty_90              (trunc            ) [ 000]
select_ln178_1        (select           ) [ 000]
xor_ln178             (xor              ) [ 000]
icmp_ln180            (icmp             ) [ 000]
and_ln178             (and              ) [ 000]
add_ln179             (add              ) [ 000]
specloopname_ln0      (specloopname     ) [ 000]
empty_91              (trunc            ) [ 000]
select_ln179          (select           ) [ 011]
select_ln179_1        (select           ) [ 000]
specpipeline_ln181    (specpipeline     ) [ 000]
specloopname_ln180    (specloopname     ) [ 000]
switch_ln182          (switch           ) [ 000]
add_ln180             (add              ) [ 000]
or_ln180              (or               ) [ 000]
i                     (select           ) [ 000]
add_ln179_1           (add              ) [ 000]
select_ln179_2        (select           ) [ 000]
store_ln180           (store            ) [ 000]
store_ln180           (store            ) [ 000]
store_ln180           (store            ) [ 000]
store_ln180           (store            ) [ 000]
head_out_2_read       (read             ) [ 000]
br_ln182              (br               ) [ 000]
head_out_1_read       (read             ) [ 000]
br_ln182              (br               ) [ 000]
head_out_0_read       (read             ) [ 000]
br_ln182              (br               ) [ 000]
head_out_3_read       (read             ) [ 000]
br_ln182              (br               ) [ 000]
empty                 (phi              ) [ 000]
write_ln182           (write            ) [ 000]
br_ln180              (br               ) [ 000]
ret_ln186             (ret              ) [ 000]
</LifeTime>

<model>

<comp_list>
<comp id="0" class="1000" name="head_out_0">
<pin_list>
<pin id="1" dir="1" index="0" bw="1" slack="0"/>
</pin_list>
<bind>
<StgValue><ssdm name="head_out_0"/></StgValue>
</bind>
</comp>

<comp id="2" class="1000" name="head_out_1">
<pin_list>
<pin id="3" dir="1" index="0" bw="1" slack="0"/>
</pin_list>
<bind>
<StgValue><ssdm name="head_out_1"/></StgValue>
</bind>
</comp>

<comp id="4" class="1000" name="head_out_2">
<pin_list>
<pin id="5" dir="1" index="0" bw="1" slack="0"/>
</pin_list>
<bind>
<StgValue><ssdm name="head_out_2"/></StgValue>
</bind>
</comp>

<comp id="6" class="1000" name="head_out_3">
<pin_list>
<pin id="7" dir="1" index="0" bw="1" slack="0"/>
</pin_list>
<bind>
<StgValue><ssdm name="head_out_3"/></StgValue>
</bind>
</comp>

<comp id="8" class="1000" name="out_linear4">
<pin_list>
<pin id="9" dir="1" index="0" bw="1" slack="0"/>
</pin_list>
<bind>
<StgValue><ssdm name="out_linear4"/></StgValue>
</bind>
</comp>

<comp id="10" class="1001" name="const_10">
<pin_list>
<pin id="11" dir="1" index="0" bw="1" slack="0"/>
</pin_list>
<bind>
<StgValue><ssdm name=""/></StgValue>
</bind>
</comp>

<comp id="12" class="1001" name="const_12">
<pin_list>
<pin id="13" dir="1" index="0" bw="1" slack="2147483647"/>
</pin_list>
<bind>
<StgValue><ssdm name="_ssdm_op_SpecInterface"/></StgValue>
</bind>
</comp>

<comp id="14" class="1001" name="const_14">
<pin_list>
<pin id="15" dir="1" index="0" bw="1" slack="2147483647"/>
</pin_list>
<bind>
<StgValue><ssdm name="empty_0"/></StgValue>
</bind>
</comp>

<comp id="16" class="1001" name="const_16">
<pin_list>
<pin id="17" dir="1" index="0" bw="1" slack="2147483647"/>
</pin_list>
<bind>
<StgValue><ssdm name=""/></StgValue>
</bind>
</comp>

<comp id="18" class="1001" name="const_18">
<pin_list>
<pin id="19" dir="1" index="0" bw="1" slack="2147483647"/>
</pin_list>
<bind>
<StgValue><ssdm name="empty_26"/></StgValue>
</bind>
</comp>

<comp id="20" class="1001" name="const_20">
<pin_list>
<pin id="21" dir="1" index="0" bw="1" slack="2147483647"/>
</pin_list>
<bind>
<StgValue><ssdm name=""/></StgValue>
</bind>
</comp>

<comp id="22" class="1001" name="const_22">
<pin_list>
<pin id="23" dir="1" index="0" bw="1" slack="0"/>
</pin_list>
<bind>
<StgValue><ssdm name=""/></StgValue>
</bind>
</comp>

<comp id="24" class="1001" name="const_24">
<pin_list>
<pin id="25" dir="1" index="0" bw="1" slack="0"/>
</pin_list>
<bind>
<StgValue><ssdm name=""/></StgValue>
</bind>
</comp>

<comp id="26" class="1001" name="const_26">
<pin_list>
<pin id="27" dir="1" index="0" bw="1" slack="0"/>
</pin_list>
<bind>
<StgValue><ssdm name=""/></StgValue>
</bind>
</comp>

<comp id="28" class="1001" name="const_28">
<pin_list>
<pin id="29" dir="1" index="0" bw="1" slack="0"/>
</pin_list>
<bind>
<StgValue><ssdm name=""/></StgValue>
</bind>
</comp>

<comp id="30" class="1001" name="const_30">
<pin_list>
<pin id="31" dir="1" index="0" bw="1" slack="0"/>
</pin_list>
<bind>
<StgValue><ssdm name=""/></StgValue>
</bind>
</comp>

<comp id="32" class="1001" name="const_32">
<pin_list>
<pin id="33" dir="1" index="0" bw="1" slack="0"/>
</pin_list>
<bind>
<StgValue><ssdm name=""/></StgValue>
</bind>
</comp>

<comp id="34" class="1001" name="const_34">
<pin_list>
<pin id="35" dir="1" index="0" bw="1" slack="2147483647"/>
</pin_list>
<bind>
<StgValue><ssdm name="_ssdm_op_SpecLoopName"/></StgValue>
</bind>
</comp>

<comp id="36" class="1001" name="const_36">
<pin_list>
<pin id="37" dir="1" index="0" bw="1" slack="2147483647"/>
</pin_list>
<bind>
<StgValue><ssdm name="VITIS_LOOP_178_1_VITIS_LOOP_179_2_VITIS_LOOP_180_3_str"/></StgValue>
</bind>
</comp>

<comp id="38" class="1001" name="const_38">
<pin_list>
<pin id="39" dir="1" index="0" bw="1" slack="2147483647"/>
</pin_list>
<bind>
<StgValue><ssdm name="_ssdm_op_SpecLoopTripCount"/></StgValue>
</bind>
</comp>

<comp id="40" class="1001" name="const_40">
<pin_list>
<pin id="41" dir="1" index="0" bw="1" slack="2147483647"/>
</pin_list>
<bind>
<StgValue><ssdm name=""/></StgValue>
</bind>
</comp>

<comp id="42" class="1001" name="const_42">
<pin_list>
<pin id="43" dir="1" index="0" bw="1" slack="0"/>
</pin_list>
<bind>
<StgValue><ssdm name=""/></StgValue>
</bind>
</comp>

<comp id="44" class="1001" name="const_44">
<pin_list>
<pin id="45" dir="1" index="0" bw="1" slack="0"/>
</pin_list>
<bind>
<StgValue><ssdm name=""/></StgValue>
</bind>
</comp>

<comp id="46" class="1001" name="const_46">
<pin_list>
<pin id="47" dir="1" index="0" bw="1" slack="0"/>
</pin_list>
<bind>
<StgValue><ssdm name=""/></StgValue>
</bind>
</comp>

<comp id="48" class="1001" name="const_48">
<pin_list>
<pin id="49" dir="1" index="0" bw="1" slack="0"/>
</pin_list>
<bind>
<StgValue><ssdm name=""/></StgValue>
</bind>
</comp>

<comp id="50" class="1001" name="const_50">
<pin_list>
<pin id="51" dir="1" index="0" bw="1" slack="0"/>
</pin_list>
<bind>
<StgValue><ssdm name=""/></StgValue>
</bind>
</comp>

<comp id="52" class="1001" name="const_52">
<pin_list>
<pin id="53" dir="1" index="0" bw="1" slack="2147483647"/>
</pin_list>
<bind>
<StgValue><ssdm name="VITIS_LOOP_179_2_VITIS_LOOP_180_3_str"/></StgValue>
</bind>
</comp>

<comp id="54" class="1001" name="const_54">
<pin_list>
<pin id="55" dir="1" index="0" bw="1" slack="2147483647"/>
</pin_list>
<bind>
<StgValue><ssdm name="_ssdm_op_SpecPipeline"/></StgValue>
</bind>
</comp>

<comp id="56" class="1001" name="const_56">
<pin_list>
<pin id="57" dir="1" index="0" bw="1" slack="2147483647"/>
</pin_list>
<bind>
<StgValue><ssdm name="empty_1"/></StgValue>
</bind>
</comp>

<comp id="58" class="1001" name="const_58">
<pin_list>
<pin id="59" dir="1" index="0" bw="1" slack="2147483647"/>
</pin_list>
<bind>
<StgValue><ssdm name=""/></StgValue>
</bind>
</comp>

<comp id="60" class="1001" name="const_60">
<pin_list>
<pin id="61" dir="1" index="0" bw="1" slack="2147483647"/>
</pin_list>
<bind>
<StgValue><ssdm name=""/></StgValue>
</bind>
</comp>

<comp id="62" class="1001" name="const_62">
<pin_list>
<pin id="63" dir="1" index="0" bw="1" slack="0"/>
</pin_list>
<bind>
<StgValue><ssdm name=""/></StgValue>
</bind>
</comp>

<comp id="64" class="1001" name="const_64">
<pin_list>
<pin id="65" dir="1" index="0" bw="1" slack="0"/>
</pin_list>
<bind>
<StgValue><ssdm name=""/></StgValue>
</bind>
</comp>

<comp id="66" class="1001" name="const_66">
<pin_list>
<pin id="67" dir="1" index="0" bw="1" slack="0"/>
</pin_list>
<bind>
<StgValue><ssdm name="_ssdm_op_Read.ap_fifo.volatile.i8P0A"/></StgValue>
</bind>
</comp>

<comp id="68" class="1001" name="const_68">
<pin_list>
<pin id="69" dir="1" index="0" bw="1" slack="0"/>
</pin_list>
<bind>
<StgValue><ssdm name="_ssdm_op_Write.ap_fifo.volatile.i8P0A"/></StgValue>
</bind>
</comp>

<comp id="70" class="1004" name="i_02_fu_70">
<pin_list>
<pin id="71" dir="0" index="0" bw="1" slack="0"/>
<pin id="72" dir="1" index="1" bw="6" slack="0"/>
</pin_list>
<bind>
<opcode="alloca(26) " fcode="alloca"/>
<opset="i_02/1 "/>
</bind>
</comp>

<comp id="74" class="1004" name="h_fu_74">
<pin_list>
<pin id="75" dir="0" index="0" bw="1" slack="0"/>
<pin id="76" dir="1" index="1" bw="3" slack="0"/>
</pin_list>
<bind>
<opcode="alloca(26) " fcode="alloca"/>
<opset="h/1 "/>
</bind>
</comp>

<comp id="78" class="1004" name="indvar_flatten_fu_78">
<pin_list>
<pin id="79" dir="0" index="0" bw="1" slack="0"/>
<pin id="80" dir="1" index="1" bw="9" slack="0"/>
</pin_list>
<bind>
<opcode="alloca(26) " fcode="alloca"/>
<opset="indvar_flatten/1 "/>
</bind>
</comp>

<comp id="82" class="1004" name="indvar_flatten13_fu_82">
<pin_list>
<pin id="83" dir="0" index="0" bw="1" slack="0"/>
<pin id="84" dir="1" index="1" bw="12" slack="0"/>
</pin_list>
<bind>
<opcode="alloca(26) " fcode="alloca"/>
<opset="indvar_flatten13/1 "/>
</bind>
</comp>

<comp id="86" class="1004" name="head_out_2_read_read_fu_86">
<pin_list>
<pin id="87" dir="0" index="0" bw="8" slack="0"/>
<pin id="88" dir="0" index="1" bw="8" slack="0"/>
<pin id="89" dir="1" index="2" bw="8" slack="0"/>
</pin_list>
<bind>
<opcode="read(1150) " fcode="read"/>
<opset="head_out_2_read/2 "/>
</bind>
</comp>

<comp id="92" class="1004" name="head_out_1_read_read_fu_92">
<pin_list>
<pin id="93" dir="0" index="0" bw="8" slack="0"/>
<pin id="94" dir="0" index="1" bw="8" slack="0"/>
<pin id="95" dir="1" index="2" bw="8" slack="0"/>
</pin_list>
<bind>
<opcode="read(1150) " fcode="read"/>
<opset="head_out_1_read/2 "/>
</bind>
</comp>

<comp id="98" class="1004" name="head_out_0_read_read_fu_98">
<pin_list>
<pin id="99" dir="0" index="0" bw="8" slack="0"/>
<pin id="100" dir="0" index="1" bw="8" slack="0"/>
<pin id="101" dir="1" index="2" bw="8" slack="0"/>
</pin_list>
<bind>
<opcode="read(1150) " fcode="read"/>
<opset="head_out_0_read/2 "/>
</bind>
</comp>

<comp id="104" class="1004" name="head_out_3_read_read_fu_104">
<pin_list>
<pin id="105" dir="0" index="0" bw="8" slack="0"/>
<pin id="106" dir="0" index="1" bw="8" slack="0"/>
<pin id="107" dir="1" index="2" bw="8" slack="0"/>
</pin_list>
<bind>
<opcode="read(1150) " fcode="read"/>
<opset="head_out_3_read/2 "/>
</bind>
</comp>

<comp id="110" class="1004" name="write_ln182_write_fu_110">
<pin_list>
<pin id="111" dir="0" index="0" bw="0" slack="0"/>
<pin id="112" dir="0" index="1" bw="8" slack="0"/>
<pin id="113" dir="0" index="2" bw="8" slack="0"/>
<pin id="114" dir="1" index="3" bw="0" slack="2147483647"/>
</pin_list>
<bind>
<opcode="write(1151) " fcode="write"/>
<opset="write_ln182/2 "/>
</bind>
</comp>

<comp id="117" class="1005" name="empty_reg_117">
<pin_list>
<pin id="118" dir="0" index="0" bw="8" slack="2147483647"/>
<pin id="119" dir="1" index="1" bw="8" slack="2147483647"/>
</pin_list>
<bind>
<opset="empty (phireg) "/>
</bind>
</comp>

<comp id="120" class="1004" name="empty_phi_fu_120">
<pin_list>
<pin id="121" dir="0" index="0" bw="8" slack="0"/>
<pin id="122" dir="0" index="1" bw="0" slack="2147483647"/>
<pin id="123" dir="0" index="2" bw="8" slack="0"/>
<pin id="124" dir="0" index="3" bw="0" slack="2147483647"/>
<pin id="125" dir="0" index="4" bw="8" slack="0"/>
<pin id="126" dir="0" index="5" bw="0" slack="2147483647"/>
<pin id="127" dir="0" index="6" bw="8" slack="0"/>
<pin id="128" dir="0" index="7" bw="0" slack="2147483647"/>
<pin id="129" dir="1" index="8" bw="8" slack="0"/>
</pin_list>
<bind>
<opcode="phi(47) " fcode="phi"/>
<opset="empty/2 "/>
</bind>
</comp>

<comp id="135" class="1004" name="store_ln178_store_fu_135">
<pin_list>
<pin id="136" dir="0" index="0" bw="1" slack="0"/>
<pin id="137" dir="0" index="1" bw="12" slack="0"/>
<pin id="138" dir="1" index="2" bw="0" slack="2147483647"/>
</pin_list>
<bind>
<opcode="store(28) " fcode="store"/>
<opset="store_ln178/1 "/>
</bind>
</comp>

<comp id="140" class="1004" name="store_ln178_store_fu_140">
<pin_list>
<pin id="141" dir="0" index="0" bw="1" slack="0"/>
<pin id="142" dir="0" index="1" bw="9" slack="0"/>
<pin id="143" dir="1" index="2" bw="0" slack="2147483647"/>
</pin_list>
<bind>
<opcode="store(28) " fcode="store"/>
<opset="store_ln178/1 "/>
</bind>
</comp>

<comp id="145" class="1004" name="store_ln178_store_fu_145">
<pin_list>
<pin id="146" dir="0" index="0" bw="1" slack="0"/>
<pin id="147" dir="0" index="1" bw="3" slack="0"/>
<pin id="148" dir="1" index="2" bw="0" slack="2147483647"/>
</pin_list>
<bind>
<opcode="store(28) " fcode="store"/>
<opset="store_ln178/1 "/>
</bind>
</comp>

<comp id="150" class="1004" name="store_ln178_store_fu_150">
<pin_list>
<pin id="151" dir="0" index="0" bw="1" slack="0"/>
<pin id="152" dir="0" index="1" bw="6" slack="0"/>
<pin id="153" dir="1" index="2" bw="0" slack="2147483647"/>
</pin_list>
<bind>
<opcode="store(28) " fcode="store"/>
<opset="store_ln178/1 "/>
</bind>
</comp>

<comp id="155" class="1004" name="i_19_load_fu_155">
<pin_list>
<pin id="156" dir="0" index="0" bw="6" slack="0"/>
<pin id="157" dir="1" index="1" bw="6" slack="0"/>
</pin_list>
<bind>
<opcode="load(27) " fcode="load"/>
<opset="i_19/1 "/>
</bind>
</comp>

<comp id="158" class="1004" name="indvar_flatten_load_load_fu_158">
<pin_list>
<pin id="159" dir="0" index="0" bw="9" slack="0"/>
<pin id="160" dir="1" index="1" bw="9" slack="0"/>
</pin_list>
<bind>
<opcode="load(27) " fcode="load"/>
<opset="indvar_flatten_load/1 "/>
</bind>
</comp>

<comp id="161" class="1004" name="indvar_flatten13_load_load_fu_161">
<pin_list>
<pin id="162" dir="0" index="0" bw="12" slack="0"/>
<pin id="163" dir="1" index="1" bw="12" slack="0"/>
</pin_list>
<bind>
<opcode="load(27) " fcode="load"/>
<opset="indvar_flatten13_load/1 "/>
</bind>
</comp>

<comp id="164" class="1004" name="icmp_ln178_fu_164">
<pin_list>
<pin id="165" dir="0" index="0" bw="12" slack="0"/>
<pin id="166" dir="0" index="1" bw="12" slack="0"/>
<pin id="167" dir="1" index="2" bw="1" slack="1"/>
</pin_list>
<bind>
<opcode="icmp(45) " fcode="icmp"/>
<opset="icmp_ln178/1 "/>
</bind>
</comp>

<comp id="170" class="1004" name="add_ln178_fu_170">
<pin_list>
<pin id="171" dir="0" index="0" bw="12" slack="0"/>
<pin id="172" dir="0" index="1" bw="1" slack="0"/>
<pin id="173" dir="1" index="2" bw="12" slack="0"/>
</pin_list>
<bind>
<opcode="add(8) " fcode="add"/>
<opset="add_ln178/1 "/>
</bind>
</comp>

<comp id="176" class="1004" name="h_load_load_fu_176">
<pin_list>
<pin id="177" dir="0" index="0" bw="3" slack="0"/>
<pin id="178" dir="1" index="1" bw="3" slack="0"/>
</pin_list>
<bind>
<opcode="load(27) " fcode="load"/>
<opset="h_load/1 "/>
</bind>
</comp>

<comp id="179" class="1004" name="icmp_ln179_fu_179">
<pin_list>
<pin id="180" dir="0" index="0" bw="9" slack="0"/>
<pin id="181" dir="0" index="1" bw="9" slack="0"/>
<pin id="182" dir="1" index="2" bw="1" slack="0"/>
</pin_list>
<bind>
<opcode="icmp(45) " fcode="icmp"/>
<opset="icmp_ln179/1 "/>
</bind>
</comp>

<comp id="185" class="1004" name="select_ln178_fu_185">
<pin_list>
<pin id="186" dir="0" index="0" bw="1" slack="0"/>
<pin id="187" dir="0" index="1" bw="3" slack="0"/>
<pin id="188" dir="0" index="2" bw="3" slack="0"/>
<pin id="189" dir="1" index="3" bw="3" slack="0"/>
</pin_list>
<bind>
<opcode="select(49) " fcode="select"/>
<opset="select_ln178/1 "/>
</bind>
</comp>

<comp id="193" class="1004" name="empty_90_fu_193">
<pin_list>
<pin id="194" dir="0" index="0" bw="3" slack="0"/>
<pin id="195" dir="1" index="1" bw="2" slack="0"/>
</pin_list>
<bind>
<opcode="trunc(33) " fcode="trunc"/>
<opset="empty_90/1 "/>
</bind>
</comp>

<comp id="197" class="1004" name="select_ln178_1_fu_197">
<pin_list>
<pin id="198" dir="0" index="0" bw="1" slack="0"/>
<pin id="199" dir="0" index="1" bw="2" slack="0"/>
<pin id="200" dir="0" index="2" bw="2" slack="0"/>
<pin id="201" dir="1" index="3" bw="2" slack="0"/>
</pin_list>
<bind>
<opcode="select(49) " fcode="select"/>
<opset="select_ln178_1/1 "/>
</bind>
</comp>

<comp id="205" class="1004" name="xor_ln178_fu_205">
<pin_list>
<pin id="206" dir="0" index="0" bw="1" slack="0"/>
<pin id="207" dir="0" index="1" bw="1" slack="0"/>
<pin id="208" dir="1" index="2" bw="1" slack="0"/>
</pin_list>
<bind>
<opcode="xor(25) " fcode="xor"/>
<opset="xor_ln178/1 "/>
</bind>
</comp>

<comp id="211" class="1004" name="icmp_ln180_fu_211">
<pin_list>
<pin id="212" dir="0" index="0" bw="6" slack="0"/>
<pin id="213" dir="0" index="1" bw="6" slack="0"/>
<pin id="214" dir="1" index="2" bw="1" slack="0"/>
</pin_list>
<bind>
<opcode="icmp(45) " fcode="icmp"/>
<opset="icmp_ln180/1 "/>
</bind>
</comp>

<comp id="217" class="1004" name="and_ln178_fu_217">
<pin_list>
<pin id="218" dir="0" index="0" bw="1" slack="0"/>
<pin id="219" dir="0" index="1" bw="1" slack="0"/>
<pin id="220" dir="1" index="2" bw="1" slack="0"/>
</pin_list>
<bind>
<opcode="and(23) " fcode="and"/>
<opset="and_ln178/1 "/>
</bind>
</comp>

<comp id="223" class="1004" name="add_ln179_fu_223">
<pin_list>
<pin id="224" dir="0" index="0" bw="3" slack="0"/>
<pin id="225" dir="0" index="1" bw="1" slack="0"/>
<pin id="226" dir="1" index="2" bw="3" slack="0"/>
</pin_list>
<bind>
<opcode="add(8) " fcode="add"/>
<opset="add_ln179/1 "/>
</bind>
</comp>

<comp id="229" class="1004" name="empty_91_fu_229">
<pin_list>
<pin id="230" dir="0" index="0" bw="3" slack="0"/>
<pin id="231" dir="1" index="1" bw="2" slack="0"/>
</pin_list>
<bind>
<opcode="trunc(33) " fcode="trunc"/>
<opset="empty_91/1 "/>
</bind>
</comp>

<comp id="233" class="1004" name="select_ln179_fu_233">
<pin_list>
<pin id="234" dir="0" index="0" bw="1" slack="0"/>
<pin id="235" dir="0" index="1" bw="2" slack="0"/>
<pin id="236" dir="0" index="2" bw="2" slack="0"/>
<pin id="237" dir="1" index="3" bw="2" slack="1"/>
</pin_list>
<bind>
<opcode="select(49) " fcode="select"/>
<opset="select_ln179/1 "/>
</bind>
</comp>

<comp id="241" class="1004" name="select_ln179_1_fu_241">
<pin_list>
<pin id="242" dir="0" index="0" bw="1" slack="0"/>
<pin id="243" dir="0" index="1" bw="3" slack="0"/>
<pin id="244" dir="0" index="2" bw="3" slack="0"/>
<pin id="245" dir="1" index="3" bw="3" slack="0"/>
</pin_list>
<bind>
<opcode="select(49) " fcode="select"/>
<opset="select_ln179_1/1 "/>
</bind>
</comp>

<comp id="249" class="1004" name="add_ln180_fu_249">
<pin_list>
<pin id="250" dir="0" index="0" bw="6" slack="0"/>
<pin id="251" dir="0" index="1" bw="1" slack="0"/>
<pin id="252" dir="1" index="2" bw="6" slack="0"/>
</pin_list>
<bind>
<opcode="add(8) " fcode="add"/>
<opset="add_ln180/1 "/>
</bind>
</comp>

<comp id="255" class="1004" name="or_ln180_fu_255">
<pin_list>
<pin id="256" dir="0" index="0" bw="1" slack="0"/>
<pin id="257" dir="0" index="1" bw="1" slack="0"/>
<pin id="258" dir="1" index="2" bw="1" slack="0"/>
</pin_list>
<bind>
<opcode="or(24) " fcode="or"/>
<opset="or_ln180/1 "/>
</bind>
</comp>

<comp id="261" class="1004" name="i_fu_261">
<pin_list>
<pin id="262" dir="0" index="0" bw="1" slack="0"/>
<pin id="263" dir="0" index="1" bw="6" slack="0"/>
<pin id="264" dir="0" index="2" bw="6" slack="0"/>
<pin id="265" dir="1" index="3" bw="6" slack="0"/>
</pin_list>
<bind>
<opcode="select(49) " fcode="select"/>
<opset="i/1 "/>
</bind>
</comp>

<comp id="269" class="1004" name="add_ln179_1_fu_269">
<pin_list>
<pin id="270" dir="0" index="0" bw="9" slack="0"/>
<pin id="271" dir="0" index="1" bw="1" slack="0"/>
<pin id="272" dir="1" index="2" bw="9" slack="0"/>
</pin_list>
<bind>
<opcode="add(8) " fcode="add"/>
<opset="add_ln179_1/1 "/>
</bind>
</comp>

<comp id="275" class="1004" name="select_ln179_2_fu_275">
<pin_list>
<pin id="276" dir="0" index="0" bw="1" slack="0"/>
<pin id="277" dir="0" index="1" bw="9" slack="0"/>
<pin id="278" dir="0" index="2" bw="9" slack="0"/>
<pin id="279" dir="1" index="3" bw="9" slack="0"/>
</pin_list>
<bind>
<opcode="select(49) " fcode="select"/>
<opset="select_ln179_2/1 "/>
</bind>
</comp>

<comp id="283" class="1004" name="store_ln180_store_fu_283">
<pin_list>
<pin id="284" dir="0" index="0" bw="12" slack="0"/>
<pin id="285" dir="0" index="1" bw="12" slack="0"/>
<pin id="286" dir="1" index="2" bw="0" slack="2147483647"/>
</pin_list>
<bind>
<opcode="store(28) " fcode="store"/>
<opset="store_ln180/1 "/>
</bind>
</comp>

<comp id="288" class="1004" name="store_ln180_store_fu_288">
<pin_list>
<pin id="289" dir="0" index="0" bw="9" slack="0"/>
<pin id="290" dir="0" index="1" bw="9" slack="0"/>
<pin id="291" dir="1" index="2" bw="0" slack="2147483647"/>
</pin_list>
<bind>
<opcode="store(28) " fcode="store"/>
<opset="store_ln180/1 "/>
</bind>
</comp>

<comp id="293" class="1004" name="store_ln180_store_fu_293">
<pin_list>
<pin id="294" dir="0" index="0" bw="3" slack="0"/>
<pin id="295" dir="0" index="1" bw="3" slack="0"/>
<pin id="296" dir="1" index="2" bw="0" slack="2147483647"/>
</pin_list>
<bind>
<opcode="store(28) " fcode="store"/>
<opset="store_ln180/1 "/>
</bind>
</comp>

<comp id="298" class="1004" name="store_ln180_store_fu_298">
<pin_list>
<pin id="299" dir="0" index="0" bw="6" slack="0"/>
<pin id="300" dir="0" index="1" bw="6" slack="0"/>
<pin id="301" dir="1" index="2" bw="0" slack="2147483647"/>
</pin_list>
<bind>
<opcode="store(28) " fcode="store"/>
<opset="store_ln180/1 "/>
</bind>
</comp>

<comp id="303" class="1005" name="i_02_reg_303">
<pin_list>
<pin id="304" dir="0" index="0" bw="6" slack="0"/>
<pin id="305" dir="1" index="1" bw="6" slack="0"/>
</pin_list>
<bind>
<opset="i_02 "/>
</bind>
</comp>

<comp id="310" class="1005" name="h_reg_310">
<pin_list>
<pin id="311" dir="0" index="0" bw="3" slack="0"/>
<pin id="312" dir="1" index="1" bw="3" slack="0"/>
</pin_list>
<bind>
<opset="h "/>
</bind>
</comp>

<comp id="317" class="1005" name="indvar_flatten_reg_317">
<pin_list>
<pin id="318" dir="0" index="0" bw="9" slack="0"/>
<pin id="319" dir="1" index="1" bw="9" slack="0"/>
</pin_list>
<bind>
<opset="indvar_flatten "/>
</bind>
</comp>

<comp id="324" class="1005" name="indvar_flatten13_reg_324">
<pin_list>
<pin id="325" dir="0" index="0" bw="12" slack="0"/>
<pin id="326" dir="1" index="1" bw="12" slack="0"/>
</pin_list>
<bind>
<opset="indvar_flatten13 "/>
</bind>
</comp>

<comp id="331" class="1005" name="icmp_ln178_reg_331">
<pin_list>
<pin id="332" dir="0" index="0" bw="1" slack="1"/>
<pin id="333" dir="1" index="1" bw="1" slack="2147483647"/>
</pin_list>
<bind>
<opset="icmp_ln178 "/>
</bind>
</comp>

<comp id="335" class="1005" name="select_ln179_reg_335">
<pin_list>
<pin id="336" dir="0" index="0" bw="2" slack="1"/>
<pin id="337" dir="1" index="1" bw="2" slack="2147483647"/>
</pin_list>
<bind>
<opset="select_ln179 "/>
</bind>
</comp>

</comp_list>

<net_list>
<net id="73"><net_src comp="10" pin="0"/><net_sink comp="70" pin=0"/></net>

<net id="77"><net_src comp="10" pin="0"/><net_sink comp="74" pin=0"/></net>

<net id="81"><net_src comp="10" pin="0"/><net_sink comp="78" pin=0"/></net>

<net id="85"><net_src comp="10" pin="0"/><net_sink comp="82" pin=0"/></net>

<net id="90"><net_src comp="66" pin="0"/><net_sink comp="86" pin=0"/></net>

<net id="91"><net_src comp="4" pin="0"/><net_sink comp="86" pin=1"/></net>

<net id="96"><net_src comp="66" pin="0"/><net_sink comp="92" pin=0"/></net>

<net id="97"><net_src comp="2" pin="0"/><net_sink comp="92" pin=1"/></net>

<net id="102"><net_src comp="66" pin="0"/><net_sink comp="98" pin=0"/></net>

<net id="103"><net_src comp="0" pin="0"/><net_sink comp="98" pin=1"/></net>

<net id="108"><net_src comp="66" pin="0"/><net_sink comp="104" pin=0"/></net>

<net id="109"><net_src comp="6" pin="0"/><net_sink comp="104" pin=1"/></net>

<net id="115"><net_src comp="68" pin="0"/><net_sink comp="110" pin=0"/></net>

<net id="116"><net_src comp="8" pin="0"/><net_sink comp="110" pin=1"/></net>

<net id="130"><net_src comp="98" pin="2"/><net_sink comp="120" pin=0"/></net>

<net id="131"><net_src comp="92" pin="2"/><net_sink comp="120" pin=2"/></net>

<net id="132"><net_src comp="86" pin="2"/><net_sink comp="120" pin=4"/></net>

<net id="133"><net_src comp="104" pin="2"/><net_sink comp="120" pin=6"/></net>

<net id="134"><net_src comp="120" pin="8"/><net_sink comp="110" pin=2"/></net>

<net id="139"><net_src comp="22" pin="0"/><net_sink comp="135" pin=0"/></net>

<net id="144"><net_src comp="24" pin="0"/><net_sink comp="140" pin=0"/></net>

<net id="149"><net_src comp="26" pin="0"/><net_sink comp="145" pin=0"/></net>

<net id="154"><net_src comp="28" pin="0"/><net_sink comp="150" pin=0"/></net>

<net id="168"><net_src comp="161" pin="1"/><net_sink comp="164" pin=0"/></net>

<net id="169"><net_src comp="30" pin="0"/><net_sink comp="164" pin=1"/></net>

<net id="174"><net_src comp="161" pin="1"/><net_sink comp="170" pin=0"/></net>

<net id="175"><net_src comp="32" pin="0"/><net_sink comp="170" pin=1"/></net>

<net id="183"><net_src comp="158" pin="1"/><net_sink comp="179" pin=0"/></net>

<net id="184"><net_src comp="42" pin="0"/><net_sink comp="179" pin=1"/></net>

<net id="190"><net_src comp="179" pin="2"/><net_sink comp="185" pin=0"/></net>

<net id="191"><net_src comp="26" pin="0"/><net_sink comp="185" pin=1"/></net>

<net id="192"><net_src comp="176" pin="1"/><net_sink comp="185" pin=2"/></net>

<net id="196"><net_src comp="176" pin="1"/><net_sink comp="193" pin=0"/></net>

<net id="202"><net_src comp="179" pin="2"/><net_sink comp="197" pin=0"/></net>

<net id="203"><net_src comp="44" pin="0"/><net_sink comp="197" pin=1"/></net>

<net id="204"><net_src comp="193" pin="1"/><net_sink comp="197" pin=2"/></net>

<net id="209"><net_src comp="179" pin="2"/><net_sink comp="205" pin=0"/></net>

<net id="210"><net_src comp="46" pin="0"/><net_sink comp="205" pin=1"/></net>

<net id="215"><net_src comp="155" pin="1"/><net_sink comp="211" pin=0"/></net>

<net id="216"><net_src comp="48" pin="0"/><net_sink comp="211" pin=1"/></net>

<net id="221"><net_src comp="211" pin="2"/><net_sink comp="217" pin=0"/></net>

<net id="222"><net_src comp="205" pin="2"/><net_sink comp="217" pin=1"/></net>

<net id="227"><net_src comp="185" pin="3"/><net_sink comp="223" pin=0"/></net>

<net id="228"><net_src comp="50" pin="0"/><net_sink comp="223" pin=1"/></net>

<net id="232"><net_src comp="223" pin="2"/><net_sink comp="229" pin=0"/></net>

<net id="238"><net_src comp="217" pin="2"/><net_sink comp="233" pin=0"/></net>

<net id="239"><net_src comp="229" pin="1"/><net_sink comp="233" pin=1"/></net>

<net id="240"><net_src comp="197" pin="3"/><net_sink comp="233" pin=2"/></net>

<net id="246"><net_src comp="217" pin="2"/><net_sink comp="241" pin=0"/></net>

<net id="247"><net_src comp="223" pin="2"/><net_sink comp="241" pin=1"/></net>

<net id="248"><net_src comp="185" pin="3"/><net_sink comp="241" pin=2"/></net>

<net id="253"><net_src comp="155" pin="1"/><net_sink comp="249" pin=0"/></net>

<net id="254"><net_src comp="62" pin="0"/><net_sink comp="249" pin=1"/></net>

<net id="259"><net_src comp="217" pin="2"/><net_sink comp="255" pin=0"/></net>

<net id="260"><net_src comp="179" pin="2"/><net_sink comp="255" pin=1"/></net>

<net id="266"><net_src comp="255" pin="2"/><net_sink comp="261" pin=0"/></net>

<net id="267"><net_src comp="62" pin="0"/><net_sink comp="261" pin=1"/></net>

<net id="268"><net_src comp="249" pin="2"/><net_sink comp="261" pin=2"/></net>

<net id="273"><net_src comp="158" pin="1"/><net_sink comp="269" pin=0"/></net>

<net id="274"><net_src comp="64" pin="0"/><net_sink comp="269" pin=1"/></net>

<net id="280"><net_src comp="179" pin="2"/><net_sink comp="275" pin=0"/></net>

<net id="281"><net_src comp="64" pin="0"/><net_sink comp="275" pin=1"/></net>

<net id="282"><net_src comp="269" pin="2"/><net_sink comp="275" pin=2"/></net>

<net id="287"><net_src comp="170" pin="2"/><net_sink comp="283" pin=0"/></net>

<net id="292"><net_src comp="275" pin="3"/><net_sink comp="288" pin=0"/></net>

<net id="297"><net_src comp="241" pin="3"/><net_sink comp="293" pin=0"/></net>

<net id="302"><net_src comp="261" pin="3"/><net_sink comp="298" pin=0"/></net>

<net id="306"><net_src comp="70" pin="1"/><net_sink comp="303" pin=0"/></net>

<net id="307"><net_src comp="303" pin="1"/><net_sink comp="150" pin=1"/></net>

<net id="308"><net_src comp="303" pin="1"/><net_sink comp="155" pin=0"/></net>

<net id="309"><net_src comp="303" pin="1"/><net_sink comp="298" pin=1"/></net>

<net id="313"><net_src comp="74" pin="1"/><net_sink comp="310" pin=0"/></net>

<net id="314"><net_src comp="310" pin="1"/><net_sink comp="145" pin=1"/></net>

<net id="315"><net_src comp="310" pin="1"/><net_sink comp="176" pin=0"/></net>

<net id="316"><net_src comp="310" pin="1"/><net_sink comp="293" pin=1"/></net>

<net id="320"><net_src comp="78" pin="1"/><net_sink comp="317" pin=0"/></net>

<net id="321"><net_src comp="317" pin="1"/><net_sink comp="140" pin=1"/></net>

<net id="322"><net_src comp="317" pin="1"/><net_sink comp="158" pin=0"/></net>

<net id="323"><net_src comp="317" pin="1"/><net_sink comp="288" pin=1"/></net>

<net id="327"><net_src comp="82" pin="1"/><net_sink comp="324" pin=0"/></net>

<net id="328"><net_src comp="324" pin="1"/><net_sink comp="135" pin=1"/></net>

<net id="329"><net_src comp="324" pin="1"/><net_sink comp="161" pin=0"/></net>

<net id="330"><net_src comp="324" pin="1"/><net_sink comp="283" pin=1"/></net>

<net id="334"><net_src comp="164" pin="2"/><net_sink comp="331" pin=0"/></net>

<net id="338"><net_src comp="233" pin="3"/><net_sink comp="335" pin=0"/></net>

</net_list>

</model> 
---------------- Datapath Model END ------------------

* FSMD analyzer results:
  - Output states:
	Port: out_linear4 | {2 }
 - Input state : 
	Port: merge_heads : head_out_0 | {2 }
	Port: merge_heads : head_out_1 | {2 }
	Port: merge_heads : head_out_2 | {2 }
	Port: merge_heads : head_out_3 | {2 }
  - Chain level:
	State 1
		store_ln178 : 1
		store_ln178 : 1
		store_ln178 : 1
		store_ln178 : 1
		i_19 : 1
		indvar_flatten_load : 1
		indvar_flatten13_load : 1
		icmp_ln178 : 2
		add_ln178 : 2
		br_ln178 : 3
		h_load : 1
		icmp_ln179 : 2
		select_ln178 : 3
		empty_90 : 2
		select_ln178_1 : 3
		xor_ln178 : 3
		icmp_ln180 : 2
		and_ln178 : 3
		add_ln179 : 4
		empty_91 : 5
		select_ln179 : 6
		select_ln179_1 : 3
		switch_ln182 : 7
		add_ln180 : 2
		or_ln180 : 3
		i : 3
		add_ln179_1 : 2
		select_ln179_2 : 3
		store_ln180 : 3
		store_ln180 : 4
		store_ln180 : 4
		store_ln180 : 4
	State 2
		empty : 1
		write_ln182 : 2


============================================================
+ Verbose Summary: Datapath Resource usage 
============================================================

* Functional unit list:
|----------|-----------------------------|---------|---------|
| Operation|       Functional Unit       |    FF   |   LUT   |
|----------|-----------------------------|---------|---------|
|          |       add_ln178_fu_170      |    0    |    19   |
|    add   |       add_ln179_fu_223      |    0    |    10   |
|          |       add_ln180_fu_249      |    0    |    13   |
|          |      add_ln179_1_fu_269     |    0    |    16   |
|----------|-----------------------------|---------|---------|
|          |      icmp_ln178_fu_164      |    0    |    12   |
|   icmp   |      icmp_ln179_fu_179      |    0    |    11   |
|          |      icmp_ln180_fu_211      |    0    |    10   |
|----------|-----------------------------|---------|---------|
|          |     select_ln178_fu_185     |    0    |    3    |
|          |    select_ln178_1_fu_197    |    0    |    2    |
|  select  |     select_ln179_fu_233     |    0    |    2    |
|          |    select_ln179_1_fu_241    |    0    |    3    |
|          |           i_fu_261          |    0    |    6    |
|          |    select_ln179_2_fu_275    |    0    |    9    |
|----------|-----------------------------|---------|---------|
|    xor   |       xor_ln178_fu_205      |    0    |    2    |
|----------|-----------------------------|---------|---------|
|    and   |       and_ln178_fu_217      |    0    |    2    |
|----------|-----------------------------|---------|---------|
|    or    |       or_ln180_fu_255       |    0    |    2    |
|----------|-----------------------------|---------|---------|
|          |  head_out_2_read_read_fu_86 |    0    |    0    |
|   read   |  head_out_1_read_read_fu_92 |    0    |    0    |
|          |  head_out_0_read_read_fu_98 |    0    |    0    |
|          | head_out_3_read_read_fu_104 |    0    |    0    |
|----------|-----------------------------|---------|---------|
|   write  |   write_ln182_write_fu_110  |    0    |    0    |
|----------|-----------------------------|---------|---------|
|   trunc  |       empty_90_fu_193       |    0    |    0    |
|          |       empty_91_fu_229       |    0    |    0    |
|----------|-----------------------------|---------|---------|
|   Total  |                             |    0    |   122   |
|----------|-----------------------------|---------|---------|

Memories:
N/A

* Register list:
+------------------------+--------+
|                        |   FF   |
+------------------------+--------+
|      empty_reg_117     |    8   |
|        h_reg_310       |    3   |
|      i_02_reg_303      |    6   |
|   icmp_ln178_reg_331   |    1   |
|indvar_flatten13_reg_324|   12   |
| indvar_flatten_reg_317 |    9   |
|  select_ln179_reg_335  |    2   |
+------------------------+--------+
|          Total         |   41   |
+------------------------+--------+

* Multiplexer (MUX) list: 
|--------|------|------|------|--------|
|  Comp  |  Pin | Size |  BW  | S x BW |
|--------|------|------|------|--------|
|  Total |      |      |      |    0   |
|--------|------|------|------|--------|



* Summary:
+-----------+--------+--------+
|           |   FF   |   LUT  |
+-----------+--------+--------+
|  Function |    0   |   122  |
|   Memory  |    -   |    -   |
|Multiplexer|    -   |    -   |
|  Register |   41   |    -   |
+-----------+--------+--------+
|   Total   |   41   |   122  |
+-----------+--------+--------+
