

================================================================
== Vitis HLS Report for 'MM1_tiled_15'
================================================================
* Date:           Thu Jun 18 11:11:36 2026

* Version:        2022.2 (Build 3670227 on Oct 13 2022)
* Project:        ViT_Block
* Solution:       ViT_Block (Vivado IP Flow Target)
* Product family: virtexuplus
* Target device:  xcu250-figd2104-2L-e


================================================================
== Performance Estimates
================================================================
+ Timing: 
    * Summary: 
    +--------+----------+----------+------------+
    |  Clock |  Target  | Estimated| Uncertainty|
    +--------+----------+----------+------------+
    |ap_clk  |  10.00 ns|  4.723 ns|     2.70 ns|
    +--------+----------+----------+------------+

+ Latency: 
    * Summary: 
    +---------+---------+-----------+-----------+------+------+----------+
    |  Latency (cycles) |   Latency (absolute)  |   Interval  | Pipeline |
    |   min   |   max   |    min    |    max    |  min |  max |   Type   |
    +---------+---------+-----------+-----------+------+------+----------+
    |     2368|     2368|  23.680 us|  23.680 us|  2369|  2369|  dataflow|
    +---------+---------+-----------+-----------+------+------+----------+

    + Detail: 
        * Instance: 
        +-----------------------------------------------------------------------------+-------------------------------------------------------------------+---------+---------+-----------+-----------+------+------+---------+
        |                                                                             |                                                                   |  Latency (cycles) |   Latency (absolute)  |   Interval  | Pipeline|
        |                                   Instance                                  |                               Module                              |   min   |   max   |    min    |    max    |  min |  max |   Type  |
        +-----------------------------------------------------------------------------+-------------------------------------------------------------------+---------+---------+-----------+-----------+------+------+---------+
        |grp_MatMul_KV_tiled_17_17_48_1_1_1_1_1_382_16_0_ap_int_8_ap_int_32_23_fu_20  |MatMul_KV_tiled_17_17_48_1_1_1_1_1_382_16_0_ap_int_8_ap_int_32_23  |     2368|     2368|  23.680 us|  23.680 us|  2368|  2368|       no|
        +-----------------------------------------------------------------------------+-------------------------------------------------------------------+---------+---------+-----------+-----------+------+------+---------+

        * Loop: 
        N/A

============================================================
+ Verbose Summary: Synthesis Manager
============================================================
InlineROM: 1
ExposeGlobal: 0
============================================================
+ Verbose Summary: CDFG Model
============================================================
IsTopModel: 0
ResetActiveHigh: 1
IsCombinational: 2
IsDatapathOnly: 0
HasWiredReturn: 1
HasMFsm: 0
HasVarLatency: 1
IsPipeline: 0
IsRtlPipelined: 0
IsInstanceOverlapped: 0
IsDontTouch: 0
HasImplIP: 0
IsGatedGlobalClock: 0


============================================================
+ Verbose Summary: Schedule
============================================================
* Number of FSM states : 2
* Pipeline : 0
* Dataflow Pipeline: 1
  DF-Pipeline-0: Size = 2, States = { 1 2 }

* FSM state transitions: 
1 --> 2 
2 --> 

* FSM state operations: 

State 1 <SV = 0> <Delay = 0.00>
ST_1 : Operation 3 [2/2] (0.00ns)   --->   "%call_ln44 = call void @MatMul_KV_tiled<17, 17, 48, 1, 1, 1, 1, 1, 382, 16, 0, ap_int<8>, ap_int<32> >.23, i8 %A_sx_3, i8 %V_1_3, i8 %head_out_3" [/home/fede/PhD/transformer-hls/hls/src/layers/MM_tiled.cpp:44]   --->   Operation 3 'call' 'call_ln44' <Predicate = true> <Delay = 0.00> <CoreType = "Generic">   --->   Core 0 '' <Latency = 0> <II = 1> <Delay = 1.00> <Generic> <Opcode : >

State 2 <SV = 1> <Delay = 0.00>
ST_2 : Operation 4 [1/1] (0.00ns)   --->   "%specdataflowpipeline_ln34 = specdataflowpipeline void @_ssdm_op_SpecDataflowPipeline, i32 4294967295, i32 0, void @empty_26" [/home/fede/PhD/transformer-hls/hls/src/layers/MM_tiled.cpp:34]   --->   Operation 4 'specdataflowpipeline' 'specdataflowpipeline_ln34' <Predicate = true> <Delay = 0.00>
ST_2 : Operation 5 [1/1] (0.00ns)   --->   "%specinterface_ln0 = specinterface void @_ssdm_op_SpecInterface, i8 %head_out_3, void @empty_0, i32 0, i32 0, void @empty_26, i32 0, i32 0, void @empty_26, void @empty_26, void @empty_26, i32 0, i32 0, i32 0, i32 0, void @empty_26, void @empty_26, i32 4294967295, i32 0"   --->   Operation 5 'specinterface' 'specinterface_ln0' <Predicate = true> <Delay = 0.00>
ST_2 : Operation 6 [1/1] (0.00ns)   --->   "%specinterface_ln0 = specinterface void @_ssdm_op_SpecInterface, i8 %A_sx_3, void @empty_0, i32 0, i32 0, void @empty_26, i32 0, i32 0, void @empty_26, void @empty_26, void @empty_26, i32 0, i32 0, i32 0, i32 0, void @empty_26, void @empty_26, i32 4294967295, i32 0"   --->   Operation 6 'specinterface' 'specinterface_ln0' <Predicate = true> <Delay = 0.00>
ST_2 : Operation 7 [1/1] (0.00ns)   --->   "%specinterface_ln0 = specinterface void @_ssdm_op_SpecInterface, i8 %V_1_3, void @empty_0, i32 0, i32 0, void @empty_26, i32 0, i32 0, void @empty_26, void @empty_26, void @empty_26, i32 0, i32 0, i32 0, i32 0, void @empty_26, void @empty_26, i32 4294967295, i32 0"   --->   Operation 7 'specinterface' 'specinterface_ln0' <Predicate = true> <Delay = 0.00>
ST_2 : Operation 8 [1/2] (0.00ns)   --->   "%call_ln44 = call void @MatMul_KV_tiled<17, 17, 48, 1, 1, 1, 1, 1, 382, 16, 0, ap_int<8>, ap_int<32> >.23, i8 %A_sx_3, i8 %V_1_3, i8 %head_out_3" [/home/fede/PhD/transformer-hls/hls/src/layers/MM_tiled.cpp:44]   --->   Operation 8 'call' 'call_ln44' <Predicate = true> <Delay = 0.00> <CoreType = "Generic">   --->   Core 0 '' <Latency = 0> <II = 1> <Delay = 1.00> <Generic> <Opcode : >
ST_2 : Operation 9 [1/1] (0.00ns)   --->   "%ret_ln52 = ret" [/home/fede/PhD/transformer-hls/hls/src/layers/MM_tiled.cpp:52]   --->   Operation 9 'ret' 'ret_ln52' <Predicate = true> <Delay = 0.00>


============================================================
+ Verbose Summary: Binding
============================================================
STG Binding: 
---------------- STG Properties BEGIN ----------------
- Is combinational: 0
- Is one-state seq: 0
- Is datapath-only: 0
- Is pipelined: 0
- Is top level: 0
Port [ Return ] is wired: 1; IO mode=ap_ctrl_hs:ce=0
Port [ A_sx_3]:  wired=1; compound=1; hidden=0; nouse=0; global=0; static=0; extern=0; dir=0; type=3; pingpong=0; private_global=0; IO mode=ap_fifo:ce=0
Port [ V_1_3]:  wired=1; compound=1; hidden=0; nouse=0; global=0; static=0; extern=0; dir=0; type=3; pingpong=0; private_global=0; IO mode=ap_fifo:ce=0
Port [ head_out_3]:  wired=1; compound=1; hidden=0; nouse=0; global=0; static=0; extern=0; dir=1; type=3; pingpong=0; private_global=0; IO mode=ap_fifo:ce=0
---------------- STG Properties END ------------------

---------------- Datapath Model BEGIN ----------------

<LifeTime>
<method=bitvector/>
specdataflowpipeline_ln34 (specdataflowpipeline) [ 000]
specinterface_ln0         (specinterface       ) [ 000]
specinterface_ln0         (specinterface       ) [ 000]
specinterface_ln0         (specinterface       ) [ 000]
call_ln44                 (call                ) [ 000]
ret_ln52                  (ret                 ) [ 000]
</LifeTime>

<model>

<comp_list>
<comp id="0" class="1000" name="A_sx_3">
<pin_list>
<pin id="1" dir="1" index="0" bw="1" slack="0"/>
</pin_list>
<bind>
<StgValue><ssdm name="A_sx_3"/></StgValue>
</bind>
</comp>

<comp id="2" class="1000" name="V_1_3">
<pin_list>
<pin id="3" dir="1" index="0" bw="1" slack="0"/>
</pin_list>
<bind>
<StgValue><ssdm name="V_1_3"/></StgValue>
</bind>
</comp>

<comp id="4" class="1000" name="head_out_3">
<pin_list>
<pin id="5" dir="1" index="0" bw="1" slack="0"/>
</pin_list>
<bind>
<StgValue><ssdm name="head_out_3"/></StgValue>
</bind>
</comp>

<comp id="6" class="1001" name="const_6">
<pin_list>
<pin id="7" dir="1" index="0" bw="1" slack="0"/>
</pin_list>
<bind>
<StgValue><ssdm name="MatMul_KV_tiled<17, 17, 48, 1, 1, 1, 1, 1, 382, 16, 0, ap_int<8>, ap_int<32> >.23"/></StgValue>
</bind>
</comp>

<comp id="8" class="1001" name="const_8">
<pin_list>
<pin id="9" dir="1" index="0" bw="1" slack="2147483647"/>
</pin_list>
<bind>
<StgValue><ssdm name="_ssdm_op_SpecDataflowPipeline"/></StgValue>
</bind>
</comp>

<comp id="10" class="1001" name="const_10">
<pin_list>
<pin id="11" dir="1" index="0" bw="1" slack="2147483647"/>
</pin_list>
<bind>
<StgValue><ssdm name=""/></StgValue>
</bind>
</comp>

<comp id="12" class="1001" name="const_12">
<pin_list>
<pin id="13" dir="1" index="0" bw="1" slack="2147483647"/>
</pin_list>
<bind>
<StgValue><ssdm name=""/></StgValue>
</bind>
</comp>

<comp id="14" class="1001" name="const_14">
<pin_list>
<pin id="15" dir="1" index="0" bw="1" slack="2147483647"/>
</pin_list>
<bind>
<StgValue><ssdm name="empty_26"/></StgValue>
</bind>
</comp>

<comp id="16" class="1001" name="const_16">
<pin_list>
<pin id="17" dir="1" index="0" bw="1" slack="2147483647"/>
</pin_list>
<bind>
<StgValue><ssdm name="_ssdm_op_SpecInterface"/></StgValue>
</bind>
</comp>

<comp id="18" class="1001" name="const_18">
<pin_list>
<pin id="19" dir="1" index="0" bw="1" slack="2147483647"/>
</pin_list>
<bind>
<StgValue><ssdm name="empty_0"/></StgValue>
</bind>
</comp>

<comp id="20" class="1004" name="grp_MatMul_KV_tiled_17_17_48_1_1_1_1_1_382_16_0_ap_int_8_ap_int_32_23_fu_20">
<pin_list>
<pin id="21" dir="0" index="0" bw="0" slack="0"/>
<pin id="22" dir="0" index="1" bw="8" slack="0"/>
<pin id="23" dir="0" index="2" bw="8" slack="0"/>
<pin id="24" dir="0" index="3" bw="8" slack="0"/>
<pin id="25" dir="1" index="4" bw="0" slack="2147483647"/>
</pin_list>
<bind>
<opcode="call(48) " fcode="call"/>
<opset="call_ln44/1 "/>
</bind>
</comp>

</comp_list>

<net_list>
<net id="26"><net_src comp="6" pin="0"/><net_sink comp="20" pin=0"/></net>

<net id="27"><net_src comp="0" pin="0"/><net_sink comp="20" pin=1"/></net>

<net id="28"><net_src comp="2" pin="0"/><net_sink comp="20" pin=2"/></net>

<net id="29"><net_src comp="4" pin="0"/><net_sink comp="20" pin=3"/></net>

</net_list>

</model> 
---------------- Datapath Model END ------------------

* FSMD analyzer results:
  - Output states:
	Port: head_out_3 | {1 2 }
 - Input state : 
	Port: MM1_tiled.15 : A_sx_3 | {1 2 }
	Port: MM1_tiled.15 : V_1_3 | {1 2 }
  - Chain level:
	State 1
	State 2


============================================================
+ Verbose Summary: Datapath Resource usage 
============================================================

* Functional unit list:
|----------|-----------------------------------------------------------------------------|---------|---------|---------|---------|---------|---------|
| Operation|                               Functional Unit                               |   BRAM  |   DSP   |  Delay  |    FF   |   LUT   |   URAM  |
|----------|-----------------------------------------------------------------------------|---------|---------|---------|---------|---------|---------|
|   call   | grp_MatMul_KV_tiled_17_17_48_1_1_1_1_1_382_16_0_ap_int_8_ap_int_32_23_fu_20 |    16   |    12   | 13.1726 |   1254  |   1257  |    0    |
|----------|-----------------------------------------------------------------------------|---------|---------|---------|---------|---------|---------|
|   Total  |                                                                             |    16   |    12   | 13.1726 |   1254  |   1257  |    0    |
|----------|-----------------------------------------------------------------------------|---------|---------|---------|---------|---------|---------|

Memories:
N/A

* Register list:
N/A

* Multiplexer (MUX) list: 
|--------|------|------|------|--------|
|  Comp  |  Pin | Size |  BW  | S x BW |
|--------|------|------|------|--------|
|  Total |      |      |      |    0   |
|--------|------|------|------|--------|



* Summary:
+-----------+--------+--------+--------+--------+--------+--------+
|           |  BRAM  |   DSP  |  Delay |   FF   |   LUT  |  URAM  |
+-----------+--------+--------+--------+--------+--------+--------+
|  Function |   16   |   12   |   13   |  1254  |  1257  |    0   |
|   Memory  |    -   |    -   |    -   |    -   |    -   |    -   |
|Multiplexer|    -   |    -   |    -   |    -   |    -   |    -   |
|  Register |    -   |    -   |    -   |    -   |    -   |    -   |
+-----------+--------+--------+--------+--------+--------+--------+
|   Total   |   16   |   12   |   13   |  1254  |  1257  |    0   |
+-----------+--------+--------+--------+--------+--------+--------+
