

================================================================
== Vitis HLS Report for 'ResidualAddRequantSameScale_17_192_1_36296_16_0_ap_int_8_ap_int_16_s'
================================================================
* Date:           Thu Jun 18 11:11:43 2026

* Version:        2022.2 (Build 3670227 on Oct 13 2022)
* Project:        ViT_Block
* Solution:       ViT_Block (Vivado IP Flow Target)
* Product family: virtexuplus
* Target device:  xcu250-figd2104-2L-e


================================================================
== Performance Estimates
================================================================
+ Timing: 
    * Summary: 
    +--------+----------+----------+------------+
    |  Clock |  Target  | Estimated| Uncertainty|
    +--------+----------+----------+------------+
    |ap_clk  |  10.00 ns|  4.757 ns|     2.70 ns|
    +--------+----------+----------+------------+

+ Latency: 
    * Summary: 
    +---------+---------+-----------+-----------+------+------+---------+
    |  Latency (cycles) |   Latency (absolute)  |   Interval  | Pipeline|
    |   min   |   max   |    min    |    max    |  min |  max |   Type  |
    +---------+---------+-----------+-----------+------+------+---------+
    |     3269|     3269|  32.690 us|  32.690 us|  3269|  3269|       no|
    +---------+---------+-----------+-----------+------+------+---------+

    + Detail: 
        * Instance: 
        N/A

        * Loop: 
        +--------------------+---------+---------+----------+-----------+-----------+------+----------+
        |                    |  Latency (cycles) | Iteration|  Initiation Interval  | Trip |          |
        |      Loop Name     |   min   |   max   |  Latency |  achieved |   target  | Count| Pipelined|
        +--------------------+---------+---------+----------+-----------+-----------+------+----------+
        |- VITIS_LOOP_802_1  |     3267|     3267|         5|          1|          1|  3264|       yes|
        +--------------------+---------+---------+----------+-----------+-----------+------+----------+

============================================================
+ Verbose Summary: Synthesis Manager
============================================================
InlineROM: 1
ExposeGlobal: 0
============================================================
+ Verbose Summary: CDFG Model
============================================================
IsTopModel: 0
ResetActiveHigh: 1
IsCombinational: 2
IsDatapathOnly: 0
HasWiredReturn: 1
HasMFsm: 2
HasVarLatency: 1
IsPipeline: 0
IsRtlPipelined: 0
IsInstanceOverlapped: 0
IsDontTouch: 0
HasImplIP: 0
IsGatedGlobalClock: 0

+ Individual pipeline summary: 
  * Pipeline-0: initiation interval (II) = 1, depth = 5


============================================================
+ Verbose Summary: Schedule
============================================================
* Number of FSM states : 5
* Pipeline : 1
  Pipeline-0 : II = 1, D = 5, States = { 1 2 3 4 5 }
* Dataflow Pipeline: 0

* FSM state transitions: 
1 --> 2 
2 --> 3 
3 --> 4 
4 --> 5 
5 --> 

* FSM state operations: 

State 1 <SV = 0> <Delay = 1.13>
ST_1 : Operation 8 [1/1] (0.00ns)   --->   "%i = alloca i32 1"   --->   Operation 8 'alloca' 'i' <Predicate = true> <Delay = 0.00>
ST_1 : Operation 9 [1/1] (0.00ns)   --->   "%specinterface_ln0 = specinterface void @_ssdm_op_SpecInterface, i8 %mlp_out14, void @empty_0, i32 0, i32 0, void @empty_26, i32 0, i32 0, void @empty_26, void @empty_26, void @empty_26, i32 0, i32 0, i32 0, i32 0, void @empty_26, void @empty_26, i32 4294967295, i32 0"   --->   Operation 9 'specinterface' 'specinterface_ln0' <Predicate = true> <Delay = 0.00>
ST_1 : Operation 10 [1/1] (0.00ns)   --->   "%specinterface_ln0 = specinterface void @_ssdm_op_SpecInterface, i8 %res_1_rq11, void @empty_0, i32 0, i32 0, void @empty_26, i32 0, i32 0, void @empty_26, void @empty_26, void @empty_26, i32 0, i32 0, i32 0, i32 0, void @empty_26, void @empty_26, i32 4294967295, i32 0"   --->   Operation 10 'specinterface' 'specinterface_ln0' <Predicate = true> <Delay = 0.00>
ST_1 : Operation 11 [1/1] (0.00ns)   --->   "%specinterface_ln0 = specinterface void @_ssdm_op_SpecInterface, i8 %output_stream2, void @empty_0, i32 0, i32 0, void @empty_26, i32 0, i32 0, void @empty_26, void @empty_26, void @empty_26, i32 0, i32 0, i32 0, i32 0, void @empty_26, void @empty_26, i32 4294967295, i32 0"   --->   Operation 11 'specinterface' 'specinterface_ln0' <Predicate = true> <Delay = 0.00>
ST_1 : Operation 12 [1/1] (0.38ns)   --->   "%store_ln802 = store i12 0, i12 %i" [/home/fede/PhD/transformer-hls/hls/include/activations.h:802]   --->   Operation 12 'store' 'store_ln802' <Predicate = true> <Delay = 0.38>
ST_1 : Operation 13 [1/1] (0.00ns)   --->   "%br_ln802 = br void %for.body4" [/home/fede/PhD/transformer-hls/hls/include/activations.h:802]   --->   Operation 13 'br' 'br_ln802' <Predicate = true> <Delay = 0.00>
ST_1 : Operation 14 [1/1] (0.00ns)   --->   "%i_28 = load i12 %i" [/home/fede/PhD/transformer-hls/hls/include/activations.h:802]   --->   Operation 14 'load' 'i_28' <Predicate = true> <Delay = 0.00>
ST_1 : Operation 15 [1/1] (0.62ns)   --->   "%icmp_ln802 = icmp_eq  i12 %i_28, i12 3264" [/home/fede/PhD/transformer-hls/hls/include/activations.h:802]   --->   Operation 15 'icmp' 'icmp_ln802' <Predicate = true> <Delay = 0.62> <CoreInst = "Cmp">   --->   Core 9 'Cmp' <Latency = 0> <II = 1> <Delay = 0.62> <FuncUnit> <Opcode : 'icmp'> <InPorts = 2> <OutPorts = 1>
ST_1 : Operation 16 [1/1] (0.00ns)   --->   "%empty = speclooptripcount i32 @_ssdm_op_SpecLoopTripCount, i64 3264, i64 3264, i64 3264"   --->   Operation 16 'speclooptripcount' 'empty' <Predicate = true> <Delay = 0.00>
ST_1 : Operation 17 [1/1] (0.74ns)   --->   "%i_29 = add i12 %i_28, i12 1" [/home/fede/PhD/transformer-hls/hls/include/activations.h:802]   --->   Operation 17 'add' 'i_29' <Predicate = true> <Delay = 0.74> <CoreInst = "Adder">   --->   Core 1 'Adder' <Latency = 0> <II = 1> <Delay = 0.74> <FuncUnit> <Opcode : 'add' 'sub'> <InPorts = 2> <OutPorts = 1>
ST_1 : Operation 18 [1/1] (0.00ns)   --->   "%br_ln802 = br i1 %icmp_ln802, void %for.body4.split_ifconv, void %for.end25" [/home/fede/PhD/transformer-hls/hls/include/activations.h:802]   --->   Operation 18 'br' 'br_ln802' <Predicate = true> <Delay = 0.00>
ST_1 : Operation 19 [1/1] (0.38ns)   --->   "%store_ln802 = store i12 %i_29, i12 %i" [/home/fede/PhD/transformer-hls/hls/include/activations.h:802]   --->   Operation 19 'store' 'store_ln802' <Predicate = (!icmp_ln802)> <Delay = 0.38>

State 2 <SV = 1> <Delay = 4.75>
ST_2 : Operation 20 [1/1] (1.36ns)   --->   "%val_0_V = read i8 @_ssdm_op_Read.ap_fifo.volatile.i8P0A, i8 %mlp_out14" [/home/fede/PhD/transformer-hls/hls/include/activations.h:805]   --->   Operation 20 'read' 'val_0_V' <Predicate = true> <Delay = 1.36> <CoreInst = "FIFO_SRL">   --->   Core 81 'FIFO_SRL' <Latency = 0> <II = 1> <Delay = 1.36> <Storage> <Opcode : 'read' 'write' 'nbread' 'nbwrite'> <Ports = 0> <Width = 8> <Depth = 2> <FIFO>
ST_2 : Operation 21 [1/1] (1.24ns)   --->   "%val_1_V = read i8 @_ssdm_op_Read.ap_fifo.volatile.i8P0A, i8 %res_1_rq11" [/home/fede/PhD/transformer-hls/hls/include/activations.h:806]   --->   Operation 21 'read' 'val_1_V' <Predicate = true> <Delay = 1.24> <CoreInst = "FIFO">   --->   Core 78 'FIFO' <Latency = 0> <II = 1> <Delay = 1.24> <Storage> <Opcode : 'read' 'write' 'nbread' 'nbwrite'> <Ports = 0> <Width = 8> <Depth = 3072> <FIFO>
ST_2 : Operation 22 [1/1] (0.00ns)   --->   "%sext_ln826 = sext i8 %val_0_V" [/home/fede/PhD/transformer-hls/hls/include/activations.h:826]   --->   Operation 22 'sext' 'sext_ln826' <Predicate = true> <Delay = 0.00>
ST_2 : Operation 23 [1/1] (0.00ns)   --->   "%sext_ln826_2 = sext i8 %val_1_V" [/home/fede/PhD/transformer-hls/hls/include/activations.h:826]   --->   Operation 23 'sext' 'sext_ln826_2' <Predicate = true> <Delay = 0.00>
ST_2 : Operation 24 [1/1] (2.39ns) (grouped into DSP with root node prod_V)   --->   "%sum_V = add i9 %sext_ln826_2, i9 %sext_ln826" [/home/fede/PhD/transformer-hls/hls/include/activations.h:826]   --->   Operation 24 'add' 'sum_V' <Predicate = true> <Delay = 2.39> <CoreInst = "DSP48">   --->   Core 127 'DSP48' <Latency = 3> <II = 1> <Delay = 0.53> <IPBlock> <Opcode : 'mul' 'add' 'sub' 'select'> <InPorts = 0> <OutPorts = 1> <Sync> <CReg>
ST_2 : Operation 25 [1/1] (0.00ns) (grouped into DSP with root node prod_V)   --->   "%sext_ln744 = sext i9 %sum_V" [/home/fede/PhD/transformer-hls/hls/include/activations.h:744]   --->   Operation 25 'sext' 'sext_ln744' <Predicate = true> <Delay = 0.00>
ST_2 : Operation 26 [4/4] (0.99ns) (root node of the DSP)   --->   "%prod_V = mul i26 %sext_ln744, i26 36296" [/home/fede/PhD/transformer-hls/hls/include/activations.h:744]   --->   Operation 26 'mul' 'prod_V' <Predicate = true> <Delay = 0.99> <CoreInst = "DSP48">   --->   Core 127 'DSP48' <Latency = 3> <II = 1> <Delay = 0.53> <IPBlock> <Opcode : 'mul' 'add' 'sub' 'select'> <InPorts = 0> <OutPorts = 1> <Sync> <CReg>

State 3 <SV = 2> <Delay = 0.99>
ST_3 : Operation 27 [3/4] (0.99ns) (root node of the DSP)   --->   "%prod_V = mul i26 %sext_ln744, i26 36296" [/home/fede/PhD/transformer-hls/hls/include/activations.h:744]   --->   Operation 27 'mul' 'prod_V' <Predicate = true> <Delay = 0.99> <CoreInst = "DSP48">   --->   Core 127 'DSP48' <Latency = 3> <II = 1> <Delay = 0.53> <IPBlock> <Opcode : 'mul' 'add' 'sub' 'select'> <InPorts = 0> <OutPorts = 1> <Sync> <CReg>

State 4 <SV = 3> <Delay = 0.99>
ST_4 : Operation 28 [2/4] (0.99ns) (root node of the DSP)   --->   "%prod_V = mul i26 %sext_ln744, i26 36296" [/home/fede/PhD/transformer-hls/hls/include/activations.h:744]   --->   Operation 28 'mul' 'prod_V' <Predicate = true> <Delay = 0.99> <CoreInst = "DSP48">   --->   Core 127 'DSP48' <Latency = 3> <II = 1> <Delay = 0.53> <IPBlock> <Opcode : 'mul' 'add' 'sub' 'select'> <InPorts = 0> <OutPorts = 1> <Sync> <CReg>
ST_4 : Operation 51 [1/1] (0.00ns)   --->   "%ret_ln847 = ret" [/home/fede/PhD/transformer-hls/hls/include/activations.h:847]   --->   Operation 51 'ret' 'ret_ln847' <Predicate = (icmp_ln802)> <Delay = 0.00>

State 5 <SV = 4> <Delay = 4.10>
ST_5 : Operation 29 [1/1] (0.00ns)   --->   "%specpipeline_ln803 = specpipeline void @_ssdm_op_SpecPipeline, i32 1, i32 0, i32 0, i32 0, void @empty_26" [/home/fede/PhD/transformer-hls/hls/include/activations.h:803]   --->   Operation 29 'specpipeline' 'specpipeline_ln803' <Predicate = true> <Delay = 0.00>
ST_5 : Operation 30 [1/1] (0.00ns)   --->   "%specloopname_ln802 = specloopname void @_ssdm_op_SpecLoopName, void @empty_5" [/home/fede/PhD/transformer-hls/hls/include/activations.h:802]   --->   Operation 30 'specloopname' 'specloopname_ln802' <Predicate = true> <Delay = 0.00>
ST_5 : Operation 31 [1/4] (0.00ns) (root node of the DSP)   --->   "%prod_V = mul i26 %sext_ln744, i26 36296" [/home/fede/PhD/transformer-hls/hls/include/activations.h:744]   --->   Operation 31 'mul' 'prod_V' <Predicate = true> <Delay = 0.00> <CoreInst = "DSP48">   --->   Core 127 'DSP48' <Latency = 3> <II = 1> <Delay = 0.53> <IPBlock> <Opcode : 'mul' 'add' 'sub' 'select'> <InPorts = 0> <OutPorts = 1> <Sync> <CReg>
ST_5 : Operation 32 [1/1] (0.00ns)   --->   "%tmp = bitselect i1 @_ssdm_op_BitSelect.i1.i26.i32, i26 %prod_V, i32 25"   --->   Operation 32 'bitselect' 'tmp' <Predicate = true> <Delay = 0.00>
ST_5 : Operation 33 [1/1] (0.00ns)   --->   "%trunc_ln753 = trunc i26 %prod_V" [/home/fede/PhD/transformer-hls/hls/include/activations.h:753]   --->   Operation 33 'trunc' 'trunc_ln753' <Predicate = true> <Delay = 0.00>
ST_5 : Operation 34 [1/1] (0.83ns)   --->   "%ret_V = add i24 %trunc_ln753, i24 32768"   --->   Operation 34 'add' 'ret_V' <Predicate = true> <Delay = 0.83> <CoreInst = "Adder">   --->   Core 1 'Adder' <Latency = 0> <II = 1> <Delay = 0.83> <FuncUnit> <Opcode : 'add' 'sub'> <InPorts = 2> <OutPorts = 1>
ST_5 : Operation 35 [1/1] (0.00ns)   --->   "%trunc_ln = partselect i8 @_ssdm_op_PartSelect.i8.i24.i32.i32, i24 %ret_V, i32 16, i32 23" [/home/fede/PhD/transformer-hls/hls/include/activations.h:745]   --->   Operation 35 'partselect' 'trunc_ln' <Predicate = true> <Delay = 0.00>
ST_5 : Operation 36 [1/1] (0.00ns)   --->   "%zext_ln745 = zext i8 %trunc_ln" [/home/fede/PhD/transformer-hls/hls/include/activations.h:745]   --->   Operation 36 'zext' 'zext_ln745' <Predicate = true> <Delay = 0.00>
ST_5 : Operation 37 [1/1] (0.83ns)   --->   "%ret_V_8 = sub i24 32768, i24 %trunc_ln753"   --->   Operation 37 'sub' 'ret_V_8' <Predicate = true> <Delay = 0.83> <CoreInst = "Adder">   --->   Core 1 'Adder' <Latency = 0> <II = 1> <Delay = 0.83> <FuncUnit> <Opcode : 'add' 'sub'> <InPorts = 2> <OutPorts = 1>
ST_5 : Operation 38 [1/1] (0.00ns)   --->   "%trunc_ln4 = partselect i8 @_ssdm_op_PartSelect.i8.i24.i32.i32, i24 %ret_V_8, i32 16, i32 23" [/home/fede/PhD/transformer-hls/hls/include/activations.h:756]   --->   Operation 38 'partselect' 'trunc_ln4' <Predicate = true> <Delay = 0.00>
ST_5 : Operation 39 [1/1] (0.00ns)   --->   "%zext_ln756 = zext i8 %trunc_ln4" [/home/fede/PhD/transformer-hls/hls/include/activations.h:756]   --->   Operation 39 'zext' 'zext_ln756' <Predicate = true> <Delay = 0.00>
ST_5 : Operation 40 [1/1] (0.70ns)   --->   "%rq_V = sub i9 0, i9 %zext_ln756" [/home/fede/PhD/transformer-hls/hls/include/activations.h:756]   --->   Operation 40 'sub' 'rq_V' <Predicate = true> <Delay = 0.70> <CoreInst = "Adder">   --->   Core 1 'Adder' <Latency = 0> <II = 1> <Delay = 0.70> <FuncUnit> <Opcode : 'add' 'sub'> <InPorts = 2> <OutPorts = 1>
ST_5 : Operation 41 [1/1] (0.30ns)   --->   "%rq_V_7 = select i1 %tmp, i9 %rq_V, i9 %zext_ln745"   --->   Operation 41 'select' 'rq_V_7' <Predicate = true> <Delay = 0.30> <CoreInst = "Sel">   --->   Core 73 'Sel' <Latency = 0> <II = 1> <Delay = 0.30> <FuncUnit> <Opcode : 'select'> <InPorts = 3> <OutPorts = 1>
ST_5 : Operation 42 [1/1] (0.00ns)   --->   "%tmp_8 = partselect i2 @_ssdm_op_PartSelect.i2.i9.i32.i32, i9 %rq_V_7, i32 7, i32 8"   --->   Operation 42 'partselect' 'tmp_8' <Predicate = true> <Delay = 0.00>
ST_5 : Operation 43 [1/1] (0.34ns)   --->   "%icmp_ln1035 = icmp_eq  i2 %tmp_8, i2 1"   --->   Operation 43 'icmp' 'icmp_ln1035' <Predicate = true> <Delay = 0.34> <CoreInst = "Cmp">   --->   Core 9 'Cmp' <Latency = 0> <II = 1> <Delay = 0.34> <FuncUnit> <Opcode : 'icmp'> <InPorts = 2> <OutPorts = 1>
ST_5 : Operation 44 [1/1] (0.59ns)   --->   "%icmp_ln1027 = icmp_slt  i9 %rq_V_7, i9 384"   --->   Operation 44 'icmp' 'icmp_ln1027' <Predicate = true> <Delay = 0.59> <CoreInst = "Cmp">   --->   Core 9 'Cmp' <Latency = 0> <II = 1> <Delay = 0.59> <FuncUnit> <Opcode : 'icmp'> <InPorts = 2> <OutPorts = 1>
ST_5 : Operation 45 [1/1] (0.00ns) (grouped into LUT with out node q_V)   --->   "%trunc_ln780 = trunc i9 %rq_V_7" [/home/fede/PhD/transformer-hls/hls/include/activations.h:780]   --->   Operation 45 'trunc' 'trunc_ln780' <Predicate = true> <Delay = 0.00>
ST_5 : Operation 46 [1/1] (0.00ns) (grouped into LUT with out node q_V)   --->   "%select_ln780 = select i1 %icmp_ln1035, i8 127, i8 128" [/home/fede/PhD/transformer-hls/hls/include/activations.h:780]   --->   Operation 46 'select' 'select_ln780' <Predicate = true> <Delay = 0.00> <CoreInst = "Sel">   --->   Core 73 'Sel' <Latency = 0> <II = 1> <Delay = 0.30> <FuncUnit> <Opcode : 'select'> <InPorts = 3> <OutPorts = 1>
ST_5 : Operation 47 [1/1] (0.00ns) (grouped into LUT with out node q_V)   --->   "%or_ln780 = or i1 %icmp_ln1035, i1 %icmp_ln1027" [/home/fede/PhD/transformer-hls/hls/include/activations.h:780]   --->   Operation 47 'or' 'or_ln780' <Predicate = true> <Delay = 0.00> <CoreInst = "LogicGate">   --->   Core 74 'LogicGate' <Latency = 0> <II = 1> <Delay = 0.12> <FuncUnit> <Opcode : 'and' 'or' 'xor'> <InPorts = 2> <OutPorts = 1>
ST_5 : Operation 48 [1/1] (0.30ns) (out node of the LUT)   --->   "%q_V = select i1 %or_ln780, i8 %select_ln780, i8 %trunc_ln780" [/home/fede/PhD/transformer-hls/hls/include/activations.h:780]   --->   Operation 48 'select' 'q_V' <Predicate = true> <Delay = 0.30> <CoreInst = "Sel">   --->   Core 73 'Sel' <Latency = 0> <II = 1> <Delay = 0.30> <FuncUnit> <Opcode : 'select'> <InPorts = 3> <OutPorts = 1>
ST_5 : Operation 49 [1/1] (1.36ns)   --->   "%write_ln845 = write void @_ssdm_op_Write.ap_fifo.volatile.i8P0A, i8 %output_stream2, i8 %q_V" [/home/fede/PhD/transformer-hls/hls/include/activations.h:845]   --->   Operation 49 'write' 'write_ln845' <Predicate = true> <Delay = 1.36> <CoreInst = "FIFO_SRL">   --->   Core 81 'FIFO_SRL' <Latency = 0> <II = 1> <Delay = 1.36> <Storage> <Opcode : 'read' 'write' 'nbread' 'nbwrite'> <Ports = 0> <Width = 8> <Depth = 2> <FIFO>
ST_5 : Operation 50 [1/1] (0.00ns)   --->   "%br_ln802 = br void %for.body4" [/home/fede/PhD/transformer-hls/hls/include/activations.h:802]   --->   Operation 50 'br' 'br_ln802' <Predicate = true> <Delay = 0.00>


============================================================
+ Verbose Summary: Binding
============================================================
STG Binding: 
---------------- STG Properties BEGIN ----------------
- Is combinational: 0
- Is one-state seq: 0
- Is datapath-only: 0
- Is pipelined: 0
- Is top level: 0
Port [ Return ] is wired: 1; IO mode=ap_ctrl_hs:ce=0
Port [ mlp_out14]:  wired=1; compound=1; hidden=0; nouse=0; global=0; static=0; extern=0; dir=0; type=3; pingpong=0; private_global=0; IO mode=ap_fifo:ce=0
Port [ res_1_rq11]:  wired=1; compound=1; hidden=0; nouse=0; global=0; static=0; extern=0; dir=0; type=3; pingpong=0; private_global=0; IO mode=ap_fifo:ce=0
Port [ output_stream2]:  wired=1; compound=1; hidden=0; nouse=0; global=0; static=0; extern=0; dir=1; type=3; pingpong=0; private_global=0; IO mode=ap_fifo:ce=0
---------------- STG Properties END ------------------

---------------- Datapath Model BEGIN ----------------

<LifeTime>
<method=bitvector/>
i                  (alloca           ) [ 010000]
specinterface_ln0  (specinterface    ) [ 000000]
specinterface_ln0  (specinterface    ) [ 000000]
specinterface_ln0  (specinterface    ) [ 000000]
store_ln802        (store            ) [ 000000]
br_ln802           (br               ) [ 000000]
i_28               (load             ) [ 000000]
icmp_ln802         (icmp             ) [ 011110]
empty              (speclooptripcount) [ 000000]
i_29               (add              ) [ 000000]
br_ln802           (br               ) [ 000000]
store_ln802        (store            ) [ 000000]
val_0_V            (read             ) [ 000000]
val_1_V            (read             ) [ 000000]
sext_ln826         (sext             ) [ 000000]
sext_ln826_2       (sext             ) [ 000000]
sum_V              (add              ) [ 000000]
sext_ln744         (sext             ) [ 010111]
specpipeline_ln803 (specpipeline     ) [ 000000]
specloopname_ln802 (specloopname     ) [ 000000]
prod_V             (mul              ) [ 000000]
tmp                (bitselect        ) [ 000000]
trunc_ln753        (trunc            ) [ 000000]
ret_V              (add              ) [ 000000]
trunc_ln           (partselect       ) [ 000000]
zext_ln745         (zext             ) [ 000000]
ret_V_8            (sub              ) [ 000000]
trunc_ln4          (partselect       ) [ 000000]
zext_ln756         (zext             ) [ 000000]
rq_V               (sub              ) [ 000000]
rq_V_7             (select           ) [ 000000]
tmp_8              (partselect       ) [ 000000]
icmp_ln1035        (icmp             ) [ 000000]
icmp_ln1027        (icmp             ) [ 000000]
trunc_ln780        (trunc            ) [ 000000]
select_ln780       (select           ) [ 000000]
or_ln780           (or               ) [ 000000]
q_V                (select           ) [ 000000]
write_ln845        (write            ) [ 000000]
br_ln802           (br               ) [ 000000]
ret_ln847          (ret              ) [ 000000]
</LifeTime>

<model>

<comp_list>
<comp id="0" class="1000" name="mlp_out14">
<pin_list>
<pin id="1" dir="1" index="0" bw="1" slack="0"/>
</pin_list>
<bind>
<StgValue><ssdm name="mlp_out14"/></StgValue>
</bind>
</comp>

<comp id="2" class="1000" name="res_1_rq11">
<pin_list>
<pin id="3" dir="1" index="0" bw="1" slack="0"/>
</pin_list>
<bind>
<StgValue><ssdm name="res_1_rq11"/></StgValue>
</bind>
</comp>

<comp id="4" class="1000" name="output_stream2">
<pin_list>
<pin id="5" dir="1" index="0" bw="1" slack="0"/>
</pin_list>
<bind>
<StgValue><ssdm name="output_stream2"/></StgValue>
</bind>
</comp>

<comp id="6" class="1001" name="const_6">
<pin_list>
<pin id="7" dir="1" index="0" bw="1" slack="0"/>
</pin_list>
<bind>
<StgValue><ssdm name=""/></StgValue>
</bind>
</comp>

<comp id="8" class="1001" name="const_8">
<pin_list>
<pin id="9" dir="1" index="0" bw="1" slack="2147483647"/>
</pin_list>
<bind>
<StgValue><ssdm name="_ssdm_op_SpecInterface"/></StgValue>
</bind>
</comp>

<comp id="10" class="1001" name="const_10">
<pin_list>
<pin id="11" dir="1" index="0" bw="1" slack="2147483647"/>
</pin_list>
<bind>
<StgValue><ssdm name="empty_0"/></StgValue>
</bind>
</comp>

<comp id="12" class="1001" name="const_12">
<pin_list>
<pin id="13" dir="1" index="0" bw="1" slack="2147483647"/>
</pin_list>
<bind>
<StgValue><ssdm name=""/></StgValue>
</bind>
</comp>

<comp id="14" class="1001" name="const_14">
<pin_list>
<pin id="15" dir="1" index="0" bw="1" slack="2147483647"/>
</pin_list>
<bind>
<StgValue><ssdm name="empty_26"/></StgValue>
</bind>
</comp>

<comp id="16" class="1001" name="const_16">
<pin_list>
<pin id="17" dir="1" index="0" bw="1" slack="2147483647"/>
</pin_list>
<bind>
<StgValue><ssdm name=""/></StgValue>
</bind>
</comp>

<comp id="18" class="1001" name="const_18">
<pin_list>
<pin id="19" dir="1" index="0" bw="1" slack="0"/>
</pin_list>
<bind>
<StgValue><ssdm name=""/></StgValue>
</bind>
</comp>

<comp id="20" class="1001" name="const_20">
<pin_list>
<pin id="21" dir="1" index="0" bw="1" slack="0"/>
</pin_list>
<bind>
<StgValue><ssdm name=""/></StgValue>
</bind>
</comp>

<comp id="22" class="1001" name="const_22">
<pin_list>
<pin id="23" dir="1" index="0" bw="1" slack="2147483647"/>
</pin_list>
<bind>
<StgValue><ssdm name="_ssdm_op_SpecLoopTripCount"/></StgValue>
</bind>
</comp>

<comp id="24" class="1001" name="const_24">
<pin_list>
<pin id="25" dir="1" index="0" bw="1" slack="2147483647"/>
</pin_list>
<bind>
<StgValue><ssdm name=""/></StgValue>
</bind>
</comp>

<comp id="26" class="1001" name="const_26">
<pin_list>
<pin id="27" dir="1" index="0" bw="1" slack="0"/>
</pin_list>
<bind>
<StgValue><ssdm name=""/></StgValue>
</bind>
</comp>

<comp id="28" class="1001" name="const_28">
<pin_list>
<pin id="29" dir="1" index="0" bw="1" slack="0"/>
</pin_list>
<bind>
<StgValue><ssdm name="_ssdm_op_Read.ap_fifo.volatile.i8P0A"/></StgValue>
</bind>
</comp>

<comp id="30" class="1001" name="const_30">
<pin_list>
<pin id="31" dir="1" index="0" bw="1" slack="0"/>
</pin_list>
<bind>
<StgValue><ssdm name=""/></StgValue>
</bind>
</comp>

<comp id="32" class="1001" name="const_32">
<pin_list>
<pin id="33" dir="1" index="0" bw="1" slack="2147483647"/>
</pin_list>
<bind>
<StgValue><ssdm name="_ssdm_op_SpecPipeline"/></StgValue>
</bind>
</comp>

<comp id="34" class="1001" name="const_34">
<pin_list>
<pin id="35" dir="1" index="0" bw="1" slack="2147483647"/>
</pin_list>
<bind>
<StgValue><ssdm name="_ssdm_op_SpecLoopName"/></StgValue>
</bind>
</comp>

<comp id="36" class="1001" name="const_36">
<pin_list>
<pin id="37" dir="1" index="0" bw="1" slack="2147483647"/>
</pin_list>
<bind>
<StgValue><ssdm name="empty_5"/></StgValue>
</bind>
</comp>

<comp id="38" class="1001" name="const_38">
<pin_list>
<pin id="39" dir="1" index="0" bw="1" slack="0"/>
</pin_list>
<bind>
<StgValue><ssdm name="_ssdm_op_BitSelect.i1.i26.i32"/></StgValue>
</bind>
</comp>

<comp id="40" class="1001" name="const_40">
<pin_list>
<pin id="41" dir="1" index="0" bw="1" slack="0"/>
</pin_list>
<bind>
<StgValue><ssdm name=""/></StgValue>
</bind>
</comp>

<comp id="42" class="1001" name="const_42">
<pin_list>
<pin id="43" dir="1" index="0" bw="1" slack="0"/>
</pin_list>
<bind>
<StgValue><ssdm name=""/></StgValue>
</bind>
</comp>

<comp id="44" class="1001" name="const_44">
<pin_list>
<pin id="45" dir="1" index="0" bw="1" slack="0"/>
</pin_list>
<bind>
<StgValue><ssdm name="_ssdm_op_PartSelect.i8.i24.i32.i32"/></StgValue>
</bind>
</comp>

<comp id="46" class="1001" name="const_46">
<pin_list>
<pin id="47" dir="1" index="0" bw="1" slack="0"/>
</pin_list>
<bind>
<StgValue><ssdm name=""/></StgValue>
</bind>
</comp>

<comp id="48" class="1001" name="const_48">
<pin_list>
<pin id="49" dir="1" index="0" bw="1" slack="0"/>
</pin_list>
<bind>
<StgValue><ssdm name=""/></StgValue>
</bind>
</comp>

<comp id="50" class="1001" name="const_50">
<pin_list>
<pin id="51" dir="1" index="0" bw="1" slack="0"/>
</pin_list>
<bind>
<StgValue><ssdm name=""/></StgValue>
</bind>
</comp>

<comp id="52" class="1001" name="const_52">
<pin_list>
<pin id="53" dir="1" index="0" bw="1" slack="0"/>
</pin_list>
<bind>
<StgValue><ssdm name="_ssdm_op_PartSelect.i2.i9.i32.i32"/></StgValue>
</bind>
</comp>

<comp id="54" class="1001" name="const_54">
<pin_list>
<pin id="55" dir="1" index="0" bw="1" slack="0"/>
</pin_list>
<bind>
<StgValue><ssdm name=""/></StgValue>
</bind>
</comp>

<comp id="56" class="1001" name="const_56">
<pin_list>
<pin id="57" dir="1" index="0" bw="1" slack="0"/>
</pin_list>
<bind>
<StgValue><ssdm name=""/></StgValue>
</bind>
</comp>

<comp id="58" class="1001" name="const_58">
<pin_list>
<pin id="59" dir="1" index="0" bw="1" slack="0"/>
</pin_list>
<bind>
<StgValue><ssdm name=""/></StgValue>
</bind>
</comp>

<comp id="60" class="1001" name="const_60">
<pin_list>
<pin id="61" dir="1" index="0" bw="1" slack="0"/>
</pin_list>
<bind>
<StgValue><ssdm name=""/></StgValue>
</bind>
</comp>

<comp id="62" class="1001" name="const_62">
<pin_list>
<pin id="63" dir="1" index="0" bw="1" slack="0"/>
</pin_list>
<bind>
<StgValue><ssdm name=""/></StgValue>
</bind>
</comp>

<comp id="64" class="1001" name="const_64">
<pin_list>
<pin id="65" dir="1" index="0" bw="1" slack="0"/>
</pin_list>
<bind>
<StgValue><ssdm name=""/></StgValue>
</bind>
</comp>

<comp id="66" class="1001" name="const_66">
<pin_list>
<pin id="67" dir="1" index="0" bw="1" slack="0"/>
</pin_list>
<bind>
<StgValue><ssdm name="_ssdm_op_Write.ap_fifo.volatile.i8P0A"/></StgValue>
</bind>
</comp>

<comp id="68" class="1004" name="i_fu_68">
<pin_list>
<pin id="69" dir="0" index="0" bw="1" slack="0"/>
<pin id="70" dir="1" index="1" bw="12" slack="0"/>
</pin_list>
<bind>
<opcode="alloca(26) " fcode="alloca"/>
<opset="i/1 "/>
</bind>
</comp>

<comp id="72" class="1004" name="val_0_V_read_fu_72">
<pin_list>
<pin id="73" dir="0" index="0" bw="8" slack="0"/>
<pin id="74" dir="0" index="1" bw="8" slack="0"/>
<pin id="75" dir="1" index="2" bw="8" slack="0"/>
</pin_list>
<bind>
<opcode="read(1150) " fcode="read"/>
<opset="val_0_V/2 "/>
</bind>
</comp>

<comp id="78" class="1004" name="val_1_V_read_fu_78">
<pin_list>
<pin id="79" dir="0" index="0" bw="8" slack="0"/>
<pin id="80" dir="0" index="1" bw="8" slack="0"/>
<pin id="81" dir="1" index="2" bw="8" slack="0"/>
</pin_list>
<bind>
<opcode="read(1150) " fcode="read"/>
<opset="val_1_V/2 "/>
</bind>
</comp>

<comp id="84" class="1004" name="write_ln845_write_fu_84">
<pin_list>
<pin id="85" dir="0" index="0" bw="0" slack="0"/>
<pin id="86" dir="0" index="1" bw="8" slack="0"/>
<pin id="87" dir="0" index="2" bw="8" slack="0"/>
<pin id="88" dir="1" index="3" bw="0" slack="2147483647"/>
</pin_list>
<bind>
<opcode="write(1151) " fcode="write"/>
<opset="write_ln845/5 "/>
</bind>
</comp>

<comp id="91" class="1004" name="store_ln802_store_fu_91">
<pin_list>
<pin id="92" dir="0" index="0" bw="1" slack="0"/>
<pin id="93" dir="0" index="1" bw="12" slack="0"/>
<pin id="94" dir="1" index="2" bw="0" slack="2147483647"/>
</pin_list>
<bind>
<opcode="store(28) " fcode="store"/>
<opset="store_ln802/1 "/>
</bind>
</comp>

<comp id="96" class="1004" name="i_28_load_fu_96">
<pin_list>
<pin id="97" dir="0" index="0" bw="12" slack="0"/>
<pin id="98" dir="1" index="1" bw="12" slack="0"/>
</pin_list>
<bind>
<opcode="load(27) " fcode="load"/>
<opset="i_28/1 "/>
</bind>
</comp>

<comp id="99" class="1004" name="icmp_ln802_fu_99">
<pin_list>
<pin id="100" dir="0" index="0" bw="12" slack="0"/>
<pin id="101" dir="0" index="1" bw="11" slack="0"/>
<pin id="102" dir="1" index="2" bw="1" slack="3"/>
</pin_list>
<bind>
<opcode="icmp(45) " fcode="icmp"/>
<opset="icmp_ln802/1 "/>
</bind>
</comp>

<comp id="105" class="1004" name="i_29_fu_105">
<pin_list>
<pin id="106" dir="0" index="0" bw="12" slack="0"/>
<pin id="107" dir="0" index="1" bw="1" slack="0"/>
<pin id="108" dir="1" index="2" bw="12" slack="0"/>
</pin_list>
<bind>
<opcode="add(8) " fcode="add"/>
<opset="i_29/1 "/>
</bind>
</comp>

<comp id="111" class="1004" name="store_ln802_store_fu_111">
<pin_list>
<pin id="112" dir="0" index="0" bw="12" slack="0"/>
<pin id="113" dir="0" index="1" bw="12" slack="0"/>
<pin id="114" dir="1" index="2" bw="0" slack="2147483647"/>
</pin_list>
<bind>
<opcode="store(28) " fcode="store"/>
<opset="store_ln802/1 "/>
</bind>
</comp>

<comp id="116" class="1004" name="sext_ln826_fu_116">
<pin_list>
<pin id="117" dir="0" index="0" bw="8" slack="0"/>
<pin id="118" dir="1" index="1" bw="9" slack="0"/>
</pin_list>
<bind>
<opcode="sext(35) " fcode="sext"/>
<opset="sext_ln826/2 "/>
</bind>
</comp>

<comp id="120" class="1004" name="sext_ln826_2_fu_120">
<pin_list>
<pin id="121" dir="0" index="0" bw="8" slack="0"/>
<pin id="122" dir="1" index="1" bw="9" slack="0"/>
</pin_list>
<bind>
<opcode="sext(35) " fcode="sext"/>
<opset="sext_ln826_2/2 "/>
</bind>
</comp>

<comp id="124" class="1004" name="tmp_fu_124">
<pin_list>
<pin id="125" dir="0" index="0" bw="1" slack="0"/>
<pin id="126" dir="0" index="1" bw="26" slack="0"/>
<pin id="127" dir="0" index="2" bw="6" slack="0"/>
<pin id="128" dir="1" index="3" bw="1" slack="0"/>
</pin_list>
<bind>
<opcode="bitselect(1000) " fcode="bitselect"/>
<opset="tmp/5 "/>
</bind>
</comp>

<comp id="131" class="1004" name="trunc_ln753_fu_131">
<pin_list>
<pin id="132" dir="0" index="0" bw="26" slack="0"/>
<pin id="133" dir="1" index="1" bw="24" slack="0"/>
</pin_list>
<bind>
<opcode="trunc(33) " fcode="trunc"/>
<opset="trunc_ln753/5 "/>
</bind>
</comp>

<comp id="134" class="1004" name="ret_V_fu_134">
<pin_list>
<pin id="135" dir="0" index="0" bw="24" slack="0"/>
<pin id="136" dir="0" index="1" bw="17" slack="0"/>
<pin id="137" dir="1" index="2" bw="24" slack="0"/>
</pin_list>
<bind>
<opcode="add(8) " fcode="add"/>
<opset="ret_V/5 "/>
</bind>
</comp>

<comp id="140" class="1004" name="trunc_ln_fu_140">
<pin_list>
<pin id="141" dir="0" index="0" bw="8" slack="0"/>
<pin id="142" dir="0" index="1" bw="24" slack="0"/>
<pin id="143" dir="0" index="2" bw="6" slack="0"/>
<pin id="144" dir="0" index="3" bw="6" slack="0"/>
<pin id="145" dir="1" index="4" bw="8" slack="0"/>
</pin_list>
<bind>
<opcode="partselect(1002) " fcode="partselect"/>
<opset="trunc_ln/5 "/>
</bind>
</comp>

<comp id="150" class="1004" name="zext_ln745_fu_150">
<pin_list>
<pin id="151" dir="0" index="0" bw="8" slack="0"/>
<pin id="152" dir="1" index="1" bw="9" slack="0"/>
</pin_list>
<bind>
<opcode="zext(34) " fcode="zext"/>
<opset="zext_ln745/5 "/>
</bind>
</comp>

<comp id="154" class="1004" name="ret_V_8_fu_154">
<pin_list>
<pin id="155" dir="0" index="0" bw="17" slack="0"/>
<pin id="156" dir="0" index="1" bw="24" slack="0"/>
<pin id="157" dir="1" index="2" bw="24" slack="0"/>
</pin_list>
<bind>
<opcode="sub(10) " fcode="sub"/>
<opset="ret_V_8/5 "/>
</bind>
</comp>

<comp id="160" class="1004" name="trunc_ln4_fu_160">
<pin_list>
<pin id="161" dir="0" index="0" bw="8" slack="0"/>
<pin id="162" dir="0" index="1" bw="24" slack="0"/>
<pin id="163" dir="0" index="2" bw="6" slack="0"/>
<pin id="164" dir="0" index="3" bw="6" slack="0"/>
<pin id="165" dir="1" index="4" bw="8" slack="0"/>
</pin_list>
<bind>
<opcode="partselect(1002) " fcode="partselect"/>
<opset="trunc_ln4/5 "/>
</bind>
</comp>

<comp id="170" class="1004" name="zext_ln756_fu_170">
<pin_list>
<pin id="171" dir="0" index="0" bw="8" slack="0"/>
<pin id="172" dir="1" index="1" bw="9" slack="0"/>
</pin_list>
<bind>
<opcode="zext(34) " fcode="zext"/>
<opset="zext_ln756/5 "/>
</bind>
</comp>

<comp id="174" class="1004" name="rq_V_fu_174">
<pin_list>
<pin id="175" dir="0" index="0" bw="1" slack="0"/>
<pin id="176" dir="0" index="1" bw="8" slack="0"/>
<pin id="177" dir="1" index="2" bw="9" slack="0"/>
</pin_list>
<bind>
<opcode="sub(10) " fcode="sub"/>
<opset="rq_V/5 "/>
</bind>
</comp>

<comp id="180" class="1004" name="rq_V_7_fu_180">
<pin_list>
<pin id="181" dir="0" index="0" bw="1" slack="0"/>
<pin id="182" dir="0" index="1" bw="9" slack="0"/>
<pin id="183" dir="0" index="2" bw="8" slack="0"/>
<pin id="184" dir="1" index="3" bw="9" slack="0"/>
</pin_list>
<bind>
<opcode="select(49) " fcode="select"/>
<opset="rq_V_7/5 "/>
</bind>
</comp>

<comp id="188" class="1004" name="tmp_8_fu_188">
<pin_list>
<pin id="189" dir="0" index="0" bw="2" slack="0"/>
<pin id="190" dir="0" index="1" bw="9" slack="0"/>
<pin id="191" dir="0" index="2" bw="4" slack="0"/>
<pin id="192" dir="0" index="3" bw="5" slack="0"/>
<pin id="193" dir="1" index="4" bw="2" slack="0"/>
</pin_list>
<bind>
<opcode="partselect(1002) " fcode="partselect"/>
<opset="tmp_8/5 "/>
</bind>
</comp>

<comp id="198" class="1004" name="icmp_ln1035_fu_198">
<pin_list>
<pin id="199" dir="0" index="0" bw="2" slack="0"/>
<pin id="200" dir="0" index="1" bw="1" slack="0"/>
<pin id="201" dir="1" index="2" bw="1" slack="0"/>
</pin_list>
<bind>
<opcode="icmp(45) " fcode="icmp"/>
<opset="icmp_ln1035/5 "/>
</bind>
</comp>

<comp id="204" class="1004" name="icmp_ln1027_fu_204">
<pin_list>
<pin id="205" dir="0" index="0" bw="9" slack="0"/>
<pin id="206" dir="0" index="1" bw="8" slack="0"/>
<pin id="207" dir="1" index="2" bw="1" slack="0"/>
</pin_list>
<bind>
<opcode="icmp(45) " fcode="icmp"/>
<opset="icmp_ln1027/5 "/>
</bind>
</comp>

<comp id="210" class="1004" name="trunc_ln780_fu_210">
<pin_list>
<pin id="211" dir="0" index="0" bw="9" slack="0"/>
<pin id="212" dir="1" index="1" bw="8" slack="0"/>
</pin_list>
<bind>
<opcode="trunc(33) " fcode="trunc"/>
<opset="trunc_ln780/5 "/>
</bind>
</comp>

<comp id="214" class="1004" name="select_ln780_fu_214">
<pin_list>
<pin id="215" dir="0" index="0" bw="1" slack="0"/>
<pin id="216" dir="0" index="1" bw="8" slack="0"/>
<pin id="217" dir="0" index="2" bw="8" slack="0"/>
<pin id="218" dir="1" index="3" bw="8" slack="0"/>
</pin_list>
<bind>
<opcode="select(49) " fcode="select"/>
<opset="select_ln780/5 "/>
</bind>
</comp>

<comp id="222" class="1004" name="or_ln780_fu_222">
<pin_list>
<pin id="223" dir="0" index="0" bw="1" slack="0"/>
<pin id="224" dir="0" index="1" bw="1" slack="0"/>
<pin id="225" dir="1" index="2" bw="1" slack="0"/>
</pin_list>
<bind>
<opcode="or(24) " fcode="or"/>
<opset="or_ln780/5 "/>
</bind>
</comp>

<comp id="228" class="1004" name="q_V_fu_228">
<pin_list>
<pin id="229" dir="0" index="0" bw="1" slack="0"/>
<pin id="230" dir="0" index="1" bw="8" slack="0"/>
<pin id="231" dir="0" index="2" bw="8" slack="0"/>
<pin id="232" dir="1" index="3" bw="8" slack="0"/>
</pin_list>
<bind>
<opcode="select(49) " fcode="select"/>
<opset="q_V/5 "/>
</bind>
</comp>

<comp id="237" class="1007" name="grp_fu_237">
<pin_list>
<pin id="238" dir="0" index="0" bw="8" slack="0"/>
<pin id="239" dir="0" index="1" bw="8" slack="0"/>
<pin id="240" dir="0" index="2" bw="16" slack="0"/>
<pin id="241" dir="1" index="3" bw="26" slack="0"/>
</pin_list>
<bind>
<opcode="addmul(1170) " fcode="addmul"/>
<opset="sum_V/2 sext_ln744/2 prod_V/2 "/>
</bind>
</comp>

<comp id="247" class="1005" name="i_reg_247">
<pin_list>
<pin id="248" dir="0" index="0" bw="12" slack="0"/>
<pin id="249" dir="1" index="1" bw="12" slack="0"/>
</pin_list>
<bind>
<opset="i "/>
</bind>
</comp>

<comp id="254" class="1005" name="icmp_ln802_reg_254">
<pin_list>
<pin id="255" dir="0" index="0" bw="1" slack="3"/>
<pin id="256" dir="1" index="1" bw="1" slack="2147483647"/>
</pin_list>
<bind>
<opset="icmp_ln802 "/>
</bind>
</comp>

</comp_list>

<net_list>
<net id="71"><net_src comp="6" pin="0"/><net_sink comp="68" pin=0"/></net>

<net id="76"><net_src comp="28" pin="0"/><net_sink comp="72" pin=0"/></net>

<net id="77"><net_src comp="0" pin="0"/><net_sink comp="72" pin=1"/></net>

<net id="82"><net_src comp="28" pin="0"/><net_sink comp="78" pin=0"/></net>

<net id="83"><net_src comp="2" pin="0"/><net_sink comp="78" pin=1"/></net>

<net id="89"><net_src comp="66" pin="0"/><net_sink comp="84" pin=0"/></net>

<net id="90"><net_src comp="4" pin="0"/><net_sink comp="84" pin=1"/></net>

<net id="95"><net_src comp="18" pin="0"/><net_sink comp="91" pin=0"/></net>

<net id="103"><net_src comp="96" pin="1"/><net_sink comp="99" pin=0"/></net>

<net id="104"><net_src comp="20" pin="0"/><net_sink comp="99" pin=1"/></net>

<net id="109"><net_src comp="96" pin="1"/><net_sink comp="105" pin=0"/></net>

<net id="110"><net_src comp="26" pin="0"/><net_sink comp="105" pin=1"/></net>

<net id="115"><net_src comp="105" pin="2"/><net_sink comp="111" pin=0"/></net>

<net id="119"><net_src comp="72" pin="2"/><net_sink comp="116" pin=0"/></net>

<net id="123"><net_src comp="78" pin="2"/><net_sink comp="120" pin=0"/></net>

<net id="129"><net_src comp="38" pin="0"/><net_sink comp="124" pin=0"/></net>

<net id="130"><net_src comp="40" pin="0"/><net_sink comp="124" pin=2"/></net>

<net id="138"><net_src comp="131" pin="1"/><net_sink comp="134" pin=0"/></net>

<net id="139"><net_src comp="42" pin="0"/><net_sink comp="134" pin=1"/></net>

<net id="146"><net_src comp="44" pin="0"/><net_sink comp="140" pin=0"/></net>

<net id="147"><net_src comp="134" pin="2"/><net_sink comp="140" pin=1"/></net>

<net id="148"><net_src comp="46" pin="0"/><net_sink comp="140" pin=2"/></net>

<net id="149"><net_src comp="48" pin="0"/><net_sink comp="140" pin=3"/></net>

<net id="153"><net_src comp="140" pin="4"/><net_sink comp="150" pin=0"/></net>

<net id="158"><net_src comp="42" pin="0"/><net_sink comp="154" pin=0"/></net>

<net id="159"><net_src comp="131" pin="1"/><net_sink comp="154" pin=1"/></net>

<net id="166"><net_src comp="44" pin="0"/><net_sink comp="160" pin=0"/></net>

<net id="167"><net_src comp="154" pin="2"/><net_sink comp="160" pin=1"/></net>

<net id="168"><net_src comp="46" pin="0"/><net_sink comp="160" pin=2"/></net>

<net id="169"><net_src comp="48" pin="0"/><net_sink comp="160" pin=3"/></net>

<net id="173"><net_src comp="160" pin="4"/><net_sink comp="170" pin=0"/></net>

<net id="178"><net_src comp="50" pin="0"/><net_sink comp="174" pin=0"/></net>

<net id="179"><net_src comp="170" pin="1"/><net_sink comp="174" pin=1"/></net>

<net id="185"><net_src comp="124" pin="3"/><net_sink comp="180" pin=0"/></net>

<net id="186"><net_src comp="174" pin="2"/><net_sink comp="180" pin=1"/></net>

<net id="187"><net_src comp="150" pin="1"/><net_sink comp="180" pin=2"/></net>

<net id="194"><net_src comp="52" pin="0"/><net_sink comp="188" pin=0"/></net>

<net id="195"><net_src comp="180" pin="3"/><net_sink comp="188" pin=1"/></net>

<net id="196"><net_src comp="54" pin="0"/><net_sink comp="188" pin=2"/></net>

<net id="197"><net_src comp="56" pin="0"/><net_sink comp="188" pin=3"/></net>

<net id="202"><net_src comp="188" pin="4"/><net_sink comp="198" pin=0"/></net>

<net id="203"><net_src comp="58" pin="0"/><net_sink comp="198" pin=1"/></net>

<net id="208"><net_src comp="180" pin="3"/><net_sink comp="204" pin=0"/></net>

<net id="209"><net_src comp="60" pin="0"/><net_sink comp="204" pin=1"/></net>

<net id="213"><net_src comp="180" pin="3"/><net_sink comp="210" pin=0"/></net>

<net id="219"><net_src comp="198" pin="2"/><net_sink comp="214" pin=0"/></net>

<net id="220"><net_src comp="62" pin="0"/><net_sink comp="214" pin=1"/></net>

<net id="221"><net_src comp="64" pin="0"/><net_sink comp="214" pin=2"/></net>

<net id="226"><net_src comp="198" pin="2"/><net_sink comp="222" pin=0"/></net>

<net id="227"><net_src comp="204" pin="2"/><net_sink comp="222" pin=1"/></net>

<net id="233"><net_src comp="222" pin="2"/><net_sink comp="228" pin=0"/></net>

<net id="234"><net_src comp="214" pin="3"/><net_sink comp="228" pin=1"/></net>

<net id="235"><net_src comp="210" pin="1"/><net_sink comp="228" pin=2"/></net>

<net id="236"><net_src comp="228" pin="3"/><net_sink comp="84" pin=2"/></net>

<net id="242"><net_src comp="120" pin="1"/><net_sink comp="237" pin=0"/></net>

<net id="243"><net_src comp="116" pin="1"/><net_sink comp="237" pin=1"/></net>

<net id="244"><net_src comp="30" pin="0"/><net_sink comp="237" pin=2"/></net>

<net id="245"><net_src comp="237" pin="3"/><net_sink comp="124" pin=1"/></net>

<net id="246"><net_src comp="237" pin="3"/><net_sink comp="131" pin=0"/></net>

<net id="250"><net_src comp="68" pin="1"/><net_sink comp="247" pin=0"/></net>

<net id="251"><net_src comp="247" pin="1"/><net_sink comp="91" pin=1"/></net>

<net id="252"><net_src comp="247" pin="1"/><net_sink comp="96" pin=0"/></net>

<net id="253"><net_src comp="247" pin="1"/><net_sink comp="111" pin=1"/></net>

<net id="257"><net_src comp="99" pin="2"/><net_sink comp="254" pin=0"/></net>

</net_list>

</model> 
---------------- Datapath Model END ------------------

* FSMD analyzer results:
  - Output states:
	Port: output_stream2 | {5 }
 - Input state : 
	Port: ResidualAddRequantSameScale<17, 192, 1, 36296, 16, 0, ap_int<8>, ap_int<16> > : mlp_out14 | {2 }
	Port: ResidualAddRequantSameScale<17, 192, 1, 36296, 16, 0, ap_int<8>, ap_int<16> > : res_1_rq11 | {2 }
  - Chain level:
	State 1
		store_ln802 : 1
		i_28 : 1
		icmp_ln802 : 2
		i_29 : 2
		br_ln802 : 3
		store_ln802 : 3
	State 2
		sum_V : 1
		sext_ln744 : 2
		prod_V : 3
	State 3
	State 4
	State 5
		tmp : 1
		trunc_ln753 : 1
		ret_V : 2
		trunc_ln : 3
		zext_ln745 : 4
		ret_V_8 : 2
		trunc_ln4 : 3
		zext_ln756 : 4
		rq_V : 5
		rq_V_7 : 6
		tmp_8 : 7
		icmp_ln1035 : 8
		icmp_ln1027 : 7
		trunc_ln780 : 7
		select_ln780 : 9
		or_ln780 : 9
		q_V : 9
		write_ln845 : 10


============================================================
+ Verbose Summary: Datapath Resource usage 
============================================================

* Functional unit list:
|----------|-------------------------|---------|---------|---------|
| Operation|     Functional Unit     |   DSP   |    FF   |   LUT   |
|----------|-------------------------|---------|---------|---------|
|    add   |       i_29_fu_105       |    0    |    0    |    19   |
|          |       ret_V_fu_134      |    0    |    0    |    31   |
|----------|-------------------------|---------|---------|---------|
|    sub   |      ret_V_8_fu_154     |    0    |    0    |    31   |
|          |       rq_V_fu_174       |    0    |    0    |    15   |
|----------|-------------------------|---------|---------|---------|
|          |     icmp_ln802_fu_99    |    0    |    0    |    12   |
|   icmp   |    icmp_ln1035_fu_198   |    0    |    0    |    8    |
|          |    icmp_ln1027_fu_204   |    0    |    0    |    11   |
|----------|-------------------------|---------|---------|---------|
|          |      rq_V_7_fu_180      |    0    |    0    |    9    |
|  select  |   select_ln780_fu_214   |    0    |    0    |    8    |
|          |        q_V_fu_228       |    0    |    0    |    8    |
|----------|-------------------------|---------|---------|---------|
|    or    |     or_ln780_fu_222     |    0    |    0    |    2    |
|----------|-------------------------|---------|---------|---------|
|  addmul  |        grp_fu_237       |    1    |    0    |    0    |
|----------|-------------------------|---------|---------|---------|
|   read   |    val_0_V_read_fu_72   |    0    |    0    |    0    |
|          |    val_1_V_read_fu_78   |    0    |    0    |    0    |
|----------|-------------------------|---------|---------|---------|
|   write  | write_ln845_write_fu_84 |    0    |    0    |    0    |
|----------|-------------------------|---------|---------|---------|
|   sext   |    sext_ln826_fu_116    |    0    |    0    |    0    |
|          |   sext_ln826_2_fu_120   |    0    |    0    |    0    |
|----------|-------------------------|---------|---------|---------|
| bitselect|        tmp_fu_124       |    0    |    0    |    0    |
|----------|-------------------------|---------|---------|---------|
|   trunc  |    trunc_ln753_fu_131   |    0    |    0    |    0    |
|          |    trunc_ln780_fu_210   |    0    |    0    |    0    |
|----------|-------------------------|---------|---------|---------|
|          |     trunc_ln_fu_140     |    0    |    0    |    0    |
|partselect|     trunc_ln4_fu_160    |    0    |    0    |    0    |
|          |       tmp_8_fu_188      |    0    |    0    |    0    |
|----------|-------------------------|---------|---------|---------|
|   zext   |    zext_ln745_fu_150    |    0    |    0    |    0    |
|          |    zext_ln756_fu_170    |    0    |    0    |    0    |
|----------|-------------------------|---------|---------|---------|
|   Total  |                         |    1    |    0    |   154   |
|----------|-------------------------|---------|---------|---------|

Memories:
N/A

* Register list:
+------------------+--------+
|                  |   FF   |
+------------------+--------+
|     i_reg_247    |   12   |
|icmp_ln802_reg_254|    1   |
+------------------+--------+
|       Total      |   13   |
+------------------+--------+

* Multiplexer (MUX) list: 
|--------|------|------|------|--------|
|  Comp  |  Pin | Size |  BW  | S x BW |
|--------|------|------|------|--------|
|  Total |      |      |      |    0   |
|--------|------|------|------|--------|



* Summary:
+-----------+--------+--------+--------+
|           |   DSP  |   FF   |   LUT  |
+-----------+--------+--------+--------+
|  Function |    1   |    0   |   154  |
|   Memory  |    -   |    -   |    -   |
|Multiplexer|    -   |    -   |    -   |
|  Register |    -   |   13   |    -   |
+-----------+--------+--------+--------+
|   Total   |    1   |   13   |   154  |
+-----------+--------+--------+--------+
