

================================================================
== Vitis HLS Report for 'SOFTMAX_tile_13'
================================================================
* Date:           Thu Jun 18 11:11:35 2026

* Version:        2022.2 (Build 3670227 on Oct 13 2022)
* Project:        ViT_Block
* Solution:       ViT_Block (Vivado IP Flow Target)
* Product family: virtexuplus
* Target device:  xcu250-figd2104-2L-e


================================================================
== Performance Estimates
================================================================
+ Timing: 
    * Summary: 
    +--------+----------+----------+------------+
    |  Clock |  Target  | Estimated| Uncertainty|
    +--------+----------+----------+------------+
    |ap_clk  |  10.00 ns|  6.790 ns|     2.70 ns|
    +--------+----------+----------+------------+

+ Latency: 
    * Summary: 
    +---------+---------+----------+----------+-----+-----+---------+
    |  Latency (cycles) |  Latency (absolute) |  Interval | Pipeline|
    |   min   |   max   |    min   |    max   | min | max |   Type  |
    +---------+---------+----------+----------+-----+-----+---------+
    |      352|      352|  3.520 us|  3.520 us|  352|  352|       no|
    +---------+---------+----------+----------+-----+-----+---------+

    + Detail: 
        * Instance: 
        +---------------------------------------------------------------------+-----------------------------------------------------------+---------+---------+----------+----------+-----+-----+---------+
        |                                                                     |                                                           |  Latency (cycles) |  Latency (absolute) |  Interval | Pipeline|
        |                               Instance                              |                           Module                          |   min   |   max   |    min   |    max   | min | max |   Type  |
        +---------------------------------------------------------------------+-----------------------------------------------------------+---------+---------+----------+----------+-----+-----+---------+
        |grp_SoftmaxTiledStreaming_17_17_1_1_1_ap_int_8_ap_int_32_64_s_fu_18  |SoftmaxTiledStreaming_17_17_1_1_1_ap_int_8_ap_int_32_64_s  |      351|      351|  3.510 us|  3.510 us|  351|  351|       no|
        +---------------------------------------------------------------------+-----------------------------------------------------------+---------+---------+----------+----------+-----+-----+---------+

        * Loop: 
        N/A

============================================================
+ Verbose Summary: Synthesis Manager
============================================================
InlineROM: 1
ExposeGlobal: 0
============================================================
+ Verbose Summary: CDFG Model
============================================================
IsTopModel: 0
ResetActiveHigh: 1
IsCombinational: 2
IsDatapathOnly: 0
HasWiredReturn: 1
HasMFsm: 0
HasVarLatency: 1
IsPipeline: 0
IsRtlPipelined: 0
IsInstanceOverlapped: 0
IsDontTouch: 0
HasImplIP: 0
IsGatedGlobalClock: 0


============================================================
+ Verbose Summary: Schedule
============================================================
* Number of FSM states : 2
* Pipeline : 0
* Dataflow Pipeline: 0

* FSM state transitions: 
1 --> 2 
2 --> 

* FSM state operations: 

State 1 <SV = 0> <Delay = 0.00>
ST_1 : Operation 3 [2/2] (0.00ns)   --->   "%call_ln199 = call void @SoftmaxTiledStreaming<17, 17, 1, 1, 1, ap_int<8>, ap_int<32>, 64>, i8 %A_3, i8 %A_s_3, i8 %exp_lut_V" [/home/fede/PhD/transformer-hls/hls/src/attention/MultiHeadAttention_tiled.cpp:199]   --->   Operation 3 'call' 'call_ln199' <Predicate = true> <Delay = 0.00> <CoreType = "Generic">   --->   Core 0 '' <Latency = 0> <II = 1> <Delay = 1.00> <Generic> <Opcode : >

State 2 <SV = 1> <Delay = 0.00>
ST_2 : Operation 4 [1/1] (0.00ns)   --->   "%specinterface_ln0 = specinterface void @_ssdm_op_SpecInterface, i8 %A_s_3, void @empty_0, i32 0, i32 0, void @empty_26, i32 0, i32 0, void @empty_26, void @empty_26, void @empty_26, i32 0, i32 0, i32 0, i32 0, void @empty_26, void @empty_26, i32 4294967295, i32 0"   --->   Operation 4 'specinterface' 'specinterface_ln0' <Predicate = true> <Delay = 0.00>
ST_2 : Operation 5 [1/1] (0.00ns)   --->   "%specinterface_ln0 = specinterface void @_ssdm_op_SpecInterface, i8 %A_3, void @empty_0, i32 0, i32 0, void @empty_26, i32 0, i32 0, void @empty_26, void @empty_26, void @empty_26, i32 0, i32 0, i32 0, i32 0, void @empty_26, void @empty_26, i32 4294967295, i32 0"   --->   Operation 5 'specinterface' 'specinterface_ln0' <Predicate = true> <Delay = 0.00>
ST_2 : Operation 6 [1/2] (0.00ns)   --->   "%call_ln199 = call void @SoftmaxTiledStreaming<17, 17, 1, 1, 1, ap_int<8>, ap_int<32>, 64>, i8 %A_3, i8 %A_s_3, i8 %exp_lut_V" [/home/fede/PhD/transformer-hls/hls/src/attention/MultiHeadAttention_tiled.cpp:199]   --->   Operation 6 'call' 'call_ln199' <Predicate = true> <Delay = 0.00> <CoreType = "Generic">   --->   Core 0 '' <Latency = 0> <II = 1> <Delay = 1.00> <Generic> <Opcode : >
ST_2 : Operation 7 [1/1] (0.00ns)   --->   "%ret_ln201 = ret" [/home/fede/PhD/transformer-hls/hls/src/attention/MultiHeadAttention_tiled.cpp:201]   --->   Operation 7 'ret' 'ret_ln201' <Predicate = true> <Delay = 0.00>


============================================================
+ Verbose Summary: Binding
============================================================
STG Binding: 
---------------- STG Properties BEGIN ----------------
- Is combinational: 0
- Is one-state seq: 0
- Is datapath-only: 0
- Is pipelined: 0
- Is top level: 0
Port [ Return ] is wired: 1; IO mode=ap_ctrl_hs:ce=0
Port [ A_3]:  wired=1; compound=1; hidden=0; nouse=0; global=0; static=0; extern=0; dir=0; type=3; pingpong=0; private_global=0; IO mode=ap_fifo:ce=0
Port [ A_s_3]:  wired=1; compound=1; hidden=0; nouse=0; global=0; static=0; extern=0; dir=1; type=3; pingpong=0; private_global=0; IO mode=ap_fifo:ce=0
Port [ exp_lut_V]:  wired=0; compound=1; hidden=1; nouse=1; global=1; static=1; extern=0; dir=0; type=1; pingpong=0; private_global=0; MemPort=[1]; IO mode=ap_memory:ce=0
---------------- STG Properties END ------------------

---------------- Datapath Model BEGIN ----------------

<LifeTime>
<method=bitvector/>
specinterface_ln0 (specinterface) [ 000]
specinterface_ln0 (specinterface) [ 000]
call_ln199        (call         ) [ 000]
ret_ln201         (ret          ) [ 000]
</LifeTime>

<model>

<comp_list>
<comp id="0" class="1000" name="A_3">
<pin_list>
<pin id="1" dir="1" index="0" bw="1" slack="0"/>
</pin_list>
<bind>
<StgValue><ssdm name="A_3"/></StgValue>
</bind>
</comp>

<comp id="2" class="1000" name="A_s_3">
<pin_list>
<pin id="3" dir="1" index="0" bw="1" slack="0"/>
</pin_list>
<bind>
<StgValue><ssdm name="A_s_3"/></StgValue>
</bind>
</comp>

<comp id="4" class="1000" name="exp_lut_V">
<pin_list>
<pin id="5" dir="1" index="0" bw="1" slack="0"/>
</pin_list>
<bind>
<StgValue><ssdm name="exp_lut_V"/><MemPortTyVec>1 </MemPortTyVec>
</StgValue>
</bind>
</comp>

<comp id="6" class="1001" name="const_6">
<pin_list>
<pin id="7" dir="1" index="0" bw="1" slack="0"/>
</pin_list>
<bind>
<StgValue><ssdm name="SoftmaxTiledStreaming<17, 17, 1, 1, 1, ap_int<8>, ap_int<32>, 64>"/></StgValue>
</bind>
</comp>

<comp id="8" class="1001" name="const_8">
<pin_list>
<pin id="9" dir="1" index="0" bw="1" slack="2147483647"/>
</pin_list>
<bind>
<StgValue><ssdm name="_ssdm_op_SpecInterface"/></StgValue>
</bind>
</comp>

<comp id="10" class="1001" name="const_10">
<pin_list>
<pin id="11" dir="1" index="0" bw="1" slack="2147483647"/>
</pin_list>
<bind>
<StgValue><ssdm name="empty_0"/></StgValue>
</bind>
</comp>

<comp id="12" class="1001" name="const_12">
<pin_list>
<pin id="13" dir="1" index="0" bw="1" slack="2147483647"/>
</pin_list>
<bind>
<StgValue><ssdm name=""/></StgValue>
</bind>
</comp>

<comp id="14" class="1001" name="const_14">
<pin_list>
<pin id="15" dir="1" index="0" bw="1" slack="2147483647"/>
</pin_list>
<bind>
<StgValue><ssdm name="empty_26"/></StgValue>
</bind>
</comp>

<comp id="16" class="1001" name="const_16">
<pin_list>
<pin id="17" dir="1" index="0" bw="1" slack="2147483647"/>
</pin_list>
<bind>
<StgValue><ssdm name=""/></StgValue>
</bind>
</comp>

<comp id="18" class="1004" name="grp_SoftmaxTiledStreaming_17_17_1_1_1_ap_int_8_ap_int_32_64_s_fu_18">
<pin_list>
<pin id="19" dir="0" index="0" bw="0" slack="0"/>
<pin id="20" dir="0" index="1" bw="8" slack="0"/>
<pin id="21" dir="0" index="2" bw="8" slack="0"/>
<pin id="22" dir="0" index="3" bw="8" slack="0"/>
<pin id="23" dir="1" index="4" bw="0" slack="2147483647"/>
</pin_list>
<bind>
<opcode="call(48) " fcode="call"/>
<opset="call_ln199/1 "/>
</bind>
</comp>

</comp_list>

<net_list>
<net id="24"><net_src comp="6" pin="0"/><net_sink comp="18" pin=0"/></net>

<net id="25"><net_src comp="0" pin="0"/><net_sink comp="18" pin=1"/></net>

<net id="26"><net_src comp="2" pin="0"/><net_sink comp="18" pin=2"/></net>

<net id="27"><net_src comp="4" pin="0"/><net_sink comp="18" pin=3"/></net>

</net_list>

</model> 
---------------- Datapath Model END ------------------

* FSMD analyzer results:
  - Output states:
	Port: A_s_3 | {1 2 }
 - Input state : 
	Port: SOFTMAX_tile.13 : A_3 | {1 2 }
	Port: SOFTMAX_tile.13 : exp_lut_V | {1 2 }
  - Chain level:
	State 1
	State 2


============================================================
+ Verbose Summary: Datapath Resource usage 
============================================================

* Functional unit list:
|----------|---------------------------------------------------------------------|---------|---------|---------|
| Operation|                           Functional Unit                           |  Delay  |    FF   |   LUT   |
|----------|---------------------------------------------------------------------|---------|---------|---------|
|   call   | grp_SoftmaxTiledStreaming_17_17_1_1_1_ap_int_8_ap_int_32_64_s_fu_18 | 8.26833 |  25794  |  20816  |
|----------|---------------------------------------------------------------------|---------|---------|---------|
|   Total  |                                                                     | 8.26833 |  25794  |  20816  |
|----------|---------------------------------------------------------------------|---------|---------|---------|

Memories:
N/A

* Register list:
N/A

* Multiplexer (MUX) list: 
|--------|------|------|------|--------|
|  Comp  |  Pin | Size |  BW  | S x BW |
|--------|------|------|------|--------|
|  Total |      |      |      |    0   |
|--------|------|------|------|--------|



* Summary:
+-----------+--------+--------+--------+
|           |  Delay |   FF   |   LUT  |
+-----------+--------+--------+--------+
|  Function |    8   |  25794 |  20816 |
|   Memory  |    -   |    -   |    -   |
|Multiplexer|    -   |    -   |    -   |
|  Register |    -   |    -   |    -   |
+-----------+--------+--------+--------+
|   Total   |    8   |  25794 |  20816 |
+-----------+--------+--------+--------+
