

================================================================
== Vitis HLS Report for 'split_heads_2'
================================================================
* Date:           Thu Jun 18 11:11:52 2026

* Version:        2022.2 (Build 3670227 on Oct 13 2022)
* Project:        ViT_Block
* Solution:       ViT_Block (Vivado IP Flow Target)
* Product family: virtexuplus
* Target device:  xcu250-figd2104-2L-e


================================================================
== Performance Estimates
================================================================
+ Timing: 
    * Summary: 
    +--------+----------+----------+------------+
    |  Clock |  Target  | Estimated| Uncertainty|
    +--------+----------+----------+------------+
    |ap_clk  |  10.00 ns|  2.730 ns|     2.70 ns|
    +--------+----------+----------+------------+

+ Latency: 
    * Summary: 
    +---------+---------+-----------+-----------+------+------+---------+
    |  Latency (cycles) |   Latency (absolute)  |   Interval  | Pipeline|
    |   min   |   max   |    min    |    max    |  min |  max |   Type  |
    +---------+---------+-----------+-----------+------+------+---------+
    |     3266|     3266|  32.660 us|  32.660 us|  3266|  3266|       no|
    +---------+---------+-----------+-----------+------+------+---------+

    + Detail: 
        * Instance: 
        N/A

        * Loop: 
        +------------------------------------------------------+---------+---------+----------+-----------+-----------+------+----------+
        |                                                      |  Latency (cycles) | Iteration|  Initiation Interval  | Trip |          |
        |                       Loop Name                      |   min   |   max   |  Latency |  achieved |   target  | Count| Pipelined|
        +------------------------------------------------------+---------+---------+----------+-----------+-----------+------+----------+
        |- VITIS_LOOP_156_1_VITIS_LOOP_157_2_VITIS_LOOP_158_3  |     3264|     3264|         2|          1|          1|  3264|       yes|
        +------------------------------------------------------+---------+---------+----------+-----------+-----------+------+----------+



================================================================
== Utilization Estimates
================================================================
* Summary: 
+---------------------+---------+-------+---------+---------+------+
|         Name        | BRAM_18K|  DSP  |    FF   |   LUT   | URAM |
+---------------------+---------+-------+---------+---------+------+
|DSP                  |        -|      -|        -|        -|     -|
|Expression           |        -|      -|        0|      130|     -|
|FIFO                 |        -|      -|        -|        -|     -|
|Instance             |        -|      -|        -|        -|     -|
|Memory               |        -|      -|        -|        -|     -|
|Multiplexer          |        -|      -|        -|      135|     -|
|Register             |        -|      -|       35|        -|     -|
+---------------------+---------+-------+---------+---------+------+
|Total                |        0|      0|       35|      265|     0|
+---------------------+---------+-------+---------+---------+------+
|Available SLR        |     1344|   3072|   864000|   432000|   320|
+---------------------+---------+-------+---------+---------+------+
|Utilization SLR (%)  |        0|      0|       ~0|       ~0|     0|
+---------------------+---------+-------+---------+---------+------+
|Available            |     5376|  12288|  3456000|  1728000|  1280|
+---------------------+---------+-------+---------+---------+------+
|Utilization (%)      |        0|      0|       ~0|       ~0|     0|
+---------------------+---------+-------+---------+---------+------+

+ Detail: 
    * Instance: 
    N/A

    * DSP: 
    N/A

    * Memory: 
    N/A

    * FIFO: 
    N/A

    * Expression: 
    +----------------------------------+----------+----+---+----+------------+------------+
    |           Variable Name          | Operation| DSP| FF| LUT| Bitwidth P0| Bitwidth P1|
    +----------------------------------+----------+----+---+----+------------+------------+
    |add_ln156_fu_159_p2               |         +|   0|  0|  19|          12|           1|
    |add_ln157_2_fu_258_p2             |         +|   0|  0|  16|           9|           1|
    |add_ln157_fu_212_p2               |         +|   0|  0|  10|           3|           1|
    |add_ln158_fu_238_p2               |         +|   0|  0|  13|           6|           1|
    |and_ln156_fu_206_p2               |       and|   0|  0|   2|           1|           1|
    |ap_condition_136                  |       and|   0|  0|   2|           1|           1|
    |icmp_ln156_fu_153_p2              |      icmp|   0|  0|  12|          12|          11|
    |icmp_ln157_fu_168_p2              |      icmp|   0|  0|  11|           9|           8|
    |icmp_ln158_fu_200_p2              |      icmp|   0|  0|  10|           6|           6|
    |ap_block_pp0_stage0_01001         |        or|   0|  0|   2|           1|           1|
    |ap_block_state2_pp0_stage0_iter1  |        or|   0|  0|   2|           1|           1|
    |or_ln158_fu_244_p2                |        or|   0|  0|   2|           1|           1|
    |i_fu_250_p3                       |    select|   0|  0|   6|           1|           1|
    |select_ln156_2_fu_186_p3          |    select|   0|  0|   2|           1|           1|
    |select_ln156_fu_174_p3            |    select|   0|  0|   3|           1|           1|
    |select_ln157_3_fu_230_p3          |    select|   0|  0|   3|           1|           3|
    |select_ln157_4_fu_264_p3          |    select|   0|  0|   9|           1|           1|
    |select_ln157_fu_222_p3            |    select|   0|  0|   2|           1|           2|
    |ap_enable_pp0                     |       xor|   0|  0|   2|           1|           2|
    |xor_ln156_fu_194_p2               |       xor|   0|  0|   2|           1|           2|
    +----------------------------------+----------+----+---+----+------------+------------+
    |Total                             |          |   0|  0| 130|          70|          47|
    +----------------------------------+----------+----+---+----+------------+------------+

    * Multiplexer: 
    +----------------------------------------+----+-----------+-----+-----------+
    |                  Name                  | LUT| Input Size| Bits| Total Bits|
    +----------------------------------------+----+-----------+-----+-----------+
    |K_1_0_blk_n                             |   9|          2|    1|          2|
    |K_1_1_blk_n                             |   9|          2|    1|          2|
    |K_1_2_blk_n                             |   9|          2|    1|          2|
    |K_1_3_blk_n                             |   9|          2|    1|          2|
    |ap_done_int                             |   9|          2|    1|          2|
    |ap_enable_reg_pp0_iter1                 |   9|          2|    1|          2|
    |ap_sig_allocacmp_h_load                 |   9|          2|    3|          6|
    |ap_sig_allocacmp_i_5                    |   9|          2|    6|         12|
    |ap_sig_allocacmp_indvar_flatten13_load  |   9|          2|   12|         24|
    |ap_sig_allocacmp_indvar_flatten_load    |   9|          2|    9|         18|
    |h_fu_74                                 |   9|          2|    3|          6|
    |i_02_fu_70                              |   9|          2|    6|         12|
    |indvar_flatten13_fu_82                  |   9|          2|   12|         24|
    |indvar_flatten_fu_78                    |   9|          2|    9|         18|
    |k_lin2_blk_n                            |   9|          2|    1|          2|
    +----------------------------------------+----+-----------+-----+-----------+
    |Total                                   | 135|         30|   67|        134|
    +----------------------------------------+----+-----------+-----+-----------+

    * Register: 
    +-------------------------+----+----+-----+-----------+
    |           Name          | FF | LUT| Bits| Const Bits|
    +-------------------------+----+----+-----+-----------+
    |ap_CS_fsm                |   1|   0|    1|          0|
    |ap_done_reg              |   1|   0|    1|          0|
    |ap_enable_reg_pp0_iter1  |   1|   0|    1|          0|
    |h_fu_74                  |   3|   0|    3|          0|
    |i_02_fu_70               |   6|   0|    6|          0|
    |indvar_flatten13_fu_82   |  12|   0|   12|          0|
    |indvar_flatten_fu_78     |   9|   0|    9|          0|
    |select_ln157_reg_323     |   2|   0|    2|          0|
    +-------------------------+----+----+-----+-----------+
    |Total                    |  35|   0|   35|          0|
    +-------------------------+----+----+-----+-----------+



================================================================
== Interface
================================================================
* Summary: 
+-----------------------+-----+-----+------------+---------------+--------------+
|       RTL Ports       | Dir | Bits|  Protocol  | Source Object |    C Type    |
+-----------------------+-----+-----+------------+---------------+--------------+
|ap_clk                 |   in|    1|  ap_ctrl_hs|  split_heads.2|  return value|
|ap_rst                 |   in|    1|  ap_ctrl_hs|  split_heads.2|  return value|
|ap_start               |   in|    1|  ap_ctrl_hs|  split_heads.2|  return value|
|ap_done                |  out|    1|  ap_ctrl_hs|  split_heads.2|  return value|
|ap_continue            |   in|    1|  ap_ctrl_hs|  split_heads.2|  return value|
|ap_idle                |  out|    1|  ap_ctrl_hs|  split_heads.2|  return value|
|ap_ready               |  out|    1|  ap_ctrl_hs|  split_heads.2|  return value|
|k_lin2_dout            |   in|    8|     ap_fifo|         k_lin2|       pointer|
|k_lin2_num_data_valid  |   in|    2|     ap_fifo|         k_lin2|       pointer|
|k_lin2_fifo_cap        |   in|    2|     ap_fifo|         k_lin2|       pointer|
|k_lin2_empty_n         |   in|    1|     ap_fifo|         k_lin2|       pointer|
|k_lin2_read            |  out|    1|     ap_fifo|         k_lin2|       pointer|
|K_1_2_din              |  out|    8|     ap_fifo|          K_1_2|       pointer|
|K_1_2_num_data_valid   |   in|    2|     ap_fifo|          K_1_2|       pointer|
|K_1_2_fifo_cap         |   in|    2|     ap_fifo|          K_1_2|       pointer|
|K_1_2_full_n           |   in|    1|     ap_fifo|          K_1_2|       pointer|
|K_1_2_write            |  out|    1|     ap_fifo|          K_1_2|       pointer|
|K_1_1_din              |  out|    8|     ap_fifo|          K_1_1|       pointer|
|K_1_1_num_data_valid   |   in|    2|     ap_fifo|          K_1_1|       pointer|
|K_1_1_fifo_cap         |   in|    2|     ap_fifo|          K_1_1|       pointer|
|K_1_1_full_n           |   in|    1|     ap_fifo|          K_1_1|       pointer|
|K_1_1_write            |  out|    1|     ap_fifo|          K_1_1|       pointer|
|K_1_0_din              |  out|    8|     ap_fifo|          K_1_0|       pointer|
|K_1_0_num_data_valid   |   in|    2|     ap_fifo|          K_1_0|       pointer|
|K_1_0_fifo_cap         |   in|    2|     ap_fifo|          K_1_0|       pointer|
|K_1_0_full_n           |   in|    1|     ap_fifo|          K_1_0|       pointer|
|K_1_0_write            |  out|    1|     ap_fifo|          K_1_0|       pointer|
|K_1_3_din              |  out|    8|     ap_fifo|          K_1_3|       pointer|
|K_1_3_num_data_valid   |   in|    2|     ap_fifo|          K_1_3|       pointer|
|K_1_3_fifo_cap         |   in|    2|     ap_fifo|          K_1_3|       pointer|
|K_1_3_full_n           |   in|    1|     ap_fifo|          K_1_3|       pointer|
|K_1_3_write            |  out|    1|     ap_fifo|          K_1_3|       pointer|
+-----------------------+-----+-----+------------+---------------+--------------+

============================================================
+ Verbose Summary: Synthesis Manager
============================================================
InlineROM: 1
ExposeGlobal: 0
============================================================
+ Verbose Summary: CDFG Model
============================================================
IsTopModel: 0
ResetActiveHigh: 1
IsCombinational: 2
IsDatapathOnly: 0
HasWiredReturn: 1
HasMFsm: 2
HasVarLatency: 1
IsPipeline: 0
IsRtlPipelined: 0
IsInstanceOverlapped: 0
IsDontTouch: 0
HasImplIP: 0
IsGatedGlobalClock: 0

+ Individual pipeline summary: 
  * Pipeline-0: initiation interval (II) = 1, depth = 2


============================================================
+ Verbose Summary: Schedule
============================================================
* Number of FSM states : 2
* Pipeline : 1
  Pipeline-0 : II = 1, D = 2, States = { 1 2 }
* Dataflow Pipeline: 0

* FSM state transitions: 
1 --> 2 
2 --> 

* FSM state operations: 

State 1 <SV = 0> <Delay = 2.10>
ST_1 : Operation 5 [1/1] (0.00ns)   --->   "%i_02 = alloca i32 1"   --->   Operation 5 'alloca' 'i_02' <Predicate = true> <Delay = 0.00>
ST_1 : Operation 6 [1/1] (0.00ns)   --->   "%h = alloca i32 1"   --->   Operation 6 'alloca' 'h' <Predicate = true> <Delay = 0.00>
ST_1 : Operation 7 [1/1] (0.00ns)   --->   "%indvar_flatten = alloca i32 1"   --->   Operation 7 'alloca' 'indvar_flatten' <Predicate = true> <Delay = 0.00>
ST_1 : Operation 8 [1/1] (0.00ns)   --->   "%indvar_flatten13 = alloca i32 1"   --->   Operation 8 'alloca' 'indvar_flatten13' <Predicate = true> <Delay = 0.00>
ST_1 : Operation 9 [1/1] (0.00ns)   --->   "%specinterface_ln0 = specinterface void @_ssdm_op_SpecInterface, i8 %K_1_3, void @empty_0, i32 0, i32 0, void @empty_26, i32 0, i32 0, void @empty_26, void @empty_26, void @empty_26, i32 0, i32 0, i32 0, i32 0, void @empty_26, void @empty_26, i32 4294967295, i32 0"   --->   Operation 9 'specinterface' 'specinterface_ln0' <Predicate = true> <Delay = 0.00>
ST_1 : Operation 10 [1/1] (0.00ns)   --->   "%specinterface_ln0 = specinterface void @_ssdm_op_SpecInterface, i8 %K_1_2, void @empty_0, i32 0, i32 0, void @empty_26, i32 0, i32 0, void @empty_26, void @empty_26, void @empty_26, i32 0, i32 0, i32 0, i32 0, void @empty_26, void @empty_26, i32 4294967295, i32 0"   --->   Operation 10 'specinterface' 'specinterface_ln0' <Predicate = true> <Delay = 0.00>
ST_1 : Operation 11 [1/1] (0.00ns)   --->   "%specinterface_ln0 = specinterface void @_ssdm_op_SpecInterface, i8 %K_1_1, void @empty_0, i32 0, i32 0, void @empty_26, i32 0, i32 0, void @empty_26, void @empty_26, void @empty_26, i32 0, i32 0, i32 0, i32 0, void @empty_26, void @empty_26, i32 4294967295, i32 0"   --->   Operation 11 'specinterface' 'specinterface_ln0' <Predicate = true> <Delay = 0.00>
ST_1 : Operation 12 [1/1] (0.00ns)   --->   "%specinterface_ln0 = specinterface void @_ssdm_op_SpecInterface, i8 %K_1_0, void @empty_0, i32 0, i32 0, void @empty_26, i32 0, i32 0, void @empty_26, void @empty_26, void @empty_26, i32 0, i32 0, i32 0, i32 0, void @empty_26, void @empty_26, i32 4294967295, i32 0"   --->   Operation 12 'specinterface' 'specinterface_ln0' <Predicate = true> <Delay = 0.00>
ST_1 : Operation 13 [1/1] (0.00ns)   --->   "%specinterface_ln0 = specinterface void @_ssdm_op_SpecInterface, i8 %k_lin2, void @empty_0, i32 0, i32 0, void @empty_26, i32 0, i32 0, void @empty_26, void @empty_26, void @empty_26, i32 0, i32 0, i32 0, i32 0, void @empty_26, void @empty_26, i32 4294967295, i32 0"   --->   Operation 13 'specinterface' 'specinterface_ln0' <Predicate = true> <Delay = 0.00>
ST_1 : Operation 14 [1/1] (0.38ns)   --->   "%store_ln156 = store i12 0, i12 %indvar_flatten13" [/home/fede/PhD/transformer-hls/hls/src/attention/MultiHeadAttention_tiled.cpp:156]   --->   Operation 14 'store' 'store_ln156' <Predicate = true> <Delay = 0.38>
ST_1 : Operation 15 [1/1] (0.38ns)   --->   "%store_ln156 = store i9 0, i9 %indvar_flatten" [/home/fede/PhD/transformer-hls/hls/src/attention/MultiHeadAttention_tiled.cpp:156]   --->   Operation 15 'store' 'store_ln156' <Predicate = true> <Delay = 0.38>
ST_1 : Operation 16 [1/1] (0.38ns)   --->   "%store_ln156 = store i3 0, i3 %h" [/home/fede/PhD/transformer-hls/hls/src/attention/MultiHeadAttention_tiled.cpp:156]   --->   Operation 16 'store' 'store_ln156' <Predicate = true> <Delay = 0.38>
ST_1 : Operation 17 [1/1] (0.38ns)   --->   "%store_ln156 = store i6 0, i6 %i_02" [/home/fede/PhD/transformer-hls/hls/src/attention/MultiHeadAttention_tiled.cpp:156]   --->   Operation 17 'store' 'store_ln156' <Predicate = true> <Delay = 0.38>
ST_1 : Operation 18 [1/1] (0.00ns)   --->   "%br_ln156 = br void %for.inc" [/home/fede/PhD/transformer-hls/hls/src/attention/MultiHeadAttention_tiled.cpp:156]   --->   Operation 18 'br' 'br_ln156' <Predicate = true> <Delay = 0.00>
ST_1 : Operation 19 [1/1] (0.00ns)   --->   "%i_5 = load i6 %i_02" [/home/fede/PhD/transformer-hls/hls/src/attention/MultiHeadAttention_tiled.cpp:158]   --->   Operation 19 'load' 'i_5' <Predicate = true> <Delay = 0.00>
ST_1 : Operation 20 [1/1] (0.00ns)   --->   "%indvar_flatten_load = load i9 %indvar_flatten" [/home/fede/PhD/transformer-hls/hls/src/attention/MultiHeadAttention_tiled.cpp:157]   --->   Operation 20 'load' 'indvar_flatten_load' <Predicate = true> <Delay = 0.00>
ST_1 : Operation 21 [1/1] (0.00ns)   --->   "%indvar_flatten13_load = load i12 %indvar_flatten13" [/home/fede/PhD/transformer-hls/hls/src/attention/MultiHeadAttention_tiled.cpp:156]   --->   Operation 21 'load' 'indvar_flatten13_load' <Predicate = true> <Delay = 0.00>
ST_1 : Operation 22 [1/1] (0.62ns)   --->   "%icmp_ln156 = icmp_eq  i12 %indvar_flatten13_load, i12 3264" [/home/fede/PhD/transformer-hls/hls/src/attention/MultiHeadAttention_tiled.cpp:156]   --->   Operation 22 'icmp' 'icmp_ln156' <Predicate = true> <Delay = 0.62> <CoreInst = "Cmp">   --->   Core 9 'Cmp' <Latency = 0> <II = 1> <Delay = 0.62> <FuncUnit> <Opcode : 'icmp'> <InPorts = 2> <OutPorts = 1>
ST_1 : Operation 23 [1/1] (0.74ns)   --->   "%add_ln156 = add i12 %indvar_flatten13_load, i12 1" [/home/fede/PhD/transformer-hls/hls/src/attention/MultiHeadAttention_tiled.cpp:156]   --->   Operation 23 'add' 'add_ln156' <Predicate = true> <Delay = 0.74> <CoreInst = "Adder">   --->   Core 1 'Adder' <Latency = 0> <II = 1> <Delay = 0.74> <FuncUnit> <Opcode : 'add' 'sub'> <InPorts = 2> <OutPorts = 1>
ST_1 : Operation 24 [1/1] (0.00ns)   --->   "%br_ln156 = br i1 %icmp_ln156, void %for.inc12, void %for.end14" [/home/fede/PhD/transformer-hls/hls/src/attention/MultiHeadAttention_tiled.cpp:156]   --->   Operation 24 'br' 'br_ln156' <Predicate = true> <Delay = 0.00>
ST_1 : Operation 25 [1/1] (0.00ns)   --->   "%h_load = load i3 %h"   --->   Operation 25 'load' 'h_load' <Predicate = (!icmp_ln156)> <Delay = 0.00>
ST_1 : Operation 26 [1/1] (0.59ns)   --->   "%icmp_ln157 = icmp_eq  i9 %indvar_flatten_load, i9 192" [/home/fede/PhD/transformer-hls/hls/src/attention/MultiHeadAttention_tiled.cpp:157]   --->   Operation 26 'icmp' 'icmp_ln157' <Predicate = (!icmp_ln156)> <Delay = 0.59> <CoreInst = "Cmp">   --->   Core 9 'Cmp' <Latency = 0> <II = 1> <Delay = 0.59> <FuncUnit> <Opcode : 'icmp'> <InPorts = 2> <OutPorts = 1>
ST_1 : Operation 27 [1/1] (0.27ns)   --->   "%select_ln156 = select i1 %icmp_ln157, i3 0, i3 %h_load" [/home/fede/PhD/transformer-hls/hls/src/attention/MultiHeadAttention_tiled.cpp:156]   --->   Operation 27 'select' 'select_ln156' <Predicate = (!icmp_ln156)> <Delay = 0.27> <CoreInst = "Sel">   --->   Core 73 'Sel' <Latency = 0> <II = 1> <Delay = 0.27> <FuncUnit> <Opcode : 'select'> <InPorts = 3> <OutPorts = 1>
ST_1 : Operation 28 [1/1] (0.00ns) (grouped into LUT with out node select_ln157)   --->   "%empty_85 = trunc i3 %h_load"   --->   Operation 28 'trunc' 'empty_85' <Predicate = (!icmp_ln156)> <Delay = 0.00>
ST_1 : Operation 29 [1/1] (0.00ns) (grouped into LUT with out node select_ln157)   --->   "%select_ln156_2 = select i1 %icmp_ln157, i2 0, i2 %empty_85" [/home/fede/PhD/transformer-hls/hls/src/attention/MultiHeadAttention_tiled.cpp:156]   --->   Operation 29 'select' 'select_ln156_2' <Predicate = (!icmp_ln156)> <Delay = 0.00> <CoreInst = "Sel">   --->   Core 73 'Sel' <Latency = 0> <II = 1> <Delay = 0.27> <FuncUnit> <Opcode : 'select'> <InPorts = 3> <OutPorts = 1>
ST_1 : Operation 30 [1/1] (0.00ns) (grouped into LUT with out node and_ln156)   --->   "%xor_ln156 = xor i1 %icmp_ln157, i1 1" [/home/fede/PhD/transformer-hls/hls/src/attention/MultiHeadAttention_tiled.cpp:156]   --->   Operation 30 'xor' 'xor_ln156' <Predicate = (!icmp_ln156)> <Delay = 0.00> <CoreInst = "LogicGate">   --->   Core 74 'LogicGate' <Latency = 0> <II = 1> <Delay = 0.12> <FuncUnit> <Opcode : 'and' 'or' 'xor'> <InPorts = 2> <OutPorts = 1>
ST_1 : Operation 31 [1/1] (0.61ns)   --->   "%icmp_ln158 = icmp_eq  i6 %i_5, i6 48" [/home/fede/PhD/transformer-hls/hls/src/attention/MultiHeadAttention_tiled.cpp:158]   --->   Operation 31 'icmp' 'icmp_ln158' <Predicate = (!icmp_ln156)> <Delay = 0.61> <CoreInst = "Cmp">   --->   Core 9 'Cmp' <Latency = 0> <II = 1> <Delay = 0.61> <FuncUnit> <Opcode : 'icmp'> <InPorts = 2> <OutPorts = 1>
ST_1 : Operation 32 [1/1] (0.12ns) (out node of the LUT)   --->   "%and_ln156 = and i1 %icmp_ln158, i1 %xor_ln156" [/home/fede/PhD/transformer-hls/hls/src/attention/MultiHeadAttention_tiled.cpp:156]   --->   Operation 32 'and' 'and_ln156' <Predicate = (!icmp_ln156)> <Delay = 0.12> <CoreInst = "LogicGate">   --->   Core 74 'LogicGate' <Latency = 0> <II = 1> <Delay = 0.12> <FuncUnit> <Opcode : 'and' 'or' 'xor'> <InPorts = 2> <OutPorts = 1>
ST_1 : Operation 33 [1/1] (0.57ns)   --->   "%add_ln157 = add i3 %select_ln156, i3 1" [/home/fede/PhD/transformer-hls/hls/src/attention/MultiHeadAttention_tiled.cpp:157]   --->   Operation 33 'add' 'add_ln157' <Predicate = (!icmp_ln156)> <Delay = 0.57> <CoreInst = "Adder">   --->   Core 1 'Adder' <Latency = 0> <II = 1> <Delay = 0.57> <FuncUnit> <Opcode : 'add' 'sub'> <InPorts = 2> <OutPorts = 1>
ST_1 : Operation 34 [1/1] (0.00ns) (grouped into LUT with out node select_ln157)   --->   "%empty_86 = trunc i3 %add_ln157" [/home/fede/PhD/transformer-hls/hls/src/attention/MultiHeadAttention_tiled.cpp:157]   --->   Operation 34 'trunc' 'empty_86' <Predicate = (!icmp_ln156)> <Delay = 0.00>
ST_1 : Operation 35 [1/1] (0.27ns) (out node of the LUT)   --->   "%select_ln157 = select i1 %and_ln156, i2 %empty_86, i2 %select_ln156_2" [/home/fede/PhD/transformer-hls/hls/src/attention/MultiHeadAttention_tiled.cpp:157]   --->   Operation 35 'select' 'select_ln157' <Predicate = (!icmp_ln156)> <Delay = 0.27> <CoreInst = "Sel">   --->   Core 73 'Sel' <Latency = 0> <II = 1> <Delay = 0.27> <FuncUnit> <Opcode : 'select'> <InPorts = 3> <OutPorts = 1>
ST_1 : Operation 36 [1/1] (0.27ns)   --->   "%select_ln157_3 = select i1 %and_ln156, i3 %add_ln157, i3 %select_ln156" [/home/fede/PhD/transformer-hls/hls/src/attention/MultiHeadAttention_tiled.cpp:157]   --->   Operation 36 'select' 'select_ln157_3' <Predicate = (!icmp_ln156)> <Delay = 0.27> <CoreInst = "Sel">   --->   Core 73 'Sel' <Latency = 0> <II = 1> <Delay = 0.27> <FuncUnit> <Opcode : 'select'> <InPorts = 3> <OutPorts = 1>
ST_1 : Operation 37 [1/1] (0.34ns)   --->   "%switch_ln160 = switch i2 %select_ln157, void %V.i11.case.3, i2 0, void %V.i11.case.0, i2 1, void %V.i11.case.1, i2 2, void %V.i11.case.2" [/home/fede/PhD/transformer-hls/hls/src/attention/MultiHeadAttention_tiled.cpp:160]   --->   Operation 37 'switch' 'switch_ln160' <Predicate = (!icmp_ln156)> <Delay = 0.34>
ST_1 : Operation 38 [1/1] (0.70ns)   --->   "%add_ln158 = add i6 %i_5, i6 1" [/home/fede/PhD/transformer-hls/hls/src/attention/MultiHeadAttention_tiled.cpp:158]   --->   Operation 38 'add' 'add_ln158' <Predicate = (!icmp_ln156)> <Delay = 0.70> <CoreInst = "Adder">   --->   Core 1 'Adder' <Latency = 0> <II = 1> <Delay = 0.70> <FuncUnit> <Opcode : 'add' 'sub'> <InPorts = 2> <OutPorts = 1>
ST_1 : Operation 39 [1/1] (0.00ns) (grouped into LUT with out node i)   --->   "%or_ln158 = or i1 %and_ln156, i1 %icmp_ln157" [/home/fede/PhD/transformer-hls/hls/src/attention/MultiHeadAttention_tiled.cpp:158]   --->   Operation 39 'or' 'or_ln158' <Predicate = (!icmp_ln156)> <Delay = 0.00> <CoreInst = "LogicGate">   --->   Core 74 'LogicGate' <Latency = 0> <II = 1> <Delay = 0.12> <FuncUnit> <Opcode : 'and' 'or' 'xor'> <InPorts = 2> <OutPorts = 1>
ST_1 : Operation 40 [1/1] (0.29ns) (out node of the LUT)   --->   "%i = select i1 %or_ln158, i6 1, i6 %add_ln158" [/home/fede/PhD/transformer-hls/hls/src/attention/MultiHeadAttention_tiled.cpp:158]   --->   Operation 40 'select' 'i' <Predicate = (!icmp_ln156)> <Delay = 0.29> <CoreInst = "Sel">   --->   Core 73 'Sel' <Latency = 0> <II = 1> <Delay = 0.29> <FuncUnit> <Opcode : 'select'> <InPorts = 3> <OutPorts = 1>
ST_1 : Operation 41 [1/1] (0.71ns)   --->   "%add_ln157_2 = add i9 %indvar_flatten_load, i9 1" [/home/fede/PhD/transformer-hls/hls/src/attention/MultiHeadAttention_tiled.cpp:157]   --->   Operation 41 'add' 'add_ln157_2' <Predicate = (!icmp_ln156)> <Delay = 0.71> <CoreInst = "Adder">   --->   Core 1 'Adder' <Latency = 0> <II = 1> <Delay = 0.71> <FuncUnit> <Opcode : 'add' 'sub'> <InPorts = 2> <OutPorts = 1>
ST_1 : Operation 42 [1/1] (0.30ns)   --->   "%select_ln157_4 = select i1 %icmp_ln157, i9 1, i9 %add_ln157_2" [/home/fede/PhD/transformer-hls/hls/src/attention/MultiHeadAttention_tiled.cpp:157]   --->   Operation 42 'select' 'select_ln157_4' <Predicate = (!icmp_ln156)> <Delay = 0.30> <CoreInst = "Sel">   --->   Core 73 'Sel' <Latency = 0> <II = 1> <Delay = 0.30> <FuncUnit> <Opcode : 'select'> <InPorts = 3> <OutPorts = 1>
ST_1 : Operation 43 [1/1] (0.38ns)   --->   "%store_ln158 = store i12 %add_ln156, i12 %indvar_flatten13" [/home/fede/PhD/transformer-hls/hls/src/attention/MultiHeadAttention_tiled.cpp:158]   --->   Operation 43 'store' 'store_ln158' <Predicate = (!icmp_ln156)> <Delay = 0.38>
ST_1 : Operation 44 [1/1] (0.38ns)   --->   "%store_ln158 = store i9 %select_ln157_4, i9 %indvar_flatten" [/home/fede/PhD/transformer-hls/hls/src/attention/MultiHeadAttention_tiled.cpp:158]   --->   Operation 44 'store' 'store_ln158' <Predicate = (!icmp_ln156)> <Delay = 0.38>
ST_1 : Operation 45 [1/1] (0.38ns)   --->   "%store_ln158 = store i3 %select_ln157_3, i3 %h" [/home/fede/PhD/transformer-hls/hls/src/attention/MultiHeadAttention_tiled.cpp:158]   --->   Operation 45 'store' 'store_ln158' <Predicate = (!icmp_ln156)> <Delay = 0.38>
ST_1 : Operation 46 [1/1] (0.38ns)   --->   "%store_ln158 = store i6 %i, i6 %i_02" [/home/fede/PhD/transformer-hls/hls/src/attention/MultiHeadAttention_tiled.cpp:158]   --->   Operation 46 'store' 'store_ln158' <Predicate = (!icmp_ln156)> <Delay = 0.38>
ST_1 : Operation 47 [1/1] (0.00ns)   --->   "%br_ln158 = br void %for.inc" [/home/fede/PhD/transformer-hls/hls/src/attention/MultiHeadAttention_tiled.cpp:158]   --->   Operation 47 'br' 'br_ln158' <Predicate = (!icmp_ln156)> <Delay = 0.00>
ST_1 : Operation 62 [1/1] (0.00ns)   --->   "%ret_ln170 = ret" [/home/fede/PhD/transformer-hls/hls/src/attention/MultiHeadAttention_tiled.cpp:170]   --->   Operation 62 'ret' 'ret_ln170' <Predicate = (icmp_ln156)> <Delay = 0.00>

State 2 <SV = 1> <Delay = 2.73>
ST_2 : Operation 48 [1/1] (0.00ns)   --->   "%specloopname_ln0 = specloopname void @_ssdm_op_SpecLoopName, void @VITIS_LOOP_156_1_VITIS_LOOP_157_2_VITIS_LOOP_158_3_str"   --->   Operation 48 'specloopname' 'specloopname_ln0' <Predicate = true> <Delay = 0.00>
ST_2 : Operation 49 [1/1] (0.00ns)   --->   "%empty = speclooptripcount i32 @_ssdm_op_SpecLoopTripCount, i64 3264, i64 3264, i64 3264"   --->   Operation 49 'speclooptripcount' 'empty' <Predicate = true> <Delay = 0.00>
ST_2 : Operation 50 [1/1] (0.00ns)   --->   "%specloopname_ln0 = specloopname void @_ssdm_op_SpecLoopName, void @VITIS_LOOP_157_2_VITIS_LOOP_158_3_str"   --->   Operation 50 'specloopname' 'specloopname_ln0' <Predicate = true> <Delay = 0.00>
ST_2 : Operation 51 [1/1] (0.00ns)   --->   "%specpipeline_ln159 = specpipeline void @_ssdm_op_SpecPipeline, i32 1, i32 0, i32 0, i32 0, void @empty_26" [/home/fede/PhD/transformer-hls/hls/src/attention/MultiHeadAttention_tiled.cpp:159]   --->   Operation 51 'specpipeline' 'specpipeline_ln159' <Predicate = true> <Delay = 0.00>
ST_2 : Operation 52 [1/1] (0.00ns)   --->   "%specloopname_ln158 = specloopname void @_ssdm_op_SpecLoopName, void @empty_42" [/home/fede/PhD/transformer-hls/hls/src/attention/MultiHeadAttention_tiled.cpp:158]   --->   Operation 52 'specloopname' 'specloopname_ln158' <Predicate = true> <Delay = 0.00>
ST_2 : Operation 53 [1/1] (1.36ns)   --->   "%k_lin2_read = read i8 @_ssdm_op_Read.ap_fifo.volatile.i8P0A, i8 %k_lin2" [/home/fede/PhD/transformer-hls/hls/src/attention/MultiHeadAttention_tiled.cpp:160]   --->   Operation 53 'read' 'k_lin2_read' <Predicate = true> <Delay = 1.36> <CoreInst = "FIFO_SRL">   --->   Core 81 'FIFO_SRL' <Latency = 0> <II = 1> <Delay = 1.36> <Storage> <Opcode : 'read' 'write' 'nbread' 'nbwrite'> <Ports = 0> <Width = 8> <Depth = 2> <FIFO>
ST_2 : Operation 54 [1/1] (1.36ns)   --->   "%write_ln160 = write void @_ssdm_op_Write.ap_fifo.volatile.i8P0A, i8 %K_1_2, i8 %k_lin2_read" [/home/fede/PhD/transformer-hls/hls/src/attention/MultiHeadAttention_tiled.cpp:160]   --->   Operation 54 'write' 'write_ln160' <Predicate = (select_ln157 == 2)> <Delay = 1.36> <CoreInst = "FIFO_SRL">   --->   Core 81 'FIFO_SRL' <Latency = 0> <II = 1> <Delay = 1.36> <Storage> <Opcode : 'read' 'write' 'nbread' 'nbwrite'> <Ports = 0> <Width = 8> <Depth = 2> <FIFO>
ST_2 : Operation 55 [1/1] (0.00ns)   --->   "%br_ln160 = br void %V.i11.exit" [/home/fede/PhD/transformer-hls/hls/src/attention/MultiHeadAttention_tiled.cpp:160]   --->   Operation 55 'br' 'br_ln160' <Predicate = (select_ln157 == 2)> <Delay = 0.00>
ST_2 : Operation 56 [1/1] (1.36ns)   --->   "%write_ln160 = write void @_ssdm_op_Write.ap_fifo.volatile.i8P0A, i8 %K_1_1, i8 %k_lin2_read" [/home/fede/PhD/transformer-hls/hls/src/attention/MultiHeadAttention_tiled.cpp:160]   --->   Operation 56 'write' 'write_ln160' <Predicate = (select_ln157 == 1)> <Delay = 1.36> <CoreInst = "FIFO_SRL">   --->   Core 81 'FIFO_SRL' <Latency = 0> <II = 1> <Delay = 1.36> <Storage> <Opcode : 'read' 'write' 'nbread' 'nbwrite'> <Ports = 0> <Width = 8> <Depth = 2> <FIFO>
ST_2 : Operation 57 [1/1] (0.00ns)   --->   "%br_ln160 = br void %V.i11.exit" [/home/fede/PhD/transformer-hls/hls/src/attention/MultiHeadAttention_tiled.cpp:160]   --->   Operation 57 'br' 'br_ln160' <Predicate = (select_ln157 == 1)> <Delay = 0.00>
ST_2 : Operation 58 [1/1] (1.36ns)   --->   "%write_ln160 = write void @_ssdm_op_Write.ap_fifo.volatile.i8P0A, i8 %K_1_0, i8 %k_lin2_read" [/home/fede/PhD/transformer-hls/hls/src/attention/MultiHeadAttention_tiled.cpp:160]   --->   Operation 58 'write' 'write_ln160' <Predicate = (select_ln157 == 0)> <Delay = 1.36> <CoreInst = "FIFO_SRL">   --->   Core 81 'FIFO_SRL' <Latency = 0> <II = 1> <Delay = 1.36> <Storage> <Opcode : 'read' 'write' 'nbread' 'nbwrite'> <Ports = 0> <Width = 8> <Depth = 2> <FIFO>
ST_2 : Operation 59 [1/1] (0.00ns)   --->   "%br_ln160 = br void %V.i11.exit" [/home/fede/PhD/transformer-hls/hls/src/attention/MultiHeadAttention_tiled.cpp:160]   --->   Operation 59 'br' 'br_ln160' <Predicate = (select_ln157 == 0)> <Delay = 0.00>
ST_2 : Operation 60 [1/1] (1.36ns)   --->   "%write_ln160 = write void @_ssdm_op_Write.ap_fifo.volatile.i8P0A, i8 %K_1_3, i8 %k_lin2_read" [/home/fede/PhD/transformer-hls/hls/src/attention/MultiHeadAttention_tiled.cpp:160]   --->   Operation 60 'write' 'write_ln160' <Predicate = (select_ln157 == 3)> <Delay = 1.36> <CoreInst = "FIFO_SRL">   --->   Core 81 'FIFO_SRL' <Latency = 0> <II = 1> <Delay = 1.36> <Storage> <Opcode : 'read' 'write' 'nbread' 'nbwrite'> <Ports = 0> <Width = 8> <Depth = 2> <FIFO>
ST_2 : Operation 61 [1/1] (0.00ns)   --->   "%br_ln160 = br void %V.i11.exit" [/home/fede/PhD/transformer-hls/hls/src/attention/MultiHeadAttention_tiled.cpp:160]   --->   Operation 61 'br' 'br_ln160' <Predicate = (select_ln157 == 3)> <Delay = 0.00>


============================================================
+ Verbose Summary: Binding
============================================================
STG Binding: 
---------------- STG Properties BEGIN ----------------
- Is combinational: 0
- Is one-state seq: 0
- Is datapath-only: 0
- Is pipelined: 0
- Is top level: 0
Port [ Return ] is wired: 1; IO mode=ap_ctrl_hs:ce=0
Port [ k_lin2]:  wired=1; compound=1; hidden=0; nouse=0; global=0; static=0; extern=0; dir=0; type=3; pingpong=0; private_global=0; IO mode=ap_fifo:ce=0
Port [ K_1_0]:  wired=1; compound=1; hidden=0; nouse=0; global=0; static=0; extern=0; dir=1; type=3; pingpong=0; private_global=0; IO mode=ap_fifo:ce=0
Port [ K_1_1]:  wired=1; compound=1; hidden=0; nouse=0; global=0; static=0; extern=0; dir=1; type=3; pingpong=0; private_global=0; IO mode=ap_fifo:ce=0
Port [ K_1_2]:  wired=1; compound=1; hidden=0; nouse=0; global=0; static=0; extern=0; dir=1; type=3; pingpong=0; private_global=0; IO mode=ap_fifo:ce=0
Port [ K_1_3]:  wired=1; compound=1; hidden=0; nouse=0; global=0; static=0; extern=0; dir=1; type=3; pingpong=0; private_global=0; IO mode=ap_fifo:ce=0
---------------- STG Properties END ------------------

---------------- Datapath Model BEGIN ----------------

<LifeTime>
<method=bitvector/>
i_02                  (alloca           ) [ 010]
h                     (alloca           ) [ 010]
indvar_flatten        (alloca           ) [ 010]
indvar_flatten13      (alloca           ) [ 010]
specinterface_ln0     (specinterface    ) [ 000]
specinterface_ln0     (specinterface    ) [ 000]
specinterface_ln0     (specinterface    ) [ 000]
specinterface_ln0     (specinterface    ) [ 000]
specinterface_ln0     (specinterface    ) [ 000]
store_ln156           (store            ) [ 000]
store_ln156           (store            ) [ 000]
store_ln156           (store            ) [ 000]
store_ln156           (store            ) [ 000]
br_ln156              (br               ) [ 000]
i_5                   (load             ) [ 000]
indvar_flatten_load   (load             ) [ 000]
indvar_flatten13_load (load             ) [ 000]
icmp_ln156            (icmp             ) [ 010]
add_ln156             (add              ) [ 000]
br_ln156              (br               ) [ 000]
h_load                (load             ) [ 000]
icmp_ln157            (icmp             ) [ 000]
select_ln156          (select           ) [ 000]
empty_85              (trunc            ) [ 000]
select_ln156_2        (select           ) [ 000]
xor_ln156             (xor              ) [ 000]
icmp_ln158            (icmp             ) [ 000]
and_ln156             (and              ) [ 000]
add_ln157             (add              ) [ 000]
empty_86              (trunc            ) [ 000]
select_ln157          (select           ) [ 011]
select_ln157_3        (select           ) [ 000]
switch_ln160          (switch           ) [ 000]
add_ln158             (add              ) [ 000]
or_ln158              (or               ) [ 000]
i                     (select           ) [ 000]
add_ln157_2           (add              ) [ 000]
select_ln157_4        (select           ) [ 000]
store_ln158           (store            ) [ 000]
store_ln158           (store            ) [ 000]
store_ln158           (store            ) [ 000]
store_ln158           (store            ) [ 000]
br_ln158              (br               ) [ 000]
specloopname_ln0      (specloopname     ) [ 000]
empty                 (speclooptripcount) [ 000]
specloopname_ln0      (specloopname     ) [ 000]
specpipeline_ln159    (specpipeline     ) [ 000]
specloopname_ln158    (specloopname     ) [ 000]
k_lin2_read           (read             ) [ 000]
write_ln160           (write            ) [ 000]
br_ln160              (br               ) [ 000]
write_ln160           (write            ) [ 000]
br_ln160              (br               ) [ 000]
write_ln160           (write            ) [ 000]
br_ln160              (br               ) [ 000]
write_ln160           (write            ) [ 000]
br_ln160              (br               ) [ 000]
ret_ln170             (ret              ) [ 000]
</LifeTime>

<model>

<comp_list>
<comp id="0" class="1000" name="k_lin2">
<pin_list>
<pin id="1" dir="1" index="0" bw="1" slack="0"/>
</pin_list>
<bind>
<StgValue><ssdm name="k_lin2"/></StgValue>
</bind>
</comp>

<comp id="2" class="1000" name="K_1_0">
<pin_list>
<pin id="3" dir="1" index="0" bw="1" slack="0"/>
</pin_list>
<bind>
<StgValue><ssdm name="K_1_0"/></StgValue>
</bind>
</comp>

<comp id="4" class="1000" name="K_1_1">
<pin_list>
<pin id="5" dir="1" index="0" bw="1" slack="0"/>
</pin_list>
<bind>
<StgValue><ssdm name="K_1_1"/></StgValue>
</bind>
</comp>

<comp id="6" class="1000" name="K_1_2">
<pin_list>
<pin id="7" dir="1" index="0" bw="1" slack="0"/>
</pin_list>
<bind>
<StgValue><ssdm name="K_1_2"/></StgValue>
</bind>
</comp>

<comp id="8" class="1000" name="K_1_3">
<pin_list>
<pin id="9" dir="1" index="0" bw="1" slack="0"/>
</pin_list>
<bind>
<StgValue><ssdm name="K_1_3"/></StgValue>
</bind>
</comp>

<comp id="10" class="1001" name="const_10">
<pin_list>
<pin id="11" dir="1" index="0" bw="1" slack="0"/>
</pin_list>
<bind>
<StgValue><ssdm name=""/></StgValue>
</bind>
</comp>

<comp id="12" class="1001" name="const_12">
<pin_list>
<pin id="13" dir="1" index="0" bw="1" slack="2147483647"/>
</pin_list>
<bind>
<StgValue><ssdm name="_ssdm_op_SpecInterface"/></StgValue>
</bind>
</comp>

<comp id="14" class="1001" name="const_14">
<pin_list>
<pin id="15" dir="1" index="0" bw="1" slack="2147483647"/>
</pin_list>
<bind>
<StgValue><ssdm name="empty_0"/></StgValue>
</bind>
</comp>

<comp id="16" class="1001" name="const_16">
<pin_list>
<pin id="17" dir="1" index="0" bw="1" slack="2147483647"/>
</pin_list>
<bind>
<StgValue><ssdm name=""/></StgValue>
</bind>
</comp>

<comp id="18" class="1001" name="const_18">
<pin_list>
<pin id="19" dir="1" index="0" bw="1" slack="2147483647"/>
</pin_list>
<bind>
<StgValue><ssdm name="empty_26"/></StgValue>
</bind>
</comp>

<comp id="20" class="1001" name="const_20">
<pin_list>
<pin id="21" dir="1" index="0" bw="1" slack="2147483647"/>
</pin_list>
<bind>
<StgValue><ssdm name=""/></StgValue>
</bind>
</comp>

<comp id="22" class="1001" name="const_22">
<pin_list>
<pin id="23" dir="1" index="0" bw="1" slack="0"/>
</pin_list>
<bind>
<StgValue><ssdm name=""/></StgValue>
</bind>
</comp>

<comp id="24" class="1001" name="const_24">
<pin_list>
<pin id="25" dir="1" index="0" bw="1" slack="0"/>
</pin_list>
<bind>
<StgValue><ssdm name=""/></StgValue>
</bind>
</comp>

<comp id="26" class="1001" name="const_26">
<pin_list>
<pin id="27" dir="1" index="0" bw="1" slack="0"/>
</pin_list>
<bind>
<StgValue><ssdm name=""/></StgValue>
</bind>
</comp>

<comp id="28" class="1001" name="const_28">
<pin_list>
<pin id="29" dir="1" index="0" bw="1" slack="0"/>
</pin_list>
<bind>
<StgValue><ssdm name=""/></StgValue>
</bind>
</comp>

<comp id="30" class="1001" name="const_30">
<pin_list>
<pin id="31" dir="1" index="0" bw="1" slack="0"/>
</pin_list>
<bind>
<StgValue><ssdm name=""/></StgValue>
</bind>
</comp>

<comp id="32" class="1001" name="const_32">
<pin_list>
<pin id="33" dir="1" index="0" bw="1" slack="0"/>
</pin_list>
<bind>
<StgValue><ssdm name=""/></StgValue>
</bind>
</comp>

<comp id="34" class="1001" name="const_34">
<pin_list>
<pin id="35" dir="1" index="0" bw="1" slack="0"/>
</pin_list>
<bind>
<StgValue><ssdm name=""/></StgValue>
</bind>
</comp>

<comp id="36" class="1001" name="const_36">
<pin_list>
<pin id="37" dir="1" index="0" bw="1" slack="0"/>
</pin_list>
<bind>
<StgValue><ssdm name=""/></StgValue>
</bind>
</comp>

<comp id="38" class="1001" name="const_38">
<pin_list>
<pin id="39" dir="1" index="0" bw="1" slack="0"/>
</pin_list>
<bind>
<StgValue><ssdm name=""/></StgValue>
</bind>
</comp>

<comp id="40" class="1001" name="const_40">
<pin_list>
<pin id="41" dir="1" index="0" bw="1" slack="0"/>
</pin_list>
<bind>
<StgValue><ssdm name=""/></StgValue>
</bind>
</comp>

<comp id="42" class="1001" name="const_42">
<pin_list>
<pin id="43" dir="1" index="0" bw="1" slack="0"/>
</pin_list>
<bind>
<StgValue><ssdm name=""/></StgValue>
</bind>
</comp>

<comp id="44" class="1001" name="const_44">
<pin_list>
<pin id="45" dir="1" index="0" bw="1" slack="2147483647"/>
</pin_list>
<bind>
<StgValue><ssdm name=""/></StgValue>
</bind>
</comp>

<comp id="46" class="1001" name="const_46">
<pin_list>
<pin id="47" dir="1" index="0" bw="1" slack="2147483647"/>
</pin_list>
<bind>
<StgValue><ssdm name=""/></StgValue>
</bind>
</comp>

<comp id="48" class="1001" name="const_48">
<pin_list>
<pin id="49" dir="1" index="0" bw="1" slack="0"/>
</pin_list>
<bind>
<StgValue><ssdm name=""/></StgValue>
</bind>
</comp>

<comp id="50" class="1001" name="const_50">
<pin_list>
<pin id="51" dir="1" index="0" bw="1" slack="0"/>
</pin_list>
<bind>
<StgValue><ssdm name=""/></StgValue>
</bind>
</comp>

<comp id="52" class="1001" name="const_52">
<pin_list>
<pin id="53" dir="1" index="0" bw="1" slack="2147483647"/>
</pin_list>
<bind>
<StgValue><ssdm name="_ssdm_op_SpecLoopName"/></StgValue>
</bind>
</comp>

<comp id="54" class="1001" name="const_54">
<pin_list>
<pin id="55" dir="1" index="0" bw="1" slack="2147483647"/>
</pin_list>
<bind>
<StgValue><ssdm name="VITIS_LOOP_156_1_VITIS_LOOP_157_2_VITIS_LOOP_158_3_str"/></StgValue>
</bind>
</comp>

<comp id="56" class="1001" name="const_56">
<pin_list>
<pin id="57" dir="1" index="0" bw="1" slack="2147483647"/>
</pin_list>
<bind>
<StgValue><ssdm name="_ssdm_op_SpecLoopTripCount"/></StgValue>
</bind>
</comp>

<comp id="58" class="1001" name="const_58">
<pin_list>
<pin id="59" dir="1" index="0" bw="1" slack="2147483647"/>
</pin_list>
<bind>
<StgValue><ssdm name=""/></StgValue>
</bind>
</comp>

<comp id="60" class="1001" name="const_60">
<pin_list>
<pin id="61" dir="1" index="0" bw="1" slack="2147483647"/>
</pin_list>
<bind>
<StgValue><ssdm name="VITIS_LOOP_157_2_VITIS_LOOP_158_3_str"/></StgValue>
</bind>
</comp>

<comp id="62" class="1001" name="const_62">
<pin_list>
<pin id="63" dir="1" index="0" bw="1" slack="2147483647"/>
</pin_list>
<bind>
<StgValue><ssdm name="_ssdm_op_SpecPipeline"/></StgValue>
</bind>
</comp>

<comp id="64" class="1001" name="const_64">
<pin_list>
<pin id="65" dir="1" index="0" bw="1" slack="2147483647"/>
</pin_list>
<bind>
<StgValue><ssdm name="empty_42"/></StgValue>
</bind>
</comp>

<comp id="66" class="1001" name="const_66">
<pin_list>
<pin id="67" dir="1" index="0" bw="1" slack="0"/>
</pin_list>
<bind>
<StgValue><ssdm name="_ssdm_op_Read.ap_fifo.volatile.i8P0A"/></StgValue>
</bind>
</comp>

<comp id="68" class="1001" name="const_68">
<pin_list>
<pin id="69" dir="1" index="0" bw="1" slack="0"/>
</pin_list>
<bind>
<StgValue><ssdm name="_ssdm_op_Write.ap_fifo.volatile.i8P0A"/></StgValue>
</bind>
</comp>

<comp id="70" class="1004" name="i_02_fu_70">
<pin_list>
<pin id="71" dir="0" index="0" bw="1" slack="0"/>
<pin id="72" dir="1" index="1" bw="6" slack="0"/>
</pin_list>
<bind>
<opcode="alloca(26) " fcode="alloca"/>
<opset="i_02/1 "/>
</bind>
</comp>

<comp id="74" class="1004" name="h_fu_74">
<pin_list>
<pin id="75" dir="0" index="0" bw="1" slack="0"/>
<pin id="76" dir="1" index="1" bw="3" slack="0"/>
</pin_list>
<bind>
<opcode="alloca(26) " fcode="alloca"/>
<opset="h/1 "/>
</bind>
</comp>

<comp id="78" class="1004" name="indvar_flatten_fu_78">
<pin_list>
<pin id="79" dir="0" index="0" bw="1" slack="0"/>
<pin id="80" dir="1" index="1" bw="9" slack="0"/>
</pin_list>
<bind>
<opcode="alloca(26) " fcode="alloca"/>
<opset="indvar_flatten/1 "/>
</bind>
</comp>

<comp id="82" class="1004" name="indvar_flatten13_fu_82">
<pin_list>
<pin id="83" dir="0" index="0" bw="1" slack="0"/>
<pin id="84" dir="1" index="1" bw="12" slack="0"/>
</pin_list>
<bind>
<opcode="alloca(26) " fcode="alloca"/>
<opset="indvar_flatten13/1 "/>
</bind>
</comp>

<comp id="86" class="1004" name="k_lin2_read_read_fu_86">
<pin_list>
<pin id="87" dir="0" index="0" bw="8" slack="0"/>
<pin id="88" dir="0" index="1" bw="8" slack="0"/>
<pin id="89" dir="1" index="2" bw="8" slack="0"/>
</pin_list>
<bind>
<opcode="read(1150) " fcode="read"/>
<opset="k_lin2_read/2 "/>
</bind>
</comp>

<comp id="92" class="1004" name="write_ln160_write_fu_92">
<pin_list>
<pin id="93" dir="0" index="0" bw="0" slack="0"/>
<pin id="94" dir="0" index="1" bw="8" slack="0"/>
<pin id="95" dir="0" index="2" bw="8" slack="0"/>
<pin id="96" dir="1" index="3" bw="0" slack="2147483647"/>
</pin_list>
<bind>
<opcode="write(1151) " fcode="write"/>
<opset="write_ln160/2 "/>
</bind>
</comp>

<comp id="100" class="1004" name="write_ln160_write_fu_100">
<pin_list>
<pin id="101" dir="0" index="0" bw="0" slack="0"/>
<pin id="102" dir="0" index="1" bw="8" slack="0"/>
<pin id="103" dir="0" index="2" bw="8" slack="0"/>
<pin id="104" dir="1" index="3" bw="0" slack="2147483647"/>
</pin_list>
<bind>
<opcode="write(1151) " fcode="write"/>
<opset="write_ln160/2 "/>
</bind>
</comp>

<comp id="108" class="1004" name="write_ln160_write_fu_108">
<pin_list>
<pin id="109" dir="0" index="0" bw="0" slack="0"/>
<pin id="110" dir="0" index="1" bw="8" slack="0"/>
<pin id="111" dir="0" index="2" bw="8" slack="0"/>
<pin id="112" dir="1" index="3" bw="0" slack="2147483647"/>
</pin_list>
<bind>
<opcode="write(1151) " fcode="write"/>
<opset="write_ln160/2 "/>
</bind>
</comp>

<comp id="116" class="1004" name="write_ln160_write_fu_116">
<pin_list>
<pin id="117" dir="0" index="0" bw="0" slack="0"/>
<pin id="118" dir="0" index="1" bw="8" slack="0"/>
<pin id="119" dir="0" index="2" bw="8" slack="0"/>
<pin id="120" dir="1" index="3" bw="0" slack="2147483647"/>
</pin_list>
<bind>
<opcode="write(1151) " fcode="write"/>
<opset="write_ln160/2 "/>
</bind>
</comp>

<comp id="124" class="1004" name="store_ln156_store_fu_124">
<pin_list>
<pin id="125" dir="0" index="0" bw="1" slack="0"/>
<pin id="126" dir="0" index="1" bw="12" slack="0"/>
<pin id="127" dir="1" index="2" bw="0" slack="2147483647"/>
</pin_list>
<bind>
<opcode="store(28) " fcode="store"/>
<opset="store_ln156/1 "/>
</bind>
</comp>

<comp id="129" class="1004" name="store_ln156_store_fu_129">
<pin_list>
<pin id="130" dir="0" index="0" bw="1" slack="0"/>
<pin id="131" dir="0" index="1" bw="9" slack="0"/>
<pin id="132" dir="1" index="2" bw="0" slack="2147483647"/>
</pin_list>
<bind>
<opcode="store(28) " fcode="store"/>
<opset="store_ln156/1 "/>
</bind>
</comp>

<comp id="134" class="1004" name="store_ln156_store_fu_134">
<pin_list>
<pin id="135" dir="0" index="0" bw="1" slack="0"/>
<pin id="136" dir="0" index="1" bw="3" slack="0"/>
<pin id="137" dir="1" index="2" bw="0" slack="2147483647"/>
</pin_list>
<bind>
<opcode="store(28) " fcode="store"/>
<opset="store_ln156/1 "/>
</bind>
</comp>

<comp id="139" class="1004" name="store_ln156_store_fu_139">
<pin_list>
<pin id="140" dir="0" index="0" bw="1" slack="0"/>
<pin id="141" dir="0" index="1" bw="6" slack="0"/>
<pin id="142" dir="1" index="2" bw="0" slack="2147483647"/>
</pin_list>
<bind>
<opcode="store(28) " fcode="store"/>
<opset="store_ln156/1 "/>
</bind>
</comp>

<comp id="144" class="1004" name="i_5_load_fu_144">
<pin_list>
<pin id="145" dir="0" index="0" bw="6" slack="0"/>
<pin id="146" dir="1" index="1" bw="6" slack="0"/>
</pin_list>
<bind>
<opcode="load(27) " fcode="load"/>
<opset="i_5/1 "/>
</bind>
</comp>

<comp id="147" class="1004" name="indvar_flatten_load_load_fu_147">
<pin_list>
<pin id="148" dir="0" index="0" bw="9" slack="0"/>
<pin id="149" dir="1" index="1" bw="9" slack="0"/>
</pin_list>
<bind>
<opcode="load(27) " fcode="load"/>
<opset="indvar_flatten_load/1 "/>
</bind>
</comp>

<comp id="150" class="1004" name="indvar_flatten13_load_load_fu_150">
<pin_list>
<pin id="151" dir="0" index="0" bw="12" slack="0"/>
<pin id="152" dir="1" index="1" bw="12" slack="0"/>
</pin_list>
<bind>
<opcode="load(27) " fcode="load"/>
<opset="indvar_flatten13_load/1 "/>
</bind>
</comp>

<comp id="153" class="1004" name="icmp_ln156_fu_153">
<pin_list>
<pin id="154" dir="0" index="0" bw="12" slack="0"/>
<pin id="155" dir="0" index="1" bw="12" slack="0"/>
<pin id="156" dir="1" index="2" bw="1" slack="2147483647"/>
</pin_list>
<bind>
<opcode="icmp(45) " fcode="icmp"/>
<opset="icmp_ln156/1 "/>
</bind>
</comp>

<comp id="159" class="1004" name="add_ln156_fu_159">
<pin_list>
<pin id="160" dir="0" index="0" bw="12" slack="0"/>
<pin id="161" dir="0" index="1" bw="1" slack="0"/>
<pin id="162" dir="1" index="2" bw="12" slack="0"/>
</pin_list>
<bind>
<opcode="add(8) " fcode="add"/>
<opset="add_ln156/1 "/>
</bind>
</comp>

<comp id="165" class="1004" name="h_load_load_fu_165">
<pin_list>
<pin id="166" dir="0" index="0" bw="3" slack="0"/>
<pin id="167" dir="1" index="1" bw="3" slack="0"/>
</pin_list>
<bind>
<opcode="load(27) " fcode="load"/>
<opset="h_load/1 "/>
</bind>
</comp>

<comp id="168" class="1004" name="icmp_ln157_fu_168">
<pin_list>
<pin id="169" dir="0" index="0" bw="9" slack="0"/>
<pin id="170" dir="0" index="1" bw="9" slack="0"/>
<pin id="171" dir="1" index="2" bw="1" slack="0"/>
</pin_list>
<bind>
<opcode="icmp(45) " fcode="icmp"/>
<opset="icmp_ln157/1 "/>
</bind>
</comp>

<comp id="174" class="1004" name="select_ln156_fu_174">
<pin_list>
<pin id="175" dir="0" index="0" bw="1" slack="0"/>
<pin id="176" dir="0" index="1" bw="3" slack="0"/>
<pin id="177" dir="0" index="2" bw="3" slack="0"/>
<pin id="178" dir="1" index="3" bw="3" slack="0"/>
</pin_list>
<bind>
<opcode="select(49) " fcode="select"/>
<opset="select_ln156/1 "/>
</bind>
</comp>

<comp id="182" class="1004" name="empty_85_fu_182">
<pin_list>
<pin id="183" dir="0" index="0" bw="3" slack="0"/>
<pin id="184" dir="1" index="1" bw="2" slack="0"/>
</pin_list>
<bind>
<opcode="trunc(33) " fcode="trunc"/>
<opset="empty_85/1 "/>
</bind>
</comp>

<comp id="186" class="1004" name="select_ln156_2_fu_186">
<pin_list>
<pin id="187" dir="0" index="0" bw="1" slack="0"/>
<pin id="188" dir="0" index="1" bw="2" slack="0"/>
<pin id="189" dir="0" index="2" bw="2" slack="0"/>
<pin id="190" dir="1" index="3" bw="2" slack="0"/>
</pin_list>
<bind>
<opcode="select(49) " fcode="select"/>
<opset="select_ln156_2/1 "/>
</bind>
</comp>

<comp id="194" class="1004" name="xor_ln156_fu_194">
<pin_list>
<pin id="195" dir="0" index="0" bw="1" slack="0"/>
<pin id="196" dir="0" index="1" bw="1" slack="0"/>
<pin id="197" dir="1" index="2" bw="1" slack="0"/>
</pin_list>
<bind>
<opcode="xor(25) " fcode="xor"/>
<opset="xor_ln156/1 "/>
</bind>
</comp>

<comp id="200" class="1004" name="icmp_ln158_fu_200">
<pin_list>
<pin id="201" dir="0" index="0" bw="6" slack="0"/>
<pin id="202" dir="0" index="1" bw="6" slack="0"/>
<pin id="203" dir="1" index="2" bw="1" slack="0"/>
</pin_list>
<bind>
<opcode="icmp(45) " fcode="icmp"/>
<opset="icmp_ln158/1 "/>
</bind>
</comp>

<comp id="206" class="1004" name="and_ln156_fu_206">
<pin_list>
<pin id="207" dir="0" index="0" bw="1" slack="0"/>
<pin id="208" dir="0" index="1" bw="1" slack="0"/>
<pin id="209" dir="1" index="2" bw="1" slack="0"/>
</pin_list>
<bind>
<opcode="and(23) " fcode="and"/>
<opset="and_ln156/1 "/>
</bind>
</comp>

<comp id="212" class="1004" name="add_ln157_fu_212">
<pin_list>
<pin id="213" dir="0" index="0" bw="3" slack="0"/>
<pin id="214" dir="0" index="1" bw="1" slack="0"/>
<pin id="215" dir="1" index="2" bw="3" slack="0"/>
</pin_list>
<bind>
<opcode="add(8) " fcode="add"/>
<opset="add_ln157/1 "/>
</bind>
</comp>

<comp id="218" class="1004" name="empty_86_fu_218">
<pin_list>
<pin id="219" dir="0" index="0" bw="3" slack="0"/>
<pin id="220" dir="1" index="1" bw="2" slack="0"/>
</pin_list>
<bind>
<opcode="trunc(33) " fcode="trunc"/>
<opset="empty_86/1 "/>
</bind>
</comp>

<comp id="222" class="1004" name="select_ln157_fu_222">
<pin_list>
<pin id="223" dir="0" index="0" bw="1" slack="0"/>
<pin id="224" dir="0" index="1" bw="2" slack="0"/>
<pin id="225" dir="0" index="2" bw="2" slack="0"/>
<pin id="226" dir="1" index="3" bw="2" slack="1"/>
</pin_list>
<bind>
<opcode="select(49) " fcode="select"/>
<opset="select_ln157/1 "/>
</bind>
</comp>

<comp id="230" class="1004" name="select_ln157_3_fu_230">
<pin_list>
<pin id="231" dir="0" index="0" bw="1" slack="0"/>
<pin id="232" dir="0" index="1" bw="3" slack="0"/>
<pin id="233" dir="0" index="2" bw="3" slack="0"/>
<pin id="234" dir="1" index="3" bw="3" slack="0"/>
</pin_list>
<bind>
<opcode="select(49) " fcode="select"/>
<opset="select_ln157_3/1 "/>
</bind>
</comp>

<comp id="238" class="1004" name="add_ln158_fu_238">
<pin_list>
<pin id="239" dir="0" index="0" bw="6" slack="0"/>
<pin id="240" dir="0" index="1" bw="1" slack="0"/>
<pin id="241" dir="1" index="2" bw="6" slack="0"/>
</pin_list>
<bind>
<opcode="add(8) " fcode="add"/>
<opset="add_ln158/1 "/>
</bind>
</comp>

<comp id="244" class="1004" name="or_ln158_fu_244">
<pin_list>
<pin id="245" dir="0" index="0" bw="1" slack="0"/>
<pin id="246" dir="0" index="1" bw="1" slack="0"/>
<pin id="247" dir="1" index="2" bw="1" slack="0"/>
</pin_list>
<bind>
<opcode="or(24) " fcode="or"/>
<opset="or_ln158/1 "/>
</bind>
</comp>

<comp id="250" class="1004" name="i_fu_250">
<pin_list>
<pin id="251" dir="0" index="0" bw="1" slack="0"/>
<pin id="252" dir="0" index="1" bw="6" slack="0"/>
<pin id="253" dir="0" index="2" bw="6" slack="0"/>
<pin id="254" dir="1" index="3" bw="6" slack="0"/>
</pin_list>
<bind>
<opcode="select(49) " fcode="select"/>
<opset="i/1 "/>
</bind>
</comp>

<comp id="258" class="1004" name="add_ln157_2_fu_258">
<pin_list>
<pin id="259" dir="0" index="0" bw="9" slack="0"/>
<pin id="260" dir="0" index="1" bw="1" slack="0"/>
<pin id="261" dir="1" index="2" bw="9" slack="0"/>
</pin_list>
<bind>
<opcode="add(8) " fcode="add"/>
<opset="add_ln157_2/1 "/>
</bind>
</comp>

<comp id="264" class="1004" name="select_ln157_4_fu_264">
<pin_list>
<pin id="265" dir="0" index="0" bw="1" slack="0"/>
<pin id="266" dir="0" index="1" bw="9" slack="0"/>
<pin id="267" dir="0" index="2" bw="9" slack="0"/>
<pin id="268" dir="1" index="3" bw="9" slack="0"/>
</pin_list>
<bind>
<opcode="select(49) " fcode="select"/>
<opset="select_ln157_4/1 "/>
</bind>
</comp>

<comp id="272" class="1004" name="store_ln158_store_fu_272">
<pin_list>
<pin id="273" dir="0" index="0" bw="12" slack="0"/>
<pin id="274" dir="0" index="1" bw="12" slack="0"/>
<pin id="275" dir="1" index="2" bw="0" slack="2147483647"/>
</pin_list>
<bind>
<opcode="store(28) " fcode="store"/>
<opset="store_ln158/1 "/>
</bind>
</comp>

<comp id="277" class="1004" name="store_ln158_store_fu_277">
<pin_list>
<pin id="278" dir="0" index="0" bw="9" slack="0"/>
<pin id="279" dir="0" index="1" bw="9" slack="0"/>
<pin id="280" dir="1" index="2" bw="0" slack="2147483647"/>
</pin_list>
<bind>
<opcode="store(28) " fcode="store"/>
<opset="store_ln158/1 "/>
</bind>
</comp>

<comp id="282" class="1004" name="store_ln158_store_fu_282">
<pin_list>
<pin id="283" dir="0" index="0" bw="3" slack="0"/>
<pin id="284" dir="0" index="1" bw="3" slack="0"/>
<pin id="285" dir="1" index="2" bw="0" slack="2147483647"/>
</pin_list>
<bind>
<opcode="store(28) " fcode="store"/>
<opset="store_ln158/1 "/>
</bind>
</comp>

<comp id="287" class="1004" name="store_ln158_store_fu_287">
<pin_list>
<pin id="288" dir="0" index="0" bw="6" slack="0"/>
<pin id="289" dir="0" index="1" bw="6" slack="0"/>
<pin id="290" dir="1" index="2" bw="0" slack="2147483647"/>
</pin_list>
<bind>
<opcode="store(28) " fcode="store"/>
<opset="store_ln158/1 "/>
</bind>
</comp>

<comp id="292" class="1005" name="i_02_reg_292">
<pin_list>
<pin id="293" dir="0" index="0" bw="6" slack="0"/>
<pin id="294" dir="1" index="1" bw="6" slack="0"/>
</pin_list>
<bind>
<opset="i_02 "/>
</bind>
</comp>

<comp id="299" class="1005" name="h_reg_299">
<pin_list>
<pin id="300" dir="0" index="0" bw="3" slack="0"/>
<pin id="301" dir="1" index="1" bw="3" slack="0"/>
</pin_list>
<bind>
<opset="h "/>
</bind>
</comp>

<comp id="306" class="1005" name="indvar_flatten_reg_306">
<pin_list>
<pin id="307" dir="0" index="0" bw="9" slack="0"/>
<pin id="308" dir="1" index="1" bw="9" slack="0"/>
</pin_list>
<bind>
<opset="indvar_flatten "/>
</bind>
</comp>

<comp id="313" class="1005" name="indvar_flatten13_reg_313">
<pin_list>
<pin id="314" dir="0" index="0" bw="12" slack="0"/>
<pin id="315" dir="1" index="1" bw="12" slack="0"/>
</pin_list>
<bind>
<opset="indvar_flatten13 "/>
</bind>
</comp>

<comp id="323" class="1005" name="select_ln157_reg_323">
<pin_list>
<pin id="324" dir="0" index="0" bw="2" slack="1"/>
<pin id="325" dir="1" index="1" bw="2" slack="2147483647"/>
</pin_list>
<bind>
<opset="select_ln157 "/>
</bind>
</comp>

</comp_list>

<net_list>
<net id="73"><net_src comp="10" pin="0"/><net_sink comp="70" pin=0"/></net>

<net id="77"><net_src comp="10" pin="0"/><net_sink comp="74" pin=0"/></net>

<net id="81"><net_src comp="10" pin="0"/><net_sink comp="78" pin=0"/></net>

<net id="85"><net_src comp="10" pin="0"/><net_sink comp="82" pin=0"/></net>

<net id="90"><net_src comp="66" pin="0"/><net_sink comp="86" pin=0"/></net>

<net id="91"><net_src comp="0" pin="0"/><net_sink comp="86" pin=1"/></net>

<net id="97"><net_src comp="68" pin="0"/><net_sink comp="92" pin=0"/></net>

<net id="98"><net_src comp="6" pin="0"/><net_sink comp="92" pin=1"/></net>

<net id="99"><net_src comp="86" pin="2"/><net_sink comp="92" pin=2"/></net>

<net id="105"><net_src comp="68" pin="0"/><net_sink comp="100" pin=0"/></net>

<net id="106"><net_src comp="4" pin="0"/><net_sink comp="100" pin=1"/></net>

<net id="107"><net_src comp="86" pin="2"/><net_sink comp="100" pin=2"/></net>

<net id="113"><net_src comp="68" pin="0"/><net_sink comp="108" pin=0"/></net>

<net id="114"><net_src comp="2" pin="0"/><net_sink comp="108" pin=1"/></net>

<net id="115"><net_src comp="86" pin="2"/><net_sink comp="108" pin=2"/></net>

<net id="121"><net_src comp="68" pin="0"/><net_sink comp="116" pin=0"/></net>

<net id="122"><net_src comp="8" pin="0"/><net_sink comp="116" pin=1"/></net>

<net id="123"><net_src comp="86" pin="2"/><net_sink comp="116" pin=2"/></net>

<net id="128"><net_src comp="22" pin="0"/><net_sink comp="124" pin=0"/></net>

<net id="133"><net_src comp="24" pin="0"/><net_sink comp="129" pin=0"/></net>

<net id="138"><net_src comp="26" pin="0"/><net_sink comp="134" pin=0"/></net>

<net id="143"><net_src comp="28" pin="0"/><net_sink comp="139" pin=0"/></net>

<net id="157"><net_src comp="150" pin="1"/><net_sink comp="153" pin=0"/></net>

<net id="158"><net_src comp="30" pin="0"/><net_sink comp="153" pin=1"/></net>

<net id="163"><net_src comp="150" pin="1"/><net_sink comp="159" pin=0"/></net>

<net id="164"><net_src comp="32" pin="0"/><net_sink comp="159" pin=1"/></net>

<net id="172"><net_src comp="147" pin="1"/><net_sink comp="168" pin=0"/></net>

<net id="173"><net_src comp="34" pin="0"/><net_sink comp="168" pin=1"/></net>

<net id="179"><net_src comp="168" pin="2"/><net_sink comp="174" pin=0"/></net>

<net id="180"><net_src comp="26" pin="0"/><net_sink comp="174" pin=1"/></net>

<net id="181"><net_src comp="165" pin="1"/><net_sink comp="174" pin=2"/></net>

<net id="185"><net_src comp="165" pin="1"/><net_sink comp="182" pin=0"/></net>

<net id="191"><net_src comp="168" pin="2"/><net_sink comp="186" pin=0"/></net>

<net id="192"><net_src comp="36" pin="0"/><net_sink comp="186" pin=1"/></net>

<net id="193"><net_src comp="182" pin="1"/><net_sink comp="186" pin=2"/></net>

<net id="198"><net_src comp="168" pin="2"/><net_sink comp="194" pin=0"/></net>

<net id="199"><net_src comp="38" pin="0"/><net_sink comp="194" pin=1"/></net>

<net id="204"><net_src comp="144" pin="1"/><net_sink comp="200" pin=0"/></net>

<net id="205"><net_src comp="40" pin="0"/><net_sink comp="200" pin=1"/></net>

<net id="210"><net_src comp="200" pin="2"/><net_sink comp="206" pin=0"/></net>

<net id="211"><net_src comp="194" pin="2"/><net_sink comp="206" pin=1"/></net>

<net id="216"><net_src comp="174" pin="3"/><net_sink comp="212" pin=0"/></net>

<net id="217"><net_src comp="42" pin="0"/><net_sink comp="212" pin=1"/></net>

<net id="221"><net_src comp="212" pin="2"/><net_sink comp="218" pin=0"/></net>

<net id="227"><net_src comp="206" pin="2"/><net_sink comp="222" pin=0"/></net>

<net id="228"><net_src comp="218" pin="1"/><net_sink comp="222" pin=1"/></net>

<net id="229"><net_src comp="186" pin="3"/><net_sink comp="222" pin=2"/></net>

<net id="235"><net_src comp="206" pin="2"/><net_sink comp="230" pin=0"/></net>

<net id="236"><net_src comp="212" pin="2"/><net_sink comp="230" pin=1"/></net>

<net id="237"><net_src comp="174" pin="3"/><net_sink comp="230" pin=2"/></net>

<net id="242"><net_src comp="144" pin="1"/><net_sink comp="238" pin=0"/></net>

<net id="243"><net_src comp="48" pin="0"/><net_sink comp="238" pin=1"/></net>

<net id="248"><net_src comp="206" pin="2"/><net_sink comp="244" pin=0"/></net>

<net id="249"><net_src comp="168" pin="2"/><net_sink comp="244" pin=1"/></net>

<net id="255"><net_src comp="244" pin="2"/><net_sink comp="250" pin=0"/></net>

<net id="256"><net_src comp="48" pin="0"/><net_sink comp="250" pin=1"/></net>

<net id="257"><net_src comp="238" pin="2"/><net_sink comp="250" pin=2"/></net>

<net id="262"><net_src comp="147" pin="1"/><net_sink comp="258" pin=0"/></net>

<net id="263"><net_src comp="50" pin="0"/><net_sink comp="258" pin=1"/></net>

<net id="269"><net_src comp="168" pin="2"/><net_sink comp="264" pin=0"/></net>

<net id="270"><net_src comp="50" pin="0"/><net_sink comp="264" pin=1"/></net>

<net id="271"><net_src comp="258" pin="2"/><net_sink comp="264" pin=2"/></net>

<net id="276"><net_src comp="159" pin="2"/><net_sink comp="272" pin=0"/></net>

<net id="281"><net_src comp="264" pin="3"/><net_sink comp="277" pin=0"/></net>

<net id="286"><net_src comp="230" pin="3"/><net_sink comp="282" pin=0"/></net>

<net id="291"><net_src comp="250" pin="3"/><net_sink comp="287" pin=0"/></net>

<net id="295"><net_src comp="70" pin="1"/><net_sink comp="292" pin=0"/></net>

<net id="296"><net_src comp="292" pin="1"/><net_sink comp="139" pin=1"/></net>

<net id="297"><net_src comp="292" pin="1"/><net_sink comp="144" pin=0"/></net>

<net id="298"><net_src comp="292" pin="1"/><net_sink comp="287" pin=1"/></net>

<net id="302"><net_src comp="74" pin="1"/><net_sink comp="299" pin=0"/></net>

<net id="303"><net_src comp="299" pin="1"/><net_sink comp="134" pin=1"/></net>

<net id="304"><net_src comp="299" pin="1"/><net_sink comp="165" pin=0"/></net>

<net id="305"><net_src comp="299" pin="1"/><net_sink comp="282" pin=1"/></net>

<net id="309"><net_src comp="78" pin="1"/><net_sink comp="306" pin=0"/></net>

<net id="310"><net_src comp="306" pin="1"/><net_sink comp="129" pin=1"/></net>

<net id="311"><net_src comp="306" pin="1"/><net_sink comp="147" pin=0"/></net>

<net id="312"><net_src comp="306" pin="1"/><net_sink comp="277" pin=1"/></net>

<net id="316"><net_src comp="82" pin="1"/><net_sink comp="313" pin=0"/></net>

<net id="317"><net_src comp="313" pin="1"/><net_sink comp="124" pin=1"/></net>

<net id="318"><net_src comp="313" pin="1"/><net_sink comp="150" pin=0"/></net>

<net id="319"><net_src comp="313" pin="1"/><net_sink comp="272" pin=1"/></net>

<net id="326"><net_src comp="222" pin="3"/><net_sink comp="323" pin=0"/></net>

</net_list>

</model> 
---------------- Datapath Model END ------------------

* FSMD analyzer results:
  - Output states:
	Port: K_1_0 | {2 }
	Port: K_1_1 | {2 }
	Port: K_1_2 | {2 }
	Port: K_1_3 | {2 }
 - Input state : 
	Port: split_heads.2 : k_lin2 | {2 }
  - Chain level:
	State 1
		store_ln156 : 1
		store_ln156 : 1
		store_ln156 : 1
		store_ln156 : 1
		i_5 : 1
		indvar_flatten_load : 1
		indvar_flatten13_load : 1
		icmp_ln156 : 2
		add_ln156 : 2
		br_ln156 : 3
		h_load : 1
		icmp_ln157 : 2
		select_ln156 : 3
		empty_85 : 2
		select_ln156_2 : 3
		xor_ln156 : 3
		icmp_ln158 : 2
		and_ln156 : 3
		add_ln157 : 4
		empty_86 : 5
		select_ln157 : 6
		select_ln157_3 : 3
		switch_ln160 : 7
		add_ln158 : 2
		or_ln158 : 3
		i : 3
		add_ln157_2 : 2
		select_ln157_4 : 3
		store_ln158 : 3
		store_ln158 : 4
		store_ln158 : 4
		store_ln158 : 4
	State 2


============================================================
+ Verbose Summary: Datapath Resource usage 
============================================================

* Functional unit list:
|----------|--------------------------|---------|---------|
| Operation|      Functional Unit     |    FF   |   LUT   |
|----------|--------------------------|---------|---------|
|          |     add_ln156_fu_159     |    0    |    19   |
|    add   |     add_ln157_fu_212     |    0    |    10   |
|          |     add_ln158_fu_238     |    0    |    13   |
|          |    add_ln157_2_fu_258    |    0    |    16   |
|----------|--------------------------|---------|---------|
|          |     icmp_ln156_fu_153    |    0    |    12   |
|   icmp   |     icmp_ln157_fu_168    |    0    |    11   |
|          |     icmp_ln158_fu_200    |    0    |    10   |
|----------|--------------------------|---------|---------|
|          |    select_ln156_fu_174   |    0    |    3    |
|          |   select_ln156_2_fu_186  |    0    |    2    |
|  select  |    select_ln157_fu_222   |    0    |    2    |
|          |   select_ln157_3_fu_230  |    0    |    3    |
|          |         i_fu_250         |    0    |    6    |
|          |   select_ln157_4_fu_264  |    0    |    9    |
|----------|--------------------------|---------|---------|
|    xor   |     xor_ln156_fu_194     |    0    |    2    |
|----------|--------------------------|---------|---------|
|    and   |     and_ln156_fu_206     |    0    |    2    |
|----------|--------------------------|---------|---------|
|    or    |      or_ln158_fu_244     |    0    |    2    |
|----------|--------------------------|---------|---------|
|   read   |  k_lin2_read_read_fu_86  |    0    |    0    |
|----------|--------------------------|---------|---------|
|          |  write_ln160_write_fu_92 |    0    |    0    |
|   write  | write_ln160_write_fu_100 |    0    |    0    |
|          | write_ln160_write_fu_108 |    0    |    0    |
|          | write_ln160_write_fu_116 |    0    |    0    |
|----------|--------------------------|---------|---------|
|   trunc  |      empty_85_fu_182     |    0    |    0    |
|          |      empty_86_fu_218     |    0    |    0    |
|----------|--------------------------|---------|---------|
|   Total  |                          |    0    |   122   |
|----------|--------------------------|---------|---------|

Memories:
N/A

* Register list:
+------------------------+--------+
|                        |   FF   |
+------------------------+--------+
|        h_reg_299       |    3   |
|      i_02_reg_292      |    6   |
|indvar_flatten13_reg_313|   12   |
| indvar_flatten_reg_306 |    9   |
|  select_ln157_reg_323  |    2   |
+------------------------+--------+
|          Total         |   32   |
+------------------------+--------+

* Multiplexer (MUX) list: 
|--------|------|------|------|--------|
|  Comp  |  Pin | Size |  BW  | S x BW |
|--------|------|------|------|--------|
|  Total |      |      |      |    0   |
|--------|------|------|------|--------|



* Summary:
+-----------+--------+--------+
|           |   FF   |   LUT  |
+-----------+--------+--------+
|  Function |    0   |   122  |
|   Memory  |    -   |    -   |
|Multiplexer|    -   |    -   |
|  Register |   32   |    -   |
+-----------+--------+--------+
|   Total   |   32   |   122  |
+-----------+--------+--------+
