

================================================================
== Vitis HLS Report for 'split_heads_3'
================================================================
* Date:           Thu Jun 18 11:11:21 2026

* Version:        2022.2 (Build 3670227 on Oct 13 2022)
* Project:        ViT_Block
* Solution:       ViT_Block (Vivado IP Flow Target)
* Product family: virtexuplus
* Target device:  xcu250-figd2104-2L-e


================================================================
== Performance Estimates
================================================================
+ Timing: 
    * Summary: 
    +--------+----------+----------+------------+
    |  Clock |  Target  | Estimated| Uncertainty|
    +--------+----------+----------+------------+
    |ap_clk  |  10.00 ns|  2.730 ns|     2.70 ns|
    +--------+----------+----------+------------+

+ Latency: 
    * Summary: 
    +---------+---------+-----------+-----------+------+------+---------+
    |  Latency (cycles) |   Latency (absolute)  |   Interval  | Pipeline|
    |   min   |   max   |    min    |    max    |  min |  max |   Type  |
    +---------+---------+-----------+-----------+------+------+---------+
    |     3266|     3266|  32.660 us|  32.660 us|  3266|  3266|       no|
    +---------+---------+-----------+-----------+------+------+---------+

    + Detail: 
        * Instance: 
        N/A

        * Loop: 
        +------------------------------------------------------+---------+---------+----------+-----------+-----------+------+----------+
        |                                                      |  Latency (cycles) | Iteration|  Initiation Interval  | Trip |          |
        |                       Loop Name                      |   min   |   max   |  Latency |  achieved |   target  | Count| Pipelined|
        +------------------------------------------------------+---------+---------+----------+-----------+-----------+------+----------+
        |- VITIS_LOOP_156_1_VITIS_LOOP_157_2_VITIS_LOOP_158_3  |     3264|     3264|         2|          1|          1|  3264|       yes|
        +------------------------------------------------------+---------+---------+----------+-----------+-----------+------+----------+

============================================================
+ Verbose Summary: Synthesis Manager
============================================================
InlineROM: 1
ExposeGlobal: 0
============================================================
+ Verbose Summary: CDFG Model
============================================================
IsTopModel: 0
ResetActiveHigh: 1
IsCombinational: 2
IsDatapathOnly: 0
HasWiredReturn: 1
HasMFsm: 2
HasVarLatency: 1
IsPipeline: 0
IsRtlPipelined: 0
IsInstanceOverlapped: 0
IsDontTouch: 0
HasImplIP: 0
IsGatedGlobalClock: 0

+ Individual pipeline summary: 
  * Pipeline-0: initiation interval (II) = 1, depth = 2


============================================================
+ Verbose Summary: Schedule
============================================================
* Number of FSM states : 2
* Pipeline : 1
  Pipeline-0 : II = 1, D = 2, States = { 1 2 }
* Dataflow Pipeline: 0

* FSM state transitions: 
1 --> 2 
2 --> 

* FSM state operations: 

State 1 <SV = 0> <Delay = 2.10>
ST_1 : Operation 5 [1/1] (0.00ns)   --->   "%i = alloca i32 1"   --->   Operation 5 'alloca' 'i' <Predicate = true> <Delay = 0.00>
ST_1 : Operation 6 [1/1] (0.00ns)   --->   "%h = alloca i32 1"   --->   Operation 6 'alloca' 'h' <Predicate = true> <Delay = 0.00>
ST_1 : Operation 7 [1/1] (0.00ns)   --->   "%indvar_flatten = alloca i32 1"   --->   Operation 7 'alloca' 'indvar_flatten' <Predicate = true> <Delay = 0.00>
ST_1 : Operation 8 [1/1] (0.00ns)   --->   "%indvar_flatten13 = alloca i32 1"   --->   Operation 8 'alloca' 'indvar_flatten13' <Predicate = true> <Delay = 0.00>
ST_1 : Operation 9 [1/1] (0.00ns)   --->   "%specinterface_ln0 = specinterface void @_ssdm_op_SpecInterface, i8 %V_1_3, void @empty_0, i32 0, i32 0, void @empty_26, i32 0, i32 0, void @empty_26, void @empty_26, void @empty_26, i32 0, i32 0, i32 0, i32 0, void @empty_26, void @empty_26, i32 4294967295, i32 0"   --->   Operation 9 'specinterface' 'specinterface_ln0' <Predicate = true> <Delay = 0.00>
ST_1 : Operation 10 [1/1] (0.00ns)   --->   "%specinterface_ln0 = specinterface void @_ssdm_op_SpecInterface, i8 %V_1_2, void @empty_0, i32 0, i32 0, void @empty_26, i32 0, i32 0, void @empty_26, void @empty_26, void @empty_26, i32 0, i32 0, i32 0, i32 0, void @empty_26, void @empty_26, i32 4294967295, i32 0"   --->   Operation 10 'specinterface' 'specinterface_ln0' <Predicate = true> <Delay = 0.00>
ST_1 : Operation 11 [1/1] (0.00ns)   --->   "%specinterface_ln0 = specinterface void @_ssdm_op_SpecInterface, i8 %V_1_1, void @empty_0, i32 0, i32 0, void @empty_26, i32 0, i32 0, void @empty_26, void @empty_26, void @empty_26, i32 0, i32 0, i32 0, i32 0, void @empty_26, void @empty_26, i32 4294967295, i32 0"   --->   Operation 11 'specinterface' 'specinterface_ln0' <Predicate = true> <Delay = 0.00>
ST_1 : Operation 12 [1/1] (0.00ns)   --->   "%specinterface_ln0 = specinterface void @_ssdm_op_SpecInterface, i8 %V_1_0, void @empty_0, i32 0, i32 0, void @empty_26, i32 0, i32 0, void @empty_26, void @empty_26, void @empty_26, i32 0, i32 0, i32 0, i32 0, void @empty_26, void @empty_26, i32 4294967295, i32 0"   --->   Operation 12 'specinterface' 'specinterface_ln0' <Predicate = true> <Delay = 0.00>
ST_1 : Operation 13 [1/1] (0.00ns)   --->   "%specinterface_ln0 = specinterface void @_ssdm_op_SpecInterface, i8 %v_lin3, void @empty_0, i32 0, i32 0, void @empty_26, i32 0, i32 0, void @empty_26, void @empty_26, void @empty_26, i32 0, i32 0, i32 0, i32 0, void @empty_26, void @empty_26, i32 4294967295, i32 0"   --->   Operation 13 'specinterface' 'specinterface_ln0' <Predicate = true> <Delay = 0.00>
ST_1 : Operation 14 [1/1] (0.38ns)   --->   "%store_ln156 = store i12 0, i12 %indvar_flatten13" [/home/fede/PhD/transformer-hls/hls/src/attention/MultiHeadAttention_tiled.cpp:156]   --->   Operation 14 'store' 'store_ln156' <Predicate = true> <Delay = 0.38>
ST_1 : Operation 15 [1/1] (0.38ns)   --->   "%store_ln156 = store i9 0, i9 %indvar_flatten" [/home/fede/PhD/transformer-hls/hls/src/attention/MultiHeadAttention_tiled.cpp:156]   --->   Operation 15 'store' 'store_ln156' <Predicate = true> <Delay = 0.38>
ST_1 : Operation 16 [1/1] (0.38ns)   --->   "%store_ln156 = store i3 0, i3 %h" [/home/fede/PhD/transformer-hls/hls/src/attention/MultiHeadAttention_tiled.cpp:156]   --->   Operation 16 'store' 'store_ln156' <Predicate = true> <Delay = 0.38>
ST_1 : Operation 17 [1/1] (0.38ns)   --->   "%store_ln156 = store i6 0, i6 %i" [/home/fede/PhD/transformer-hls/hls/src/attention/MultiHeadAttention_tiled.cpp:156]   --->   Operation 17 'store' 'store_ln156' <Predicate = true> <Delay = 0.38>
ST_1 : Operation 18 [1/1] (0.00ns)   --->   "%br_ln156 = br void %for.inc" [/home/fede/PhD/transformer-hls/hls/src/attention/MultiHeadAttention_tiled.cpp:156]   --->   Operation 18 'br' 'br_ln156' <Predicate = true> <Delay = 0.00>
ST_1 : Operation 19 [1/1] (0.00ns)   --->   "%i_3 = load i6 %i" [/home/fede/PhD/transformer-hls/hls/src/attention/MultiHeadAttention_tiled.cpp:158]   --->   Operation 19 'load' 'i_3' <Predicate = true> <Delay = 0.00>
ST_1 : Operation 20 [1/1] (0.00ns)   --->   "%indvar_flatten_load = load i9 %indvar_flatten" [/home/fede/PhD/transformer-hls/hls/src/attention/MultiHeadAttention_tiled.cpp:157]   --->   Operation 20 'load' 'indvar_flatten_load' <Predicate = true> <Delay = 0.00>
ST_1 : Operation 21 [1/1] (0.00ns)   --->   "%indvar_flatten13_load = load i12 %indvar_flatten13" [/home/fede/PhD/transformer-hls/hls/src/attention/MultiHeadAttention_tiled.cpp:156]   --->   Operation 21 'load' 'indvar_flatten13_load' <Predicate = true> <Delay = 0.00>
ST_1 : Operation 22 [1/1] (0.62ns)   --->   "%icmp_ln156 = icmp_eq  i12 %indvar_flatten13_load, i12 3264" [/home/fede/PhD/transformer-hls/hls/src/attention/MultiHeadAttention_tiled.cpp:156]   --->   Operation 22 'icmp' 'icmp_ln156' <Predicate = true> <Delay = 0.62> <CoreInst = "Cmp">   --->   Core 9 'Cmp' <Latency = 0> <II = 1> <Delay = 0.62> <FuncUnit> <Opcode : 'icmp'> <InPorts = 2> <OutPorts = 1>
ST_1 : Operation 23 [1/1] (0.74ns)   --->   "%add_ln156 = add i12 %indvar_flatten13_load, i12 1" [/home/fede/PhD/transformer-hls/hls/src/attention/MultiHeadAttention_tiled.cpp:156]   --->   Operation 23 'add' 'add_ln156' <Predicate = true> <Delay = 0.74> <CoreInst = "Adder">   --->   Core 1 'Adder' <Latency = 0> <II = 1> <Delay = 0.74> <FuncUnit> <Opcode : 'add' 'sub'> <InPorts = 2> <OutPorts = 1>
ST_1 : Operation 24 [1/1] (0.00ns)   --->   "%br_ln156 = br i1 %icmp_ln156, void %for.inc12, void %for.end14" [/home/fede/PhD/transformer-hls/hls/src/attention/MultiHeadAttention_tiled.cpp:156]   --->   Operation 24 'br' 'br_ln156' <Predicate = true> <Delay = 0.00>
ST_1 : Operation 25 [1/1] (0.00ns)   --->   "%h_load = load i3 %h"   --->   Operation 25 'load' 'h_load' <Predicate = (!icmp_ln156)> <Delay = 0.00>
ST_1 : Operation 26 [1/1] (0.59ns)   --->   "%icmp_ln157 = icmp_eq  i9 %indvar_flatten_load, i9 192" [/home/fede/PhD/transformer-hls/hls/src/attention/MultiHeadAttention_tiled.cpp:157]   --->   Operation 26 'icmp' 'icmp_ln157' <Predicate = (!icmp_ln156)> <Delay = 0.59> <CoreInst = "Cmp">   --->   Core 9 'Cmp' <Latency = 0> <II = 1> <Delay = 0.59> <FuncUnit> <Opcode : 'icmp'> <InPorts = 2> <OutPorts = 1>
ST_1 : Operation 27 [1/1] (0.27ns)   --->   "%select_ln156 = select i1 %icmp_ln157, i3 0, i3 %h_load" [/home/fede/PhD/transformer-hls/hls/src/attention/MultiHeadAttention_tiled.cpp:156]   --->   Operation 27 'select' 'select_ln156' <Predicate = (!icmp_ln156)> <Delay = 0.27> <CoreInst = "Sel">   --->   Core 73 'Sel' <Latency = 0> <II = 1> <Delay = 0.27> <FuncUnit> <Opcode : 'select'> <InPorts = 3> <OutPorts = 1>
ST_1 : Operation 28 [1/1] (0.00ns) (grouped into LUT with out node select_ln157)   --->   "%empty_83 = trunc i3 %h_load"   --->   Operation 28 'trunc' 'empty_83' <Predicate = (!icmp_ln156)> <Delay = 0.00>
ST_1 : Operation 29 [1/1] (0.00ns) (grouped into LUT with out node select_ln157)   --->   "%select_ln156_1 = select i1 %icmp_ln157, i2 0, i2 %empty_83" [/home/fede/PhD/transformer-hls/hls/src/attention/MultiHeadAttention_tiled.cpp:156]   --->   Operation 29 'select' 'select_ln156_1' <Predicate = (!icmp_ln156)> <Delay = 0.00> <CoreInst = "Sel">   --->   Core 73 'Sel' <Latency = 0> <II = 1> <Delay = 0.27> <FuncUnit> <Opcode : 'select'> <InPorts = 3> <OutPorts = 1>
ST_1 : Operation 30 [1/1] (0.00ns) (grouped into LUT with out node and_ln156)   --->   "%xor_ln156 = xor i1 %icmp_ln157, i1 1" [/home/fede/PhD/transformer-hls/hls/src/attention/MultiHeadAttention_tiled.cpp:156]   --->   Operation 30 'xor' 'xor_ln156' <Predicate = (!icmp_ln156)> <Delay = 0.00> <CoreInst = "LogicGate">   --->   Core 74 'LogicGate' <Latency = 0> <II = 1> <Delay = 0.12> <FuncUnit> <Opcode : 'and' 'or' 'xor'> <InPorts = 2> <OutPorts = 1>
ST_1 : Operation 31 [1/1] (0.61ns)   --->   "%icmp_ln158 = icmp_eq  i6 %i_3, i6 48" [/home/fede/PhD/transformer-hls/hls/src/attention/MultiHeadAttention_tiled.cpp:158]   --->   Operation 31 'icmp' 'icmp_ln158' <Predicate = (!icmp_ln156)> <Delay = 0.61> <CoreInst = "Cmp">   --->   Core 9 'Cmp' <Latency = 0> <II = 1> <Delay = 0.61> <FuncUnit> <Opcode : 'icmp'> <InPorts = 2> <OutPorts = 1>
ST_1 : Operation 32 [1/1] (0.12ns) (out node of the LUT)   --->   "%and_ln156 = and i1 %icmp_ln158, i1 %xor_ln156" [/home/fede/PhD/transformer-hls/hls/src/attention/MultiHeadAttention_tiled.cpp:156]   --->   Operation 32 'and' 'and_ln156' <Predicate = (!icmp_ln156)> <Delay = 0.12> <CoreInst = "LogicGate">   --->   Core 74 'LogicGate' <Latency = 0> <II = 1> <Delay = 0.12> <FuncUnit> <Opcode : 'and' 'or' 'xor'> <InPorts = 2> <OutPorts = 1>
ST_1 : Operation 33 [1/1] (0.57ns)   --->   "%add_ln157 = add i3 %select_ln156, i3 1" [/home/fede/PhD/transformer-hls/hls/src/attention/MultiHeadAttention_tiled.cpp:157]   --->   Operation 33 'add' 'add_ln157' <Predicate = (!icmp_ln156)> <Delay = 0.57> <CoreInst = "Adder">   --->   Core 1 'Adder' <Latency = 0> <II = 1> <Delay = 0.57> <FuncUnit> <Opcode : 'add' 'sub'> <InPorts = 2> <OutPorts = 1>
ST_1 : Operation 34 [1/1] (0.00ns) (grouped into LUT with out node select_ln157)   --->   "%empty_84 = trunc i3 %add_ln157" [/home/fede/PhD/transformer-hls/hls/src/attention/MultiHeadAttention_tiled.cpp:157]   --->   Operation 34 'trunc' 'empty_84' <Predicate = (!icmp_ln156)> <Delay = 0.00>
ST_1 : Operation 35 [1/1] (0.27ns) (out node of the LUT)   --->   "%select_ln157 = select i1 %and_ln156, i2 %empty_84, i2 %select_ln156_1" [/home/fede/PhD/transformer-hls/hls/src/attention/MultiHeadAttention_tiled.cpp:157]   --->   Operation 35 'select' 'select_ln157' <Predicate = (!icmp_ln156)> <Delay = 0.27> <CoreInst = "Sel">   --->   Core 73 'Sel' <Latency = 0> <II = 1> <Delay = 0.27> <FuncUnit> <Opcode : 'select'> <InPorts = 3> <OutPorts = 1>
ST_1 : Operation 36 [1/1] (0.27ns)   --->   "%select_ln157_1 = select i1 %and_ln156, i3 %add_ln157, i3 %select_ln156" [/home/fede/PhD/transformer-hls/hls/src/attention/MultiHeadAttention_tiled.cpp:157]   --->   Operation 36 'select' 'select_ln157_1' <Predicate = (!icmp_ln156)> <Delay = 0.27> <CoreInst = "Sel">   --->   Core 73 'Sel' <Latency = 0> <II = 1> <Delay = 0.27> <FuncUnit> <Opcode : 'select'> <InPorts = 3> <OutPorts = 1>
ST_1 : Operation 37 [1/1] (0.34ns)   --->   "%switch_ln160 = switch i2 %select_ln157, void %V.i11.case.3, i2 0, void %V.i11.case.0, i2 1, void %V.i11.case.1, i2 2, void %V.i11.case.2" [/home/fede/PhD/transformer-hls/hls/src/attention/MultiHeadAttention_tiled.cpp:160]   --->   Operation 37 'switch' 'switch_ln160' <Predicate = (!icmp_ln156)> <Delay = 0.34>
ST_1 : Operation 38 [1/1] (0.70ns)   --->   "%add_ln158 = add i6 %i_3, i6 1" [/home/fede/PhD/transformer-hls/hls/src/attention/MultiHeadAttention_tiled.cpp:158]   --->   Operation 38 'add' 'add_ln158' <Predicate = (!icmp_ln156)> <Delay = 0.70> <CoreInst = "Adder">   --->   Core 1 'Adder' <Latency = 0> <II = 1> <Delay = 0.70> <FuncUnit> <Opcode : 'add' 'sub'> <InPorts = 2> <OutPorts = 1>
ST_1 : Operation 39 [1/1] (0.00ns) (grouped into LUT with out node i_4)   --->   "%or_ln158 = or i1 %and_ln156, i1 %icmp_ln157" [/home/fede/PhD/transformer-hls/hls/src/attention/MultiHeadAttention_tiled.cpp:158]   --->   Operation 39 'or' 'or_ln158' <Predicate = (!icmp_ln156)> <Delay = 0.00> <CoreInst = "LogicGate">   --->   Core 74 'LogicGate' <Latency = 0> <II = 1> <Delay = 0.12> <FuncUnit> <Opcode : 'and' 'or' 'xor'> <InPorts = 2> <OutPorts = 1>
ST_1 : Operation 40 [1/1] (0.29ns) (out node of the LUT)   --->   "%i_4 = select i1 %or_ln158, i6 1, i6 %add_ln158" [/home/fede/PhD/transformer-hls/hls/src/attention/MultiHeadAttention_tiled.cpp:158]   --->   Operation 40 'select' 'i_4' <Predicate = (!icmp_ln156)> <Delay = 0.29> <CoreInst = "Sel">   --->   Core 73 'Sel' <Latency = 0> <II = 1> <Delay = 0.29> <FuncUnit> <Opcode : 'select'> <InPorts = 3> <OutPorts = 1>
ST_1 : Operation 41 [1/1] (0.71ns)   --->   "%add_ln157_1 = add i9 %indvar_flatten_load, i9 1" [/home/fede/PhD/transformer-hls/hls/src/attention/MultiHeadAttention_tiled.cpp:157]   --->   Operation 41 'add' 'add_ln157_1' <Predicate = (!icmp_ln156)> <Delay = 0.71> <CoreInst = "Adder">   --->   Core 1 'Adder' <Latency = 0> <II = 1> <Delay = 0.71> <FuncUnit> <Opcode : 'add' 'sub'> <InPorts = 2> <OutPorts = 1>
ST_1 : Operation 42 [1/1] (0.30ns)   --->   "%select_ln157_2 = select i1 %icmp_ln157, i9 1, i9 %add_ln157_1" [/home/fede/PhD/transformer-hls/hls/src/attention/MultiHeadAttention_tiled.cpp:157]   --->   Operation 42 'select' 'select_ln157_2' <Predicate = (!icmp_ln156)> <Delay = 0.30> <CoreInst = "Sel">   --->   Core 73 'Sel' <Latency = 0> <II = 1> <Delay = 0.30> <FuncUnit> <Opcode : 'select'> <InPorts = 3> <OutPorts = 1>
ST_1 : Operation 43 [1/1] (0.38ns)   --->   "%store_ln158 = store i12 %add_ln156, i12 %indvar_flatten13" [/home/fede/PhD/transformer-hls/hls/src/attention/MultiHeadAttention_tiled.cpp:158]   --->   Operation 43 'store' 'store_ln158' <Predicate = (!icmp_ln156)> <Delay = 0.38>
ST_1 : Operation 44 [1/1] (0.38ns)   --->   "%store_ln158 = store i9 %select_ln157_2, i9 %indvar_flatten" [/home/fede/PhD/transformer-hls/hls/src/attention/MultiHeadAttention_tiled.cpp:158]   --->   Operation 44 'store' 'store_ln158' <Predicate = (!icmp_ln156)> <Delay = 0.38>
ST_1 : Operation 45 [1/1] (0.38ns)   --->   "%store_ln158 = store i3 %select_ln157_1, i3 %h" [/home/fede/PhD/transformer-hls/hls/src/attention/MultiHeadAttention_tiled.cpp:158]   --->   Operation 45 'store' 'store_ln158' <Predicate = (!icmp_ln156)> <Delay = 0.38>
ST_1 : Operation 46 [1/1] (0.38ns)   --->   "%store_ln158 = store i6 %i_4, i6 %i" [/home/fede/PhD/transformer-hls/hls/src/attention/MultiHeadAttention_tiled.cpp:158]   --->   Operation 46 'store' 'store_ln158' <Predicate = (!icmp_ln156)> <Delay = 0.38>
ST_1 : Operation 47 [1/1] (0.00ns)   --->   "%br_ln158 = br void %for.inc" [/home/fede/PhD/transformer-hls/hls/src/attention/MultiHeadAttention_tiled.cpp:158]   --->   Operation 47 'br' 'br_ln158' <Predicate = (!icmp_ln156)> <Delay = 0.00>
ST_1 : Operation 62 [1/1] (0.00ns)   --->   "%ret_ln170 = ret" [/home/fede/PhD/transformer-hls/hls/src/attention/MultiHeadAttention_tiled.cpp:170]   --->   Operation 62 'ret' 'ret_ln170' <Predicate = (icmp_ln156)> <Delay = 0.00>

State 2 <SV = 1> <Delay = 2.73>
ST_2 : Operation 48 [1/1] (0.00ns)   --->   "%specloopname_ln0 = specloopname void @_ssdm_op_SpecLoopName, void @VITIS_LOOP_156_1_VITIS_LOOP_157_2_VITIS_LOOP_158_3_str"   --->   Operation 48 'specloopname' 'specloopname_ln0' <Predicate = true> <Delay = 0.00>
ST_2 : Operation 49 [1/1] (0.00ns)   --->   "%empty = speclooptripcount i32 @_ssdm_op_SpecLoopTripCount, i64 3264, i64 3264, i64 3264"   --->   Operation 49 'speclooptripcount' 'empty' <Predicate = true> <Delay = 0.00>
ST_2 : Operation 50 [1/1] (0.00ns)   --->   "%specloopname_ln0 = specloopname void @_ssdm_op_SpecLoopName, void @VITIS_LOOP_157_2_VITIS_LOOP_158_3_str"   --->   Operation 50 'specloopname' 'specloopname_ln0' <Predicate = true> <Delay = 0.00>
ST_2 : Operation 51 [1/1] (0.00ns)   --->   "%specpipeline_ln159 = specpipeline void @_ssdm_op_SpecPipeline, i32 1, i32 0, i32 0, i32 0, void @empty_26" [/home/fede/PhD/transformer-hls/hls/src/attention/MultiHeadAttention_tiled.cpp:159]   --->   Operation 51 'specpipeline' 'specpipeline_ln159' <Predicate = true> <Delay = 0.00>
ST_2 : Operation 52 [1/1] (0.00ns)   --->   "%specloopname_ln158 = specloopname void @_ssdm_op_SpecLoopName, void @empty_42" [/home/fede/PhD/transformer-hls/hls/src/attention/MultiHeadAttention_tiled.cpp:158]   --->   Operation 52 'specloopname' 'specloopname_ln158' <Predicate = true> <Delay = 0.00>
ST_2 : Operation 53 [1/1] (1.36ns)   --->   "%v_lin3_read = read i8 @_ssdm_op_Read.ap_fifo.volatile.i8P0A, i8 %v_lin3" [/home/fede/PhD/transformer-hls/hls/src/attention/MultiHeadAttention_tiled.cpp:160]   --->   Operation 53 'read' 'v_lin3_read' <Predicate = true> <Delay = 1.36> <CoreInst = "FIFO_SRL">   --->   Core 81 'FIFO_SRL' <Latency = 0> <II = 1> <Delay = 1.36> <Storage> <Opcode : 'read' 'write' 'nbread' 'nbwrite'> <Ports = 0> <Width = 8> <Depth = 2> <FIFO>
ST_2 : Operation 54 [1/1] (1.36ns)   --->   "%write_ln160 = write void @_ssdm_op_Write.ap_fifo.volatile.i8P0A, i8 %V_1_2, i8 %v_lin3_read" [/home/fede/PhD/transformer-hls/hls/src/attention/MultiHeadAttention_tiled.cpp:160]   --->   Operation 54 'write' 'write_ln160' <Predicate = (select_ln157 == 2)> <Delay = 1.36> <CoreInst = "FIFO_SRL">   --->   Core 81 'FIFO_SRL' <Latency = 0> <II = 1> <Delay = 1.36> <Storage> <Opcode : 'read' 'write' 'nbread' 'nbwrite'> <Ports = 0> <Width = 8> <Depth = 2> <FIFO>
ST_2 : Operation 55 [1/1] (0.00ns)   --->   "%br_ln160 = br void %V.i11.exit" [/home/fede/PhD/transformer-hls/hls/src/attention/MultiHeadAttention_tiled.cpp:160]   --->   Operation 55 'br' 'br_ln160' <Predicate = (select_ln157 == 2)> <Delay = 0.00>
ST_2 : Operation 56 [1/1] (1.36ns)   --->   "%write_ln160 = write void @_ssdm_op_Write.ap_fifo.volatile.i8P0A, i8 %V_1_1, i8 %v_lin3_read" [/home/fede/PhD/transformer-hls/hls/src/attention/MultiHeadAttention_tiled.cpp:160]   --->   Operation 56 'write' 'write_ln160' <Predicate = (select_ln157 == 1)> <Delay = 1.36> <CoreInst = "FIFO_SRL">   --->   Core 81 'FIFO_SRL' <Latency = 0> <II = 1> <Delay = 1.36> <Storage> <Opcode : 'read' 'write' 'nbread' 'nbwrite'> <Ports = 0> <Width = 8> <Depth = 2> <FIFO>
ST_2 : Operation 57 [1/1] (0.00ns)   --->   "%br_ln160 = br void %V.i11.exit" [/home/fede/PhD/transformer-hls/hls/src/attention/MultiHeadAttention_tiled.cpp:160]   --->   Operation 57 'br' 'br_ln160' <Predicate = (select_ln157 == 1)> <Delay = 0.00>
ST_2 : Operation 58 [1/1] (1.36ns)   --->   "%write_ln160 = write void @_ssdm_op_Write.ap_fifo.volatile.i8P0A, i8 %V_1_0, i8 %v_lin3_read" [/home/fede/PhD/transformer-hls/hls/src/attention/MultiHeadAttention_tiled.cpp:160]   --->   Operation 58 'write' 'write_ln160' <Predicate = (select_ln157 == 0)> <Delay = 1.36> <CoreInst = "FIFO_SRL">   --->   Core 81 'FIFO_SRL' <Latency = 0> <II = 1> <Delay = 1.36> <Storage> <Opcode : 'read' 'write' 'nbread' 'nbwrite'> <Ports = 0> <Width = 8> <Depth = 2> <FIFO>
ST_2 : Operation 59 [1/1] (0.00ns)   --->   "%br_ln160 = br void %V.i11.exit" [/home/fede/PhD/transformer-hls/hls/src/attention/MultiHeadAttention_tiled.cpp:160]   --->   Operation 59 'br' 'br_ln160' <Predicate = (select_ln157 == 0)> <Delay = 0.00>
ST_2 : Operation 60 [1/1] (1.36ns)   --->   "%write_ln160 = write void @_ssdm_op_Write.ap_fifo.volatile.i8P0A, i8 %V_1_3, i8 %v_lin3_read" [/home/fede/PhD/transformer-hls/hls/src/attention/MultiHeadAttention_tiled.cpp:160]   --->   Operation 60 'write' 'write_ln160' <Predicate = (select_ln157 == 3)> <Delay = 1.36> <CoreInst = "FIFO_SRL">   --->   Core 81 'FIFO_SRL' <Latency = 0> <II = 1> <Delay = 1.36> <Storage> <Opcode : 'read' 'write' 'nbread' 'nbwrite'> <Ports = 0> <Width = 8> <Depth = 2> <FIFO>
ST_2 : Operation 61 [1/1] (0.00ns)   --->   "%br_ln160 = br void %V.i11.exit" [/home/fede/PhD/transformer-hls/hls/src/attention/MultiHeadAttention_tiled.cpp:160]   --->   Operation 61 'br' 'br_ln160' <Predicate = (select_ln157 == 3)> <Delay = 0.00>


============================================================
+ Verbose Summary: Timing violations
============================================================
Target clock period: 10ns, clock uncertainty: 2.7ns.

 <State 1>: 2.11ns
The critical path consists of the following:
	'alloca' operation ('indvar_flatten') [8]  (0 ns)
	'load' operation ('indvar_flatten_load', /home/fede/PhD/transformer-hls/hls/src/attention/MultiHeadAttention_tiled.cpp:157) on local variable 'indvar_flatten' [22]  (0 ns)
	'icmp' operation ('icmp_ln157', /home/fede/PhD/transformer-hls/hls/src/attention/MultiHeadAttention_tiled.cpp:157) [31]  (0.593 ns)
	'select' operation ('select_ln156', /home/fede/PhD/transformer-hls/hls/src/attention/MultiHeadAttention_tiled.cpp:156) [32]  (0.278 ns)
	'add' operation ('add_ln157', /home/fede/PhD/transformer-hls/hls/src/attention/MultiHeadAttention_tiled.cpp:157) [38]  (0.572 ns)
	'select' operation ('select_ln157_1', /home/fede/PhD/transformer-hls/hls/src/attention/MultiHeadAttention_tiled.cpp:157) [42]  (0.278 ns)
	'store' operation ('store_ln158', /home/fede/PhD/transformer-hls/hls/src/attention/MultiHeadAttention_tiled.cpp:158) of variable 'select_ln157_1', /home/fede/PhD/transformer-hls/hls/src/attention/MultiHeadAttention_tiled.cpp:157 on local variable 'h' [67]  (0.387 ns)

 <State 2>: 2.73ns
The critical path consists of the following:
	fifo read operation ('v_lin3_read', /home/fede/PhD/transformer-hls/hls/src/attention/MultiHeadAttention_tiled.cpp:160) on port 'v_lin3' (/home/fede/PhD/transformer-hls/hls/src/attention/MultiHeadAttention_tiled.cpp:160) [45]  (1.36 ns)
	fifo write operation ('write_ln160', /home/fede/PhD/transformer-hls/hls/src/attention/MultiHeadAttention_tiled.cpp:160) on port 'V_1_0' (/home/fede/PhD/transformer-hls/hls/src/attention/MultiHeadAttention_tiled.cpp:160) [54]  (1.36 ns)


============================================================
+ Verbose Summary: Binding
============================================================
N/A
* FSMD analyzer results:
  - Output states:
 - Input state : 
  - Chain level:
	State 1
	State 2


============================================================
+ Verbose Summary: Datapath Resource usage 
============================================================
N/A
