

================================================================
== Vitis HLS Report for 'WeightTiledStreaming_3_17_768_192_1_1_1_1_1_1_ap_int_8_s'
================================================================
* Date:           Thu Jun 18 11:12:11 2026

* Version:        2022.2 (Build 3670227 on Oct 13 2022)
* Project:        ViT_Block
* Solution:       ViT_Block (Vivado IP Flow Target)
* Product family: virtexuplus
* Target device:  xcu250-figd2104-2L-e


================================================================
== Performance Estimates
================================================================
+ Timing: 
    * Summary: 
    +--------+----------+----------+------------+
    |  Clock |  Target  | Estimated| Uncertainty|
    +--------+----------+----------+------------+
    |ap_clk  |  10.00 ns|  7.300 ns|     2.70 ns|
    +--------+----------+----------+------------+

+ Latency: 
    * Summary: 
    +---------+---------+----------+----------+-----+-----+---------+
    |  Latency (cycles) |  Latency (absolute) |  Interval | Pipeline|
    |   min   |   max   |    min   |    max   | min | max |   Type  |
    +---------+---------+----------+----------+-----+-----+---------+
    |        ?|        ?|         ?|         ?|    ?|    ?|       no|
    +---------+---------+----------+----------+-----+-----+---------+

    + Detail: 
        * Instance: 
        +---------------------------------------------+----------------------------------+---------+---------+-----------+-----------+-----+-----+---------+
        |                                             |                                  |  Latency (cycles) |   Latency (absolute)  |  Interval | Pipeline|
        |                   Instance                  |              Module              |   min   |   max   |    min    |    max    | min | max |   Type  |
        +---------------------------------------------+----------------------------------+---------+---------+-----------+-----------+-----+-----+---------+
        |grp_burst_read_beats_1_ap_int_8_s_fu_120     |burst_read_beats_1_ap_int_8_s     |        8|        8|  80.000 ns|  80.000 ns|    8|    8|       no|
        |grp_packer_to_packs_1_1_1_ap_int_8_s_fu_128  |packer_to_packs_1_1_1_ap_int_8_s  |        ?|        ?|          ?|          ?|    ?|    ?|       no|
        +---------------------------------------------+----------------------------------+---------+---------+-----------+-----------+-----+-----+---------+

        * Loop: 
        +------------------------+---------+---------+----------+-----------+-----------+------+----------+
        |                        |  Latency (cycles) | Iteration|  Initiation Interval  | Trip |          |
        |        Loop Name       |   min   |   max   |  Latency |  achieved |   target  | Count| Pipelined|
        +------------------------+---------+---------+----------+-----------+-----------+------+----------+
        |- VITIS_LOOP_1237_1     |        ?|        ?|         ?|          -|          -|    17|        no|
        | + VITIS_LOOP_1238_2    |        ?|        ?|         ?|          -|          -|   768|        no|
        |  ++ VITIS_LOOP_1239_3  |        ?|        ?|         ?|          -|          -|   192|        no|
        +------------------------+---------+---------+----------+-----------+-----------+------+----------+



================================================================
== Utilization Estimates
================================================================
* Summary: 
+---------------------+---------+-------+---------+---------+------+
|         Name        | BRAM_18K|  DSP  |    FF   |   LUT   | URAM |
+---------------------+---------+-------+---------+---------+------+
|DSP                  |        -|      -|        -|        -|     -|
|Expression           |        -|      -|        0|      201|     -|
|FIFO                 |        -|      -|        9|       35|     -|
|Instance             |        -|      -|      106|      446|     -|
|Memory               |        -|      -|        -|        -|     -|
|Multiplexer          |        -|      -|        -|      139|     -|
|Register             |        -|      -|      136|        -|     -|
+---------------------+---------+-------+---------+---------+------+
|Total                |        0|      0|      251|      821|     0|
+---------------------+---------+-------+---------+---------+------+
|Available SLR        |     1344|   3072|   864000|   432000|   320|
+---------------------+---------+-------+---------+---------+------+
|Utilization SLR (%)  |        0|      0|       ~0|       ~0|     0|
+---------------------+---------+-------+---------+---------+------+
|Available            |     5376|  12288|  3456000|  1728000|  1280|
+---------------------+---------+-------+---------+---------+------+
|Utilization (%)      |        0|      0|       ~0|       ~0|     0|
+---------------------+---------+-------+---------+---------+------+

+ Detail: 
    * Instance: 
    +---------------------------------------------+----------------------------------+---------+----+----+-----+-----+
    |                   Instance                  |              Module              | BRAM_18K| DSP| FF | LUT | URAM|
    +---------------------------------------------+----------------------------------+---------+----+----+-----+-----+
    |grp_burst_read_beats_1_ap_int_8_s_fu_120     |burst_read_beats_1_ap_int_8_s     |        0|   0|  17|   81|    0|
    |grp_packer_to_packs_1_1_1_ap_int_8_s_fu_128  |packer_to_packs_1_1_1_ap_int_8_s  |        0|   0|  89|  365|    0|
    +---------------------------------------------+----------------------------------+---------+----+----+-----+-----+
    |Total                                        |                                  |        0|   0| 106|  446|    0|
    +---------------------------------------------+----------------------------------+---------+----+----+-----+-----+

    * DSP: 
    N/A

    * Memory: 
    N/A

    * FIFO: 
    +--------------------+---------+---+----+-----+------+-----+---------+
    |        Name        | BRAM_18K| FF| LUT| URAM| Depth| Bits| Size:D*B|
    +--------------------+---------+---+----+-----+------+-----+---------+
    |burst_reads_fifo_U  |        0|  9|   0|    -|    64|    8|      512|
    +--------------------+---------+---+----+-----+------+-----+---------+
    |Total               |        0|  9|   0|    0|    64|    8|      512|
    +--------------------+---------+---+----+-----+------+-----+---------+

    * Expression: 
    +------------------------+----------+----+---+----+------------+------------+
    |      Variable Name     | Operation| DSP| FF| LUT| Bitwidth P0| Bitwidth P1|
    +------------------------+----------+----+---+----+------------+------------+
    |add_ln1238_fu_161_p2    |         +|   0|  0|  17|          10|           1|
    |add_ln1239_fu_215_p2    |         +|   0|  0|  15|           8|           1|
    |add_ln1243_1_fu_221_p2  |         +|   0|  0|  27|          20|          20|
    |add_ln1243_fu_230_p2    |         +|   0|  0|  71|          64|          64|
    |m_2_fu_149_p2           |         +|   0|  0|  12|           5|           1|
    |empty_172_fu_191_p2     |         -|   0|  0|  26|          19|          19|
    |icmp_ln1237_fu_143_p2   |      icmp|   0|  0|   9|           5|           5|
    |icmp_ln1238_fu_155_p2   |      icmp|   0|  0|  11|          10|          10|
    |icmp_ln1239_fu_209_p2   |      icmp|   0|  0|  11|           8|           8|
    |ap_block_state1         |        or|   0|  0|   2|           1|           1|
    +------------------------+----------+----+---+----+------------+------------+
    |Total                   |          |   0|  0| 201|         150|         130|
    +------------------------+----------+----+---+----+------------+------------+

    * Multiplexer: 
    +---------------------+----+-----------+-----+-----------+
    |         Name        | LUT| Input Size| Bits| Total Bits|
    +---------------------+----+-----------+-----+-----------+
    |ap_NS_fsm            |  49|          9|    1|          9|
    |ap_done              |   9|          2|    1|          2|
    |burst_reads_read     |   9|          2|    1|          2|
    |burst_reads_write    |   9|          2|    1|          2|
    |k_reg_98             |   9|          2|   10|         20|
    |m_axi_gmem1_ARVALID  |   9|          2|    1|          2|
    |m_axi_gmem1_RREADY   |   9|          2|    1|          2|
    |m_fu_84              |   9|          2|    5|         10|
    |n_tile_reg_109       |   9|          2|    8|         16|
    |out_w1_write         |   9|          2|    1|          2|
    |real_start           |   9|          2|    1|          2|
    +---------------------+----+-----------+-----+-----------+
    |Total                | 139|         29|   31|         69|
    +---------------------+----+-----------+-----+-----------+

    * Register: 
    +----------------------------------------------------------+----+----+-----+-----------+
    |                           Name                           | FF | LUT| Bits| Const Bits|
    +----------------------------------------------------------+----+----+-----+-----------+
    |add_ln1238_reg_264                                        |  10|   0|   10|          0|
    |add_ln1239_reg_277                                        |   8|   0|    8|          0|
    |add_ln1243_reg_282                                        |  64|   0|   64|          0|
    |ap_CS_fsm                                                 |   8|   0|    8|          0|
    |ap_done_reg                                               |   1|   0|    1|          0|
    |grp_burst_read_beats_1_ap_int_8_s_fu_120_ap_start_reg     |   1|   0|    1|          0|
    |grp_packer_to_packs_1_1_1_ap_int_8_s_fu_128_ap_start_reg  |   1|   0|    1|          0|
    |k_reg_98                                                  |  10|   0|   10|          0|
    |m_2_reg_256                                               |   5|   0|    5|          0|
    |m_fu_84                                                   |   5|   0|    5|          0|
    |n_tile_reg_109                                            |   8|   0|    8|          0|
    |sext_ln1239_reg_269                                       |  14|   0|   20|          6|
    |start_once_reg                                            |   1|   0|    1|          0|
    +----------------------------------------------------------+----+----+-----+-----------+
    |Total                                                     | 136|   0|  142|          6|
    +----------------------------------------------------------+----+----+-----+-----------+



================================================================
== Interface
================================================================
* Summary: 
+-----------------------+-----+-----+------------+--------------------------------------------------------------------+--------------+
|       RTL Ports       | Dir | Bits|  Protocol  |                            Source Object                           |    C Type    |
+-----------------------+-----+-----+------------+--------------------------------------------------------------------+--------------+
|ap_clk                 |   in|    1|  ap_ctrl_hs|  WeightTiledStreaming_3<17, 768, 192, 1, 1, 1, 1, 1, 1, ap_int<8> >|  return value|
|ap_rst                 |   in|    1|  ap_ctrl_hs|  WeightTiledStreaming_3<17, 768, 192, 1, 1, 1, 1, 1, 1, ap_int<8> >|  return value|
|ap_start               |   in|    1|  ap_ctrl_hs|  WeightTiledStreaming_3<17, 768, 192, 1, 1, 1, 1, 1, 1, ap_int<8> >|  return value|
|start_full_n           |   in|    1|  ap_ctrl_hs|  WeightTiledStreaming_3<17, 768, 192, 1, 1, 1, 1, 1, 1, ap_int<8> >|  return value|
|ap_done                |  out|    1|  ap_ctrl_hs|  WeightTiledStreaming_3<17, 768, 192, 1, 1, 1, 1, 1, 1, ap_int<8> >|  return value|
|ap_continue            |   in|    1|  ap_ctrl_hs|  WeightTiledStreaming_3<17, 768, 192, 1, 1, 1, 1, 1, 1, ap_int<8> >|  return value|
|ap_idle                |  out|    1|  ap_ctrl_hs|  WeightTiledStreaming_3<17, 768, 192, 1, 1, 1, 1, 1, 1, ap_int<8> >|  return value|
|ap_ready               |  out|    1|  ap_ctrl_hs|  WeightTiledStreaming_3<17, 768, 192, 1, 1, 1, 1, 1, 1, ap_int<8> >|  return value|
|start_out              |  out|    1|  ap_ctrl_hs|  WeightTiledStreaming_3<17, 768, 192, 1, 1, 1, 1, 1, 1, ap_int<8> >|  return value|
|start_write            |  out|    1|  ap_ctrl_hs|  WeightTiledStreaming_3<17, 768, 192, 1, 1, 1, 1, 1, 1, ap_int<8> >|  return value|
|m_axi_gmem1_AWVALID    |  out|    1|       m_axi|                                                               gmem1|       pointer|
|m_axi_gmem1_AWREADY    |   in|    1|       m_axi|                                                               gmem1|       pointer|
|m_axi_gmem1_AWADDR     |  out|   64|       m_axi|                                                               gmem1|       pointer|
|m_axi_gmem1_AWID       |  out|    1|       m_axi|                                                               gmem1|       pointer|
|m_axi_gmem1_AWLEN      |  out|   32|       m_axi|                                                               gmem1|       pointer|
|m_axi_gmem1_AWSIZE     |  out|    3|       m_axi|                                                               gmem1|       pointer|
|m_axi_gmem1_AWBURST    |  out|    2|       m_axi|                                                               gmem1|       pointer|
|m_axi_gmem1_AWLOCK     |  out|    2|       m_axi|                                                               gmem1|       pointer|
|m_axi_gmem1_AWCACHE    |  out|    4|       m_axi|                                                               gmem1|       pointer|
|m_axi_gmem1_AWPROT     |  out|    3|       m_axi|                                                               gmem1|       pointer|
|m_axi_gmem1_AWQOS      |  out|    4|       m_axi|                                                               gmem1|       pointer|
|m_axi_gmem1_AWREGION   |  out|    4|       m_axi|                                                               gmem1|       pointer|
|m_axi_gmem1_AWUSER     |  out|    1|       m_axi|                                                               gmem1|       pointer|
|m_axi_gmem1_WVALID     |  out|    1|       m_axi|                                                               gmem1|       pointer|
|m_axi_gmem1_WREADY     |   in|    1|       m_axi|                                                               gmem1|       pointer|
|m_axi_gmem1_WDATA      |  out|    8|       m_axi|                                                               gmem1|       pointer|
|m_axi_gmem1_WSTRB      |  out|    1|       m_axi|                                                               gmem1|       pointer|
|m_axi_gmem1_WLAST      |  out|    1|       m_axi|                                                               gmem1|       pointer|
|m_axi_gmem1_WID        |  out|    1|       m_axi|                                                               gmem1|       pointer|
|m_axi_gmem1_WUSER      |  out|    1|       m_axi|                                                               gmem1|       pointer|
|m_axi_gmem1_ARVALID    |  out|    1|       m_axi|                                                               gmem1|       pointer|
|m_axi_gmem1_ARREADY    |   in|    1|       m_axi|                                                               gmem1|       pointer|
|m_axi_gmem1_ARADDR     |  out|   64|       m_axi|                                                               gmem1|       pointer|
|m_axi_gmem1_ARID       |  out|    1|       m_axi|                                                               gmem1|       pointer|
|m_axi_gmem1_ARLEN      |  out|   32|       m_axi|                                                               gmem1|       pointer|
|m_axi_gmem1_ARSIZE     |  out|    3|       m_axi|                                                               gmem1|       pointer|
|m_axi_gmem1_ARBURST    |  out|    2|       m_axi|                                                               gmem1|       pointer|
|m_axi_gmem1_ARLOCK     |  out|    2|       m_axi|                                                               gmem1|       pointer|
|m_axi_gmem1_ARCACHE    |  out|    4|       m_axi|                                                               gmem1|       pointer|
|m_axi_gmem1_ARPROT     |  out|    3|       m_axi|                                                               gmem1|       pointer|
|m_axi_gmem1_ARQOS      |  out|    4|       m_axi|                                                               gmem1|       pointer|
|m_axi_gmem1_ARREGION   |  out|    4|       m_axi|                                                               gmem1|       pointer|
|m_axi_gmem1_ARUSER     |  out|    1|       m_axi|                                                               gmem1|       pointer|
|m_axi_gmem1_RVALID     |   in|    1|       m_axi|                                                               gmem1|       pointer|
|m_axi_gmem1_RREADY     |  out|    1|       m_axi|                                                               gmem1|       pointer|
|m_axi_gmem1_RDATA      |   in|    8|       m_axi|                                                               gmem1|       pointer|
|m_axi_gmem1_RLAST      |   in|    1|       m_axi|                                                               gmem1|       pointer|
|m_axi_gmem1_RID        |   in|    1|       m_axi|                                                               gmem1|       pointer|
|m_axi_gmem1_RFIFONUM   |   in|   13|       m_axi|                                                               gmem1|       pointer|
|m_axi_gmem1_RUSER      |   in|    1|       m_axi|                                                               gmem1|       pointer|
|m_axi_gmem1_RRESP      |   in|    2|       m_axi|                                                               gmem1|       pointer|
|m_axi_gmem1_BVALID     |   in|    1|       m_axi|                                                               gmem1|       pointer|
|m_axi_gmem1_BREADY     |  out|    1|       m_axi|                                                               gmem1|       pointer|
|m_axi_gmem1_BRESP      |   in|    2|       m_axi|                                                               gmem1|       pointer|
|m_axi_gmem1_BID        |   in|    1|       m_axi|                                                               gmem1|       pointer|
|m_axi_gmem1_BUSER      |   in|    1|       m_axi|                                                               gmem1|       pointer|
|W_ddr_tile             |   in|   64|     ap_none|                                                          W_ddr_tile|        scalar|
|out_w1_din             |  out|    8|     ap_fifo|                                                              out_w1|       pointer|
|out_w1_num_data_valid  |   in|    7|     ap_fifo|                                                              out_w1|       pointer|
|out_w1_fifo_cap        |   in|    7|     ap_fifo|                                                              out_w1|       pointer|
|out_w1_full_n          |   in|    1|     ap_fifo|                                                              out_w1|       pointer|
|out_w1_write           |  out|    1|     ap_fifo|                                                              out_w1|       pointer|
+-----------------------+-----+-----+------------+--------------------------------------------------------------------+--------------+

============================================================
+ Verbose Summary: Synthesis Manager
============================================================
InlineROM: 1
ExposeGlobal: 0
============================================================
+ Verbose Summary: CDFG Model
============================================================
IsTopModel: 0
ResetActiveHigh: 1
IsCombinational: 2
IsDatapathOnly: 0
HasWiredReturn: 1
HasMFsm: 0
HasVarLatency: 1
IsPipeline: 0
IsRtlPipelined: 0
IsInstanceOverlapped: 0
IsDontTouch: 0
HasImplIP: 0
IsGatedGlobalClock: 0


============================================================
+ Verbose Summary: Schedule
============================================================
* Number of FSM states : 8
* Pipeline : 0
* Dataflow Pipeline: 0

* FSM state transitions: 
1 --> 2 
2 --> 3 
3 --> 4 2 
4 --> 5 3 
5 --> 6 
6 --> 7 
7 --> 8 
8 --> 4 

* FSM state operations: 

State 1 <SV = 0> <Delay = 0.38>
ST_1 : Operation 9 [1/1] (0.00ns)   --->   "%m = alloca i32 1"   --->   Operation 9 'alloca' 'm' <Predicate = true> <Delay = 0.00>
ST_1 : Operation 10 [1/1] (0.00ns)   --->   "%specinterface_ln0 = specinterface void @_ssdm_op_SpecInterface, i8 %out_w1, void @empty_0, i32 0, i32 0, void @empty_26, i32 0, i32 0, void @empty_26, void @empty_26, void @empty_26, i32 0, i32 0, i32 0, i32 0, void @empty_26, void @empty_26, i32 4294967295, i32 0"   --->   Operation 10 'specinterface' 'specinterface_ln0' <Predicate = true> <Delay = 0.00>
ST_1 : Operation 11 [1/1] (0.00ns)   --->   "%specinterface_ln0 = specinterface void @_ssdm_op_SpecInterface, i8 %gmem1, void @empty_25, i32 0, i32 0, void @empty_26, i32 0, i32 147456, void @empty_28, void @empty_6, void @empty_26, i32 16, i32 16, i32 64, i32 16, void @empty_26, void @empty_26, i32 4294967295, i32 0"   --->   Operation 11 'specinterface' 'specinterface_ln0' <Predicate = true> <Delay = 0.00>
ST_1 : Operation 12 [1/1] (0.00ns)   --->   "%W_ddr_tile_read = read i64 @_ssdm_op_Read.ap_auto.i64, i64 %W_ddr_tile"   --->   Operation 12 'read' 'W_ddr_tile_read' <Predicate = true> <Delay = 0.00>
ST_1 : Operation 13 [1/1] (0.00ns)   --->   "%burst_reads = alloca i64 1" [/home/fede/PhD/transformer-hls/hls/include/linear.h:1225]   --->   Operation 13 'alloca' 'burst_reads' <Predicate = true> <Delay = 0.00> <CoreInst = "FIFO_SRL">   --->   Core 81 'FIFO_SRL' <Latency = 0> <II = 1> <Delay = 1.35> <Storage> <Opcode : 'read' 'write' 'nbread' 'nbwrite'> <Ports = 0> <Width = 8> <Depth = 64> <FIFO>
ST_1 : Operation 14 [1/1] (0.00ns)   --->   "%empty = specchannel i32 @_ssdm_op_SpecChannel, void @burst_reads_str, i32 1, void @p_str, void @p_str, i32 64, i32 64, i8 %burst_reads, i8 %burst_reads"   --->   Operation 14 'specchannel' 'empty' <Predicate = true> <Delay = 0.00>
ST_1 : Operation 15 [1/1] (0.00ns)   --->   "%specinterface_ln0 = specinterface void @_ssdm_op_SpecInterface, i8 %burst_reads, void @empty_0, i32 0, i32 0, void @empty_26, i32 0, i32 0, void @empty_26, void @empty_26, void @empty_26, i32 0, i32 0, i32 0, i32 0, void @empty_26, void @empty_26, i32 4294967295, i32 0"   --->   Operation 15 'specinterface' 'specinterface_ln0' <Predicate = true> <Delay = 0.00>
ST_1 : Operation 16 [1/1] (0.38ns)   --->   "%store_ln1237 = store i5 0, i5 %m" [/home/fede/PhD/transformer-hls/hls/include/linear.h:1237]   --->   Operation 16 'store' 'store_ln1237' <Predicate = true> <Delay = 0.38>
ST_1 : Operation 17 [1/1] (0.00ns)   --->   "%br_ln1237 = br void %VITIS_LOOP_1238_2" [/home/fede/PhD/transformer-hls/hls/include/linear.h:1237]   --->   Operation 17 'br' 'br_ln1237' <Predicate = true> <Delay = 0.00>

State 2 <SV = 1> <Delay = 0.70>
ST_2 : Operation 18 [1/1] (0.00ns)   --->   "%m_1 = load i5 %m" [/home/fede/PhD/transformer-hls/hls/include/linear.h:1237]   --->   Operation 18 'load' 'm_1' <Predicate = true> <Delay = 0.00>
ST_2 : Operation 19 [1/1] (0.63ns)   --->   "%icmp_ln1237 = icmp_eq  i5 %m_1, i5 17" [/home/fede/PhD/transformer-hls/hls/include/linear.h:1237]   --->   Operation 19 'icmp' 'icmp_ln1237' <Predicate = true> <Delay = 0.63> <CoreInst = "Cmp">   --->   Core 9 'Cmp' <Latency = 0> <II = 1> <Delay = 0.63> <FuncUnit> <Opcode : 'icmp'> <InPorts = 2> <OutPorts = 1>
ST_2 : Operation 20 [1/1] (0.00ns)   --->   "%empty_170 = speclooptripcount i32 @_ssdm_op_SpecLoopTripCount, i64 17, i64 17, i64 17"   --->   Operation 20 'speclooptripcount' 'empty_170' <Predicate = true> <Delay = 0.00>
ST_2 : Operation 21 [1/1] (0.70ns)   --->   "%m_2 = add i5 %m_1, i5 1" [/home/fede/PhD/transformer-hls/hls/include/linear.h:1237]   --->   Operation 21 'add' 'm_2' <Predicate = true> <Delay = 0.70> <CoreInst = "Adder">   --->   Core 1 'Adder' <Latency = 0> <II = 1> <Delay = 0.70> <FuncUnit> <Opcode : 'add' 'sub'> <InPorts = 2> <OutPorts = 1>
ST_2 : Operation 22 [1/1] (0.00ns)   --->   "%br_ln1237 = br i1 %icmp_ln1237, void %VITIS_LOOP_1238_2.split, void %for.end17" [/home/fede/PhD/transformer-hls/hls/include/linear.h:1237]   --->   Operation 22 'br' 'br_ln1237' <Predicate = true> <Delay = 0.00>
ST_2 : Operation 23 [1/1] (0.00ns)   --->   "%specloopname_ln1237 = specloopname void @_ssdm_op_SpecLoopName, void @empty_35" [/home/fede/PhD/transformer-hls/hls/include/linear.h:1237]   --->   Operation 23 'specloopname' 'specloopname_ln1237' <Predicate = (!icmp_ln1237)> <Delay = 0.00>
ST_2 : Operation 24 [1/1] (0.38ns)   --->   "%br_ln1238 = br void %VITIS_LOOP_1239_3" [/home/fede/PhD/transformer-hls/hls/include/linear.h:1238]   --->   Operation 24 'br' 'br_ln1238' <Predicate = (!icmp_ln1237)> <Delay = 0.38>
ST_2 : Operation 25 [1/1] (0.00ns)   --->   "%ret_ln1253 = ret" [/home/fede/PhD/transformer-hls/hls/include/linear.h:1253]   --->   Operation 25 'ret' 'ret_ln1253' <Predicate = (icmp_ln1237)> <Delay = 0.00>

State 3 <SV = 2> <Delay = 0.99>
ST_3 : Operation 26 [1/1] (0.00ns)   --->   "%k = phi i10 %add_ln1238, void %for.inc12, i10 0, void %VITIS_LOOP_1238_2.split" [/home/fede/PhD/transformer-hls/hls/include/linear.h:1238]   --->   Operation 26 'phi' 'k' <Predicate = true> <Delay = 0.00>
ST_3 : Operation 27 [1/1] (0.60ns)   --->   "%icmp_ln1238 = icmp_eq  i10 %k, i10 768" [/home/fede/PhD/transformer-hls/hls/include/linear.h:1238]   --->   Operation 27 'icmp' 'icmp_ln1238' <Predicate = true> <Delay = 0.60> <CoreInst = "Cmp">   --->   Core 9 'Cmp' <Latency = 0> <II = 1> <Delay = 0.60> <FuncUnit> <Opcode : 'icmp'> <InPorts = 2> <OutPorts = 1>
ST_3 : Operation 28 [1/1] (0.00ns)   --->   "%empty_171 = speclooptripcount i32 @_ssdm_op_SpecLoopTripCount, i64 768, i64 768, i64 768"   --->   Operation 28 'speclooptripcount' 'empty_171' <Predicate = true> <Delay = 0.00>
ST_3 : Operation 29 [1/1] (0.72ns)   --->   "%add_ln1238 = add i10 %k, i10 1" [/home/fede/PhD/transformer-hls/hls/include/linear.h:1238]   --->   Operation 29 'add' 'add_ln1238' <Predicate = true> <Delay = 0.72> <CoreInst = "Adder">   --->   Core 1 'Adder' <Latency = 0> <II = 1> <Delay = 0.72> <FuncUnit> <Opcode : 'add' 'sub'> <InPorts = 2> <OutPorts = 1>
ST_3 : Operation 30 [1/1] (0.00ns)   --->   "%br_ln1238 = br i1 %icmp_ln1238, void %VITIS_LOOP_1239_3.split, void %for.inc15" [/home/fede/PhD/transformer-hls/hls/include/linear.h:1238]   --->   Operation 30 'br' 'br_ln1238' <Predicate = true> <Delay = 0.00>
ST_3 : Operation 31 [1/1] (0.00ns)   --->   "%specloopname_ln1238 = specloopname void @_ssdm_op_SpecLoopName, void @empty" [/home/fede/PhD/transformer-hls/hls/include/linear.h:1238]   --->   Operation 31 'specloopname' 'specloopname_ln1238' <Predicate = (!icmp_ln1238)> <Delay = 0.00>
ST_3 : Operation 32 [1/1] (0.00ns)   --->   "%p_shl = bitconcatenate i18 @_ssdm_op_BitConcatenate.i18.i10.i8, i10 %k, i8 0" [/home/fede/PhD/transformer-hls/hls/include/linear.h:1238]   --->   Operation 32 'bitconcatenate' 'p_shl' <Predicate = (!icmp_ln1238)> <Delay = 0.00>
ST_3 : Operation 33 [1/1] (0.00ns)   --->   "%p_shl_cast = zext i18 %p_shl" [/home/fede/PhD/transformer-hls/hls/include/linear.h:1238]   --->   Operation 33 'zext' 'p_shl_cast' <Predicate = (!icmp_ln1238)> <Delay = 0.00>
ST_3 : Operation 34 [1/1] (0.00ns)   --->   "%p_shl1 = bitconcatenate i16 @_ssdm_op_BitConcatenate.i16.i10.i6, i10 %k, i6 0" [/home/fede/PhD/transformer-hls/hls/include/linear.h:1238]   --->   Operation 34 'bitconcatenate' 'p_shl1' <Predicate = (!icmp_ln1238)> <Delay = 0.00>
ST_3 : Operation 35 [1/1] (0.00ns)   --->   "%p_shl1_cast = zext i16 %p_shl1" [/home/fede/PhD/transformer-hls/hls/include/linear.h:1238]   --->   Operation 35 'zext' 'p_shl1_cast' <Predicate = (!icmp_ln1238)> <Delay = 0.00>
ST_3 : Operation 36 [1/1] (0.79ns)   --->   "%empty_172 = sub i19 %p_shl_cast, i19 %p_shl1_cast" [/home/fede/PhD/transformer-hls/hls/include/linear.h:1238]   --->   Operation 36 'sub' 'empty_172' <Predicate = (!icmp_ln1238)> <Delay = 0.79> <CoreInst = "Adder">   --->   Core 1 'Adder' <Latency = 0> <II = 1> <Delay = 0.80> <FuncUnit> <Opcode : 'add' 'sub'> <InPorts = 2> <OutPorts = 1>
ST_3 : Operation 37 [1/1] (0.00ns)   --->   "%sext_ln1239 = sext i19 %empty_172" [/home/fede/PhD/transformer-hls/hls/include/linear.h:1239]   --->   Operation 37 'sext' 'sext_ln1239' <Predicate = (!icmp_ln1238)> <Delay = 0.00>
ST_3 : Operation 38 [1/1] (0.38ns)   --->   "%br_ln1239 = br void %for.inc" [/home/fede/PhD/transformer-hls/hls/include/linear.h:1239]   --->   Operation 38 'br' 'br_ln1239' <Predicate = (!icmp_ln1238)> <Delay = 0.38>
ST_3 : Operation 39 [1/1] (0.38ns)   --->   "%store_ln1237 = store i5 %m_2, i5 %m" [/home/fede/PhD/transformer-hls/hls/include/linear.h:1237]   --->   Operation 39 'store' 'store_ln1237' <Predicate = (icmp_ln1238)> <Delay = 0.38>
ST_3 : Operation 40 [1/1] (0.00ns)   --->   "%br_ln1237 = br void %VITIS_LOOP_1238_2" [/home/fede/PhD/transformer-hls/hls/include/linear.h:1237]   --->   Operation 40 'br' 'br_ln1237' <Predicate = (icmp_ln1238)> <Delay = 0.00>

State 4 <SV = 3> <Delay = 1.94>
ST_4 : Operation 41 [1/1] (0.00ns)   --->   "%n_tile = phi i8 %add_ln1239, void %for.inc.split, i8 0, void %VITIS_LOOP_1239_3.split" [/home/fede/PhD/transformer-hls/hls/include/linear.h:1239]   --->   Operation 41 'phi' 'n_tile' <Predicate = true> <Delay = 0.00>
ST_4 : Operation 42 [1/1] (0.00ns)   --->   "%zext_ln1239 = zext i8 %n_tile" [/home/fede/PhD/transformer-hls/hls/include/linear.h:1239]   --->   Operation 42 'zext' 'zext_ln1239' <Predicate = true> <Delay = 0.00>
ST_4 : Operation 43 [1/1] (0.58ns)   --->   "%icmp_ln1239 = icmp_eq  i8 %n_tile, i8 192" [/home/fede/PhD/transformer-hls/hls/include/linear.h:1239]   --->   Operation 43 'icmp' 'icmp_ln1239' <Predicate = true> <Delay = 0.58> <CoreInst = "Cmp">   --->   Core 9 'Cmp' <Latency = 0> <II = 1> <Delay = 0.58> <FuncUnit> <Opcode : 'icmp'> <InPorts = 2> <OutPorts = 1>
ST_4 : Operation 44 [1/1] (0.00ns)   --->   "%empty_173 = speclooptripcount i32 @_ssdm_op_SpecLoopTripCount, i64 192, i64 192, i64 192"   --->   Operation 44 'speclooptripcount' 'empty_173' <Predicate = true> <Delay = 0.00>
ST_4 : Operation 45 [1/1] (0.70ns)   --->   "%add_ln1239 = add i8 %n_tile, i8 1" [/home/fede/PhD/transformer-hls/hls/include/linear.h:1239]   --->   Operation 45 'add' 'add_ln1239' <Predicate = true> <Delay = 0.70> <CoreInst = "Adder">   --->   Core 1 'Adder' <Latency = 0> <II = 1> <Delay = 0.70> <FuncUnit> <Opcode : 'add' 'sub'> <InPorts = 2> <OutPorts = 1>
ST_4 : Operation 46 [1/1] (0.00ns)   --->   "%br_ln1239 = br i1 %icmp_ln1239, void %for.inc.split, void %for.inc12" [/home/fede/PhD/transformer-hls/hls/include/linear.h:1239]   --->   Operation 46 'br' 'br_ln1239' <Predicate = true> <Delay = 0.00>
ST_4 : Operation 47 [1/1] (0.80ns)   --->   "%add_ln1243_1 = add i20 %sext_ln1239, i20 %zext_ln1239" [/home/fede/PhD/transformer-hls/hls/include/linear.h:1243]   --->   Operation 47 'add' 'add_ln1243_1' <Predicate = (!icmp_ln1239)> <Delay = 0.80> <CoreInst = "Adder">   --->   Core 1 'Adder' <Latency = 0> <II = 1> <Delay = 0.80> <FuncUnit> <Opcode : 'add' 'sub'> <InPorts = 2> <OutPorts = 1>
ST_4 : Operation 48 [1/1] (0.00ns)   --->   "%sext_ln1243 = sext i20 %add_ln1243_1" [/home/fede/PhD/transformer-hls/hls/include/linear.h:1243]   --->   Operation 48 'sext' 'sext_ln1243' <Predicate = (!icmp_ln1239)> <Delay = 0.00>
ST_4 : Operation 49 [1/1] (1.14ns)   --->   "%add_ln1243 = add i64 %sext_ln1243, i64 %W_ddr_tile_read" [/home/fede/PhD/transformer-hls/hls/include/linear.h:1243]   --->   Operation 49 'add' 'add_ln1243' <Predicate = (!icmp_ln1239)> <Delay = 1.14> <CoreInst = "Adder">   --->   Core 1 'Adder' <Latency = 0> <II = 1> <Delay = 1.14> <FuncUnit> <Opcode : 'add' 'sub'> <InPorts = 2> <OutPorts = 1>
ST_4 : Operation 50 [1/1] (0.00ns)   --->   "%br_ln1238 = br void %VITIS_LOOP_1239_3" [/home/fede/PhD/transformer-hls/hls/include/linear.h:1238]   --->   Operation 50 'br' 'br_ln1238' <Predicate = (icmp_ln1239)> <Delay = 0.00>

State 5 <SV = 4> <Delay = 7.30>
ST_5 : Operation 51 [2/2] (7.30ns)   --->   "%call_ln1245 = call void @burst_read_beats<1, ap_int<8> >, i8 %gmem1, i64 %add_ln1243, i8 %burst_reads" [/home/fede/PhD/transformer-hls/hls/include/linear.h:1245]   --->   Operation 51 'call' 'call_ln1245' <Predicate = true> <Delay = 7.30> <CoreType = "Generic">   --->   Core 0 '' <Latency = 0> <II = 1> <Delay = 1.00> <Generic> <Opcode : >

State 6 <SV = 5> <Delay = 0.00>
ST_6 : Operation 52 [1/2] (0.00ns)   --->   "%call_ln1245 = call void @burst_read_beats<1, ap_int<8> >, i8 %gmem1, i64 %add_ln1243, i8 %burst_reads" [/home/fede/PhD/transformer-hls/hls/include/linear.h:1245]   --->   Operation 52 'call' 'call_ln1245' <Predicate = true> <Delay = 0.00> <CoreType = "Generic">   --->   Core 0 '' <Latency = 0> <II = 1> <Delay = 1.00> <Generic> <Opcode : >

State 7 <SV = 6> <Delay = 0.00>
ST_7 : Operation 53 [2/2] (0.00ns)   --->   "%call_ln1246 = call void @packer_to_packs<1, 1, 1, ap_int<8> >, i8 %burst_reads, i8 %out_w1" [/home/fede/PhD/transformer-hls/hls/include/linear.h:1246]   --->   Operation 53 'call' 'call_ln1246' <Predicate = true> <Delay = 0.00> <CoreType = "Generic">   --->   Core 0 '' <Latency = 0> <II = 1> <Delay = 1.00> <Generic> <Opcode : >

State 8 <SV = 7> <Delay = 0.00>
ST_8 : Operation 54 [1/1] (0.00ns)   --->   "%specloopname_ln1240 = specloopname void @_ssdm_op_SpecLoopName, void @empty_38" [/home/fede/PhD/transformer-hls/hls/include/linear.h:1240]   --->   Operation 54 'specloopname' 'specloopname_ln1240' <Predicate = true> <Delay = 0.00>
ST_8 : Operation 55 [1/2] (0.00ns)   --->   "%call_ln1246 = call void @packer_to_packs<1, 1, 1, ap_int<8> >, i8 %burst_reads, i8 %out_w1" [/home/fede/PhD/transformer-hls/hls/include/linear.h:1246]   --->   Operation 55 'call' 'call_ln1246' <Predicate = true> <Delay = 0.00> <CoreType = "Generic">   --->   Core 0 '' <Latency = 0> <II = 1> <Delay = 1.00> <Generic> <Opcode : >
ST_8 : Operation 56 [1/1] (0.00ns)   --->   "%br_ln1239 = br void %for.inc" [/home/fede/PhD/transformer-hls/hls/include/linear.h:1239]   --->   Operation 56 'br' 'br_ln1239' <Predicate = true> <Delay = 0.00>


============================================================
+ Verbose Summary: Binding
============================================================
STG Binding: 
---------------- STG Properties BEGIN ----------------
- Is combinational: 0
- Is one-state seq: 0
- Is datapath-only: 0
- Is pipelined: 0
- Is top level: 0
Port [ Return ] is wired: 1; IO mode=ap_ctrl_hs:ce=0
Port [ gmem1]:  wired=1; compound=1; hidden=0; nouse=0; global=0; static=0; extern=0; dir=0; type=4; pingpong=0; private_global=0; IO mode=m_axi:ce=0
Port [ W_ddr_tile]:  wired=1; compound=0; hidden=0; nouse=0; global=0; static=0; extern=0; dir=0; type=0; pingpong=0; private_global=0; IO mode=ap_none:ce=0
Port [ out_w1]:  wired=1; compound=1; hidden=0; nouse=0; global=0; static=0; extern=0; dir=1; type=3; pingpong=0; private_global=0; IO mode=ap_fifo:ce=0
---------------- STG Properties END ------------------

---------------- Datapath Model BEGIN ----------------

<LifeTime>
<method=bitvector/>
m                   (alloca           ) [ 011111111]
specinterface_ln0   (specinterface    ) [ 000000000]
specinterface_ln0   (specinterface    ) [ 000000000]
W_ddr_tile_read     (read             ) [ 001111111]
burst_reads         (alloca           ) [ 011111111]
empty               (specchannel      ) [ 000000000]
specinterface_ln0   (specinterface    ) [ 000000000]
store_ln1237        (store            ) [ 000000000]
br_ln1237           (br               ) [ 000000000]
m_1                 (load             ) [ 000000000]
icmp_ln1237         (icmp             ) [ 001111111]
empty_170           (speclooptripcount) [ 000000000]
m_2                 (add              ) [ 000111111]
br_ln1237           (br               ) [ 000000000]
specloopname_ln1237 (specloopname     ) [ 000000000]
br_ln1238           (br               ) [ 001111111]
ret_ln1253          (ret              ) [ 000000000]
k                   (phi              ) [ 000100000]
icmp_ln1238         (icmp             ) [ 001111111]
empty_171           (speclooptripcount) [ 000000000]
add_ln1238          (add              ) [ 001111111]
br_ln1238           (br               ) [ 000000000]
specloopname_ln1238 (specloopname     ) [ 000000000]
p_shl               (bitconcatenate   ) [ 000000000]
p_shl_cast          (zext             ) [ 000000000]
p_shl1              (bitconcatenate   ) [ 000000000]
p_shl1_cast         (zext             ) [ 000000000]
empty_172           (sub              ) [ 000000000]
sext_ln1239         (sext             ) [ 000011111]
br_ln1239           (br               ) [ 001111111]
store_ln1237        (store            ) [ 000000000]
br_ln1237           (br               ) [ 000000000]
n_tile              (phi              ) [ 000010000]
zext_ln1239         (zext             ) [ 000000000]
icmp_ln1239         (icmp             ) [ 001111111]
empty_173           (speclooptripcount) [ 000000000]
add_ln1239          (add              ) [ 001111111]
br_ln1239           (br               ) [ 000000000]
add_ln1243_1        (add              ) [ 000000000]
sext_ln1243         (sext             ) [ 000000000]
add_ln1243          (add              ) [ 000001100]
br_ln1238           (br               ) [ 001111111]
call_ln1245         (call             ) [ 000000000]
specloopname_ln1240 (specloopname     ) [ 000000000]
call_ln1246         (call             ) [ 000000000]
br_ln1239           (br               ) [ 001111111]
</LifeTime>

<model>

<comp_list>
<comp id="0" class="1000" name="gmem1">
<pin_list>
<pin id="1" dir="1" index="0" bw="1" slack="0"/>
</pin_list>
<bind>
<StgValue><ssdm name="gmem1"/></StgValue>
</bind>
</comp>

<comp id="2" class="1000" name="W_ddr_tile">
<pin_list>
<pin id="3" dir="1" index="0" bw="1" slack="0"/>
</pin_list>
<bind>
<StgValue><ssdm name="W_ddr_tile"/></StgValue>
</bind>
</comp>

<comp id="4" class="1000" name="out_w1">
<pin_list>
<pin id="5" dir="1" index="0" bw="1" slack="0"/>
</pin_list>
<bind>
<StgValue><ssdm name="out_w1"/></StgValue>
</bind>
</comp>

<comp id="6" class="1001" name="const_6">
<pin_list>
<pin id="7" dir="1" index="0" bw="1" slack="0"/>
</pin_list>
<bind>
<StgValue><ssdm name=""/></StgValue>
</bind>
</comp>

<comp id="8" class="1001" name="const_8">
<pin_list>
<pin id="9" dir="1" index="0" bw="1" slack="2147483647"/>
</pin_list>
<bind>
<StgValue><ssdm name="_ssdm_op_SpecInterface"/></StgValue>
</bind>
</comp>

<comp id="10" class="1001" name="const_10">
<pin_list>
<pin id="11" dir="1" index="0" bw="1" slack="2147483647"/>
</pin_list>
<bind>
<StgValue><ssdm name="empty_0"/></StgValue>
</bind>
</comp>

<comp id="12" class="1001" name="const_12">
<pin_list>
<pin id="13" dir="1" index="0" bw="1" slack="2147483647"/>
</pin_list>
<bind>
<StgValue><ssdm name=""/></StgValue>
</bind>
</comp>

<comp id="14" class="1001" name="const_14">
<pin_list>
<pin id="15" dir="1" index="0" bw="1" slack="2147483647"/>
</pin_list>
<bind>
<StgValue><ssdm name="empty_26"/></StgValue>
</bind>
</comp>

<comp id="16" class="1001" name="const_16">
<pin_list>
<pin id="17" dir="1" index="0" bw="1" slack="2147483647"/>
</pin_list>
<bind>
<StgValue><ssdm name=""/></StgValue>
</bind>
</comp>

<comp id="18" class="1001" name="const_18">
<pin_list>
<pin id="19" dir="1" index="0" bw="1" slack="2147483647"/>
</pin_list>
<bind>
<StgValue><ssdm name="empty_25"/></StgValue>
</bind>
</comp>

<comp id="20" class="1001" name="const_20">
<pin_list>
<pin id="21" dir="1" index="0" bw="1" slack="2147483647"/>
</pin_list>
<bind>
<StgValue><ssdm name=""/></StgValue>
</bind>
</comp>

<comp id="22" class="1001" name="const_22">
<pin_list>
<pin id="23" dir="1" index="0" bw="1" slack="2147483647"/>
</pin_list>
<bind>
<StgValue><ssdm name="empty_28"/></StgValue>
</bind>
</comp>

<comp id="24" class="1001" name="const_24">
<pin_list>
<pin id="25" dir="1" index="0" bw="1" slack="2147483647"/>
</pin_list>
<bind>
<StgValue><ssdm name="empty_6"/></StgValue>
</bind>
</comp>

<comp id="26" class="1001" name="const_26">
<pin_list>
<pin id="27" dir="1" index="0" bw="1" slack="2147483647"/>
</pin_list>
<bind>
<StgValue><ssdm name=""/></StgValue>
</bind>
</comp>

<comp id="28" class="1001" name="const_28">
<pin_list>
<pin id="29" dir="1" index="0" bw="1" slack="2147483647"/>
</pin_list>
<bind>
<StgValue><ssdm name=""/></StgValue>
</bind>
</comp>

<comp id="30" class="1001" name="const_30">
<pin_list>
<pin id="31" dir="1" index="0" bw="1" slack="0"/>
</pin_list>
<bind>
<StgValue><ssdm name="_ssdm_op_Read.ap_auto.i64"/></StgValue>
</bind>
</comp>

<comp id="32" class="1001" name="const_32">
<pin_list>
<pin id="33" dir="1" index="0" bw="1" slack="0"/>
</pin_list>
<bind>
<StgValue><ssdm name=""/></StgValue>
</bind>
</comp>

<comp id="34" class="1001" name="const_34">
<pin_list>
<pin id="35" dir="1" index="0" bw="1" slack="2147483647"/>
</pin_list>
<bind>
<StgValue><ssdm name="_ssdm_op_SpecChannel"/></StgValue>
</bind>
</comp>

<comp id="36" class="1001" name="const_36">
<pin_list>
<pin id="37" dir="1" index="0" bw="1" slack="2147483647"/>
</pin_list>
<bind>
<StgValue><ssdm name="burst_reads_str"/></StgValue>
</bind>
</comp>

<comp id="38" class="1001" name="const_38">
<pin_list>
<pin id="39" dir="1" index="0" bw="1" slack="2147483647"/>
</pin_list>
<bind>
<StgValue><ssdm name="p_str"/></StgValue>
</bind>
</comp>

<comp id="40" class="1001" name="const_40">
<pin_list>
<pin id="41" dir="1" index="0" bw="1" slack="0"/>
</pin_list>
<bind>
<StgValue><ssdm name=""/></StgValue>
</bind>
</comp>

<comp id="42" class="1001" name="const_42">
<pin_list>
<pin id="43" dir="1" index="0" bw="1" slack="0"/>
</pin_list>
<bind>
<StgValue><ssdm name=""/></StgValue>
</bind>
</comp>

<comp id="44" class="1001" name="const_44">
<pin_list>
<pin id="45" dir="1" index="0" bw="1" slack="2147483647"/>
</pin_list>
<bind>
<StgValue><ssdm name="_ssdm_op_SpecLoopTripCount"/></StgValue>
</bind>
</comp>

<comp id="46" class="1001" name="const_46">
<pin_list>
<pin id="47" dir="1" index="0" bw="1" slack="2147483647"/>
</pin_list>
<bind>
<StgValue><ssdm name=""/></StgValue>
</bind>
</comp>

<comp id="48" class="1001" name="const_48">
<pin_list>
<pin id="49" dir="1" index="0" bw="1" slack="0"/>
</pin_list>
<bind>
<StgValue><ssdm name=""/></StgValue>
</bind>
</comp>

<comp id="50" class="1001" name="const_50">
<pin_list>
<pin id="51" dir="1" index="0" bw="1" slack="2147483647"/>
</pin_list>
<bind>
<StgValue><ssdm name="_ssdm_op_SpecLoopName"/></StgValue>
</bind>
</comp>

<comp id="52" class="1001" name="const_52">
<pin_list>
<pin id="53" dir="1" index="0" bw="1" slack="2147483647"/>
</pin_list>
<bind>
<StgValue><ssdm name="empty_35"/></StgValue>
</bind>
</comp>

<comp id="54" class="1001" name="const_54">
<pin_list>
<pin id="55" dir="1" index="0" bw="1" slack="1"/>
</pin_list>
<bind>
<StgValue><ssdm name=""/></StgValue>
</bind>
</comp>

<comp id="56" class="1001" name="const_56">
<pin_list>
<pin id="57" dir="1" index="0" bw="1" slack="0"/>
</pin_list>
<bind>
<StgValue><ssdm name=""/></StgValue>
</bind>
</comp>

<comp id="58" class="1001" name="const_58">
<pin_list>
<pin id="59" dir="1" index="0" bw="1" slack="2147483647"/>
</pin_list>
<bind>
<StgValue><ssdm name=""/></StgValue>
</bind>
</comp>

<comp id="60" class="1001" name="const_60">
<pin_list>
<pin id="61" dir="1" index="0" bw="1" slack="0"/>
</pin_list>
<bind>
<StgValue><ssdm name=""/></StgValue>
</bind>
</comp>

<comp id="62" class="1001" name="const_62">
<pin_list>
<pin id="63" dir="1" index="0" bw="1" slack="2147483647"/>
</pin_list>
<bind>
<StgValue><ssdm name="empty"/></StgValue>
</bind>
</comp>

<comp id="64" class="1001" name="const_64">
<pin_list>
<pin id="65" dir="1" index="0" bw="1" slack="0"/>
</pin_list>
<bind>
<StgValue><ssdm name="_ssdm_op_BitConcatenate.i18.i10.i8"/></StgValue>
</bind>
</comp>

<comp id="66" class="1001" name="const_66">
<pin_list>
<pin id="67" dir="1" index="0" bw="1" slack="0"/>
</pin_list>
<bind>
<StgValue><ssdm name=""/></StgValue>
</bind>
</comp>

<comp id="68" class="1001" name="const_68">
<pin_list>
<pin id="69" dir="1" index="0" bw="1" slack="0"/>
</pin_list>
<bind>
<StgValue><ssdm name="_ssdm_op_BitConcatenate.i16.i10.i6"/></StgValue>
</bind>
</comp>

<comp id="70" class="1001" name="const_70">
<pin_list>
<pin id="71" dir="1" index="0" bw="1" slack="0"/>
</pin_list>
<bind>
<StgValue><ssdm name=""/></StgValue>
</bind>
</comp>

<comp id="72" class="1001" name="const_72">
<pin_list>
<pin id="73" dir="1" index="0" bw="1" slack="0"/>
</pin_list>
<bind>
<StgValue><ssdm name=""/></StgValue>
</bind>
</comp>

<comp id="74" class="1001" name="const_74">
<pin_list>
<pin id="75" dir="1" index="0" bw="1" slack="2147483647"/>
</pin_list>
<bind>
<StgValue><ssdm name=""/></StgValue>
</bind>
</comp>

<comp id="76" class="1001" name="const_76">
<pin_list>
<pin id="77" dir="1" index="0" bw="1" slack="0"/>
</pin_list>
<bind>
<StgValue><ssdm name=""/></StgValue>
</bind>
</comp>

<comp id="78" class="1001" name="const_78">
<pin_list>
<pin id="79" dir="1" index="0" bw="1" slack="0"/>
</pin_list>
<bind>
<StgValue><ssdm name="burst_read_beats<1, ap_int<8> >"/></StgValue>
</bind>
</comp>

<comp id="80" class="1001" name="const_80">
<pin_list>
<pin id="81" dir="1" index="0" bw="1" slack="0"/>
</pin_list>
<bind>
<StgValue><ssdm name="packer_to_packs<1, 1, 1, ap_int<8> >"/></StgValue>
</bind>
</comp>

<comp id="82" class="1001" name="const_82">
<pin_list>
<pin id="83" dir="1" index="0" bw="1" slack="2147483647"/>
</pin_list>
<bind>
<StgValue><ssdm name="empty_38"/></StgValue>
</bind>
</comp>

<comp id="84" class="1004" name="m_fu_84">
<pin_list>
<pin id="85" dir="0" index="0" bw="1" slack="0"/>
<pin id="86" dir="1" index="1" bw="5" slack="0"/>
</pin_list>
<bind>
<opcode="alloca(26) " fcode="alloca"/>
<opset="m/1 "/>
</bind>
</comp>

<comp id="88" class="1004" name="burst_reads_fu_88">
<pin_list>
<pin id="89" dir="0" index="0" bw="1" slack="0"/>
<pin id="90" dir="1" index="1" bw="8" slack="0"/>
</pin_list>
<bind>
<opcode="alloca(26) " fcode="alloca"/>
<opset="burst_reads/1 "/>
</bind>
</comp>

<comp id="92" class="1004" name="W_ddr_tile_read_read_fu_92">
<pin_list>
<pin id="93" dir="0" index="0" bw="64" slack="0"/>
<pin id="94" dir="0" index="1" bw="64" slack="0"/>
<pin id="95" dir="1" index="2" bw="64" slack="3"/>
</pin_list>
<bind>
<opcode="read(1150) " fcode="read"/>
<opset="W_ddr_tile_read/1 "/>
</bind>
</comp>

<comp id="98" class="1005" name="k_reg_98">
<pin_list>
<pin id="99" dir="0" index="0" bw="10" slack="1"/>
<pin id="100" dir="1" index="1" bw="10" slack="1"/>
</pin_list>
<bind>
<opset="k (phireg) "/>
</bind>
</comp>

<comp id="102" class="1004" name="k_phi_fu_102">
<pin_list>
<pin id="103" dir="0" index="0" bw="10" slack="0"/>
<pin id="104" dir="0" index="1" bw="0" slack="2147483647"/>
<pin id="105" dir="0" index="2" bw="1" slack="1"/>
<pin id="106" dir="0" index="3" bw="0" slack="2147483647"/>
<pin id="107" dir="1" index="4" bw="10" slack="0"/>
</pin_list>
<bind>
<opcode="phi(47) " fcode="phi"/>
<opset="k/3 "/>
</bind>
</comp>

<comp id="109" class="1005" name="n_tile_reg_109">
<pin_list>
<pin id="110" dir="0" index="0" bw="8" slack="1"/>
<pin id="111" dir="1" index="1" bw="8" slack="1"/>
</pin_list>
<bind>
<opset="n_tile (phireg) "/>
</bind>
</comp>

<comp id="113" class="1004" name="n_tile_phi_fu_113">
<pin_list>
<pin id="114" dir="0" index="0" bw="8" slack="0"/>
<pin id="115" dir="0" index="1" bw="0" slack="2147483647"/>
<pin id="116" dir="0" index="2" bw="1" slack="1"/>
<pin id="117" dir="0" index="3" bw="0" slack="2147483647"/>
<pin id="118" dir="1" index="4" bw="8" slack="0"/>
</pin_list>
<bind>
<opcode="phi(47) " fcode="phi"/>
<opset="n_tile/4 "/>
</bind>
</comp>

<comp id="120" class="1004" name="grp_burst_read_beats_1_ap_int_8_s_fu_120">
<pin_list>
<pin id="121" dir="0" index="0" bw="0" slack="0"/>
<pin id="122" dir="0" index="1" bw="8" slack="0"/>
<pin id="123" dir="0" index="2" bw="64" slack="1"/>
<pin id="124" dir="0" index="3" bw="8" slack="4"/>
<pin id="125" dir="1" index="4" bw="0" slack="2147483647"/>
</pin_list>
<bind>
<opcode="call(48) " fcode="call"/>
<opset="call_ln1245/5 "/>
</bind>
</comp>

<comp id="128" class="1004" name="grp_packer_to_packs_1_1_1_ap_int_8_s_fu_128">
<pin_list>
<pin id="129" dir="0" index="0" bw="0" slack="0"/>
<pin id="130" dir="0" index="1" bw="8" slack="6"/>
<pin id="131" dir="0" index="2" bw="8" slack="0"/>
<pin id="132" dir="1" index="3" bw="0" slack="2147483647"/>
</pin_list>
<bind>
<opcode="call(48) " fcode="call"/>
<opset="call_ln1246/7 "/>
</bind>
</comp>

<comp id="135" class="1004" name="store_ln1237_store_fu_135">
<pin_list>
<pin id="136" dir="0" index="0" bw="1" slack="0"/>
<pin id="137" dir="0" index="1" bw="5" slack="0"/>
<pin id="138" dir="1" index="2" bw="0" slack="2147483647"/>
</pin_list>
<bind>
<opcode="store(28) " fcode="store"/>
<opset="store_ln1237/1 "/>
</bind>
</comp>

<comp id="140" class="1004" name="m_1_load_fu_140">
<pin_list>
<pin id="141" dir="0" index="0" bw="5" slack="1"/>
<pin id="142" dir="1" index="1" bw="5" slack="0"/>
</pin_list>
<bind>
<opcode="load(27) " fcode="load"/>
<opset="m_1/2 "/>
</bind>
</comp>

<comp id="143" class="1004" name="icmp_ln1237_fu_143">
<pin_list>
<pin id="144" dir="0" index="0" bw="5" slack="0"/>
<pin id="145" dir="0" index="1" bw="5" slack="0"/>
<pin id="146" dir="1" index="2" bw="1" slack="2147483647"/>
</pin_list>
<bind>
<opcode="icmp(45) " fcode="icmp"/>
<opset="icmp_ln1237/2 "/>
</bind>
</comp>

<comp id="149" class="1004" name="m_2_fu_149">
<pin_list>
<pin id="150" dir="0" index="0" bw="5" slack="0"/>
<pin id="151" dir="0" index="1" bw="1" slack="0"/>
<pin id="152" dir="1" index="2" bw="5" slack="1"/>
</pin_list>
<bind>
<opcode="add(8) " fcode="add"/>
<opset="m_2/2 "/>
</bind>
</comp>

<comp id="155" class="1004" name="icmp_ln1238_fu_155">
<pin_list>
<pin id="156" dir="0" index="0" bw="10" slack="0"/>
<pin id="157" dir="0" index="1" bw="10" slack="0"/>
<pin id="158" dir="1" index="2" bw="1" slack="2147483647"/>
</pin_list>
<bind>
<opcode="icmp(45) " fcode="icmp"/>
<opset="icmp_ln1238/3 "/>
</bind>
</comp>

<comp id="161" class="1004" name="add_ln1238_fu_161">
<pin_list>
<pin id="162" dir="0" index="0" bw="10" slack="0"/>
<pin id="163" dir="0" index="1" bw="1" slack="0"/>
<pin id="164" dir="1" index="2" bw="10" slack="0"/>
</pin_list>
<bind>
<opcode="add(8) " fcode="add"/>
<opset="add_ln1238/3 "/>
</bind>
</comp>

<comp id="167" class="1004" name="p_shl_fu_167">
<pin_list>
<pin id="168" dir="0" index="0" bw="18" slack="0"/>
<pin id="169" dir="0" index="1" bw="10" slack="0"/>
<pin id="170" dir="0" index="2" bw="1" slack="0"/>
<pin id="171" dir="1" index="3" bw="18" slack="0"/>
</pin_list>
<bind>
<opcode="bitconcatenate(1004) " fcode="bitconcatenate"/>
<opset="p_shl/3 "/>
</bind>
</comp>

<comp id="175" class="1004" name="p_shl_cast_fu_175">
<pin_list>
<pin id="176" dir="0" index="0" bw="18" slack="0"/>
<pin id="177" dir="1" index="1" bw="19" slack="0"/>
</pin_list>
<bind>
<opcode="zext(34) " fcode="zext"/>
<opset="p_shl_cast/3 "/>
</bind>
</comp>

<comp id="179" class="1004" name="p_shl1_fu_179">
<pin_list>
<pin id="180" dir="0" index="0" bw="16" slack="0"/>
<pin id="181" dir="0" index="1" bw="10" slack="0"/>
<pin id="182" dir="0" index="2" bw="1" slack="0"/>
<pin id="183" dir="1" index="3" bw="16" slack="0"/>
</pin_list>
<bind>
<opcode="bitconcatenate(1004) " fcode="bitconcatenate"/>
<opset="p_shl1/3 "/>
</bind>
</comp>

<comp id="187" class="1004" name="p_shl1_cast_fu_187">
<pin_list>
<pin id="188" dir="0" index="0" bw="16" slack="0"/>
<pin id="189" dir="1" index="1" bw="19" slack="0"/>
</pin_list>
<bind>
<opcode="zext(34) " fcode="zext"/>
<opset="p_shl1_cast/3 "/>
</bind>
</comp>

<comp id="191" class="1004" name="empty_172_fu_191">
<pin_list>
<pin id="192" dir="0" index="0" bw="18" slack="0"/>
<pin id="193" dir="0" index="1" bw="16" slack="0"/>
<pin id="194" dir="1" index="2" bw="19" slack="0"/>
</pin_list>
<bind>
<opcode="sub(10) " fcode="sub"/>
<opset="empty_172/3 "/>
</bind>
</comp>

<comp id="197" class="1004" name="sext_ln1239_fu_197">
<pin_list>
<pin id="198" dir="0" index="0" bw="19" slack="0"/>
<pin id="199" dir="1" index="1" bw="20" slack="1"/>
</pin_list>
<bind>
<opcode="sext(35) " fcode="sext"/>
<opset="sext_ln1239/3 "/>
</bind>
</comp>

<comp id="201" class="1004" name="store_ln1237_store_fu_201">
<pin_list>
<pin id="202" dir="0" index="0" bw="5" slack="1"/>
<pin id="203" dir="0" index="1" bw="5" slack="2"/>
<pin id="204" dir="1" index="2" bw="0" slack="2147483647"/>
</pin_list>
<bind>
<opcode="store(28) " fcode="store"/>
<opset="store_ln1237/3 "/>
</bind>
</comp>

<comp id="205" class="1004" name="zext_ln1239_fu_205">
<pin_list>
<pin id="206" dir="0" index="0" bw="8" slack="0"/>
<pin id="207" dir="1" index="1" bw="20" slack="0"/>
</pin_list>
<bind>
<opcode="zext(34) " fcode="zext"/>
<opset="zext_ln1239/4 "/>
</bind>
</comp>

<comp id="209" class="1004" name="icmp_ln1239_fu_209">
<pin_list>
<pin id="210" dir="0" index="0" bw="8" slack="0"/>
<pin id="211" dir="0" index="1" bw="8" slack="0"/>
<pin id="212" dir="1" index="2" bw="1" slack="2147483647"/>
</pin_list>
<bind>
<opcode="icmp(45) " fcode="icmp"/>
<opset="icmp_ln1239/4 "/>
</bind>
</comp>

<comp id="215" class="1004" name="add_ln1239_fu_215">
<pin_list>
<pin id="216" dir="0" index="0" bw="8" slack="0"/>
<pin id="217" dir="0" index="1" bw="1" slack="0"/>
<pin id="218" dir="1" index="2" bw="8" slack="0"/>
</pin_list>
<bind>
<opcode="add(8) " fcode="add"/>
<opset="add_ln1239/4 "/>
</bind>
</comp>

<comp id="221" class="1004" name="add_ln1243_1_fu_221">
<pin_list>
<pin id="222" dir="0" index="0" bw="19" slack="1"/>
<pin id="223" dir="0" index="1" bw="8" slack="0"/>
<pin id="224" dir="1" index="2" bw="20" slack="0"/>
</pin_list>
<bind>
<opcode="add(8) " fcode="add"/>
<opset="add_ln1243_1/4 "/>
</bind>
</comp>

<comp id="226" class="1004" name="sext_ln1243_fu_226">
<pin_list>
<pin id="227" dir="0" index="0" bw="20" slack="0"/>
<pin id="228" dir="1" index="1" bw="64" slack="0"/>
</pin_list>
<bind>
<opcode="sext(35) " fcode="sext"/>
<opset="sext_ln1243/4 "/>
</bind>
</comp>

<comp id="230" class="1004" name="add_ln1243_fu_230">
<pin_list>
<pin id="231" dir="0" index="0" bw="20" slack="0"/>
<pin id="232" dir="0" index="1" bw="64" slack="3"/>
<pin id="233" dir="1" index="2" bw="64" slack="1"/>
</pin_list>
<bind>
<opcode="add(8) " fcode="add"/>
<opset="add_ln1243/4 "/>
</bind>
</comp>

<comp id="235" class="1005" name="m_reg_235">
<pin_list>
<pin id="236" dir="0" index="0" bw="5" slack="0"/>
<pin id="237" dir="1" index="1" bw="5" slack="0"/>
</pin_list>
<bind>
<opset="m "/>
</bind>
</comp>

<comp id="242" class="1005" name="W_ddr_tile_read_reg_242">
<pin_list>
<pin id="243" dir="0" index="0" bw="64" slack="3"/>
<pin id="244" dir="1" index="1" bw="64" slack="3"/>
</pin_list>
<bind>
<opset="W_ddr_tile_read "/>
</bind>
</comp>

<comp id="247" class="1005" name="burst_reads_reg_247">
<pin_list>
<pin id="248" dir="0" index="0" bw="8" slack="0"/>
<pin id="249" dir="1" index="1" bw="8" slack="4"/>
</pin_list>
<bind>
<opset="burst_reads "/>
</bind>
</comp>

<comp id="256" class="1005" name="m_2_reg_256">
<pin_list>
<pin id="257" dir="0" index="0" bw="5" slack="1"/>
<pin id="258" dir="1" index="1" bw="5" slack="1"/>
</pin_list>
<bind>
<opset="m_2 "/>
</bind>
</comp>

<comp id="264" class="1005" name="add_ln1238_reg_264">
<pin_list>
<pin id="265" dir="0" index="0" bw="10" slack="0"/>
<pin id="266" dir="1" index="1" bw="10" slack="0"/>
</pin_list>
<bind>
<opset="add_ln1238 "/>
</bind>
</comp>

<comp id="269" class="1005" name="sext_ln1239_reg_269">
<pin_list>
<pin id="270" dir="0" index="0" bw="20" slack="1"/>
<pin id="271" dir="1" index="1" bw="20" slack="1"/>
</pin_list>
<bind>
<opset="sext_ln1239 "/>
</bind>
</comp>

<comp id="277" class="1005" name="add_ln1239_reg_277">
<pin_list>
<pin id="278" dir="0" index="0" bw="8" slack="0"/>
<pin id="279" dir="1" index="1" bw="8" slack="0"/>
</pin_list>
<bind>
<opset="add_ln1239 "/>
</bind>
</comp>

<comp id="282" class="1005" name="add_ln1243_reg_282">
<pin_list>
<pin id="283" dir="0" index="0" bw="64" slack="1"/>
<pin id="284" dir="1" index="1" bw="64" slack="1"/>
</pin_list>
<bind>
<opset="add_ln1243 "/>
</bind>
</comp>

</comp_list>

<net_list>
<net id="87"><net_src comp="6" pin="0"/><net_sink comp="84" pin=0"/></net>

<net id="91"><net_src comp="32" pin="0"/><net_sink comp="88" pin=0"/></net>

<net id="96"><net_src comp="30" pin="0"/><net_sink comp="92" pin=0"/></net>

<net id="97"><net_src comp="2" pin="0"/><net_sink comp="92" pin=1"/></net>

<net id="101"><net_src comp="54" pin="0"/><net_sink comp="98" pin=0"/></net>

<net id="108"><net_src comp="98" pin="1"/><net_sink comp="102" pin=2"/></net>

<net id="112"><net_src comp="66" pin="0"/><net_sink comp="109" pin=0"/></net>

<net id="119"><net_src comp="109" pin="1"/><net_sink comp="113" pin=2"/></net>

<net id="126"><net_src comp="78" pin="0"/><net_sink comp="120" pin=0"/></net>

<net id="127"><net_src comp="0" pin="0"/><net_sink comp="120" pin=1"/></net>

<net id="133"><net_src comp="80" pin="0"/><net_sink comp="128" pin=0"/></net>

<net id="134"><net_src comp="4" pin="0"/><net_sink comp="128" pin=2"/></net>

<net id="139"><net_src comp="40" pin="0"/><net_sink comp="135" pin=0"/></net>

<net id="147"><net_src comp="140" pin="1"/><net_sink comp="143" pin=0"/></net>

<net id="148"><net_src comp="42" pin="0"/><net_sink comp="143" pin=1"/></net>

<net id="153"><net_src comp="140" pin="1"/><net_sink comp="149" pin=0"/></net>

<net id="154"><net_src comp="48" pin="0"/><net_sink comp="149" pin=1"/></net>

<net id="159"><net_src comp="102" pin="4"/><net_sink comp="155" pin=0"/></net>

<net id="160"><net_src comp="56" pin="0"/><net_sink comp="155" pin=1"/></net>

<net id="165"><net_src comp="102" pin="4"/><net_sink comp="161" pin=0"/></net>

<net id="166"><net_src comp="60" pin="0"/><net_sink comp="161" pin=1"/></net>

<net id="172"><net_src comp="64" pin="0"/><net_sink comp="167" pin=0"/></net>

<net id="173"><net_src comp="102" pin="4"/><net_sink comp="167" pin=1"/></net>

<net id="174"><net_src comp="66" pin="0"/><net_sink comp="167" pin=2"/></net>

<net id="178"><net_src comp="167" pin="3"/><net_sink comp="175" pin=0"/></net>

<net id="184"><net_src comp="68" pin="0"/><net_sink comp="179" pin=0"/></net>

<net id="185"><net_src comp="102" pin="4"/><net_sink comp="179" pin=1"/></net>

<net id="186"><net_src comp="70" pin="0"/><net_sink comp="179" pin=2"/></net>

<net id="190"><net_src comp="179" pin="3"/><net_sink comp="187" pin=0"/></net>

<net id="195"><net_src comp="175" pin="1"/><net_sink comp="191" pin=0"/></net>

<net id="196"><net_src comp="187" pin="1"/><net_sink comp="191" pin=1"/></net>

<net id="200"><net_src comp="191" pin="2"/><net_sink comp="197" pin=0"/></net>

<net id="208"><net_src comp="113" pin="4"/><net_sink comp="205" pin=0"/></net>

<net id="213"><net_src comp="113" pin="4"/><net_sink comp="209" pin=0"/></net>

<net id="214"><net_src comp="72" pin="0"/><net_sink comp="209" pin=1"/></net>

<net id="219"><net_src comp="113" pin="4"/><net_sink comp="215" pin=0"/></net>

<net id="220"><net_src comp="76" pin="0"/><net_sink comp="215" pin=1"/></net>

<net id="225"><net_src comp="205" pin="1"/><net_sink comp="221" pin=1"/></net>

<net id="229"><net_src comp="221" pin="2"/><net_sink comp="226" pin=0"/></net>

<net id="234"><net_src comp="226" pin="1"/><net_sink comp="230" pin=0"/></net>

<net id="238"><net_src comp="84" pin="1"/><net_sink comp="235" pin=0"/></net>

<net id="239"><net_src comp="235" pin="1"/><net_sink comp="135" pin=1"/></net>

<net id="240"><net_src comp="235" pin="1"/><net_sink comp="140" pin=0"/></net>

<net id="241"><net_src comp="235" pin="1"/><net_sink comp="201" pin=1"/></net>

<net id="245"><net_src comp="92" pin="2"/><net_sink comp="242" pin=0"/></net>

<net id="246"><net_src comp="242" pin="1"/><net_sink comp="230" pin=1"/></net>

<net id="250"><net_src comp="88" pin="1"/><net_sink comp="247" pin=0"/></net>

<net id="251"><net_src comp="247" pin="1"/><net_sink comp="120" pin=3"/></net>

<net id="252"><net_src comp="247" pin="1"/><net_sink comp="128" pin=1"/></net>

<net id="259"><net_src comp="149" pin="2"/><net_sink comp="256" pin=0"/></net>

<net id="260"><net_src comp="256" pin="1"/><net_sink comp="201" pin=0"/></net>

<net id="267"><net_src comp="161" pin="2"/><net_sink comp="264" pin=0"/></net>

<net id="268"><net_src comp="264" pin="1"/><net_sink comp="102" pin=0"/></net>

<net id="272"><net_src comp="197" pin="1"/><net_sink comp="269" pin=0"/></net>

<net id="273"><net_src comp="269" pin="1"/><net_sink comp="221" pin=0"/></net>

<net id="280"><net_src comp="215" pin="2"/><net_sink comp="277" pin=0"/></net>

<net id="281"><net_src comp="277" pin="1"/><net_sink comp="113" pin=0"/></net>

<net id="285"><net_src comp="230" pin="2"/><net_sink comp="282" pin=0"/></net>

<net id="286"><net_src comp="282" pin="1"/><net_sink comp="120" pin=2"/></net>

</net_list>

</model> 
---------------- Datapath Model END ------------------

* FSMD analyzer results:
  - Output states:
	Port: gmem1 | {}
	Port: out_w1 | {7 8 }
 - Input state : 
	Port: WeightTiledStreaming_3<17, 768, 192, 1, 1, 1, 1, 1, 1, ap_int<8> > : gmem1 | {5 6 }
	Port: WeightTiledStreaming_3<17, 768, 192, 1, 1, 1, 1, 1, 1, ap_int<8> > : W_ddr_tile | {1 }
  - Chain level:
	State 1
		empty : 1
		specinterface_ln0 : 1
		store_ln1237 : 1
	State 2
		icmp_ln1237 : 1
		m_2 : 1
		br_ln1237 : 2
	State 3
		icmp_ln1238 : 1
		add_ln1238 : 1
		br_ln1238 : 2
		p_shl : 1
		p_shl_cast : 2
		p_shl1 : 1
		p_shl1_cast : 2
		empty_172 : 3
		sext_ln1239 : 4
	State 4
		zext_ln1239 : 1
		icmp_ln1239 : 1
		add_ln1239 : 1
		br_ln1239 : 2
		add_ln1243_1 : 2
		sext_ln1243 : 3
		add_ln1243 : 4
	State 5
	State 6
	State 7
	State 8


============================================================
+ Verbose Summary: Datapath Resource usage 
============================================================

* Functional unit list:
|----------|---------------------------------------------|---------|---------|---------|
| Operation|               Functional Unit               |  Delay  |    FF   |   LUT   |
|----------|---------------------------------------------|---------|---------|---------|
|   call   |   grp_burst_read_beats_1_ap_int_8_s_fu_120  |  0.387  |    16   |    9    |
|          | grp_packer_to_packs_1_1_1_ap_int_8_s_fu_128 |    0    |    85   |   237   |
|----------|---------------------------------------------|---------|---------|---------|
|          |                  m_2_fu_149                 |    0    |    0    |    12   |
|          |              add_ln1238_fu_161              |    0    |    0    |    17   |
|    add   |              add_ln1239_fu_215              |    0    |    0    |    15   |
|          |             add_ln1243_1_fu_221             |    0    |    0    |    26   |
|          |              add_ln1243_fu_230              |    0    |    0    |    71   |
|----------|---------------------------------------------|---------|---------|---------|
|          |              icmp_ln1237_fu_143             |    0    |    0    |    9    |
|   icmp   |              icmp_ln1238_fu_155             |    0    |    0    |    11   |
|          |              icmp_ln1239_fu_209             |    0    |    0    |    11   |
|----------|---------------------------------------------|---------|---------|---------|
|    sub   |               empty_172_fu_191              |    0    |    0    |    25   |
|----------|---------------------------------------------|---------|---------|---------|
|   read   |          W_ddr_tile_read_read_fu_92         |    0    |    0    |    0    |
|----------|---------------------------------------------|---------|---------|---------|
|bitconcatenate|                 p_shl_fu_167                |    0    |    0    |    0    |
|          |                p_shl1_fu_179                |    0    |    0    |    0    |
|----------|---------------------------------------------|---------|---------|---------|
|          |              p_shl_cast_fu_175              |    0    |    0    |    0    |
|   zext   |              p_shl1_cast_fu_187             |    0    |    0    |    0    |
|          |              zext_ln1239_fu_205             |    0    |    0    |    0    |
|----------|---------------------------------------------|---------|---------|---------|
|   sext   |              sext_ln1239_fu_197             |    0    |    0    |    0    |
|          |              sext_ln1243_fu_226             |    0    |    0    |    0    |
|----------|---------------------------------------------|---------|---------|---------|
|   Total  |                                             |  0.387  |   101   |   443   |
|----------|---------------------------------------------|---------|---------|---------|

Memories:
N/A

* Register list:
+-----------------------+--------+
|                       |   FF   |
+-----------------------+--------+
|W_ddr_tile_read_reg_242|   64   |
|   add_ln1238_reg_264  |   10   |
|   add_ln1239_reg_277  |    8   |
|   add_ln1243_reg_282  |   64   |
|  burst_reads_reg_247  |    8   |
|        k_reg_98       |   10   |
|      m_2_reg_256      |    5   |
|       m_reg_235       |    5   |
|     n_tile_reg_109    |    8   |
|  sext_ln1239_reg_269  |   20   |
+-----------------------+--------+
|         Total         |   202  |
+-----------------------+--------+

* Multiplexer (MUX) list: 
|--------|------|------|------|--------|
|  Comp  |  Pin | Size |  BW  | S x BW |
|--------|------|------|------|--------|
|  Total |      |      |      |    0   |
|--------|------|------|------|--------|



* Summary:
+-----------+--------+--------+--------+
|           |  Delay |   FF   |   LUT  |
+-----------+--------+--------+--------+
|  Function |    0   |   101  |   443  |
|   Memory  |    -   |    -   |    -   |
|Multiplexer|    -   |    -   |    -   |
|  Register |    -   |   202  |    -   |
+-----------+--------+--------+--------+
|   Total   |    0   |   303  |   443  |
+-----------+--------+--------+--------+
