

================================================================
== Vitis HLS Report for 'WeightTiledStreaming_3_17_192_192_1_1_1_1_1_1_ap_int_8_s'
================================================================
* Date:           Thu Jun 18 11:11:50 2026

* Version:        2022.2 (Build 3670227 on Oct 13 2022)
* Project:        ViT_Block
* Solution:       ViT_Block (Vivado IP Flow Target)
* Product family: virtexuplus
* Target device:  xcu250-figd2104-2L-e


================================================================
== Performance Estimates
================================================================
+ Timing: 
    * Summary: 
    +--------+----------+----------+------------+
    |  Clock |  Target  | Estimated| Uncertainty|
    +--------+----------+----------+------------+
    |ap_clk  |  10.00 ns|  7.300 ns|     2.70 ns|
    +--------+----------+----------+------------+

+ Latency: 
    * Summary: 
    +---------+---------+----------+----------+-----+-----+---------+
    |  Latency (cycles) |  Latency (absolute) |  Interval | Pipeline|
    |   min   |   max   |    min   |    max   | min | max |   Type  |
    +---------+---------+----------+----------+-----+-----+---------+
    |        ?|        ?|         ?|         ?|    ?|    ?|       no|
    +---------+---------+----------+----------+-----+-----+---------+

    + Detail: 
        * Instance: 
        +---------------------------------------------+----------------------------------+---------+---------+-----------+-----------+-----+-----+---------+
        |                                             |                                  |  Latency (cycles) |   Latency (absolute)  |  Interval | Pipeline|
        |                   Instance                  |              Module              |   min   |   max   |    min    |    max    | min | max |   Type  |
        +---------------------------------------------+----------------------------------+---------+---------+-----------+-----------+-----+-----+---------+
        |grp_burst_read_beats_1_ap_int_8_s_fu_112     |burst_read_beats_1_ap_int_8_s     |        8|        8|  80.000 ns|  80.000 ns|    8|    8|       no|
        |grp_packer_to_packs_1_1_1_ap_int_8_s_fu_120  |packer_to_packs_1_1_1_ap_int_8_s  |        ?|        ?|          ?|          ?|    ?|    ?|       no|
        +---------------------------------------------+----------------------------------+---------+---------+-----------+-----------+-----+-----+---------+

        * Loop: 
        +------------------------+---------+---------+----------+-----------+-----------+------+----------+
        |                        |  Latency (cycles) | Iteration|  Initiation Interval  | Trip |          |
        |        Loop Name       |   min   |   max   |  Latency |  achieved |   target  | Count| Pipelined|
        +------------------------+---------+---------+----------+-----------+-----------+------+----------+
        |- VITIS_LOOP_1237_1     |        ?|        ?|         ?|          -|          -|    17|        no|
        | + VITIS_LOOP_1238_2    |        ?|        ?|         ?|          -|          -|   192|        no|
        |  ++ VITIS_LOOP_1239_3  |        ?|        ?|         ?|          -|          -|   192|        no|
        +------------------------+---------+---------+----------+-----------+-----------+------+----------+



================================================================
== Utilization Estimates
================================================================
* Summary: 
+---------------------+---------+-------+---------+---------+------+
|         Name        | BRAM_18K|  DSP  |    FF   |   LUT   | URAM |
+---------------------+---------+-------+---------+---------+------+
|DSP                  |        -|      -|        -|        -|     -|
|Expression           |        -|      -|        0|      195|     -|
|FIFO                 |        -|      -|        9|       35|     -|
|Instance             |        -|      -|      106|      446|     -|
|Memory               |        -|      -|        -|        -|     -|
|Multiplexer          |        -|      -|        -|      139|     -|
|Register             |        -|      -|      130|        -|     -|
+---------------------+---------+-------+---------+---------+------+
|Total                |        0|      0|      245|      815|     0|
+---------------------+---------+-------+---------+---------+------+
|Available SLR        |     1344|   3072|   864000|   432000|   320|
+---------------------+---------+-------+---------+---------+------+
|Utilization SLR (%)  |        0|      0|       ~0|       ~0|     0|
+---------------------+---------+-------+---------+---------+------+
|Available            |     5376|  12288|  3456000|  1728000|  1280|
+---------------------+---------+-------+---------+---------+------+
|Utilization (%)      |        0|      0|       ~0|       ~0|     0|
+---------------------+---------+-------+---------+---------+------+

+ Detail: 
    * Instance: 
    +---------------------------------------------+----------------------------------+---------+----+----+-----+-----+
    |                   Instance                  |              Module              | BRAM_18K| DSP| FF | LUT | URAM|
    +---------------------------------------------+----------------------------------+---------+----+----+-----+-----+
    |grp_burst_read_beats_1_ap_int_8_s_fu_112     |burst_read_beats_1_ap_int_8_s     |        0|   0|  17|   81|    0|
    |grp_packer_to_packs_1_1_1_ap_int_8_s_fu_120  |packer_to_packs_1_1_1_ap_int_8_s  |        0|   0|  89|  365|    0|
    +---------------------------------------------+----------------------------------+---------+----+----+-----+-----+
    |Total                                        |                                  |        0|   0| 106|  446|    0|
    +---------------------------------------------+----------------------------------+---------+----+----+-----+-----+

    * DSP: 
    N/A

    * Memory: 
    N/A

    * FIFO: 
    +--------------------+---------+---+----+-----+------+-----+---------+
    |        Name        | BRAM_18K| FF| LUT| URAM| Depth| Bits| Size:D*B|
    +--------------------+---------+---+----+-----+------+-----+---------+
    |burst_reads_fifo_U  |        0|  9|   0|    -|    64|    8|      512|
    +--------------------+---------+---+----+-----+------+-----+---------+
    |Total               |        0|  9|   0|    0|    64|    8|      512|
    +--------------------+---------+---+----+-----+------+-----+---------+

    * Expression: 
    +------------------------+----------+----+---+----+------------+------------+
    |      Variable Name     | Operation| DSP| FF| LUT| Bitwidth P0| Bitwidth P1|
    +------------------------+----------+----+---+----+------------+------------+
    |add_ln1238_fu_153_p2    |         +|   0|  0|  15|           8|           1|
    |add_ln1239_fu_207_p2    |         +|   0|  0|  15|           8|           1|
    |add_ln1243_6_fu_213_p2  |         +|   0|  0|  25|          18|          18|
    |add_ln1243_fu_222_p2    |         +|   0|  0|  71|          64|          64|
    |m_11_fu_141_p2          |         +|   0|  0|  12|           5|           1|
    |empty_192_fu_183_p2     |         -|   0|  0|  24|          17|          17|
    |icmp_ln1237_fu_135_p2   |      icmp|   0|  0|   9|           5|           5|
    |icmp_ln1238_fu_147_p2   |      icmp|   0|  0|  11|           8|           8|
    |icmp_ln1239_fu_201_p2   |      icmp|   0|  0|  11|           8|           8|
    |ap_block_state1         |        or|   0|  0|   2|           1|           1|
    +------------------------+----------+----+---+----+------------+------------+
    |Total                   |          |   0|  0| 195|         142|         124|
    +------------------------+----------+----+---+----+------------+------------+

    * Multiplexer: 
    +-------------------+----+-----------+-----+-----------+
    |        Name       | LUT| Input Size| Bits| Total Bits|
    +-------------------+----+-----------+-----+-----------+
    |ap_NS_fsm          |  49|          9|    1|          9|
    |ap_done            |   9|          2|    1|          2|
    |burst_reads_read   |   9|          2|    1|          2|
    |burst_reads_write  |   9|          2|    1|          2|
    |k_reg_90           |   9|          2|    8|         16|
    |m_05_fu_76         |   9|          2|    5|         10|
    |m_axi_Q_ARVALID    |   9|          2|    1|          2|
    |m_axi_Q_RREADY     |   9|          2|    1|          2|
    |n_tile_reg_101     |   9|          2|    8|         16|
    |out_w1_write       |   9|          2|    1|          2|
    |real_start         |   9|          2|    1|          2|
    +-------------------+----+-----------+-----+-----------+
    |Total              | 139|         29|   29|         65|
    +-------------------+----+-----------+-----+-----------+

    * Register: 
    +----------------------------------------------------------+----+----+-----+-----------+
    |                           Name                           | FF | LUT| Bits| Const Bits|
    +----------------------------------------------------------+----+----+-----+-----------+
    |add_ln1238_reg_256                                        |   8|   0|    8|          0|
    |add_ln1239_reg_269                                        |   8|   0|    8|          0|
    |add_ln1243_reg_274                                        |  64|   0|   64|          0|
    |ap_CS_fsm                                                 |   8|   0|    8|          0|
    |ap_done_reg                                               |   1|   0|    1|          0|
    |grp_burst_read_beats_1_ap_int_8_s_fu_112_ap_start_reg     |   1|   0|    1|          0|
    |grp_packer_to_packs_1_1_1_ap_int_8_s_fu_120_ap_start_reg  |   1|   0|    1|          0|
    |k_reg_90                                                  |   8|   0|    8|          0|
    |m_05_fu_76                                                |   5|   0|    5|          0|
    |m_11_reg_248                                              |   5|   0|    5|          0|
    |n_tile_reg_101                                            |   8|   0|    8|          0|
    |sext_ln1239_reg_261                                       |  12|   0|   18|          6|
    |start_once_reg                                            |   1|   0|    1|          0|
    +----------------------------------------------------------+----+----+-----+-----------+
    |Total                                                     | 130|   0|  136|          6|
    +----------------------------------------------------------+----+----+-----+-----------+



================================================================
== Interface
================================================================
* Summary: 
+-----------------------+-----+-----+------------+--------------------------------------------------------------------+--------------+
|       RTL Ports       | Dir | Bits|  Protocol  |                            Source Object                           |    C Type    |
+-----------------------+-----+-----+------------+--------------------------------------------------------------------+--------------+
|ap_clk                 |   in|    1|  ap_ctrl_hs|  WeightTiledStreaming_3<17, 192, 192, 1, 1, 1, 1, 1, 1, ap_int<8> >|  return value|
|ap_rst                 |   in|    1|  ap_ctrl_hs|  WeightTiledStreaming_3<17, 192, 192, 1, 1, 1, 1, 1, 1, ap_int<8> >|  return value|
|ap_start               |   in|    1|  ap_ctrl_hs|  WeightTiledStreaming_3<17, 192, 192, 1, 1, 1, 1, 1, 1, ap_int<8> >|  return value|
|start_full_n           |   in|    1|  ap_ctrl_hs|  WeightTiledStreaming_3<17, 192, 192, 1, 1, 1, 1, 1, 1, ap_int<8> >|  return value|
|ap_done                |  out|    1|  ap_ctrl_hs|  WeightTiledStreaming_3<17, 192, 192, 1, 1, 1, 1, 1, 1, ap_int<8> >|  return value|
|ap_continue            |   in|    1|  ap_ctrl_hs|  WeightTiledStreaming_3<17, 192, 192, 1, 1, 1, 1, 1, 1, ap_int<8> >|  return value|
|ap_idle                |  out|    1|  ap_ctrl_hs|  WeightTiledStreaming_3<17, 192, 192, 1, 1, 1, 1, 1, 1, ap_int<8> >|  return value|
|ap_ready               |  out|    1|  ap_ctrl_hs|  WeightTiledStreaming_3<17, 192, 192, 1, 1, 1, 1, 1, 1, ap_int<8> >|  return value|
|start_out              |  out|    1|  ap_ctrl_hs|  WeightTiledStreaming_3<17, 192, 192, 1, 1, 1, 1, 1, 1, ap_int<8> >|  return value|
|start_write            |  out|    1|  ap_ctrl_hs|  WeightTiledStreaming_3<17, 192, 192, 1, 1, 1, 1, 1, 1, ap_int<8> >|  return value|
|m_axi_Q_AWVALID        |  out|    1|       m_axi|                                                                   Q|       pointer|
|m_axi_Q_AWREADY        |   in|    1|       m_axi|                                                                   Q|       pointer|
|m_axi_Q_AWADDR         |  out|   64|       m_axi|                                                                   Q|       pointer|
|m_axi_Q_AWID           |  out|    1|       m_axi|                                                                   Q|       pointer|
|m_axi_Q_AWLEN          |  out|   32|       m_axi|                                                                   Q|       pointer|
|m_axi_Q_AWSIZE         |  out|    3|       m_axi|                                                                   Q|       pointer|
|m_axi_Q_AWBURST        |  out|    2|       m_axi|                                                                   Q|       pointer|
|m_axi_Q_AWLOCK         |  out|    2|       m_axi|                                                                   Q|       pointer|
|m_axi_Q_AWCACHE        |  out|    4|       m_axi|                                                                   Q|       pointer|
|m_axi_Q_AWPROT         |  out|    3|       m_axi|                                                                   Q|       pointer|
|m_axi_Q_AWQOS          |  out|    4|       m_axi|                                                                   Q|       pointer|
|m_axi_Q_AWREGION       |  out|    4|       m_axi|                                                                   Q|       pointer|
|m_axi_Q_AWUSER         |  out|    1|       m_axi|                                                                   Q|       pointer|
|m_axi_Q_WVALID         |  out|    1|       m_axi|                                                                   Q|       pointer|
|m_axi_Q_WREADY         |   in|    1|       m_axi|                                                                   Q|       pointer|
|m_axi_Q_WDATA          |  out|    8|       m_axi|                                                                   Q|       pointer|
|m_axi_Q_WSTRB          |  out|    1|       m_axi|                                                                   Q|       pointer|
|m_axi_Q_WLAST          |  out|    1|       m_axi|                                                                   Q|       pointer|
|m_axi_Q_WID            |  out|    1|       m_axi|                                                                   Q|       pointer|
|m_axi_Q_WUSER          |  out|    1|       m_axi|                                                                   Q|       pointer|
|m_axi_Q_ARVALID        |  out|    1|       m_axi|                                                                   Q|       pointer|
|m_axi_Q_ARREADY        |   in|    1|       m_axi|                                                                   Q|       pointer|
|m_axi_Q_ARADDR         |  out|   64|       m_axi|                                                                   Q|       pointer|
|m_axi_Q_ARID           |  out|    1|       m_axi|                                                                   Q|       pointer|
|m_axi_Q_ARLEN          |  out|   32|       m_axi|                                                                   Q|       pointer|
|m_axi_Q_ARSIZE         |  out|    3|       m_axi|                                                                   Q|       pointer|
|m_axi_Q_ARBURST        |  out|    2|       m_axi|                                                                   Q|       pointer|
|m_axi_Q_ARLOCK         |  out|    2|       m_axi|                                                                   Q|       pointer|
|m_axi_Q_ARCACHE        |  out|    4|       m_axi|                                                                   Q|       pointer|
|m_axi_Q_ARPROT         |  out|    3|       m_axi|                                                                   Q|       pointer|
|m_axi_Q_ARQOS          |  out|    4|       m_axi|                                                                   Q|       pointer|
|m_axi_Q_ARREGION       |  out|    4|       m_axi|                                                                   Q|       pointer|
|m_axi_Q_ARUSER         |  out|    1|       m_axi|                                                                   Q|       pointer|
|m_axi_Q_RVALID         |   in|    1|       m_axi|                                                                   Q|       pointer|
|m_axi_Q_RREADY         |  out|    1|       m_axi|                                                                   Q|       pointer|
|m_axi_Q_RDATA          |   in|    8|       m_axi|                                                                   Q|       pointer|
|m_axi_Q_RLAST          |   in|    1|       m_axi|                                                                   Q|       pointer|
|m_axi_Q_RID            |   in|    1|       m_axi|                                                                   Q|       pointer|
|m_axi_Q_RFIFONUM       |   in|   13|       m_axi|                                                                   Q|       pointer|
|m_axi_Q_RUSER          |   in|    1|       m_axi|                                                                   Q|       pointer|
|m_axi_Q_RRESP          |   in|    2|       m_axi|                                                                   Q|       pointer|
|m_axi_Q_BVALID         |   in|    1|       m_axi|                                                                   Q|       pointer|
|m_axi_Q_BREADY         |  out|    1|       m_axi|                                                                   Q|       pointer|
|m_axi_Q_BRESP          |   in|    2|       m_axi|                                                                   Q|       pointer|
|m_axi_Q_BID            |   in|    1|       m_axi|                                                                   Q|       pointer|
|m_axi_Q_BUSER          |   in|    1|       m_axi|                                                                   Q|       pointer|
|W_ddr_tile             |   in|   64|     ap_none|                                                          W_ddr_tile|        scalar|
|out_w1_din             |  out|    8|     ap_fifo|                                                              out_w1|       pointer|
|out_w1_num_data_valid  |   in|    7|     ap_fifo|                                                              out_w1|       pointer|
|out_w1_fifo_cap        |   in|    7|     ap_fifo|                                                              out_w1|       pointer|
|out_w1_full_n          |   in|    1|     ap_fifo|                                                              out_w1|       pointer|
|out_w1_write           |  out|    1|     ap_fifo|                                                              out_w1|       pointer|
+-----------------------+-----+-----+------------+--------------------------------------------------------------------+--------------+

============================================================
+ Verbose Summary: Synthesis Manager
============================================================
InlineROM: 1
ExposeGlobal: 0
============================================================
+ Verbose Summary: CDFG Model
============================================================
IsTopModel: 0
ResetActiveHigh: 1
IsCombinational: 2
IsDatapathOnly: 0
HasWiredReturn: 1
HasMFsm: 0
HasVarLatency: 1
IsPipeline: 0
IsRtlPipelined: 0
IsInstanceOverlapped: 0
IsDontTouch: 0
HasImplIP: 0
IsGatedGlobalClock: 0


============================================================
+ Verbose Summary: Schedule
============================================================
* Number of FSM states : 8
* Pipeline : 0
* Dataflow Pipeline: 0

* FSM state transitions: 
1 --> 2 
2 --> 3 
3 --> 4 2 
4 --> 5 3 
5 --> 6 
6 --> 7 
7 --> 8 
8 --> 4 

* FSM state operations: 

State 1 <SV = 0> <Delay = 0.38>
ST_1 : Operation 9 [1/1] (0.00ns)   --->   "%m_05 = alloca i32 1"   --->   Operation 9 'alloca' 'm_05' <Predicate = true> <Delay = 0.00>
ST_1 : Operation 10 [1/1] (0.00ns)   --->   "%specinterface_ln0 = specinterface void @_ssdm_op_SpecInterface, i8 %out_w1, void @empty_0, i32 0, i32 0, void @empty_26, i32 0, i32 0, void @empty_26, void @empty_26, void @empty_26, i32 0, i32 0, i32 0, i32 0, void @empty_26, void @empty_26, i32 4294967295, i32 0"   --->   Operation 10 'specinterface' 'specinterface_ln0' <Predicate = true> <Delay = 0.00>
ST_1 : Operation 11 [1/1] (0.00ns)   --->   "%specinterface_ln0 = specinterface void @_ssdm_op_SpecInterface, i8 %Q, void @empty_25, i32 0, i32 0, void @empty_26, i32 0, i32 36864, void @empty_41, void @empty_6, void @empty_26, i32 16, i32 16, i32 64, i32 16, void @empty_26, void @empty_26, i32 4294967295, i32 0"   --->   Operation 11 'specinterface' 'specinterface_ln0' <Predicate = true> <Delay = 0.00>
ST_1 : Operation 12 [1/1] (0.00ns)   --->   "%W_ddr_tile_read = read i64 @_ssdm_op_Read.ap_auto.i64, i64 %W_ddr_tile"   --->   Operation 12 'read' 'W_ddr_tile_read' <Predicate = true> <Delay = 0.00>
ST_1 : Operation 13 [1/1] (0.00ns)   --->   "%burst_reads = alloca i64 1" [/home/fede/PhD/transformer-hls/hls/include/linear.h:1225]   --->   Operation 13 'alloca' 'burst_reads' <Predicate = true> <Delay = 0.00> <CoreInst = "FIFO_SRL">   --->   Core 81 'FIFO_SRL' <Latency = 0> <II = 1> <Delay = 1.35> <Storage> <Opcode : 'read' 'write' 'nbread' 'nbwrite'> <Ports = 0> <Width = 8> <Depth = 64> <FIFO>
ST_1 : Operation 14 [1/1] (0.00ns)   --->   "%empty = specchannel i32 @_ssdm_op_SpecChannel, void @burst_reads_str, i32 1, void @p_str, void @p_str, i32 64, i32 64, i8 %burst_reads, i8 %burst_reads"   --->   Operation 14 'specchannel' 'empty' <Predicate = true> <Delay = 0.00>
ST_1 : Operation 15 [1/1] (0.00ns)   --->   "%specinterface_ln0 = specinterface void @_ssdm_op_SpecInterface, i8 %burst_reads, void @empty_0, i32 0, i32 0, void @empty_26, i32 0, i32 0, void @empty_26, void @empty_26, void @empty_26, i32 0, i32 0, i32 0, i32 0, void @empty_26, void @empty_26, i32 4294967295, i32 0"   --->   Operation 15 'specinterface' 'specinterface_ln0' <Predicate = true> <Delay = 0.00>
ST_1 : Operation 16 [1/1] (0.38ns)   --->   "%store_ln1237 = store i5 0, i5 %m_05" [/home/fede/PhD/transformer-hls/hls/include/linear.h:1237]   --->   Operation 16 'store' 'store_ln1237' <Predicate = true> <Delay = 0.38>
ST_1 : Operation 17 [1/1] (0.00ns)   --->   "%br_ln1237 = br void %VITIS_LOOP_1238_2" [/home/fede/PhD/transformer-hls/hls/include/linear.h:1237]   --->   Operation 17 'br' 'br_ln1237' <Predicate = true> <Delay = 0.00>

State 2 <SV = 1> <Delay = 0.70>
ST_2 : Operation 18 [1/1] (0.00ns)   --->   "%m = load i5 %m_05" [/home/fede/PhD/transformer-hls/hls/include/linear.h:1237]   --->   Operation 18 'load' 'm' <Predicate = true> <Delay = 0.00>
ST_2 : Operation 19 [1/1] (0.63ns)   --->   "%icmp_ln1237 = icmp_eq  i5 %m, i5 17" [/home/fede/PhD/transformer-hls/hls/include/linear.h:1237]   --->   Operation 19 'icmp' 'icmp_ln1237' <Predicate = true> <Delay = 0.63> <CoreInst = "Cmp">   --->   Core 9 'Cmp' <Latency = 0> <II = 1> <Delay = 0.63> <FuncUnit> <Opcode : 'icmp'> <InPorts = 2> <OutPorts = 1>
ST_2 : Operation 20 [1/1] (0.00ns)   --->   "%empty_190 = speclooptripcount i32 @_ssdm_op_SpecLoopTripCount, i64 17, i64 17, i64 17"   --->   Operation 20 'speclooptripcount' 'empty_190' <Predicate = true> <Delay = 0.00>
ST_2 : Operation 21 [1/1] (0.70ns)   --->   "%m_11 = add i5 %m, i5 1" [/home/fede/PhD/transformer-hls/hls/include/linear.h:1237]   --->   Operation 21 'add' 'm_11' <Predicate = true> <Delay = 0.70> <CoreInst = "Adder">   --->   Core 1 'Adder' <Latency = 0> <II = 1> <Delay = 0.70> <FuncUnit> <Opcode : 'add' 'sub'> <InPorts = 2> <OutPorts = 1>
ST_2 : Operation 22 [1/1] (0.00ns)   --->   "%br_ln1237 = br i1 %icmp_ln1237, void %VITIS_LOOP_1238_2.split, void %for.end17" [/home/fede/PhD/transformer-hls/hls/include/linear.h:1237]   --->   Operation 22 'br' 'br_ln1237' <Predicate = true> <Delay = 0.00>
ST_2 : Operation 23 [1/1] (0.00ns)   --->   "%specloopname_ln1237 = specloopname void @_ssdm_op_SpecLoopName, void @empty_35" [/home/fede/PhD/transformer-hls/hls/include/linear.h:1237]   --->   Operation 23 'specloopname' 'specloopname_ln1237' <Predicate = (!icmp_ln1237)> <Delay = 0.00>
ST_2 : Operation 24 [1/1] (0.38ns)   --->   "%br_ln1238 = br void %VITIS_LOOP_1239_3" [/home/fede/PhD/transformer-hls/hls/include/linear.h:1238]   --->   Operation 24 'br' 'br_ln1238' <Predicate = (!icmp_ln1237)> <Delay = 0.38>
ST_2 : Operation 25 [1/1] (0.00ns)   --->   "%ret_ln1253 = ret" [/home/fede/PhD/transformer-hls/hls/include/linear.h:1253]   --->   Operation 25 'ret' 'ret_ln1253' <Predicate = (icmp_ln1237)> <Delay = 0.00>

State 3 <SV = 2> <Delay = 0.96>
ST_3 : Operation 26 [1/1] (0.00ns)   --->   "%k = phi i8 %add_ln1238, void %for.inc12, i8 0, void %VITIS_LOOP_1238_2.split" [/home/fede/PhD/transformer-hls/hls/include/linear.h:1238]   --->   Operation 26 'phi' 'k' <Predicate = true> <Delay = 0.00>
ST_3 : Operation 27 [1/1] (0.58ns)   --->   "%icmp_ln1238 = icmp_eq  i8 %k, i8 192" [/home/fede/PhD/transformer-hls/hls/include/linear.h:1238]   --->   Operation 27 'icmp' 'icmp_ln1238' <Predicate = true> <Delay = 0.58> <CoreInst = "Cmp">   --->   Core 9 'Cmp' <Latency = 0> <II = 1> <Delay = 0.58> <FuncUnit> <Opcode : 'icmp'> <InPorts = 2> <OutPorts = 1>
ST_3 : Operation 28 [1/1] (0.00ns)   --->   "%empty_191 = speclooptripcount i32 @_ssdm_op_SpecLoopTripCount, i64 192, i64 192, i64 192"   --->   Operation 28 'speclooptripcount' 'empty_191' <Predicate = true> <Delay = 0.00>
ST_3 : Operation 29 [1/1] (0.70ns)   --->   "%add_ln1238 = add i8 %k, i8 1" [/home/fede/PhD/transformer-hls/hls/include/linear.h:1238]   --->   Operation 29 'add' 'add_ln1238' <Predicate = true> <Delay = 0.70> <CoreInst = "Adder">   --->   Core 1 'Adder' <Latency = 0> <II = 1> <Delay = 0.70> <FuncUnit> <Opcode : 'add' 'sub'> <InPorts = 2> <OutPorts = 1>
ST_3 : Operation 30 [1/1] (0.00ns)   --->   "%br_ln1238 = br i1 %icmp_ln1238, void %VITIS_LOOP_1239_3.split, void %for.inc15" [/home/fede/PhD/transformer-hls/hls/include/linear.h:1238]   --->   Operation 30 'br' 'br_ln1238' <Predicate = true> <Delay = 0.00>
ST_3 : Operation 31 [1/1] (0.00ns)   --->   "%specloopname_ln1238 = specloopname void @_ssdm_op_SpecLoopName, void @empty" [/home/fede/PhD/transformer-hls/hls/include/linear.h:1238]   --->   Operation 31 'specloopname' 'specloopname_ln1238' <Predicate = (!icmp_ln1238)> <Delay = 0.00>
ST_3 : Operation 32 [1/1] (0.00ns)   --->   "%p_shl = bitconcatenate i16 @_ssdm_op_BitConcatenate.i16.i8.i8, i8 %k, i8 0" [/home/fede/PhD/transformer-hls/hls/include/linear.h:1238]   --->   Operation 32 'bitconcatenate' 'p_shl' <Predicate = (!icmp_ln1238)> <Delay = 0.00>
ST_3 : Operation 33 [1/1] (0.00ns)   --->   "%p_shl_cast = zext i16 %p_shl" [/home/fede/PhD/transformer-hls/hls/include/linear.h:1238]   --->   Operation 33 'zext' 'p_shl_cast' <Predicate = (!icmp_ln1238)> <Delay = 0.00>
ST_3 : Operation 34 [1/1] (0.00ns)   --->   "%p_shl1 = bitconcatenate i14 @_ssdm_op_BitConcatenate.i14.i8.i6, i8 %k, i6 0" [/home/fede/PhD/transformer-hls/hls/include/linear.h:1238]   --->   Operation 34 'bitconcatenate' 'p_shl1' <Predicate = (!icmp_ln1238)> <Delay = 0.00>
ST_3 : Operation 35 [1/1] (0.00ns)   --->   "%p_shl1_cast = zext i14 %p_shl1" [/home/fede/PhD/transformer-hls/hls/include/linear.h:1238]   --->   Operation 35 'zext' 'p_shl1_cast' <Predicate = (!icmp_ln1238)> <Delay = 0.00>
ST_3 : Operation 36 [1/1] (0.78ns)   --->   "%empty_192 = sub i17 %p_shl_cast, i17 %p_shl1_cast" [/home/fede/PhD/transformer-hls/hls/include/linear.h:1238]   --->   Operation 36 'sub' 'empty_192' <Predicate = (!icmp_ln1238)> <Delay = 0.78> <CoreInst = "Adder">   --->   Core 1 'Adder' <Latency = 0> <II = 1> <Delay = 0.79> <FuncUnit> <Opcode : 'add' 'sub'> <InPorts = 2> <OutPorts = 1>
ST_3 : Operation 37 [1/1] (0.00ns)   --->   "%sext_ln1239 = sext i17 %empty_192" [/home/fede/PhD/transformer-hls/hls/include/linear.h:1239]   --->   Operation 37 'sext' 'sext_ln1239' <Predicate = (!icmp_ln1238)> <Delay = 0.00>
ST_3 : Operation 38 [1/1] (0.38ns)   --->   "%br_ln1239 = br void %for.inc" [/home/fede/PhD/transformer-hls/hls/include/linear.h:1239]   --->   Operation 38 'br' 'br_ln1239' <Predicate = (!icmp_ln1238)> <Delay = 0.38>
ST_3 : Operation 39 [1/1] (0.38ns)   --->   "%store_ln1237 = store i5 %m_11, i5 %m_05" [/home/fede/PhD/transformer-hls/hls/include/linear.h:1237]   --->   Operation 39 'store' 'store_ln1237' <Predicate = (icmp_ln1238)> <Delay = 0.38>
ST_3 : Operation 40 [1/1] (0.00ns)   --->   "%br_ln1237 = br void %VITIS_LOOP_1238_2" [/home/fede/PhD/transformer-hls/hls/include/linear.h:1237]   --->   Operation 40 'br' 'br_ln1237' <Predicate = (icmp_ln1238)> <Delay = 0.00>

State 4 <SV = 3> <Delay = 1.93>
ST_4 : Operation 41 [1/1] (0.00ns)   --->   "%n_tile = phi i8 %add_ln1239, void %for.inc.split, i8 0, void %VITIS_LOOP_1239_3.split" [/home/fede/PhD/transformer-hls/hls/include/linear.h:1239]   --->   Operation 41 'phi' 'n_tile' <Predicate = true> <Delay = 0.00>
ST_4 : Operation 42 [1/1] (0.00ns)   --->   "%zext_ln1239 = zext i8 %n_tile" [/home/fede/PhD/transformer-hls/hls/include/linear.h:1239]   --->   Operation 42 'zext' 'zext_ln1239' <Predicate = true> <Delay = 0.00>
ST_4 : Operation 43 [1/1] (0.58ns)   --->   "%icmp_ln1239 = icmp_eq  i8 %n_tile, i8 192" [/home/fede/PhD/transformer-hls/hls/include/linear.h:1239]   --->   Operation 43 'icmp' 'icmp_ln1239' <Predicate = true> <Delay = 0.58> <CoreInst = "Cmp">   --->   Core 9 'Cmp' <Latency = 0> <II = 1> <Delay = 0.58> <FuncUnit> <Opcode : 'icmp'> <InPorts = 2> <OutPorts = 1>
ST_4 : Operation 44 [1/1] (0.00ns)   --->   "%empty_193 = speclooptripcount i32 @_ssdm_op_SpecLoopTripCount, i64 192, i64 192, i64 192"   --->   Operation 44 'speclooptripcount' 'empty_193' <Predicate = true> <Delay = 0.00>
ST_4 : Operation 45 [1/1] (0.70ns)   --->   "%add_ln1239 = add i8 %n_tile, i8 1" [/home/fede/PhD/transformer-hls/hls/include/linear.h:1239]   --->   Operation 45 'add' 'add_ln1239' <Predicate = true> <Delay = 0.70> <CoreInst = "Adder">   --->   Core 1 'Adder' <Latency = 0> <II = 1> <Delay = 0.70> <FuncUnit> <Opcode : 'add' 'sub'> <InPorts = 2> <OutPorts = 1>
ST_4 : Operation 46 [1/1] (0.00ns)   --->   "%br_ln1239 = br i1 %icmp_ln1239, void %for.inc.split, void %for.inc12" [/home/fede/PhD/transformer-hls/hls/include/linear.h:1239]   --->   Operation 46 'br' 'br_ln1239' <Predicate = true> <Delay = 0.00>
ST_4 : Operation 47 [1/1] (0.79ns)   --->   "%add_ln1243_6 = add i18 %sext_ln1239, i18 %zext_ln1239" [/home/fede/PhD/transformer-hls/hls/include/linear.h:1243]   --->   Operation 47 'add' 'add_ln1243_6' <Predicate = (!icmp_ln1239)> <Delay = 0.79> <CoreInst = "Adder">   --->   Core 1 'Adder' <Latency = 0> <II = 1> <Delay = 0.79> <FuncUnit> <Opcode : 'add' 'sub'> <InPorts = 2> <OutPorts = 1>
ST_4 : Operation 48 [1/1] (0.00ns)   --->   "%sext_ln1243 = sext i18 %add_ln1243_6" [/home/fede/PhD/transformer-hls/hls/include/linear.h:1243]   --->   Operation 48 'sext' 'sext_ln1243' <Predicate = (!icmp_ln1239)> <Delay = 0.00>
ST_4 : Operation 49 [1/1] (1.14ns)   --->   "%add_ln1243 = add i64 %sext_ln1243, i64 %W_ddr_tile_read" [/home/fede/PhD/transformer-hls/hls/include/linear.h:1243]   --->   Operation 49 'add' 'add_ln1243' <Predicate = (!icmp_ln1239)> <Delay = 1.14> <CoreInst = "Adder">   --->   Core 1 'Adder' <Latency = 0> <II = 1> <Delay = 1.14> <FuncUnit> <Opcode : 'add' 'sub'> <InPorts = 2> <OutPorts = 1>
ST_4 : Operation 50 [1/1] (0.00ns)   --->   "%br_ln1238 = br void %VITIS_LOOP_1239_3" [/home/fede/PhD/transformer-hls/hls/include/linear.h:1238]   --->   Operation 50 'br' 'br_ln1238' <Predicate = (icmp_ln1239)> <Delay = 0.00>

State 5 <SV = 4> <Delay = 7.30>
ST_5 : Operation 51 [2/2] (7.30ns)   --->   "%call_ln1245 = call void @burst_read_beats<1, ap_int<8> >, i8 %Q, i64 %add_ln1243, i8 %burst_reads" [/home/fede/PhD/transformer-hls/hls/include/linear.h:1245]   --->   Operation 51 'call' 'call_ln1245' <Predicate = true> <Delay = 7.30> <CoreType = "Generic">   --->   Core 0 '' <Latency = 0> <II = 1> <Delay = 1.00> <Generic> <Opcode : >

State 6 <SV = 5> <Delay = 0.00>
ST_6 : Operation 52 [1/2] (0.00ns)   --->   "%call_ln1245 = call void @burst_read_beats<1, ap_int<8> >, i8 %Q, i64 %add_ln1243, i8 %burst_reads" [/home/fede/PhD/transformer-hls/hls/include/linear.h:1245]   --->   Operation 52 'call' 'call_ln1245' <Predicate = true> <Delay = 0.00> <CoreType = "Generic">   --->   Core 0 '' <Latency = 0> <II = 1> <Delay = 1.00> <Generic> <Opcode : >

State 7 <SV = 6> <Delay = 0.00>
ST_7 : Operation 53 [2/2] (0.00ns)   --->   "%call_ln1246 = call void @packer_to_packs<1, 1, 1, ap_int<8> >, i8 %burst_reads, i8 %out_w1" [/home/fede/PhD/transformer-hls/hls/include/linear.h:1246]   --->   Operation 53 'call' 'call_ln1246' <Predicate = true> <Delay = 0.00> <CoreType = "Generic">   --->   Core 0 '' <Latency = 0> <II = 1> <Delay = 1.00> <Generic> <Opcode : >

State 8 <SV = 7> <Delay = 0.00>
ST_8 : Operation 54 [1/1] (0.00ns)   --->   "%specloopname_ln1240 = specloopname void @_ssdm_op_SpecLoopName, void @empty_38" [/home/fede/PhD/transformer-hls/hls/include/linear.h:1240]   --->   Operation 54 'specloopname' 'specloopname_ln1240' <Predicate = true> <Delay = 0.00>
ST_8 : Operation 55 [1/2] (0.00ns)   --->   "%call_ln1246 = call void @packer_to_packs<1, 1, 1, ap_int<8> >, i8 %burst_reads, i8 %out_w1" [/home/fede/PhD/transformer-hls/hls/include/linear.h:1246]   --->   Operation 55 'call' 'call_ln1246' <Predicate = true> <Delay = 0.00> <CoreType = "Generic">   --->   Core 0 '' <Latency = 0> <II = 1> <Delay = 1.00> <Generic> <Opcode : >
ST_8 : Operation 56 [1/1] (0.00ns)   --->   "%br_ln1239 = br void %for.inc" [/home/fede/PhD/transformer-hls/hls/include/linear.h:1239]   --->   Operation 56 'br' 'br_ln1239' <Predicate = true> <Delay = 0.00>


============================================================
+ Verbose Summary: Binding
============================================================
STG Binding: 
---------------- STG Properties BEGIN ----------------
- Is combinational: 0
- Is one-state seq: 0
- Is datapath-only: 0
- Is pipelined: 0
- Is top level: 0
Port [ Return ] is wired: 1; IO mode=ap_ctrl_hs:ce=0
Port [ Q]:  wired=1; compound=1; hidden=0; nouse=0; global=0; static=0; extern=0; dir=0; type=4; pingpong=0; private_global=0; IO mode=m_axi:ce=0
Port [ W_ddr_tile]:  wired=1; compound=0; hidden=0; nouse=0; global=0; static=0; extern=0; dir=0; type=0; pingpong=0; private_global=0; IO mode=ap_none:ce=0
Port [ out_w1]:  wired=1; compound=1; hidden=0; nouse=0; global=0; static=0; extern=0; dir=1; type=3; pingpong=0; private_global=0; IO mode=ap_fifo:ce=0
---------------- STG Properties END ------------------

---------------- Datapath Model BEGIN ----------------

<LifeTime>
<method=bitvector/>
m_05                (alloca           ) [ 011111111]
specinterface_ln0   (specinterface    ) [ 000000000]
specinterface_ln0   (specinterface    ) [ 000000000]
W_ddr_tile_read     (read             ) [ 001111111]
burst_reads         (alloca           ) [ 011111111]
empty               (specchannel      ) [ 000000000]
specinterface_ln0   (specinterface    ) [ 000000000]
store_ln1237        (store            ) [ 000000000]
br_ln1237           (br               ) [ 000000000]
m                   (load             ) [ 000000000]
icmp_ln1237         (icmp             ) [ 001111111]
empty_190           (speclooptripcount) [ 000000000]
m_11                (add              ) [ 000111111]
br_ln1237           (br               ) [ 000000000]
specloopname_ln1237 (specloopname     ) [ 000000000]
br_ln1238           (br               ) [ 001111111]
ret_ln1253          (ret              ) [ 000000000]
k                   (phi              ) [ 000100000]
icmp_ln1238         (icmp             ) [ 001111111]
empty_191           (speclooptripcount) [ 000000000]
add_ln1238          (add              ) [ 001111111]
br_ln1238           (br               ) [ 000000000]
specloopname_ln1238 (specloopname     ) [ 000000000]
p_shl               (bitconcatenate   ) [ 000000000]
p_shl_cast          (zext             ) [ 000000000]
p_shl1              (bitconcatenate   ) [ 000000000]
p_shl1_cast         (zext             ) [ 000000000]
empty_192           (sub              ) [ 000000000]
sext_ln1239         (sext             ) [ 000011111]
br_ln1239           (br               ) [ 001111111]
store_ln1237        (store            ) [ 000000000]
br_ln1237           (br               ) [ 000000000]
n_tile              (phi              ) [ 000010000]
zext_ln1239         (zext             ) [ 000000000]
icmp_ln1239         (icmp             ) [ 001111111]
empty_193           (speclooptripcount) [ 000000000]
add_ln1239          (add              ) [ 001111111]
br_ln1239           (br               ) [ 000000000]
add_ln1243_6        (add              ) [ 000000000]
sext_ln1243         (sext             ) [ 000000000]
add_ln1243          (add              ) [ 000001100]
br_ln1238           (br               ) [ 001111111]
call_ln1245         (call             ) [ 000000000]
specloopname_ln1240 (specloopname     ) [ 000000000]
call_ln1246         (call             ) [ 000000000]
br_ln1239           (br               ) [ 001111111]
</LifeTime>

<model>

<comp_list>
<comp id="0" class="1000" name="Q">
<pin_list>
<pin id="1" dir="1" index="0" bw="1" slack="0"/>
</pin_list>
<bind>
<StgValue><ssdm name="Q"/></StgValue>
</bind>
</comp>

<comp id="2" class="1000" name="W_ddr_tile">
<pin_list>
<pin id="3" dir="1" index="0" bw="1" slack="0"/>
</pin_list>
<bind>
<StgValue><ssdm name="W_ddr_tile"/></StgValue>
</bind>
</comp>

<comp id="4" class="1000" name="out_w1">
<pin_list>
<pin id="5" dir="1" index="0" bw="1" slack="0"/>
</pin_list>
<bind>
<StgValue><ssdm name="out_w1"/></StgValue>
</bind>
</comp>

<comp id="6" class="1001" name="const_6">
<pin_list>
<pin id="7" dir="1" index="0" bw="1" slack="0"/>
</pin_list>
<bind>
<StgValue><ssdm name=""/></StgValue>
</bind>
</comp>

<comp id="8" class="1001" name="const_8">
<pin_list>
<pin id="9" dir="1" index="0" bw="1" slack="2147483647"/>
</pin_list>
<bind>
<StgValue><ssdm name="_ssdm_op_SpecInterface"/></StgValue>
</bind>
</comp>

<comp id="10" class="1001" name="const_10">
<pin_list>
<pin id="11" dir="1" index="0" bw="1" slack="2147483647"/>
</pin_list>
<bind>
<StgValue><ssdm name="empty_0"/></StgValue>
</bind>
</comp>

<comp id="12" class="1001" name="const_12">
<pin_list>
<pin id="13" dir="1" index="0" bw="1" slack="2147483647"/>
</pin_list>
<bind>
<StgValue><ssdm name=""/></StgValue>
</bind>
</comp>

<comp id="14" class="1001" name="const_14">
<pin_list>
<pin id="15" dir="1" index="0" bw="1" slack="2147483647"/>
</pin_list>
<bind>
<StgValue><ssdm name="empty_26"/></StgValue>
</bind>
</comp>

<comp id="16" class="1001" name="const_16">
<pin_list>
<pin id="17" dir="1" index="0" bw="1" slack="2147483647"/>
</pin_list>
<bind>
<StgValue><ssdm name=""/></StgValue>
</bind>
</comp>

<comp id="18" class="1001" name="const_18">
<pin_list>
<pin id="19" dir="1" index="0" bw="1" slack="2147483647"/>
</pin_list>
<bind>
<StgValue><ssdm name="empty_25"/></StgValue>
</bind>
</comp>

<comp id="20" class="1001" name="const_20">
<pin_list>
<pin id="21" dir="1" index="0" bw="1" slack="2147483647"/>
</pin_list>
<bind>
<StgValue><ssdm name=""/></StgValue>
</bind>
</comp>

<comp id="22" class="1001" name="const_22">
<pin_list>
<pin id="23" dir="1" index="0" bw="1" slack="2147483647"/>
</pin_list>
<bind>
<StgValue><ssdm name="empty_41"/></StgValue>
</bind>
</comp>

<comp id="24" class="1001" name="const_24">
<pin_list>
<pin id="25" dir="1" index="0" bw="1" slack="2147483647"/>
</pin_list>
<bind>
<StgValue><ssdm name="empty_6"/></StgValue>
</bind>
</comp>

<comp id="26" class="1001" name="const_26">
<pin_list>
<pin id="27" dir="1" index="0" bw="1" slack="2147483647"/>
</pin_list>
<bind>
<StgValue><ssdm name=""/></StgValue>
</bind>
</comp>

<comp id="28" class="1001" name="const_28">
<pin_list>
<pin id="29" dir="1" index="0" bw="1" slack="2147483647"/>
</pin_list>
<bind>
<StgValue><ssdm name=""/></StgValue>
</bind>
</comp>

<comp id="30" class="1001" name="const_30">
<pin_list>
<pin id="31" dir="1" index="0" bw="1" slack="0"/>
</pin_list>
<bind>
<StgValue><ssdm name="_ssdm_op_Read.ap_auto.i64"/></StgValue>
</bind>
</comp>

<comp id="32" class="1001" name="const_32">
<pin_list>
<pin id="33" dir="1" index="0" bw="1" slack="0"/>
</pin_list>
<bind>
<StgValue><ssdm name=""/></StgValue>
</bind>
</comp>

<comp id="34" class="1001" name="const_34">
<pin_list>
<pin id="35" dir="1" index="0" bw="1" slack="2147483647"/>
</pin_list>
<bind>
<StgValue><ssdm name="_ssdm_op_SpecChannel"/></StgValue>
</bind>
</comp>

<comp id="36" class="1001" name="const_36">
<pin_list>
<pin id="37" dir="1" index="0" bw="1" slack="2147483647"/>
</pin_list>
<bind>
<StgValue><ssdm name="burst_reads_str"/></StgValue>
</bind>
</comp>

<comp id="38" class="1001" name="const_38">
<pin_list>
<pin id="39" dir="1" index="0" bw="1" slack="2147483647"/>
</pin_list>
<bind>
<StgValue><ssdm name="p_str"/></StgValue>
</bind>
</comp>

<comp id="40" class="1001" name="const_40">
<pin_list>
<pin id="41" dir="1" index="0" bw="1" slack="0"/>
</pin_list>
<bind>
<StgValue><ssdm name=""/></StgValue>
</bind>
</comp>

<comp id="42" class="1001" name="const_42">
<pin_list>
<pin id="43" dir="1" index="0" bw="1" slack="0"/>
</pin_list>
<bind>
<StgValue><ssdm name=""/></StgValue>
</bind>
</comp>

<comp id="44" class="1001" name="const_44">
<pin_list>
<pin id="45" dir="1" index="0" bw="1" slack="2147483647"/>
</pin_list>
<bind>
<StgValue><ssdm name="_ssdm_op_SpecLoopTripCount"/></StgValue>
</bind>
</comp>

<comp id="46" class="1001" name="const_46">
<pin_list>
<pin id="47" dir="1" index="0" bw="1" slack="2147483647"/>
</pin_list>
<bind>
<StgValue><ssdm name=""/></StgValue>
</bind>
</comp>

<comp id="48" class="1001" name="const_48">
<pin_list>
<pin id="49" dir="1" index="0" bw="1" slack="0"/>
</pin_list>
<bind>
<StgValue><ssdm name=""/></StgValue>
</bind>
</comp>

<comp id="50" class="1001" name="const_50">
<pin_list>
<pin id="51" dir="1" index="0" bw="1" slack="2147483647"/>
</pin_list>
<bind>
<StgValue><ssdm name="_ssdm_op_SpecLoopName"/></StgValue>
</bind>
</comp>

<comp id="52" class="1001" name="const_52">
<pin_list>
<pin id="53" dir="1" index="0" bw="1" slack="2147483647"/>
</pin_list>
<bind>
<StgValue><ssdm name="empty_35"/></StgValue>
</bind>
</comp>

<comp id="54" class="1001" name="const_54">
<pin_list>
<pin id="55" dir="1" index="0" bw="1" slack="0"/>
</pin_list>
<bind>
<StgValue><ssdm name=""/></StgValue>
</bind>
</comp>

<comp id="56" class="1001" name="const_56">
<pin_list>
<pin id="57" dir="1" index="0" bw="1" slack="0"/>
</pin_list>
<bind>
<StgValue><ssdm name=""/></StgValue>
</bind>
</comp>

<comp id="58" class="1001" name="const_58">
<pin_list>
<pin id="59" dir="1" index="0" bw="1" slack="2147483647"/>
</pin_list>
<bind>
<StgValue><ssdm name=""/></StgValue>
</bind>
</comp>

<comp id="60" class="1001" name="const_60">
<pin_list>
<pin id="61" dir="1" index="0" bw="1" slack="0"/>
</pin_list>
<bind>
<StgValue><ssdm name=""/></StgValue>
</bind>
</comp>

<comp id="62" class="1001" name="const_62">
<pin_list>
<pin id="63" dir="1" index="0" bw="1" slack="2147483647"/>
</pin_list>
<bind>
<StgValue><ssdm name="empty"/></StgValue>
</bind>
</comp>

<comp id="64" class="1001" name="const_64">
<pin_list>
<pin id="65" dir="1" index="0" bw="1" slack="0"/>
</pin_list>
<bind>
<StgValue><ssdm name="_ssdm_op_BitConcatenate.i16.i8.i8"/></StgValue>
</bind>
</comp>

<comp id="66" class="1001" name="const_66">
<pin_list>
<pin id="67" dir="1" index="0" bw="1" slack="0"/>
</pin_list>
<bind>
<StgValue><ssdm name="_ssdm_op_BitConcatenate.i14.i8.i6"/></StgValue>
</bind>
</comp>

<comp id="68" class="1001" name="const_68">
<pin_list>
<pin id="69" dir="1" index="0" bw="1" slack="0"/>
</pin_list>
<bind>
<StgValue><ssdm name=""/></StgValue>
</bind>
</comp>

<comp id="70" class="1001" name="const_70">
<pin_list>
<pin id="71" dir="1" index="0" bw="1" slack="0"/>
</pin_list>
<bind>
<StgValue><ssdm name="burst_read_beats<1, ap_int<8> >"/></StgValue>
</bind>
</comp>

<comp id="72" class="1001" name="const_72">
<pin_list>
<pin id="73" dir="1" index="0" bw="1" slack="0"/>
</pin_list>
<bind>
<StgValue><ssdm name="packer_to_packs<1, 1, 1, ap_int<8> >"/></StgValue>
</bind>
</comp>

<comp id="74" class="1001" name="const_74">
<pin_list>
<pin id="75" dir="1" index="0" bw="1" slack="2147483647"/>
</pin_list>
<bind>
<StgValue><ssdm name="empty_38"/></StgValue>
</bind>
</comp>

<comp id="76" class="1004" name="m_05_fu_76">
<pin_list>
<pin id="77" dir="0" index="0" bw="1" slack="0"/>
<pin id="78" dir="1" index="1" bw="5" slack="0"/>
</pin_list>
<bind>
<opcode="alloca(26) " fcode="alloca"/>
<opset="m_05/1 "/>
</bind>
</comp>

<comp id="80" class="1004" name="burst_reads_fu_80">
<pin_list>
<pin id="81" dir="0" index="0" bw="1" slack="0"/>
<pin id="82" dir="1" index="1" bw="8" slack="0"/>
</pin_list>
<bind>
<opcode="alloca(26) " fcode="alloca"/>
<opset="burst_reads/1 "/>
</bind>
</comp>

<comp id="84" class="1004" name="W_ddr_tile_read_read_fu_84">
<pin_list>
<pin id="85" dir="0" index="0" bw="64" slack="0"/>
<pin id="86" dir="0" index="1" bw="64" slack="0"/>
<pin id="87" dir="1" index="2" bw="64" slack="3"/>
</pin_list>
<bind>
<opcode="read(1150) " fcode="read"/>
<opset="W_ddr_tile_read/1 "/>
</bind>
</comp>

<comp id="90" class="1005" name="k_reg_90">
<pin_list>
<pin id="91" dir="0" index="0" bw="8" slack="1"/>
<pin id="92" dir="1" index="1" bw="8" slack="1"/>
</pin_list>
<bind>
<opset="k (phireg) "/>
</bind>
</comp>

<comp id="94" class="1004" name="k_phi_fu_94">
<pin_list>
<pin id="95" dir="0" index="0" bw="8" slack="0"/>
<pin id="96" dir="0" index="1" bw="0" slack="2147483647"/>
<pin id="97" dir="0" index="2" bw="1" slack="1"/>
<pin id="98" dir="0" index="3" bw="0" slack="2147483647"/>
<pin id="99" dir="1" index="4" bw="8" slack="0"/>
</pin_list>
<bind>
<opcode="phi(47) " fcode="phi"/>
<opset="k/3 "/>
</bind>
</comp>

<comp id="101" class="1005" name="n_tile_reg_101">
<pin_list>
<pin id="102" dir="0" index="0" bw="8" slack="1"/>
<pin id="103" dir="1" index="1" bw="8" slack="1"/>
</pin_list>
<bind>
<opset="n_tile (phireg) "/>
</bind>
</comp>

<comp id="105" class="1004" name="n_tile_phi_fu_105">
<pin_list>
<pin id="106" dir="0" index="0" bw="8" slack="0"/>
<pin id="107" dir="0" index="1" bw="0" slack="2147483647"/>
<pin id="108" dir="0" index="2" bw="1" slack="1"/>
<pin id="109" dir="0" index="3" bw="0" slack="2147483647"/>
<pin id="110" dir="1" index="4" bw="8" slack="0"/>
</pin_list>
<bind>
<opcode="phi(47) " fcode="phi"/>
<opset="n_tile/4 "/>
</bind>
</comp>

<comp id="112" class="1004" name="grp_burst_read_beats_1_ap_int_8_s_fu_112">
<pin_list>
<pin id="113" dir="0" index="0" bw="0" slack="0"/>
<pin id="114" dir="0" index="1" bw="8" slack="0"/>
<pin id="115" dir="0" index="2" bw="64" slack="1"/>
<pin id="116" dir="0" index="3" bw="8" slack="4"/>
<pin id="117" dir="1" index="4" bw="0" slack="2147483647"/>
</pin_list>
<bind>
<opcode="call(48) " fcode="call"/>
<opset="call_ln1245/5 "/>
</bind>
</comp>

<comp id="120" class="1004" name="grp_packer_to_packs_1_1_1_ap_int_8_s_fu_120">
<pin_list>
<pin id="121" dir="0" index="0" bw="0" slack="0"/>
<pin id="122" dir="0" index="1" bw="8" slack="6"/>
<pin id="123" dir="0" index="2" bw="8" slack="0"/>
<pin id="124" dir="1" index="3" bw="0" slack="2147483647"/>
</pin_list>
<bind>
<opcode="call(48) " fcode="call"/>
<opset="call_ln1246/7 "/>
</bind>
</comp>

<comp id="127" class="1004" name="store_ln1237_store_fu_127">
<pin_list>
<pin id="128" dir="0" index="0" bw="1" slack="0"/>
<pin id="129" dir="0" index="1" bw="5" slack="0"/>
<pin id="130" dir="1" index="2" bw="0" slack="2147483647"/>
</pin_list>
<bind>
<opcode="store(28) " fcode="store"/>
<opset="store_ln1237/1 "/>
</bind>
</comp>

<comp id="132" class="1004" name="m_load_fu_132">
<pin_list>
<pin id="133" dir="0" index="0" bw="5" slack="1"/>
<pin id="134" dir="1" index="1" bw="5" slack="0"/>
</pin_list>
<bind>
<opcode="load(27) " fcode="load"/>
<opset="m/2 "/>
</bind>
</comp>

<comp id="135" class="1004" name="icmp_ln1237_fu_135">
<pin_list>
<pin id="136" dir="0" index="0" bw="5" slack="0"/>
<pin id="137" dir="0" index="1" bw="5" slack="0"/>
<pin id="138" dir="1" index="2" bw="1" slack="2147483647"/>
</pin_list>
<bind>
<opcode="icmp(45) " fcode="icmp"/>
<opset="icmp_ln1237/2 "/>
</bind>
</comp>

<comp id="141" class="1004" name="m_11_fu_141">
<pin_list>
<pin id="142" dir="0" index="0" bw="5" slack="0"/>
<pin id="143" dir="0" index="1" bw="1" slack="0"/>
<pin id="144" dir="1" index="2" bw="5" slack="1"/>
</pin_list>
<bind>
<opcode="add(8) " fcode="add"/>
<opset="m_11/2 "/>
</bind>
</comp>

<comp id="147" class="1004" name="icmp_ln1238_fu_147">
<pin_list>
<pin id="148" dir="0" index="0" bw="8" slack="0"/>
<pin id="149" dir="0" index="1" bw="8" slack="0"/>
<pin id="150" dir="1" index="2" bw="1" slack="2147483647"/>
</pin_list>
<bind>
<opcode="icmp(45) " fcode="icmp"/>
<opset="icmp_ln1238/3 "/>
</bind>
</comp>

<comp id="153" class="1004" name="add_ln1238_fu_153">
<pin_list>
<pin id="154" dir="0" index="0" bw="8" slack="0"/>
<pin id="155" dir="0" index="1" bw="1" slack="0"/>
<pin id="156" dir="1" index="2" bw="8" slack="0"/>
</pin_list>
<bind>
<opcode="add(8) " fcode="add"/>
<opset="add_ln1238/3 "/>
</bind>
</comp>

<comp id="159" class="1004" name="p_shl_fu_159">
<pin_list>
<pin id="160" dir="0" index="0" bw="16" slack="0"/>
<pin id="161" dir="0" index="1" bw="8" slack="0"/>
<pin id="162" dir="0" index="2" bw="1" slack="0"/>
<pin id="163" dir="1" index="3" bw="16" slack="0"/>
</pin_list>
<bind>
<opcode="bitconcatenate(1004) " fcode="bitconcatenate"/>
<opset="p_shl/3 "/>
</bind>
</comp>

<comp id="167" class="1004" name="p_shl_cast_fu_167">
<pin_list>
<pin id="168" dir="0" index="0" bw="16" slack="0"/>
<pin id="169" dir="1" index="1" bw="17" slack="0"/>
</pin_list>
<bind>
<opcode="zext(34) " fcode="zext"/>
<opset="p_shl_cast/3 "/>
</bind>
</comp>

<comp id="171" class="1004" name="p_shl1_fu_171">
<pin_list>
<pin id="172" dir="0" index="0" bw="14" slack="0"/>
<pin id="173" dir="0" index="1" bw="8" slack="0"/>
<pin id="174" dir="0" index="2" bw="1" slack="0"/>
<pin id="175" dir="1" index="3" bw="14" slack="0"/>
</pin_list>
<bind>
<opcode="bitconcatenate(1004) " fcode="bitconcatenate"/>
<opset="p_shl1/3 "/>
</bind>
</comp>

<comp id="179" class="1004" name="p_shl1_cast_fu_179">
<pin_list>
<pin id="180" dir="0" index="0" bw="14" slack="0"/>
<pin id="181" dir="1" index="1" bw="17" slack="0"/>
</pin_list>
<bind>
<opcode="zext(34) " fcode="zext"/>
<opset="p_shl1_cast/3 "/>
</bind>
</comp>

<comp id="183" class="1004" name="empty_192_fu_183">
<pin_list>
<pin id="184" dir="0" index="0" bw="16" slack="0"/>
<pin id="185" dir="0" index="1" bw="14" slack="0"/>
<pin id="186" dir="1" index="2" bw="17" slack="0"/>
</pin_list>
<bind>
<opcode="sub(10) " fcode="sub"/>
<opset="empty_192/3 "/>
</bind>
</comp>

<comp id="189" class="1004" name="sext_ln1239_fu_189">
<pin_list>
<pin id="190" dir="0" index="0" bw="17" slack="0"/>
<pin id="191" dir="1" index="1" bw="18" slack="1"/>
</pin_list>
<bind>
<opcode="sext(35) " fcode="sext"/>
<opset="sext_ln1239/3 "/>
</bind>
</comp>

<comp id="193" class="1004" name="store_ln1237_store_fu_193">
<pin_list>
<pin id="194" dir="0" index="0" bw="5" slack="1"/>
<pin id="195" dir="0" index="1" bw="5" slack="2"/>
<pin id="196" dir="1" index="2" bw="0" slack="2147483647"/>
</pin_list>
<bind>
<opcode="store(28) " fcode="store"/>
<opset="store_ln1237/3 "/>
</bind>
</comp>

<comp id="197" class="1004" name="zext_ln1239_fu_197">
<pin_list>
<pin id="198" dir="0" index="0" bw="8" slack="0"/>
<pin id="199" dir="1" index="1" bw="18" slack="0"/>
</pin_list>
<bind>
<opcode="zext(34) " fcode="zext"/>
<opset="zext_ln1239/4 "/>
</bind>
</comp>

<comp id="201" class="1004" name="icmp_ln1239_fu_201">
<pin_list>
<pin id="202" dir="0" index="0" bw="8" slack="0"/>
<pin id="203" dir="0" index="1" bw="8" slack="0"/>
<pin id="204" dir="1" index="2" bw="1" slack="2147483647"/>
</pin_list>
<bind>
<opcode="icmp(45) " fcode="icmp"/>
<opset="icmp_ln1239/4 "/>
</bind>
</comp>

<comp id="207" class="1004" name="add_ln1239_fu_207">
<pin_list>
<pin id="208" dir="0" index="0" bw="8" slack="0"/>
<pin id="209" dir="0" index="1" bw="1" slack="0"/>
<pin id="210" dir="1" index="2" bw="8" slack="0"/>
</pin_list>
<bind>
<opcode="add(8) " fcode="add"/>
<opset="add_ln1239/4 "/>
</bind>
</comp>

<comp id="213" class="1004" name="add_ln1243_6_fu_213">
<pin_list>
<pin id="214" dir="0" index="0" bw="17" slack="1"/>
<pin id="215" dir="0" index="1" bw="8" slack="0"/>
<pin id="216" dir="1" index="2" bw="18" slack="0"/>
</pin_list>
<bind>
<opcode="add(8) " fcode="add"/>
<opset="add_ln1243_6/4 "/>
</bind>
</comp>

<comp id="218" class="1004" name="sext_ln1243_fu_218">
<pin_list>
<pin id="219" dir="0" index="0" bw="18" slack="0"/>
<pin id="220" dir="1" index="1" bw="64" slack="0"/>
</pin_list>
<bind>
<opcode="sext(35) " fcode="sext"/>
<opset="sext_ln1243/4 "/>
</bind>
</comp>

<comp id="222" class="1004" name="add_ln1243_fu_222">
<pin_list>
<pin id="223" dir="0" index="0" bw="18" slack="0"/>
<pin id="224" dir="0" index="1" bw="64" slack="3"/>
<pin id="225" dir="1" index="2" bw="64" slack="1"/>
</pin_list>
<bind>
<opcode="add(8) " fcode="add"/>
<opset="add_ln1243/4 "/>
</bind>
</comp>

<comp id="227" class="1005" name="m_05_reg_227">
<pin_list>
<pin id="228" dir="0" index="0" bw="5" slack="0"/>
<pin id="229" dir="1" index="1" bw="5" slack="0"/>
</pin_list>
<bind>
<opset="m_05 "/>
</bind>
</comp>

<comp id="234" class="1005" name="W_ddr_tile_read_reg_234">
<pin_list>
<pin id="235" dir="0" index="0" bw="64" slack="3"/>
<pin id="236" dir="1" index="1" bw="64" slack="3"/>
</pin_list>
<bind>
<opset="W_ddr_tile_read "/>
</bind>
</comp>

<comp id="239" class="1005" name="burst_reads_reg_239">
<pin_list>
<pin id="240" dir="0" index="0" bw="8" slack="0"/>
<pin id="241" dir="1" index="1" bw="8" slack="4"/>
</pin_list>
<bind>
<opset="burst_reads "/>
</bind>
</comp>

<comp id="248" class="1005" name="m_11_reg_248">
<pin_list>
<pin id="249" dir="0" index="0" bw="5" slack="1"/>
<pin id="250" dir="1" index="1" bw="5" slack="1"/>
</pin_list>
<bind>
<opset="m_11 "/>
</bind>
</comp>

<comp id="256" class="1005" name="add_ln1238_reg_256">
<pin_list>
<pin id="257" dir="0" index="0" bw="8" slack="0"/>
<pin id="258" dir="1" index="1" bw="8" slack="0"/>
</pin_list>
<bind>
<opset="add_ln1238 "/>
</bind>
</comp>

<comp id="261" class="1005" name="sext_ln1239_reg_261">
<pin_list>
<pin id="262" dir="0" index="0" bw="18" slack="1"/>
<pin id="263" dir="1" index="1" bw="18" slack="1"/>
</pin_list>
<bind>
<opset="sext_ln1239 "/>
</bind>
</comp>

<comp id="269" class="1005" name="add_ln1239_reg_269">
<pin_list>
<pin id="270" dir="0" index="0" bw="8" slack="0"/>
<pin id="271" dir="1" index="1" bw="8" slack="0"/>
</pin_list>
<bind>
<opset="add_ln1239 "/>
</bind>
</comp>

<comp id="274" class="1005" name="add_ln1243_reg_274">
<pin_list>
<pin id="275" dir="0" index="0" bw="64" slack="1"/>
<pin id="276" dir="1" index="1" bw="64" slack="1"/>
</pin_list>
<bind>
<opset="add_ln1243 "/>
</bind>
</comp>

</comp_list>

<net_list>
<net id="79"><net_src comp="6" pin="0"/><net_sink comp="76" pin=0"/></net>

<net id="83"><net_src comp="32" pin="0"/><net_sink comp="80" pin=0"/></net>

<net id="88"><net_src comp="30" pin="0"/><net_sink comp="84" pin=0"/></net>

<net id="89"><net_src comp="2" pin="0"/><net_sink comp="84" pin=1"/></net>

<net id="93"><net_src comp="54" pin="0"/><net_sink comp="90" pin=0"/></net>

<net id="100"><net_src comp="90" pin="1"/><net_sink comp="94" pin=2"/></net>

<net id="104"><net_src comp="54" pin="0"/><net_sink comp="101" pin=0"/></net>

<net id="111"><net_src comp="101" pin="1"/><net_sink comp="105" pin=2"/></net>

<net id="118"><net_src comp="70" pin="0"/><net_sink comp="112" pin=0"/></net>

<net id="119"><net_src comp="0" pin="0"/><net_sink comp="112" pin=1"/></net>

<net id="125"><net_src comp="72" pin="0"/><net_sink comp="120" pin=0"/></net>

<net id="126"><net_src comp="4" pin="0"/><net_sink comp="120" pin=2"/></net>

<net id="131"><net_src comp="40" pin="0"/><net_sink comp="127" pin=0"/></net>

<net id="139"><net_src comp="132" pin="1"/><net_sink comp="135" pin=0"/></net>

<net id="140"><net_src comp="42" pin="0"/><net_sink comp="135" pin=1"/></net>

<net id="145"><net_src comp="132" pin="1"/><net_sink comp="141" pin=0"/></net>

<net id="146"><net_src comp="48" pin="0"/><net_sink comp="141" pin=1"/></net>

<net id="151"><net_src comp="94" pin="4"/><net_sink comp="147" pin=0"/></net>

<net id="152"><net_src comp="56" pin="0"/><net_sink comp="147" pin=1"/></net>

<net id="157"><net_src comp="94" pin="4"/><net_sink comp="153" pin=0"/></net>

<net id="158"><net_src comp="60" pin="0"/><net_sink comp="153" pin=1"/></net>

<net id="164"><net_src comp="64" pin="0"/><net_sink comp="159" pin=0"/></net>

<net id="165"><net_src comp="94" pin="4"/><net_sink comp="159" pin=1"/></net>

<net id="166"><net_src comp="54" pin="0"/><net_sink comp="159" pin=2"/></net>

<net id="170"><net_src comp="159" pin="3"/><net_sink comp="167" pin=0"/></net>

<net id="176"><net_src comp="66" pin="0"/><net_sink comp="171" pin=0"/></net>

<net id="177"><net_src comp="94" pin="4"/><net_sink comp="171" pin=1"/></net>

<net id="178"><net_src comp="68" pin="0"/><net_sink comp="171" pin=2"/></net>

<net id="182"><net_src comp="171" pin="3"/><net_sink comp="179" pin=0"/></net>

<net id="187"><net_src comp="167" pin="1"/><net_sink comp="183" pin=0"/></net>

<net id="188"><net_src comp="179" pin="1"/><net_sink comp="183" pin=1"/></net>

<net id="192"><net_src comp="183" pin="2"/><net_sink comp="189" pin=0"/></net>

<net id="200"><net_src comp="105" pin="4"/><net_sink comp="197" pin=0"/></net>

<net id="205"><net_src comp="105" pin="4"/><net_sink comp="201" pin=0"/></net>

<net id="206"><net_src comp="56" pin="0"/><net_sink comp="201" pin=1"/></net>

<net id="211"><net_src comp="105" pin="4"/><net_sink comp="207" pin=0"/></net>

<net id="212"><net_src comp="60" pin="0"/><net_sink comp="207" pin=1"/></net>

<net id="217"><net_src comp="197" pin="1"/><net_sink comp="213" pin=1"/></net>

<net id="221"><net_src comp="213" pin="2"/><net_sink comp="218" pin=0"/></net>

<net id="226"><net_src comp="218" pin="1"/><net_sink comp="222" pin=0"/></net>

<net id="230"><net_src comp="76" pin="1"/><net_sink comp="227" pin=0"/></net>

<net id="231"><net_src comp="227" pin="1"/><net_sink comp="127" pin=1"/></net>

<net id="232"><net_src comp="227" pin="1"/><net_sink comp="132" pin=0"/></net>

<net id="233"><net_src comp="227" pin="1"/><net_sink comp="193" pin=1"/></net>

<net id="237"><net_src comp="84" pin="2"/><net_sink comp="234" pin=0"/></net>

<net id="238"><net_src comp="234" pin="1"/><net_sink comp="222" pin=1"/></net>

<net id="242"><net_src comp="80" pin="1"/><net_sink comp="239" pin=0"/></net>

<net id="243"><net_src comp="239" pin="1"/><net_sink comp="112" pin=3"/></net>

<net id="244"><net_src comp="239" pin="1"/><net_sink comp="120" pin=1"/></net>

<net id="251"><net_src comp="141" pin="2"/><net_sink comp="248" pin=0"/></net>

<net id="252"><net_src comp="248" pin="1"/><net_sink comp="193" pin=0"/></net>

<net id="259"><net_src comp="153" pin="2"/><net_sink comp="256" pin=0"/></net>

<net id="260"><net_src comp="256" pin="1"/><net_sink comp="94" pin=0"/></net>

<net id="264"><net_src comp="189" pin="1"/><net_sink comp="261" pin=0"/></net>

<net id="265"><net_src comp="261" pin="1"/><net_sink comp="213" pin=0"/></net>

<net id="272"><net_src comp="207" pin="2"/><net_sink comp="269" pin=0"/></net>

<net id="273"><net_src comp="269" pin="1"/><net_sink comp="105" pin=0"/></net>

<net id="277"><net_src comp="222" pin="2"/><net_sink comp="274" pin=0"/></net>

<net id="278"><net_src comp="274" pin="1"/><net_sink comp="112" pin=2"/></net>

</net_list>

</model> 
---------------- Datapath Model END ------------------

* FSMD analyzer results:
  - Output states:
	Port: Q | {}
	Port: out_w1 | {7 8 }
 - Input state : 
	Port: WeightTiledStreaming_3<17, 192, 192, 1, 1, 1, 1, 1, 1, ap_int<8> > : Q | {5 6 }
	Port: WeightTiledStreaming_3<17, 192, 192, 1, 1, 1, 1, 1, 1, ap_int<8> > : W_ddr_tile | {1 }
  - Chain level:
	State 1
		empty : 1
		specinterface_ln0 : 1
		store_ln1237 : 1
	State 2
		icmp_ln1237 : 1
		m_11 : 1
		br_ln1237 : 2
	State 3
		icmp_ln1238 : 1
		add_ln1238 : 1
		br_ln1238 : 2
		p_shl : 1
		p_shl_cast : 2
		p_shl1 : 1
		p_shl1_cast : 2
		empty_192 : 3
		sext_ln1239 : 4
	State 4
		zext_ln1239 : 1
		icmp_ln1239 : 1
		add_ln1239 : 1
		br_ln1239 : 2
		add_ln1243_6 : 2
		sext_ln1243 : 3
		add_ln1243 : 4
	State 5
	State 6
	State 7
	State 8


============================================================
+ Verbose Summary: Datapath Resource usage 
============================================================

* Functional unit list:
|----------|---------------------------------------------|---------|---------|---------|
| Operation|               Functional Unit               |  Delay  |    FF   |   LUT   |
|----------|---------------------------------------------|---------|---------|---------|
|   call   |   grp_burst_read_beats_1_ap_int_8_s_fu_112  |  0.387  |    16   |    9    |
|          | grp_packer_to_packs_1_1_1_ap_int_8_s_fu_120 |    0    |    85   |   237   |
|----------|---------------------------------------------|---------|---------|---------|
|          |                 m_11_fu_141                 |    0    |    0    |    12   |
|          |              add_ln1238_fu_153              |    0    |    0    |    15   |
|    add   |              add_ln1239_fu_207              |    0    |    0    |    15   |
|          |             add_ln1243_6_fu_213             |    0    |    0    |    24   |
|          |              add_ln1243_fu_222              |    0    |    0    |    71   |
|----------|---------------------------------------------|---------|---------|---------|
|          |              icmp_ln1237_fu_135             |    0    |    0    |    9    |
|   icmp   |              icmp_ln1238_fu_147             |    0    |    0    |    11   |
|          |              icmp_ln1239_fu_201             |    0    |    0    |    11   |
|----------|---------------------------------------------|---------|---------|---------|
|    sub   |               empty_192_fu_183              |    0    |    0    |    23   |
|----------|---------------------------------------------|---------|---------|---------|
|   read   |          W_ddr_tile_read_read_fu_84         |    0    |    0    |    0    |
|----------|---------------------------------------------|---------|---------|---------|
|bitconcatenate|                 p_shl_fu_159                |    0    |    0    |    0    |
|          |                p_shl1_fu_171                |    0    |    0    |    0    |
|----------|---------------------------------------------|---------|---------|---------|
|          |              p_shl_cast_fu_167              |    0    |    0    |    0    |
|   zext   |              p_shl1_cast_fu_179             |    0    |    0    |    0    |
|          |              zext_ln1239_fu_197             |    0    |    0    |    0    |
|----------|---------------------------------------------|---------|---------|---------|
|   sext   |              sext_ln1239_fu_189             |    0    |    0    |    0    |
|          |              sext_ln1243_fu_218             |    0    |    0    |    0    |
|----------|---------------------------------------------|---------|---------|---------|
|   Total  |                                             |  0.387  |   101   |   437   |
|----------|---------------------------------------------|---------|---------|---------|

Memories:
N/A

* Register list:
+-----------------------+--------+
|                       |   FF   |
+-----------------------+--------+
|W_ddr_tile_read_reg_234|   64   |
|   add_ln1238_reg_256  |    8   |
|   add_ln1239_reg_269  |    8   |
|   add_ln1243_reg_274  |   64   |
|  burst_reads_reg_239  |    8   |
|        k_reg_90       |    8   |
|      m_05_reg_227     |    5   |
|      m_11_reg_248     |    5   |
|     n_tile_reg_101    |    8   |
|  sext_ln1239_reg_261  |   18   |
+-----------------------+--------+
|         Total         |   196  |
+-----------------------+--------+

* Multiplexer (MUX) list: 
|--------|------|------|------|--------|
|  Comp  |  Pin | Size |  BW  | S x BW |
|--------|------|------|------|--------|
|  Total |      |      |      |    0   |
|--------|------|------|------|--------|



* Summary:
+-----------+--------+--------+--------+
|           |  Delay |   FF   |   LUT  |
+-----------+--------+--------+--------+
|  Function |    0   |   101  |   437  |
|   Memory  |    -   |    -   |    -   |
|Multiplexer|    -   |    -   |    -   |
|  Register |    -   |   196  |    -   |
+-----------+--------+--------+--------+
|   Total   |    0   |   297  |   437  |
+-----------+--------+--------+--------+
